[38;5;112m[Appium][0m Welcome to Appium v2.12.2
[38;5;112m[Appium][0m Non-default server args:
[38;5;112m[Appium][0m { basePath: [32m'/wd/hub'[39m, loglevel: [32m'info'[39m, port: [33m50455[39m }
[38;5;112m[Appium][0m Attempting to load driver uiautomator2...
[38;5;112m[Appium][0m Appium REST http interface listener started on http://0.0.0.0:50455/wd/hub
[38;5;112m[Appium][0m You can provide the following URLs in your client code to connect to this server:
	http://192.168.1.15:50455/wd/hub
	http://127.0.0.1:50455/wd/hub (only accessible from the same host)
[38;5;112m[Appium][0m Available drivers:
[38;5;112m[Appium][0m   - uiautomator2@3.9.1 (automationName 'UiAutomator2')
[38;5;112m[Appium][0m No plugins have been installed. Use the "appium plugin" command to install the one(s) you want to use.
[38;5;86m[HTTP][0m [37m-->[39m [37mGET[39m [37m/wd/hub/status[39m [90m{}[39m
[38;5;86m[HTTP][0m [37m<-- GET /wd/hub/status [39m[32m200[39m [90m7 ms - 111[39m [90m[39m
[38;5;86m[HTTP][0m [37m-->[39m [37mGET[39m [37m/wd/hub/status[39m [90m{}[39m
[38;5;86m[HTTP][0m [37m<-- GET /wd/hub/status [39m[32m200[39m [90m2 ms - 111[39m [90m[39m
[38;5;86m[HTTP][0m [37m-->[39m [37mPOST[39m [37m/wd/hub/session[39m [90m{"capabilities":{"firstMatch":[{"appium:appActivity":".Settings","appium:appPackage":"com.android.settings","appium:autoGrantPermissions":true,"appium:automationName":"uiautomator2","appium:deviceName":"realme RMX3263 (Android 11)","appium:newCommandTimeout":1800,"appium:platformName":"ANDROID","appium:platformVersion":"11","appium:systemPort":8281,"appium:udid":"1B06293410DA1LSB","platformName":"ANDROID"}]},"desiredCapabilities":{"appium:appActivity":".Settings","appium:appPackage":"com.android.settings","appium:autoGrantPermissions":true,"appium:automationName":"uiautomator2","appium:deviceName":"realme RMX3263 (Android 11)","appium:newCommandTimeout":1800,"appium:platformName":"ANDROID","appium:platformVersion":"11","appium:systemPort":8281,"appium:udid":"1B06293410DA1LSB"}}[39m
[38;5;123m[BaseDriver][0m Ignoring capability 'appium:platformName=ANDROID' and using capability 'platformName=ANDROID'
[38;5;123m[BaseDriver][0m The capabilities ["platformName"] are standard capabilities and do not require "appium:" prefix
[38;5;112m[Appium][0m Attempting to find matching driver for automationName 'uiautomator2' and platformName 'ANDROID'
[38;5;112m[Appium][0m The 'uiautomator2' driver was installed and matched caps.
[38;5;112m[Appium][0m Will require it at C:\Users\Hung\.appium\node_modules\appium-uiautomator2-driver
[38;5;84m[AppiumDriver@71fd][0m Appium v2.12.2 creating new AndroidUiautomator2Driver (v3.9.1) session
[38;5;84m[AppiumDriver@71fd][0m Checking BaseDriver versions for Appium and AndroidUiautomator2Driver
[38;5;84m[AppiumDriver@71fd][0m Appium's BaseDriver version is 9.12.2
[38;5;84m[AppiumDriver@71fd][0m AndroidUiautomator2Driver's BaseDriver version is 9.12.2
[38;5;152m[6cffc086][0m[38;5;-177m[AndroidUiautomator2Driver@8615][0m Session created with session id: 6cffc086-b2ab-46f2-9ad8-6547ac056d4b
[38;5;152m[6cffc086][0m[38;5;229m[ADB][0m Found 1 'build-tools' folders under 'C:\Users\Hung\.katalon\tools\android_sdk' (newest first):
[38;5;152m[6cffc086][0m[38;5;229m[ADB][0m     C:\Users\Hung\.katalon\tools\android_sdk\build-tools\29.0.3
[38;5;152m[6cffc086][0m[38;5;229m[ADB][0m Using 'adb.exe' from 'C:\Users\Hung\.katalon\tools\android_sdk\platform-tools\adb.exe'
[38;5;152m[6cffc086][0m[38;5;-177m[AndroidUiautomator2Driver@8615][0m Retrieving device list
[38;5;152m[6cffc086][0m[38;5;-177m[AndroidUiautomator2Driver@8615][0m Using device: 1B06293410DA1LSB
[38;5;152m[6cffc086][0m[38;5;229m[ADB][0m Using 'adb.exe' from 'C:\Users\Hung\.katalon\tools\android_sdk\platform-tools\adb.exe'
[38;5;152m[6cffc086][0m[38;5;-177m[AndroidUiautomator2Driver@8615][0m Starting 'com.android.settings' directly on the device
[38;5;152m[6cffc086][0m[38;5;229m[ADB][0m Getting device platform version
[38;5;152m[6cffc086][0m[38;5;-177m[AndroidUiautomator2Driver@8615][0m Relaxing hidden api policy
[38;5;152m[6cffc086][0m[38;5;-177m[AndroidUiautomator2Driver@8615][0m No app sent in, not parsing package/activity
[38;5;152m[6cffc086][0m[38;5;229m[ADB][0m Using 'aapt2.exe' from 'C:\Users\Hung\.katalon\tools\android_sdk\build-tools\29.0.3\aapt2.exe'
[38;5;152m[6cffc086][0m[38;5;-177m[AndroidUiautomator2Driver@8615][0m Server packages are going to be (re)installed
[38;5;152m[6cffc086][0m[38;5;229m[ADB][0m The application at 'C:\Users\Hung\.appium\node_modules\appium-uiautomator2-driver\node_modules\appium-uiautomator2-server\apks\appium-uiautomator2-server-v7.1.5.apk' will not be cached, because the device under test has confirmed the support of streamed installs
[38;5;152m[6cffc086][0m[38;5;229m[ADB][0m The application at 'C:\Users\Hung\.appium\node_modules\appium-uiautomator2-driver\node_modules\appium-uiautomator2-server\apks\appium-uiautomator2-server-debug-androidTest.apk' will not be cached, because the device under test has confirmed the support of streamed installs
[38;5;152m[6cffc086][0m[38;5;229m[ADB][0m The installation of 'appium-uiautomator2-server-debug-androidTest.apk' took 2056ms
[38;5;152m[6cffc086][0m[38;5;229m[ADB][0m The installation of 'appium-uiautomator2-server-v7.1.5.apk' took 2831ms
[38;5;152m[6cffc086][0m[38;5;229m[ADB][0m Adding packages ["io.appium.settings","io.appium.uiautomator2.server","io.appium.uiautomator2.server.test"] to Doze whitelist
[38;5;152m[6cffc086][0m[38;5;-177m[AndroidUiautomator2Driver@8615][0m Starting UIAutomator2 server 7.1.5
[38;5;152m[6cffc086][0m[38;5;-177m[AndroidUiautomator2Driver@8615][0m Using UIAutomator2 server from 'C:\Users\Hung\.appium\node_modules\appium-uiautomator2-driver\node_modules\appium-uiautomator2-server\apks\appium-uiautomator2-server-v7.1.5.apk' and test from 'C:\Users\Hung\.appium\node_modules\appium-uiautomator2-driver\node_modules\appium-uiautomator2-server\apks\appium-uiautomator2-server-debug-androidTest.apk'
[38;5;152m[6cffc086][0m[38;5;-177m[AndroidUiautomator2Driver@8615][0m Waiting up to 30000ms for UiAutomator2 to be online...
[38;5;152m[6cffc086][0m[38;5;-177m[AndroidUiautomator2Driver@8615][0m socket hang up
[38;5;152m[6cffc086][0m[38;5;-177m[AndroidUiautomator2Driver@8615][0m socket hang up
[38;5;152m[6cffc086][0m[38;5;-177m[AndroidUiautomator2Driver@8615][0m socket hang up
[38;5;152m[6cffc086][0m[38;5;-177m[AndroidUiautomator2Driver@8615][0m Determined the downstream protocol as 'W3C'
[38;5;152m[6cffc086][0m[38;5;-177m[AndroidUiautomator2Driver@8615][0m Screen already unlocked, doing nothing
[38;5;152m[6cffc086][0m[38;5;-177m[AndroidUiautomator2Driver@8615][0m Starting 'com.android.settings/.Settings and waiting for 'com.android.settings/.Settings'
[38;5;152m[6cffc086][0m[38;5;84m[AppiumDriver@71fd][0m New AndroidUiautomator2Driver session created successfully, session 6cffc086-b2ab-46f2-9ad8-6547ac056d4b added to master session list
[38;5;152m[6cffc086][0m[38;5;86m[HTTP][0m [37m<-- POST /wd/hub/session [39m[32m200[39m [90m11116 ms - 1097[39m [90m[39m
[38;5;86m[HTTP][0m [37m-->[39m [37mGET[39m [37m/wd/hub/status[39m [90m{}[39m
[38;5;86m[HTTP][0m [37m<-- GET /wd/hub/status [39m[32m200[39m [90m1 ms - 111[39m [90m[39m
[38;5;152m[6cffc086][0m[38;5;86m[HTTP][0m [37m-->[39m [37mPOST[39m [37m/wd/hub/session/6cffc086-b2ab-46f2-9ad8-6547ac056d4b/timeouts[39m [90m{"implicit":60000}[39m
[38;5;152m[6cffc086][0m[38;5;86m[HTTP][0m [37m<-- POST /wd/hub/session/6cffc086-b2ab-46f2-9ad8-6547ac056d4b/timeouts [39m[32m200[39m [90m4 ms - 14[39m [90m[39m
[38;5;152m[6cffc086][0m[38;5;86m[HTTP][0m [37m-->[39m [37mPOST[39m [37m/wd/hub/session/6cffc086-b2ab-46f2-9ad8-6547ac056d4b/execute/sync[39m [90m{"args":[],"script":"mobile: getSystemBars"}[39m
[38;5;152m[6cffc086][0m[38;5;-177m[AndroidUiautomator2Driver@8615][0m Executing native command 'mobile: getSystemBars'
[38;5;152m[6cffc086][0m[38;5;86m[HTTP][0m [37m<-- POST /wd/hub/session/6cffc086-b2ab-46f2-9ad8-6547ac056d4b/execute/sync [39m[32m200[39m [90m112 ms - 148[39m [90m[39m
[38;5;152m[6cffc086][0m[38;5;86m[HTTP][0m [37m-->[39m [37mPOST[39m [37m/wd/hub/session/6cffc086-b2ab-46f2-9ad8-6547ac056d4b/execute/sync[39m [90m{"args":[{"appId":"com.viettel.VTHome.dev","bundleId":"com.viettel.VTHome.dev"}],"script":"mobile: activateApp"}[39m
[38;5;152m[6cffc086][0m[38;5;-177m[AndroidUiautomator2Driver@8615][0m Executing native command 'mobile: activateApp'
[38;5;152m[6cffc086][0m[38;5;86m[HTTP][0m [37m<-- POST /wd/hub/session/6cffc086-b2ab-46f2-9ad8-6547ac056d4b/execute/sync [39m[32m200[39m [90m169 ms - 14[39m [90m[39m
[38;5;152m[6cffc086][0m[38;5;86m[HTTP][0m [37m-->[39m [37mGET[39m [37m/wd/hub/session/6cffc086-b2ab-46f2-9ad8-6547ac056d4b/source[39m [90m{}[39m
[38;5;152m[6cffc086][0m[38;5;-177m[AndroidUiautomator2Driver@8615][0m Driver proxy active, passing request on via HTTP proxy
[38;5;152m[6cffc086][0m[38;5;-177m[AndroidUiautomator2Driver@8615][0m Replacing sessionId ef41f123-04c5-45f0-a7db-6dac5a0bf1a4 with 6cffc086-b2ab-46f2-9ad8-6547ac056d4b
[38;5;152m[6cffc086][0m[38;5;86m[HTTP][0m [37m<-- GET /wd/hub/session/6cffc086-b2ab-46f2-9ad8-6547ac056d4b/source [39m[32m200[39m [90m799 ms - 25197[39m [90m[39m
[38;5;152m[6cffc086][0m[38;5;86m[HTTP][0m [37m-->[39m [37mGET[39m [37m/wd/hub/session/6cffc086-b2ab-46f2-9ad8-6547ac056d4b/screenshot[39m [90m{}[39m
[38;5;152m[6cffc086][0m[38;5;86m[HTTP][0m [37m<-- GET /wd/hub/session/6cffc086-b2ab-46f2-9ad8-6547ac056d4b/screenshot [39m[32m200[39m [90m659 ms - 745924[39m [90m[39m
[38;5;152m[6cffc086][0m[38;5;86m[HTTP][0m [37m-->[39m [37mGET[39m [37m/wd/hub/session/6cffc086-b2ab-46f2-9ad8-6547ac056d4b/source[39m [90m{}[39m
[38;5;152m[6cffc086][0m[38;5;-177m[AndroidUiautomator2Driver@8615][0m Driver proxy active, passing request on via HTTP proxy
[38;5;152m[6cffc086][0m[38;5;-177m[AndroidUiautomator2Driver@8615][0m Replacing sessionId ef41f123-04c5-45f0-a7db-6dac5a0bf1a4 with 6cffc086-b2ab-46f2-9ad8-6547ac056d4b
[38;5;152m[6cffc086][0m[38;5;86m[HTTP][0m [37m<-- GET /wd/hub/session/6cffc086-b2ab-46f2-9ad8-6547ac056d4b/source [39m[32m200[39m [90m97 ms - 11834[39m [90m[39m
[38;5;152m[6cffc086][0m[38;5;86m[HTTP][0m [37m-->[39m [37mGET[39m [37m/wd/hub/session/6cffc086-b2ab-46f2-9ad8-6547ac056d4b/screenshot[39m [90m{}[39m
[38;5;152m[6cffc086][0m[38;5;86m[HTTP][0m [37m<-- GET /wd/hub/session/6cffc086-b2ab-46f2-9ad8-6547ac056d4b/screenshot [39m[32m200[39m [90m320 ms - 75896[39m [90m[39m
