#
# There is insufficient memory for the Java Runtime Environment to continue.
# Native memory allocation (malloc) failed to allocate 32744 bytes for ChunkPool::allocate
# Possible reasons:
#   The system is out of physical RAM or swap space
#   The process is running with CompressedOops enabled, and the Java Heap may be blocking the growth of the native heap
# Possible solutions:
#   Reduce memory load on the system
#   Increase physical memory or swap space
#   Check if swap backing store is full
#   Decrease Java heap size (-Xmx/-Xms)
#   Decrease number of Java threads
#   Decrease Java thread stack sizes (-Xss)
#   Set larger code cache with -XX:ReservedCodeCacheSize=
#   JVM is running with Unscaled Compressed Oops mode in which the Java heap is
#     placed in the first 4GB address space. The Java Heap base address is the
#     maximum limit for the native heap growth. Please use -XX:HeapBaseMinAddress
#     to set the Java Heap base and to place the Java Heap above 4GB virtual address.
# This output file may be truncated or incomplete.
#
#  Out of Memory Error (arena.cpp:78), pid=18168, tid=1520
#
# JRE version: OpenJDK Runtime Environment Temurin-17.0.7+7 (17.0.7+7) (build 17.0.7+7)
# Java VM: OpenJDK 64-Bit Server VM Temurin-17.0.7+7 (17.0.7+7, mixed mode, tiered, compressed oops, compressed class ptrs, g1 gc, windows-amd64)
# No core dump will be written. Minidumps are not enabled by default on client versions of Windows
#

---------------  S U M M A R Y ------------

Command Line: -Dgroovy.home=C:\Users\Admin/.groovy -Djava.system.class.loader=groovy.lang.GroovyClassLoader -Xmx2048m -Dfile.encoding=UTF-8 -XX:+ShowCodeDetailsInExceptionMessages org.codehaus.groovy.tools.GroovyStarter --classpath C:\Users\Admin\Katalon Studio\FisrtProject\bin\keyword;C:\Users\Admin\Katalon Studio\FisrtProject\Keywords;C:\Users\Admin\Katalon Studio\FisrtProject\bin\listener;C:\Users\Admin\Katalon Studio\FisrtProject\Test Listeners;C:\Users\Admin\Katalon Studio\FisrtProject\bin\lib;C:\Users\Admin\Katalon Studio\FisrtProject\Libs;C:\Users\Admin\Katalon Studio\FisrtProject\bin\groovy;C:\Users\Admin\Katalon Studio\FisrtProject\Include\scripts\groovy;C:\Users\Admin\.katalon\packages\KS-9.7.2\plugins\com.kms.katalon.core_1.0.0.202409190502.jar;C:\Users\Admin\.katalon\packages\KS-9.7.2\configuration\resources\lib\aalto-xml-1.0.0.jar;C:\Users\Admin\.katalon\packages\KS-9.7.2\configuration\resources\lib\aspectjweaver-1.9.1.jar;C:\Users\Admin\.katalon\packages\KS-9.7.2\configuration\resources\lib\aws-2.20.3-fat.jar;C:\Users\Admin\.katalon\packages\KS-9.7.2\configuration\resources\lib\bcpkix-jdk15on-1.64.jar;C:\Users\Admin\.katalon\packages\KS-9.7.2\configuration\resources\lib\bcprov-jdk15on-1.64.jar;C:\Users\Admin\.katalon\packages\KS-9.7.2\configuration\resources\lib\browsermob-core-2.1.5.jar;C:\Users\Admin\.katalon\packages\KS-9.7.2\configuration\resources\lib\byte-buddy-1.14.3.jar;C:\Users\Admin\.katalon\packages\KS-9.7.2\configuration\resources\lib\byte-buddy-agent-1.14.3.jar;C:\Users\Admin\.katalon\packages\KS-9.7.2\configuration\resources\lib\cglib-3.2.10.jar;C:\Users\Admin\.katalon\packages\KS-9.7.2\configuration\resources\lib\commons-codec-1.10.jar;C:\Users\Admin\.katalon\packages\KS-9.7.2\configuration\resources\lib\commons-collections4-4.1.jar;C:\Users\Admin\.katalon\packages\KS-9.7.2\configuration\resources\lib\commons-validator-1.6.jar;C:\Users\Admin\.katalon\packages\KS-9.7.2\configuration\resources\lib\curvesapi-1.04.jar;C:\Users\Admin\.katalon\packages\KS-9.7.2\configuration\resources\lib\dnsjava-2.1.8.jar;C:\Users\Admin\.katalon\packages\KS-9.7.2\configuration\resources\lib\groovy-3.0.17-fat.jar;C:\Users\Admin\.katalon\packages\KS-9.7.2\configuration\resources\lib\jackson-coreutils-2.0.jar;C:\Users\Admin\.katalon\packages\KS-9.7.2\configuration\resources\lib\jackson-coreutils-equivalence-1.0.jar;C:\Users\Admin\.katalon\packages\KS-9.7.2\configuration\resources\lib\java-client-7.0.0.jar;C:\Users\Admin\.katalon\packages\KS-9.7.2\configuration\resources\lib\javax.servlet-api_3.1.0.jar;C:\Users\Admin\.katalon\packages\KS-9.7.2\configuration\resources\lib\jna-5.12.1.jar;C:\Users\Admin\.katalon\packages\KS-9.7.2\configuration\resources\lib\jna-platform-5.12.1.jar;C:\Users\Admin\.katalon\packages\KS-9.7.2\configuration\resources\lib\json-schema-core-1.2.14.jar;C:\Users\Admin\.katalon\packages\KS-9.7.2\configuration\resources\lib\json-schema-validator-2.2.14.jar;C:\Users\Admin\.katalon\packages\KS-9.7.2\configuration\resources\lib\jzlib-1.1.3.jar;C:\Users\Admin\.katalon\packages\KS-9.7.2\configuration\resources\lib\kat-server.jar;C:\Users\Admin\.katalon\packages\KS-9.7.2\configuration\resources\lib\littleproxy-1.1.0-beta-bmp-17.jar;C:\Users\Admin\.katalon\packages\KS-9.7.2\configuration\resources\lib\log4j-1.2-api-2.17.1.jar;C:\Users\Admin\.katalon\packages\KS-9.7.2\configuration\resources\lib\log4j-api-2.17.1.jar;C:\Users\Admin\.katalon\packages\KS-9.7.2\configuration\resources\lib\log4j-core-2.17.1.jar;C:\Users\Admin\.katalon\packages\KS-9.7.2\configuration\resources\lib\mitm-2.1.5.jar;C:\Users\Admin\.katalon\packages\KS-9.7.2\configuration\resources\lib\mockito-core-5.2.0.jar;C:\Users\Admin\.katalon\packages\KS-9.7.2\configuration\resources\lib\mockito-inline-5.2.0.jar;C:\Users\Admin\.katalon\packages\KS-9.7.2\configuration\resources\lib\netty-all-4.1.109.Final.jar;C:\Users\Admin\.katalon\packages\KS-9.7.2\configuration\resources\lib\objenesis-3.3.jar;C:\Users\Admin\.katalon\packages\KS-9.7.2\configuration\resources\lib\poi-3.17.jar;C:\Users\Admin\.katalon\packages\KS-9.7.2\configuration\resources\lib\poi-ooxml-3.17.jar;C:\Users\Admin\.katalon\packages\KS-9.7.2\configuration\resources\lib\poi-ooxml-schemas-3.17.jar;C:\Users\Admin\.katalon\packages\KS-9.7.2\configuration\resources\lib\proxy-vole-1.0.4-SNAPSHOT-jar-with-dependencies.jar;C:\Users\Admin\.katalon\packages\KS-9.7.2\configuration\resources\lib\repackaged-sikuli-api-1.0.2-standalone.jar;C:\Users\Admin\.katalon\packages\KS-9.7.2\configuration\resources\lib\selenium-leg-rc-3.141.59.jar;C:\Users\Admin\.katalon\packages\KS-9.7.2\configuration\resources\lib\selenium-server-standalone-3.141.59.jar;C:\Users\Admin\.katalon\packages\KS-9.7.2\configuration\resources\lib\selenium-shutterbug-1.1.jar;C:\Users\Admin\.katalon\packages\KS-9.7.2\configuration\resources\lib\slf4j-api-1.7.25.jar;C:\Users\Admin\.katalon\packages\KS-9.7.2\configuration\resources\lib\soap-builder-1.0.0.jar;C:\Users\Admin\.katalon\packages\KS-9.7.2\configuration\resources\lib\soap-common-1.0.0.jar;C:\Users\Admin\.katalon\packages\KS-9.7.2\configuration\resources\lib\soap-legacy-1.0.0.jar;C:\Users\Admin\.katalon\packages\KS-9.7.2\configuration\resources\lib\spring-context-5.3.19.jar;C:\Users\Admin\.katalon\packages\KS-9.7.2\configuration\resources\lib\stax2-api-4.0.0.jar;C:\Users\Admin\.katalon\packages\KS-9.7.2\configuration\resources\lib\su.jar;C:\Users\Admin\.katalon\packages\KS-9.7.2\configuration\resources\lib\swagger-parser-1.0.67-fat.jar;C:\Users\Admin\.katalon\packages\KS-9.7.2\configuration\resources\lib\testng-7.8.0.jar;C:\Users\Admin\.katalon\packages\KS-9.7.2\configuration\resources\lib\uri-template-0.1.jar;C:\Users\Admin\.katalon\packages\KS-9.7.2\configuration\resources\lib\wadl.jar;C:\Users\Admin\.katalon\packages\KS-9.7.2\configuration\resources\lib\xmlbeans-3.1.0.jar;C:\Users\Admin\.katalon\packages\KS-9.7.2\plugins\net.sf.supercsv.super-csv_2.1.0.jar;C:\Users\Admin\.katalon\packages\KS-9.7.2\plugins\org.apache.commons.io_2.4.0.jar;C:\Users\Admin\.katalon\packages\KS-9.7.2\plugins\org.apache.commons.lang_2.6.0.jar;C:\Users\Admin\.katalon\packages\KS-9.7.2\plugins\com.google.gson_2.10.1.v20230109-0753.jar;C:\Users\Admin\.katalon\packages\KS-9.7.2\plugins\org.jsoup_1.14.3.jar;C:\Users\Admin\.katalon\packages\KS-9.7.2\plugins\org.apache.commons.dbutils_1.6.0.jar;C:\Users\Admin\.katalon\packages\KS-9.7.2\plugins\com.oracle.jdbc.ojdbc7_12.1.0.2.jar;C:\Users\Admin\.katalon\packages\KS-9.7.2\plugins\org.postgresql.jdbc_42.7.3.jar;c:\Users\Admin\.katalon\packages\KS-9.7.2\plugins\org.eclipse.osgi_3.18.300.v20230220-1352.jar;C:\Users\Admin\.katalon\packages\KS-9.7.2\plugins\com.kms.katalon.constant_1.0.0.202409190502.jar;C:\Users\Admin\.katalon\packages\KS-9.7.2\plugins\org.eclipse.persistence.eclipselink_2.7.11.jar;C:\Users\Admin\.katalon\packages\KS-9.7.2\plugins\com.kms.katalon.selenium-standalone_1.0.0.202409190502.jar;C:\Users\Admin\.katalon\packages\KS-9.7.2\plugins\atu.testrecorder.screen-recorder_2.1.0.jar;C:\Users\Admin\.katalon\packages\KS-9.7.2\plugins\com.google.guava_32.0.0.jre.jar;C:\Users\Admin\.katalon\packages\KS-9.7.2\plugins\com.kms.katalon.util_1.0.0.202409190502.jar;C:\Users\Admin\.katalon\packages\KS-9.7.2\plugins\org.apache.httpcomponents.httpclient_4.5.14.v20221207-1049.jar;C:\Users\Admin\.katalon\packages\KS-9.7.2\plugins\org.apache.httpcomponents.httpcore_4.4.16.v20221207-1049.jar;C:\Users\Admin\.katalon\packages\KS-9.7.2\plugins\org.apache.httpcomponents.httpmime_4.5.13.jar;C:\Users\Admin\.katalon\packages\KS-9.7.2\plugins\org.apache.commons.lang3_3.14.0.jar;C:\Users\Admin\.katalon\packages\KS-9.7.2\plugins\org.greenrobot.eventbus_3.1.1.jar;C:\Users\Admin\.katalon\packages\KS-9.7.2\plugins\net.bytebuddy.byte-buddy_1.14.15.jar;C:\Users\Admin\.katalon\packages\KS-9.7.2\plugins\org.junit_4.13.2.v20211018-1956.jar;C:\Users\Admin\.katalon\packages\KS-9.7.2\plugins\com.fasterxml.jackson.core.jackson-databind_2.17.1.jar;C:\Users\Admin\.katalon\packages\KS-9.7.2\plugins\com.fasterxml.jackson.core.jackson-core_2.17.1.jar;C:\Users\Admin\.katalon\packages\KS-9.7.2\plugins\com.fasterxml.jackson.core.jackson-annotations_2.17.1.jar;C:\Users\Admin\.katalon\packages\KS-9.7.2\plugins\ch.qos.logback.classic_1.2.13.jar;C:\Users\Admin\.katalon\packages\KS-9.7.2\plugins\ch.qos.logback.core_1.2.13.jar;C:\Users\Admin\.katalon\packages\KS-9.7.2\plugins\slf4j.api_1.7.36.jar;C:\Users\Admin\.katalon\packages\KS-9.7.2\plugins\org.fusesource.jansi_1.17.1.jar;C:\Users\Admin\.katalon\packages\KS-9.7.2\plugins\com.kms.katalon.netlightbody_1.0.0.202409190502.jar;C:\Users\Admin\.katalon\packages\KS-9.7.2\plugins\com.kms.katalon.poi_1.0.0.202409190502.jar;C:\Users\Admin\.katalon\packages\KS-9.7.2\plugins\org.apache.commons.commons-text_1.10.0.jar;C:\Users\Admin\.katalon\packages\KS-9.7.2\plugins\com.kms.katalon.proxyvole_1.0.0.202409190502.jar;C:\Users\Admin\.katalon\packages\KS-9.7.2\plugins\com.microsoft.sqlserver.mssql-jdbc_6.2.2.jre8.jar;C:\Users\Admin\.katalon\packages\KS-9.7.2\plugins\com.github.kklisura.cdt.java-client_2.1.0.jar;C:\Users\Admin\.katalon\packages\KS-9.7.2\plugins\javax.websocket-api_1.1.0.jar;C:\Users\Admin\.katalon\packages\KS-9.7.2\plugins\org.glassfish.tyrus.container-grizzly-client_1.13.1.jar;C:\Users\Admin\.katalon\packages\KS-9.7.2\plugins\org.glassfish.grizzly.http-server_2.3.25.jar;C:\Users\Admin\.katalon\packages\KS-9.7.2\plugins\org.glassfish.grizzly.framework_2.3.25.jar;C:\Users\Admin\.katalon\packages\KS-9.7.2\plugins\org.glassfish.grizzly.http_2.3.25.jar;C:\Users\Admin\.katalon\packages\KS-9.7.2\plugins\org.glassfish.tyrus.client_1.13.1.jar;C:\Users\Admin\.katalon\packages\KS-9.7.2\plugins\org.glassfish.tyrus.core_1.13.1.jar;C:\Users\Admin\.katalon\packages\KS-9.7.2\plugins\org.glassfish.tyrus.spi_1.13.1.jar;C:\Users\Admin\.katalon\packages\KS-9.7.2\plugins\javassist_3.28.0.GA.jar;C:\Users\Admin\.katalon\packages\KS-9.7.2\plugins\graphql-java_17.5.0.jar;C:\Users\Admin\.katalon\packages\KS-9.7.2\plugins\org.glassfish.jaxb.runtime_2.3.6.jar;C:\Users\Admin\.katalon\packages\KS-9.7.2\plugins\org.glassfish.jaxb.txw2_2.3.6.jar;C:\Users\Admin\.katalon\packages\KS-9.7.2\plugins\org.dom4j_2.1.4.jar;C:\Users\Admin\.katalon\packages\KS-9.7.2\plugins\com.kms.katalon.groovy-extended_1.0.0.202409190502.jar;C:\Users\Admin\.katalon\packages\KS-9.7.2\plugins\com.sun.activation.javax.activation_1.2.0.jar;C:\Users\Admin\.katalon\packages\KS-9.7.2\plugins\jakarta.xml.bind-api_2.3.3.jar;C:\Users\Admin\.katalon\packages\KS-9.7.2\plugins\com.sun.xml.bind.jaxb-impl_2.3.6.jar;C:\Users\Admin\.katalon\packages\KS-9.7.2\plugins\org.eclipse.jface_3.29.0.v20230214-1401.jar;C:\Users\Admin\.katalon\packages\KS-9.7.2\plugins\com.kms.katalon.logging_1.0.0.202409190502.jar;C:\Users\Admin\.katalon\packages\KS-9.7.2\plugins\json_20240303.0.0.jar;C:\Users\Admin\.katalon\packages\KS-9.7.2\plugins\assertj-core_3.25.3.jar;C:\Users\Admin\.katalon\packages\KS-9.7.2\plugins\com.networknt.json-schema-validator_1.0.66.jar;C:\Users\Admin\.katalon\packages\KS-9.7.2\plugins\com.kms.katalon.network.apache_1.0.0.202409190502.jar;C:\Users\Admin\.katalon\packages\KS-9.7.2\plugins\org.apache.commons.logging_1.2.0.v20180409-1502.jar;C:\Users\Admin\.katalon\packages\KS-9.7.2\plugins\org.hamcrest.core_1.3.0.v20180420-1519.jar;C:\Users\Admin\.katalon\packages\KS-9.7.2\plugins\org.beanshell.bsh_2.0.0.0b4.jar;C:\Users\Admin\.katalon\packages\KS-9.7.2\plugins\org.apache.ant.launcher_1.9.6.jar;C:\Users\Admin\.katalon\packages\KS-9.7.2\plugins\com.kms.katalon.core.appium_1.0.0.202409190502.jar;C:\Users\Admin\.katalon\packages\KS-9.7.2\plugins\com.kms.katalon.api_1.0.0.202409190502.jar;C:\Users\Admin\.katalon\packages\KS-9.7.2\plugins\org.eclipse.equinox.common_3.17.100.v20230202-1341.jar;C:\Users\Admin\.katalon\packages\KS-9.7.2\plugins\com.kms.katalon.platform.core_1.0.0.202409190502.jar;C:\Users\Admin\.katalon\packages\KS-9.7.2\plugins\com.kms.katalon.common_1.0.0.202409190502.jar;C:\Users\Admin\.katalon\packages\KS-9.7.2\plugins\com.kms.katalon.session.core_1.0.0.202409190502.jar;C:\Users\Admin\.katalon\packages\KS-9.7.2\plugins\org.eclipse.e4.core.contexts_1.11.0.v20220716-0839.jar;C:\Users\Admin\.katalon\packages\KS-9.7.2\plugins\javax.inject_1.0.0.v20220405-0441.jar;C:\Users\Admin\.katalon\packages\KS-9.7.2\plugins\org.eclipse.e4.core.di_1.8.300.v20220817-1539.jar;C:\Users\Admin\.katalon\packages\KS-9.7.2\plugins\com.kms.katalon.network.core_1.0.0.202409190502.jar;C:\Users\Admin\.katalon\packages\KS-9.7.2\plugins\com.kms.katalon.execution.core_1.0.0.202409190502.jar;C:\Users\Admin\.katalon\packages\KS-9.7.2\plugins\org.eclipse.equinox.registry_3.11.200.v20220817-1601.jar;C:\Users\Admin\.katalon\packages\KS-9.7.2\plugins\dev.failsafe_3.3.2.jar;C:\Users\Admin\.katalon\packages\KS-9.7.2\plugins\com.fasterxml.jackson.datatype.jackson-datatype-jsr310_2.17.1.jar;C:\Users\Admin\.katalon\packages\KS-9.7.2\plugins\org.eclipse.e4.core.di.annotations_1.7.200.v20220613-1008.jar;C:\Users\Admin\.katalon\packages\KS-9.7.2\plugins\com.kms.katalon.core.webui_1.0.0.202409190502.jar;C:\Users\Admin\.katalon\packages\KS-9.7.2\plugins\org.eclipse.e4.core.services_2.3.400.v20220915-1347.jar;C:\Users\Admin\.katalon\packages\KS-9.7.2\plugins\com.kms.katalon.core.mobile_1.0.0.202409190502.jar;C:\Users\Admin\.katalon\packages\KS-9.7.2\plugins\org.apache.commons.commons-validator_1.7.0.jar;C:\Users\Admin\.katalon\packages\KS-9.7.2\plugins\com.kms.katalon.core.cucumber_1.0.0.202409190502.jar;C:\Users\Admin\.katalon\packages\KS-9.7.2\plugins\io.cucumber.core_3.0.3.jar;C:\Users\Admin\.katalon\packages\KS-9.7.2\plugins\io.cucumber.datatable_1.1.15.jar;C:\Users\Admin\.katalon\packages\KS-9.7.2\plugins\io.cucumber.datatable-dependencies_1.1.15.jar;C:\Users\Admin\.katalon\packages\KS-9.7.2\plugins\io.cucumber.expressions_5.0.19.jar;C:\Users\Admin\.katalon\packages\KS-9.7.2\plugins\io.cucumber.gherkin_5.0.0.jar;C:\Users\Admin\.katalon\packages\KS-9.7.2\plugins\io.cucumber.html_0.2.7.jar;C:\Users\Admin\.katalon\packages\KS-9.7.2\plugins\io.cucumber.java_3.0.3.jar;C:\Users\Admin\.katalon\packages\KS-9.7.2\plugins\io.cucumber.tag-expressions_1.1.1.jar;C:\Users\Admin\.katalon\packages\KS-9.7.2\plugins\io.cucumber.junit_3.0.3.jar;C:\Users\Admin\.katalon\packages\KS-9.7.2\plugins\com.kms.katalon.core.webservice_1.0.0.202409190502.jar;C:\Users\Admin\.katalon\packages\KS-9.7.2\plugins\wsdl4j_1.6.2.jar;C:\Users\Admin\.katalon\packages\KS-9.7.2\plugins\com.google.oauth-client.google-oauth-client_1.22.0.jar;C:\Users\Admin\.katalon\packages\KS-9.7.2\plugins\com.google.http-client.google-http-client_1.22.0.jar;C:\Users\Admin\.katalon\packages\KS-9.7.2\plugins\ca.juliusdavies.not-yet-commons-ssl_0.3.11.jar;C:\Users\Admin\.katalon\packages\KS-9.7.2\plugins\com.kms.katalon.preferences_1.0.0.202409190502.jar;C:\Users\Admin\.katalon\packages\KS-9.7.2\plugins\org.apache.xmlbeans_3.1.0.jar;C:\Users\Admin\.katalon\packages\KS-9.7.2\plugins\com.kms.katalon.entity_1.0.0.202409190502.jar;C:\Users\Admin\.katalon\packages\KS-9.7.2\plugins\org.antlr.antlr4-runtime_4.9.2.jar;C:\Users\Admin\.katalon\packages\KS-9.7.2\plugins\jakarta.xml.ws-api_2.3.3.jar;C:\Users\Admin\.katalon\packages\KS-9.7.2\plugins\javax.xml.soap-api_1.4.0.jar;C:\Users\Admin\.katalon\packages\KS-9.7.2\plugins\com.atlassian.oai.swagger-request-validator-core_2.38.0.jar;C:\Users\Admin\.katalon\packages\KS-9.7.2\plugins\io.swagger.compat-spec-parser_1.0.67.jar;C:\Users\Admin\.katalon\packages\KS-9.7.2\plugins\io.swagger.core.v3.swagger-annotations_2.2.14.jar;C:\Users\Admin\.katalon\packages\KS-9.7.2\plugins\io.swagger.core.v3.swagger-core_2.2.14.jar;C:\Users\Admin\.katalon\packages\KS-9.7.2\plugins\io.swagger.core.v3.swagger-models_2.2.14.jar;C:\Users\Admin\.katalon\packages\KS-9.7.2\plugins\io.swagger.parser.v3.swagger-parser-core_2.1.16.jar;C:\Users\Admin\.katalon\packages\KS-9.7.2\plugins\io.swagger.parser.v3.swagger-parser-v2-converter_2.1.16.jar;C:\Users\Admin\.katalon\packages\KS-9.7.2\plugins\com.github.java-json-tools.btf_1.3.0.jar;C:\Users\Admin\.katalon\packages\KS-9.7.2\plugins\com.fasterxml.jackson.dataformat.jackson-dataformat-yaml_2.17.1.jar;C:\Users\Admin\.katalon\packages\KS-9.7.2\plugins\org.yaml.snakeyaml_2.2.0.jar;C:\Users\Admin\.katalon\packages\KS-9.7.2\plugins\com.github.java-json-tools.msg-simple_1.2.0.jar;C:\Users\Admin\.katalon\packages\KS-9.7.2\plugins\jackson-core-asl_1.9.13.jar;C:\Users\Admin\.katalon\packages\KS-9.7.2\plugins\joda-time_2.10.5.jar;C:\Users\Admin\.katalon\packages\KS-9.7.2\plugins\javax.mail-api_1.6.2.jar;C:\Users\Admin\.katalon\packages\KS-9.7.2\plugins\com.googlecode.libphonenumber_8.11.1.jar;C:\Users\Admin\.katalon\packages\KS-9.7.2\plugins\com.google.guava.failureaccess_1.0.1.jar;C:\Users\Admin\.katalon\packages\KS-9.7.2\plugins\io.swagger.parser.v3.swagger-parser_2.1.16.jar;C:\Users\Admin\.katalon\packages\KS-9.7.2\plugins\io.swagger.parser.v3.swagger-parser-v3_2.1.16.jar;C:\Users\Admin\.katalon\packages\KS-9.7.2\plugins\io.swagger.parser_1.0.67.jar;C:\Users\Admin\.katalon\packages\KS-9.7.2\plugins\com.kms.katalon.core.windows_1.0.0.202409190502.jar;C:\Users\Admin\.katalon\packages\KS-9.7.2\plugins\com.kms.katalon.core.testng_1.0.0.202409190502.jar;C:\Users\Admin\.katalon\packages\KS-9.7.2\configuration\org.eclipse.osgi\33\0\.cp\resources\basic-report\katalon-studio-report-plugin.jar;C:\Users\Admin\.katalon\packages\KS-9.7.2\plugins\org.codehaus.groovy_3.0.17.v202303311542-e2303\lib\groovy-3.0.17-indy.jar;C:\Users\Admin\.katalon\packages\KS-9.7.2\plugins\org.codehaus.groovy_3.0.17.v202303311542-e2303\lib\ivy-2.5.1.jar --main groovy.ui.GroovyMain --encoding UTF-8 --indy C:\Users\Admin\Katalon Studio\FisrtProject\Libs\TempTestCase1734085476232.groovy

Host: Intel(R) Core(TM) i7-7500U CPU @ 2.70GHz, 4 cores, 7G,  Windows 10 , 64 bit Build 17763 (10.0.17763.6292)
Time: Fri Dec 13 17:25:09 2024 SE Asia Standard Time elapsed time: 31.331284 seconds (0d 0h 0m 31s)

---------------  T H R E A D  ---------------

Current thread (0x000001d397056c20):  JavaThread "C2 CompilerThread0" daemon [_thread_in_native, id=1520, stack(0x000000c5f1c00000,0x000000c5f1d00000)]


Current CompileTask:
C2:  31331 5288       4       jdk.internal.org.objectweb.asm.Frame::execute (2305 bytes)

Stack: [0x000000c5f1c00000,0x000000c5f1d00000]
Native frames: (J=compiled Java code, j=interpreted, Vv=VM code, C=native code)
V  [jvm.dll+0x67754a]
V  [jvm.dll+0x834304]
V  [jvm.dll+0x835aae]
V  [jvm.dll+0x836113]
V  [jvm.dll+0x24696f]
V  [jvm.dll+0xac2cc]
V  [jvm.dll+0xac67c]
V  [jvm.dll+0x7f8e42]
V  [jvm.dll+0x7fa4b9]
V  [jvm.dll+0x3462c2]
V  [jvm.dll+0x349781]
V  [jvm.dll+0x3477ea]
V  [jvm.dll+0x6920b8]
V  [jvm.dll+0x68f87e]
V  [jvm.dll+0x68794b]
V  [jvm.dll+0x686f87]
V  [jvm.dll+0x684e82]
V  [jvm.dll+0x1a7fdc]
V  [jvm.dll+0x1a8ba6]
V  [jvm.dll+0x2ace54]
V  [jvm.dll+0x68f857]
V  [jvm.dll+0x68794b]
V  [jvm.dll+0x686f87]
V  [jvm.dll+0x684e82]
V  [jvm.dll+0x1a7fdc]
V  [jvm.dll+0x1a8ba6]
V  [jvm.dll+0x2ace54]
V  [jvm.dll+0x68f857]
V  [jvm.dll+0x68794b]
V  [jvm.dll+0x686f87]
V  [jvm.dll+0x684e82]
V  [jvm.dll+0x1a7fdc]
V  [jvm.dll+0x1a8ba6]
V  [jvm.dll+0x2ace54]
V  [jvm.dll+0x68f857]
V  [jvm.dll+0x68794b]
V  [jvm.dll+0x686f87]
V  [jvm.dll+0x684e82]
V  [jvm.dll+0x1a7fdc]
V  [jvm.dll+0x218628]
V  [jvm.dll+0x1a4d8d]
V  [jvm.dll+0x2284da]
V  [jvm.dll+0x226615]
V  [jvm.dll+0x7ea90b]
V  [jvm.dll+0x7e4e7a]
V  [jvm.dll+0x676395]
C  [ucrtbase.dll+0x2268a]
C  [KERNEL32.DLL+0x17ac4]
C  [ntdll.dll+0x5a8c1]


---------------  P R O C E S S  ---------------

Threads class SMR info:
_java_thread_list=0x000001d399b85060, length=20, elements={
0x000001d3f9832f10, 0x000001d397033620, 0x000001d3970348a0, 0x000001d3fffe4fc0,
0x000001d3fffe5c40, 0x000001d3fffe6500, 0x000001d397056030, 0x000001d397056c20,
0x000001d3970bcc10, 0x000001d3970c1d00, 0x000001d397309010, 0x000001d397da43b0,
0x000001d397f077a0, 0x000001d398d68030, 0x000001d399956250, 0x000001d3982babe0,
0x000001d39a931690, 0x000001d39a9359f0, 0x000001d39a9341e0, 0x000001d39b384a60
}

Java Threads: ( => current thread )
  0x000001d3f9832f10 JavaThread "Forwarding getSession on session fd98db5f-901d-45cf-97bb-55d0a23b02a9 to remote" [_thread_in_native, id=16140, stack(0x000000c5f0f00000,0x000000c5f1000000)]
  0x000001d397033620 JavaThread "Reference Handler" daemon [_thread_blocked, id=6976, stack(0x000000c5f1600000,0x000000c5f1700000)]
  0x000001d3970348a0 JavaThread "Finalizer" daemon [_thread_blocked, id=10116, stack(0x000000c5f1700000,0x000000c5f1800000)]
  0x000001d3fffe4fc0 JavaThread "Signal Dispatcher" daemon [_thread_blocked, id=10400, stack(0x000000c5f1800000,0x000000c5f1900000)]
  0x000001d3fffe5c40 JavaThread "Attach Listener" daemon [_thread_blocked, id=3928, stack(0x000000c5f1900000,0x000000c5f1a00000)]
  0x000001d3fffe6500 JavaThread "Service Thread" daemon [_thread_blocked, id=17592, stack(0x000000c5f1a00000,0x000000c5f1b00000)]
  0x000001d397056030 JavaThread "Monitor Deflation Thread" daemon [_thread_blocked, id=14440, stack(0x000000c5f1b00000,0x000000c5f1c00000)]
=>0x000001d397056c20 JavaThread "C2 CompilerThread0" daemon [_thread_in_native, id=1520, stack(0x000000c5f1c00000,0x000000c5f1d00000)]
  0x000001d3970bcc10 JavaThread "C1 CompilerThread0" daemon [_thread_in_native, id=12732, stack(0x000000c5f1d00000,0x000000c5f1e00000)]
  0x000001d3970c1d00 JavaThread "Sweeper thread" daemon [_thread_blocked, id=16228, stack(0x000000c5f1e00000,0x000000c5f1f00000)]
  0x000001d397309010 JavaThread "Common-Cleaner" daemon [_thread_blocked, id=12784, stack(0x000000c5f1f00000,0x000000c5f2000000)]
  0x000001d397da43b0 JavaThread "Notification Thread" daemon [_thread_blocked, id=8172, stack(0x000000c5f2400000,0x000000c5f2500000)]
  0x000001d397f077a0 JavaThread "Thread-0" [_thread_blocked, id=8872, stack(0x000000c5f2100000,0x000000c5f2200000)]
  0x000001d398d68030 JavaThread "UrlChecker-2" daemon [_thread_blocked, id=3432, stack(0x000000c5f2700000,0x000000c5f2800000)]
  0x000001d399956250 JavaThread "ForkJoinPool.commonPool-worker-1" daemon [_thread_blocked, id=2208, stack(0x000000c5f2b00000,0x000000c5f2c00000)]
  0x000001d3982babe0 JavaThread "ForkJoinPool.commonPool-worker-2" daemon [_thread_blocked, id=6312, stack(0x000000c5f2c00000,0x000000c5f2d00000)]
  0x000001d39a931690 JavaThread "ForkJoinPool.commonPool-worker-3" daemon [_thread_blocked, id=13588, stack(0x000000c5f2d00000,0x000000c5f2e00000)]
  0x000001d39a9359f0 JavaThread "OkHttp ConnectionPool" daemon [_thread_blocked, id=12552, stack(0x000000c5f2e00000,0x000000c5f2f00000)]
  0x000001d39a9341e0 JavaThread "Okio Watchdog" daemon [_thread_blocked, id=17020, stack(0x000000c5f2f00000,0x000000c5f3000000)]
  0x000001d39b384a60 JavaThread "C2 CompilerThread1" daemon [_thread_in_native, id=17360, stack(0x000000c5f2900000,0x000000c5f2a00000)]

Other Threads:
  0x000001d39701f880 VMThread "VM Thread" [stack: 0x000000c5f1500000,0x000000c5f1600000] [id=15080]
  0x000001d3f9833b70 WatcherThread [stack: 0x000000c5f2500000,0x000000c5f2600000] [id=14948]
  0x000001d3f988cc80 GCTaskThread "GC Thread#0" [stack: 0x000000c5f1000000,0x000000c5f1100000] [id=14216]
  0x000001d3977d9940 GCTaskThread "GC Thread#1" [stack: 0x000000c5f2200000,0x000000c5f2300000] [id=15796]
  0x000001d3977d5fc0 GCTaskThread "GC Thread#2" [stack: 0x000000c5f2300000,0x000000c5f2400000] [id=12268]
  0x000001d398a30cd0 GCTaskThread "GC Thread#3" [stack: 0x000000c5f2600000,0x000000c5f2700000] [id=10780]
  0x000001d3f989eae0 ConcurrentGCThread "G1 Main Marker" [stack: 0x000000c5f1100000,0x000000c5f1200000] [id=9616]
  0x000001d3f98a0100 ConcurrentGCThread "G1 Conc#0" [stack: 0x000000c5f1200000,0x000000c5f1300000] [id=10740]
  0x000001d3ffe46140 ConcurrentGCThread "G1 Refine#0" [stack: 0x000000c5f1300000,0x000000c5f1400000] [id=17884]
  0x000001d3ffe47770 ConcurrentGCThread "G1 Service" [stack: 0x000000c5f1400000,0x000000c5f1500000] [id=13556]

Threads with active compile tasks:
C2 CompilerThread0    31410 5288       4       jdk.internal.org.objectweb.asm.Frame::execute (2305 bytes)
C1 CompilerThread0    31410 5297   !   3       java.util.concurrent.ConcurrentHashMap::putVal (432 bytes)
C2 CompilerThread1    31410 5266       4       jdk.internal.org.objectweb.asm.SymbolTable::addType (81 bytes)

VM state: not at safepoint (normal execution)

VM Mutex/Monitor currently owned by a thread: None

Heap address: 0x0000000080000000, size: 2048 MB, Compressed Oops mode: 32-bit

CDS archive(s) not mapped
Compressed class space mapped at: 0x0000000100000000-0x0000000140000000, reserved size: 1073741824
Narrow klass base: 0x0000000000000000, Narrow klass shift: 3, Narrow klass range: 0x140000000

GC Precious Log:
 CPUs: 4 total, 4 available
 Memory: 8090M
 Large Page Support: Disabled
 NUMA Support: Disabled
 Compressed Oops: Enabled (32-bit)
 Heap Region Size: 1M
 Heap Min Capacity: 8M
 Heap Initial Capacity: 128M
 Heap Max Capacity: 2G
 Pre-touch: Disabled
 Parallel Workers: 4
 Concurrent Workers: 1
 Concurrent Refinement Workers: 4
 Periodic GC: Disabled

Heap:
 garbage-first heap   total 116736K, used 61540K [0x0000000080000000, 0x0000000100000000)
  region size 1024K, 37 young (37888K), 8 survivors (8192K)
 Metaspace       used 40819K, committed 41408K, reserved 1114112K
  class space    used 4507K, committed 4736K, reserved 1048576K

Heap Regions: E=young(eden), S=young(survivor), O=old, HS=humongous(starts), HC=humongous(continues), CS=collection set, F=free, OA=open archive, CA=closed archive, TAMS=top-at-mark-start (previous, next)
|   0|0x0000000080000000, 0x0000000080100000, 0x0000000080100000|100%|HS|  |TAMS 0x0000000080100000, 0x0000000080000000| Complete 
|   1|0x0000000080100000, 0x0000000080200000, 0x0000000080200000|100%|HS|  |TAMS 0x0000000080200000, 0x0000000080100000| Complete 
|   2|0x0000000080200000, 0x0000000080300000, 0x0000000080300000|100%| O|  |TAMS 0x0000000080300000, 0x0000000080200000| Untracked 
|   3|0x0000000080300000, 0x0000000080400000, 0x0000000080400000|100%| O|  |TAMS 0x0000000080400000, 0x0000000080300000| Untracked 
|   4|0x0000000080400000, 0x0000000080400000, 0x0000000080500000|  0%| F|  |TAMS 0x0000000080400000, 0x0000000080400000| Untracked 
|   5|0x0000000080500000, 0x0000000080600000, 0x0000000080600000|100%| O|  |TAMS 0x0000000080600000, 0x0000000080500000| Untracked 
|   6|0x0000000080600000, 0x0000000080700000, 0x0000000080700000|100%| O|  |TAMS 0x0000000080700000, 0x0000000080600000| Untracked 
|   7|0x0000000080700000, 0x0000000080800000, 0x0000000080800000|100%| O|  |TAMS 0x0000000080800000, 0x0000000080700000| Untracked 
|   8|0x0000000080800000, 0x0000000080900000, 0x0000000080900000|100%| O|  |TAMS 0x0000000080900000, 0x0000000080800000| Untracked 
|   9|0x0000000080900000, 0x0000000080a00000, 0x0000000080a00000|100%| O|  |TAMS 0x0000000080a00000, 0x0000000080900000| Untracked 
|  10|0x0000000080a00000, 0x0000000080b00000, 0x0000000080b00000|100%|HS|  |TAMS 0x0000000080b00000, 0x0000000080a00000| Complete 
|  11|0x0000000080b00000, 0x0000000080c00000, 0x0000000080c00000|100%| O|  |TAMS 0x0000000080c00000, 0x0000000080b00000| Untracked 
|  12|0x0000000080c00000, 0x0000000080d00000, 0x0000000080d00000|100%| O|  |TAMS 0x0000000080d00000, 0x0000000080c00000| Untracked 
|  13|0x0000000080d00000, 0x0000000080e00000, 0x0000000080e00000|100%| O|  |TAMS 0x0000000080e00000, 0x0000000080d00000| Untracked 
|  14|0x0000000080e00000, 0x0000000080f00000, 0x0000000080f00000|100%| O|  |TAMS 0x0000000080f00000, 0x0000000080e00000| Untracked 
|  15|0x0000000080f00000, 0x0000000081000000, 0x0000000081000000|100%| O|  |TAMS 0x0000000081000000, 0x0000000080f00000| Untracked 
|  16|0x0000000081000000, 0x0000000081100000, 0x0000000081100000|100%| O|  |TAMS 0x0000000081100000, 0x0000000081000000| Untracked 
|  17|0x0000000081100000, 0x0000000081200000, 0x0000000081200000|100%| O|  |TAMS 0x0000000081200000, 0x0000000081100000| Untracked 
|  18|0x0000000081200000, 0x0000000081300000, 0x0000000081300000|100%| O|  |TAMS 0x0000000081300000, 0x0000000081200000| Untracked 
|  19|0x0000000081300000, 0x0000000081400000, 0x0000000081400000|100%| O|  |TAMS 0x0000000081400000, 0x0000000081300000| Untracked 
|  20|0x0000000081400000, 0x00000000814e2000, 0x0000000081500000| 88%| O|  |TAMS 0x00000000814e2000, 0x0000000081400000| Untracked 
|  21|0x0000000081500000, 0x0000000081600000, 0x0000000081600000|100%| O|  |TAMS 0x0000000081600000, 0x0000000081500000| Untracked 
|  22|0x0000000081600000, 0x0000000081700000, 0x0000000081700000|100%| O|  |TAMS 0x0000000081700000, 0x0000000081600000| Untracked 
|  23|0x0000000081700000, 0x0000000081800000, 0x0000000081800000|100%| O|  |TAMS 0x0000000081800000, 0x0000000081700000| Untracked 
|  24|0x0000000081800000, 0x0000000081900000, 0x0000000081900000|100%| O|  |TAMS 0x0000000081900000, 0x0000000081800000| Untracked 
|  25|0x0000000081900000, 0x000000008199a200, 0x0000000081a00000| 60%| O|  |TAMS 0x000000008199a200, 0x0000000081900000| Complete 
|  26|0x0000000081a00000, 0x0000000081a00000, 0x0000000081b00000|  0%| F|  |TAMS 0x0000000081a00000, 0x0000000081a00000| Untracked 
|  27|0x0000000081b00000, 0x0000000081b00000, 0x0000000081c00000|  0%| F|  |TAMS 0x0000000081b00000, 0x0000000081b00000| Untracked 
|  28|0x0000000081c00000, 0x0000000081c00000, 0x0000000081d00000|  0%| F|  |TAMS 0x0000000081c00000, 0x0000000081c00000| Untracked 
|  29|0x0000000081d00000, 0x0000000081d00000, 0x0000000081e00000|  0%| F|  |TAMS 0x0000000081d00000, 0x0000000081d00000| Untracked 
|  30|0x0000000081e00000, 0x0000000081e00000, 0x0000000081f00000|  0%| F|  |TAMS 0x0000000081e00000, 0x0000000081e00000| Untracked 
|  31|0x0000000081f00000, 0x0000000081f00000, 0x0000000082000000|  0%| F|  |TAMS 0x0000000081f00000, 0x0000000081f00000| Untracked 
|  32|0x0000000082000000, 0x0000000082000000, 0x0000000082100000|  0%| F|  |TAMS 0x0000000082000000, 0x0000000082000000| Untracked 
|  33|0x0000000082100000, 0x0000000082100000, 0x0000000082200000|  0%| F|  |TAMS 0x0000000082100000, 0x0000000082100000| Untracked 
|  34|0x0000000082200000, 0x0000000082200000, 0x0000000082300000|  0%| F|  |TAMS 0x0000000082200000, 0x0000000082200000| Untracked 
|  35|0x0000000082300000, 0x0000000082300000, 0x0000000082400000|  0%| F|  |TAMS 0x0000000082300000, 0x0000000082300000| Untracked 
|  36|0x0000000082400000, 0x0000000082400000, 0x0000000082500000|  0%| F|  |TAMS 0x0000000082400000, 0x0000000082400000| Untracked 
|  37|0x0000000082500000, 0x0000000082500000, 0x0000000082600000|  0%| F|  |TAMS 0x0000000082500000, 0x0000000082500000| Untracked 
|  38|0x0000000082600000, 0x0000000082600000, 0x0000000082700000|  0%| F|  |TAMS 0x0000000082600000, 0x0000000082600000| Untracked 
|  39|0x0000000082700000, 0x0000000082700000, 0x0000000082800000|  0%| F|  |TAMS 0x0000000082700000, 0x0000000082700000| Untracked 
|  40|0x0000000082800000, 0x0000000082800000, 0x0000000082900000|  0%| F|  |TAMS 0x0000000082800000, 0x0000000082800000| Untracked 
|  41|0x0000000082900000, 0x0000000082900000, 0x0000000082a00000|  0%| F|  |TAMS 0x0000000082900000, 0x0000000082900000| Untracked 
|  42|0x0000000082a00000, 0x0000000082a00000, 0x0000000082b00000|  0%| F|  |TAMS 0x0000000082a00000, 0x0000000082a00000| Untracked 
|  43|0x0000000082b00000, 0x0000000082b00000, 0x0000000082c00000|  0%| F|  |TAMS 0x0000000082b00000, 0x0000000082b00000| Untracked 
|  44|0x0000000082c00000, 0x0000000082c00000, 0x0000000082d00000|  0%| F|  |TAMS 0x0000000082c00000, 0x0000000082c00000| Untracked 
|  45|0x0000000082d00000, 0x0000000082d00000, 0x0000000082e00000|  0%| F|  |TAMS 0x0000000082d00000, 0x0000000082d00000| Untracked 
|  46|0x0000000082e00000, 0x0000000082e00000, 0x0000000082f00000|  0%| F|  |TAMS 0x0000000082e00000, 0x0000000082e00000| Untracked 
|  47|0x0000000082f00000, 0x0000000082f00000, 0x0000000083000000|  0%| F|  |TAMS 0x0000000082f00000, 0x0000000082f00000| Untracked 
|  48|0x0000000083000000, 0x0000000083000000, 0x0000000083100000|  0%| F|  |TAMS 0x0000000083000000, 0x0000000083000000| Untracked 
|  49|0x0000000083100000, 0x0000000083100000, 0x0000000083200000|  0%| F|  |TAMS 0x0000000083100000, 0x0000000083100000| Untracked 
|  50|0x0000000083200000, 0x0000000083200000, 0x0000000083300000|  0%| F|  |TAMS 0x0000000083200000, 0x0000000083200000| Untracked 
|  51|0x0000000083300000, 0x0000000083300000, 0x0000000083400000|  0%| F|  |TAMS 0x0000000083300000, 0x0000000083300000| Untracked 
|  52|0x0000000083400000, 0x0000000083400000, 0x0000000083500000|  0%| F|  |TAMS 0x0000000083400000, 0x0000000083400000| Untracked 
|  53|0x0000000083500000, 0x0000000083500000, 0x0000000083600000|  0%| F|  |TAMS 0x0000000083500000, 0x0000000083500000| Untracked 
|  54|0x0000000083600000, 0x0000000083600000, 0x0000000083700000|  0%| F|  |TAMS 0x0000000083600000, 0x0000000083600000| Untracked 
|  55|0x0000000083700000, 0x0000000083700000, 0x0000000083800000|  0%| F|  |TAMS 0x0000000083700000, 0x0000000083700000| Untracked 
|  56|0x0000000083800000, 0x0000000083800000, 0x0000000083900000|  0%| F|  |TAMS 0x0000000083800000, 0x0000000083800000| Untracked 
|  57|0x0000000083900000, 0x0000000083900000, 0x0000000083a00000|  0%| F|  |TAMS 0x0000000083900000, 0x0000000083900000| Untracked 
|  58|0x0000000083a00000, 0x0000000083a00000, 0x0000000083b00000|  0%| F|  |TAMS 0x0000000083a00000, 0x0000000083a00000| Untracked 
|  59|0x0000000083b00000, 0x0000000083b00000, 0x0000000083c00000|  0%| F|  |TAMS 0x0000000083b00000, 0x0000000083b00000| Untracked 
|  60|0x0000000083c00000, 0x0000000083c00000, 0x0000000083d00000|  0%| F|  |TAMS 0x0000000083c00000, 0x0000000083c00000| Untracked 
|  61|0x0000000083d00000, 0x0000000083d00000, 0x0000000083e00000|  0%| F|  |TAMS 0x0000000083d00000, 0x0000000083d00000| Untracked 
|  62|0x0000000083e00000, 0x0000000083e00000, 0x0000000083f00000|  0%| F|  |TAMS 0x0000000083e00000, 0x0000000083e00000| Untracked 
|  63|0x0000000083f00000, 0x0000000083f00000, 0x0000000084000000|  0%| F|  |TAMS 0x0000000083f00000, 0x0000000083f00000| Untracked 
|  64|0x0000000084000000, 0x0000000084000000, 0x0000000084100000|  0%| F|  |TAMS 0x0000000084000000, 0x0000000084000000| Untracked 
|  65|0x0000000084100000, 0x0000000084100000, 0x0000000084200000|  0%| F|  |TAMS 0x0000000084100000, 0x0000000084100000| Untracked 
|  66|0x0000000084200000, 0x0000000084200000, 0x0000000084300000|  0%| F|  |TAMS 0x0000000084200000, 0x0000000084200000| Untracked 
|  67|0x0000000084300000, 0x0000000084300000, 0x0000000084400000|  0%| F|  |TAMS 0x0000000084300000, 0x0000000084300000| Untracked 
|  68|0x0000000084400000, 0x0000000084400000, 0x0000000084500000|  0%| F|  |TAMS 0x0000000084400000, 0x0000000084400000| Untracked 
|  69|0x0000000084500000, 0x0000000084500000, 0x0000000084600000|  0%| F|  |TAMS 0x0000000084500000, 0x0000000084500000| Untracked 
|  70|0x0000000084600000, 0x0000000084600000, 0x0000000084700000|  0%| F|  |TAMS 0x0000000084600000, 0x0000000084600000| Untracked 
|  71|0x0000000084700000, 0x0000000084700000, 0x0000000084800000|  0%| F|  |TAMS 0x0000000084700000, 0x0000000084700000| Untracked 
|  72|0x0000000084800000, 0x0000000084800000, 0x0000000084900000|  0%| F|  |TAMS 0x0000000084800000, 0x0000000084800000| Untracked 
|  73|0x0000000084900000, 0x0000000084900000, 0x0000000084a00000|  0%| F|  |TAMS 0x0000000084900000, 0x0000000084900000| Untracked 
|  74|0x0000000084a00000, 0x0000000084a00000, 0x0000000084b00000|  0%| F|  |TAMS 0x0000000084a00000, 0x0000000084a00000| Untracked 
|  75|0x0000000084b00000, 0x0000000084b00000, 0x0000000084c00000|  0%| F|  |TAMS 0x0000000084b00000, 0x0000000084b00000| Untracked 
|  76|0x0000000084c00000, 0x0000000084c00000, 0x0000000084d00000|  0%| F|  |TAMS 0x0000000084c00000, 0x0000000084c00000| Untracked 
|  77|0x0000000084d00000, 0x0000000084e00000, 0x0000000084e00000|100%| E|  |TAMS 0x0000000084d00000, 0x0000000084d00000| Complete 
|  78|0x0000000084e00000, 0x0000000084f00000, 0x0000000084f00000|100%| E|CS|TAMS 0x0000000084e00000, 0x0000000084e00000| Complete 
|  79|0x0000000084f00000, 0x0000000085000000, 0x0000000085000000|100%| E|CS|TAMS 0x0000000084f00000, 0x0000000084f00000| Complete 
|  80|0x0000000085000000, 0x0000000085100000, 0x0000000085100000|100%| E|CS|TAMS 0x0000000085000000, 0x0000000085000000| Complete 
|  81|0x0000000085100000, 0x0000000085200000, 0x0000000085200000|100%| E|CS|TAMS 0x0000000085100000, 0x0000000085100000| Complete 
|  82|0x0000000085200000, 0x0000000085300000, 0x0000000085300000|100%| E|CS|TAMS 0x0000000085200000, 0x0000000085200000| Complete 
|  83|0x0000000085300000, 0x0000000085400000, 0x0000000085400000|100%| E|CS|TAMS 0x0000000085300000, 0x0000000085300000| Complete 
|  84|0x0000000085400000, 0x0000000085500000, 0x0000000085500000|100%| E|CS|TAMS 0x0000000085400000, 0x0000000085400000| Complete 
|  85|0x0000000085500000, 0x0000000085600000, 0x0000000085600000|100%| E|CS|TAMS 0x0000000085500000, 0x0000000085500000| Complete 
|  86|0x0000000085600000, 0x0000000085700000, 0x0000000085700000|100%| E|CS|TAMS 0x0000000085600000, 0x0000000085600000| Complete 
|  87|0x0000000085700000, 0x0000000085800000, 0x0000000085800000|100%| E|CS|TAMS 0x0000000085700000, 0x0000000085700000| Complete 
|  88|0x0000000085800000, 0x0000000085900000, 0x0000000085900000|100%| E|CS|TAMS 0x0000000085800000, 0x0000000085800000| Complete 
|  89|0x0000000085900000, 0x0000000085a00000, 0x0000000085a00000|100%| E|CS|TAMS 0x0000000085900000, 0x0000000085900000| Complete 
|  90|0x0000000085a00000, 0x0000000085b00000, 0x0000000085b00000|100%| E|CS|TAMS 0x0000000085a00000, 0x0000000085a00000| Complete 
|  91|0x0000000085b00000, 0x0000000085c00000, 0x0000000085c00000|100%| E|CS|TAMS 0x0000000085b00000, 0x0000000085b00000| Complete 
|  92|0x0000000085c00000, 0x0000000085d00000, 0x0000000085d00000|100%| E|CS|TAMS 0x0000000085c00000, 0x0000000085c00000| Complete 
|  93|0x0000000085d00000, 0x0000000085e00000, 0x0000000085e00000|100%| E|CS|TAMS 0x0000000085d00000, 0x0000000085d00000| Complete 
|  94|0x0000000085e00000, 0x0000000085f00000, 0x0000000085f00000|100%| E|CS|TAMS 0x0000000085e00000, 0x0000000085e00000| Complete 
|  95|0x0000000085f00000, 0x0000000086000000, 0x0000000086000000|100%| E|CS|TAMS 0x0000000085f00000, 0x0000000085f00000| Complete 
|  96|0x0000000086000000, 0x0000000086100000, 0x0000000086100000|100%| E|CS|TAMS 0x0000000086000000, 0x0000000086000000| Complete 
|  97|0x0000000086100000, 0x0000000086200000, 0x0000000086200000|100%| E|CS|TAMS 0x0000000086100000, 0x0000000086100000| Complete 
|  98|0x0000000086200000, 0x0000000086300000, 0x0000000086300000|100%| E|CS|TAMS 0x0000000086200000, 0x0000000086200000| Complete 
|  99|0x0000000086300000, 0x0000000086400000, 0x0000000086400000|100%| E|CS|TAMS 0x0000000086300000, 0x0000000086300000| Complete 
| 100|0x0000000086400000, 0x0000000086500000, 0x0000000086500000|100%| E|CS|TAMS 0x0000000086400000, 0x0000000086400000| Complete 
| 101|0x0000000086500000, 0x0000000086600000, 0x0000000086600000|100%| E|CS|TAMS 0x0000000086500000, 0x0000000086500000| Complete 
| 102|0x0000000086600000, 0x0000000086700000, 0x0000000086700000|100%| E|CS|TAMS 0x0000000086600000, 0x0000000086600000| Complete 
| 103|0x0000000086700000, 0x0000000086800000, 0x0000000086800000|100%| E|CS|TAMS 0x0000000086700000, 0x0000000086700000| Complete 
| 104|0x0000000086800000, 0x0000000086900000, 0x0000000086900000|100%| E|CS|TAMS 0x0000000086800000, 0x0000000086800000| Complete 
| 113|0x0000000087100000, 0x000000008719cee0, 0x0000000087200000| 61%| S|CS|TAMS 0x0000000087100000, 0x0000000087100000| Complete 
| 114|0x0000000087200000, 0x0000000087300000, 0x0000000087300000|100%| S|CS|TAMS 0x0000000087200000, 0x0000000087200000| Complete 
| 115|0x0000000087300000, 0x0000000087400000, 0x0000000087400000|100%| S|CS|TAMS 0x0000000087300000, 0x0000000087300000| Complete 
| 116|0x0000000087400000, 0x0000000087500000, 0x0000000087500000|100%| S|CS|TAMS 0x0000000087400000, 0x0000000087400000| Complete 
| 117|0x0000000087500000, 0x0000000087600000, 0x0000000087600000|100%| S|CS|TAMS 0x0000000087500000, 0x0000000087500000| Complete 
| 118|0x0000000087600000, 0x0000000087700000, 0x0000000087700000|100%| S|CS|TAMS 0x0000000087600000, 0x0000000087600000| Complete 
| 119|0x0000000087700000, 0x0000000087800000, 0x0000000087800000|100%| S|CS|TAMS 0x0000000087700000, 0x0000000087700000| Complete 
| 120|0x0000000087800000, 0x0000000087900000, 0x0000000087900000|100%| S|CS|TAMS 0x0000000087800000, 0x0000000087800000| Complete 
| 196|0x000000008c400000, 0x000000008c500000, 0x000000008c500000|100%| E|CS|TAMS 0x000000008c400000, 0x000000008c400000| Complete 

Card table byte_map: [0x000001d3fd2b0000,0x000001d3fd6b0000] _byte_map_base: 0x000001d3fceb0000

Marking Bits (Prev, Next): (CMBitMap*) 0x000001d3f988e1b0, (CMBitMap*) 0x000001d3f988e1f0
 Prev Bits: [0x000001d3fdab0000, 0x000001d3ffab0000)
 Next Bits: [0x000001d38f000000, 0x000001d391000000)

Polling page: 0x000001d3f76a0000

Metaspace:

Usage:
  Non-class:     35.46 MB used.
      Class:      4.40 MB used.
       Both:     39.86 MB used.

Virtual space:
  Non-class space:       64.00 MB reserved,      35.81 MB ( 56%) committed,  1 nodes.
      Class space:        1.00 GB reserved,       4.63 MB ( <1%) committed,  1 nodes.
             Both:        1.06 GB reserved,      40.44 MB (  4%) committed. 

Chunk freelists:
   Non-Class:  12.05 MB
       Class:  11.26 MB
        Both:  23.31 MB

MaxMetaspaceSize: unlimited
CompressedClassSpaceSize: 1.00 GB
Initial GC threshold: 21.00 MB
Current GC threshold: 58.69 MB
CDS: off
MetaspaceReclaimPolicy: balanced
 - commit_granule_bytes: 65536.
 - commit_granule_words: 8192.
 - virtual_space_node_default_size: 8388608.
 - enlarge_chunks_in_place: 1.
 - new_chunks_are_fully_committed: 0.
 - uncommit_free_chunks: 1.
 - use_allocation_guard: 0.
 - handle_deallocations: 1.


Internal statistics:

num_allocs_failed_limit: 6.
num_arena_births: 662.
num_arena_deaths: 0.
num_vsnodes_births: 2.
num_vsnodes_deaths: 0.
num_space_committed: 647.
num_space_uncommitted: 0.
num_chunks_returned_to_freelist: 6.
num_chunks_taken_from_freelist: 1655.
num_chunk_merges: 3.
num_chunk_splits: 1102.
num_chunks_enlarged: 736.
num_inconsistent_stats: 0.

CodeHeap 'non-profiled nmethods': size=120000Kb used=2599Kb max_used=2765Kb free=117400Kb
 bounds [0x000001d387ad0000, 0x000001d387da0000, 0x000001d38f000000]
CodeHeap 'profiled nmethods': size=120000Kb used=7654Kb max_used=8801Kb free=112345Kb
 bounds [0x000001d380000000, 0x000001d3808a0000, 0x000001d387530000]
CodeHeap 'non-nmethods': size=5760Kb used=2307Kb max_used=2382Kb free=3452Kb
 bounds [0x000001d387530000, 0x000001d3877b0000, 0x000001d387ad0000]
 total_blobs=5195 nmethods=4373 adapters=733
 compilation: enabled
              stopped_count=0, restarted_count=0
 full_count=0

Compilation events (20 events):
Event: 31.308 Thread 0x000001d3970bcc10 nmethod 5284 0x000001d3804a5a90 code [0x000001d3804a5c20, 0x000001d3804a5d38]
Event: 31.309 Thread 0x000001d3970bcc10 5285       3       com.google.common.base.AbstractIterator::next (37 bytes)
Event: 31.309 Thread 0x000001d3970bcc10 nmethod 5285 0x000001d3806bfd90 code [0x000001d3806bff60, 0x000001d3806c02b8]
Event: 31.309 Thread 0x000001d3970bcc10 5286       3       com.google.common.base.NullnessCasts::uncheckedCastNullableTToT (2 bytes)
Event: 31.309 Thread 0x000001d3970bcc10 nmethod 5286 0x000001d38002bb10 code [0x000001d38002bca0, 0x000001d38002bd98]
Event: 31.309 Thread 0x000001d397056c20 5287   !   4       java.lang.invoke.MemberName::getMethodType (211 bytes)
Event: 31.312 Thread 0x000001d3970bcc10 5289       3       jdk.internal.org.objectweb.asm.AnnotationWriter::computeAnnotationsSize (42 bytes)
Event: 31.312 Thread 0x000001d3970bcc10 nmethod 5289 0x000001d3806bf810 code [0x000001d3806bf9c0, 0x000001d3806bfc08]
Event: 31.315 Thread 0x000001d3970bcc10 5291       3       com.google.common.collect.ImmutableList$Builder::add (6 bytes)
Event: 31.317 Thread 0x000001d3970bcc10 nmethod 5291 0x000001d3804ab490 code [0x000001d3804ab620, 0x000001d3804ab768]
Event: 31.317 Thread 0x000001d3970bcc10 5292       3       com.google.common.base.Preconditions::checkNotNull (18 bytes)
Event: 31.318 Thread 0x000001d397056c20 nmethod 5287 0x000001d387b04a10 code [0x000001d387b04be0, 0x000001d387b05268]
Event: 31.318 Thread 0x000001d397056c20 5288       4       jdk.internal.org.objectweb.asm.Frame::execute (2305 bytes)
Event: 31.318 Thread 0x000001d3970bcc10 nmethod 5292 0x000001d38021ea10 code [0x000001d38021ebe0, 0x000001d38021ef58]
Event: 31.318 Thread 0x000001d3970bcc10 5293       1       com.google.common.base.Splitter::access$200 (5 bytes)
Event: 31.318 Thread 0x000001d3970bcc10 nmethod 5293 0x000001d387b5b910 code [0x000001d387b5baa0, 0x000001d387b5bb58]
Event: 31.318 Thread 0x000001d3970bcc10 5294       1       com.google.common.base.Splitter::access$300 (5 bytes)
Event: 31.318 Thread 0x000001d3970bcc10 nmethod 5294 0x000001d387b5b490 code [0x000001d387b5b620, 0x000001d387b5b6d8]
Event: 31.319 Thread 0x000001d3970bcc10 5295       1       com.google.common.base.Splitter::access$400 (5 bytes)
Event: 31.319 Thread 0x000001d3970bcc10 nmethod 5295 0x000001d387b04710 code [0x000001d387b048a0, 0x000001d387b04958]

GC Heap History (20 events):
Event: 2.147 GC heap before
{Heap before GC invocations=2 (full 0):
 garbage-first heap   total 131072K, used 29544K [0x0000000080000000, 0x0000000100000000)
  region size 1024K, 17 young (17408K), 2 survivors (2048K)
 Metaspace       used 10182K, committed 10304K, reserved 1114112K
  class space    used 886K, committed 960K, reserved 1048576K
}
Event: 2.151 GC heap after
{Heap after GC invocations=3 (full 0):
 garbage-first heap   total 131072K, used 16661K [0x0000000080000000, 0x0000000100000000)
  region size 1024K, 2 young (2048K), 2 survivors (2048K)
 Metaspace       used 10182K, committed 10304K, reserved 1114112K
  class space    used 886K, committed 960K, reserved 1048576K
}
Event: 4.596 GC heap before
{Heap before GC invocations=3 (full 0):
 garbage-first heap   total 131072K, used 90389K [0x0000000080000000, 0x0000000100000000)
  region size 1024K, 75 young (76800K), 2 survivors (2048K)
 Metaspace       used 20307K, committed 20608K, reserved 1114112K
  class space    used 2082K, committed 2240K, reserved 1048576K
}
Event: 4.611 GC heap after
{Heap after GC invocations=4 (full 0):
 garbage-first heap   total 131072K, used 22096K [0x0000000080000000, 0x0000000100000000)
  region size 1024K, 7 young (7168K), 7 survivors (7168K)
 Metaspace       used 20307K, committed 20608K, reserved 1114112K
  class space    used 2082K, committed 2240K, reserved 1048576K
}
Event: 5.077 GC heap before
{Heap before GC invocations=4 (full 0):
 garbage-first heap   total 131072K, used 61008K [0x0000000080000000, 0x0000000100000000)
  region size 1024K, 46 young (47104K), 7 survivors (7168K)
 Metaspace       used 21267K, committed 21504K, reserved 1114112K
  class space    used 2170K, committed 2304K, reserved 1048576K
}
Event: 5.089 GC heap after
{Heap after GC invocations=5 (full 0):
 garbage-first heap   total 131072K, used 22372K [0x0000000080000000, 0x0000000100000000)
  region size 1024K, 1 young (1024K), 1 survivors (1024K)
 Metaspace       used 21267K, committed 21504K, reserved 1114112K
  class space    used 2170K, committed 2304K, reserved 1048576K
}
Event: 6.798 GC heap before
{Heap before GC invocations=6 (full 0):
 garbage-first heap   total 78848K, used 67428K [0x0000000080000000, 0x0000000100000000)
  region size 1024K, 46 young (47104K), 1 survivors (1024K)
 Metaspace       used 28692K, committed 29056K, reserved 1114112K
  class space    used 3030K, committed 3200K, reserved 1048576K
}
Event: 6.811 GC heap after
{Heap after GC invocations=7 (full 0):
 garbage-first heap   total 78848K, used 25637K [0x0000000080000000, 0x0000000100000000)
  region size 1024K, 5 young (5120K), 5 survivors (5120K)
 Metaspace       used 28692K, committed 29056K, reserved 1114112K
  class space    used 3030K, committed 3200K, reserved 1048576K
}
Event: 6.814 GC heap before
{Heap before GC invocations=7 (full 0):
 garbage-first heap   total 78848K, used 26661K [0x0000000080000000, 0x0000000100000000)
  region size 1024K, 6 young (6144K), 5 survivors (5120K)
 Metaspace       used 28694K, committed 29056K, reserved 1114112K
  class space    used 3030K, committed 3200K, reserved 1048576K
}
Event: 6.825 GC heap after
{Heap after GC invocations=8 (full 0):
 garbage-first heap   total 78848K, used 25763K [0x0000000080000000, 0x0000000100000000)
  region size 1024K, 1 young (1024K), 1 survivors (1024K)
 Metaspace       used 28694K, committed 29056K, reserved 1114112K
  class space    used 3030K, committed 3200K, reserved 1048576K
}
Event: 7.147 GC heap before
{Heap before GC invocations=8 (full 0):
 garbage-first heap   total 78848K, used 59555K [0x0000000080000000, 0x0000000100000000)
  region size 1024K, 31 young (31744K), 1 survivors (1024K)
 Metaspace       used 29904K, committed 30272K, reserved 1114112K
  class space    used 3112K, committed 3264K, reserved 1048576K
}
Event: 7.151 GC heap after
{Heap after GC invocations=9 (full 0):
 garbage-first heap   total 78848K, used 25677K [0x0000000080000000, 0x0000000100000000)
  region size 1024K, 1 young (1024K), 1 survivors (1024K)
 Metaspace       used 29904K, committed 30272K, reserved 1114112K
  class space    used 3112K, committed 3264K, reserved 1048576K
}
Event: 7.561 GC heap before
{Heap before GC invocations=9 (full 0):
 garbage-first heap   total 78848K, used 58445K [0x0000000080000000, 0x0000000100000000)
  region size 1024K, 33 young (33792K), 1 survivors (1024K)
 Metaspace       used 31137K, committed 31552K, reserved 1114112K
  class space    used 3266K, committed 3456K, reserved 1048576K
}
Event: 7.566 GC heap after
{Heap after GC invocations=10 (full 0):
 garbage-first heap   total 78848K, used 26096K [0x0000000080000000, 0x0000000100000000)
  region size 1024K, 1 young (1024K), 1 survivors (1024K)
 Metaspace       used 31137K, committed 31552K, reserved 1114112K
  class space    used 3266K, committed 3456K, reserved 1048576K
}
Event: 8.012 GC heap before
{Heap before GC invocations=10 (full 0):
 garbage-first heap   total 78848K, used 60912K [0x0000000080000000, 0x0000000100000000)
  region size 1024K, 35 young (35840K), 1 survivors (1024K)
 Metaspace       used 32034K, committed 32512K, reserved 1114112K
  class space    used 3349K, committed 3584K, reserved 1048576K
}
Event: 8.020 GC heap after
{Heap after GC invocations=11 (full 0):
 garbage-first heap   total 78848K, used 27390K [0x0000000080000000, 0x0000000100000000)
  region size 1024K, 3 young (3072K), 3 survivors (3072K)
 Metaspace       used 32034K, committed 32512K, reserved 1114112K
  class space    used 3349K, committed 3584K, reserved 1048576K
}
Event: 8.651 GC heap before
{Heap before GC invocations=11 (full 0):
 garbage-first heap   total 78848K, used 61182K [0x0000000080000000, 0x0000000100000000)
  region size 1024K, 36 young (36864K), 3 survivors (3072K)
 Metaspace       used 32511K, committed 32896K, reserved 1114112K
  class space    used 3388K, committed 3584K, reserved 1048576K
}
Event: 8.664 GC heap after
{Heap after GC invocations=12 (full 0):
 garbage-first heap   total 201728K, used 28911K [0x0000000080000000, 0x0000000100000000)
  region size 1024K, 4 young (4096K), 4 survivors (4096K)
 Metaspace       used 32511K, committed 32896K, reserved 1114112K
  class space    used 3388K, committed 3584K, reserved 1048576K
}
Event: 11.173 GC heap before
{Heap before GC invocations=12 (full 0):
 garbage-first heap   total 201728K, used 105711K [0x0000000080000000, 0x0000000100000000)
  region size 1024K, 80 young (81920K), 4 survivors (4096K)
 Metaspace       used 35468K, committed 35968K, reserved 1114112K
  class space    used 3782K, committed 4032K, reserved 1048576K
}
Event: 11.187 GC heap after
{Heap after GC invocations=13 (full 0):
 garbage-first heap   total 201728K, used 32868K [0x0000000080000000, 0x0000000100000000)
  region size 1024K, 8 young (8192K), 8 survivors (8192K)
 Metaspace       used 35468K, committed 35968K, reserved 1114112K
  class space    used 3782K, committed 4032K, reserved 1048576K
}

Dll operation events (7 events):
Event: 0.080 Loaded shared library C:\Users\Admin\.katalon\packages\KS-9.7.2\jre\bin\java.dll
Event: 0.718 Loaded shared library C:\Users\Admin\.katalon\packages\KS-9.7.2\jre\bin\net.dll
Event: 0.722 Loaded shared library C:\Users\Admin\.katalon\packages\KS-9.7.2\jre\bin\nio.dll
Event: 0.736 Loaded shared library C:\Users\Admin\.katalon\packages\KS-9.7.2\jre\bin\zip.dll
Event: 1.543 Loaded shared library C:\Users\Admin\.katalon\packages\KS-9.7.2\jre\bin\verify.dll
Event: 1.981 Loaded shared library C:\Users\Admin\.katalon\packages\KS-9.7.2\jre\bin\jimage.dll
Event: 22.349 Loaded shared library C:\Users\Admin\.katalon\packages\KS-9.7.2\jre\bin\sunmscapi.dll

Deoptimization events (20 events):
Event: 31.232 Thread 0x000001d3f9832f10 Uncommon trap: trap_request=0xffffffde fr.pc=0x000001d387b27414 relative=0x00000000000005b4
Event: 31.232 Thread 0x000001d3f9832f10 Uncommon trap: reason=class_check action=maybe_recompile pc=0x000001d387b27414 method=org.openqa.selenium.json.Input.init()V @ 18 c2
Event: 31.232 Thread 0x000001d3f9832f10 DEOPT PACKING pc=0x000001d387b27414 sp=0x000000c5f0ff9e60
Event: 31.232 Thread 0x000001d3f9832f10 DEOPT UNPACKING pc=0x000001d3875869a3 sp=0x000000c5f0ff9e48 mode 2
Event: 31.232 Thread 0x000001d3f9832f10 Uncommon trap: trap_request=0xffffffde fr.pc=0x000001d387b27414 relative=0x00000000000005b4
Event: 31.232 Thread 0x000001d3f9832f10 Uncommon trap: reason=class_check action=maybe_recompile pc=0x000001d387b27414 method=org.openqa.selenium.json.Input.init()V @ 18 c2
Event: 31.232 Thread 0x000001d3f9832f10 DEOPT PACKING pc=0x000001d387b27414 sp=0x000000c5f0ff99b0
Event: 31.232 Thread 0x000001d3f9832f10 DEOPT UNPACKING pc=0x000001d3875869a3 sp=0x000000c5f0ff9998 mode 2
Event: 31.232 Thread 0x000001d3f9832f10 Uncommon trap: trap_request=0xffffffde fr.pc=0x000001d387b27414 relative=0x00000000000005b4
Event: 31.232 Thread 0x000001d3f9832f10 Uncommon trap: reason=class_check action=maybe_recompile pc=0x000001d387b27414 method=org.openqa.selenium.json.Input.init()V @ 18 c2
Event: 31.232 Thread 0x000001d3f9832f10 DEOPT PACKING pc=0x000001d387b27414 sp=0x000000c5f0ff9410
Event: 31.232 Thread 0x000001d3f9832f10 DEOPT UNPACKING pc=0x000001d3875869a3 sp=0x000000c5f0ff93f8 mode 2
Event: 31.233 Thread 0x000001d3f9832f10 Uncommon trap: trap_request=0xffffffde fr.pc=0x000001d387b27414 relative=0x00000000000005b4
Event: 31.233 Thread 0x000001d3f9832f10 Uncommon trap: reason=class_check action=maybe_recompile pc=0x000001d387b27414 method=org.openqa.selenium.json.Input.init()V @ 18 c2
Event: 31.233 Thread 0x000001d3f9832f10 DEOPT PACKING pc=0x000001d387b27414 sp=0x000000c5f0ff9410
Event: 31.233 Thread 0x000001d3f9832f10 DEOPT UNPACKING pc=0x000001d3875869a3 sp=0x000000c5f0ff93f8 mode 2
Event: 31.315 Thread 0x000001d3f9832f10 Uncommon trap: trap_request=0xffffff45 fr.pc=0x000001d387ce17b8 relative=0x0000000000001118
Event: 31.315 Thread 0x000001d3f9832f10 Uncommon trap: reason=unstable_if action=reinterpret pc=0x000001d387ce17b8 method=java.util.concurrent.ConcurrentHashMap.putVal(Ljava/lang/Object;Ljava/lang/Object;Z)Ljava/lang/Object; @ 231 c2
Event: 31.315 Thread 0x000001d3f9832f10 DEOPT PACKING pc=0x000001d387ce17b8 sp=0x000000c5f0ffa9d0
Event: 31.315 Thread 0x000001d3f9832f10 DEOPT UNPACKING pc=0x000001d3875869a3 sp=0x000000c5f0ffa940 mode 2

Classes unloaded (0 events):
No events

Classes redefined (0 events):
No events

Internal exceptions (20 events):
Event: 20.835 Thread 0x000001d398d68030 Exception <a 'java/net/SocketException'{0x00000000868a89c8}: Socket is not connected: shutdown> (0x00000000868a89c8) 
thrown [s\src\hotspot\share\prims\jni.cpp, line 535]
Event: 21.157 Thread 0x000001d398d68030 Exception <a 'java/net/ConnectException'{0x00000000868a9ac8}: Connection refused: no further information> (0x00000000868a9ac8) 
thrown [s\src\hotspot\share\prims\jni.cpp, line 535]
Event: 21.157 Thread 0x000001d398d68030 Exception <a 'java/net/SocketException'{0x00000000868a9e00}: Socket is not connected: shutdown> (0x00000000868a9e00) 
thrown [s\src\hotspot\share\prims\jni.cpp, line 535]
Event: 21.478 Thread 0x000001d398d68030 Exception <a 'java/net/ConnectException'{0x00000000868aaf00}: Connection refused: no further information> (0x00000000868aaf00) 
thrown [s\src\hotspot\share\prims\jni.cpp, line 535]
Event: 21.478 Thread 0x000001d398d68030 Exception <a 'java/net/SocketException'{0x00000000868ab238}: Socket is not connected: shutdown> (0x00000000868ab238) 
thrown [s\src\hotspot\share\prims\jni.cpp, line 535]
Event: 21.805 Thread 0x000001d398d68030 Exception <a 'java/net/ConnectException'{0x00000000868ac338}: Connection refused: no further information> (0x00000000868ac338) 
thrown [s\src\hotspot\share\prims\jni.cpp, line 535]
Event: 21.805 Thread 0x000001d398d68030 Exception <a 'java/net/SocketException'{0x00000000868ac670}: Socket is not connected: shutdown> (0x00000000868ac670) 
thrown [s\src\hotspot\share\prims\jni.cpp, line 535]
Event: 22.374 Thread 0x000001d3f9832f10 Exception <a 'sun/nio/fs/WindowsException'{0x00000000865a32e0}> (0x00000000865a32e0) 
thrown [s\src\hotspot\share\prims\jni.cpp, line 516]
Event: 22.494 Thread 0x000001d3f9832f10 Exception <a 'java/lang/NoSuchMethodError'{0x0000000086478f98}: 'java.lang.Object java.lang.invoke.DirectMethodHandle$Holder.invokeStaticInit(java.lang.Object, int, int, int, int)'> (0x0000000086478f98) 
thrown [s\src\hotspot\share\interpreter\linkResolver.cpp, line 759]
Event: 22.639 Thread 0x000001d3f9832f10 Exception <a 'java/lang/NoSuchMethodError'{0x0000000086349fb8}: 'java.lang.Object java.lang.invoke.DirectMethodHandle$Holder.invokeStaticInit(java.lang.Object, java.lang.Object, int, int, int, int)'> (0x0000000086349fb8) 
thrown [s\src\hotspot\share\interpreter\linkResolver.cpp, line 759]
Event: 23.012 Thread 0x000001d3f9832f10 Exception <a 'java/lang/IncompatibleClassChangeError'{0x0000000085d642b0}: Found class java.lang.Object, but interface was expected> (0x0000000085d642b0) 
thrown [s\src\hotspot\share\interpreter\linkResolver.cpp, line 826]
Event: 23.013 Thread 0x000001d3f9832f10 Exception <a 'java/lang/NoSuchMethodError'{0x0000000085d6ae90}: 'int java.lang.invoke.DirectMethodHandle$Holder.invokeSpecialIFC(java.lang.Object, java.lang.Object, java.lang.Object, java.lang.Object)'> (0x0000000085d6ae90) 
thrown [s\src\hotspot\share\interpreter\linkResolver.cpp, line 759]
Event: 23.040 Thread 0x000001d3f9832f10 Exception <a 'java/lang/NoSuchMethodError'{0x0000000085df4208}: 'double java.lang.invoke.DirectMethodHandle$Holder.invokeVirtual(java.lang.Object, java.lang.Object)'> (0x0000000085df4208) 
thrown [s\src\hotspot\share\interpreter\linkResolver.cpp, line 759]
Event: 23.041 Thread 0x000001d3f9832f10 Exception <a 'java/lang/NoSuchMethodError'{0x0000000085dfac30}: 'float java.lang.invoke.DirectMethodHandle$Holder.invokeVirtual(java.lang.Object, java.lang.Object)'> (0x0000000085dfac30) 
thrown [s\src\hotspot\share\interpreter\linkResolver.cpp, line 759]
Event: 23.042 Thread 0x000001d3f9832f10 Exception <a 'java/lang/NoSuchMethodError'{0x0000000085c04688}: 'long java.lang.invoke.DirectMethodHandle$Holder.invokeVirtual(java.lang.Object, java.lang.Object)'> (0x0000000085c04688) 
thrown [s\src\hotspot\share\interpreter\linkResolver.cpp, line 759]
Event: 23.286 Thread 0x000001d3f9832f10 Exception <a 'java/lang/NoSuchMethodError'{0x0000000085872680}: 'void java.lang.invoke.DirectMethodHandle$Holder.invokeInterface(java.lang.Object, java.lang.Object, java.lang.Object)'> (0x0000000085872680) 
thrown [s\src\hotspot\share\interpreter\linkResolver.cpp, line 759]
Event: 31.238 Thread 0x000001d3f9832f10 Exception <a 'java/lang/NoSuchMethodError'{0x0000000084e6f950}: 'java.lang.Object java.lang.invoke.DirectMethodHandle$Holder.invokeSpecialIFC(java.lang.Object, java.lang.Object, java.lang.Object)'> (0x0000000084e6f950) 
thrown [s\src\hotspot\share\interpreter\linkResolver.cpp, line 759]
Event: 31.251 Thread 0x000001d3f9832f10 Exception <a 'java/lang/ClassNotFoundException'{0x0000000084ec8030}: sun/util/logging/resources/spi/loggingProvider> (0x0000000084ec8030) 
thrown [s\src\hotspot\share\classfile\systemDictionary.cpp, line 256]
Event: 31.311 Thread 0x000001d3f9832f10 Exception <a 'java/lang/NoSuchMethodError'{0x0000000084d80f08}: 'java.lang.Object java.lang.invoke.Invokers$Holder.invoke_MT(java.lang.Object, java.lang.Object, java.lang.Object, java.lang.Object, java.lang.Object)'> (0x0000000084d80f08) 
thrown [s\src\hotspot\share\interpreter\linkResolver.cpp, line 759]
Event: 31.314 Thread 0x000001d3f9832f10 Exception <a 'java/lang/NoSuchMethodError'{0x0000000084d855e0}: 'void java.lang.invoke.Invokers$Holder.invokeExact_MT(java.lang.Object, java.lang.Object, java.lang.Object, java.lang.Object, java.lang.Object)'> (0x0000000084d855e0) 
thrown [s\src\hotspot\share\interpreter\linkResolver.cpp, line 759]

VM Operations (20 events):
Event: 22.171 Executing VM operation: HandshakeAllThreads
Event: 22.171 Executing VM operation: HandshakeAllThreads done
Event: 22.172 Executing VM operation: HandshakeAllThreads
Event: 22.172 Executing VM operation: HandshakeAllThreads done
Event: 22.175 Executing VM operation: HandshakeAllThreads
Event: 22.175 Executing VM operation: HandshakeAllThreads done
Event: 22.376 Executing VM operation: HandshakeAllThreads
Event: 22.376 Executing VM operation: HandshakeAllThreads done
Event: 22.376 Executing VM operation: Cleanup
Event: 22.376 Executing VM operation: Cleanup done
Event: 22.377 Executing VM operation: HandshakeAllThreads
Event: 22.377 Executing VM operation: HandshakeAllThreads done
Event: 22.377 Executing VM operation: HandshakeAllThreads
Event: 22.377 Executing VM operation: HandshakeAllThreads done
Event: 23.377 Executing VM operation: Cleanup
Event: 23.377 Executing VM operation: Cleanup done
Event: 24.378 Executing VM operation: Cleanup
Event: 24.378 Executing VM operation: Cleanup done
Event: 27.380 Executing VM operation: Cleanup
Event: 27.380 Executing VM operation: Cleanup done

Events (20 events):
Event: 31.252 loading class sun/util/logging/resources/logging_en done
Event: 31.252 loading class sun/util/logging/resources/logging_en
Event: 31.252 loading class sun/util/logging/resources/logging_en done
Event: 31.252 loading class sun/util/logging/resources/logging_en_US
Event: 31.252 loading class sun/util/logging/resources/logging_en_US done
Event: 31.252 loading class sun/util/logging/resources/logging_en_US
Event: 31.252 loading class sun/util/logging/resources/logging_en_US done
Event: 31.252 loading class java/util/Formatter$DateTime
Event: 31.252 loading class java/util/Formatter$DateTime done
Event: 31.252 loading class java/time/ZonedDateTime$1
Event: 31.253 loading class java/time/ZonedDateTime$1 done
Event: 31.253 loading class java/time/LocalDate$1
Event: 31.253 loading class java/time/LocalDate$1 done
Event: 31.253 Thread 0x000001d39b384a60 Thread added: 0x000001d39b384a60
Event: 31.253 loading class java/time/LocalTime$1
Event: 31.253 loading class java/time/LocalTime$1 done
Event: 31.300 loading class java/util/UUID$Holder
Event: 31.300 loading class java/util/UUID$Holder done
Event: 31.311 loading class java/lang/invoke/ConstantBootstraps
Event: 31.311 loading class java/lang/invoke/ConstantBootstraps done


Dynamic libraries:
0x00007ff68ab60000 - 0x00007ff68ab6e000 	C:\Users\Admin\.katalon\packages\KS-9.7.2\jre\bin\javaw.exe
0x00007ffd17a10000 - 0x00007ffd17bfe000 	C:\Windows\SYSTEM32\ntdll.dll
0x00007ffd17690000 - 0x00007ffd17743000 	C:\Windows\System32\KERNEL32.DLL
0x00007ffd13a70000 - 0x00007ffd13d0d000 	C:\Windows\System32\KERNELBASE.dll
0x00007ffd14880000 - 0x00007ffd1497a000 	C:\Windows\System32\ucrtbase.dll
0x00007ffd0cda0000 - 0x00007ffd0cdb7000 	C:\Users\Admin\.katalon\packages\KS-9.7.2\jre\bin\jli.dll
0x00007ffd14d10000 - 0x00007ffd14ea7000 	C:\Windows\System32\USER32.dll
0x00007ffd13d10000 - 0x00007ffd13d30000 	C:\Windows\System32\win32u.dll
0x00007ffd17880000 - 0x00007ffd178a9000 	C:\Windows\System32\GDI32.dll
0x00007ffd13d80000 - 0x00007ffd13f27000 	C:\Windows\System32\gdi32full.dll
0x00007ffd147e0000 - 0x00007ffd14880000 	C:\Windows\System32\msvcp_win.dll
0x00007ffd02d20000 - 0x00007ffd02d39000 	C:\Users\Admin\.katalon\packages\KS-9.7.2\jre\bin\VCRUNTIME140.dll
0x00007ffcfd520000 - 0x00007ffcfd799000 	C:\Windows\WinSxS\amd64_microsoft.windows.common-controls_6595b64144ccf1df_6.0.17763.6659_none_de721f8a534a9678\COMCTL32.dll
0x00007ffd160b0000 - 0x00007ffd1614e000 	C:\Windows\System32\msvcrt.dll
0x00007ffd14eb0000 - 0x00007ffd151da000 	C:\Windows\System32\combase.dll
0x00007ffd156c0000 - 0x00007ffd157d8000 	C:\Windows\System32\RPCRT4.dll
0x00007ffd14ba0000 - 0x00007ffd14c22000 	C:\Windows\System32\bcryptPrimitives.dll
0x00007ffd17660000 - 0x00007ffd1768e000 	C:\Windows\System32\IMM32.DLL
0x00007ffd10690000 - 0x00007ffd1069c000 	C:\Users\Admin\.katalon\packages\KS-9.7.2\jre\bin\vcruntime140_1.dll
0x00007ffcffae0000 - 0x00007ffcffb71000 	C:\Users\Admin\.katalon\packages\KS-9.7.2\jre\bin\msvcp140.dll
0x00007ffc91ca0000 - 0x00007ffc928e8000 	C:\Users\Admin\.katalon\packages\KS-9.7.2\jre\bin\server\jvm.dll
0x00007ffd177d0000 - 0x00007ffd17878000 	C:\Windows\System32\ADVAPI32.dll
0x00007ffd16000000 - 0x00007ffd160a2000 	C:\Windows\System32\sechost.dll
0x00007ffd13d30000 - 0x00007ffd13d56000 	C:\Windows\System32\bcrypt.dll
0x00007ffcf9de0000 - 0x00007ffcf9de9000 	C:\Windows\SYSTEM32\WSOCK32.dll
0x00007ffd17760000 - 0x00007ffd177cd000 	C:\Windows\System32\WS2_32.dll
0x00007ffd0e4d0000 - 0x00007ffd0e4f4000 	C:\Windows\SYSTEM32\WINMM.dll
0x00007ffd0db90000 - 0x00007ffd0db9a000 	C:\Windows\SYSTEM32\VERSION.dll
0x00007ffd0e4a0000 - 0x00007ffd0e4cd000 	C:\Windows\SYSTEM32\WINMMBASE.dll
0x00007ffd13f30000 - 0x00007ffd13f7a000 	C:\Windows\System32\cfgmgr32.dll
0x00007ffd13a50000 - 0x00007ffd13a61000 	C:\Windows\System32\kernel.appcore.dll
0x00007ffd0fd40000 - 0x00007ffd0fd4a000 	C:\Users\Admin\.katalon\packages\KS-9.7.2\jre\bin\jimage.dll
0x00007ffd12240000 - 0x00007ffd1242d000 	C:\Windows\SYSTEM32\DBGHELP.DLL
0x00007ffcfb0f0000 - 0x00007ffcfb11a000 	C:\Windows\SYSTEM32\dbgcore.DLL
0x00007ffd0cd50000 - 0x00007ffd0cd75000 	C:\Users\Admin\.katalon\packages\KS-9.7.2\jre\bin\java.dll
0x00007ffd0cba0000 - 0x00007ffd0cbb8000 	C:\Users\Admin\.katalon\packages\KS-9.7.2\jre\bin\zip.dll
0x00007ffd16160000 - 0x00007ffd17658000 	C:\Windows\System32\SHELL32.dll
0x00007ffd15d20000 - 0x00007ffd15dc7000 	C:\Windows\System32\shcore.dll
0x00007ffd14090000 - 0x00007ffd147d8000 	C:\Windows\System32\windows.storage.dll
0x00007ffd139a0000 - 0x00007ffd139c3000 	C:\Windows\System32\profapi.dll
0x00007ffd139d0000 - 0x00007ffd13a2d000 	C:\Windows\System32\powrprof.dll
0x00007ffd178b0000 - 0x00007ffd17902000 	C:\Windows\System32\shlwapi.dll
0x00007ffd13d60000 - 0x00007ffd13d7b000 	C:\Windows\System32\cryptsp.dll
0x00007ffd02ce0000 - 0x00007ffd02cf9000 	C:\Users\Admin\.katalon\packages\KS-9.7.2\jre\bin\net.dll
0x00007ffd0a7d0000 - 0x00007ffd0a8cd000 	C:\Windows\SYSTEM32\WINHTTP.dll
0x00007ffd131a0000 - 0x00007ffd13207000 	C:\Windows\system32\mswsock.dll
0x00007ffd02ba0000 - 0x00007ffd02bb5000 	C:\Users\Admin\.katalon\packages\KS-9.7.2\jre\bin\nio.dll
0x00007ffd0fd20000 - 0x00007ffd0fd30000 	C:\Users\Admin\.katalon\packages\KS-9.7.2\jre\bin\verify.dll
0x00007ffd12ea0000 - 0x00007ffd12edd000 	C:\Windows\SYSTEM32\IPHLPAPI.DLL
0x00007ffd17750000 - 0x00007ffd17758000 	C:\Windows\System32\NSI.dll
0x00007ffd0c400000 - 0x00007ffd0c416000 	C:\Windows\SYSTEM32\dhcpcsvc6.DLL
0x00007ffd0c220000 - 0x00007ffd0c23c000 	C:\Windows\SYSTEM32\dhcpcsvc.DLL
0x00007ffd12ee0000 - 0x00007ffd12fa6000 	C:\Windows\SYSTEM32\DNSAPI.dll
0x00007ffd0ccb0000 - 0x00007ffd0ccbe000 	C:\Users\Admin\.katalon\packages\KS-9.7.2\jre\bin\sunmscapi.dll
0x00007ffd14980000 - 0x00007ffd14b91000 	C:\Windows\System32\CRYPT32.dll
0x00007ffd13a30000 - 0x00007ffd13a42000 	C:\Windows\System32\MSASN1.dll
0x00007ffd134c0000 - 0x00007ffd134ec000 	C:\Windows\SYSTEM32\ncrypt.dll
0x00007ffd13480000 - 0x00007ffd134bc000 	C:\Windows\SYSTEM32\NTASN1.dll
0x00007ffd12cd0000 - 0x00007ffd12d03000 	C:\Windows\system32\rsaenh.dll
0x00007ffd138a0000 - 0x00007ffd138c9000 	C:\Windows\SYSTEM32\USERENV.dll
0x00007ffd13320000 - 0x00007ffd1332c000 	C:\Windows\SYSTEM32\CRYPTBASE.dll

dbghelp: loaded successfully - version: 4.0.5 - missing functions: none
symbol engine: initialized successfully - sym options: 0x614 - pdb path: .;C:\Users\Admin\.katalon\packages\KS-9.7.2\jre\bin;C:\Windows\SYSTEM32;C:\Windows\WinSxS\amd64_microsoft.windows.common-controls_6595b64144ccf1df_6.0.17763.6659_none_de721f8a534a9678;C:\Users\Admin\.katalon\packages\KS-9.7.2\jre\bin\server

VM Arguments:
jvm_args: -Dgroovy.home=C:\Users\Admin/.groovy -Djava.system.class.loader=groovy.lang.GroovyClassLoader -Xmx2048m -Dfile.encoding=UTF-8 -XX:+ShowCodeDetailsInExceptionMessages 
java_command: org.codehaus.groovy.tools.GroovyStarter --classpath C:\Users\Admin\Katalon Studio\FisrtProject\bin\keyword;C:\Users\Admin\Katalon Studio\FisrtProject\Keywords;C:\Users\Admin\Katalon Studio\FisrtProject\bin\listener;C:\Users\Admin\Katalon Studio\FisrtProject\Test Listeners;C:\Users\Admin\Katalon Studio\FisrtProject\bin\lib;C:\Users\Admin\Katalon Studio\FisrtProject\Libs;C:\Users\Admin\Katalon Studio\FisrtProject\bin\groovy;C:\Users\Admin\Katalon Studio\FisrtProject\Include\scripts\groovy;C:\Users\Admin\.katalon\packages\KS-9.7.2\plugins\com.kms.katalon.core_1.0.0.202409190502.jar;C:\Users\Admin\.katalon\packages\KS-9.7.2\configuration\resources\lib\aalto-xml-1.0.0.jar;C:\Users\Admin\.katalon\packages\KS-9.7.2\configuration\resources\lib\aspectjweaver-1.9.1.jar;C:\Users\Admin\.katalon\packages\KS-9.7.2\configuration\resources\lib\aws-2.20.3-fat.jar;C:\Users\Admin\.katalon\packages\KS-9.7.2\configuration\resources\lib\bcpkix-jdk15on-1.64.jar;C:\Users\Admin\.katalon\packages\KS-9.7.2\configuration\resources\lib\bcprov-jdk15on-1.64.jar;C:\Users\Admin\.katalon\packages\KS-9.7.2\configuration\resources\lib\browsermob-core-2.1.5.jar;C:\Users\Admin\.katalon\packages\KS-9.7.2\configuration\resources\lib\byte-buddy-1.14.3.jar;C:\Users\Admin\.katalon\packages\KS-9.7.2\configuration\resources\lib\byte-buddy-agent-1.14.3.jar;C:\Users\Admin\.katalon\packages\KS-9.7.2\configuration\resources\lib\cglib-3.2.10.jar;C:\Users\Admin\.katalon\packages\KS-9.7.2\configuration\resources\lib\commons-codec-1.10.jar;C:\Users\Admin\.katalon\packages\KS-9.7.2\configuration\resources\lib\commons-collections4-4.1.jar;C:\Users\Admin\.katalon\packages\KS-9.7.2\configuration\resources\lib\commons-validator-1.6.jar;C:\Users\Admin\.katalon\packages\KS-9.7.2\configuration\resources\lib\curvesapi-1.04.jar;C:\Users\Admin\.katalon\packages\KS-9.7.2\configuration\resources\lib\dnsjava-2.1.8.jar;C:\Users\Admin\.katalon\packages\KS-9.7.2\configuration\resources\lib\groovy-3.0.17-fat.jar;C:\User
java_class_path (initial): C:\Users\Admin\Katalon Studio\FisrtProject\bin\keyword;C:\Users\Admin\Katalon Studio\FisrtProject\bin\listener;C:\Users\Admin\Katalon Studio\FisrtProject\bin\lib;C:\Users\Admin\Katalon Studio\FisrtProject\bin\groovy;C:\Users\Admin\Katalon Studio\FisrtProject\bin;C:\Users\Admin\.katalon\packages\KS-9.7.2\plugins\com.kms.katalon.core_1.0.0.202409190502.jar;C:\Users\Admin\.katalon\packages\KS-9.7.2\configuration\resources\lib\aalto-xml-1.0.0.jar;C:\Users\Admin\.katalon\packages\KS-9.7.2\configuration\resources\lib\aspectjweaver-1.9.1.jar;C:\Users\Admin\.katalon\packages\KS-9.7.2\configuration\resources\lib\aws-2.20.3-fat.jar;C:\Users\Admin\.katalon\packages\KS-9.7.2\configuration\resources\lib\bcpkix-jdk15on-1.64.jar;C:\Users\Admin\.katalon\packages\KS-9.7.2\configuration\resources\lib\bcprov-jdk15on-1.64.jar;C:\Users\Admin\.katalon\packages\KS-9.7.2\configuration\resources\lib\browsermob-core-2.1.5.jar;C:\Users\Admin\.katalon\packages\KS-9.7.2\configuration\resources\lib\byte-buddy-1.14.3.jar;C:\Users\Admin\.katalon\packages\KS-9.7.2\configuration\resources\lib\byte-buddy-agent-1.14.3.jar;C:\Users\Admin\.katalon\packages\KS-9.7.2\configuration\resources\lib\cglib-3.2.10.jar;C:\Users\Admin\.katalon\packages\KS-9.7.2\configuration\resources\lib\commons-codec-1.10.jar;C:\Users\Admin\.katalon\packages\KS-9.7.2\configuration\resources\lib\commons-collections4-4.1.jar;C:\Users\Admin\.katalon\packages\KS-9.7.2\configuration\resources\lib\commons-validator-1.6.jar;C:\Users\Admin\.katalon\packages\KS-9.7.2\configuration\resources\lib\curvesapi-1.04.jar;C:\Users\Admin\.katalon\packages\KS-9.7.2\configuration\resources\lib\dnsjava-2.1.8.jar;C:\Users\Admin\.katalon\packages\KS-9.7.2\configuration\resources\lib\groovy-3.0.17-fat.jar;C:\Users\Admin\.katalon\packages\KS-9.7.2\configuration\resources\lib\jackson-coreutils-2.0.jar;C:\Users\Admin\.katalon\packages\KS-9.7.2\configuration\resources\lib\jackson-coreutils-equivalence-1.0.jar;C:\Users\Admin\.kat
Launcher Type: SUN_STANDARD

[Global flags]
     intx CICompilerCount                          = 3                                         {product} {ergonomic}
     uint ConcGCThreads                            = 1                                         {product} {ergonomic}
     uint G1ConcRefinementThreads                  = 4                                         {product} {ergonomic}
   size_t G1HeapRegionSize                         = 1048576                                   {product} {ergonomic}
    uintx GCDrainStackTargetSize                   = 64                                        {product} {ergonomic}
   size_t InitialHeapSize                          = 134217728                                 {product} {ergonomic}
   size_t MarkStackSize                            = 4194304                                   {product} {ergonomic}
   size_t MaxHeapSize                              = 2147483648                                {product} {command line}
   size_t MaxNewSize                               = 1287651328                                {product} {ergonomic}
   size_t MinHeapDeltaBytes                        = 1048576                                   {product} {ergonomic}
   size_t MinHeapSize                              = 8388608                                   {product} {ergonomic}
    uintx NonNMethodCodeHeapSize                   = 5832780                                {pd product} {ergonomic}
    uintx NonProfiledCodeHeapSize                  = 122912730                              {pd product} {ergonomic}
    uintx ProfiledCodeHeapSize                     = 122912730                              {pd product} {ergonomic}
    uintx ReservedCodeCacheSize                    = 251658240                              {pd product} {ergonomic}
     bool SegmentedCodeCache                       = true                                      {product} {ergonomic}
     bool ShowCodeDetailsInExceptionMessages       = true                                   {manageable} {command line}
   size_t SoftMaxHeapSize                          = 2147483648                             {manageable} {ergonomic}
     bool UseCompressedClassPointers               = true                           {product lp64_product} {ergonomic}
     bool UseCompressedOops                        = true                           {product lp64_product} {ergonomic}
     bool UseG1GC                                  = true                                      {product} {ergonomic}
     bool UseLargePagesIndividualAllocation        = false                                  {pd product} {ergonomic}

Logging:
Log output configuration:
 #0: stdout all=warning uptime,level,tags
 #1: stderr all=off uptime,level,tags

Environment Variables:
JAVA_HOME=C:\Users\Admin\.katalon\packages\KS-9.7.2\jre
PATH=C:/Users/Admin/.katalon/packages/KS-9.7.2/jre/bin/server;C:/Users/Admin/.katalon/packages/KS-9.7.2/jre/bin;C:\Program Files\Common Files\Oracle\Java\javapath;C:\Windows\system32;C:\Windows;C:\Windows\System32\Wbem;C:\Windows\System32\WindowsPowerShell\v1.0\;C:\Windows\System32\OpenSSH\;C:\Program Files\Microsoft SQL Server\Client SDK\ODBC\170\Tools\Binn\;C:\Program Files (x86)\Microsoft SQL Server\150\Tools\Binn\;C:\Program Files\Microsoft SQL Server\150\Tools\Binn\;C:\Program Files\Microsoft SQL Server\150\DTS\Binn\;C:\Program Files (x86)\STMicroelectronics\STM32 ST-LINK Utility\ST-LINK Utility;C:\Program Files\nodejs\;C:\Users\Admin\AppData\Local\Microsoft\WindowsApps;C:\Program Files\JetBrains\IntelliJ IDEA Community Edition 2024.1.4\bin;;C:\Users\Admin\AppData\Roaming\npm;C:\Users\Admin\.katalon\packages\KS-9.7.2;:C:\Users\Admin\.katalon\packages\KS-9.7.2\jre\bin
USERNAME=Admin
OS=Windows_NT
PROCESSOR_IDENTIFIER=Intel64 Family 6 Model 142 Stepping 9, GenuineIntel
TMP=C:\Users\Admin\AppData\Local\Temp
TEMP=C:\Users\Admin\AppData\Local\Temp



---------------  S Y S T E M  ---------------

OS:
 Windows 10 , 64 bit Build 17763 (10.0.17763.6292)
OS uptime: 0 days 9:06 hours
Hyper-V role detected

CPU: total 4 (initial active 4) (2 cores per cpu, 2 threads per core) family 6 model 142 stepping 9 microcode 0xea, cx8, cmov, fxsr, ht, mmx, 3dnowpref, sse, sse2, sse3, ssse3, sse4.1, sse4.2, popcnt, lzcnt, tsc, tscinvbit, avx, avx2, aes, erms, clmul, bmi1, bmi2, adx, fma, vzeroupper, clflush, clflushopt, hv

Memory: 4k page, system-wide physical 8090M (1046M free)
TotalPageFile size 14631M (AvailPageFile size 5M)
current process WorkingSet (physical memory assigned to process): 232M, peak: 301M
current process commit charge ("private bytes"): 268M, peak: 373M

vm_info: OpenJDK 64-Bit Server VM (17.0.7+7) for windows-amd64 JRE (17.0.7+7), built on Apr 18 2023 22:10:42 by "temurin" with MS VC++ 16.7 (VS2019)

END.
