#
# There is insufficient memory for the Java Runtime Environment to continue.
# Native memory allocation (malloc) failed to allocate 1998896 bytes for Chunk::new
# Possible reasons:
#   The system is out of physical RAM or swap space
#   The process is running with CompressedOops enabled, and the Java Heap may be blocking the growth of the native heap
# Possible solutions:
#   Reduce memory load on the system
#   Increase physical memory or swap space
#   Check if swap backing store is full
#   Decrease Java heap size (-Xmx/-Xms)
#   Decrease number of Java threads
#   Decrease Java thread stack sizes (-Xss)
#   Set larger code cache with -XX:ReservedCodeCacheSize=
#   JVM is running with Unscaled Compressed Oops mode in which the Java heap is
#     placed in the first 4GB address space. The Java Heap base address is the
#     maximum limit for the native heap growth. Please use -XX:HeapBaseMinAddress
#     to set the Java Heap base and to place the Java Heap above 4GB virtual address.
# This output file may be truncated or incomplete.
#
#  Out of Memory Error (arena.cpp:189), pid=15652, tid=16308
#
# JRE version: OpenJDK Runtime Environment Temurin-17.0.7+7 (17.0.7+7) (build 17.0.7+7)
# Java VM: OpenJDK 64-Bit Server VM Temurin-17.0.7+7 (17.0.7+7, mixed mode, tiered, compressed oops, compressed class ptrs, g1 gc, windows-amd64)
# No core dump will be written. Minidumps are not enabled by default on client versions of Windows
#

---------------  S U M M A R Y ------------

Command Line: -Dgroovy.home=C:\Users\Admin/.groovy -Djava.system.class.loader=groovy.lang.GroovyClassLoader -Xmx2048m -Dfile.encoding=UTF-8 -XX:+ShowCodeDetailsInExceptionMessages org.codehaus.groovy.tools.GroovyStarter --classpath C:\Users\Admin\Katalon Studio\FisrtProject\bin\keyword;C:\Users\Admin\Katalon Studio\FisrtProject\Keywords;C:\Users\Admin\Katalon Studio\FisrtProject\bin\listener;C:\Users\Admin\Katalon Studio\FisrtProject\Test Listeners;C:\Users\Admin\Katalon Studio\FisrtProject\bin\lib;C:\Users\Admin\Katalon Studio\FisrtProject\Libs;C:\Users\Admin\Katalon Studio\FisrtProject\bin\groovy;C:\Users\Admin\Katalon Studio\FisrtProject\Include\scripts\groovy;C:\Users\Admin\.katalon\packages\KS-9.7.2\plugins\com.kms.katalon.core_1.0.0.202409190502.jar;C:\Users\Admin\.katalon\packages\KS-9.7.2\configuration\resources\lib\aalto-xml-1.0.0.jar;C:\Users\Admin\.katalon\packages\KS-9.7.2\configuration\resources\lib\aspectjweaver-1.9.1.jar;C:\Users\Admin\.katalon\packages\KS-9.7.2\configuration\resources\lib\aws-2.20.3-fat.jar;C:\Users\Admin\.katalon\packages\KS-9.7.2\configuration\resources\lib\bcpkix-jdk15on-1.64.jar;C:\Users\Admin\.katalon\packages\KS-9.7.2\configuration\resources\lib\bcprov-jdk15on-1.64.jar;C:\Users\Admin\.katalon\packages\KS-9.7.2\configuration\resources\lib\browsermob-core-2.1.5.jar;C:\Users\Admin\.katalon\packages\KS-9.7.2\configuration\resources\lib\byte-buddy-1.14.3.jar;C:\Users\Admin\.katalon\packages\KS-9.7.2\configuration\resources\lib\byte-buddy-agent-1.14.3.jar;C:\Users\Admin\.katalon\packages\KS-9.7.2\configuration\resources\lib\cglib-3.2.10.jar;C:\Users\Admin\.katalon\packages\KS-9.7.2\configuration\resources\lib\commons-codec-1.10.jar;C:\Users\Admin\.katalon\packages\KS-9.7.2\configuration\resources\lib\commons-collections4-4.1.jar;C:\Users\Admin\.katalon\packages\KS-9.7.2\configuration\resources\lib\commons-validator-1.6.jar;C:\Users\Admin\.katalon\packages\KS-9.7.2\configuration\resources\lib\curvesapi-1.04.jar;C:\Users\Admin\.katalon\packages\KS-9.7.2\configuration\resources\lib\dnsjava-2.1.8.jar;C:\Users\Admin\.katalon\packages\KS-9.7.2\configuration\resources\lib\groovy-3.0.17-fat.jar;C:\Users\Admin\.katalon\packages\KS-9.7.2\configuration\resources\lib\jackson-coreutils-2.0.jar;C:\Users\Admin\.katalon\packages\KS-9.7.2\configuration\resources\lib\jackson-coreutils-equivalence-1.0.jar;C:\Users\Admin\.katalon\packages\KS-9.7.2\configuration\resources\lib\java-client-7.0.0.jar;C:\Users\Admin\.katalon\packages\KS-9.7.2\configuration\resources\lib\javax.servlet-api_3.1.0.jar;C:\Users\Admin\.katalon\packages\KS-9.7.2\configuration\resources\lib\jna-5.12.1.jar;C:\Users\Admin\.katalon\packages\KS-9.7.2\configuration\resources\lib\jna-platform-5.12.1.jar;C:\Users\Admin\.katalon\packages\KS-9.7.2\configuration\resources\lib\json-schema-core-1.2.14.jar;C:\Users\Admin\.katalon\packages\KS-9.7.2\configuration\resources\lib\json-schema-validator-2.2.14.jar;C:\Users\Admin\.katalon\packages\KS-9.7.2\configuration\resources\lib\jzlib-1.1.3.jar;C:\Users\Admin\.katalon\packages\KS-9.7.2\configuration\resources\lib\kat-server.jar;C:\Users\Admin\.katalon\packages\KS-9.7.2\configuration\resources\lib\littleproxy-1.1.0-beta-bmp-17.jar;C:\Users\Admin\.katalon\packages\KS-9.7.2\configuration\resources\lib\log4j-1.2-api-2.17.1.jar;C:\Users\Admin\.katalon\packages\KS-9.7.2\configuration\resources\lib\log4j-api-2.17.1.jar;C:\Users\Admin\.katalon\packages\KS-9.7.2\configuration\resources\lib\log4j-core-2.17.1.jar;C:\Users\Admin\.katalon\packages\KS-9.7.2\configuration\resources\lib\mitm-2.1.5.jar;C:\Users\Admin\.katalon\packages\KS-9.7.2\configuration\resources\lib\mockito-core-5.2.0.jar;C:\Users\Admin\.katalon\packages\KS-9.7.2\configuration\resources\lib\mockito-inline-5.2.0.jar;C:\Users\Admin\.katalon\packages\KS-9.7.2\configuration\resources\lib\netty-all-4.1.109.Final.jar;C:\Users\Admin\.katalon\packages\KS-9.7.2\configuration\resources\lib\objenesis-3.3.jar;C:\Users\Admin\.katalon\packages\KS-9.7.2\configuration\resources\lib\poi-3.17.jar;C:\Users\Admin\.katalon\packages\KS-9.7.2\configuration\resources\lib\poi-ooxml-3.17.jar;C:\Users\Admin\.katalon\packages\KS-9.7.2\configuration\resources\lib\poi-ooxml-schemas-3.17.jar;C:\Users\Admin\.katalon\packages\KS-9.7.2\configuration\resources\lib\proxy-vole-1.0.4-SNAPSHOT-jar-with-dependencies.jar;C:\Users\Admin\.katalon\packages\KS-9.7.2\configuration\resources\lib\repackaged-sikuli-api-1.0.2-standalone.jar;C:\Users\Admin\.katalon\packages\KS-9.7.2\configuration\resources\lib\selenium-leg-rc-3.141.59.jar;C:\Users\Admin\.katalon\packages\KS-9.7.2\configuration\resources\lib\selenium-server-standalone-3.141.59.jar;C:\Users\Admin\.katalon\packages\KS-9.7.2\configuration\resources\lib\selenium-shutterbug-1.1.jar;C:\Users\Admin\.katalon\packages\KS-9.7.2\configuration\resources\lib\slf4j-api-1.7.25.jar;C:\Users\Admin\.katalon\packages\KS-9.7.2\configuration\resources\lib\soap-builder-1.0.0.jar;C:\Users\Admin\.katalon\packages\KS-9.7.2\configuration\resources\lib\soap-common-1.0.0.jar;C:\Users\Admin\.katalon\packages\KS-9.7.2\configuration\resources\lib\soap-legacy-1.0.0.jar;C:\Users\Admin\.katalon\packages\KS-9.7.2\configuration\resources\lib\spring-context-5.3.19.jar;C:\Users\Admin\.katalon\packages\KS-9.7.2\configuration\resources\lib\stax2-api-4.0.0.jar;C:\Users\Admin\.katalon\packages\KS-9.7.2\configuration\resources\lib\su.jar;C:\Users\Admin\.katalon\packages\KS-9.7.2\configuration\resources\lib\swagger-parser-1.0.67-fat.jar;C:\Users\Admin\.katalon\packages\KS-9.7.2\configuration\resources\lib\testng-7.8.0.jar;C:\Users\Admin\.katalon\packages\KS-9.7.2\configuration\resources\lib\uri-template-0.1.jar;C:\Users\Admin\.katalon\packages\KS-9.7.2\configuration\resources\lib\wadl.jar;C:\Users\Admin\.katalon\packages\KS-9.7.2\configuration\resources\lib\xmlbeans-3.1.0.jar;C:\Users\Admin\.katalon\packages\KS-9.7.2\plugins\net.sf.supercsv.super-csv_2.1.0.jar;C:\Users\Admin\.katalon\packages\KS-9.7.2\plugins\org.apache.commons.io_2.4.0.jar;C:\Users\Admin\.katalon\packages\KS-9.7.2\plugins\org.apache.commons.lang_2.6.0.jar;C:\Users\Admin\.katalon\packages\KS-9.7.2\plugins\com.google.gson_2.10.1.v20230109-0753.jar;C:\Users\Admin\.katalon\packages\KS-9.7.2\plugins\org.jsoup_1.14.3.jar;C:\Users\Admin\.katalon\packages\KS-9.7.2\plugins\org.apache.commons.dbutils_1.6.0.jar;C:\Users\Admin\.katalon\packages\KS-9.7.2\plugins\com.oracle.jdbc.ojdbc7_12.1.0.2.jar;C:\Users\Admin\.katalon\packages\KS-9.7.2\plugins\org.postgresql.jdbc_42.7.3.jar;c:\Users\Admin\.katalon\packages\KS-9.7.2\plugins\org.eclipse.osgi_3.18.300.v20230220-1352.jar;C:\Users\Admin\.katalon\packages\KS-9.7.2\plugins\com.kms.katalon.constant_1.0.0.202409190502.jar;C:\Users\Admin\.katalon\packages\KS-9.7.2\plugins\org.eclipse.persistence.eclipselink_2.7.11.jar;C:\Users\Admin\.katalon\packages\KS-9.7.2\plugins\com.kms.katalon.selenium-standalone_1.0.0.202409190502.jar;C:\Users\Admin\.katalon\packages\KS-9.7.2\plugins\atu.testrecorder.screen-recorder_2.1.0.jar;C:\Users\Admin\.katalon\packages\KS-9.7.2\plugins\com.google.guava_32.0.0.jre.jar;C:\Users\Admin\.katalon\packages\KS-9.7.2\plugins\com.kms.katalon.util_1.0.0.202409190502.jar;C:\Users\Admin\.katalon\packages\KS-9.7.2\plugins\org.apache.httpcomponents.httpclient_4.5.14.v20221207-1049.jar;C:\Users\Admin\.katalon\packages\KS-9.7.2\plugins\org.apache.httpcomponents.httpcore_4.4.16.v20221207-1049.jar;C:\Users\Admin\.katalon\packages\KS-9.7.2\plugins\org.apache.httpcomponents.httpmime_4.5.13.jar;C:\Users\Admin\.katalon\packages\KS-9.7.2\plugins\org.apache.commons.lang3_3.14.0.jar;C:\Users\Admin\.katalon\packages\KS-9.7.2\plugins\org.greenrobot.eventbus_3.1.1.jar;C:\Users\Admin\.katalon\packages\KS-9.7.2\plugins\net.bytebuddy.byte-buddy_1.14.15.jar;C:\Users\Admin\.katalon\packages\KS-9.7.2\plugins\org.junit_4.13.2.v20211018-1956.jar;C:\Users\Admin\.katalon\packages\KS-9.7.2\plugins\com.fasterxml.jackson.core.jackson-databind_2.17.1.jar;C:\Users\Admin\.katalon\packages\KS-9.7.2\plugins\com.fasterxml.jackson.core.jackson-core_2.17.1.jar;C:\Users\Admin\.katalon\packages\KS-9.7.2\plugins\com.fasterxml.jackson.core.jackson-annotations_2.17.1.jar;C:\Users\Admin\.katalon\packages\KS-9.7.2\plugins\ch.qos.logback.classic_1.2.13.jar;C:\Users\Admin\.katalon\packages\KS-9.7.2\plugins\ch.qos.logback.core_1.2.13.jar;C:\Users\Admin\.katalon\packages\KS-9.7.2\plugins\slf4j.api_1.7.36.jar;C:\Users\Admin\.katalon\packages\KS-9.7.2\plugins\org.fusesource.jansi_1.17.1.jar;C:\Users\Admin\.katalon\packages\KS-9.7.2\plugins\com.kms.katalon.netlightbody_1.0.0.202409190502.jar;C:\Users\Admin\.katalon\packages\KS-9.7.2\plugins\com.kms.katalon.poi_1.0.0.202409190502.jar;C:\Users\Admin\.katalon\packages\KS-9.7.2\plugins\org.apache.commons.commons-text_1.10.0.jar;C:\Users\Admin\.katalon\packages\KS-9.7.2\plugins\com.kms.katalon.proxyvole_1.0.0.202409190502.jar;C:\Users\Admin\.katalon\packages\KS-9.7.2\plugins\com.microsoft.sqlserver.mssql-jdbc_6.2.2.jre8.jar;C:\Users\Admin\.katalon\packages\KS-9.7.2\plugins\com.github.kklisura.cdt.java-client_2.1.0.jar;C:\Users\Admin\.katalon\packages\KS-9.7.2\plugins\javax.websocket-api_1.1.0.jar;C:\Users\Admin\.katalon\packages\KS-9.7.2\plugins\org.glassfish.tyrus.container-grizzly-client_1.13.1.jar;C:\Users\Admin\.katalon\packages\KS-9.7.2\plugins\org.glassfish.grizzly.http-server_2.3.25.jar;C:\Users\Admin\.katalon\packages\KS-9.7.2\plugins\org.glassfish.grizzly.framework_2.3.25.jar;C:\Users\Admin\.katalon\packages\KS-9.7.2\plugins\org.glassfish.grizzly.http_2.3.25.jar;C:\Users\Admin\.katalon\packages\KS-9.7.2\plugins\org.glassfish.tyrus.client_1.13.1.jar;C:\Users\Admin\.katalon\packages\KS-9.7.2\plugins\org.glassfish.tyrus.core_1.13.1.jar;C:\Users\Admin\.katalon\packages\KS-9.7.2\plugins\org.glassfish.tyrus.spi_1.13.1.jar;C:\Users\Admin\.katalon\packages\KS-9.7.2\plugins\javassist_3.28.0.GA.jar;C:\Users\Admin\.katalon\packages\KS-9.7.2\plugins\graphql-java_17.5.0.jar;C:\Users\Admin\.katalon\packages\KS-9.7.2\plugins\org.glassfish.jaxb.runtime_2.3.6.jar;C:\Users\Admin\.katalon\packages\KS-9.7.2\plugins\org.glassfish.jaxb.txw2_2.3.6.jar;C:\Users\Admin\.katalon\packages\KS-9.7.2\plugins\org.dom4j_2.1.4.jar;C:\Users\Admin\.katalon\packages\KS-9.7.2\plugins\com.kms.katalon.groovy-extended_1.0.0.202409190502.jar;C:\Users\Admin\.katalon\packages\KS-9.7.2\plugins\com.sun.activation.javax.activation_1.2.0.jar;C:\Users\Admin\.katalon\packages\KS-9.7.2\plugins\jakarta.xml.bind-api_2.3.3.jar;C:\Users\Admin\.katalon\packages\KS-9.7.2\plugins\com.sun.xml.bind.jaxb-impl_2.3.6.jar;C:\Users\Admin\.katalon\packages\KS-9.7.2\plugins\org.eclipse.jface_3.29.0.v20230214-1401.jar;C:\Users\Admin\.katalon\packages\KS-9.7.2\plugins\com.kms.katalon.logging_1.0.0.202409190502.jar;C:\Users\Admin\.katalon\packages\KS-9.7.2\plugins\json_20240303.0.0.jar;C:\Users\Admin\.katalon\packages\KS-9.7.2\plugins\assertj-core_3.25.3.jar;C:\Users\Admin\.katalon\packages\KS-9.7.2\plugins\com.networknt.json-schema-validator_1.0.66.jar;C:\Users\Admin\.katalon\packages\KS-9.7.2\plugins\com.kms.katalon.network.apache_1.0.0.202409190502.jar;C:\Users\Admin\.katalon\packages\KS-9.7.2\plugins\org.apache.commons.logging_1.2.0.v20180409-1502.jar;C:\Users\Admin\.katalon\packages\KS-9.7.2\plugins\org.hamcrest.core_1.3.0.v20180420-1519.jar;C:\Users\Admin\.katalon\packages\KS-9.7.2\plugins\org.beanshell.bsh_2.0.0.0b4.jar;C:\Users\Admin\.katalon\packages\KS-9.7.2\plugins\org.apache.ant.launcher_1.9.6.jar;C:\Users\Admin\.katalon\packages\KS-9.7.2\plugins\com.kms.katalon.core.appium_1.0.0.202409190502.jar;C:\Users\Admin\.katalon\packages\KS-9.7.2\plugins\com.kms.katalon.api_1.0.0.202409190502.jar;C:\Users\Admin\.katalon\packages\KS-9.7.2\plugins\org.eclipse.equinox.common_3.17.100.v20230202-1341.jar;C:\Users\Admin\.katalon\packages\KS-9.7.2\plugins\com.kms.katalon.platform.core_1.0.0.202409190502.jar;C:\Users\Admin\.katalon\packages\KS-9.7.2\plugins\com.kms.katalon.common_1.0.0.202409190502.jar;C:\Users\Admin\.katalon\packages\KS-9.7.2\plugins\com.kms.katalon.session.core_1.0.0.202409190502.jar;C:\Users\Admin\.katalon\packages\KS-9.7.2\plugins\org.eclipse.e4.core.contexts_1.11.0.v20220716-0839.jar;C:\Users\Admin\.katalon\packages\KS-9.7.2\plugins\javax.inject_1.0.0.v20220405-0441.jar;C:\Users\Admin\.katalon\packages\KS-9.7.2\plugins\org.eclipse.e4.core.di_1.8.300.v20220817-1539.jar;C:\Users\Admin\.katalon\packages\KS-9.7.2\plugins\com.kms.katalon.network.core_1.0.0.202409190502.jar;C:\Users\Admin\.katalon\packages\KS-9.7.2\plugins\com.kms.katalon.execution.core_1.0.0.202409190502.jar;C:\Users\Admin\.katalon\packages\KS-9.7.2\plugins\org.eclipse.equinox.registry_3.11.200.v20220817-1601.jar;C:\Users\Admin\.katalon\packages\KS-9.7.2\plugins\dev.failsafe_3.3.2.jar;C:\Users\Admin\.katalon\packages\KS-9.7.2\plugins\com.fasterxml.jackson.datatype.jackson-datatype-jsr310_2.17.1.jar;C:\Users\Admin\.katalon\packages\KS-9.7.2\plugins\org.eclipse.e4.core.di.annotations_1.7.200.v20220613-1008.jar;C:\Users\Admin\.katalon\packages\KS-9.7.2\plugins\com.kms.katalon.core.webui_1.0.0.202409190502.jar;C:\Users\Admin\.katalon\packages\KS-9.7.2\plugins\org.eclipse.e4.core.services_2.3.400.v20220915-1347.jar;C:\Users\Admin\.katalon\packages\KS-9.7.2\plugins\com.kms.katalon.core.mobile_1.0.0.202409190502.jar;C:\Users\Admin\.katalon\packages\KS-9.7.2\plugins\org.apache.commons.commons-validator_1.7.0.jar;C:\Users\Admin\.katalon\packages\KS-9.7.2\plugins\com.kms.katalon.core.cucumber_1.0.0.202409190502.jar;C:\Users\Admin\.katalon\packages\KS-9.7.2\plugins\io.cucumber.core_3.0.3.jar;C:\Users\Admin\.katalon\packages\KS-9.7.2\plugins\io.cucumber.datatable_1.1.15.jar;C:\Users\Admin\.katalon\packages\KS-9.7.2\plugins\io.cucumber.datatable-dependencies_1.1.15.jar;C:\Users\Admin\.katalon\packages\KS-9.7.2\plugins\io.cucumber.expressions_5.0.19.jar;C:\Users\Admin\.katalon\packages\KS-9.7.2\plugins\io.cucumber.gherkin_5.0.0.jar;C:\Users\Admin\.katalon\packages\KS-9.7.2\plugins\io.cucumber.html_0.2.7.jar;C:\Users\Admin\.katalon\packages\KS-9.7.2\plugins\io.cucumber.java_3.0.3.jar;C:\Users\Admin\.katalon\packages\KS-9.7.2\plugins\io.cucumber.tag-expressions_1.1.1.jar;C:\Users\Admin\.katalon\packages\KS-9.7.2\plugins\io.cucumber.junit_3.0.3.jar;C:\Users\Admin\.katalon\packages\KS-9.7.2\plugins\com.kms.katalon.core.webservice_1.0.0.202409190502.jar;C:\Users\Admin\.katalon\packages\KS-9.7.2\plugins\wsdl4j_1.6.2.jar;C:\Users\Admin\.katalon\packages\KS-9.7.2\plugins\com.google.oauth-client.google-oauth-client_1.22.0.jar;C:\Users\Admin\.katalon\packages\KS-9.7.2\plugins\com.google.http-client.google-http-client_1.22.0.jar;C:\Users\Admin\.katalon\packages\KS-9.7.2\plugins\ca.juliusdavies.not-yet-commons-ssl_0.3.11.jar;C:\Users\Admin\.katalon\packages\KS-9.7.2\plugins\com.kms.katalon.preferences_1.0.0.202409190502.jar;C:\Users\Admin\.katalon\packages\KS-9.7.2\plugins\org.apache.xmlbeans_3.1.0.jar;C:\Users\Admin\.katalon\packages\KS-9.7.2\plugins\com.kms.katalon.entity_1.0.0.202409190502.jar;C:\Users\Admin\.katalon\packages\KS-9.7.2\plugins\org.antlr.antlr4-runtime_4.9.2.jar;C:\Users\Admin\.katalon\packages\KS-9.7.2\plugins\jakarta.xml.ws-api_2.3.3.jar;C:\Users\Admin\.katalon\packages\KS-9.7.2\plugins\javax.xml.soap-api_1.4.0.jar;C:\Users\Admin\.katalon\packages\KS-9.7.2\plugins\com.atlassian.oai.swagger-request-validator-core_2.38.0.jar;C:\Users\Admin\.katalon\packages\KS-9.7.2\plugins\io.swagger.compat-spec-parser_1.0.67.jar;C:\Users\Admin\.katalon\packages\KS-9.7.2\plugins\io.swagger.core.v3.swagger-annotations_2.2.14.jar;C:\Users\Admin\.katalon\packages\KS-9.7.2\plugins\io.swagger.core.v3.swagger-core_2.2.14.jar;C:\Users\Admin\.katalon\packages\KS-9.7.2\plugins\io.swagger.core.v3.swagger-models_2.2.14.jar;C:\Users\Admin\.katalon\packages\KS-9.7.2\plugins\io.swagger.parser.v3.swagger-parser-core_2.1.16.jar;C:\Users\Admin\.katalon\packages\KS-9.7.2\plugins\io.swagger.parser.v3.swagger-parser-v2-converter_2.1.16.jar;C:\Users\Admin\.katalon\packages\KS-9.7.2\plugins\com.github.java-json-tools.btf_1.3.0.jar;C:\Users\Admin\.katalon\packages\KS-9.7.2\plugins\com.fasterxml.jackson.dataformat.jackson-dataformat-yaml_2.17.1.jar;C:\Users\Admin\.katalon\packages\KS-9.7.2\plugins\org.yaml.snakeyaml_2.2.0.jar;C:\Users\Admin\.katalon\packages\KS-9.7.2\plugins\com.github.java-json-tools.msg-simple_1.2.0.jar;C:\Users\Admin\.katalon\packages\KS-9.7.2\plugins\jackson-core-asl_1.9.13.jar;C:\Users\Admin\.katalon\packages\KS-9.7.2\plugins\joda-time_2.10.5.jar;C:\Users\Admin\.katalon\packages\KS-9.7.2\plugins\javax.mail-api_1.6.2.jar;C:\Users\Admin\.katalon\packages\KS-9.7.2\plugins\com.googlecode.libphonenumber_8.11.1.jar;C:\Users\Admin\.katalon\packages\KS-9.7.2\plugins\com.google.guava.failureaccess_1.0.1.jar;C:\Users\Admin\.katalon\packages\KS-9.7.2\plugins\io.swagger.parser.v3.swagger-parser_2.1.16.jar;C:\Users\Admin\.katalon\packages\KS-9.7.2\plugins\io.swagger.parser.v3.swagger-parser-v3_2.1.16.jar;C:\Users\Admin\.katalon\packages\KS-9.7.2\plugins\io.swagger.parser_1.0.67.jar;C:\Users\Admin\.katalon\packages\KS-9.7.2\plugins\com.kms.katalon.core.windows_1.0.0.202409190502.jar;C:\Users\Admin\.katalon\packages\KS-9.7.2\plugins\com.kms.katalon.core.testng_1.0.0.202409190502.jar;C:\Users\Admin\.katalon\packages\KS-9.7.2\configuration\org.eclipse.osgi\33\0\.cp\resources\basic-report\katalon-studio-report-plugin.jar;C:\Users\Admin\.katalon\packages\KS-9.7.2\plugins\org.codehaus.groovy_3.0.17.v202303311542-e2303\lib\groovy-3.0.17-indy.jar;C:\Users\Admin\.katalon\packages\KS-9.7.2\plugins\org.codehaus.groovy_3.0.17.v202303311542-e2303\lib\ivy-2.5.1.jar --main groovy.ui.GroovyMain --encoding UTF-8 --indy C:\Users\Admin\Katalon Studio\FisrtProject\Libs\TempTestCase1733480048497.groovy

Host: Intel(R) Core(TM) i7-7500U CPU @ 2.70GHz, 4 cores, 7G,  Windows 10 , 64 bit Build 17763 (10.0.17763.6292)
Time: Fri Dec  6 17:14:51 2024 SE Asia Standard Time elapsed time: 32.531281 seconds (0d 0h 0m 32s)

---------------  T H R E A D  ---------------

Current thread (0x0000025761a3cbd0):  JavaThread "C2 CompilerThread1" daemon [_thread_in_native, id=16308, stack(0x0000009219300000,0x0000009219400000)]


Current CompileTask:
C2:  32531 5160       4       jdk.internal.org.objectweb.asm.Frame::execute (2305 bytes)

Stack: [0x0000009219300000,0x0000009219400000]
Native frames: (J=compiled Java code, j=interpreted, Vv=VM code, C=native code)
V  [jvm.dll+0x67754a]
V  [jvm.dll+0x834304]
V  [jvm.dll+0x835aae]
V  [jvm.dll+0x836113]
V  [jvm.dll+0x24696f]
V  [jvm.dll+0xac0ac]
V  [jvm.dll+0xac67c]
V  [jvm.dll+0x364de2]
V  [jvm.dll+0x32f6b1]
V  [jvm.dll+0x32eb5a]
V  [jvm.dll+0x219641]
V  [jvm.dll+0x218a61]
V  [jvm.dll+0x1a4d8d]
V  [jvm.dll+0x2284da]
V  [jvm.dll+0x226615]
V  [jvm.dll+0x7ea90b]
V  [jvm.dll+0x7e4e7a]
V  [jvm.dll+0x676395]
C  [ucrtbase.dll+0x2268a]
C  [KERNEL32.DLL+0x17ac4]
C  [ntdll.dll+0x5a8c1]


---------------  P R O C E S S  ---------------

Threads class SMR info:
_java_thread_list=0x0000025761ba9ae0, length=20, elements={
0x00000257419a30e0, 0x000002575b1345e0, 0x000002575b1355e0, 0x000002575b1ab090,
0x000002575b1abe10, 0x000002575b1af6f0, 0x000002575b1affb0, 0x000002575b1b0ba0,
0x000002575b15f350, 0x000002575b2331d0, 0x000002575b45d070, 0x000002575bdf1450,
0x0000025762108870, 0x0000025762108d40, 0x0000025762107060, 0x00000257621096e0,
0x0000025762107530, 0x000002576210a080, 0x000002575b26b1d0, 0x0000025761a3cbd0
}

Java Threads: ( => current thread )
  0x00000257419a30e0 JavaThread "main" [_thread_in_native, id=4332, stack(0x0000009217a00000,0x0000009217b00000)]
  0x000002575b1345e0 JavaThread "Reference Handler" daemon [_thread_blocked, id=5888, stack(0x0000009218100000,0x0000009218200000)]
  0x000002575b1355e0 JavaThread "Finalizer" daemon [_thread_blocked, id=11232, stack(0x0000009218200000,0x0000009218300000)]
  0x000002575b1ab090 JavaThread "Signal Dispatcher" daemon [_thread_blocked, id=12628, stack(0x0000009218300000,0x0000009218400000)]
  0x000002575b1abe10 JavaThread "Attach Listener" daemon [_thread_blocked, id=3940, stack(0x0000009218400000,0x0000009218500000)]
  0x000002575b1af6f0 JavaThread "Service Thread" daemon [_thread_blocked, id=15852, stack(0x0000009218500000,0x0000009218600000)]
  0x000002575b1affb0 JavaThread "Monitor Deflation Thread" daemon [_thread_blocked, id=9592, stack(0x0000009218600000,0x0000009218700000)]
  0x000002575b1b0ba0 JavaThread "C2 CompilerThread0" daemon [_thread_in_native, id=1280, stack(0x0000009218700000,0x0000009218800000)]
  0x000002575b15f350 JavaThread "C1 CompilerThread0" daemon [_thread_blocked, id=16040, stack(0x0000009218800000,0x0000009218900000)]
  0x000002575b2331d0 JavaThread "Sweeper thread" daemon [_thread_blocked, id=1312, stack(0x0000009218900000,0x0000009218a00000)]
  0x000002575b45d070 JavaThread "Common-Cleaner" daemon [_thread_blocked, id=9000, stack(0x0000009218a00000,0x0000009218b00000)]
  0x000002575bdf1450 JavaThread "Notification Thread" daemon [_thread_blocked, id=4276, stack(0x0000009218e00000,0x0000009218f00000)]
  0x0000025762108870 JavaThread "Thread-0" [_thread_blocked, id=5752, stack(0x0000009218b00000,0x0000009218c00000)]
  0x0000025762108d40 JavaThread "UrlChecker-2" daemon [_thread_blocked, id=14180, stack(0x0000009219100000,0x0000009219200000)]
  0x0000025762107060 JavaThread "ForkJoinPool.commonPool-worker-1" daemon [_thread_blocked, id=3924, stack(0x0000009219500000,0x0000009219600000)]
  0x00000257621096e0 JavaThread "ForkJoinPool.commonPool-worker-2" daemon [_thread_blocked, id=6772, stack(0x0000009219600000,0x0000009219700000)]
  0x0000025762107530 JavaThread "ForkJoinPool.commonPool-worker-3" daemon [_thread_blocked, id=14908, stack(0x0000009219700000,0x0000009219800000)]
  0x000002576210a080 JavaThread "OkHttp ConnectionPool" daemon [_thread_blocked, id=3140, stack(0x0000009219800000,0x0000009219900000)]
  0x000002575b26b1d0 JavaThread "Okio Watchdog" daemon [_thread_blocked, id=5584, stack(0x0000009219900000,0x0000009219a00000)]
=>0x0000025761a3cbd0 JavaThread "C2 CompilerThread1" daemon [_thread_in_native, id=16308, stack(0x0000009219300000,0x0000009219400000)]

Other Threads:
  0x000002575b1453c0 VMThread "VM Thread" [stack: 0x0000009218000000,0x0000009218100000] [id=6264]
  0x00000257419a3d40 WatcherThread [stack: 0x0000009218f00000,0x0000009219000000] [id=11880]
  0x00000257419fd470 GCTaskThread "GC Thread#0" [stack: 0x0000009217b00000,0x0000009217c00000] [id=14712]
  0x000002575b6e33d0 GCTaskThread "GC Thread#1" [stack: 0x0000009218c00000,0x0000009218d00000] [id=15256]
  0x000002575b8dbd10 GCTaskThread "GC Thread#2" [stack: 0x0000009218d00000,0x0000009218e00000] [id=7940]
  0x0000025760212cc0 GCTaskThread "GC Thread#3" [stack: 0x0000009219000000,0x0000009219100000] [id=14804]
  0x0000025741a0f2d0 ConcurrentGCThread "G1 Main Marker" [stack: 0x0000009217c00000,0x0000009217d00000] [id=11432]
  0x0000025741a108f0 ConcurrentGCThread "G1 Conc#0" [stack: 0x0000009217d00000,0x0000009217e00000] [id=9328]
  0x000002575afa6140 ConcurrentGCThread "G1 Refine#0" [stack: 0x0000009217e00000,0x0000009217f00000] [id=7572]
  0x000002575afa7770 ConcurrentGCThread "G1 Service" [stack: 0x0000009217f00000,0x0000009218000000] [id=10340]

Threads with active compile tasks:
C2 CompilerThread0    32585 5226   !   4       java.io.BufferedReader::readLine (327 bytes)
C2 CompilerThread1    32585 5160       4       jdk.internal.org.objectweb.asm.Frame::execute (2305 bytes)

VM state: not at safepoint (normal execution)

VM Mutex/Monitor currently owned by a thread: None

Heap address: 0x0000000080000000, size: 2048 MB, Compressed Oops mode: 32-bit

CDS archive(s) not mapped
Compressed class space mapped at: 0x0000000100000000-0x0000000140000000, reserved size: 1073741824
Narrow klass base: 0x0000000000000000, Narrow klass shift: 3, Narrow klass range: 0x140000000

GC Precious Log:
 CPUs: 4 total, 4 available
 Memory: 8090M
 Large Page Support: Disabled
 NUMA Support: Disabled
 Compressed Oops: Enabled (32-bit)
 Heap Region Size: 1M
 Heap Min Capacity: 8M
 Heap Initial Capacity: 128M
 Heap Max Capacity: 2G
 Pre-touch: Disabled
 Parallel Workers: 4
 Concurrent Workers: 1
 Concurrent Refinement Workers: 4
 Periodic GC: Disabled

Heap:
 garbage-first heap   total 95232K, used 71833K [0x0000000080000000, 0x0000000100000000)
  region size 1024K, 43 young (44032K), 4 survivors (4096K)
 Metaspace       used 42279K, committed 42816K, reserved 1114112K
  class space    used 4694K, committed 4928K, reserved 1048576K

Heap Regions: E=young(eden), S=young(survivor), O=old, HS=humongous(starts), HC=humongous(continues), CS=collection set, F=free, OA=open archive, CA=closed archive, TAMS=top-at-mark-start (previous, next)
|   0|0x0000000080000000, 0x0000000080100000, 0x0000000080100000|100%|HS|  |TAMS 0x0000000080100000, 0x0000000080000000| Complete 
|   1|0x0000000080100000, 0x0000000080200000, 0x0000000080200000|100%|HS|  |TAMS 0x0000000080200000, 0x0000000080100000| Complete 
|   2|0x0000000080200000, 0x0000000080300000, 0x0000000080300000|100%| O|  |TAMS 0x0000000080300000, 0x0000000080200000| Untracked 
|   3|0x0000000080300000, 0x0000000080400000, 0x0000000080400000|100%| O|  |TAMS 0x0000000080400000, 0x0000000080300000| Untracked 
|   4|0x0000000080400000, 0x0000000080500000, 0x0000000080500000|100%| O|  |TAMS 0x0000000080500000, 0x0000000080400000| Untracked 
|   5|0x0000000080500000, 0x0000000080600000, 0x0000000080600000|100%| O|  |TAMS 0x0000000080600000, 0x0000000080500000| Untracked 
|   6|0x0000000080600000, 0x0000000080700000, 0x0000000080700000|100%| O|  |TAMS 0x0000000080700000, 0x0000000080600000| Untracked 
|   7|0x0000000080700000, 0x0000000080800000, 0x0000000080800000|100%| O|  |TAMS 0x0000000080800000, 0x0000000080700000| Untracked 
|   8|0x0000000080800000, 0x0000000080900000, 0x0000000080900000|100%| O|  |TAMS 0x0000000080900000, 0x0000000080800000| Untracked 
|   9|0x0000000080900000, 0x0000000080a00000, 0x0000000080a00000|100%|HS|  |TAMS 0x0000000080a00000, 0x0000000080900000| Complete 
|  10|0x0000000080a00000, 0x0000000080b00000, 0x0000000080b00000|100%| O|  |TAMS 0x0000000080b00000, 0x0000000080a00000| Untracked 
|  11|0x0000000080b00000, 0x0000000080c00000, 0x0000000080c00000|100%| O|  |TAMS 0x0000000080c00000, 0x0000000080b00000| Untracked 
|  12|0x0000000080c00000, 0x0000000080d00000, 0x0000000080d00000|100%| O|  |TAMS 0x0000000080d00000, 0x0000000080c00000| Untracked 
|  13|0x0000000080d00000, 0x0000000080e00000, 0x0000000080e00000|100%| O|  |TAMS 0x0000000080e00000, 0x0000000080d00000| Untracked 
|  14|0x0000000080e00000, 0x0000000080f00000, 0x0000000080f00000|100%| O|  |TAMS 0x0000000080f00000, 0x0000000080e00000| Untracked 
|  15|0x0000000080f00000, 0x0000000081000000, 0x0000000081000000|100%| O|  |TAMS 0x0000000081000000, 0x0000000080f00000| Untracked 
|  16|0x0000000081000000, 0x0000000081100000, 0x0000000081100000|100%| O|  |TAMS 0x0000000081100000, 0x0000000081000000| Untracked 
|  17|0x0000000081100000, 0x0000000081200000, 0x0000000081200000|100%| O|  |TAMS 0x0000000081200000, 0x0000000081100000| Untracked 
|  18|0x0000000081200000, 0x0000000081300000, 0x0000000081300000|100%| O|  |TAMS 0x0000000081300000, 0x0000000081200000| Untracked 
|  19|0x0000000081300000, 0x0000000081400000, 0x0000000081400000|100%| O|  |TAMS 0x0000000081400000, 0x0000000081300000| Untracked 
|  20|0x0000000081400000, 0x00000000814b9400, 0x0000000081500000| 72%| O|  |TAMS 0x00000000814b9400, 0x0000000081400000| Untracked 
|  21|0x0000000081500000, 0x0000000081600000, 0x0000000081600000|100%| O|  |TAMS 0x0000000081600000, 0x0000000081500000| Untracked 
|  22|0x0000000081600000, 0x0000000081700000, 0x0000000081700000|100%| O|  |TAMS 0x0000000081613a00, 0x0000000081600000| Untracked 
|  23|0x0000000081700000, 0x0000000081800000, 0x0000000081800000|100%| O|  |TAMS 0x0000000081700000, 0x0000000081700000| Untracked 
|  24|0x0000000081800000, 0x0000000081900000, 0x0000000081900000|100%| O|  |TAMS 0x0000000081900000, 0x0000000081800000| Untracked 
|  25|0x0000000081900000, 0x0000000081a00000, 0x0000000081a00000|100%| O|  |TAMS 0x0000000081a00000, 0x0000000081900000| Untracked 
|  26|0x0000000081a00000, 0x0000000081a6d000, 0x0000000081b00000| 42%| O|  |TAMS 0x0000000081a00000, 0x0000000081a00000| Untracked 
|  27|0x0000000081b00000, 0x0000000081b00000, 0x0000000081c00000|  0%| F|  |TAMS 0x0000000081b00000, 0x0000000081b00000| Untracked 
|  28|0x0000000081c00000, 0x0000000081c00000, 0x0000000081d00000|  0%| F|  |TAMS 0x0000000081c00000, 0x0000000081c00000| Untracked 
|  29|0x0000000081d00000, 0x0000000081d00000, 0x0000000081e00000|  0%| F|  |TAMS 0x0000000081d00000, 0x0000000081d00000| Untracked 
|  30|0x0000000081e00000, 0x0000000081e00000, 0x0000000081f00000|  0%| F|  |TAMS 0x0000000081e00000, 0x0000000081e00000| Untracked 
|  31|0x0000000081f00000, 0x0000000082000000, 0x0000000082000000|100%| O|  |TAMS 0x0000000082000000, 0x0000000081f00000| Untracked 
|  32|0x0000000082000000, 0x0000000082100000, 0x0000000082100000|100%| O|  |TAMS 0x0000000082100000, 0x0000000082000000| Untracked 
|  33|0x0000000082100000, 0x0000000082200000, 0x0000000082200000|100%| O|  |TAMS 0x0000000082200000, 0x0000000082100000| Untracked 
|  34|0x0000000082200000, 0x0000000082200000, 0x0000000082300000|  0%| F|  |TAMS 0x0000000082200000, 0x0000000082200000| Untracked 
|  35|0x0000000082300000, 0x0000000082300000, 0x0000000082400000|  0%| F|  |TAMS 0x0000000082300000, 0x0000000082300000| Untracked 
|  36|0x0000000082400000, 0x0000000082400000, 0x0000000082500000|  0%| F|  |TAMS 0x0000000082400000, 0x0000000082400000| Untracked 
|  37|0x0000000082500000, 0x0000000082500000, 0x0000000082600000|  0%| F|  |TAMS 0x0000000082500000, 0x0000000082500000| Untracked 
|  38|0x0000000082600000, 0x0000000082600000, 0x0000000082700000|  0%| F|  |TAMS 0x0000000082600000, 0x0000000082600000| Untracked 
|  39|0x0000000082700000, 0x0000000082700000, 0x0000000082800000|  0%| F|  |TAMS 0x0000000082700000, 0x0000000082700000| Untracked 
|  40|0x0000000082800000, 0x0000000082800000, 0x0000000082900000|  0%| F|  |TAMS 0x0000000082800000, 0x0000000082800000| Untracked 
|  41|0x0000000082900000, 0x0000000082900000, 0x0000000082a00000|  0%| F|  |TAMS 0x0000000082900000, 0x0000000082900000| Untracked 
|  42|0x0000000082a00000, 0x0000000082a00000, 0x0000000082b00000|  0%| F|  |TAMS 0x0000000082a00000, 0x0000000082a00000| Untracked 
|  43|0x0000000082b00000, 0x0000000082b00000, 0x0000000082c00000|  0%| F|  |TAMS 0x0000000082b00000, 0x0000000082b00000| Untracked 
|  44|0x0000000082c00000, 0x0000000082c00000, 0x0000000082d00000|  0%| F|  |TAMS 0x0000000082c00000, 0x0000000082c00000| Untracked 
|  45|0x0000000082d00000, 0x0000000082d00000, 0x0000000082e00000|  0%| F|  |TAMS 0x0000000082d00000, 0x0000000082d00000| Untracked 
|  46|0x0000000082e00000, 0x0000000082e00000, 0x0000000082f00000|  0%| F|  |TAMS 0x0000000082e00000, 0x0000000082e00000| Untracked 
|  47|0x0000000082f00000, 0x0000000082f00000, 0x0000000083000000|  0%| F|  |TAMS 0x0000000082f00000, 0x0000000082f00000| Untracked 
|  48|0x0000000083000000, 0x0000000083000000, 0x0000000083100000|  0%| F|  |TAMS 0x0000000083000000, 0x0000000083000000| Untracked 
|  49|0x0000000083100000, 0x0000000083100000, 0x0000000083200000|  0%| F|  |TAMS 0x0000000083100000, 0x0000000083100000| Untracked 
|  50|0x0000000083200000, 0x0000000083300000, 0x0000000083300000|100%| E|  |TAMS 0x0000000083200000, 0x0000000083200000| Complete 
|  51|0x0000000083300000, 0x0000000083400000, 0x0000000083400000|100%| E|CS|TAMS 0x0000000083300000, 0x0000000083300000| Complete 
|  52|0x0000000083400000, 0x0000000083500000, 0x0000000083500000|100%| E|CS|TAMS 0x0000000083400000, 0x0000000083400000| Complete 
|  53|0x0000000083500000, 0x0000000083600000, 0x0000000083600000|100%| E|CS|TAMS 0x0000000083500000, 0x0000000083500000| Complete 
|  54|0x0000000083600000, 0x0000000083700000, 0x0000000083700000|100%| E|CS|TAMS 0x0000000083600000, 0x0000000083600000| Complete 
|  55|0x0000000083700000, 0x0000000083800000, 0x0000000083800000|100%| E|CS|TAMS 0x0000000083700000, 0x0000000083700000| Complete 
|  56|0x0000000083800000, 0x0000000083900000, 0x0000000083900000|100%| E|CS|TAMS 0x0000000083800000, 0x0000000083800000| Complete 
|  57|0x0000000083900000, 0x0000000083a00000, 0x0000000083a00000|100%| E|CS|TAMS 0x0000000083900000, 0x0000000083900000| Complete 
|  58|0x0000000083a00000, 0x0000000083b00000, 0x0000000083b00000|100%| E|CS|TAMS 0x0000000083a00000, 0x0000000083a00000| Complete 
|  59|0x0000000083b00000, 0x0000000083c00000, 0x0000000083c00000|100%| E|CS|TAMS 0x0000000083b00000, 0x0000000083b00000| Complete 
|  60|0x0000000083c00000, 0x0000000083d00000, 0x0000000083d00000|100%| E|CS|TAMS 0x0000000083c00000, 0x0000000083c00000| Complete 
|  61|0x0000000083d00000, 0x0000000083e00000, 0x0000000083e00000|100%| E|CS|TAMS 0x0000000083d00000, 0x0000000083d00000| Complete 
|  62|0x0000000083e00000, 0x0000000083f00000, 0x0000000083f00000|100%| E|CS|TAMS 0x0000000083e00000, 0x0000000083e00000| Complete 
|  63|0x0000000083f00000, 0x0000000084000000, 0x0000000084000000|100%| E|CS|TAMS 0x0000000083f00000, 0x0000000083f00000| Complete 
|  64|0x0000000084000000, 0x0000000084100000, 0x0000000084100000|100%| E|CS|TAMS 0x0000000084000000, 0x0000000084000000| Complete 
|  65|0x0000000084100000, 0x0000000084200000, 0x0000000084200000|100%| E|CS|TAMS 0x0000000084100000, 0x0000000084100000| Complete 
|  66|0x0000000084200000, 0x0000000084300000, 0x0000000084300000|100%| E|  |TAMS 0x0000000084200000, 0x0000000084200000| Complete 
|  67|0x0000000084300000, 0x0000000084400000, 0x0000000084400000|100%| E|CS|TAMS 0x0000000084300000, 0x0000000084300000| Complete 
|  68|0x0000000084400000, 0x0000000084500000, 0x0000000084500000|100%| E|CS|TAMS 0x0000000084400000, 0x0000000084400000| Complete 
|  69|0x0000000084500000, 0x0000000084600000, 0x0000000084600000|100%| E|CS|TAMS 0x0000000084500000, 0x0000000084500000| Complete 
|  70|0x0000000084600000, 0x0000000084700000, 0x0000000084700000|100%| E|CS|TAMS 0x0000000084600000, 0x0000000084600000| Complete 
|  71|0x0000000084700000, 0x0000000084800000, 0x0000000084800000|100%| E|CS|TAMS 0x0000000084700000, 0x0000000084700000| Complete 
|  72|0x0000000084800000, 0x0000000084900000, 0x0000000084900000|100%| E|CS|TAMS 0x0000000084800000, 0x0000000084800000| Complete 
|  73|0x0000000084900000, 0x0000000084a00000, 0x0000000084a00000|100%| S|CS|TAMS 0x0000000084900000, 0x0000000084900000| Complete 
|  74|0x0000000084a00000, 0x0000000084b00000, 0x0000000084b00000|100%| S|CS|TAMS 0x0000000084a00000, 0x0000000084a00000| Complete 
|  75|0x0000000084b00000, 0x0000000084c00000, 0x0000000084c00000|100%| S|CS|TAMS 0x0000000084b00000, 0x0000000084b00000| Complete 
|  76|0x0000000084c00000, 0x0000000084d00000, 0x0000000084d00000|100%| S|CS|TAMS 0x0000000084c00000, 0x0000000084c00000| Complete 
|  77|0x0000000084d00000, 0x0000000084e00000, 0x0000000084e00000|100%| E|CS|TAMS 0x0000000084d00000, 0x0000000084d00000| Complete 
|  78|0x0000000084e00000, 0x0000000084f00000, 0x0000000084f00000|100%| E|CS|TAMS 0x0000000084e00000, 0x0000000084e00000| Complete 
|  79|0x0000000084f00000, 0x0000000085000000, 0x0000000085000000|100%| E|CS|TAMS 0x0000000084f00000, 0x0000000084f00000| Complete 
|  80|0x0000000085000000, 0x0000000085100000, 0x0000000085100000|100%| E|CS|TAMS 0x0000000085000000, 0x0000000085000000| Complete 
|  81|0x0000000085100000, 0x0000000085200000, 0x0000000085200000|100%| E|CS|TAMS 0x0000000085100000, 0x0000000085100000| Complete 
|  82|0x0000000085200000, 0x0000000085300000, 0x0000000085300000|100%| E|CS|TAMS 0x0000000085200000, 0x0000000085200000| Complete 
|  83|0x0000000085300000, 0x0000000085400000, 0x0000000085400000|100%| E|CS|TAMS 0x0000000085300000, 0x0000000085300000| Complete 
|  84|0x0000000085400000, 0x0000000085500000, 0x0000000085500000|100%| E|CS|TAMS 0x0000000085400000, 0x0000000085400000| Complete 
|  85|0x0000000085500000, 0x0000000085600000, 0x0000000085600000|100%| E|CS|TAMS 0x0000000085500000, 0x0000000085500000| Complete 
|  86|0x0000000085600000, 0x0000000085700000, 0x0000000085700000|100%| E|CS|TAMS 0x0000000085600000, 0x0000000085600000| Complete 
|  87|0x0000000085700000, 0x0000000085800000, 0x0000000085800000|100%| E|CS|TAMS 0x0000000085700000, 0x0000000085700000| Complete 
|  88|0x0000000085800000, 0x0000000085900000, 0x0000000085900000|100%| E|CS|TAMS 0x0000000085800000, 0x0000000085800000| Complete 
|  89|0x0000000085900000, 0x0000000085a00000, 0x0000000085a00000|100%| E|CS|TAMS 0x0000000085900000, 0x0000000085900000| Complete 
|  90|0x0000000085a00000, 0x0000000085b00000, 0x0000000085b00000|100%| E|CS|TAMS 0x0000000085a00000, 0x0000000085a00000| Complete 
|  91|0x0000000085b00000, 0x0000000085c00000, 0x0000000085c00000|100%| E|CS|TAMS 0x0000000085b00000, 0x0000000085b00000| Complete 
| 127|0x0000000087f00000, 0x0000000088000000, 0x0000000088000000|100%| E|CS|TAMS 0x0000000087f00000, 0x0000000087f00000| Complete 

Card table byte_map: [0x0000025754420000,0x0000025754820000] _byte_map_base: 0x0000025754020000

Marking Bits (Prev, Next): (CMBitMap*) 0x00000257419fe9a0, (CMBitMap*) 0x00000257419fe9e0
 Prev Bits: [0x0000025754c20000, 0x0000025756c20000)
 Next Bits: [0x0000025756c20000, 0x0000025758c20000)

Polling page: 0x000002573f850000

Metaspace:

Usage:
  Non-class:     36.70 MB used.
      Class:      4.58 MB used.
       Both:     41.29 MB used.

Virtual space:
  Non-class space:       64.00 MB reserved,      37.00 MB ( 58%) committed,  1 nodes.
      Class space:        1.00 GB reserved,       4.81 MB ( <1%) committed,  1 nodes.
             Both:        1.06 GB reserved,      41.81 MB (  4%) committed. 

Chunk freelists:
   Non-Class:  10.17 MB
       Class:  11.13 MB
        Both:  21.30 MB

MaxMetaspaceSize: unlimited
CompressedClassSpaceSize: 1.00 GB
Initial GC threshold: 21.00 MB
Current GC threshold: 58.69 MB
CDS: off
MetaspaceReclaimPolicy: balanced
 - commit_granule_bytes: 65536.
 - commit_granule_words: 8192.
 - virtual_space_node_default_size: 8388608.
 - enlarge_chunks_in_place: 1.
 - new_chunks_are_fully_committed: 0.
 - uncommit_free_chunks: 1.
 - use_allocation_guard: 0.
 - handle_deallocations: 1.


Internal statistics:

num_allocs_failed_limit: 6.
num_arena_births: 656.
num_arena_deaths: 0.
num_vsnodes_births: 2.
num_vsnodes_deaths: 0.
num_space_committed: 669.
num_space_uncommitted: 0.
num_chunks_returned_to_freelist: 6.
num_chunks_taken_from_freelist: 1700.
num_chunk_merges: 3.
num_chunk_splits: 1144.
num_chunks_enlarged: 774.
num_inconsistent_stats: 0.

CodeHeap 'non-profiled nmethods': size=120000Kb used=2473Kb max_used=2766Kb free=117526Kb
 bounds [0x000002574caf0000, 0x000002574cdc0000, 0x0000025754020000]
CodeHeap 'profiled nmethods': size=120000Kb used=7644Kb max_used=8873Kb free=112355Kb
 bounds [0x0000025745020000, 0x00000257458d0000, 0x000002574c550000]
CodeHeap 'non-nmethods': size=5760Kb used=2308Kb max_used=2378Kb free=3451Kb
 bounds [0x000002574c550000, 0x000002574c7d0000, 0x000002574caf0000]
 total_blobs=5231 nmethods=4409 adapters=734
 compilation: enabled
              stopped_count=0, restarted_count=0
 full_count=0

Compilation events (20 events):
Event: 32.398 Thread 0x000002575b15f350 5257   !   3       sun.nio.cs.StreamDecoder::read (196 bytes)
Event: 32.399 Thread 0x000002575b15f350 nmethod 5257 0x0000025745058a10 code [0x0000025745058c80, 0x0000025745059868]
Event: 32.399 Thread 0x000002575b15f350 5259       3       java.io.Reader::<init> (27 bytes)
Event: 32.399 Thread 0x000002575b15f350 nmethod 5259 0x00000257451d4e90 code [0x00000257451d5040, 0x00000257451d5328]
Event: 32.413 Thread 0x000002575b15f350 5260       3       java.util.ServiceLoader$ModuleServicesLookupIterator::iteratorFor (191 bytes)
Event: 32.418 Thread 0x000002575b15f350 nmethod 5260 0x0000025745415f90 code [0x00000257454165c0, 0x000002574541a0c8]
Event: 32.418 Thread 0x000002575b15f350 5261       3       java.lang.CompoundEnumeration::nextElement (30 bytes)
Event: 32.421 Thread 0x000002575b15f350 nmethod 5261 0x00000257451d4790 code [0x00000257451d4960, 0x00000257451d4c88]
Event: 32.432 Thread 0x000002575b15f350 5262       3       java.util.stream.StreamSupport::stream (19 bytes)
Event: 32.433 Thread 0x000002575b15f350 nmethod 5262 0x0000025745277e90 code [0x0000025745278060, 0x0000025745278488]
Event: 32.436 Thread 0x000002575b15f350 5263       3       java.util.concurrent.ConcurrentHashMap::getOrDefault (16 bytes)
Event: 32.436 Thread 0x000002575b15f350 nmethod 5263 0x0000025745415990 code [0x0000025745415b40, 0x0000025745415ce8]
Event: 32.441 Thread 0x000002575b15f350 5264       3       jdk.internal.loader.URLClassPath$1::<init> (30 bytes)
Event: 32.441 Thread 0x000002575b15f350 nmethod 5264 0x0000025745277990 code [0x0000025745277b40, 0x0000025745277d98]
Event: 32.449 Thread 0x000002575b15f350 5265       3       java.util.regex.Matcher::group (112 bytes)
Event: 32.450 Thread 0x000002575b15f350 nmethod 5265 0x00000257456fb010 code [0x00000257456fb2a0, 0x00000257456fbd88]
Event: 32.450 Thread 0x000002575b15f350 5266       3       java.util.regex.Matcher::getSubSequence (12 bytes)
Event: 32.451 Thread 0x000002575b15f350 nmethod 5266 0x0000025745301d10 code [0x0000025745301ec0, 0x0000025745302088]
Event: 32.470 Thread 0x000002575b15f350 5268       3       java.util.jar.JarFile::getEntry (35 bytes)
Event: 32.471 Thread 0x000002575b15f350 nmethod 5268 0x0000025745301510 code [0x0000025745301700, 0x0000025745301b78]

GC Heap History (20 events):
Event: 4.274 GC heap before
{Heap before GC invocations=3 (full 0):
 garbage-first heap   total 131072K, used 91183K [0x0000000080000000, 0x0000000100000000)
  region size 1024K, 75 young (76800K), 2 survivors (2048K)
 Metaspace       used 20321K, committed 20608K, reserved 1114112K
  class space    used 2080K, committed 2240K, reserved 1048576K
}
Event: 4.289 GC heap after
{Heap after GC invocations=4 (full 0):
 garbage-first heap   total 131072K, used 21862K [0x0000000080000000, 0x0000000100000000)
  region size 1024K, 7 young (7168K), 7 survivors (7168K)
 Metaspace       used 20321K, committed 20608K, reserved 1114112K
  class space    used 2080K, committed 2240K, reserved 1048576K
}
Event: 4.722 GC heap before
{Heap before GC invocations=4 (full 0):
 garbage-first heap   total 131072K, used 59750K [0x0000000080000000, 0x0000000100000000)
  region size 1024K, 45 young (46080K), 7 survivors (7168K)
 Metaspace       used 21281K, committed 21504K, reserved 1114112K
  class space    used 2169K, committed 2304K, reserved 1048576K
}
Event: 4.735 GC heap after
{Heap after GC invocations=5 (full 0):
 garbage-first heap   total 131072K, used 22200K [0x0000000080000000, 0x0000000100000000)
  region size 1024K, 1 young (1024K), 1 survivors (1024K)
 Metaspace       used 21281K, committed 21504K, reserved 1114112K
  class space    used 2169K, committed 2304K, reserved 1048576K
}
Event: 6.583 GC heap before
{Heap before GC invocations=6 (full 0):
 garbage-first heap   total 78848K, used 68280K [0x0000000080000000, 0x0000000100000000)
  region size 1024K, 46 young (47104K), 1 survivors (1024K)
 Metaspace       used 28676K, committed 29056K, reserved 1114112K
  class space    used 3028K, committed 3200K, reserved 1048576K
}
Event: 6.597 GC heap after
{Heap after GC invocations=7 (full 0):
 garbage-first heap   total 78848K, used 25473K [0x0000000080000000, 0x0000000100000000)
  region size 1024K, 5 young (5120K), 5 survivors (5120K)
 Metaspace       used 28676K, committed 29056K, reserved 1114112K
  class space    used 3028K, committed 3200K, reserved 1048576K
}
Event: 6.929 GC heap before
{Heap before GC invocations=7 (full 0):
 garbage-first heap   total 78848K, used 59265K [0x0000000080000000, 0x0000000100000000)
  region size 1024K, 35 young (35840K), 5 survivors (5120K)
 Metaspace       used 29903K, committed 30272K, reserved 1114112K
  class space    used 3110K, committed 3264K, reserved 1048576K
}
Event: 6.941 GC heap after
{Heap after GC invocations=8 (full 0):
 garbage-first heap   total 78848K, used 26560K [0x0000000080000000, 0x0000000100000000)
  region size 1024K, 1 young (1024K), 1 survivors (1024K)
 Metaspace       used 29903K, committed 30272K, reserved 1114112K
  class space    used 3110K, committed 3264K, reserved 1048576K
}
Event: 7.317 GC heap before
{Heap before GC invocations=8 (full 0):
 garbage-first heap   total 78848K, used 58304K [0x0000000080000000, 0x0000000100000000)
  region size 1024K, 32 young (32768K), 1 survivors (1024K)
 Metaspace       used 30868K, committed 31232K, reserved 1114112K
  class space    used 3241K, committed 3392K, reserved 1048576K
}
Event: 7.321 GC heap after
{Heap after GC invocations=9 (full 0):
 garbage-first heap   total 78848K, used 26560K [0x0000000080000000, 0x0000000100000000)
  region size 1024K, 1 young (1024K), 1 survivors (1024K)
 Metaspace       used 30868K, committed 31232K, reserved 1114112K
  class space    used 3241K, committed 3392K, reserved 1048576K
}
Event: 7.683 GC heap before
{Heap before GC invocations=9 (full 0):
 garbage-first heap   total 78848K, used 60352K [0x0000000080000000, 0x0000000100000000)
  region size 1024K, 34 young (34816K), 1 survivors (1024K)
 Metaspace       used 31519K, committed 31936K, reserved 1114112K
  class space    used 3305K, committed 3520K, reserved 1048576K
}
Event: 7.688 GC heap after
{Heap after GC invocations=10 (full 0):
 garbage-first heap   total 78848K, used 27561K [0x0000000080000000, 0x0000000100000000)
  region size 1024K, 2 young (2048K), 2 survivors (2048K)
 Metaspace       used 31519K, committed 31936K, reserved 1114112K
  class space    used 3305K, committed 3520K, reserved 1048576K
}
Event: 8.256 GC heap before
{Heap before GC invocations=10 (full 0):
 garbage-first heap   total 78848K, used 61353K [0x0000000080000000, 0x0000000100000000)
  region size 1024K, 35 young (35840K), 2 survivors (2048K)
 Metaspace       used 32442K, committed 32832K, reserved 1114112K
  class space    used 3390K, committed 3584K, reserved 1048576K
}
Event: 8.265 GC heap after
{Heap after GC invocations=11 (full 0):
 garbage-first heap   total 95232K, used 28938K [0x0000000080000000, 0x0000000100000000)
  region size 1024K, 4 young (4096K), 4 survivors (4096K)
 Metaspace       used 32442K, committed 32832K, reserved 1114112K
  class space    used 3390K, committed 3584K, reserved 1048576K
}
Event: 8.886 GC heap before
{Heap before GC invocations=11 (full 0):
 garbage-first heap   total 95232K, used 72970K [0x0000000080000000, 0x0000000100000000)
  region size 1024K, 47 young (48128K), 4 survivors (4096K)
 Metaspace       used 32616K, committed 33024K, reserved 1114112K
  class space    used 3398K, committed 3584K, reserved 1048576K
}
Event: 8.897 GC heap after
{Heap after GC invocations=12 (full 0):
 garbage-first heap   total 95232K, used 29984K [0x0000000080000000, 0x0000000100000000)
  region size 1024K, 4 young (4096K), 4 survivors (4096K)
 Metaspace       used 32616K, committed 33024K, reserved 1114112K
  class space    used 3398K, committed 3584K, reserved 1048576K
}
Event: 9.856 GC heap before
{Heap before GC invocations=12 (full 0):
 garbage-first heap   total 95232K, used 75040K [0x0000000080000000, 0x0000000100000000)
  region size 1024K, 48 young (49152K), 4 survivors (4096K)
 Metaspace       used 34003K, committed 34496K, reserved 1114112K
  class space    used 3553K, committed 3776K, reserved 1048576K
}
Event: 9.874 GC heap after
{Heap after GC invocations=13 (full 0):
 garbage-first heap   total 95232K, used 33254K [0x0000000080000000, 0x0000000100000000)
  region size 1024K, 6 young (6144K), 6 survivors (6144K)
 Metaspace       used 34003K, committed 34496K, reserved 1114112K
  class space    used 3553K, committed 3776K, reserved 1048576K
}
Event: 10.538 GC heap before
{Heap before GC invocations=13 (full 0):
 garbage-first heap   total 95232K, used 48614K [0x0000000080000000, 0x0000000100000000)
  region size 1024K, 22 young (22528K), 6 survivors (6144K)
 Metaspace       used 35484K, committed 35968K, reserved 1114112K
  class space    used 3785K, committed 4032K, reserved 1048576K
}
Event: 10.555 GC heap after
{Heap after GC invocations=14 (full 0):
 garbage-first heap   total 95232K, used 33945K [0x0000000080000000, 0x0000000100000000)
  region size 1024K, 4 young (4096K), 4 survivors (4096K)
 Metaspace       used 35484K, committed 35968K, reserved 1114112K
  class space    used 3785K, committed 4032K, reserved 1048576K
}

Dll operation events (7 events):
Event: 0.011 Loaded shared library C:\Users\Admin\.katalon\packages\KS-9.7.2\jre\bin\java.dll
Event: 0.519 Loaded shared library C:\Users\Admin\.katalon\packages\KS-9.7.2\jre\bin\net.dll
Event: 0.522 Loaded shared library C:\Users\Admin\.katalon\packages\KS-9.7.2\jre\bin\nio.dll
Event: 0.537 Loaded shared library C:\Users\Admin\.katalon\packages\KS-9.7.2\jre\bin\zip.dll
Event: 1.316 Loaded shared library C:\Users\Admin\.katalon\packages\KS-9.7.2\jre\bin\verify.dll
Event: 1.720 Loaded shared library C:\Users\Admin\.katalon\packages\KS-9.7.2\jre\bin\jimage.dll
Event: 22.249 Loaded shared library C:\Users\Admin\.katalon\packages\KS-9.7.2\jre\bin\sunmscapi.dll

Deoptimization events (20 events):
Event: 31.924 Thread 0x00000257419a30e0 Uncommon trap: trap_request=0xffffff45 fr.pc=0x000002574ccff0dc relative=0x00000000000011bc
Event: 31.924 Thread 0x00000257419a30e0 Uncommon trap: reason=unstable_if action=reinterpret pc=0x000002574ccff0dc method=java.util.concurrent.ConcurrentHashMap.putVal(Ljava/lang/Object;Ljava/lang/Object;Z)Ljava/lang/Object; @ 231 c2
Event: 31.924 Thread 0x00000257419a30e0 DEOPT PACKING pc=0x000002574ccff0dc sp=0x0000009217afab40
Event: 31.924 Thread 0x00000257419a30e0 DEOPT UNPACKING pc=0x000002574c5a69a3 sp=0x0000009217afaab0 mode 2
Event: 32.168 Thread 0x00000257419a30e0 DEOPT PACKING pc=0x0000025745584a4d sp=0x0000009217af4b70
Event: 32.168 Thread 0x00000257419a30e0 DEOPT UNPACKING pc=0x000002574c5a7143 sp=0x0000009217af3ff8 mode 0
Event: 32.169 Thread 0x00000257419a30e0 DEOPT PACKING pc=0x0000025745584a4d sp=0x0000009217af4b70
Event: 32.169 Thread 0x00000257419a30e0 DEOPT UNPACKING pc=0x000002574c5a7143 sp=0x0000009217af3ff8 mode 0
Event: 32.169 Thread 0x00000257419a30e0 DEOPT PACKING pc=0x0000025745584b25 sp=0x0000009217af4b70
Event: 32.169 Thread 0x00000257419a30e0 DEOPT UNPACKING pc=0x000002574c5a7143 sp=0x0000009217af3ff8 mode 0
Event: 32.169 Thread 0x00000257419a30e0 DEOPT PACKING pc=0x0000025745584b25 sp=0x0000009217af4b70
Event: 32.169 Thread 0x00000257419a30e0 DEOPT UNPACKING pc=0x000002574c5a7143 sp=0x0000009217af3ff8 mode 0
Event: 32.219 Thread 0x00000257419a30e0 Uncommon trap: trap_request=0xffffff45 fr.pc=0x000002574cc408d4 relative=0x0000000000000b74
Event: 32.219 Thread 0x00000257419a30e0 Uncommon trap: reason=unstable_if action=reinterpret pc=0x000002574cc408d4 method=java.lang.Integer.stringSize(I)I @ 19 c2
Event: 32.219 Thread 0x00000257419a30e0 DEOPT PACKING pc=0x000002574cc408d4 sp=0x0000009217af8840
Event: 32.219 Thread 0x00000257419a30e0 DEOPT UNPACKING pc=0x000002574c5a69a3 sp=0x0000009217af87a8 mode 2
Event: 32.468 Thread 0x00000257419a30e0 Uncommon trap: trap_request=0xffffff45 fr.pc=0x000002574cb33074 relative=0x0000000000001a14
Event: 32.468 Thread 0x00000257419a30e0 Uncommon trap: reason=unstable_if action=reinterpret pc=0x000002574cb33074 method=java.util.jar.JarFile.getEntry(Ljava/lang/String;)Ljava/util/zip/ZipEntry; @ 15 c2
Event: 32.468 Thread 0x00000257419a30e0 DEOPT PACKING pc=0x000002574cb33074 sp=0x0000009217af6750
Event: 32.468 Thread 0x00000257419a30e0 DEOPT UNPACKING pc=0x000002574c5a69a3 sp=0x0000009217af6758 mode 2

Classes unloaded (0 events):
No events

Classes redefined (0 events):
No events

Internal exceptions (20 events):
Event: 20.771 Thread 0x0000025762108d40 Exception <a 'java/net/ConnectException'{0x0000000085b94350}: Connection refused: no further information> (0x0000000085b94350) 
thrown [s\src\hotspot\share\prims\jni.cpp, line 535]
Event: 20.771 Thread 0x0000025762108d40 Exception <a 'java/net/SocketException'{0x0000000085b94688}: Socket is not connected: shutdown> (0x0000000085b94688) 
thrown [s\src\hotspot\share\prims\jni.cpp, line 535]
Event: 21.095 Thread 0x0000025762108d40 Exception <a 'java/net/ConnectException'{0x0000000085b95788}: Connection refused: no further information> (0x0000000085b95788) 
thrown [s\src\hotspot\share\prims\jni.cpp, line 535]
Event: 21.095 Thread 0x0000025762108d40 Exception <a 'java/net/SocketException'{0x0000000085b95ac0}: Socket is not connected: shutdown> (0x0000000085b95ac0) 
thrown [s\src\hotspot\share\prims\jni.cpp, line 535]
Event: 21.417 Thread 0x0000025762108d40 Exception <a 'java/net/ConnectException'{0x0000000085b96bc0}: Connection refused: no further information> (0x0000000085b96bc0) 
thrown [s\src\hotspot\share\prims\jni.cpp, line 535]
Event: 21.417 Thread 0x0000025762108d40 Exception <a 'java/net/SocketException'{0x0000000085b96ef8}: Socket is not connected: shutdown> (0x0000000085b96ef8) 
thrown [s\src\hotspot\share\prims\jni.cpp, line 535]
Event: 21.968 Thread 0x00000257419a30e0 Exception <a 'sun/nio/fs/WindowsException'{0x0000000085877348}> (0x0000000085877348) 
thrown [s\src\hotspot\share\prims\jni.cpp, line 516]
Event: 22.058 Thread 0x00000257419a30e0 Exception <a 'java/lang/NoSuchMethodError'{0x000000008574bdb8}: 'java.lang.Object java.lang.invoke.DirectMethodHandle$Holder.invokeStaticInit(java.lang.Object, int, int, int, int)'> (0x000000008574bdb8) 
thrown [s\src\hotspot\share\interpreter\linkResolver.cpp, line 759]
Event: 22.174 Thread 0x00000257419a30e0 Exception <a 'java/lang/NoSuchMethodError'{0x00000000857f86d8}: 'java.lang.Object java.lang.invoke.DirectMethodHandle$Holder.invokeStaticInit(java.lang.Object, java.lang.Object, int, int, int, int)'> (0x00000000857f86d8) 
thrown [s\src\hotspot\share\interpreter\linkResolver.cpp, line 759]
Event: 22.461 Thread 0x00000257419a30e0 Exception <a 'java/lang/IncompatibleClassChangeError'{0x000000008501fe50}: Found class java.lang.Object, but interface was expected> (0x000000008501fe50) 
thrown [s\src\hotspot\share\interpreter\linkResolver.cpp, line 826]
Event: 22.462 Thread 0x00000257419a30e0 Exception <a 'java/lang/NoSuchMethodError'{0x0000000085026a30}: 'int java.lang.invoke.DirectMethodHandle$Holder.invokeSpecialIFC(java.lang.Object, java.lang.Object, java.lang.Object, java.lang.Object)'> (0x0000000085026a30) 
thrown [s\src\hotspot\share\interpreter\linkResolver.cpp, line 759]
Event: 22.489 Thread 0x00000257419a30e0 Exception <a 'java/lang/NoSuchMethodError'{0x00000000850ae3c0}: 'double java.lang.invoke.DirectMethodHandle$Holder.invokeVirtual(java.lang.Object, java.lang.Object)'> (0x00000000850ae3c0) 
thrown [s\src\hotspot\share\interpreter\linkResolver.cpp, line 759]
Event: 22.490 Thread 0x00000257419a30e0 Exception <a 'java/lang/NoSuchMethodError'{0x00000000850b4de8}: 'float java.lang.invoke.DirectMethodHandle$Holder.invokeVirtual(java.lang.Object, java.lang.Object)'> (0x00000000850b4de8) 
thrown [s\src\hotspot\share\interpreter\linkResolver.cpp, line 759]
Event: 22.492 Thread 0x00000257419a30e0 Exception <a 'java/lang/NoSuchMethodError'{0x00000000850be050}: 'long java.lang.invoke.DirectMethodHandle$Holder.invokeVirtual(java.lang.Object, java.lang.Object)'> (0x00000000850be050) 
thrown [s\src\hotspot\share\interpreter\linkResolver.cpp, line 759]
Event: 22.697 Thread 0x00000257419a30e0 Exception <a 'java/lang/NoSuchMethodError'{0x000000008472ca18}: 'void java.lang.invoke.DirectMethodHandle$Holder.invokeInterface(java.lang.Object, java.lang.Object, java.lang.Object)'> (0x000000008472ca18) 
thrown [s\src\hotspot\share\interpreter\linkResolver.cpp, line 759]
Event: 31.855 Thread 0x00000257419a30e0 Exception <a 'java/lang/NoSuchMethodError'{0x0000000083eec7b0}: 'java.lang.Object java.lang.invoke.DirectMethodHandle$Holder.invokeSpecialIFC(java.lang.Object, java.lang.Object, java.lang.Object)'> (0x0000000083eec7b0) 
thrown [s\src\hotspot\share\interpreter\linkResolver.cpp, line 759]
Event: 31.869 Thread 0x00000257419a30e0 Exception <a 'java/lang/ClassNotFoundException'{0x0000000083d3eee8}: sun/util/logging/resources/spi/loggingProvider> (0x0000000083d3eee8) 
thrown [s\src\hotspot\share\classfile\systemDictionary.cpp, line 256]
Event: 31.920 Thread 0x00000257419a30e0 Exception <a 'java/lang/NoSuchMethodError'{0x0000000083df7940}: 'java.lang.Object java.lang.invoke.Invokers$Holder.invoke_MT(java.lang.Object, java.lang.Object, java.lang.Object, java.lang.Object, java.lang.Object)'> (0x0000000083df7940) 
thrown [s\src\hotspot\share\interpreter\linkResolver.cpp, line 759]
Event: 31.921 Thread 0x00000257419a30e0 Exception <a 'java/lang/NoSuchMethodError'{0x0000000083dfc018}: 'void java.lang.invoke.Invokers$Holder.invokeExact_MT(java.lang.Object, java.lang.Object, java.lang.Object, java.lang.Object, java.lang.Object)'> (0x0000000083dfc018) 
thrown [s\src\hotspot\share\interpreter\linkResolver.cpp, line 759]
Event: 32.103 Thread 0x00000257419a30e0 Exception <a 'java/lang/NoSuchMethodError'{0x0000000083c9a2d0}: 'java.lang.Object java.lang.invoke.DirectMethodHandle$Holder.invokeSpecialIFC(java.lang.Object, java.lang.Object)'> (0x0000000083c9a2d0) 
thrown [s\src\hotspot\share\interpreter\linkResolver.cpp, line 759]

VM Operations (20 events):
Event: 21.784 Executing VM operation: HandshakeAllThreads
Event: 21.784 Executing VM operation: HandshakeAllThreads done
Event: 21.787 Executing VM operation: HandshakeAllThreads
Event: 21.787 Executing VM operation: HandshakeAllThreads done
Event: 21.970 Executing VM operation: HandshakeAllThreads
Event: 21.970 Executing VM operation: HandshakeAllThreads done
Event: 21.970 Executing VM operation: Cleanup
Event: 21.970 Executing VM operation: Cleanup done
Event: 21.971 Executing VM operation: HandshakeAllThreads
Event: 21.971 Executing VM operation: HandshakeAllThreads done
Event: 21.972 Executing VM operation: HandshakeAllThreads
Event: 21.972 Executing VM operation: HandshakeAllThreads done
Event: 22.971 Executing VM operation: Cleanup
Event: 22.972 Executing VM operation: Cleanup done
Event: 23.972 Executing VM operation: Cleanup
Event: 23.972 Executing VM operation: Cleanup done
Event: 26.973 Executing VM operation: Cleanup
Event: 26.973 Executing VM operation: Cleanup done
Event: 31.976 Executing VM operation: Cleanup
Event: 31.977 Executing VM operation: Cleanup done

Events (20 events):
Event: 31.870 loading class java/util/Formatter$DateTime
Event: 31.870 loading class java/util/Formatter$DateTime done
Event: 31.871 loading class java/time/ZonedDateTime$1
Event: 31.871 loading class java/time/ZonedDateTime$1 done
Event: 31.871 loading class java/time/LocalDate$1
Event: 31.871 loading class java/time/LocalDate$1 done
Event: 31.871 loading class java/time/LocalTime$1
Event: 31.872 loading class java/time/LocalTime$1 done
Event: 31.912 loading class java/util/UUID$Holder
Event: 31.912 loading class java/util/UUID$Holder done
Event: 31.918 loading class java/lang/invoke/ConstantBootstraps
Event: 31.919 loading class java/lang/invoke/ConstantBootstraps done
Event: 31.947 loading class java/lang/ThreadLocal$SuppliedThreadLocal
Event: 31.947 loading class java/lang/ThreadLocal$SuppliedThreadLocal done
Event: 32.101 loading class jdk/internal/access/foreign/MemorySegmentProxy
Event: 32.101 loading class jdk/internal/access/foreign/MemorySegmentProxy done
Event: 32.198 loading class javax/net/ssl/SSLHandshakeException
Event: 32.198 loading class javax/net/ssl/SSLHandshakeException done
Event: 32.258 loading class java/lang/InstantiationError
Event: 32.258 loading class java/lang/InstantiationError done


Dynamic libraries:
0x00007ff6a5830000 - 0x00007ff6a583e000 	C:\Users\Admin\.katalon\packages\KS-9.7.2\jre\bin\javaw.exe
0x00007fffa0950000 - 0x00007fffa0b3e000 	C:\Windows\SYSTEM32\ntdll.dll
0x00007fff9db90000 - 0x00007fff9dc43000 	C:\Windows\System32\KERNEL32.DLL
0x00007fff9d820000 - 0x00007fff9dabd000 	C:\Windows\System32\KERNELBASE.dll
0x00007fff9ca50000 - 0x00007fff9cb4a000 	C:\Windows\System32\ucrtbase.dll
0x00007fff961b0000 - 0x00007fff961c7000 	C:\Users\Admin\.katalon\packages\KS-9.7.2\jre\bin\jli.dll
0x00007fff9e1f0000 - 0x00007fff9e387000 	C:\Windows\System32\USER32.dll
0x00007fff9c9b0000 - 0x00007fff9c9d0000 	C:\Windows\System32\win32u.dll
0x00007fff9ee90000 - 0x00007fff9eeb9000 	C:\Windows\System32\GDI32.dll
0x00007fff9cc50000 - 0x00007fff9cdf7000 	C:\Windows\System32\gdi32full.dll
0x00007fff9cbb0000 - 0x00007fff9cc50000 	C:\Windows\System32\msvcp_win.dll
0x00007fff96190000 - 0x00007fff961a9000 	C:\Users\Admin\.katalon\packages\KS-9.7.2\jre\bin\VCRUNTIME140.dll
0x00007fff86380000 - 0x00007fff865f9000 	C:\Windows\WinSxS\amd64_microsoft.windows.common-controls_6595b64144ccf1df_6.0.17763.6532_none_de70be92534bb012\COMCTL32.dll
0x00007fff9edf0000 - 0x00007fff9ee8e000 	C:\Windows\System32\msvcrt.dll
0x00007fff9dc50000 - 0x00007fff9df7a000 	C:\Windows\System32\combase.dll
0x00007fff9ec40000 - 0x00007fff9ed58000 	C:\Windows\System32\RPCRT4.dll
0x00007fff9d040000 - 0x00007fff9d0c2000 	C:\Windows\System32\bcryptPrimitives.dll
0x00007fff9f1a0000 - 0x00007fff9f1ce000 	C:\Windows\System32\IMM32.DLL
0x00007fff963b0000 - 0x00007fff963bc000 	C:\Users\Admin\.katalon\packages\KS-9.7.2\jre\bin\vcruntime140_1.dll
0x00007fff45070000 - 0x00007fff45101000 	C:\Users\Admin\.katalon\packages\KS-9.7.2\jre\bin\msvcp140.dll
0x00007fff38260000 - 0x00007fff38ea8000 	C:\Users\Admin\.katalon\packages\KS-9.7.2\jre\bin\server\jvm.dll
0x00007fff9dfe0000 - 0x00007fff9e088000 	C:\Windows\System32\ADVAPI32.dll
0x00007fffa07f0000 - 0x00007fffa0892000 	C:\Windows\System32\sechost.dll
0x00007fff9c9d0000 - 0x00007fff9c9f6000 	C:\Windows\System32\bcrypt.dll
0x00007fff83d70000 - 0x00007fff83d79000 	C:\Windows\SYSTEM32\WSOCK32.dll
0x00007fffa0780000 - 0x00007fffa07ed000 	C:\Windows\System32\WS2_32.dll
0x00007fff98370000 - 0x00007fff98394000 	C:\Windows\SYSTEM32\WINMM.dll
0x00007fff961d0000 - 0x00007fff961da000 	C:\Windows\SYSTEM32\VERSION.dll
0x00007fff98340000 - 0x00007fff9836d000 	C:\Windows\SYSTEM32\WINMMBASE.dll
0x00007fff9ca00000 - 0x00007fff9ca4a000 	C:\Windows\System32\cfgmgr32.dll
0x00007fff9c900000 - 0x00007fff9c911000 	C:\Windows\System32\kernel.appcore.dll
0x00007fff96250000 - 0x00007fff9625a000 	C:\Users\Admin\.katalon\packages\KS-9.7.2\jre\bin\jimage.dll
0x00007fff9b190000 - 0x00007fff9b37d000 	C:\Windows\SYSTEM32\DBGHELP.DLL
0x00007fff82cd0000 - 0x00007fff82cfa000 	C:\Windows\SYSTEM32\dbgcore.DLL
0x00007fff960a0000 - 0x00007fff960c5000 	C:\Users\Admin\.katalon\packages\KS-9.7.2\jre\bin\java.dll
0x00007fff96230000 - 0x00007fff96248000 	C:\Users\Admin\.katalon\packages\KS-9.7.2\jre\bin\zip.dll
0x00007fff9f280000 - 0x00007fffa0778000 	C:\Windows\System32\SHELL32.dll
0x00007fff9e390000 - 0x00007fff9e437000 	C:\Windows\System32\shcore.dll
0x00007fff9d0d0000 - 0x00007fff9d818000 	C:\Windows\System32\windows.storage.dll
0x00007fff9c980000 - 0x00007fff9c9a3000 	C:\Windows\System32\profapi.dll
0x00007fff9c920000 - 0x00007fff9c97d000 	C:\Windows\System32\powrprof.dll
0x00007fff9df80000 - 0x00007fff9dfd2000 	C:\Windows\System32\shlwapi.dll
0x00007fff9d020000 - 0x00007fff9d03b000 	C:\Windows\System32\cryptsp.dll
0x00007fff96080000 - 0x00007fff96099000 	C:\Users\Admin\.katalon\packages\KS-9.7.2\jre\bin\net.dll
0x00007fff90240000 - 0x00007fff9033d000 	C:\Windows\SYSTEM32\WINHTTP.dll
0x00007fff9c0e0000 - 0x00007fff9c147000 	C:\Windows\system32\mswsock.dll
0x00007fff89a00000 - 0x00007fff89a15000 	C:\Users\Admin\.katalon\packages\KS-9.7.2\jre\bin\nio.dll
0x00007fff96070000 - 0x00007fff96080000 	C:\Users\Admin\.katalon\packages\KS-9.7.2\jre\bin\verify.dll
0x00007fff9bde0000 - 0x00007fff9be1d000 	C:\Windows\SYSTEM32\IPHLPAPI.DLL
0x00007fff9f190000 - 0x00007fff9f198000 	C:\Windows\System32\NSI.dll
0x00007fff95580000 - 0x00007fff95596000 	C:\Windows\SYSTEM32\dhcpcsvc6.DLL
0x00007fff95560000 - 0x00007fff9557c000 	C:\Windows\SYSTEM32\dhcpcsvc.DLL
0x00007fff9be20000 - 0x00007fff9bee6000 	C:\Windows\SYSTEM32\DNSAPI.dll
0x00007fff9bc10000 - 0x00007fff9bc43000 	C:\Windows\system32\rsaenh.dll
0x00007fff9c810000 - 0x00007fff9c839000 	C:\Windows\SYSTEM32\USERENV.dll
0x00007fff9c260000 - 0x00007fff9c26c000 	C:\Windows\SYSTEM32\CRYPTBASE.dll
0x00007fff95cf0000 - 0x00007fff95cfe000 	C:\Users\Admin\.katalon\packages\KS-9.7.2\jre\bin\sunmscapi.dll
0x00007fff9ce00000 - 0x00007fff9d011000 	C:\Windows\System32\CRYPT32.dll
0x00007fff9c8e0000 - 0x00007fff9c8f2000 	C:\Windows\System32\MSASN1.dll
0x00007fff9c400000 - 0x00007fff9c42c000 	C:\Windows\SYSTEM32\ncrypt.dll
0x00007fff9c3c0000 - 0x00007fff9c3fc000 	C:\Windows\SYSTEM32\NTASN1.dll
0x00007fff95950000 - 0x00007fff95959000 	C:\Users\Admin\.katalon\packages\KS-9.7.2\jre\bin\management.dll
0x00007fff95940000 - 0x00007fff9594b000 	C:\Users\Admin\.katalon\packages\KS-9.7.2\jre\bin\management_ext.dll
0x00007fff9eec0000 - 0x00007fff9eec8000 	C:\Windows\System32\PSAPI.DLL

dbghelp: loaded successfully - version: 4.0.5 - missing functions: none
symbol engine: initialized successfully - sym options: 0x614 - pdb path: .;C:\Users\Admin\.katalon\packages\KS-9.7.2\jre\bin;C:\Windows\SYSTEM32;C:\Windows\WinSxS\amd64_microsoft.windows.common-controls_6595b64144ccf1df_6.0.17763.6532_none_de70be92534bb012;C:\Users\Admin\.katalon\packages\KS-9.7.2\jre\bin\server

VM Arguments:
jvm_args: -Dgroovy.home=C:\Users\Admin/.groovy -Djava.system.class.loader=groovy.lang.GroovyClassLoader -Xmx2048m -Dfile.encoding=UTF-8 -XX:+ShowCodeDetailsInExceptionMessages 
java_command: org.codehaus.groovy.tools.GroovyStarter --classpath C:\Users\Admin\Katalon Studio\FisrtProject\bin\keyword;C:\Users\Admin\Katalon Studio\FisrtProject\Keywords;C:\Users\Admin\Katalon Studio\FisrtProject\bin\listener;C:\Users\Admin\Katalon Studio\FisrtProject\Test Listeners;C:\Users\Admin\Katalon Studio\FisrtProject\bin\lib;C:\Users\Admin\Katalon Studio\FisrtProject\Libs;C:\Users\Admin\Katalon Studio\FisrtProject\bin\groovy;C:\Users\Admin\Katalon Studio\FisrtProject\Include\scripts\groovy;C:\Users\Admin\.katalon\packages\KS-9.7.2\plugins\com.kms.katalon.core_1.0.0.202409190502.jar;C:\Users\Admin\.katalon\packages\KS-9.7.2\configuration\resources\lib\aalto-xml-1.0.0.jar;C:\Users\Admin\.katalon\packages\KS-9.7.2\configuration\resources\lib\aspectjweaver-1.9.1.jar;C:\Users\Admin\.katalon\packages\KS-9.7.2\configuration\resources\lib\aws-2.20.3-fat.jar;C:\Users\Admin\.katalon\packages\KS-9.7.2\configuration\resources\lib\bcpkix-jdk15on-1.64.jar;C:\Users\Admin\.katalon\packages\KS-9.7.2\configuration\resources\lib\bcprov-jdk15on-1.64.jar;C:\Users\Admin\.katalon\packages\KS-9.7.2\configuration\resources\lib\browsermob-core-2.1.5.jar;C:\Users\Admin\.katalon\packages\KS-9.7.2\configuration\resources\lib\byte-buddy-1.14.3.jar;C:\Users\Admin\.katalon\packages\KS-9.7.2\configuration\resources\lib\byte-buddy-agent-1.14.3.jar;C:\Users\Admin\.katalon\packages\KS-9.7.2\configuration\resources\lib\cglib-3.2.10.jar;C:\Users\Admin\.katalon\packages\KS-9.7.2\configuration\resources\lib\commons-codec-1.10.jar;C:\Users\Admin\.katalon\packages\KS-9.7.2\configuration\resources\lib\commons-collections4-4.1.jar;C:\Users\Admin\.katalon\packages\KS-9.7.2\configuration\resources\lib\commons-validator-1.6.jar;C:\Users\Admin\.katalon\packages\KS-9.7.2\configuration\resources\lib\curvesapi-1.04.jar;C:\Users\Admin\.katalon\packages\KS-9.7.2\configuration\resources\lib\dnsjava-2.1.8.jar;C:\Users\Admin\.katalon\packages\KS-9.7.2\configuration\resources\lib\groovy-3.0.17-fat.jar;C:\User
java_class_path (initial): C:\Users\Admin\Katalon Studio\FisrtProject\bin\keyword;C:\Users\Admin\Katalon Studio\FisrtProject\bin\listener;C:\Users\Admin\Katalon Studio\FisrtProject\bin\lib;C:\Users\Admin\Katalon Studio\FisrtProject\bin\groovy;C:\Users\Admin\Katalon Studio\FisrtProject\bin;C:\Users\Admin\.katalon\packages\KS-9.7.2\plugins\com.kms.katalon.core_1.0.0.202409190502.jar;C:\Users\Admin\.katalon\packages\KS-9.7.2\configuration\resources\lib\aalto-xml-1.0.0.jar;C:\Users\Admin\.katalon\packages\KS-9.7.2\configuration\resources\lib\aspectjweaver-1.9.1.jar;C:\Users\Admin\.katalon\packages\KS-9.7.2\configuration\resources\lib\aws-2.20.3-fat.jar;C:\Users\Admin\.katalon\packages\KS-9.7.2\configuration\resources\lib\bcpkix-jdk15on-1.64.jar;C:\Users\Admin\.katalon\packages\KS-9.7.2\configuration\resources\lib\bcprov-jdk15on-1.64.jar;C:\Users\Admin\.katalon\packages\KS-9.7.2\configuration\resources\lib\browsermob-core-2.1.5.jar;C:\Users\Admin\.katalon\packages\KS-9.7.2\configuration\resources\lib\byte-buddy-1.14.3.jar;C:\Users\Admin\.katalon\packages\KS-9.7.2\configuration\resources\lib\byte-buddy-agent-1.14.3.jar;C:\Users\Admin\.katalon\packages\KS-9.7.2\configuration\resources\lib\cglib-3.2.10.jar;C:\Users\Admin\.katalon\packages\KS-9.7.2\configuration\resources\lib\commons-codec-1.10.jar;C:\Users\Admin\.katalon\packages\KS-9.7.2\configuration\resources\lib\commons-collections4-4.1.jar;C:\Users\Admin\.katalon\packages\KS-9.7.2\configuration\resources\lib\commons-validator-1.6.jar;C:\Users\Admin\.katalon\packages\KS-9.7.2\configuration\resources\lib\curvesapi-1.04.jar;C:\Users\Admin\.katalon\packages\KS-9.7.2\configuration\resources\lib\dnsjava-2.1.8.jar;C:\Users\Admin\.katalon\packages\KS-9.7.2\configuration\resources\lib\groovy-3.0.17-fat.jar;C:\Users\Admin\.katalon\packages\KS-9.7.2\configuration\resources\lib\jackson-coreutils-2.0.jar;C:\Users\Admin\.katalon\packages\KS-9.7.2\configuration\resources\lib\jackson-coreutils-equivalence-1.0.jar;C:\Users\Admin\.kat
Launcher Type: SUN_STANDARD

[Global flags]
     intx CICompilerCount                          = 3                                         {product} {ergonomic}
     uint ConcGCThreads                            = 1                                         {product} {ergonomic}
     uint G1ConcRefinementThreads                  = 4                                         {product} {ergonomic}
   size_t G1HeapRegionSize                         = 1048576                                   {product} {ergonomic}
    uintx GCDrainStackTargetSize                   = 64                                        {product} {ergonomic}
   size_t InitialHeapSize                          = 134217728                                 {product} {ergonomic}
   size_t MarkStackSize                            = 4194304                                   {product} {ergonomic}
   size_t MaxHeapSize                              = 2147483648                                {product} {command line}
   size_t MaxNewSize                               = 1287651328                                {product} {ergonomic}
   size_t MinHeapDeltaBytes                        = 1048576                                   {product} {ergonomic}
   size_t MinHeapSize                              = 8388608                                   {product} {ergonomic}
    uintx NonNMethodCodeHeapSize                   = 5832780                                {pd product} {ergonomic}
    uintx NonProfiledCodeHeapSize                  = 122912730                              {pd product} {ergonomic}
    uintx ProfiledCodeHeapSize                     = 122912730                              {pd product} {ergonomic}
    uintx ReservedCodeCacheSize                    = 251658240                              {pd product} {ergonomic}
     bool SegmentedCodeCache                       = true                                      {product} {ergonomic}
     bool ShowCodeDetailsInExceptionMessages       = true                                   {manageable} {command line}
   size_t SoftMaxHeapSize                          = 2147483648                             {manageable} {ergonomic}
     bool UseCompressedClassPointers               = true                           {product lp64_product} {ergonomic}
     bool UseCompressedOops                        = true                           {product lp64_product} {ergonomic}
     bool UseG1GC                                  = true                                      {product} {ergonomic}
     bool UseLargePagesIndividualAllocation        = false                                  {pd product} {ergonomic}

Logging:
Log output configuration:
 #0: stdout all=warning uptime,level,tags
 #1: stderr all=off uptime,level,tags

Environment Variables:
JAVA_HOME=C:\Users\Admin\.katalon\packages\KS-9.7.2\jre
PATH=C:/Users/Admin/.katalon/packages/KS-9.7.2/jre/bin/server;C:/Users/Admin/.katalon/packages/KS-9.7.2/jre/bin;C:\Program Files\Common Files\Oracle\Java\javapath;C:\Windows\system32;C:\Windows;C:\Windows\System32\Wbem;C:\Windows\System32\WindowsPowerShell\v1.0\;C:\Windows\System32\OpenSSH\;C:\Program Files\Microsoft SQL Server\Client SDK\ODBC\170\Tools\Binn\;C:\Program Files (x86)\Microsoft SQL Server\150\Tools\Binn\;C:\Program Files\Microsoft SQL Server\150\Tools\Binn\;C:\Program Files\Microsoft SQL Server\150\DTS\Binn\;C:\Program Files (x86)\STMicroelectronics\STM32 ST-LINK Utility\ST-LINK Utility;C:\Program Files\nodejs\;C:\Users\Admin\AppData\Local\Microsoft\WindowsApps;C:\Program Files\JetBrains\IntelliJ IDEA Community Edition 2024.1.4\bin;;C:\Users\Admin\AppData\Roaming\npm;C:\Users\Admin\.katalon\packages\KS-9.7.2;:C:\Users\Admin\.katalon\packages\KS-9.7.2\jre\bin
USERNAME=Admin
OS=Windows_NT
PROCESSOR_IDENTIFIER=Intel64 Family 6 Model 142 Stepping 9, GenuineIntel
TMP=C:\Users\Admin\AppData\Local\Temp
TEMP=C:\Users\Admin\AppData\Local\Temp



---------------  S Y S T E M  ---------------

OS:
 Windows 10 , 64 bit Build 17763 (10.0.17763.6292)
OS uptime: 0 days 8:59 hours
Hyper-V role detected

CPU: total 4 (initial active 4) (2 cores per cpu, 2 threads per core) family 6 model 142 stepping 9 microcode 0xea, cx8, cmov, fxsr, ht, mmx, 3dnowpref, sse, sse2, sse3, ssse3, sse4.1, sse4.2, popcnt, lzcnt, tsc, tscinvbit, avx, avx2, aes, erms, clmul, bmi1, bmi2, adx, fma, vzeroupper, clflush, clflushopt, hv

Memory: 4k page, system-wide physical 8090M (1155M free)
TotalPageFile size 13201M (AvailPageFile size 15M)
current process WorkingSet (physical memory assigned to process): 226M, peak: 234M
current process commit charge ("private bytes"): 254M, peak: 274M

vm_info: OpenJDK 64-Bit Server VM (17.0.7+7) for windows-amd64 JRE (17.0.7+7), built on Apr 18 2023 22:10:42 by "temurin" with MS VC++ 16.7 (VS2019)

END.
