#
# There is insufficient memory for the Java Runtime Environment to continue.
# Native memory allocation (malloc) failed to allocate 1066928 bytes for Chunk::new
# Possible reasons:
#   The system is out of physical RAM or swap space
#   The process is running with CompressedOops enabled, and the Java Heap may be blocking the growth of the native heap
# Possible solutions:
#   Reduce memory load on the system
#   Increase physical memory or swap space
#   Check if swap backing store is full
#   Decrease Java heap size (-Xmx/-Xms)
#   Decrease number of Java threads
#   Decrease Java thread stack sizes (-Xss)
#   Set larger code cache with -XX:ReservedCodeCacheSize=
#   JVM is running with Unscaled Compressed Oops mode in which the Java heap is
#     placed in the first 4GB address space. The Java Heap base address is the
#     maximum limit for the native heap growth. Please use -XX:HeapBaseMinAddress
#     to set the Java Heap base and to place the Java Heap above 4GB virtual address.
# This output file may be truncated or incomplete.
#
#  Out of Memory Error (arena.cpp:189), pid=7448, tid=10596
#
# JRE version: OpenJDK Runtime Environment Temurin-17.0.7+7 (17.0.7+7) (build 17.0.7+7)
# Java VM: OpenJDK 64-Bit Server VM Temurin-17.0.7+7 (17.0.7+7, mixed mode, tiered, compressed oops, compressed class ptrs, g1 gc, windows-amd64)
# No core dump will be written. Minidumps are not enabled by default on client versions of Windows
#

---------------  S U M M A R Y ------------

Command Line: -Dgroovy.home=C:\Users\Admin/.groovy -Djava.system.class.loader=groovy.lang.GroovyClassLoader -Xmx2048m -Dfile.encoding=UTF-8 -XX:+ShowCodeDetailsInExceptionMessages org.codehaus.groovy.tools.GroovyStarter --classpath C:\Users\Admin\Katalon Studio\FisrtProject\bin\keyword;C:\Users\Admin\Katalon Studio\FisrtProject\Keywords;C:\Users\Admin\Katalon Studio\FisrtProject\bin\listener;C:\Users\Admin\Katalon Studio\FisrtProject\Test Listeners;C:\Users\Admin\Katalon Studio\FisrtProject\bin\lib;C:\Users\Admin\Katalon Studio\FisrtProject\Libs;C:\Users\Admin\Katalon Studio\FisrtProject\bin\groovy;C:\Users\Admin\Katalon Studio\FisrtProject\Include\scripts\groovy;C:\Users\Admin\.katalon\packages\KS-9.7.2\plugins\com.kms.katalon.core_1.0.0.202409190502.jar;C:\Users\Admin\.katalon\packages\KS-9.7.2\configuration\resources\lib\aalto-xml-1.0.0.jar;C:\Users\Admin\.katalon\packages\KS-9.7.2\configuration\resources\lib\aspectjweaver-1.9.1.jar;C:\Users\Admin\.katalon\packages\KS-9.7.2\configuration\resources\lib\aws-2.20.3-fat.jar;C:\Users\Admin\.katalon\packages\KS-9.7.2\configuration\resources\lib\bcpkix-jdk15on-1.64.jar;C:\Users\Admin\.katalon\packages\KS-9.7.2\configuration\resources\lib\bcprov-jdk15on-1.64.jar;C:\Users\Admin\.katalon\packages\KS-9.7.2\configuration\resources\lib\browsermob-core-2.1.5.jar;C:\Users\Admin\.katalon\packages\KS-9.7.2\configuration\resources\lib\byte-buddy-1.14.3.jar;C:\Users\Admin\.katalon\packages\KS-9.7.2\configuration\resources\lib\byte-buddy-agent-1.14.3.jar;C:\Users\Admin\.katalon\packages\KS-9.7.2\configuration\resources\lib\cglib-3.2.10.jar;C:\Users\Admin\.katalon\packages\KS-9.7.2\configuration\resources\lib\commons-codec-1.10.jar;C:\Users\Admin\.katalon\packages\KS-9.7.2\configuration\resources\lib\commons-collections4-4.1.jar;C:\Users\Admin\.katalon\packages\KS-9.7.2\configuration\resources\lib\commons-validator-1.6.jar;C:\Users\Admin\.katalon\packages\KS-9.7.2\configuration\resources\lib\curvesapi-1.04.jar;C:\Users\Admin\.katalon\packages\KS-9.7.2\configuration\resources\lib\dnsjava-2.1.8.jar;C:\Users\Admin\.katalon\packages\KS-9.7.2\configuration\resources\lib\groovy-3.0.17-fat.jar;C:\Users\Admin\.katalon\packages\KS-9.7.2\configuration\resources\lib\jackson-coreutils-2.0.jar;C:\Users\Admin\.katalon\packages\KS-9.7.2\configuration\resources\lib\jackson-coreutils-equivalence-1.0.jar;C:\Users\Admin\.katalon\packages\KS-9.7.2\configuration\resources\lib\java-client-7.0.0.jar;C:\Users\Admin\.katalon\packages\KS-9.7.2\configuration\resources\lib\javax.servlet-api_3.1.0.jar;C:\Users\Admin\.katalon\packages\KS-9.7.2\configuration\resources\lib\jna-5.12.1.jar;C:\Users\Admin\.katalon\packages\KS-9.7.2\configuration\resources\lib\jna-platform-5.12.1.jar;C:\Users\Admin\.katalon\packages\KS-9.7.2\configuration\resources\lib\json-schema-core-1.2.14.jar;C:\Users\Admin\.katalon\packages\KS-9.7.2\configuration\resources\lib\json-schema-validator-2.2.14.jar;C:\Users\Admin\.katalon\packages\KS-9.7.2\configuration\resources\lib\jzlib-1.1.3.jar;C:\Users\Admin\.katalon\packages\KS-9.7.2\configuration\resources\lib\kat-server.jar;C:\Users\Admin\.katalon\packages\KS-9.7.2\configuration\resources\lib\littleproxy-1.1.0-beta-bmp-17.jar;C:\Users\Admin\.katalon\packages\KS-9.7.2\configuration\resources\lib\log4j-1.2-api-2.17.1.jar;C:\Users\Admin\.katalon\packages\KS-9.7.2\configuration\resources\lib\log4j-api-2.17.1.jar;C:\Users\Admin\.katalon\packages\KS-9.7.2\configuration\resources\lib\log4j-core-2.17.1.jar;C:\Users\Admin\.katalon\packages\KS-9.7.2\configuration\resources\lib\mitm-2.1.5.jar;C:\Users\Admin\.katalon\packages\KS-9.7.2\configuration\resources\lib\mockito-core-5.2.0.jar;C:\Users\Admin\.katalon\packages\KS-9.7.2\configuration\resources\lib\mockito-inline-5.2.0.jar;C:\Users\Admin\.katalon\packages\KS-9.7.2\configuration\resources\lib\netty-all-4.1.109.Final.jar;C:\Users\Admin\.katalon\packages\KS-9.7.2\configuration\resources\lib\objenesis-3.3.jar;C:\Users\Admin\.katalon\packages\KS-9.7.2\configuration\resources\lib\poi-3.17.jar;C:\Users\Admin\.katalon\packages\KS-9.7.2\configuration\resources\lib\poi-ooxml-3.17.jar;C:\Users\Admin\.katalon\packages\KS-9.7.2\configuration\resources\lib\poi-ooxml-schemas-3.17.jar;C:\Users\Admin\.katalon\packages\KS-9.7.2\configuration\resources\lib\proxy-vole-1.0.4-SNAPSHOT-jar-with-dependencies.jar;C:\Users\Admin\.katalon\packages\KS-9.7.2\configuration\resources\lib\repackaged-sikuli-api-1.0.2-standalone.jar;C:\Users\Admin\.katalon\packages\KS-9.7.2\configuration\resources\lib\selenium-leg-rc-3.141.59.jar;C:\Users\Admin\.katalon\packages\KS-9.7.2\configuration\resources\lib\selenium-server-standalone-3.141.59.jar;C:\Users\Admin\.katalon\packages\KS-9.7.2\configuration\resources\lib\selenium-shutterbug-1.1.jar;C:\Users\Admin\.katalon\packages\KS-9.7.2\configuration\resources\lib\slf4j-api-1.7.25.jar;C:\Users\Admin\.katalon\packages\KS-9.7.2\configuration\resources\lib\soap-builder-1.0.0.jar;C:\Users\Admin\.katalon\packages\KS-9.7.2\configuration\resources\lib\soap-common-1.0.0.jar;C:\Users\Admin\.katalon\packages\KS-9.7.2\configuration\resources\lib\soap-legacy-1.0.0.jar;C:\Users\Admin\.katalon\packages\KS-9.7.2\configuration\resources\lib\spring-context-5.3.19.jar;C:\Users\Admin\.katalon\packages\KS-9.7.2\configuration\resources\lib\stax2-api-4.0.0.jar;C:\Users\Admin\.katalon\packages\KS-9.7.2\configuration\resources\lib\su.jar;C:\Users\Admin\.katalon\packages\KS-9.7.2\configuration\resources\lib\swagger-parser-1.0.67-fat.jar;C:\Users\Admin\.katalon\packages\KS-9.7.2\configuration\resources\lib\testng-7.8.0.jar;C:\Users\Admin\.katalon\packages\KS-9.7.2\configuration\resources\lib\uri-template-0.1.jar;C:\Users\Admin\.katalon\packages\KS-9.7.2\configuration\resources\lib\wadl.jar;C:\Users\Admin\.katalon\packages\KS-9.7.2\configuration\resources\lib\xmlbeans-3.1.0.jar;C:\Users\Admin\.katalon\packages\KS-9.7.2\plugins\net.sf.supercsv.super-csv_2.1.0.jar;C:\Users\Admin\.katalon\packages\KS-9.7.2\plugins\org.apache.commons.io_2.4.0.jar;C:\Users\Admin\.katalon\packages\KS-9.7.2\plugins\org.apache.commons.lang_2.6.0.jar;C:\Users\Admin\.katalon\packages\KS-9.7.2\plugins\com.google.gson_2.10.1.v20230109-0753.jar;C:\Users\Admin\.katalon\packages\KS-9.7.2\plugins\org.jsoup_1.14.3.jar;C:\Users\Admin\.katalon\packages\KS-9.7.2\plugins\org.apache.commons.dbutils_1.6.0.jar;C:\Users\Admin\.katalon\packages\KS-9.7.2\plugins\com.oracle.jdbc.ojdbc7_12.1.0.2.jar;C:\Users\Admin\.katalon\packages\KS-9.7.2\plugins\org.postgresql.jdbc_42.7.3.jar;c:\Users\Admin\.katalon\packages\KS-9.7.2\plugins\org.eclipse.osgi_3.18.300.v20230220-1352.jar;C:\Users\Admin\.katalon\packages\KS-9.7.2\plugins\com.kms.katalon.constant_1.0.0.202409190502.jar;C:\Users\Admin\.katalon\packages\KS-9.7.2\plugins\org.eclipse.persistence.eclipselink_2.7.11.jar;C:\Users\Admin\.katalon\packages\KS-9.7.2\plugins\com.kms.katalon.selenium-standalone_1.0.0.202409190502.jar;C:\Users\Admin\.katalon\packages\KS-9.7.2\plugins\atu.testrecorder.screen-recorder_2.1.0.jar;C:\Users\Admin\.katalon\packages\KS-9.7.2\plugins\com.google.guava_32.0.0.jre.jar;C:\Users\Admin\.katalon\packages\KS-9.7.2\plugins\com.kms.katalon.util_1.0.0.202409190502.jar;C:\Users\Admin\.katalon\packages\KS-9.7.2\plugins\org.apache.httpcomponents.httpclient_4.5.14.v20221207-1049.jar;C:\Users\Admin\.katalon\packages\KS-9.7.2\plugins\org.apache.httpcomponents.httpcore_4.4.16.v20221207-1049.jar;C:\Users\Admin\.katalon\packages\KS-9.7.2\plugins\org.apache.httpcomponents.httpmime_4.5.13.jar;C:\Users\Admin\.katalon\packages\KS-9.7.2\plugins\org.apache.commons.lang3_3.14.0.jar;C:\Users\Admin\.katalon\packages\KS-9.7.2\plugins\org.greenrobot.eventbus_3.1.1.jar;C:\Users\Admin\.katalon\packages\KS-9.7.2\plugins\net.bytebuddy.byte-buddy_1.14.15.jar;C:\Users\Admin\.katalon\packages\KS-9.7.2\plugins\org.junit_4.13.2.v20211018-1956.jar;C:\Users\Admin\.katalon\packages\KS-9.7.2\plugins\com.fasterxml.jackson.core.jackson-databind_2.17.1.jar;C:\Users\Admin\.katalon\packages\KS-9.7.2\plugins\com.fasterxml.jackson.core.jackson-core_2.17.1.jar;C:\Users\Admin\.katalon\packages\KS-9.7.2\plugins\com.fasterxml.jackson.core.jackson-annotations_2.17.1.jar;C:\Users\Admin\.katalon\packages\KS-9.7.2\plugins\ch.qos.logback.classic_1.2.13.jar;C:\Users\Admin\.katalon\packages\KS-9.7.2\plugins\ch.qos.logback.core_1.2.13.jar;C:\Users\Admin\.katalon\packages\KS-9.7.2\plugins\slf4j.api_1.7.36.jar;C:\Users\Admin\.katalon\packages\KS-9.7.2\plugins\org.fusesource.jansi_1.17.1.jar;C:\Users\Admin\.katalon\packages\KS-9.7.2\plugins\com.kms.katalon.netlightbody_1.0.0.202409190502.jar;C:\Users\Admin\.katalon\packages\KS-9.7.2\plugins\com.kms.katalon.poi_1.0.0.202409190502.jar;C:\Users\Admin\.katalon\packages\KS-9.7.2\plugins\org.apache.commons.commons-text_1.10.0.jar;C:\Users\Admin\.katalon\packages\KS-9.7.2\plugins\com.kms.katalon.proxyvole_1.0.0.202409190502.jar;C:\Users\Admin\.katalon\packages\KS-9.7.2\plugins\com.microsoft.sqlserver.mssql-jdbc_6.2.2.jre8.jar;C:\Users\Admin\.katalon\packages\KS-9.7.2\plugins\com.github.kklisura.cdt.java-client_2.1.0.jar;C:\Users\Admin\.katalon\packages\KS-9.7.2\plugins\javax.websocket-api_1.1.0.jar;C:\Users\Admin\.katalon\packages\KS-9.7.2\plugins\org.glassfish.tyrus.container-grizzly-client_1.13.1.jar;C:\Users\Admin\.katalon\packages\KS-9.7.2\plugins\org.glassfish.grizzly.http-server_2.3.25.jar;C:\Users\Admin\.katalon\packages\KS-9.7.2\plugins\org.glassfish.grizzly.framework_2.3.25.jar;C:\Users\Admin\.katalon\packages\KS-9.7.2\plugins\org.glassfish.grizzly.http_2.3.25.jar;C:\Users\Admin\.katalon\packages\KS-9.7.2\plugins\org.glassfish.tyrus.client_1.13.1.jar;C:\Users\Admin\.katalon\packages\KS-9.7.2\plugins\org.glassfish.tyrus.core_1.13.1.jar;C:\Users\Admin\.katalon\packages\KS-9.7.2\plugins\org.glassfish.tyrus.spi_1.13.1.jar;C:\Users\Admin\.katalon\packages\KS-9.7.2\plugins\javassist_3.28.0.GA.jar;C:\Users\Admin\.katalon\packages\KS-9.7.2\plugins\graphql-java_17.5.0.jar;C:\Users\Admin\.katalon\packages\KS-9.7.2\plugins\org.glassfish.jaxb.runtime_2.3.6.jar;C:\Users\Admin\.katalon\packages\KS-9.7.2\plugins\org.glassfish.jaxb.txw2_2.3.6.jar;C:\Users\Admin\.katalon\packages\KS-9.7.2\plugins\org.dom4j_2.1.4.jar;C:\Users\Admin\.katalon\packages\KS-9.7.2\plugins\com.kms.katalon.groovy-extended_1.0.0.202409190502.jar;C:\Users\Admin\.katalon\packages\KS-9.7.2\plugins\com.sun.activation.javax.activation_1.2.0.jar;C:\Users\Admin\.katalon\packages\KS-9.7.2\plugins\jakarta.xml.bind-api_2.3.3.jar;C:\Users\Admin\.katalon\packages\KS-9.7.2\plugins\com.sun.xml.bind.jaxb-impl_2.3.6.jar;C:\Users\Admin\.katalon\packages\KS-9.7.2\plugins\org.eclipse.jface_3.29.0.v20230214-1401.jar;C:\Users\Admin\.katalon\packages\KS-9.7.2\plugins\com.kms.katalon.logging_1.0.0.202409190502.jar;C:\Users\Admin\.katalon\packages\KS-9.7.2\plugins\json_20240303.0.0.jar;C:\Users\Admin\.katalon\packages\KS-9.7.2\plugins\assertj-core_3.25.3.jar;C:\Users\Admin\.katalon\packages\KS-9.7.2\plugins\com.networknt.json-schema-validator_1.0.66.jar;C:\Users\Admin\.katalon\packages\KS-9.7.2\plugins\com.kms.katalon.network.apache_1.0.0.202409190502.jar;C:\Users\Admin\.katalon\packages\KS-9.7.2\plugins\org.apache.commons.logging_1.2.0.v20180409-1502.jar;C:\Users\Admin\.katalon\packages\KS-9.7.2\plugins\org.hamcrest.core_1.3.0.v20180420-1519.jar;C:\Users\Admin\.katalon\packages\KS-9.7.2\plugins\org.beanshell.bsh_2.0.0.0b4.jar;C:\Users\Admin\.katalon\packages\KS-9.7.2\plugins\org.apache.ant.launcher_1.9.6.jar;C:\Users\Admin\.katalon\packages\KS-9.7.2\plugins\com.kms.katalon.core.appium_1.0.0.202409190502.jar;C:\Users\Admin\.katalon\packages\KS-9.7.2\plugins\com.kms.katalon.api_1.0.0.202409190502.jar;C:\Users\Admin\.katalon\packages\KS-9.7.2\plugins\org.eclipse.equinox.common_3.17.100.v20230202-1341.jar;C:\Users\Admin\.katalon\packages\KS-9.7.2\plugins\com.kms.katalon.platform.core_1.0.0.202409190502.jar;C:\Users\Admin\.katalon\packages\KS-9.7.2\plugins\com.kms.katalon.common_1.0.0.202409190502.jar;C:\Users\Admin\.katalon\packages\KS-9.7.2\plugins\com.kms.katalon.session.core_1.0.0.202409190502.jar;C:\Users\Admin\.katalon\packages\KS-9.7.2\plugins\org.eclipse.e4.core.contexts_1.11.0.v20220716-0839.jar;C:\Users\Admin\.katalon\packages\KS-9.7.2\plugins\javax.inject_1.0.0.v20220405-0441.jar;C:\Users\Admin\.katalon\packages\KS-9.7.2\plugins\org.eclipse.e4.core.di_1.8.300.v20220817-1539.jar;C:\Users\Admin\.katalon\packages\KS-9.7.2\plugins\com.kms.katalon.network.core_1.0.0.202409190502.jar;C:\Users\Admin\.katalon\packages\KS-9.7.2\plugins\com.kms.katalon.execution.core_1.0.0.202409190502.jar;C:\Users\Admin\.katalon\packages\KS-9.7.2\plugins\org.eclipse.equinox.registry_3.11.200.v20220817-1601.jar;C:\Users\Admin\.katalon\packages\KS-9.7.2\plugins\dev.failsafe_3.3.2.jar;C:\Users\Admin\.katalon\packages\KS-9.7.2\plugins\com.fasterxml.jackson.datatype.jackson-datatype-jsr310_2.17.1.jar;C:\Users\Admin\.katalon\packages\KS-9.7.2\plugins\org.eclipse.e4.core.di.annotations_1.7.200.v20220613-1008.jar;C:\Users\Admin\.katalon\packages\KS-9.7.2\plugins\com.kms.katalon.core.webui_1.0.0.202409190502.jar;C:\Users\Admin\.katalon\packages\KS-9.7.2\plugins\org.eclipse.e4.core.services_2.3.400.v20220915-1347.jar;C:\Users\Admin\.katalon\packages\KS-9.7.2\plugins\com.kms.katalon.core.mobile_1.0.0.202409190502.jar;C:\Users\Admin\.katalon\packages\KS-9.7.2\plugins\org.apache.commons.commons-validator_1.7.0.jar;C:\Users\Admin\.katalon\packages\KS-9.7.2\plugins\com.kms.katalon.core.cucumber_1.0.0.202409190502.jar;C:\Users\Admin\.katalon\packages\KS-9.7.2\plugins\io.cucumber.core_3.0.3.jar;C:\Users\Admin\.katalon\packages\KS-9.7.2\plugins\io.cucumber.datatable_1.1.15.jar;C:\Users\Admin\.katalon\packages\KS-9.7.2\plugins\io.cucumber.datatable-dependencies_1.1.15.jar;C:\Users\Admin\.katalon\packages\KS-9.7.2\plugins\io.cucumber.expressions_5.0.19.jar;C:\Users\Admin\.katalon\packages\KS-9.7.2\plugins\io.cucumber.gherkin_5.0.0.jar;C:\Users\Admin\.katalon\packages\KS-9.7.2\plugins\io.cucumber.html_0.2.7.jar;C:\Users\Admin\.katalon\packages\KS-9.7.2\plugins\io.cucumber.java_3.0.3.jar;C:\Users\Admin\.katalon\packages\KS-9.7.2\plugins\io.cucumber.tag-expressions_1.1.1.jar;C:\Users\Admin\.katalon\packages\KS-9.7.2\plugins\io.cucumber.junit_3.0.3.jar;C:\Users\Admin\.katalon\packages\KS-9.7.2\plugins\com.kms.katalon.core.webservice_1.0.0.202409190502.jar;C:\Users\Admin\.katalon\packages\KS-9.7.2\plugins\wsdl4j_1.6.2.jar;C:\Users\Admin\.katalon\packages\KS-9.7.2\plugins\com.google.oauth-client.google-oauth-client_1.22.0.jar;C:\Users\Admin\.katalon\packages\KS-9.7.2\plugins\com.google.http-client.google-http-client_1.22.0.jar;C:\Users\Admin\.katalon\packages\KS-9.7.2\plugins\ca.juliusdavies.not-yet-commons-ssl_0.3.11.jar;C:\Users\Admin\.katalon\packages\KS-9.7.2\plugins\com.kms.katalon.preferences_1.0.0.202409190502.jar;C:\Users\Admin\.katalon\packages\KS-9.7.2\plugins\org.apache.xmlbeans_3.1.0.jar;C:\Users\Admin\.katalon\packages\KS-9.7.2\plugins\com.kms.katalon.entity_1.0.0.202409190502.jar;C:\Users\Admin\.katalon\packages\KS-9.7.2\plugins\org.antlr.antlr4-runtime_4.9.2.jar;C:\Users\Admin\.katalon\packages\KS-9.7.2\plugins\jakarta.xml.ws-api_2.3.3.jar;C:\Users\Admin\.katalon\packages\KS-9.7.2\plugins\javax.xml.soap-api_1.4.0.jar;C:\Users\Admin\.katalon\packages\KS-9.7.2\plugins\com.atlassian.oai.swagger-request-validator-core_2.38.0.jar;C:\Users\Admin\.katalon\packages\KS-9.7.2\plugins\io.swagger.compat-spec-parser_1.0.67.jar;C:\Users\Admin\.katalon\packages\KS-9.7.2\plugins\io.swagger.core.v3.swagger-annotations_2.2.14.jar;C:\Users\Admin\.katalon\packages\KS-9.7.2\plugins\io.swagger.core.v3.swagger-core_2.2.14.jar;C:\Users\Admin\.katalon\packages\KS-9.7.2\plugins\io.swagger.core.v3.swagger-models_2.2.14.jar;C:\Users\Admin\.katalon\packages\KS-9.7.2\plugins\io.swagger.parser.v3.swagger-parser-core_2.1.16.jar;C:\Users\Admin\.katalon\packages\KS-9.7.2\plugins\io.swagger.parser.v3.swagger-parser-v2-converter_2.1.16.jar;C:\Users\Admin\.katalon\packages\KS-9.7.2\plugins\com.github.java-json-tools.btf_1.3.0.jar;C:\Users\Admin\.katalon\packages\KS-9.7.2\plugins\com.fasterxml.jackson.dataformat.jackson-dataformat-yaml_2.17.1.jar;C:\Users\Admin\.katalon\packages\KS-9.7.2\plugins\org.yaml.snakeyaml_2.2.0.jar;C:\Users\Admin\.katalon\packages\KS-9.7.2\plugins\com.github.java-json-tools.msg-simple_1.2.0.jar;C:\Users\Admin\.katalon\packages\KS-9.7.2\plugins\jackson-core-asl_1.9.13.jar;C:\Users\Admin\.katalon\packages\KS-9.7.2\plugins\joda-time_2.10.5.jar;C:\Users\Admin\.katalon\packages\KS-9.7.2\plugins\javax.mail-api_1.6.2.jar;C:\Users\Admin\.katalon\packages\KS-9.7.2\plugins\com.googlecode.libphonenumber_8.11.1.jar;C:\Users\Admin\.katalon\packages\KS-9.7.2\plugins\com.google.guava.failureaccess_1.0.1.jar;C:\Users\Admin\.katalon\packages\KS-9.7.2\plugins\io.swagger.parser.v3.swagger-parser_2.1.16.jar;C:\Users\Admin\.katalon\packages\KS-9.7.2\plugins\io.swagger.parser.v3.swagger-parser-v3_2.1.16.jar;C:\Users\Admin\.katalon\packages\KS-9.7.2\plugins\io.swagger.parser_1.0.67.jar;C:\Users\Admin\.katalon\packages\KS-9.7.2\plugins\com.kms.katalon.core.windows_1.0.0.202409190502.jar;C:\Users\Admin\.katalon\packages\KS-9.7.2\plugins\com.kms.katalon.core.testng_1.0.0.202409190502.jar;C:\Users\Admin\.katalon\packages\KS-9.7.2\configuration\org.eclipse.osgi\33\0\.cp\resources\basic-report\katalon-studio-report-plugin.jar;C:\Users\Admin\.katalon\packages\KS-9.7.2\plugins\org.codehaus.groovy_3.0.17.v202303311542-e2303\lib\groovy-3.0.17-indy.jar;C:\Users\Admin\.katalon\packages\KS-9.7.2\plugins\org.codehaus.groovy_3.0.17.v202303311542-e2303\lib\ivy-2.5.1.jar --main groovy.ui.GroovyMain --encoding UTF-8 --indy C:\Users\Admin\Katalon Studio\FisrtProject\Libs\TempTestCase1733825538466.groovy

Host: Intel(R) Core(TM) i7-7500U CPU @ 2.70GHz, 4 cores, 7G,  Windows 10 , 64 bit Build 17763 (10.0.17763.6292)
Time: Tue Dec 10 17:12:53 2024 SE Asia Standard Time elapsed time: 33.884202 seconds (0d 0h 0m 33s)

---------------  T H R E A D  ---------------

Current thread (0x000001bf8ad12070):  JavaThread "C2 CompilerThread1" daemon [_thread_in_native, id=10596, stack(0x0000009b2bf00000,0x0000009b2c000000)]


Current CompileTask:
C2:  33884 5079   !   4       java.util.jar.Attributes::read (494 bytes)

Stack: [0x0000009b2bf00000,0x0000009b2c000000]
Native frames: (J=compiled Java code, j=interpreted, Vv=VM code, C=native code)
V  [jvm.dll+0x67754a]
V  [jvm.dll+0x834304]
V  [jvm.dll+0x835aae]
V  [jvm.dll+0x836113]
V  [jvm.dll+0x24696f]
V  [jvm.dll+0xac0ac]
V  [jvm.dll+0xac67c]
V  [jvm.dll+0x364e37]
V  [jvm.dll+0x1bcc02]
V  [jvm.dll+0x219799]
V  [jvm.dll+0x218a61]
V  [jvm.dll+0x1a4d8d]
V  [jvm.dll+0x2284da]
V  [jvm.dll+0x226615]
V  [jvm.dll+0x7ea90b]
V  [jvm.dll+0x7e4e7a]
V  [jvm.dll+0x676395]
C  [ucrtbase.dll+0x2268a]
C  [KERNEL32.DLL+0x17ac4]
C  [ntdll.dll+0x5a8c1]


---------------  P R O C E S S  ---------------

Threads class SMR info:
_java_thread_list=0x000001bf8e5805a0, length=20, elements={
0x000001bfec7a2da0, 0x000001bf8a02c260, 0x000001bf8a02de20, 0x000001bf8a011ed0,
0x000001bf8a0129f0, 0x000001bf8a0167d0, 0x000001bf8a017090, 0x000001bf8a017c80,
0x000001bffff4e890, 0x000001bf8a0c21c0, 0x000001bf8a310010, 0x000001bf8aceb9c0,
0x000001bf8a78b330, 0x000001bf8c876340, 0x000001bf8c75a740, 0x000001bf8b1ea510,
0x000001bf8a5c6f10, 0x000001bf8d6b5160, 0x000001bf8d33d980, 0x000001bf8ad12070
}

Java Threads: ( => current thread )
  0x000001bfec7a2da0 JavaThread "main" [_thread_in_Java, id=14244, stack(0x0000009b2a500000,0x0000009b2a600000)]
  0x000001bf8a02c260 JavaThread "Reference Handler" daemon [_thread_blocked, id=4976, stack(0x0000009b2ad00000,0x0000009b2ae00000)]
  0x000001bf8a02de20 JavaThread "Finalizer" daemon [_thread_blocked, id=13780, stack(0x0000009b2ae00000,0x0000009b2af00000)]
  0x000001bf8a011ed0 JavaThread "Signal Dispatcher" daemon [_thread_blocked, id=13564, stack(0x0000009b2af00000,0x0000009b2b000000)]
  0x000001bf8a0129f0 JavaThread "Attach Listener" daemon [_thread_blocked, id=14060, stack(0x0000009b2b000000,0x0000009b2b100000)]
  0x000001bf8a0167d0 JavaThread "Service Thread" daemon [_thread_blocked, id=2236, stack(0x0000009b2b100000,0x0000009b2b200000)]
  0x000001bf8a017090 JavaThread "Monitor Deflation Thread" daemon [_thread_blocked, id=10696, stack(0x0000009b2b200000,0x0000009b2b300000)]
  0x000001bf8a017c80 JavaThread "C2 CompilerThread0" daemon [_thread_in_native, id=14028, stack(0x0000009b2b300000,0x0000009b2b400000)]
  0x000001bffff4e890 JavaThread "C1 CompilerThread0" daemon [_thread_blocked, id=4816, stack(0x0000009b2b400000,0x0000009b2b500000)]
  0x000001bf8a0c21c0 JavaThread "Sweeper thread" daemon [_thread_blocked, id=2956, stack(0x0000009b2b500000,0x0000009b2b600000)]
  0x000001bf8a310010 JavaThread "Common-Cleaner" daemon [_thread_blocked, id=15256, stack(0x0000009b2b600000,0x0000009b2b700000)]
  0x000001bf8aceb9c0 JavaThread "Notification Thread" daemon [_thread_blocked, id=15184, stack(0x0000009b2ba00000,0x0000009b2bb00000)]
  0x000001bf8a78b330 JavaThread "Thread-0" [_thread_blocked, id=9232, stack(0x0000009b2b900000,0x0000009b2ba00000)]
  0x000001bf8c876340 JavaThread "UrlChecker-2" daemon [_thread_blocked, id=9200, stack(0x0000009b2bd00000,0x0000009b2be00000)]
  0x000001bf8c75a740 JavaThread "ForkJoinPool.commonPool-worker-1" daemon [_thread_blocked, id=14868, stack(0x0000009b2c100000,0x0000009b2c200000)]
  0x000001bf8b1ea510 JavaThread "ForkJoinPool.commonPool-worker-2" daemon [_thread_blocked, id=10952, stack(0x0000009b2c200000,0x0000009b2c300000)]
  0x000001bf8a5c6f10 JavaThread "ForkJoinPool.commonPool-worker-3" daemon [_thread_blocked, id=15688, stack(0x0000009b2c300000,0x0000009b2c400000)]
  0x000001bf8d6b5160 JavaThread "OkHttp ConnectionPool" daemon [_thread_blocked, id=1768, stack(0x0000009b2c400000,0x0000009b2c500000)]
  0x000001bf8d33d980 JavaThread "Okio Watchdog" daemon [_thread_blocked, id=13732, stack(0x0000009b2c500000,0x0000009b2c600000)]
=>0x000001bf8ad12070 JavaThread "C2 CompilerThread1" daemon [_thread_in_native, id=10596, stack(0x0000009b2bf00000,0x0000009b2c000000)]

Other Threads:
  0x000001bfffef6010 VMThread "VM Thread" [stack: 0x0000009b2ac00000,0x0000009b2ad00000] [id=12056]
  0x000001bfec7a3a00 WatcherThread [stack: 0x0000009b2bb00000,0x0000009b2bc00000] [id=6668]
  0x000001bfec7fcb10 GCTaskThread "GC Thread#0" [stack: 0x0000009b2a700000,0x0000009b2a800000] [id=14356]
  0x000001bf8a9c7d10 GCTaskThread "GC Thread#1" [stack: 0x0000009b2b700000,0x0000009b2b800000] [id=14608]
  0x000001bf8a86e580 GCTaskThread "GC Thread#2" [stack: 0x0000009b2b800000,0x0000009b2b900000] [id=5816]
  0x000001bf8bccec30 GCTaskThread "GC Thread#3" [stack: 0x0000009b2bc00000,0x0000009b2bd00000] [id=16164]
  0x000001bfec80e970 ConcurrentGCThread "G1 Main Marker" [stack: 0x0000009b2a800000,0x0000009b2a900000] [id=9976]
  0x000001bfec80f290 ConcurrentGCThread "G1 Conc#0" [stack: 0x0000009b2a900000,0x0000009b2aa00000] [id=14140]
  0x000001bfec82e5d0 ConcurrentGCThread "G1 Refine#0" [stack: 0x0000009b2aa00000,0x0000009b2ab00000] [id=2500]
  0x000001bfffda8150 ConcurrentGCThread "G1 Service" [stack: 0x0000009b2ab00000,0x0000009b2ac00000] [id=14784]

Threads with active compile tasks:
C2 CompilerThread0    33935 5008       4       jdk.internal.org.objectweb.asm.Frame::execute (2305 bytes)
C2 CompilerThread1    33935 5079   !   4       java.util.jar.Attributes::read (494 bytes)

VM state: not at safepoint (normal execution)

VM Mutex/Monitor currently owned by a thread: None

Heap address: 0x0000000080000000, size: 2048 MB, Compressed Oops mode: 32-bit

CDS archive(s) not mapped
Compressed class space mapped at: 0x0000000100000000-0x0000000140000000, reserved size: 1073741824
Narrow klass base: 0x0000000000000000, Narrow klass shift: 3, Narrow klass range: 0x140000000

GC Precious Log:
 CPUs: 4 total, 4 available
 Memory: 8090M
 Large Page Support: Disabled
 NUMA Support: Disabled
 Compressed Oops: Enabled (32-bit)
 Heap Region Size: 1M
 Heap Min Capacity: 8M
 Heap Initial Capacity: 128M
 Heap Max Capacity: 2G
 Pre-touch: Disabled
 Parallel Workers: 4
 Concurrent Workers: 1
 Concurrent Refinement Workers: 4
 Periodic GC: Disabled

Heap:
 garbage-first heap   total 95232K, used 70022K [0x0000000080000000, 0x0000000100000000)
  region size 1024K, 42 young (43008K), 5 survivors (5120K)
 Metaspace       used 42115K, committed 42624K, reserved 1114112K
  class space    used 4677K, committed 4928K, reserved 1048576K

Heap Regions: E=young(eden), S=young(survivor), O=old, HS=humongous(starts), HC=humongous(continues), CS=collection set, F=free, OA=open archive, CA=closed archive, TAMS=top-at-mark-start (previous, next)
|   0|0x0000000080000000, 0x0000000080100000, 0x0000000080100000|100%|HS|  |TAMS 0x0000000080100000, 0x0000000080000000| Complete 
|   1|0x0000000080100000, 0x0000000080200000, 0x0000000080200000|100%|HS|  |TAMS 0x0000000080200000, 0x0000000080100000| Complete 
|   2|0x0000000080200000, 0x0000000080300000, 0x0000000080300000|100%| O|  |TAMS 0x0000000080300000, 0x0000000080200000| Untracked 
|   3|0x0000000080300000, 0x0000000080400000, 0x0000000080400000|100%| O|  |TAMS 0x0000000080400000, 0x0000000080300000| Untracked 
|   4|0x0000000080400000, 0x0000000080500000, 0x0000000080500000|100%| O|  |TAMS 0x0000000080500000, 0x0000000080400000| Untracked 
|   5|0x0000000080500000, 0x0000000080600000, 0x0000000080600000|100%| O|  |TAMS 0x0000000080600000, 0x0000000080500000| Untracked 
|   6|0x0000000080600000, 0x0000000080700000, 0x0000000080700000|100%| O|  |TAMS 0x0000000080700000, 0x0000000080600000| Untracked 
|   7|0x0000000080700000, 0x0000000080800000, 0x0000000080800000|100%| O|  |TAMS 0x0000000080800000, 0x0000000080700000| Untracked 
|   8|0x0000000080800000, 0x0000000080900000, 0x0000000080900000|100%| O|  |TAMS 0x0000000080900000, 0x0000000080800000| Untracked 
|   9|0x0000000080900000, 0x0000000080a00000, 0x0000000080a00000|100%|HS|  |TAMS 0x0000000080a00000, 0x0000000080900000| Complete 
|  10|0x0000000080a00000, 0x0000000080b00000, 0x0000000080b00000|100%| O|  |TAMS 0x0000000080b00000, 0x0000000080a00000| Untracked 
|  11|0x0000000080b00000, 0x0000000080c00000, 0x0000000080c00000|100%| O|  |TAMS 0x0000000080c00000, 0x0000000080b00000| Untracked 
|  12|0x0000000080c00000, 0x0000000080d00000, 0x0000000080d00000|100%| O|  |TAMS 0x0000000080d00000, 0x0000000080c00000| Untracked 
|  13|0x0000000080d00000, 0x0000000080e00000, 0x0000000080e00000|100%| O|  |TAMS 0x0000000080e00000, 0x0000000080d00000| Untracked 
|  14|0x0000000080e00000, 0x0000000080f00000, 0x0000000080f00000|100%| O|  |TAMS 0x0000000080f00000, 0x0000000080e00000| Untracked 
|  15|0x0000000080f00000, 0x0000000081000000, 0x0000000081000000|100%| O|  |TAMS 0x0000000081000000, 0x0000000080f00000| Untracked 
|  16|0x0000000081000000, 0x0000000081100000, 0x0000000081100000|100%| O|  |TAMS 0x0000000081100000, 0x0000000081000000| Untracked 
|  17|0x0000000081100000, 0x0000000081200000, 0x0000000081200000|100%| O|  |TAMS 0x0000000081200000, 0x0000000081100000| Untracked 
|  18|0x0000000081200000, 0x0000000081300000, 0x0000000081300000|100%| O|  |TAMS 0x0000000081300000, 0x0000000081200000| Untracked 
|  19|0x0000000081300000, 0x0000000081400000, 0x0000000081400000|100%| O|  |TAMS 0x0000000081400000, 0x0000000081300000| Untracked 
|  20|0x0000000081400000, 0x00000000814eec00, 0x0000000081500000| 93%| O|  |TAMS 0x00000000814eec00, 0x0000000081400000| Untracked 
|  21|0x0000000081500000, 0x0000000081600000, 0x0000000081600000|100%| O|  |TAMS 0x0000000081500000, 0x0000000081500000| Untracked 
|  22|0x0000000081600000, 0x0000000081700000, 0x0000000081700000|100%| O|  |TAMS 0x0000000081600000, 0x0000000081600000| Untracked 
|  23|0x0000000081700000, 0x0000000081736200, 0x0000000081800000| 21%| O|  |TAMS 0x0000000081700000, 0x0000000081700000| Untracked 
|  24|0x0000000081800000, 0x0000000081900000, 0x0000000081900000|100%| O|  |TAMS 0x0000000081900000, 0x0000000081800000| Untracked 
|  25|0x0000000081900000, 0x0000000081a00000, 0x0000000081a00000|100%| O|  |TAMS 0x0000000081a00000, 0x0000000081900000| Untracked 
|  26|0x0000000081a00000, 0x0000000081a00000, 0x0000000081b00000|  0%| F|  |TAMS 0x0000000081a00000, 0x0000000081a00000| Untracked 
|  27|0x0000000081b00000, 0x0000000081b00000, 0x0000000081c00000|  0%| F|  |TAMS 0x0000000081b00000, 0x0000000081b00000| Untracked 
|  28|0x0000000081c00000, 0x0000000081c00000, 0x0000000081d00000|  0%| F|  |TAMS 0x0000000081c00000, 0x0000000081c00000| Untracked 
|  29|0x0000000081d00000, 0x0000000081d00000, 0x0000000081e00000|  0%| F|  |TAMS 0x0000000081d00000, 0x0000000081d00000| Untracked 
|  30|0x0000000081e00000, 0x0000000081e00000, 0x0000000081f00000|  0%| F|  |TAMS 0x0000000081e00000, 0x0000000081e00000| Untracked 
|  31|0x0000000081f00000, 0x0000000082000000, 0x0000000082000000|100%| O|  |TAMS 0x0000000082000000, 0x0000000081f00000| Untracked 
|  32|0x0000000082000000, 0x0000000082100000, 0x0000000082100000|100%| O|  |TAMS 0x0000000082100000, 0x0000000082000000| Untracked 
|  33|0x0000000082100000, 0x0000000082200000, 0x0000000082200000|100%| O|  |TAMS 0x000000008211b600, 0x0000000082100000| Untracked 
|  34|0x0000000082200000, 0x0000000082200000, 0x0000000082300000|  0%| F|  |TAMS 0x0000000082200000, 0x0000000082200000| Untracked 
|  35|0x0000000082300000, 0x0000000082300000, 0x0000000082400000|  0%| F|  |TAMS 0x0000000082300000, 0x0000000082300000| Untracked 
|  36|0x0000000082400000, 0x0000000082400000, 0x0000000082500000|  0%| F|  |TAMS 0x0000000082400000, 0x0000000082400000| Untracked 
|  37|0x0000000082500000, 0x0000000082500000, 0x0000000082600000|  0%| F|  |TAMS 0x0000000082500000, 0x0000000082500000| Untracked 
|  38|0x0000000082600000, 0x0000000082600000, 0x0000000082700000|  0%| F|  |TAMS 0x0000000082600000, 0x0000000082600000| Untracked 
|  39|0x0000000082700000, 0x0000000082700000, 0x0000000082800000|  0%| F|  |TAMS 0x0000000082700000, 0x0000000082700000| Untracked 
|  40|0x0000000082800000, 0x0000000082800000, 0x0000000082900000|  0%| F|  |TAMS 0x0000000082800000, 0x0000000082800000| Untracked 
|  41|0x0000000082900000, 0x0000000082900000, 0x0000000082a00000|  0%| F|  |TAMS 0x0000000082900000, 0x0000000082900000| Untracked 
|  42|0x0000000082a00000, 0x0000000082a00000, 0x0000000082b00000|  0%| F|  |TAMS 0x0000000082a00000, 0x0000000082a00000| Untracked 
|  43|0x0000000082b00000, 0x0000000082b00000, 0x0000000082c00000|  0%| F|  |TAMS 0x0000000082b00000, 0x0000000082b00000| Untracked 
|  44|0x0000000082c00000, 0x0000000082c00000, 0x0000000082d00000|  0%| F|  |TAMS 0x0000000082c00000, 0x0000000082c00000| Untracked 
|  45|0x0000000082d00000, 0x0000000082d00000, 0x0000000082e00000|  0%| F|  |TAMS 0x0000000082d00000, 0x0000000082d00000| Untracked 
|  46|0x0000000082e00000, 0x0000000082e00000, 0x0000000082f00000|  0%| F|  |TAMS 0x0000000082e00000, 0x0000000082e00000| Untracked 
|  47|0x0000000082f00000, 0x0000000082f00000, 0x0000000083000000|  0%| F|  |TAMS 0x0000000082f00000, 0x0000000082f00000| Untracked 
|  48|0x0000000083000000, 0x0000000083000000, 0x0000000083100000|  0%| F|  |TAMS 0x0000000083000000, 0x0000000083000000| Untracked 
|  49|0x0000000083100000, 0x0000000083100000, 0x0000000083200000|  0%| F|  |TAMS 0x0000000083100000, 0x0000000083100000| Untracked 
|  50|0x0000000083200000, 0x0000000083200000, 0x0000000083300000|  0%| F|  |TAMS 0x0000000083200000, 0x0000000083200000| Untracked 
|  51|0x0000000083300000, 0x0000000083380800, 0x0000000083400000| 50%| E|  |TAMS 0x0000000083300000, 0x0000000083300000| Complete 
|  52|0x0000000083400000, 0x0000000083500000, 0x0000000083500000|100%| E|CS|TAMS 0x0000000083400000, 0x0000000083400000| Complete 
|  53|0x0000000083500000, 0x0000000083600000, 0x0000000083600000|100%| E|CS|TAMS 0x0000000083500000, 0x0000000083500000| Complete 
|  54|0x0000000083600000, 0x0000000083700000, 0x0000000083700000|100%| E|CS|TAMS 0x0000000083600000, 0x0000000083600000| Complete 
|  55|0x0000000083700000, 0x0000000083800000, 0x0000000083800000|100%| E|CS|TAMS 0x0000000083700000, 0x0000000083700000| Complete 
|  56|0x0000000083800000, 0x0000000083900000, 0x0000000083900000|100%| E|CS|TAMS 0x0000000083800000, 0x0000000083800000| Complete 
|  57|0x0000000083900000, 0x0000000083a00000, 0x0000000083a00000|100%| E|CS|TAMS 0x0000000083900000, 0x0000000083900000| Complete 
|  58|0x0000000083a00000, 0x0000000083b00000, 0x0000000083b00000|100%| E|CS|TAMS 0x0000000083a00000, 0x0000000083a00000| Complete 
|  59|0x0000000083b00000, 0x0000000083c00000, 0x0000000083c00000|100%| E|CS|TAMS 0x0000000083b00000, 0x0000000083b00000| Complete 
|  60|0x0000000083c00000, 0x0000000083d00000, 0x0000000083d00000|100%| E|CS|TAMS 0x0000000083c00000, 0x0000000083c00000| Complete 
|  61|0x0000000083d00000, 0x0000000083e00000, 0x0000000083e00000|100%| E|CS|TAMS 0x0000000083d00000, 0x0000000083d00000| Complete 
|  62|0x0000000083e00000, 0x0000000083f00000, 0x0000000083f00000|100%| E|CS|TAMS 0x0000000083e00000, 0x0000000083e00000| Complete 
|  63|0x0000000083f00000, 0x0000000084000000, 0x0000000084000000|100%| E|CS|TAMS 0x0000000083f00000, 0x0000000083f00000| Complete 
|  64|0x0000000084000000, 0x0000000084100000, 0x0000000084100000|100%| E|CS|TAMS 0x0000000084000000, 0x0000000084000000| Complete 
|  65|0x0000000084100000, 0x0000000084200000, 0x0000000084200000|100%| E|CS|TAMS 0x0000000084100000, 0x0000000084100000| Complete 
|  66|0x0000000084200000, 0x000000008423ca48, 0x0000000084300000| 23%| S|CS|TAMS 0x0000000084200000, 0x0000000084200000| Complete 
|  67|0x0000000084300000, 0x0000000084400000, 0x0000000084400000|100%| S|CS|TAMS 0x0000000084300000, 0x0000000084300000| Complete 
|  68|0x0000000084400000, 0x0000000084500000, 0x0000000084500000|100%| S|CS|TAMS 0x0000000084400000, 0x0000000084400000| Complete 
|  69|0x0000000084500000, 0x0000000084600000, 0x0000000084600000|100%| S|CS|TAMS 0x0000000084500000, 0x0000000084500000| Complete 
|  70|0x0000000084600000, 0x0000000084700000, 0x0000000084700000|100%| S|CS|TAMS 0x0000000084600000, 0x0000000084600000| Complete 
|  71|0x0000000084700000, 0x0000000084800000, 0x0000000084800000|100%| E|CS|TAMS 0x0000000084700000, 0x0000000084700000| Complete 
|  72|0x0000000084800000, 0x0000000084900000, 0x0000000084900000|100%| E|CS|TAMS 0x0000000084800000, 0x0000000084800000| Complete 
|  73|0x0000000084900000, 0x0000000084a00000, 0x0000000084a00000|100%| E|CS|TAMS 0x0000000084900000, 0x0000000084900000| Complete 
|  74|0x0000000084a00000, 0x0000000084b00000, 0x0000000084b00000|100%| E|CS|TAMS 0x0000000084a00000, 0x0000000084a00000| Complete 
|  75|0x0000000084b00000, 0x0000000084c00000, 0x0000000084c00000|100%| E|CS|TAMS 0x0000000084b00000, 0x0000000084b00000| Complete 
|  76|0x0000000084c00000, 0x0000000084d00000, 0x0000000084d00000|100%| E|CS|TAMS 0x0000000084c00000, 0x0000000084c00000| Complete 
|  77|0x0000000084d00000, 0x0000000084e00000, 0x0000000084e00000|100%| E|CS|TAMS 0x0000000084d00000, 0x0000000084d00000| Complete 
|  78|0x0000000084e00000, 0x0000000084f00000, 0x0000000084f00000|100%| E|CS|TAMS 0x0000000084e00000, 0x0000000084e00000| Complete 
|  79|0x0000000084f00000, 0x0000000085000000, 0x0000000085000000|100%| E|CS|TAMS 0x0000000084f00000, 0x0000000084f00000| Complete 
|  80|0x0000000085000000, 0x0000000085100000, 0x0000000085100000|100%| E|CS|TAMS 0x0000000085000000, 0x0000000085000000| Complete 
|  81|0x0000000085100000, 0x0000000085200000, 0x0000000085200000|100%| E|CS|TAMS 0x0000000085100000, 0x0000000085100000| Complete 
|  82|0x0000000085200000, 0x0000000085300000, 0x0000000085300000|100%| E|CS|TAMS 0x0000000085200000, 0x0000000085200000| Complete 
|  83|0x0000000085300000, 0x0000000085400000, 0x0000000085400000|100%| E|CS|TAMS 0x0000000085300000, 0x0000000085300000| Complete 
|  84|0x0000000085400000, 0x0000000085500000, 0x0000000085500000|100%| E|CS|TAMS 0x0000000085400000, 0x0000000085400000| Complete 
|  85|0x0000000085500000, 0x0000000085600000, 0x0000000085600000|100%| E|CS|TAMS 0x0000000085500000, 0x0000000085500000| Complete 
|  86|0x0000000085600000, 0x0000000085700000, 0x0000000085700000|100%| E|CS|TAMS 0x0000000085600000, 0x0000000085600000| Complete 
|  87|0x0000000085700000, 0x0000000085800000, 0x0000000085800000|100%| E|CS|TAMS 0x0000000085700000, 0x0000000085700000| Complete 
|  88|0x0000000085800000, 0x0000000085900000, 0x0000000085900000|100%| E|CS|TAMS 0x0000000085800000, 0x0000000085800000| Complete 
|  89|0x0000000085900000, 0x0000000085a00000, 0x0000000085a00000|100%| E|CS|TAMS 0x0000000085900000, 0x0000000085900000| Complete 
|  90|0x0000000085a00000, 0x0000000085b00000, 0x0000000085b00000|100%| E|CS|TAMS 0x0000000085a00000, 0x0000000085a00000| Complete 
|  91|0x0000000085b00000, 0x0000000085c00000, 0x0000000085c00000|100%| E|CS|TAMS 0x0000000085b00000, 0x0000000085b00000| Complete 
| 127|0x0000000087f00000, 0x0000000088000000, 0x0000000088000000|100%| E|CS|TAMS 0x0000000087f00000, 0x0000000087f00000| Complete 

Card table byte_map: [0x000001bfff220000,0x000001bfff620000] _byte_map_base: 0x000001bffee20000

Marking Bits (Prev, Next): (CMBitMap*) 0x000001bfec7fe040, (CMBitMap*) 0x000001bfec7fe080
 Prev Bits: [0x000001bf80000000, 0x000001bf82000000)
 Next Bits: [0x000001bf82000000, 0x000001bf84000000)

Polling page: 0x000001bfebf30000

Metaspace:

Usage:
  Non-class:     36.56 MB used.
      Class:      4.57 MB used.
       Both:     41.13 MB used.

Virtual space:
  Non-class space:       64.00 MB reserved,      36.81 MB ( 58%) committed,  1 nodes.
      Class space:        1.00 GB reserved,       4.81 MB ( <1%) committed,  1 nodes.
             Both:        1.06 GB reserved,      41.63 MB (  4%) committed. 

Chunk freelists:
   Non-Class:  11.19 MB
       Class:  11.13 MB
        Both:  22.31 MB

MaxMetaspaceSize: unlimited
CompressedClassSpaceSize: 1.00 GB
Initial GC threshold: 21.00 MB
Current GC threshold: 59.06 MB
CDS: off
MetaspaceReclaimPolicy: balanced
 - commit_granule_bytes: 65536.
 - commit_granule_words: 8192.
 - virtual_space_node_default_size: 8388608.
 - enlarge_chunks_in_place: 1.
 - new_chunks_are_fully_committed: 0.
 - uncommit_free_chunks: 1.
 - use_allocation_guard: 0.
 - handle_deallocations: 1.


Internal statistics:

num_allocs_failed_limit: 6.
num_arena_births: 666.
num_arena_deaths: 0.
num_vsnodes_births: 2.
num_vsnodes_deaths: 0.
num_space_committed: 666.
num_space_uncommitted: 0.
num_chunks_returned_to_freelist: 6.
num_chunks_taken_from_freelist: 1711.
num_chunk_merges: 6.
num_chunk_splits: 1139.
num_chunks_enlarged: 758.
num_inconsistent_stats: 0.

CodeHeap 'non-profiled nmethods': size=120000Kb used=2284Kb max_used=2751Kb free=117715Kb
 bounds [0x000001bff78f0000, 0x000001bff7ba0000, 0x000001bffee20000]
CodeHeap 'profiled nmethods': size=120000Kb used=7711Kb max_used=8902Kb free=112288Kb
 bounds [0x000001bfefe20000, 0x000001bff06e0000, 0x000001bff7350000]
CodeHeap 'non-nmethods': size=5760Kb used=2310Kb max_used=2383Kb free=3450Kb
 bounds [0x000001bff7350000, 0x000001bff75d0000, 0x000001bff78f0000]
 total_blobs=5113 nmethods=4290 adapters=734
 compilation: enabled
              stopped_count=0, restarted_count=0
 full_count=0

Compilation events (20 events):
Event: 33.740 Thread 0x000001bffff4e890 5095       3       java.util.ServiceLoader$ModuleServicesLookupIterator::iteratorFor (191 bytes)
Event: 33.747 Thread 0x000001bffff4e890 nmethod 5095 0x000001bff01b5a90 code [0x000001bff01b60c0, 0x000001bff01b9bc8]
Event: 33.777 Thread 0x000001bffff4e890 5096       3       jdk.internal.loader.URLClassPath$1::<init> (30 bytes)
Event: 33.777 Thread 0x000001bffff4e890 nmethod 5096 0x000001bff01b5410 code [0x000001bff01b55c0, 0x000001bff01b5818]
Event: 33.783 Thread 0x000001bffff4e890 5097       3       java.io.Writer::write (11 bytes)
Event: 33.783 Thread 0x000001bffff4e890 nmethod 5097 0x000001bff03fab10 code [0x000001bff03facc0, 0x000001bff03faf88]
Event: 33.785 Thread 0x000001bffff4e890 5098       3       java.io.FilterInputStream::<init> (10 bytes)
Event: 33.785 Thread 0x000001bffff4e890 nmethod 5098 0x000001bff04b3010 code [0x000001bff04b31c0, 0x000001bff04b3418]
Event: 33.788 Thread 0x000001bffff4e890 5100       3       sun.nio.fs.WindowsFileAttributeViews$Basic::readAttributes (5 bytes)
Event: 33.789 Thread 0x000001bffff4e890 nmethod 5100 0x000001bff04b2510 code [0x000001bff04b2720, 0x000001bff04b2d48]
Event: 33.789 Thread 0x000001bffff4e890 5101   !   3       sun.nio.fs.WindowsFileAttributeViews$Basic::readAttributes (30 bytes)
Event: 33.790 Thread 0x000001bffff4e890 nmethod 5101 0x000001bff00fc490 code [0x000001bff00fc680, 0x000001bff00fcc48]
Event: 33.790 Thread 0x000001bffff4e890 5102  s    3       java.io.ByteArrayInputStream::read (73 bytes)
Event: 33.790 Thread 0x000001bffff4e890 nmethod 5102 0x000001bff010b510 code [0x000001bff010b700, 0x000001bff010bcf8]
Event: 33.796 Thread 0x000001bffff4e890 5103       3       java.util.concurrent.ConcurrentHashMap::getOrDefault (16 bytes)
Event: 33.796 Thread 0x000001bffff4e890 nmethod 5103 0x000001bff0524e90 code [0x000001bff0525040, 0x000001bff05251e8]
Event: 33.796 Thread 0x000001bffff4e890 5104   !   3       java.io.File::toPath (54 bytes)
Event: 33.797 Thread 0x000001bffff4e890 nmethod 5104 0x000001bff023e410 code [0x000001bff023e600, 0x000001bff023ec88]
Event: 33.837 Thread 0x000001bffff4e890 5106       3       java.lang.AbstractStringBuilder::append (55 bytes)
Event: 33.838 Thread 0x000001bffff4e890 nmethod 5106 0x000001bff00fbd90 code [0x000001bff00fbf60, 0x000001bff00fc298]

GC Heap History (20 events):
Event: 2.192 GC heap before
{Heap before GC invocations=2 (full 0):
 garbage-first heap   total 131072K, used 30297K [0x0000000080000000, 0x0000000100000000)
  region size 1024K, 17 young (17408K), 2 survivors (2048K)
 Metaspace       used 10475K, committed 10624K, reserved 1114112K
  class space    used 890K, committed 960K, reserved 1048576K
}
Event: 2.197 GC heap after
{Heap after GC invocations=3 (full 0):
 garbage-first heap   total 131072K, used 16677K [0x0000000080000000, 0x0000000100000000)
  region size 1024K, 2 young (2048K), 2 survivors (2048K)
 Metaspace       used 10475K, committed 10624K, reserved 1114112K
  class space    used 890K, committed 960K, reserved 1048576K
}
Event: 4.844 GC heap before
{Heap before GC invocations=3 (full 0):
 garbage-first heap   total 131072K, used 91429K [0x0000000080000000, 0x0000000100000000)
  region size 1024K, 76 young (77824K), 2 survivors (2048K)
 Metaspace       used 20312K, committed 20608K, reserved 1114112K
  class space    used 2081K, committed 2240K, reserved 1048576K
}
Event: 4.859 GC heap after
{Heap after GC invocations=4 (full 0):
 garbage-first heap   total 131072K, used 22156K [0x0000000080000000, 0x0000000100000000)
  region size 1024K, 7 young (7168K), 7 survivors (7168K)
 Metaspace       used 20312K, committed 20608K, reserved 1114112K
  class space    used 2081K, committed 2240K, reserved 1048576K
}
Event: 5.316 GC heap before
{Heap before GC invocations=4 (full 0):
 garbage-first heap   total 131072K, used 59020K [0x0000000080000000, 0x0000000100000000)
  region size 1024K, 44 young (45056K), 7 survivors (7168K)
 Metaspace       used 21252K, committed 21504K, reserved 1114112K
  class space    used 2169K, committed 2304K, reserved 1048576K
}
Event: 5.330 GC heap after
{Heap after GC invocations=5 (full 0):
 garbage-first heap   total 131072K, used 22413K [0x0000000080000000, 0x0000000100000000)
  region size 1024K, 1 young (1024K), 1 survivors (1024K)
 Metaspace       used 21252K, committed 21504K, reserved 1114112K
  class space    used 2169K, committed 2304K, reserved 1048576K
}
Event: 7.238 GC heap before
{Heap before GC invocations=6 (full 0):
 garbage-first heap   total 78848K, used 68493K [0x0000000080000000, 0x0000000100000000)
  region size 1024K, 46 young (47104K), 1 survivors (1024K)
 Metaspace       used 28702K, committed 29056K, reserved 1114112K
  class space    used 3029K, committed 3200K, reserved 1048576K
}
Event: 7.252 GC heap after
{Heap after GC invocations=7 (full 0):
 garbage-first heap   total 78848K, used 25686K [0x0000000080000000, 0x0000000100000000)
  region size 1024K, 5 young (5120K), 5 survivors (5120K)
 Metaspace       used 28702K, committed 29056K, reserved 1114112K
  class space    used 3029K, committed 3200K, reserved 1048576K
}
Event: 7.609 GC heap before
{Heap before GC invocations=7 (full 0):
 garbage-first heap   total 78848K, used 59478K [0x0000000080000000, 0x0000000100000000)
  region size 1024K, 36 young (36864K), 5 survivors (5120K)
 Metaspace       used 29924K, committed 30272K, reserved 1114112K
  class space    used 3112K, committed 3264K, reserved 1048576K
}
Event: 7.621 GC heap after
{Heap after GC invocations=8 (full 0):
 garbage-first heap   total 78848K, used 26664K [0x0000000080000000, 0x0000000100000000)
  region size 1024K, 1 young (1024K), 1 survivors (1024K)
 Metaspace       used 29924K, committed 30272K, reserved 1114112K
  class space    used 3112K, committed 3264K, reserved 1048576K
}
Event: 8.076 GC heap before
{Heap before GC invocations=8 (full 0):
 garbage-first heap   total 78848K, used 59432K [0x0000000080000000, 0x0000000100000000)
  region size 1024K, 33 young (33792K), 1 survivors (1024K)
 Metaspace       used 31154K, committed 31552K, reserved 1114112K
  class space    used 3265K, committed 3456K, reserved 1048576K
}
Event: 8.081 GC heap after
{Heap after GC invocations=9 (full 0):
 garbage-first heap   total 78848K, used 26791K [0x0000000080000000, 0x0000000100000000)
  region size 1024K, 2 young (2048K), 2 survivors (2048K)
 Metaspace       used 31154K, committed 31552K, reserved 1114112K
  class space    used 3265K, committed 3456K, reserved 1048576K
}
Event: 8.491 GC heap before
{Heap before GC invocations=9 (full 0):
 garbage-first heap   total 78848K, used 59559K [0x0000000080000000, 0x0000000100000000)
  region size 1024K, 34 young (34816K), 2 survivors (2048K)
 Metaspace       used 32004K, committed 32512K, reserved 1114112K
  class space    used 3348K, committed 3584K, reserved 1048576K
}
Event: 8.497 GC heap after
{Heap after GC invocations=10 (full 0):
 garbage-first heap   total 78848K, used 27688K [0x0000000080000000, 0x0000000100000000)
  region size 1024K, 2 young (2048K), 2 survivors (2048K)
 Metaspace       used 32004K, committed 32512K, reserved 1114112K
  class space    used 3348K, committed 3584K, reserved 1048576K
}
Event: 9.056 GC heap before
{Heap before GC invocations=10 (full 0):
 garbage-first heap   total 78848K, used 61480K [0x0000000080000000, 0x0000000100000000)
  region size 1024K, 35 young (35840K), 2 survivors (2048K)
 Metaspace       used 32447K, committed 32832K, reserved 1114112K
  class space    used 3384K, committed 3584K, reserved 1048576K
}
Event: 9.065 GC heap after
{Heap after GC invocations=11 (full 0):
 garbage-first heap   total 95232K, used 28886K [0x0000000080000000, 0x0000000100000000)
  region size 1024K, 4 young (4096K), 4 survivors (4096K)
 Metaspace       used 32447K, committed 32832K, reserved 1114112K
  class space    used 3384K, committed 3584K, reserved 1048576K
}
Event: 9.866 GC heap before
{Heap before GC invocations=11 (full 0):
 garbage-first heap   total 95232K, used 74966K [0x0000000080000000, 0x0000000100000000)
  region size 1024K, 49 young (50176K), 4 survivors (4096K)
 Metaspace       used 33199K, committed 33728K, reserved 1114112K
  class space    used 3443K, committed 3712K, reserved 1048576K
}
Event: 9.880 GC heap after
{Heap after GC invocations=12 (full 0):
 garbage-first heap   total 95232K, used 31589K [0x0000000080000000, 0x0000000100000000)
  region size 1024K, 6 young (6144K), 6 survivors (6144K)
 Metaspace       used 33199K, committed 33728K, reserved 1114112K
  class space    used 3443K, committed 3712K, reserved 1048576K
}
Event: 15.588 GC heap before
{Heap before GC invocations=12 (full 0):
 garbage-first heap   total 95232K, used 53093K [0x0000000080000000, 0x0000000100000000)
  region size 1024K, 28 young (28672K), 6 survivors (6144K)
 Metaspace       used 35483K, committed 35968K, reserved 1114112K
  class space    used 3794K, committed 4032K, reserved 1048576K
}
Event: 15.602 GC heap after
{Heap after GC invocations=13 (full 0):
 garbage-first heap   total 95232K, used 33158K [0x0000000080000000, 0x0000000100000000)
  region size 1024K, 5 young (5120K), 5 survivors (5120K)
 Metaspace       used 35483K, committed 35968K, reserved 1114112K
  class space    used 3794K, committed 4032K, reserved 1048576K
}

Dll operation events (7 events):
Event: 0.014 Loaded shared library C:\Users\Admin\.katalon\packages\KS-9.7.2\jre\bin\java.dll
Event: 0.719 Loaded shared library C:\Users\Admin\.katalon\packages\KS-9.7.2\jre\bin\net.dll
Event: 0.722 Loaded shared library C:\Users\Admin\.katalon\packages\KS-9.7.2\jre\bin\nio.dll
Event: 0.738 Loaded shared library C:\Users\Admin\.katalon\packages\KS-9.7.2\jre\bin\zip.dll
Event: 1.507 Loaded shared library C:\Users\Admin\.katalon\packages\KS-9.7.2\jre\bin\verify.dll
Event: 1.944 Loaded shared library C:\Users\Admin\.katalon\packages\KS-9.7.2\jre\bin\jimage.dll
Event: 22.397 Loaded shared library C:\Users\Admin\.katalon\packages\KS-9.7.2\jre\bin\sunmscapi.dll

Deoptimization events (20 events):
Event: 33.183 Thread 0x000001bfec7a2da0 Uncommon trap: trap_request=0xffffffde fr.pc=0x000001bff7a31914 relative=0x00000000000005b4
Event: 33.183 Thread 0x000001bfec7a2da0 Uncommon trap: reason=class_check action=maybe_recompile pc=0x000001bff7a31914 method=org.openqa.selenium.json.Input.init()V @ 18 c2
Event: 33.183 Thread 0x000001bfec7a2da0 DEOPT PACKING pc=0x000001bff7a31914 sp=0x0000009b2a5f9560
Event: 33.183 Thread 0x000001bfec7a2da0 DEOPT UNPACKING pc=0x000001bff73a69a3 sp=0x0000009b2a5f9548 mode 2
Event: 33.183 Thread 0x000001bfec7a2da0 Uncommon trap: trap_request=0xffffffde fr.pc=0x000001bff7a31914 relative=0x00000000000005b4
Event: 33.183 Thread 0x000001bfec7a2da0 Uncommon trap: reason=class_check action=maybe_recompile pc=0x000001bff7a31914 method=org.openqa.selenium.json.Input.init()V @ 18 c2
Event: 33.184 Thread 0x000001bfec7a2da0 DEOPT PACKING pc=0x000001bff7a31914 sp=0x0000009b2a5f9560
Event: 33.184 Thread 0x000001bfec7a2da0 DEOPT UNPACKING pc=0x000001bff73a69a3 sp=0x0000009b2a5f9548 mode 2
Event: 33.256 Thread 0x000001bfec7a2da0 Uncommon trap: trap_request=0xffffff45 fr.pc=0x000001bff7b5a0b8 relative=0x0000000000001198
Event: 33.256 Thread 0x000001bfec7a2da0 Uncommon trap: reason=unstable_if action=reinterpret pc=0x000001bff7b5a0b8 method=java.util.concurrent.ConcurrentHashMap.putVal(Ljava/lang/Object;Ljava/lang/Object;Z)Ljava/lang/Object; @ 231 c2
Event: 33.256 Thread 0x000001bfec7a2da0 DEOPT PACKING pc=0x000001bff7b5a0b8 sp=0x0000009b2a5fab60
Event: 33.256 Thread 0x000001bfec7a2da0 DEOPT UNPACKING pc=0x000001bff73a69a3 sp=0x0000009b2a5faad0 mode 2
Event: 33.463 Thread 0x000001bfec7a2da0 Uncommon trap: trap_request=0xffffff45 fr.pc=0x000001bff79b3004 relative=0x0000000000000a44
Event: 33.463 Thread 0x000001bfec7a2da0 Uncommon trap: reason=unstable_if action=reinterpret pc=0x000001bff79b3004 method=java.lang.Integer.stringSize(I)I @ 19 c2
Event: 33.463 Thread 0x000001bfec7a2da0 DEOPT PACKING pc=0x000001bff79b3004 sp=0x0000009b2a5f8870
Event: 33.463 Thread 0x000001bfec7a2da0 DEOPT UNPACKING pc=0x000001bff73a69a3 sp=0x0000009b2a5f87c8 mode 2
Event: 33.831 Thread 0x000001bfec7a2da0 Uncommon trap: trap_request=0xffffff54 fr.pc=0x000001bff7b0a7a4 relative=0x0000000000001264
Event: 33.831 Thread 0x000001bfec7a2da0 Uncommon trap: reason=speculate_null_assert action=make_not_entrant pc=0x000001bff7b0a7a4 method=java.util.jar.JarFile.getVersionedEntry(Ljava/lang/String;Ljava/util/jar/JarEntry;)Ljava/util/jar/JarEntry; @ 115 c2
Event: 33.831 Thread 0x000001bfec7a2da0 DEOPT PACKING pc=0x000001bff7b0a7a4 sp=0x0000009b2a5f6790
Event: 33.831 Thread 0x000001bfec7a2da0 DEOPT UNPACKING pc=0x000001bff73a69a3 sp=0x0000009b2a5f66e8 mode 2

Classes unloaded (0 events):
No events

Classes redefined (0 events):
No events

Internal exceptions (20 events):
Event: 21.187 Thread 0x000001bf8c876340 Exception <a 'java/net/ConnectException'{0x0000000087fabbb8}: Connection refused: no further information> (0x0000000087fabbb8) 
thrown [s\src\hotspot\share\prims\jni.cpp, line 535]
Event: 21.187 Thread 0x000001bf8c876340 Exception <a 'java/net/SocketException'{0x0000000087fabef0}: Socket is not connected: shutdown> (0x0000000087fabef0) 
thrown [s\src\hotspot\share\prims\jni.cpp, line 535]
Event: 21.509 Thread 0x000001bf8c876340 Exception <a 'java/net/ConnectException'{0x0000000087facff0}: Connection refused: no further information> (0x0000000087facff0) 
thrown [s\src\hotspot\share\prims\jni.cpp, line 535]
Event: 21.509 Thread 0x000001bf8c876340 Exception <a 'java/net/SocketException'{0x0000000087fad328}: Socket is not connected: shutdown> (0x0000000087fad328) 
thrown [s\src\hotspot\share\prims\jni.cpp, line 535]
Event: 21.833 Thread 0x000001bf8c876340 Exception <a 'java/net/ConnectException'{0x0000000087fae428}: Connection refused: no further information> (0x0000000087fae428) 
thrown [s\src\hotspot\share\prims\jni.cpp, line 535]
Event: 21.833 Thread 0x000001bf8c876340 Exception <a 'java/net/SocketException'{0x0000000087fae760}: Socket is not connected: shutdown> (0x0000000087fae760) 
thrown [s\src\hotspot\share\prims\jni.cpp, line 535]
Event: 22.427 Thread 0x000001bfec7a2da0 Exception <a 'sun/nio/fs/WindowsException'{0x0000000085952f38}> (0x0000000085952f38) 
thrown [s\src\hotspot\share\prims\jni.cpp, line 516]
Event: 22.511 Thread 0x000001bfec7a2da0 Exception <a 'java/lang/NoSuchMethodError'{0x0000000085827220}: 'java.lang.Object java.lang.invoke.DirectMethodHandle$Holder.invokeStaticInit(java.lang.Object, int, int, int, int)'> (0x0000000085827220) 
thrown [s\src\hotspot\share\interpreter\linkResolver.cpp, line 759]
Event: 22.732 Thread 0x000001bfec7a2da0 Exception <a 'java/lang/NoSuchMethodError'{0x00000000858e3de8}: 'java.lang.Object java.lang.invoke.DirectMethodHandle$Holder.invokeStaticInit(java.lang.Object, java.lang.Object, int, int, int, int)'> (0x00000000858e3de8) 
thrown [s\src\hotspot\share\interpreter\linkResolver.cpp, line 759]
Event: 23.102 Thread 0x000001bfec7a2da0 Exception <a 'java/lang/IncompatibleClassChangeError'{0x00000000852e9108}: Found class java.lang.Object, but interface was expected> (0x00000000852e9108) 
thrown [s\src\hotspot\share\interpreter\linkResolver.cpp, line 826]
Event: 23.103 Thread 0x000001bfec7a2da0 Exception <a 'java/lang/NoSuchMethodError'{0x00000000852efce8}: 'int java.lang.invoke.DirectMethodHandle$Holder.invokeSpecialIFC(java.lang.Object, java.lang.Object, java.lang.Object, java.lang.Object)'> (0x00000000852efce8) 
thrown [s\src\hotspot\share\interpreter\linkResolver.cpp, line 759]
Event: 23.132 Thread 0x000001bfec7a2da0 Exception <a 'java/lang/NoSuchMethodError'{0x0000000085177d28}: 'double java.lang.invoke.DirectMethodHandle$Holder.invokeVirtual(java.lang.Object, java.lang.Object)'> (0x0000000085177d28) 
thrown [s\src\hotspot\share\interpreter\linkResolver.cpp, line 759]
Event: 23.133 Thread 0x000001bfec7a2da0 Exception <a 'java/lang/NoSuchMethodError'{0x000000008517e750}: 'float java.lang.invoke.DirectMethodHandle$Holder.invokeVirtual(java.lang.Object, java.lang.Object)'> (0x000000008517e750) 
thrown [s\src\hotspot\share\interpreter\linkResolver.cpp, line 759]
Event: 23.134 Thread 0x000001bfec7a2da0 Exception <a 'java/lang/NoSuchMethodError'{0x0000000085187cd0}: 'long java.lang.invoke.DirectMethodHandle$Holder.invokeVirtual(java.lang.Object, java.lang.Object)'> (0x0000000085187cd0) 
thrown [s\src\hotspot\share\interpreter\linkResolver.cpp, line 759]
Event: 23.436 Thread 0x000001bfec7a2da0 Exception <a 'java/lang/NoSuchMethodError'{0x0000000084df8d68}: 'void java.lang.invoke.DirectMethodHandle$Holder.invokeInterface(java.lang.Object, java.lang.Object, java.lang.Object)'> (0x0000000084df8d68) 
thrown [s\src\hotspot\share\interpreter\linkResolver.cpp, line 759]
Event: 33.191 Thread 0x000001bfec7a2da0 Exception <a 'java/lang/NoSuchMethodError'{0x0000000083e40298}: 'java.lang.Object java.lang.invoke.DirectMethodHandle$Holder.invokeSpecialIFC(java.lang.Object, java.lang.Object, java.lang.Object)'> (0x0000000083e40298) 
thrown [s\src\hotspot\share\interpreter\linkResolver.cpp, line 759]
Event: 33.207 Thread 0x000001bfec7a2da0 Exception <a 'java/lang/ClassNotFoundException'{0x0000000083e93638}: sun/util/logging/resources/spi/loggingProvider> (0x0000000083e93638) 
thrown [s\src\hotspot\share\classfile\systemDictionary.cpp, line 256]
Event: 33.254 Thread 0x000001bfec7a2da0 Exception <a 'java/lang/NoSuchMethodError'{0x0000000083d52610}: 'java.lang.Object java.lang.invoke.Invokers$Holder.invoke_MT(java.lang.Object, java.lang.Object, java.lang.Object, java.lang.Object, java.lang.Object)'> (0x0000000083d52610) 
thrown [s\src\hotspot\share\interpreter\linkResolver.cpp, line 759]
Event: 33.255 Thread 0x000001bfec7a2da0 Exception <a 'java/lang/NoSuchMethodError'{0x0000000083d56ce8}: 'void java.lang.invoke.Invokers$Holder.invokeExact_MT(java.lang.Object, java.lang.Object, java.lang.Object, java.lang.Object, java.lang.Object)'> (0x0000000083d56ce8) 
thrown [s\src\hotspot\share\interpreter\linkResolver.cpp, line 759]
Event: 33.342 Thread 0x000001bfec7a2da0 Exception <a 'java/lang/NoSuchMethodError'{0x0000000083df0648}: 'java.lang.Object java.lang.invoke.DirectMethodHandle$Holder.invokeSpecialIFC(java.lang.Object, java.lang.Object)'> (0x0000000083df0648) 
thrown [s\src\hotspot\share\interpreter\linkResolver.cpp, line 759]

VM Operations (20 events):
Event: 22.205 Executing VM operation: HandshakeAllThreads
Event: 22.205 Executing VM operation: HandshakeAllThreads done
Event: 22.209 Executing VM operation: HandshakeAllThreads
Event: 22.209 Executing VM operation: HandshakeAllThreads done
Event: 22.430 Executing VM operation: HandshakeAllThreads
Event: 22.430 Executing VM operation: HandshakeAllThreads done
Event: 22.430 Executing VM operation: Cleanup
Event: 22.430 Executing VM operation: Cleanup done
Event: 22.431 Executing VM operation: HandshakeAllThreads
Event: 22.431 Executing VM operation: HandshakeAllThreads done
Event: 22.432 Executing VM operation: HandshakeAllThreads
Event: 22.432 Executing VM operation: HandshakeAllThreads done
Event: 23.432 Executing VM operation: Cleanup
Event: 23.436 Executing VM operation: Cleanup done
Event: 24.436 Executing VM operation: Cleanup
Event: 24.437 Executing VM operation: Cleanup done
Event: 27.437 Executing VM operation: Cleanup
Event: 27.438 Executing VM operation: Cleanup done
Event: 33.440 Executing VM operation: Cleanup
Event: 33.440 Executing VM operation: Cleanup done

Events (20 events):
Event: 33.248 loading class java/util/UUID$Holder
Event: 33.248 loading class java/util/UUID$Holder done
Event: 33.253 loading class java/lang/invoke/ConstantBootstraps
Event: 33.254 loading class java/lang/invoke/ConstantBootstraps done
Event: 33.281 loading class java/lang/ThreadLocal$SuppliedThreadLocal
Event: 33.281 loading class java/lang/ThreadLocal$SuppliedThreadLocal done
Event: 33.436 loading class javax/net/ssl/SSLHandshakeException
Event: 33.436 loading class javax/net/ssl/SSLHandshakeException done
Event: 33.500 loading class java/lang/InstantiationError
Event: 33.501 loading class java/lang/InstantiationError done
Event: 33.835 loading class java/util/stream/WhileOps
Event: 33.835 loading class java/util/stream/WhileOps done
Event: 33.836 loading class java/util/stream/WhileOps$1Op
Event: 33.836 loading class java/util/stream/WhileOps$DropWhileOp
Event: 33.836 loading class java/util/stream/WhileOps$DropWhileOp done
Event: 33.836 loading class java/util/stream/WhileOps$1Op done
Event: 33.836 loading class java/util/stream/WhileOps$1Op$1OpSink
Event: 33.837 loading class java/util/stream/WhileOps$DropWhileSink
Event: 33.837 loading class java/util/stream/WhileOps$DropWhileSink done
Event: 33.837 loading class java/util/stream/WhileOps$1Op$1OpSink done


Dynamic libraries:
0x00007ff6bded0000 - 0x00007ff6bdede000 	C:\Users\Admin\.katalon\packages\KS-9.7.2\jre\bin\javaw.exe
0x00007ffa58a70000 - 0x00007ffa58c5e000 	C:\Windows\SYSTEM32\ntdll.dll
0x00007ffa587c0000 - 0x00007ffa58873000 	C:\Windows\System32\KERNEL32.DLL
0x00007ffa54b30000 - 0x00007ffa54dcd000 	C:\Windows\System32\KERNELBASE.dll
0x00007ffa55ae0000 - 0x00007ffa55bda000 	C:\Windows\System32\ucrtbase.dll
0x00007ffa4bea0000 - 0x00007ffa4beb7000 	C:\Users\Admin\.katalon\packages\KS-9.7.2\jre\bin\jli.dll
0x00007ffa564b0000 - 0x00007ffa56647000 	C:\Windows\System32\USER32.dll
0x00007ffa55840000 - 0x00007ffa55860000 	C:\Windows\System32\win32u.dll
0x00007ffa58790000 - 0x00007ffa587b9000 	C:\Windows\System32\GDI32.dll
0x00007ffa55930000 - 0x00007ffa55ad7000 	C:\Windows\System32\gdi32full.dll
0x00007ffa55860000 - 0x00007ffa55900000 	C:\Windows\System32\msvcp_win.dll
0x00007ffa43240000 - 0x00007ffa43259000 	C:\Users\Admin\.katalon\packages\KS-9.7.2\jre\bin\VCRUNTIME140.dll
0x00007ffa3eb50000 - 0x00007ffa3edc9000 	C:\Windows\WinSxS\amd64_microsoft.windows.common-controls_6595b64144ccf1df_6.0.17763.6532_none_de70be92534bb012\COMCTL32.dll
0x00007ffa56110000 - 0x00007ffa561ae000 	C:\Windows\System32\msvcrt.dll
0x00007ffa58400000 - 0x00007ffa5872a000 	C:\Windows\System32\combase.dll
0x00007ffa56390000 - 0x00007ffa564a8000 	C:\Windows\System32\RPCRT4.dll
0x00007ffa55010000 - 0x00007ffa55092000 	C:\Windows\System32\bcryptPrimitives.dll
0x00007ffa562e0000 - 0x00007ffa5630e000 	C:\Windows\System32\IMM32.DLL
0x00007ffa4ddb0000 - 0x00007ffa4ddbc000 	C:\Users\Admin\.katalon\packages\KS-9.7.2\jre\bin\vcruntime140_1.dll
0x00007ffa40ef0000 - 0x00007ffa40f81000 	C:\Users\Admin\.katalon\packages\KS-9.7.2\jre\bin\msvcp140.dll
0x00007ffa41140000 - 0x00007ffa41d88000 	C:\Users\Admin\.katalon\packages\KS-9.7.2\jre\bin\server\jvm.dll
0x00007ffa58880000 - 0x00007ffa58928000 	C:\Windows\System32\ADVAPI32.dll
0x00007ffa567c0000 - 0x00007ffa56862000 	C:\Windows\System32\sechost.dll
0x00007ffa55900000 - 0x00007ffa55926000 	C:\Windows\System32\bcrypt.dll
0x00007ffa42f50000 - 0x00007ffa42f59000 	C:\Windows\SYSTEM32\WSOCK32.dll
0x00007ffa58040000 - 0x00007ffa580ad000 	C:\Windows\System32\WS2_32.dll
0x00007ffa50950000 - 0x00007ffa50974000 	C:\Windows\SYSTEM32\WINMM.dll
0x00007ffa4e4c0000 - 0x00007ffa4e4ca000 	C:\Windows\SYSTEM32\VERSION.dll
0x00007ffa50830000 - 0x00007ffa5085d000 	C:\Windows\SYSTEM32\WINMMBASE.dll
0x00007ffa557f0000 - 0x00007ffa5583a000 	C:\Windows\System32\cfgmgr32.dll
0x00007ffa54a20000 - 0x00007ffa54a31000 	C:\Windows\System32\kernel.appcore.dll
0x00007ffa516a0000 - 0x00007ffa516aa000 	C:\Users\Admin\.katalon\packages\KS-9.7.2\jre\bin\jimage.dll
0x00007ffa532a0000 - 0x00007ffa5348d000 	C:\Windows\SYSTEM32\DBGHELP.DLL
0x00007ffa3c1a0000 - 0x00007ffa3c1ca000 	C:\Windows\SYSTEM32\dbgcore.DLL
0x00007ffa4f2e0000 - 0x00007ffa4f305000 	C:\Users\Admin\.katalon\packages\KS-9.7.2\jre\bin\java.dll
0x00007ffa4f2c0000 - 0x00007ffa4f2d8000 	C:\Users\Admin\.katalon\packages\KS-9.7.2\jre\bin\zip.dll
0x00007ffa56870000 - 0x00007ffa57d68000 	C:\Windows\System32\SHELL32.dll
0x00007ffa58990000 - 0x00007ffa58a37000 	C:\Windows\System32\shcore.dll
0x00007ffa550a0000 - 0x00007ffa557e8000 	C:\Windows\System32\windows.storage.dll
0x00007ffa54a40000 - 0x00007ffa54a63000 	C:\Windows\System32\profapi.dll
0x00007ffa54a70000 - 0x00007ffa54acd000 	C:\Windows\System32\powrprof.dll
0x00007ffa57f00000 - 0x00007ffa57f52000 	C:\Windows\System32\shlwapi.dll
0x00007ffa54ff0000 - 0x00007ffa5500b000 	C:\Windows\System32\cryptsp.dll
0x00007ffa4f290000 - 0x00007ffa4f2a9000 	C:\Users\Admin\.katalon\packages\KS-9.7.2\jre\bin\net.dll
0x00007ffa45580000 - 0x00007ffa4567d000 	C:\Windows\SYSTEM32\WINHTTP.dll
0x00007ffa54200000 - 0x00007ffa54267000 	C:\Windows\system32\mswsock.dll
0x00007ffa4f270000 - 0x00007ffa4f285000 	C:\Users\Admin\.katalon\packages\KS-9.7.2\jre\bin\nio.dll
0x00007ffa51690000 - 0x00007ffa516a0000 	C:\Users\Admin\.katalon\packages\KS-9.7.2\jre\bin\verify.dll
0x00007ffa53f00000 - 0x00007ffa53f3d000 	C:\Windows\SYSTEM32\IPHLPAPI.DLL
0x00007ffa581c0000 - 0x00007ffa581c8000 	C:\Windows\System32\NSI.dll
0x00007ffa4ca40000 - 0x00007ffa4ca56000 	C:\Windows\SYSTEM32\dhcpcsvc6.DLL
0x00007ffa4c4f0000 - 0x00007ffa4c50c000 	C:\Windows\SYSTEM32\dhcpcsvc.DLL
0x00007ffa53f40000 - 0x00007ffa54006000 	C:\Windows\SYSTEM32\DNSAPI.dll
0x00007ffa4f260000 - 0x00007ffa4f26e000 	C:\Users\Admin\.katalon\packages\KS-9.7.2\jre\bin\sunmscapi.dll
0x00007ffa54dd0000 - 0x00007ffa54fe1000 	C:\Windows\System32\CRYPT32.dll
0x00007ffa54a00000 - 0x00007ffa54a12000 	C:\Windows\System32\MSASN1.dll
0x00007ffa54520000 - 0x00007ffa5454c000 	C:\Windows\SYSTEM32\ncrypt.dll
0x00007ffa544e0000 - 0x00007ffa5451c000 	C:\Windows\SYSTEM32\NTASN1.dll
0x00007ffa53d30000 - 0x00007ffa53d63000 	C:\Windows\system32\rsaenh.dll
0x00007ffa54900000 - 0x00007ffa54929000 	C:\Windows\SYSTEM32\USERENV.dll
0x00007ffa54380000 - 0x00007ffa5438c000 	C:\Windows\SYSTEM32\CRYPTBASE.dll
0x00007ffa4bfe0000 - 0x00007ffa4bfe9000 	C:\Users\Admin\.katalon\packages\KS-9.7.2\jre\bin\management.dll
0x00007ffa4a490000 - 0x00007ffa4a49b000 	C:\Users\Admin\.katalon\packages\KS-9.7.2\jre\bin\management_ext.dll
0x00007ffa56650000 - 0x00007ffa56658000 	C:\Windows\System32\PSAPI.DLL

dbghelp: loaded successfully - version: 4.0.5 - missing functions: none
symbol engine: initialized successfully - sym options: 0x614 - pdb path: .;C:\Users\Admin\.katalon\packages\KS-9.7.2\jre\bin;C:\Windows\SYSTEM32;C:\Windows\WinSxS\amd64_microsoft.windows.common-controls_6595b64144ccf1df_6.0.17763.6532_none_de70be92534bb012;C:\Users\Admin\.katalon\packages\KS-9.7.2\jre\bin\server

VM Arguments:
jvm_args: -Dgroovy.home=C:\Users\Admin/.groovy -Djava.system.class.loader=groovy.lang.GroovyClassLoader -Xmx2048m -Dfile.encoding=UTF-8 -XX:+ShowCodeDetailsInExceptionMessages 
java_command: org.codehaus.groovy.tools.GroovyStarter --classpath C:\Users\Admin\Katalon Studio\FisrtProject\bin\keyword;C:\Users\Admin\Katalon Studio\FisrtProject\Keywords;C:\Users\Admin\Katalon Studio\FisrtProject\bin\listener;C:\Users\Admin\Katalon Studio\FisrtProject\Test Listeners;C:\Users\Admin\Katalon Studio\FisrtProject\bin\lib;C:\Users\Admin\Katalon Studio\FisrtProject\Libs;C:\Users\Admin\Katalon Studio\FisrtProject\bin\groovy;C:\Users\Admin\Katalon Studio\FisrtProject\Include\scripts\groovy;C:\Users\Admin\.katalon\packages\KS-9.7.2\plugins\com.kms.katalon.core_1.0.0.202409190502.jar;C:\Users\Admin\.katalon\packages\KS-9.7.2\configuration\resources\lib\aalto-xml-1.0.0.jar;C:\Users\Admin\.katalon\packages\KS-9.7.2\configuration\resources\lib\aspectjweaver-1.9.1.jar;C:\Users\Admin\.katalon\packages\KS-9.7.2\configuration\resources\lib\aws-2.20.3-fat.jar;C:\Users\Admin\.katalon\packages\KS-9.7.2\configuration\resources\lib\bcpkix-jdk15on-1.64.jar;C:\Users\Admin\.katalon\packages\KS-9.7.2\configuration\resources\lib\bcprov-jdk15on-1.64.jar;C:\Users\Admin\.katalon\packages\KS-9.7.2\configuration\resources\lib\browsermob-core-2.1.5.jar;C:\Users\Admin\.katalon\packages\KS-9.7.2\configuration\resources\lib\byte-buddy-1.14.3.jar;C:\Users\Admin\.katalon\packages\KS-9.7.2\configuration\resources\lib\byte-buddy-agent-1.14.3.jar;C:\Users\Admin\.katalon\packages\KS-9.7.2\configuration\resources\lib\cglib-3.2.10.jar;C:\Users\Admin\.katalon\packages\KS-9.7.2\configuration\resources\lib\commons-codec-1.10.jar;C:\Users\Admin\.katalon\packages\KS-9.7.2\configuration\resources\lib\commons-collections4-4.1.jar;C:\Users\Admin\.katalon\packages\KS-9.7.2\configuration\resources\lib\commons-validator-1.6.jar;C:\Users\Admin\.katalon\packages\KS-9.7.2\configuration\resources\lib\curvesapi-1.04.jar;C:\Users\Admin\.katalon\packages\KS-9.7.2\configuration\resources\lib\dnsjava-2.1.8.jar;C:\Users\Admin\.katalon\packages\KS-9.7.2\configuration\resources\lib\groovy-3.0.17-fat.jar;C:\User
java_class_path (initial): C:\Users\Admin\Katalon Studio\FisrtProject\bin\keyword;C:\Users\Admin\Katalon Studio\FisrtProject\bin\listener;C:\Users\Admin\Katalon Studio\FisrtProject\bin\lib;C:\Users\Admin\Katalon Studio\FisrtProject\bin\groovy;C:\Users\Admin\Katalon Studio\FisrtProject\bin;C:\Users\Admin\.katalon\packages\KS-9.7.2\plugins\com.kms.katalon.core_1.0.0.202409190502.jar;C:\Users\Admin\.katalon\packages\KS-9.7.2\configuration\resources\lib\aalto-xml-1.0.0.jar;C:\Users\Admin\.katalon\packages\KS-9.7.2\configuration\resources\lib\aspectjweaver-1.9.1.jar;C:\Users\Admin\.katalon\packages\KS-9.7.2\configuration\resources\lib\aws-2.20.3-fat.jar;C:\Users\Admin\.katalon\packages\KS-9.7.2\configuration\resources\lib\bcpkix-jdk15on-1.64.jar;C:\Users\Admin\.katalon\packages\KS-9.7.2\configuration\resources\lib\bcprov-jdk15on-1.64.jar;C:\Users\Admin\.katalon\packages\KS-9.7.2\configuration\resources\lib\browsermob-core-2.1.5.jar;C:\Users\Admin\.katalon\packages\KS-9.7.2\configuration\resources\lib\byte-buddy-1.14.3.jar;C:\Users\Admin\.katalon\packages\KS-9.7.2\configuration\resources\lib\byte-buddy-agent-1.14.3.jar;C:\Users\Admin\.katalon\packages\KS-9.7.2\configuration\resources\lib\cglib-3.2.10.jar;C:\Users\Admin\.katalon\packages\KS-9.7.2\configuration\resources\lib\commons-codec-1.10.jar;C:\Users\Admin\.katalon\packages\KS-9.7.2\configuration\resources\lib\commons-collections4-4.1.jar;C:\Users\Admin\.katalon\packages\KS-9.7.2\configuration\resources\lib\commons-validator-1.6.jar;C:\Users\Admin\.katalon\packages\KS-9.7.2\configuration\resources\lib\curvesapi-1.04.jar;C:\Users\Admin\.katalon\packages\KS-9.7.2\configuration\resources\lib\dnsjava-2.1.8.jar;C:\Users\Admin\.katalon\packages\KS-9.7.2\configuration\resources\lib\groovy-3.0.17-fat.jar;C:\Users\Admin\.katalon\packages\KS-9.7.2\configuration\resources\lib\jackson-coreutils-2.0.jar;C:\Users\Admin\.katalon\packages\KS-9.7.2\configuration\resources\lib\jackson-coreutils-equivalence-1.0.jar;C:\Users\Admin\.kat
Launcher Type: SUN_STANDARD

[Global flags]
     intx CICompilerCount                          = 3                                         {product} {ergonomic}
     uint ConcGCThreads                            = 1                                         {product} {ergonomic}
     uint G1ConcRefinementThreads                  = 4                                         {product} {ergonomic}
   size_t G1HeapRegionSize                         = 1048576                                   {product} {ergonomic}
    uintx GCDrainStackTargetSize                   = 64                                        {product} {ergonomic}
   size_t InitialHeapSize                          = 134217728                                 {product} {ergonomic}
   size_t MarkStackSize                            = 4194304                                   {product} {ergonomic}
   size_t MaxHeapSize                              = 2147483648                                {product} {command line}
   size_t MaxNewSize                               = 1287651328                                {product} {ergonomic}
   size_t MinHeapDeltaBytes                        = 1048576                                   {product} {ergonomic}
   size_t MinHeapSize                              = 8388608                                   {product} {ergonomic}
    uintx NonNMethodCodeHeapSize                   = 5832780                                {pd product} {ergonomic}
    uintx NonProfiledCodeHeapSize                  = 122912730                              {pd product} {ergonomic}
    uintx ProfiledCodeHeapSize                     = 122912730                              {pd product} {ergonomic}
    uintx ReservedCodeCacheSize                    = 251658240                              {pd product} {ergonomic}
     bool SegmentedCodeCache                       = true                                      {product} {ergonomic}
     bool ShowCodeDetailsInExceptionMessages       = true                                   {manageable} {command line}
   size_t SoftMaxHeapSize                          = 2147483648                             {manageable} {ergonomic}
     bool UseCompressedClassPointers               = true                           {product lp64_product} {ergonomic}
     bool UseCompressedOops                        = true                           {product lp64_product} {ergonomic}
     bool UseG1GC                                  = true                                      {product} {ergonomic}
     bool UseLargePagesIndividualAllocation        = false                                  {pd product} {ergonomic}

Logging:
Log output configuration:
 #0: stdout all=warning uptime,level,tags
 #1: stderr all=off uptime,level,tags

Environment Variables:
JAVA_HOME=C:\Users\Admin\.katalon\packages\KS-9.7.2\jre
PATH=C:/Users/Admin/.katalon/packages/KS-9.7.2/jre/bin/server;C:/Users/Admin/.katalon/packages/KS-9.7.2/jre/bin;C:\Program Files\Common Files\Oracle\Java\javapath;C:\Windows\system32;C:\Windows;C:\Windows\System32\Wbem;C:\Windows\System32\WindowsPowerShell\v1.0\;C:\Windows\System32\OpenSSH\;C:\Program Files\Microsoft SQL Server\Client SDK\ODBC\170\Tools\Binn\;C:\Program Files (x86)\Microsoft SQL Server\150\Tools\Binn\;C:\Program Files\Microsoft SQL Server\150\Tools\Binn\;C:\Program Files\Microsoft SQL Server\150\DTS\Binn\;C:\Program Files (x86)\STMicroelectronics\STM32 ST-LINK Utility\ST-LINK Utility;C:\Program Files\nodejs\;C:\Users\Admin\AppData\Local\Microsoft\WindowsApps;C:\Program Files\JetBrains\IntelliJ IDEA Community Edition 2024.1.4\bin;;C:\Users\Admin\AppData\Roaming\npm;C:\Users\Admin\.katalon\packages\KS-9.7.2;:C:\Users\Admin\.katalon\packages\KS-9.7.2\jre\bin
USERNAME=Admin
OS=Windows_NT
PROCESSOR_IDENTIFIER=Intel64 Family 6 Model 142 Stepping 9, GenuineIntel
TMP=C:\Users\Admin\AppData\Local\Temp
TEMP=C:\Users\Admin\AppData\Local\Temp



---------------  S Y S T E M  ---------------

OS:
 Windows 10 , 64 bit Build 17763 (10.0.17763.6292)
OS uptime: 0 days 8:55 hours
Hyper-V role detected

CPU: total 4 (initial active 4) (2 cores per cpu, 2 threads per core) family 6 model 142 stepping 9 microcode 0xea, cx8, cmov, fxsr, ht, mmx, 3dnowpref, sse, sse2, sse3, ssse3, sse4.1, sse4.2, popcnt, lzcnt, tsc, tscinvbit, avx, avx2, aes, erms, clmul, bmi1, bmi2, adx, fma, vzeroupper, clflush, clflushopt, hv

Memory: 4k page, system-wide physical 8090M (983M free)
TotalPageFile size 14106M (AvailPageFile size 5M)
current process WorkingSet (physical memory assigned to process): 243M, peak: 246M
current process commit charge ("private bytes"): 273M, peak: 277M

vm_info: OpenJDK 64-Bit Server VM (17.0.7+7) for windows-amd64 JRE (17.0.7+7), built on Apr 18 2023 22:10:42 by "temurin" with MS VC++ 16.7 (VS2019)

END.
