#
# There is insufficient memory for the Java Runtime Environment to continue.
# Native memory allocation (malloc) failed to allocate 1832704 bytes for Chunk::new
# Possible reasons:
#   The system is out of physical RAM or swap space
#   The process is running with CompressedOops enabled, and the Java Heap may be blocking the growth of the native heap
# Possible solutions:
#   Reduce memory load on the system
#   Increase physical memory or swap space
#   Check if swap backing store is full
#   Decrease Java heap size (-Xmx/-Xms)
#   Decrease number of Java threads
#   Decrease Java thread stack sizes (-Xss)
#   Set larger code cache with -XX:ReservedCodeCacheSize=
#   JVM is running with Unscaled Compressed Oops mode in which the Java heap is
#     placed in the first 4GB address space. The Java Heap base address is the
#     maximum limit for the native heap growth. Please use -XX:HeapBaseMinAddress
#     to set the Java Heap base and to place the Java Heap above 4GB virtual address.
# This output file may be truncated or incomplete.
#
#  Out of Memory Error (arena.cpp:189), pid=17940, tid=17784
#
# JRE version: OpenJDK Runtime Environment Temurin-17.0.7+7 (17.0.7+7) (build 17.0.7+7)
# Java VM: OpenJDK 64-Bit Server VM Temurin-17.0.7+7 (17.0.7+7, mixed mode, tiered, compressed oops, compressed class ptrs, g1 gc, windows-amd64)
# No core dump will be written. Minidumps are not enabled by default on client versions of Windows
#

---------------  S U M M A R Y ------------

Command Line: -Dgroovy.home=C:\Users\Admin/.groovy -Djava.system.class.loader=groovy.lang.GroovyClassLoader -Xmx2048m -Dfile.encoding=UTF-8 -XX:+ShowCodeDetailsInExceptionMessages org.codehaus.groovy.tools.GroovyStarter --classpath C:\Users\Admin\Katalon Studio\FisrtProject\bin\keyword;C:\Users\Admin\Katalon Studio\FisrtProject\Keywords;C:\Users\Admin\Katalon Studio\FisrtProject\bin\listener;C:\Users\Admin\Katalon Studio\FisrtProject\Test Listeners;C:\Users\Admin\Katalon Studio\FisrtProject\bin\lib;C:\Users\Admin\Katalon Studio\FisrtProject\Libs;C:\Users\Admin\Katalon Studio\FisrtProject\bin\groovy;C:\Users\Admin\Katalon Studio\FisrtProject\Include\scripts\groovy;C:\Users\Admin\.katalon\packages\KS-9.7.2\plugins\com.kms.katalon.core_1.0.0.202409190502.jar;C:\Users\Admin\.katalon\packages\KS-9.7.2\configuration\resources\lib\aalto-xml-1.0.0.jar;C:\Users\Admin\.katalon\packages\KS-9.7.2\configuration\resources\lib\aspectjweaver-1.9.1.jar;C:\Users\Admin\.katalon\packages\KS-9.7.2\configuration\resources\lib\aws-2.20.3-fat.jar;C:\Users\Admin\.katalon\packages\KS-9.7.2\configuration\resources\lib\bcpkix-jdk15on-1.64.jar;C:\Users\Admin\.katalon\packages\KS-9.7.2\configuration\resources\lib\bcprov-jdk15on-1.64.jar;C:\Users\Admin\.katalon\packages\KS-9.7.2\configuration\resources\lib\browsermob-core-2.1.5.jar;C:\Users\Admin\.katalon\packages\KS-9.7.2\configuration\resources\lib\byte-buddy-1.14.3.jar;C:\Users\Admin\.katalon\packages\KS-9.7.2\configuration\resources\lib\byte-buddy-agent-1.14.3.jar;C:\Users\Admin\.katalon\packages\KS-9.7.2\configuration\resources\lib\cglib-3.2.10.jar;C:\Users\Admin\.katalon\packages\KS-9.7.2\configuration\resources\lib\commons-codec-1.10.jar;C:\Users\Admin\.katalon\packages\KS-9.7.2\configuration\resources\lib\commons-collections4-4.1.jar;C:\Users\Admin\.katalon\packages\KS-9.7.2\configuration\resources\lib\commons-validator-1.6.jar;C:\Users\Admin\.katalon\packages\KS-9.7.2\configuration\resources\lib\curvesapi-1.04.jar;C:\Users\Admin\.katalon\packages\KS-9.7.2\configuration\resources\lib\dnsjava-2.1.8.jar;C:\Users\Admin\.katalon\packages\KS-9.7.2\configuration\resources\lib\groovy-3.0.17-fat.jar;C:\Users\Admin\.katalon\packages\KS-9.7.2\configuration\resources\lib\jackson-coreutils-2.0.jar;C:\Users\Admin\.katalon\packages\KS-9.7.2\configuration\resources\lib\jackson-coreutils-equivalence-1.0.jar;C:\Users\Admin\.katalon\packages\KS-9.7.2\configuration\resources\lib\java-client-7.0.0.jar;C:\Users\Admin\.katalon\packages\KS-9.7.2\configuration\resources\lib\javax.servlet-api_3.1.0.jar;C:\Users\Admin\.katalon\packages\KS-9.7.2\configuration\resources\lib\jna-5.12.1.jar;C:\Users\Admin\.katalon\packages\KS-9.7.2\configuration\resources\lib\jna-platform-5.12.1.jar;C:\Users\Admin\.katalon\packages\KS-9.7.2\configuration\resources\lib\json-schema-core-1.2.14.jar;C:\Users\Admin\.katalon\packages\KS-9.7.2\configuration\resources\lib\json-schema-validator-2.2.14.jar;C:\Users\Admin\.katalon\packages\KS-9.7.2\configuration\resources\lib\jzlib-1.1.3.jar;C:\Users\Admin\.katalon\packages\KS-9.7.2\configuration\resources\lib\kat-server.jar;C:\Users\Admin\.katalon\packages\KS-9.7.2\configuration\resources\lib\littleproxy-1.1.0-beta-bmp-17.jar;C:\Users\Admin\.katalon\packages\KS-9.7.2\configuration\resources\lib\log4j-1.2-api-2.17.1.jar;C:\Users\Admin\.katalon\packages\KS-9.7.2\configuration\resources\lib\log4j-api-2.17.1.jar;C:\Users\Admin\.katalon\packages\KS-9.7.2\configuration\resources\lib\log4j-core-2.17.1.jar;C:\Users\Admin\.katalon\packages\KS-9.7.2\configuration\resources\lib\mitm-2.1.5.jar;C:\Users\Admin\.katalon\packages\KS-9.7.2\configuration\resources\lib\mockito-core-5.2.0.jar;C:\Users\Admin\.katalon\packages\KS-9.7.2\configuration\resources\lib\mockito-inline-5.2.0.jar;C:\Users\Admin\.katalon\packages\KS-9.7.2\configuration\resources\lib\netty-all-4.1.109.Final.jar;C:\Users\Admin\.katalon\packages\KS-9.7.2\configuration\resources\lib\objenesis-3.3.jar;C:\Users\Admin\.katalon\packages\KS-9.7.2\configuration\resources\lib\poi-3.17.jar;C:\Users\Admin\.katalon\packages\KS-9.7.2\configuration\resources\lib\poi-ooxml-3.17.jar;C:\Users\Admin\.katalon\packages\KS-9.7.2\configuration\resources\lib\poi-ooxml-schemas-3.17.jar;C:\Users\Admin\.katalon\packages\KS-9.7.2\configuration\resources\lib\proxy-vole-1.0.4-SNAPSHOT-jar-with-dependencies.jar;C:\Users\Admin\.katalon\packages\KS-9.7.2\configuration\resources\lib\repackaged-sikuli-api-1.0.2-standalone.jar;C:\Users\Admin\.katalon\packages\KS-9.7.2\configuration\resources\lib\selenium-leg-rc-3.141.59.jar;C:\Users\Admin\.katalon\packages\KS-9.7.2\configuration\resources\lib\selenium-server-standalone-3.141.59.jar;C:\Users\Admin\.katalon\packages\KS-9.7.2\configuration\resources\lib\selenium-shutterbug-1.1.jar;C:\Users\Admin\.katalon\packages\KS-9.7.2\configuration\resources\lib\slf4j-api-1.7.25.jar;C:\Users\Admin\.katalon\packages\KS-9.7.2\configuration\resources\lib\soap-builder-1.0.0.jar;C:\Users\Admin\.katalon\packages\KS-9.7.2\configuration\resources\lib\soap-common-1.0.0.jar;C:\Users\Admin\.katalon\packages\KS-9.7.2\configuration\resources\lib\soap-legacy-1.0.0.jar;C:\Users\Admin\.katalon\packages\KS-9.7.2\configuration\resources\lib\spring-context-5.3.19.jar;C:\Users\Admin\.katalon\packages\KS-9.7.2\configuration\resources\lib\stax2-api-4.0.0.jar;C:\Users\Admin\.katalon\packages\KS-9.7.2\configuration\resources\lib\su.jar;C:\Users\Admin\.katalon\packages\KS-9.7.2\configuration\resources\lib\swagger-parser-1.0.67-fat.jar;C:\Users\Admin\.katalon\packages\KS-9.7.2\configuration\resources\lib\testng-7.8.0.jar;C:\Users\Admin\.katalon\packages\KS-9.7.2\configuration\resources\lib\uri-template-0.1.jar;C:\Users\Admin\.katalon\packages\KS-9.7.2\configuration\resources\lib\wadl.jar;C:\Users\Admin\.katalon\packages\KS-9.7.2\configuration\resources\lib\xmlbeans-3.1.0.jar;C:\Users\Admin\.katalon\packages\KS-9.7.2\plugins\net.sf.supercsv.super-csv_2.1.0.jar;C:\Users\Admin\.katalon\packages\KS-9.7.2\plugins\org.apache.commons.io_2.4.0.jar;C:\Users\Admin\.katalon\packages\KS-9.7.2\plugins\org.apache.commons.lang_2.6.0.jar;C:\Users\Admin\.katalon\packages\KS-9.7.2\plugins\com.google.gson_2.10.1.v20230109-0753.jar;C:\Users\Admin\.katalon\packages\KS-9.7.2\plugins\org.jsoup_1.14.3.jar;C:\Users\Admin\.katalon\packages\KS-9.7.2\plugins\org.apache.commons.dbutils_1.6.0.jar;C:\Users\Admin\.katalon\packages\KS-9.7.2\plugins\com.oracle.jdbc.ojdbc7_12.1.0.2.jar;C:\Users\Admin\.katalon\packages\KS-9.7.2\plugins\org.postgresql.jdbc_42.7.3.jar;c:\Users\Admin\.katalon\packages\KS-9.7.2\plugins\org.eclipse.osgi_3.18.300.v20230220-1352.jar;C:\Users\Admin\.katalon\packages\KS-9.7.2\plugins\com.kms.katalon.constant_1.0.0.202409190502.jar;C:\Users\Admin\.katalon\packages\KS-9.7.2\plugins\org.eclipse.persistence.eclipselink_2.7.11.jar;C:\Users\Admin\.katalon\packages\KS-9.7.2\plugins\com.kms.katalon.selenium-standalone_1.0.0.202409190502.jar;C:\Users\Admin\.katalon\packages\KS-9.7.2\plugins\atu.testrecorder.screen-recorder_2.1.0.jar;C:\Users\Admin\.katalon\packages\KS-9.7.2\plugins\com.google.guava_32.0.0.jre.jar;C:\Users\Admin\.katalon\packages\KS-9.7.2\plugins\com.kms.katalon.util_1.0.0.202409190502.jar;C:\Users\Admin\.katalon\packages\KS-9.7.2\plugins\org.apache.httpcomponents.httpclient_4.5.14.v20221207-1049.jar;C:\Users\Admin\.katalon\packages\KS-9.7.2\plugins\org.apache.httpcomponents.httpcore_4.4.16.v20221207-1049.jar;C:\Users\Admin\.katalon\packages\KS-9.7.2\plugins\org.apache.httpcomponents.httpmime_4.5.13.jar;C:\Users\Admin\.katalon\packages\KS-9.7.2\plugins\org.apache.commons.lang3_3.14.0.jar;C:\Users\Admin\.katalon\packages\KS-9.7.2\plugins\org.greenrobot.eventbus_3.1.1.jar;C:\Users\Admin\.katalon\packages\KS-9.7.2\plugins\net.bytebuddy.byte-buddy_1.14.15.jar;C:\Users\Admin\.katalon\packages\KS-9.7.2\plugins\org.junit_4.13.2.v20211018-1956.jar;C:\Users\Admin\.katalon\packages\KS-9.7.2\plugins\com.fasterxml.jackson.core.jackson-databind_2.17.1.jar;C:\Users\Admin\.katalon\packages\KS-9.7.2\plugins\com.fasterxml.jackson.core.jackson-core_2.17.1.jar;C:\Users\Admin\.katalon\packages\KS-9.7.2\plugins\com.fasterxml.jackson.core.jackson-annotations_2.17.1.jar;C:\Users\Admin\.katalon\packages\KS-9.7.2\plugins\ch.qos.logback.classic_1.2.13.jar;C:\Users\Admin\.katalon\packages\KS-9.7.2\plugins\ch.qos.logback.core_1.2.13.jar;C:\Users\Admin\.katalon\packages\KS-9.7.2\plugins\slf4j.api_1.7.36.jar;C:\Users\Admin\.katalon\packages\KS-9.7.2\plugins\org.fusesource.jansi_1.17.1.jar;C:\Users\Admin\.katalon\packages\KS-9.7.2\plugins\com.kms.katalon.netlightbody_1.0.0.202409190502.jar;C:\Users\Admin\.katalon\packages\KS-9.7.2\plugins\com.kms.katalon.poi_1.0.0.202409190502.jar;C:\Users\Admin\.katalon\packages\KS-9.7.2\plugins\org.apache.commons.commons-text_1.10.0.jar;C:\Users\Admin\.katalon\packages\KS-9.7.2\plugins\com.kms.katalon.proxyvole_1.0.0.202409190502.jar;C:\Users\Admin\.katalon\packages\KS-9.7.2\plugins\com.microsoft.sqlserver.mssql-jdbc_6.2.2.jre8.jar;C:\Users\Admin\.katalon\packages\KS-9.7.2\plugins\com.github.kklisura.cdt.java-client_2.1.0.jar;C:\Users\Admin\.katalon\packages\KS-9.7.2\plugins\javax.websocket-api_1.1.0.jar;C:\Users\Admin\.katalon\packages\KS-9.7.2\plugins\org.glassfish.tyrus.container-grizzly-client_1.13.1.jar;C:\Users\Admin\.katalon\packages\KS-9.7.2\plugins\org.glassfish.grizzly.http-server_2.3.25.jar;C:\Users\Admin\.katalon\packages\KS-9.7.2\plugins\org.glassfish.grizzly.framework_2.3.25.jar;C:\Users\Admin\.katalon\packages\KS-9.7.2\plugins\org.glassfish.grizzly.http_2.3.25.jar;C:\Users\Admin\.katalon\packages\KS-9.7.2\plugins\org.glassfish.tyrus.client_1.13.1.jar;C:\Users\Admin\.katalon\packages\KS-9.7.2\plugins\org.glassfish.tyrus.core_1.13.1.jar;C:\Users\Admin\.katalon\packages\KS-9.7.2\plugins\org.glassfish.tyrus.spi_1.13.1.jar;C:\Users\Admin\.katalon\packages\KS-9.7.2\plugins\javassist_3.28.0.GA.jar;C:\Users\Admin\.katalon\packages\KS-9.7.2\plugins\graphql-java_17.5.0.jar;C:\Users\Admin\.katalon\packages\KS-9.7.2\plugins\org.glassfish.jaxb.runtime_2.3.6.jar;C:\Users\Admin\.katalon\packages\KS-9.7.2\plugins\org.glassfish.jaxb.txw2_2.3.6.jar;C:\Users\Admin\.katalon\packages\KS-9.7.2\plugins\org.dom4j_2.1.4.jar;C:\Users\Admin\.katalon\packages\KS-9.7.2\plugins\com.kms.katalon.groovy-extended_1.0.0.202409190502.jar;C:\Users\Admin\.katalon\packages\KS-9.7.2\plugins\com.sun.activation.javax.activation_1.2.0.jar;C:\Users\Admin\.katalon\packages\KS-9.7.2\plugins\jakarta.xml.bind-api_2.3.3.jar;C:\Users\Admin\.katalon\packages\KS-9.7.2\plugins\com.sun.xml.bind.jaxb-impl_2.3.6.jar;C:\Users\Admin\.katalon\packages\KS-9.7.2\plugins\org.eclipse.jface_3.29.0.v20230214-1401.jar;C:\Users\Admin\.katalon\packages\KS-9.7.2\plugins\com.kms.katalon.logging_1.0.0.202409190502.jar;C:\Users\Admin\.katalon\packages\KS-9.7.2\plugins\json_20240303.0.0.jar;C:\Users\Admin\.katalon\packages\KS-9.7.2\plugins\assertj-core_3.25.3.jar;C:\Users\Admin\.katalon\packages\KS-9.7.2\plugins\com.networknt.json-schema-validator_1.0.66.jar;C:\Users\Admin\.katalon\packages\KS-9.7.2\plugins\com.kms.katalon.network.apache_1.0.0.202409190502.jar;C:\Users\Admin\.katalon\packages\KS-9.7.2\plugins\org.apache.commons.logging_1.2.0.v20180409-1502.jar;C:\Users\Admin\.katalon\packages\KS-9.7.2\plugins\org.hamcrest.core_1.3.0.v20180420-1519.jar;C:\Users\Admin\.katalon\packages\KS-9.7.2\plugins\org.beanshell.bsh_2.0.0.0b4.jar;C:\Users\Admin\.katalon\packages\KS-9.7.2\plugins\org.apache.ant.launcher_1.9.6.jar;C:\Users\Admin\.katalon\packages\KS-9.7.2\plugins\com.kms.katalon.core.appium_1.0.0.202409190502.jar;C:\Users\Admin\.katalon\packages\KS-9.7.2\plugins\com.kms.katalon.api_1.0.0.202409190502.jar;C:\Users\Admin\.katalon\packages\KS-9.7.2\plugins\org.eclipse.equinox.common_3.17.100.v20230202-1341.jar;C:\Users\Admin\.katalon\packages\KS-9.7.2\plugins\com.kms.katalon.platform.core_1.0.0.202409190502.jar;C:\Users\Admin\.katalon\packages\KS-9.7.2\plugins\com.kms.katalon.common_1.0.0.202409190502.jar;C:\Users\Admin\.katalon\packages\KS-9.7.2\plugins\com.kms.katalon.session.core_1.0.0.202409190502.jar;C:\Users\Admin\.katalon\packages\KS-9.7.2\plugins\org.eclipse.e4.core.contexts_1.11.0.v20220716-0839.jar;C:\Users\Admin\.katalon\packages\KS-9.7.2\plugins\javax.inject_1.0.0.v20220405-0441.jar;C:\Users\Admin\.katalon\packages\KS-9.7.2\plugins\org.eclipse.e4.core.di_1.8.300.v20220817-1539.jar;C:\Users\Admin\.katalon\packages\KS-9.7.2\plugins\com.kms.katalon.network.core_1.0.0.202409190502.jar;C:\Users\Admin\.katalon\packages\KS-9.7.2\plugins\com.kms.katalon.execution.core_1.0.0.202409190502.jar;C:\Users\Admin\.katalon\packages\KS-9.7.2\plugins\org.eclipse.equinox.registry_3.11.200.v20220817-1601.jar;C:\Users\Admin\.katalon\packages\KS-9.7.2\plugins\dev.failsafe_3.3.2.jar;C:\Users\Admin\.katalon\packages\KS-9.7.2\plugins\com.fasterxml.jackson.datatype.jackson-datatype-jsr310_2.17.1.jar;C:\Users\Admin\.katalon\packages\KS-9.7.2\plugins\org.eclipse.e4.core.di.annotations_1.7.200.v20220613-1008.jar;C:\Users\Admin\.katalon\packages\KS-9.7.2\plugins\com.kms.katalon.core.webui_1.0.0.202409190502.jar;C:\Users\Admin\.katalon\packages\KS-9.7.2\plugins\org.eclipse.e4.core.services_2.3.400.v20220915-1347.jar;C:\Users\Admin\.katalon\packages\KS-9.7.2\plugins\com.kms.katalon.core.mobile_1.0.0.202409190502.jar;C:\Users\Admin\.katalon\packages\KS-9.7.2\plugins\org.apache.commons.commons-validator_1.7.0.jar;C:\Users\Admin\.katalon\packages\KS-9.7.2\plugins\com.kms.katalon.core.cucumber_1.0.0.202409190502.jar;C:\Users\Admin\.katalon\packages\KS-9.7.2\plugins\io.cucumber.core_3.0.3.jar;C:\Users\Admin\.katalon\packages\KS-9.7.2\plugins\io.cucumber.datatable_1.1.15.jar;C:\Users\Admin\.katalon\packages\KS-9.7.2\plugins\io.cucumber.datatable-dependencies_1.1.15.jar;C:\Users\Admin\.katalon\packages\KS-9.7.2\plugins\io.cucumber.expressions_5.0.19.jar;C:\Users\Admin\.katalon\packages\KS-9.7.2\plugins\io.cucumber.gherkin_5.0.0.jar;C:\Users\Admin\.katalon\packages\KS-9.7.2\plugins\io.cucumber.html_0.2.7.jar;C:\Users\Admin\.katalon\packages\KS-9.7.2\plugins\io.cucumber.java_3.0.3.jar;C:\Users\Admin\.katalon\packages\KS-9.7.2\plugins\io.cucumber.tag-expressions_1.1.1.jar;C:\Users\Admin\.katalon\packages\KS-9.7.2\plugins\io.cucumber.junit_3.0.3.jar;C:\Users\Admin\.katalon\packages\KS-9.7.2\plugins\com.kms.katalon.core.webservice_1.0.0.202409190502.jar;C:\Users\Admin\.katalon\packages\KS-9.7.2\plugins\wsdl4j_1.6.2.jar;C:\Users\Admin\.katalon\packages\KS-9.7.2\plugins\com.google.oauth-client.google-oauth-client_1.22.0.jar;C:\Users\Admin\.katalon\packages\KS-9.7.2\plugins\com.google.http-client.google-http-client_1.22.0.jar;C:\Users\Admin\.katalon\packages\KS-9.7.2\plugins\ca.juliusdavies.not-yet-commons-ssl_0.3.11.jar;C:\Users\Admin\.katalon\packages\KS-9.7.2\plugins\com.kms.katalon.preferences_1.0.0.202409190502.jar;C:\Users\Admin\.katalon\packages\KS-9.7.2\plugins\org.apache.xmlbeans_3.1.0.jar;C:\Users\Admin\.katalon\packages\KS-9.7.2\plugins\com.kms.katalon.entity_1.0.0.202409190502.jar;C:\Users\Admin\.katalon\packages\KS-9.7.2\plugins\org.antlr.antlr4-runtime_4.9.2.jar;C:\Users\Admin\.katalon\packages\KS-9.7.2\plugins\jakarta.xml.ws-api_2.3.3.jar;C:\Users\Admin\.katalon\packages\KS-9.7.2\plugins\javax.xml.soap-api_1.4.0.jar;C:\Users\Admin\.katalon\packages\KS-9.7.2\plugins\com.atlassian.oai.swagger-request-validator-core_2.38.0.jar;C:\Users\Admin\.katalon\packages\KS-9.7.2\plugins\io.swagger.compat-spec-parser_1.0.67.jar;C:\Users\Admin\.katalon\packages\KS-9.7.2\plugins\io.swagger.core.v3.swagger-annotations_2.2.14.jar;C:\Users\Admin\.katalon\packages\KS-9.7.2\plugins\io.swagger.core.v3.swagger-core_2.2.14.jar;C:\Users\Admin\.katalon\packages\KS-9.7.2\plugins\io.swagger.core.v3.swagger-models_2.2.14.jar;C:\Users\Admin\.katalon\packages\KS-9.7.2\plugins\io.swagger.parser.v3.swagger-parser-core_2.1.16.jar;C:\Users\Admin\.katalon\packages\KS-9.7.2\plugins\io.swagger.parser.v3.swagger-parser-v2-converter_2.1.16.jar;C:\Users\Admin\.katalon\packages\KS-9.7.2\plugins\com.github.java-json-tools.btf_1.3.0.jar;C:\Users\Admin\.katalon\packages\KS-9.7.2\plugins\com.fasterxml.jackson.dataformat.jackson-dataformat-yaml_2.17.1.jar;C:\Users\Admin\.katalon\packages\KS-9.7.2\plugins\org.yaml.snakeyaml_2.2.0.jar;C:\Users\Admin\.katalon\packages\KS-9.7.2\plugins\com.github.java-json-tools.msg-simple_1.2.0.jar;C:\Users\Admin\.katalon\packages\KS-9.7.2\plugins\jackson-core-asl_1.9.13.jar;C:\Users\Admin\.katalon\packages\KS-9.7.2\plugins\joda-time_2.10.5.jar;C:\Users\Admin\.katalon\packages\KS-9.7.2\plugins\javax.mail-api_1.6.2.jar;C:\Users\Admin\.katalon\packages\KS-9.7.2\plugins\com.googlecode.libphonenumber_8.11.1.jar;C:\Users\Admin\.katalon\packages\KS-9.7.2\plugins\com.google.guava.failureaccess_1.0.1.jar;C:\Users\Admin\.katalon\packages\KS-9.7.2\plugins\io.swagger.parser.v3.swagger-parser_2.1.16.jar;C:\Users\Admin\.katalon\packages\KS-9.7.2\plugins\io.swagger.parser.v3.swagger-parser-v3_2.1.16.jar;C:\Users\Admin\.katalon\packages\KS-9.7.2\plugins\io.swagger.parser_1.0.67.jar;C:\Users\Admin\.katalon\packages\KS-9.7.2\plugins\com.kms.katalon.core.windows_1.0.0.202409190502.jar;C:\Users\Admin\.katalon\packages\KS-9.7.2\plugins\com.kms.katalon.core.testng_1.0.0.202409190502.jar;C:\Users\Admin\.katalon\packages\KS-9.7.2\configuration\org.eclipse.osgi\33\0\.cp\resources\basic-report\katalon-studio-report-plugin.jar;C:\Users\Admin\.katalon\packages\KS-9.7.2\plugins\org.codehaus.groovy_3.0.17.v202303311542-e2303\lib\groovy-3.0.17-indy.jar;C:\Users\Admin\.katalon\packages\KS-9.7.2\plugins\org.codehaus.groovy_3.0.17.v202303311542-e2303\lib\ivy-2.5.1.jar --main groovy.ui.GroovyMain --encoding UTF-8 --indy C:\Users\Admin\Katalon Studio\FisrtProject\Libs\TempTestCase1734430834483.groovy

Host: Intel(R) Core(TM) i7-7500U CPU @ 2.70GHz, 4 cores, 7G,  Windows 10 , 64 bit Build 17763 (10.0.17763.6292)
Time: Tue Dec 17 17:20:47 2024 SE Asia Standard Time elapsed time: 12.556914 seconds (0d 0h 0m 12s)

---------------  T H R E A D  ---------------

Current thread (0x000001b0b37a60b0):  JavaThread "C2 CompilerThread0" daemon [_thread_in_native, id=17784, stack(0x000000196ee00000,0x000000196ef00000)]


Current CompileTask:
C2:  12557 4272       4       groovyjarjarantlr4.v4.runtime.atn.LexerATNSimulator::closure (258 bytes)

Stack: [0x000000196ee00000,0x000000196ef00000]
Native frames: (J=compiled Java code, j=interpreted, Vv=VM code, C=native code)
V  [jvm.dll+0x67754a]
V  [jvm.dll+0x834304]
V  [jvm.dll+0x835aae]
V  [jvm.dll+0x836113]
V  [jvm.dll+0x24696f]
V  [jvm.dll+0xac0ac]
V  [jvm.dll+0xac67c]
V  [jvm.dll+0x364e37]
V  [jvm.dll+0x32f6b1]
V  [jvm.dll+0x32eb5a]
V  [jvm.dll+0x219641]
V  [jvm.dll+0x218a61]
V  [jvm.dll+0x1a4d8d]
V  [jvm.dll+0x2284da]
V  [jvm.dll+0x226615]
V  [jvm.dll+0x7ea90b]
V  [jvm.dll+0x7e4e7a]
V  [jvm.dll+0x676395]
C  [ucrtbase.dll+0x2268a]
C  [KERNEL32.DLL+0x17ac4]
C  [ntdll.dll+0x5a8c1]


---------------  P R O C E S S  ---------------

Threads class SMR info:
_java_thread_list=0x000001b0b8a64f20, length=13, elements={
0x000001b099f92e10, 0x000001b0b3783620, 0x000001b0b3785460, 0x000001b0b3744420,
0x000001b0b37451a0, 0x000001b0b3746a70, 0x000001b0b37a5410, 0x000001b0b37a60b0,
0x000001b0b380c150, 0x000001b0b3811240, 0x000001b0b3a68010, 0x000001b0b86c5840,
0x000001b0b9d7c510
}

Java Threads: ( => current thread )
  0x000001b099f92e10 JavaThread "main" [_thread_in_Java, id=11508, stack(0x000000196e000000,0x000000196e100000)]
  0x000001b0b3783620 JavaThread "Reference Handler" daemon [_thread_blocked, id=8580, stack(0x000000196e800000,0x000000196e900000)]
  0x000001b0b3785460 JavaThread "Finalizer" daemon [_thread_blocked, id=2944, stack(0x000000196e900000,0x000000196ea00000)]
  0x000001b0b3744420 JavaThread "Signal Dispatcher" daemon [_thread_blocked, id=4712, stack(0x000000196ea00000,0x000000196eb00000)]
  0x000001b0b37451a0 JavaThread "Attach Listener" daemon [_thread_blocked, id=9128, stack(0x000000196eb00000,0x000000196ec00000)]
  0x000001b0b3746a70 JavaThread "Service Thread" daemon [_thread_blocked, id=18008, stack(0x000000196ec00000,0x000000196ed00000)]
  0x000001b0b37a5410 JavaThread "Monitor Deflation Thread" daemon [_thread_blocked, id=11716, stack(0x000000196ed00000,0x000000196ee00000)]
=>0x000001b0b37a60b0 JavaThread "C2 CompilerThread0" daemon [_thread_in_native, id=17784, stack(0x000000196ee00000,0x000000196ef00000)]
  0x000001b0b380c150 JavaThread "C1 CompilerThread0" daemon [_thread_blocked, id=9892, stack(0x000000196ef00000,0x000000196f000000)]
  0x000001b0b3811240 JavaThread "Sweeper thread" daemon [_thread_blocked, id=2668, stack(0x000000196f000000,0x000000196f100000)]
  0x000001b0b3a68010 JavaThread "Common-Cleaner" daemon [_thread_blocked, id=16988, stack(0x000000196f100000,0x000000196f200000)]
  0x000001b0b86c5840 JavaThread "Notification Thread" daemon [_thread_blocked, id=9760, stack(0x000000196f500000,0x000000196f600000)]
  0x000001b0b9d7c510 JavaThread "C2 CompilerThread1" daemon [_thread_in_native, id=17384, stack(0x000000196f200000,0x000000196f300000)]

Other Threads:
  0x000001b0b376fc00 VMThread "VM Thread" [stack: 0x000000196e700000,0x000000196e800000] [id=18324]
  0x000001b099f93a70 WatcherThread [stack: 0x000000196f600000,0x000000196f700000] [id=15816]
  0x000001b099fecb80 GCTaskThread "GC Thread#0" [stack: 0x000000196e200000,0x000000196e300000] [id=1428]
  0x000001b0b809f8d0 GCTaskThread "GC Thread#1" [stack: 0x000000196f300000,0x000000196f400000] [id=17508]
  0x000001b0b809fb80 GCTaskThread "GC Thread#2" [stack: 0x000000196f400000,0x000000196f500000] [id=2040]
  0x000001b0b9cb9c60 GCTaskThread "GC Thread#3" [stack: 0x000000196f700000,0x000000196f800000] [id=15584]
  0x000001b099ffe9e0 ConcurrentGCThread "G1 Main Marker" [stack: 0x000000196e300000,0x000000196e400000] [id=14676]
  0x000001b099fffec0 ConcurrentGCThread "G1 Conc#0" [stack: 0x000000196e400000,0x000000196e500000] [id=7564]
  0x000001b0b35a6140 ConcurrentGCThread "G1 Refine#0" [stack: 0x000000196e500000,0x000000196e600000] [id=14116]
  0x000001b0b35a7530 ConcurrentGCThread "G1 Service" [stack: 0x000000196e600000,0x000000196e700000] [id=3112]

Threads with active compile tasks:
C2 CompilerThread0    12605 4272       4       groovyjarjarantlr4.v4.runtime.atn.LexerATNSimulator::closure (258 bytes)
C2 CompilerThread1    12605 4297       4       groovy.lang.MetaClassImpl$1MOPIter::methodNameAction (325 bytes)

VM state: not at safepoint (normal execution)

VM Mutex/Monitor currently owned by a thread: None

Heap address: 0x0000000080000000, size: 2048 MB, Compressed Oops mode: 32-bit

CDS archive(s) not mapped
Compressed class space mapped at: 0x0000000100000000-0x0000000140000000, reserved size: 1073741824
Narrow klass base: 0x0000000000000000, Narrow klass shift: 3, Narrow klass range: 0x140000000

GC Precious Log:
 CPUs: 4 total, 4 available
 Memory: 8090M
 Large Page Support: Disabled
 NUMA Support: Disabled
 Compressed Oops: Enabled (32-bit)
 Heap Region Size: 1M
 Heap Min Capacity: 8M
 Heap Initial Capacity: 128M
 Heap Max Capacity: 2G
 Pre-touch: Disabled
 Parallel Workers: 4
 Concurrent Workers: 1
 Concurrent Refinement Workers: 4
 Periodic GC: Disabled

Heap:
 garbage-first heap   total 81920K, used 62064K [0x0000000080000000, 0x0000000100000000)
  region size 1024K, 37 young (37888K), 4 survivors (4096K)
 Metaspace       used 33056K, committed 33536K, reserved 1114112K
  class space    used 3434K, committed 3648K, reserved 1048576K

Heap Regions: E=young(eden), S=young(survivor), O=old, HS=humongous(starts), HC=humongous(continues), CS=collection set, F=free, OA=open archive, CA=closed archive, TAMS=top-at-mark-start (previous, next)
|   0|0x0000000080000000, 0x0000000080100000, 0x0000000080100000|100%|HS|  |TAMS 0x0000000080100000, 0x0000000080000000| Complete 
|   1|0x0000000080100000, 0x0000000080200000, 0x0000000080200000|100%|HS|  |TAMS 0x0000000080200000, 0x0000000080100000| Complete 
|   2|0x0000000080200000, 0x0000000080300000, 0x0000000080300000|100%| O|  |TAMS 0x0000000080300000, 0x0000000080200000| Untracked 
|   3|0x0000000080300000, 0x0000000080400000, 0x0000000080400000|100%| O|  |TAMS 0x0000000080400000, 0x0000000080300000| Untracked 
|   4|0x0000000080400000, 0x0000000080500000, 0x0000000080500000|100%| O|  |TAMS 0x0000000080500000, 0x0000000080400000| Untracked 
|   5|0x0000000080500000, 0x0000000080600000, 0x0000000080600000|100%| O|  |TAMS 0x0000000080600000, 0x0000000080500000| Untracked 
|   6|0x0000000080600000, 0x0000000080700000, 0x0000000080700000|100%| O|  |TAMS 0x0000000080700000, 0x0000000080600000| Untracked 
|   7|0x0000000080700000, 0x0000000080800000, 0x0000000080800000|100%| O|  |TAMS 0x0000000080800000, 0x0000000080700000| Untracked 
|   8|0x0000000080800000, 0x0000000080900000, 0x0000000080900000|100%| O|  |TAMS 0x0000000080900000, 0x0000000080800000| Untracked 
|   9|0x0000000080900000, 0x0000000080a00000, 0x0000000080a00000|100%| O|  |TAMS 0x0000000080a00000, 0x0000000080900000| Untracked 
|  10|0x0000000080a00000, 0x0000000080b00000, 0x0000000080b00000|100%|HS|  |TAMS 0x0000000080b00000, 0x0000000080a00000| Complete 
|  11|0x0000000080b00000, 0x0000000080c00000, 0x0000000080c00000|100%| O|  |TAMS 0x0000000080c00000, 0x0000000080b00000| Untracked 
|  12|0x0000000080c00000, 0x0000000080d00000, 0x0000000080d00000|100%| O|  |TAMS 0x0000000080d00000, 0x0000000080c00000| Untracked 
|  13|0x0000000080d00000, 0x0000000080e00000, 0x0000000080e00000|100%| O|  |TAMS 0x0000000080e00000, 0x0000000080d00000| Untracked 
|  14|0x0000000080e00000, 0x0000000080f00000, 0x0000000080f00000|100%| O|  |TAMS 0x0000000080eef600, 0x0000000080e00000| Untracked 
|  15|0x0000000080f00000, 0x0000000081000000, 0x0000000081000000|100%| O|  |TAMS 0x0000000080f00000, 0x0000000080f00000| Untracked 
|  16|0x0000000081000000, 0x0000000081100000, 0x0000000081100000|100%| O|  |TAMS 0x0000000081000000, 0x0000000081000000| Untracked 
|  17|0x0000000081100000, 0x0000000081200000, 0x0000000081200000|100%| O|  |TAMS 0x0000000081100000, 0x0000000081100000| Untracked 
|  18|0x0000000081200000, 0x0000000081300000, 0x0000000081300000|100%| O|  |TAMS 0x0000000081200000, 0x0000000081200000| Untracked 
|  19|0x0000000081300000, 0x0000000081400000, 0x0000000081400000|100%| O|  |TAMS 0x0000000081300000, 0x0000000081300000| Untracked 
|  20|0x0000000081400000, 0x0000000081500000, 0x0000000081500000|100%| O|  |TAMS 0x0000000081400000, 0x0000000081400000| Untracked 
|  21|0x0000000081500000, 0x000000008151ce00, 0x0000000081600000| 11%| O|  |TAMS 0x0000000081500000, 0x0000000081500000| Untracked 
|  22|0x0000000081600000, 0x0000000081600000, 0x0000000081700000|  0%| F|  |TAMS 0x0000000081600000, 0x0000000081600000| Untracked 
|  23|0x0000000081700000, 0x0000000081700000, 0x0000000081800000|  0%| F|  |TAMS 0x0000000081700000, 0x0000000081700000| Untracked 
|  24|0x0000000081800000, 0x0000000081800000, 0x0000000081900000|  0%| F|  |TAMS 0x0000000081800000, 0x0000000081800000| Untracked 
|  25|0x0000000081900000, 0x0000000081a00000, 0x0000000081a00000|100%| O|  |TAMS 0x0000000081900000, 0x0000000081900000| Untracked 
|  26|0x0000000081a00000, 0x0000000081b00000, 0x0000000081b00000|100%| O|  |TAMS 0x0000000081a00000, 0x0000000081a00000| Untracked 
|  27|0x0000000081b00000, 0x0000000081b00000, 0x0000000081c00000|  0%| F|  |TAMS 0x0000000081b00000, 0x0000000081b00000| Untracked 
|  28|0x0000000081c00000, 0x0000000081c00000, 0x0000000081d00000|  0%| F|  |TAMS 0x0000000081c00000, 0x0000000081c00000| Untracked 
|  29|0x0000000081d00000, 0x0000000081d00000, 0x0000000081e00000|  0%| F|  |TAMS 0x0000000081d00000, 0x0000000081d00000| Untracked 
|  30|0x0000000081e00000, 0x0000000081e00000, 0x0000000081f00000|  0%| F|  |TAMS 0x0000000081e00000, 0x0000000081e00000| Untracked 
|  31|0x0000000081f00000, 0x0000000081f00000, 0x0000000082000000|  0%| F|  |TAMS 0x0000000081f00000, 0x0000000081f00000| Untracked 
|  32|0x0000000082000000, 0x0000000082100000, 0x0000000082100000|100%| O|  |TAMS 0x0000000082000000, 0x0000000082000000| Untracked 
|  33|0x0000000082100000, 0x0000000082200000, 0x0000000082200000|100%| O|  |TAMS 0x0000000082100000, 0x0000000082100000| Untracked 
|  34|0x0000000082200000, 0x000000008221ac00, 0x0000000082300000| 10%| O|  |TAMS 0x0000000082200000, 0x0000000082200000| Untracked 
|  35|0x0000000082300000, 0x0000000082300000, 0x0000000082400000|  0%| F|  |TAMS 0x0000000082300000, 0x0000000082300000| Untracked 
|  36|0x0000000082400000, 0x0000000082400000, 0x0000000082500000|  0%| F|  |TAMS 0x0000000082400000, 0x0000000082400000| Untracked 
|  37|0x0000000082500000, 0x0000000082500000, 0x0000000082600000|  0%| F|  |TAMS 0x0000000082500000, 0x0000000082500000| Untracked 
|  38|0x0000000082600000, 0x0000000082600000, 0x0000000082700000|  0%| F|  |TAMS 0x0000000082600000, 0x0000000082600000| Untracked 
|  39|0x0000000082700000, 0x0000000082764610, 0x0000000082800000| 39%| S|CS|TAMS 0x0000000082700000, 0x0000000082700000| Complete 
|  40|0x0000000082800000, 0x0000000082900000, 0x0000000082900000|100%| S|CS|TAMS 0x0000000082800000, 0x0000000082800000| Complete 
|  41|0x0000000082900000, 0x0000000082900000, 0x0000000082a00000|  0%| F|  |TAMS 0x0000000082900000, 0x0000000082900000| Untracked 
|  42|0x0000000082a00000, 0x0000000082a00000, 0x0000000082b00000|  0%| F|  |TAMS 0x0000000082a00000, 0x0000000082a00000| Untracked 
|  43|0x0000000082b00000, 0x0000000082b00000, 0x0000000082c00000|  0%| F|  |TAMS 0x0000000082b00000, 0x0000000082b00000| Untracked 
|  44|0x0000000082c00000, 0x0000000082d00000, 0x0000000082d00000|100%| S|CS|TAMS 0x0000000082c00000, 0x0000000082c00000| Complete 
|  45|0x0000000082d00000, 0x0000000082e00000, 0x0000000082e00000|100%| S|CS|TAMS 0x0000000082d00000, 0x0000000082d00000| Complete 
|  46|0x0000000082e00000, 0x0000000082e00000, 0x0000000082f00000|  0%| F|  |TAMS 0x0000000082e00000, 0x0000000082e00000| Untracked 
|  47|0x0000000082f00000, 0x0000000082f80800, 0x0000000083000000| 50%| E|  |TAMS 0x0000000082f00000, 0x0000000082f00000| Complete 
|  48|0x0000000083000000, 0x0000000083100000, 0x0000000083100000|100%| E|CS|TAMS 0x0000000083000000, 0x0000000083000000| Complete 
|  49|0x0000000083100000, 0x0000000083200000, 0x0000000083200000|100%| E|CS|TAMS 0x0000000083100000, 0x0000000083100000| Complete 
|  50|0x0000000083200000, 0x0000000083300000, 0x0000000083300000|100%| E|CS|TAMS 0x0000000083200000, 0x0000000083200000| Complete 
|  51|0x0000000083300000, 0x0000000083400000, 0x0000000083400000|100%| E|CS|TAMS 0x0000000083300000, 0x0000000083300000| Complete 
|  52|0x0000000083400000, 0x0000000083500000, 0x0000000083500000|100%| E|CS|TAMS 0x0000000083400000, 0x0000000083400000| Complete 
|  53|0x0000000083500000, 0x0000000083600000, 0x0000000083600000|100%| E|CS|TAMS 0x0000000083500000, 0x0000000083500000| Complete 
|  54|0x0000000083600000, 0x0000000083700000, 0x0000000083700000|100%| E|CS|TAMS 0x0000000083600000, 0x0000000083600000| Complete 
|  55|0x0000000083700000, 0x0000000083800000, 0x0000000083800000|100%| E|CS|TAMS 0x0000000083700000, 0x0000000083700000| Complete 
|  56|0x0000000083800000, 0x0000000083900000, 0x0000000083900000|100%| E|CS|TAMS 0x0000000083800000, 0x0000000083800000| Complete 
|  57|0x0000000083900000, 0x0000000083a00000, 0x0000000083a00000|100%| E|CS|TAMS 0x0000000083900000, 0x0000000083900000| Complete 
|  58|0x0000000083a00000, 0x0000000083b00000, 0x0000000083b00000|100%| E|CS|TAMS 0x0000000083a00000, 0x0000000083a00000| Complete 
|  59|0x0000000083b00000, 0x0000000083c00000, 0x0000000083c00000|100%| E|CS|TAMS 0x0000000083b00000, 0x0000000083b00000| Complete 
|  60|0x0000000083c00000, 0x0000000083d00000, 0x0000000083d00000|100%| E|CS|TAMS 0x0000000083c00000, 0x0000000083c00000| Complete 
|  61|0x0000000083d00000, 0x0000000083e00000, 0x0000000083e00000|100%| E|CS|TAMS 0x0000000083d00000, 0x0000000083d00000| Complete 
|  62|0x0000000083e00000, 0x0000000083f00000, 0x0000000083f00000|100%| E|CS|TAMS 0x0000000083e00000, 0x0000000083e00000| Complete 
|  63|0x0000000083f00000, 0x0000000084000000, 0x0000000084000000|100%| E|CS|TAMS 0x0000000083f00000, 0x0000000083f00000| Complete 
|  64|0x0000000084000000, 0x0000000084100000, 0x0000000084100000|100%| E|CS|TAMS 0x0000000084000000, 0x0000000084000000| Complete 
|  65|0x0000000084100000, 0x0000000084200000, 0x0000000084200000|100%| E|CS|TAMS 0x0000000084100000, 0x0000000084100000| Complete 
|  66|0x0000000084200000, 0x0000000084300000, 0x0000000084300000|100%| E|CS|TAMS 0x0000000084200000, 0x0000000084200000| Complete 
|  67|0x0000000084300000, 0x0000000084400000, 0x0000000084400000|100%| E|CS|TAMS 0x0000000084300000, 0x0000000084300000| Complete 
|  68|0x0000000084400000, 0x0000000084500000, 0x0000000084500000|100%| E|CS|TAMS 0x0000000084400000, 0x0000000084400000| Complete 
|  69|0x0000000084500000, 0x0000000084600000, 0x0000000084600000|100%| E|CS|TAMS 0x0000000084500000, 0x0000000084500000| Complete 
|  70|0x0000000084600000, 0x0000000084700000, 0x0000000084700000|100%| E|CS|TAMS 0x0000000084600000, 0x0000000084600000| Complete 
|  71|0x0000000084700000, 0x0000000084800000, 0x0000000084800000|100%| E|CS|TAMS 0x0000000084700000, 0x0000000084700000| Complete 
|  72|0x0000000084800000, 0x0000000084900000, 0x0000000084900000|100%| E|CS|TAMS 0x0000000084800000, 0x0000000084800000| Complete 
|  73|0x0000000084900000, 0x0000000084a00000, 0x0000000084a00000|100%| E|CS|TAMS 0x0000000084900000, 0x0000000084900000| Complete 
|  74|0x0000000084a00000, 0x0000000084b00000, 0x0000000084b00000|100%| E|CS|TAMS 0x0000000084a00000, 0x0000000084a00000| Complete 
|  75|0x0000000084b00000, 0x0000000084c00000, 0x0000000084c00000|100%| E|CS|TAMS 0x0000000084b00000, 0x0000000084b00000| Complete 
|  76|0x0000000084c00000, 0x0000000084d00000, 0x0000000084d00000|100%| E|CS|TAMS 0x0000000084c00000, 0x0000000084c00000| Complete 
|  77|0x0000000084d00000, 0x0000000084e00000, 0x0000000084e00000|100%| E|CS|TAMS 0x0000000084d00000, 0x0000000084d00000| Complete 
|  89|0x0000000085900000, 0x0000000085a00000, 0x0000000085a00000|100%| E|CS|TAMS 0x0000000085900000, 0x0000000085900000| Complete 
| 127|0x0000000087f00000, 0x0000000088000000, 0x0000000088000000|100%| E|CS|TAMS 0x0000000087f00000, 0x0000000087f00000| Complete 

Card table byte_map: [0x000001b0aca10000,0x000001b0ace10000] _byte_map_base: 0x000001b0ac610000

Marking Bits (Prev, Next): (CMBitMap*) 0x000001b099fee0f0, (CMBitMap*) 0x000001b099fee0b0
 Prev Bits: [0x000001b0af210000, 0x000001b0b1210000)
 Next Bits: [0x000001b0ad210000, 0x000001b0af210000)

Polling page: 0x000001b099720000

Metaspace:

Usage:
  Non-class:     28.93 MB used.
      Class:      3.35 MB used.
       Both:     32.28 MB used.

Virtual space:
  Non-class space:       64.00 MB reserved,      29.19 MB ( 46%) committed,  1 nodes.
      Class space:        1.00 GB reserved,       3.56 MB ( <1%) committed,  1 nodes.
             Both:        1.06 GB reserved,      32.75 MB (  3%) committed. 

Chunk freelists:
   Non-Class:  2.23 MB
       Class:  12.44 MB
        Both:  14.68 MB

MaxMetaspaceSize: unlimited
CompressedClassSpaceSize: 1.00 GB
Initial GC threshold: 21.00 MB
Current GC threshold: 35.13 MB
CDS: off
MetaspaceReclaimPolicy: balanced
 - commit_granule_bytes: 65536.
 - commit_granule_words: 8192.
 - virtual_space_node_default_size: 8388608.
 - enlarge_chunks_in_place: 1.
 - new_chunks_are_fully_committed: 0.
 - uncommit_free_chunks: 1.
 - use_allocation_guard: 0.
 - handle_deallocations: 1.


Internal statistics:

num_allocs_failed_limit: 3.
num_arena_births: 546.
num_arena_deaths: 0.
num_vsnodes_births: 2.
num_vsnodes_deaths: 0.
num_space_committed: 524.
num_space_uncommitted: 0.
num_chunks_returned_to_freelist: 3.
num_chunks_taken_from_freelist: 1278.
num_chunk_merges: 3.
num_chunk_splits: 856.
num_chunks_enlarged: 565.
num_inconsistent_stats: 0.

CodeHeap 'non-profiled nmethods': size=120000Kb used=1989Kb max_used=2748Kb free=118010Kb
 bounds [0x000001b0a50e0000, 0x000001b0a5390000, 0x000001b0ac610000]
CodeHeap 'profiled nmethods': size=120000Kb used=6566Kb max_used=8358Kb free=113433Kb
 bounds [0x000001b09d610000, 0x000001b09de40000, 0x000001b0a4b40000]
CodeHeap 'non-nmethods': size=5760Kb used=2285Kb max_used=2354Kb free=3474Kb
 bounds [0x000001b0a4b40000, 0x000001b0a4db0000, 0x000001b0a50e0000]
 total_blobs=4393 nmethods=3599 adapters=706
 compilation: enabled
              stopped_count=0, restarted_count=0
 full_count=0

Compilation events (20 events):
Event: 12.502 Thread 0x000001b0b380c150 4350       3       java.lang.Character::isJavaIdentifierPart (9 bytes)
Event: 12.503 Thread 0x000001b0b380c150 nmethod 4350 0x000001b09d9f9c10 code [0x000001b09d9f9dc0, 0x000001b09d9f9fb8]
Event: 12.503 Thread 0x000001b0b380c150 4351       3       java.lang.CharacterDataLatin1::isJavaIdentifierPart (20 bytes)
Event: 12.503 Thread 0x000001b0b380c150 nmethod 4351 0x000001b09d97b610 code [0x000001b09d97b7c0, 0x000001b09d97b9d8]
Event: 12.503 Thread 0x000001b0b380c150 4352       3       org.codehaus.groovy.ast.ClassCodeVisitorSupport::visitMethod (7 bytes)
Event: 12.503 Thread 0x000001b0b380c150 nmethod 4352 0x000001b09da04d90 code [0x000001b09da04f40, 0x000001b09da05108]
Event: 12.503 Thread 0x000001b0b380c150 4353       1       org.codehaus.groovy.ast.ModuleNode::getStarImports (5 bytes)
Event: 12.503 Thread 0x000001b0b380c150 nmethod 4353 0x000001b0a5255110 code [0x000001b0a52552a0, 0x000001b0a5255378]
Event: 12.504 Thread 0x000001b0b380c150 4354       3       groovyjarjarasm.asm.MethodWriter::visitLabel (328 bytes)
Event: 12.505 Thread 0x000001b0b380c150 nmethod 4354 0x000001b09d729590 code [0x000001b09d729800, 0x000001b09d72a568]
Event: 12.506 Thread 0x000001b0b380c150 4356       3       groovyjarjarasm.asm.Handler::getExceptionTableLength (21 bytes)
Event: 12.506 Thread 0x000001b0b380c150 nmethod 4356 0x000001b09db16710 code [0x000001b09db168a0, 0x000001b09db16a38]
Event: 12.506 Thread 0x000001b0b380c150 4355       3       groovyjarjarasm.asm.Frame::getLocal (46 bytes)
Event: 12.506 Thread 0x000001b0b380c150 nmethod 4355 0x000001b09d9a1110 code [0x000001b09d9a12c0, 0x000001b09d9a14f8]
Event: 12.507 Thread 0x000001b0b380c150 4357       3       java.util.ArrayList::toArray (57 bytes)
Event: 12.508 Thread 0x000001b0b380c150 nmethod 4357 0x000001b09d7d6390 code [0x000001b09d7d6560, 0x000001b09d7d6a98]
Event: 12.553 Thread 0x000001b0b380c150 4359       3       java.nio.charset.CoderResult::isOverflow (14 bytes)
Event: 12.553 Thread 0x000001b0b380c150 nmethod 4359 0x000001b09d80d510 code [0x000001b09d80d6a0, 0x000001b09d80d818]
Event: 12.554 Thread 0x000001b0b380c150 4360       3       java.lang.String::indexOf (64 bytes)
Event: 12.554 Thread 0x000001b0b380c150 nmethod 4360 0x000001b09d893710 code [0x000001b09d893920, 0x000001b09d893de8]

GC Heap History (20 events):
Event: 0.987 GC heap before
{Heap before GC invocations=0 (full 0):
 garbage-first heap   total 131072K, used 14336K [0x0000000080000000, 0x0000000100000000)
  region size 1024K, 13 young (13312K), 0 survivors (0K)
 Metaspace       used 4812K, committed 4928K, reserved 1114112K
  class space    used 387K, committed 448K, reserved 1048576K
}
Event: 0.993 GC heap after
{Heap after GC invocations=1 (full 0):
 garbage-first heap   total 131072K, used 11360K [0x0000000080000000, 0x0000000100000000)
  region size 1024K, 2 young (2048K), 2 survivors (2048K)
 Metaspace       used 4812K, committed 4928K, reserved 1114112K
  class space    used 387K, committed 448K, reserved 1048576K
}
Event: 1.437 GC heap before
{Heap before GC invocations=1 (full 0):
 garbage-first heap   total 131072K, used 19552K [0x0000000080000000, 0x0000000100000000)
  region size 1024K, 10 young (10240K), 2 survivors (2048K)
 Metaspace       used 6753K, committed 6976K, reserved 1114112K
  class space    used 523K, committed 640K, reserved 1048576K
}
Event: 1.441 GC heap after
{Heap after GC invocations=2 (full 0):
 garbage-first heap   total 131072K, used 14743K [0x0000000080000000, 0x0000000100000000)
  region size 1024K, 2 young (2048K), 2 survivors (2048K)
 Metaspace       used 6753K, committed 6976K, reserved 1114112K
  class space    used 523K, committed 640K, reserved 1048576K
}
Event: 2.538 GC heap before
{Heap before GC invocations=2 (full 0):
 garbage-first heap   total 131072K, used 30103K [0x0000000080000000, 0x0000000100000000)
  region size 1024K, 17 young (17408K), 2 survivors (2048K)
 Metaspace       used 10561K, committed 10688K, reserved 1114112K
  class space    used 903K, committed 960K, reserved 1048576K
}
Event: 2.543 GC heap after
{Heap after GC invocations=3 (full 0):
 garbage-first heap   total 131072K, used 16834K [0x0000000080000000, 0x0000000100000000)
  region size 1024K, 2 young (2048K), 2 survivors (2048K)
 Metaspace       used 10561K, committed 10688K, reserved 1114112K
  class space    used 903K, committed 960K, reserved 1048576K
}
Event: 5.850 GC heap before
{Heap before GC invocations=3 (full 0):
 garbage-first heap   total 131072K, used 91586K [0x0000000080000000, 0x0000000100000000)
  region size 1024K, 76 young (77824K), 2 survivors (2048K)
 Metaspace       used 20312K, committed 20608K, reserved 1114112K
  class space    used 2083K, committed 2240K, reserved 1048576K
}
Event: 5.866 GC heap after
{Heap after GC invocations=4 (full 0):
 garbage-first heap   total 131072K, used 22218K [0x0000000080000000, 0x0000000100000000)
  region size 1024K, 7 young (7168K), 7 survivors (7168K)
 Metaspace       used 20312K, committed 20608K, reserved 1114112K
  class space    used 2083K, committed 2240K, reserved 1048576K
}
Event: 6.558 GC heap before
{Heap before GC invocations=4 (full 0):
 garbage-first heap   total 131072K, used 60106K [0x0000000080000000, 0x0000000100000000)
  region size 1024K, 45 young (46080K), 7 survivors (7168K)
 Metaspace       used 21260K, committed 21504K, reserved 1114112K
  class space    used 2171K, committed 2304K, reserved 1048576K
}
Event: 6.572 GC heap after
{Heap after GC invocations=5 (full 0):
 garbage-first heap   total 131072K, used 22597K [0x0000000080000000, 0x0000000100000000)
  region size 1024K, 1 young (1024K), 1 survivors (1024K)
 Metaspace       used 21260K, committed 21504K, reserved 1114112K
  class space    used 2171K, committed 2304K, reserved 1048576K
}
Event: 9.051 GC heap before
{Heap before GC invocations=6 (full 0):
 garbage-first heap   total 81920K, used 70725K [0x0000000080000000, 0x0000000100000000)
  region size 1024K, 48 young (49152K), 1 survivors (1024K)
 Metaspace       used 28687K, committed 29056K, reserved 1114112K
  class space    used 3032K, committed 3200K, reserved 1048576K
}
Event: 9.065 GC heap after
{Heap after GC invocations=7 (full 0):
 garbage-first heap   total 81920K, used 25871K [0x0000000080000000, 0x0000000100000000)
  region size 1024K, 5 young (5120K), 5 survivors (5120K)
 Metaspace       used 28687K, committed 29056K, reserved 1114112K
  class space    used 3032K, committed 3200K, reserved 1048576K
}
Event: 9.576 GC heap before
{Heap before GC invocations=7 (full 0):
 garbage-first heap   total 81920K, used 61711K [0x0000000080000000, 0x0000000100000000)
  region size 1024K, 37 young (37888K), 5 survivors (5120K)
 Metaspace       used 29926K, committed 30272K, reserved 1114112K
  class space    used 3114K, committed 3264K, reserved 1048576K
}
Event: 9.588 GC heap after
{Heap after GC invocations=8 (full 0):
 garbage-first heap   total 81920K, used 26846K [0x0000000080000000, 0x0000000100000000)
  region size 1024K, 1 young (1024K), 1 survivors (1024K)
 Metaspace       used 29926K, committed 30272K, reserved 1114112K
  class space    used 3114K, committed 3264K, reserved 1048576K
}
Event: 10.300 GC heap before
{Heap before GC invocations=8 (full 0):
 garbage-first heap   total 81920K, used 60638K [0x0000000080000000, 0x0000000100000000)
  region size 1024K, 34 young (34816K), 1 survivors (1024K)
 Metaspace       used 31161K, committed 31552K, reserved 1114112K
  class space    used 3268K, committed 3456K, reserved 1048576K
}
Event: 10.304 GC heap after
{Heap after GC invocations=9 (full 0):
 garbage-first heap   total 81920K, used 27098K [0x0000000080000000, 0x0000000100000000)
  region size 1024K, 2 young (2048K), 2 survivors (2048K)
 Metaspace       used 31161K, committed 31552K, reserved 1114112K
  class space    used 3268K, committed 3456K, reserved 1048576K
}
Event: 11.051 GC heap before
{Heap before GC invocations=9 (full 0):
 garbage-first heap   total 81920K, used 61914K [0x0000000080000000, 0x0000000100000000)
  region size 1024K, 36 young (36864K), 2 survivors (2048K)
 Metaspace       used 32051K, committed 32512K, reserved 1114112K
  class space    used 3351K, committed 3584K, reserved 1048576K
}
Event: 11.060 GC heap after
{Heap after GC invocations=10 (full 0):
 garbage-first heap   total 81920K, used 28211K [0x0000000080000000, 0x0000000100000000)
  region size 1024K, 3 young (3072K), 3 survivors (3072K)
 Metaspace       used 32051K, committed 32512K, reserved 1114112K
  class space    used 3351K, committed 3584K, reserved 1048576K
}
Event: 11.914 GC heap before
{Heap before GC invocations=10 (full 0):
 garbage-first heap   total 81920K, used 63027K [0x0000000080000000, 0x0000000100000000)
  region size 1024K, 37 young (37888K), 3 survivors (3072K)
 Metaspace       used 32454K, committed 32896K, reserved 1114112K
  class space    used 3381K, committed 3584K, reserved 1048576K
}
Event: 11.923 GC heap after
{Heap after GC invocations=11 (full 0):
 garbage-first heap   total 81920K, used 29296K [0x0000000080000000, 0x0000000100000000)
  region size 1024K, 4 young (4096K), 4 survivors (4096K)
 Metaspace       used 32454K, committed 32896K, reserved 1114112K
  class space    used 3381K, committed 3584K, reserved 1048576K
}

Dll operation events (6 events):
Event: 0.012 Loaded shared library C:\Users\Admin\.katalon\packages\KS-9.7.2\jre\bin\java.dll
Event: 0.660 Loaded shared library C:\Users\Admin\.katalon\packages\KS-9.7.2\jre\bin\net.dll
Event: 0.664 Loaded shared library C:\Users\Admin\.katalon\packages\KS-9.7.2\jre\bin\nio.dll
Event: 0.684 Loaded shared library C:\Users\Admin\.katalon\packages\KS-9.7.2\jre\bin\zip.dll
Event: 1.657 Loaded shared library C:\Users\Admin\.katalon\packages\KS-9.7.2\jre\bin\verify.dll
Event: 2.179 Loaded shared library C:\Users\Admin\.katalon\packages\KS-9.7.2\jre\bin\jimage.dll

Deoptimization events (20 events):
Event: 12.247 Thread 0x000001b099f92e10 Uncommon trap: trap_request=0xffffff45 fr.pc=0x000001b0a5376048 relative=0x0000000000000ec8
Event: 12.247 Thread 0x000001b099f92e10 Uncommon trap: reason=unstable_if action=reinterpret pc=0x000001b0a5376048 method=groovy.lang.MetaClassImpl.checkIfStdMethod(Lgroovy/lang/MetaMethod;)V @ 9 c2
Event: 12.247 Thread 0x000001b099f92e10 DEOPT PACKING pc=0x000001b0a5376048 sp=0x000000196e0fa480
Event: 12.247 Thread 0x000001b099f92e10 DEOPT UNPACKING pc=0x000001b0a4b969a3 sp=0x000000196e0fa420 mode 2
Event: 12.395 Thread 0x000001b099f92e10 Uncommon trap: trap_request=0xffffff45 fr.pc=0x000001b0a518f20c relative=0x00000000000001ec
Event: 12.395 Thread 0x000001b099f92e10 Uncommon trap: reason=unstable_if action=reinterpret pc=0x000001b0a518f20c method=java.lang.String.startsWith(Ljava/lang/String;I)Z @ 50 c2
Event: 12.395 Thread 0x000001b099f92e10 DEOPT PACKING pc=0x000001b0a518f20c sp=0x000000196e0f9bb0
Event: 12.395 Thread 0x000001b099f92e10 DEOPT UNPACKING pc=0x000001b0a4b969a3 sp=0x000000196e0f9ab8 mode 2
Event: 12.395 Thread 0x000001b099f92e10 Uncommon trap: trap_request=0xffffff45 fr.pc=0x000001b0a516b408 relative=0x0000000000000268
Event: 12.396 Thread 0x000001b099f92e10 Uncommon trap: reason=unstable_if action=reinterpret pc=0x000001b0a516b408 method=java.lang.String.startsWith(Ljava/lang/String;I)Z @ 50 c2
Event: 12.396 Thread 0x000001b099f92e10 DEOPT PACKING pc=0x000001b0a516b408 sp=0x000000196e0f9b40
Event: 12.396 Thread 0x000001b099f92e10 DEOPT UNPACKING pc=0x000001b0a4b969a3 sp=0x000000196e0f9ab8 mode 2
Event: 12.396 Thread 0x000001b099f92e10 Uncommon trap: trap_request=0xffffff45 fr.pc=0x000001b0a5126804 relative=0x00000000000004e4
Event: 12.396 Thread 0x000001b099f92e10 Uncommon trap: reason=unstable_if action=reinterpret pc=0x000001b0a5126804 method=java.lang.String.substring(II)Ljava/lang/String; @ 31 c2
Event: 12.396 Thread 0x000001b099f92e10 DEOPT PACKING pc=0x000001b0a5126804 sp=0x000000196e0f9b70
Event: 12.396 Thread 0x000001b099f92e10 DEOPT UNPACKING pc=0x000001b0a4b969a3 sp=0x000000196e0f9b40 mode 2
Event: 12.396 Thread 0x000001b099f92e10 Uncommon trap: trap_request=0xffffff45 fr.pc=0x000001b0a5152e58 relative=0x00000000000001d8
Event: 12.396 Thread 0x000001b099f92e10 Uncommon trap: reason=unstable_if action=reinterpret pc=0x000001b0a5152e58 method=java.lang.String.indexOf(Ljava/lang/String;)I @ 10 c2
Event: 12.396 Thread 0x000001b099f92e10 DEOPT PACKING pc=0x000001b0a5152e58 sp=0x000000196e0f9b10
Event: 12.396 Thread 0x000001b099f92e10 DEOPT UNPACKING pc=0x000001b0a4b969a3 sp=0x000000196e0f9aa0 mode 2

Classes unloaded (0 events):
No events

Classes redefined (0 events):
No events

Internal exceptions (20 events):
Event: 11.955 Thread 0x000001b099f92e10 Exception <a 'java/lang/ClassNotFoundException'{0x000000008424b860}: org/codehaus/groovy/runtime/DefaultGroovyMethodsCustomizer> (0x000000008424b860) 
thrown [s\src\hotspot\share\classfile\systemDictionary.cpp, line 256]
Event: 12.096 Thread 0x000001b099f92e10 Exception <a 'java/lang/ClassNotFoundException'{0x0000000083d76078}: Script1734407840333BeanInfo> (0x0000000083d76078) 
thrown [s\src\hotspot\share\classfile\systemDictionary.cpp, line 256]
Event: 12.105 Thread 0x000001b099f92e10 Exception <a 'java/lang/ClassNotFoundException'{0x0000000083dab778}: Script1734407840333Customizer> (0x0000000083dab778) 
thrown [s\src\hotspot\share\classfile\systemDictionary.cpp, line 256]
Event: 12.121 Thread 0x000001b099f92e10 Exception <a 'java/lang/ClassNotFoundException'{0x0000000083df3af8}: com/kms/katalon/core/ast/TestStepUtilBeanInfo> (0x0000000083df3af8) 
thrown [s\src\hotspot\share\classfile\systemDictionary.cpp, line 256]
Event: 12.128 Thread 0x000001b099f92e10 Exception <a 'java/lang/ClassNotFoundException'{0x0000000083c1b4b8}: com/kms/katalon/core/ast/TestStepUtilCustomizer> (0x0000000083c1b4b8) 
thrown [s\src\hotspot\share\classfile\systemDictionary.cpp, line 256]
Event: 12.148 Thread 0x000001b099f92e10 Exception <a 'java/lang/NoSuchMethodError'{0x0000000083c70360}: 'void java.lang.invoke.DelegatingMethodHandle$Holder.reinvoke_L(java.lang.Object, java.lang.Object, java.lang.Object, java.lang.Object, int)'> (0x0000000083c70360) 
thrown [s\src\hotspot\share\interpreter\linkResolver.cpp, line 759]
Event: 12.199 Thread 0x000001b099f92e10 Exception <a 'java/lang/ClassNotFoundException'{0x0000000083b52240}: internal/GlobalVariableBeanInfo> (0x0000000083b52240) 
thrown [s\src\hotspot\share\classfile\systemDictionary.cpp, line 256]
Event: 12.209 Thread 0x000001b099f92e10 Exception <a 'java/lang/ClassNotFoundException'{0x0000000083b76e08}: internal/GlobalVariableCustomizer> (0x0000000083b76e08) 
thrown [s\src\hotspot\share\classfile\systemDictionary.cpp, line 256]
Event: 12.255 Thread 0x000001b099f92e10 Exception <a 'java/lang/ClassNotFoundException'{0x0000000083902b28}: groovy/util/NodeBeanInfo> (0x0000000083902b28) 
thrown [s\src\hotspot\share\classfile\systemDictionary.cpp, line 256]
Event: 12.261 Thread 0x000001b099f92e10 Exception <a 'java/lang/ClassNotFoundException'{0x0000000083812a48}: groovy/util/NodeCustomizer> (0x0000000083812a48) 
thrown [s\src\hotspot\share\classfile\systemDictionary.cpp, line 256]
Event: 12.286 Thread 0x000001b099f92e10 Exception <a 'java/lang/ClassNotFoundException'{0x0000000083656c80}: groovy/util/NodeListBeanInfo> (0x0000000083656c80) 
thrown [s\src\hotspot\share\classfile\systemDictionary.cpp, line 256]
Event: 12.295 Thread 0x000001b099f92e10 Exception <a 'java/lang/ClassNotFoundException'{0x00000000835675e0}: groovy/util/NodeListCustomizer> (0x00000000835675e0) 
thrown [s\src\hotspot\share\classfile\systemDictionary.cpp, line 256]
Event: 12.381 Thread 0x000001b099f92e10 Exception <a 'java/lang/ClassNotFoundException'{0x00000000834ba848}: Script1BeanInfo> (0x00000000834ba848) 
thrown [s\src\hotspot\share\classfile\systemDictionary.cpp, line 256]
Event: 12.389 Thread 0x000001b099f92e10 Exception <a 'java/lang/ClassNotFoundException'{0x00000000834ee650}: Script1Customizer> (0x00000000834ee650) 
thrown [s\src\hotspot\share\classfile\systemDictionary.cpp, line 256]
Event: 12.440 Thread 0x000001b099f92e10 Exception <a 'java/lang/ClassNotFoundException'{0x00000000833a5668}: Script2BeanInfo> (0x00000000833a5668) 
thrown [s\src\hotspot\share\classfile\systemDictionary.cpp, line 256]
Event: 12.451 Thread 0x000001b099f92e10 Exception <a 'java/lang/ClassNotFoundException'{0x00000000833d9470}: Script2Customizer> (0x00000000833d9470) 
thrown [s\src\hotspot\share\classfile\systemDictionary.cpp, line 256]
Event: 12.483 Thread 0x000001b099f92e10 Exception <a 'java/lang/ClassNotFoundException'{0x000000008328d450}: Script3BeanInfo> (0x000000008328d450) 
thrown [s\src\hotspot\share\classfile\systemDictionary.cpp, line 256]
Event: 12.494 Thread 0x000001b099f92e10 Exception <a 'java/lang/ClassNotFoundException'{0x00000000832c1258}: Script3Customizer> (0x00000000832c1258) 
thrown [s\src\hotspot\share\classfile\systemDictionary.cpp, line 256]
Event: 12.540 Thread 0x000001b099f92e10 Exception <a 'java/lang/ClassNotFoundException'{0x0000000083171958}: Script4BeanInfo> (0x0000000083171958) 
thrown [s\src\hotspot\share\classfile\systemDictionary.cpp, line 256]
Event: 12.551 Thread 0x000001b099f92e10 Exception <a 'java/lang/ClassNotFoundException'{0x00000000831a5a20}: Script4Customizer> (0x00000000831a5a20) 
thrown [s\src\hotspot\share\classfile\systemDictionary.cpp, line 256]

VM Operations (20 events):
Event: 10.865 Executing VM operation: HandshakeAllThreads
Event: 10.865 Executing VM operation: HandshakeAllThreads done
Event: 11.051 Executing VM operation: G1CollectForAllocation
Event: 11.060 Executing VM operation: G1CollectForAllocation done
Event: 11.070 Executing VM operation: HandshakeAllThreads
Event: 11.070 Executing VM operation: HandshakeAllThreads done
Event: 11.913 Executing VM operation: G1CollectForAllocation
Event: 11.923 Executing VM operation: G1CollectForAllocation done
Event: 12.074 Executing VM operation: HandshakeAllThreads
Event: 12.074 Executing VM operation: HandshakeAllThreads done
Event: 12.123 Executing VM operation: HandshakeAllThreads
Event: 12.123 Executing VM operation: HandshakeAllThreads done
Event: 12.158 Executing VM operation: HandshakeAllThreads
Event: 12.158 Executing VM operation: HandshakeAllThreads done
Event: 12.203 Executing VM operation: HandshakeAllThreads
Event: 12.203 Executing VM operation: HandshakeAllThreads done
Event: 12.267 Executing VM operation: HandshakeAllThreads
Event: 12.267 Executing VM operation: HandshakeAllThreads done
Event: 12.503 Executing VM operation: ICBufferFull
Event: 12.504 Executing VM operation: ICBufferFull done

Events (20 events):
Event: 12.210 Thread 0x000001b0b3811240 flushing nmethod 0x000001b09dd14210
Event: 12.210 Thread 0x000001b0b3811240 flushing nmethod 0x000001b09dd25a10
Event: 12.210 Thread 0x000001b0b3811240 flushing nmethod 0x000001b09dd2d210
Event: 12.210 Thread 0x000001b0b3811240 flushing nmethod 0x000001b09dd2da90
Event: 12.210 Thread 0x000001b0b3811240 flushing nmethod 0x000001b09dd2df10
Event: 12.210 Thread 0x000001b0b3811240 flushing nmethod 0x000001b09dd42990
Event: 12.210 Thread 0x000001b0b3811240 flushing nmethod 0x000001b09dd69690
Event: 12.210 Thread 0x000001b0b3811240 flushing nmethod 0x000001b09dd6ac10
Event: 12.211 Thread 0x000001b0b3811240 flushing nmethod 0x000001b09dd78310
Event: 12.211 Thread 0x000001b0b3811240 flushing nmethod 0x000001b09dd7cd90
Event: 12.211 Thread 0x000001b0b3811240 flushing nmethod 0x000001b09dd7df10
Event: 12.211 Thread 0x000001b0b3811240 flushing nmethod 0x000001b09dd84f10
Event: 12.211 Thread 0x000001b0b3811240 flushing nmethod 0x000001b09dd85290
Event: 12.211 Thread 0x000001b0b3811240 flushing nmethod 0x000001b09dd85610
Event: 12.211 Thread 0x000001b0b3811240 flushing nmethod 0x000001b09dd94890
Event: 12.211 Thread 0x000001b0b3811240 flushing nmethod 0x000001b09dd94e90
Event: 12.211 Thread 0x000001b0b3811240 flushing nmethod 0x000001b09dd95790
Event: 12.211 Thread 0x000001b0b3811240 flushing nmethod 0x000001b09ddf2f90
Event: 12.219 loading class javax/xml/parsers/ParserConfigurationException
Event: 12.219 loading class javax/xml/parsers/ParserConfigurationException done


Dynamic libraries:
0x00007ff689b80000 - 0x00007ff689b8e000 	C:\Users\Admin\.katalon\packages\KS-9.7.2\jre\bin\javaw.exe
0x00007ffc6d200000 - 0x00007ffc6d3ee000 	C:\Windows\SYSTEM32\ntdll.dll
0x00007ffc6cf00000 - 0x00007ffc6cfb3000 	C:\Windows\System32\KERNEL32.DLL
0x00007ffc69540000 - 0x00007ffc697dd000 	C:\Windows\System32\KERNELBASE.dll
0x00007ffc698d0000 - 0x00007ffc699ca000 	C:\Windows\System32\ucrtbase.dll
0x00007ffc62fa0000 - 0x00007ffc62fb7000 	C:\Users\Admin\.katalon\packages\KS-9.7.2\jre\bin\jli.dll
0x00007ffc6aff0000 - 0x00007ffc6b187000 	C:\Windows\System32\USER32.dll
0x00007ffc69350000 - 0x00007ffc69370000 	C:\Windows\System32\win32u.dll
0x00007ffc6b9d0000 - 0x00007ffc6b9f9000 	C:\Windows\System32\GDI32.dll
0x00007ffc69390000 - 0x00007ffc69537000 	C:\Windows\System32\gdi32full.dll
0x00007ffc697e0000 - 0x00007ffc69880000 	C:\Windows\System32\msvcp_win.dll
0x00007ffc60fc0000 - 0x00007ffc60fd9000 	C:\Users\Admin\.katalon\packages\KS-9.7.2\jre\bin\VCRUNTIME140.dll
0x00007ffc52f70000 - 0x00007ffc531e9000 	C:\Windows\WinSxS\amd64_microsoft.windows.common-controls_6595b64144ccf1df_6.0.17763.6659_none_de721f8a534a9678\COMCTL32.dll
0x00007ffc6b570000 - 0x00007ffc6b60e000 	C:\Windows\System32\msvcrt.dll
0x00007ffc6abb0000 - 0x00007ffc6aeda000 	C:\Windows\System32\combase.dll
0x00007ffc6b830000 - 0x00007ffc6b948000 	C:\Windows\System32\RPCRT4.dll
0x00007ffc69260000 - 0x00007ffc692e2000 	C:\Windows\System32\bcryptPrimitives.dll
0x00007ffc6b360000 - 0x00007ffc6b38e000 	C:\Windows\System32\IMM32.DLL
0x00007ffc63500000 - 0x00007ffc6350c000 	C:\Users\Admin\.katalon\packages\KS-9.7.2\jre\bin\vcruntime140_1.dll
0x00007ffc553f0000 - 0x00007ffc55481000 	C:\Users\Admin\.katalon\packages\KS-9.7.2\jre\bin\msvcp140.dll
0x00007ffbea450000 - 0x00007ffbeb098000 	C:\Users\Admin\.katalon\packages\KS-9.7.2\jre\bin\server\jvm.dll
0x00007ffc6cfc0000 - 0x00007ffc6d068000 	C:\Windows\System32\ADVAPI32.dll
0x00007ffc6af40000 - 0x00007ffc6afe2000 	C:\Windows\System32\sechost.dll
0x00007ffc6a3f0000 - 0x00007ffc6a416000 	C:\Windows\System32\bcrypt.dll
0x00007ffc50ac0000 - 0x00007ffc50ac9000 	C:\Windows\SYSTEM32\WSOCK32.dll
0x00007ffc6b950000 - 0x00007ffc6b9bd000 	C:\Windows\System32\WS2_32.dll
0x00007ffc64ff0000 - 0x00007ffc65014000 	C:\Windows\SYSTEM32\WINMM.dll
0x00007ffc62c80000 - 0x00007ffc62c8a000 	C:\Windows\SYSTEM32\VERSION.dll
0x00007ffc64f90000 - 0x00007ffc64fbd000 	C:\Windows\SYSTEM32\WINMMBASE.dll
0x00007ffc69880000 - 0x00007ffc698ca000 	C:\Windows\System32\cfgmgr32.dll
0x00007ffc69190000 - 0x00007ffc691a1000 	C:\Windows\System32\kernel.appcore.dll
0x00007ffc62b70000 - 0x00007ffc62b7a000 	C:\Users\Admin\.katalon\packages\KS-9.7.2\jre\bin\jimage.dll
0x00007ffc67a40000 - 0x00007ffc67c2d000 	C:\Windows\SYSTEM32\DBGHELP.DLL
0x00007ffc4c580000 - 0x00007ffc4c5aa000 	C:\Windows\SYSTEM32\dbgcore.DLL
0x00007ffc61a80000 - 0x00007ffc61aa5000 	C:\Users\Admin\.katalon\packages\KS-9.7.2\jre\bin\java.dll
0x00007ffc5ceb0000 - 0x00007ffc5cec8000 	C:\Users\Admin\.katalon\packages\KS-9.7.2\jre\bin\zip.dll
0x00007ffc6ba00000 - 0x00007ffc6cef8000 	C:\Windows\System32\SHELL32.dll
0x00007ffc6b390000 - 0x00007ffc6b437000 	C:\Windows\System32\shcore.dll
0x00007ffc69ca0000 - 0x00007ffc6a3e8000 	C:\Windows\System32\windows.storage.dll
0x00007ffc69230000 - 0x00007ffc69253000 	C:\Windows\System32\profapi.dll
0x00007ffc691b0000 - 0x00007ffc6920d000 	C:\Windows\System32\powrprof.dll
0x00007ffc6b190000 - 0x00007ffc6b1e2000 	C:\Windows\System32\shlwapi.dll
0x00007ffc69370000 - 0x00007ffc6938b000 	C:\Windows\System32\cryptsp.dll
0x00007ffc52b80000 - 0x00007ffc52b99000 	C:\Users\Admin\.katalon\packages\KS-9.7.2\jre\bin\net.dll
0x00007ffc5cd30000 - 0x00007ffc5ce2d000 	C:\Windows\SYSTEM32\WINHTTP.dll
0x00007ffc68990000 - 0x00007ffc689f7000 	C:\Windows\system32\mswsock.dll
0x00007ffc52b60000 - 0x00007ffc52b75000 	C:\Users\Admin\.katalon\packages\KS-9.7.2\jre\bin\nio.dll
0x00007ffc62b60000 - 0x00007ffc62b70000 	C:\Users\Admin\.katalon\packages\KS-9.7.2\jre\bin\verify.dll

dbghelp: loaded successfully - version: 4.0.5 - missing functions: none
symbol engine: initialized successfully - sym options: 0x614 - pdb path: .;C:\Users\Admin\.katalon\packages\KS-9.7.2\jre\bin;C:\Windows\SYSTEM32;C:\Windows\WinSxS\amd64_microsoft.windows.common-controls_6595b64144ccf1df_6.0.17763.6659_none_de721f8a534a9678;C:\Users\Admin\.katalon\packages\KS-9.7.2\jre\bin\server

VM Arguments:
jvm_args: -Dgroovy.home=C:\Users\Admin/.groovy -Djava.system.class.loader=groovy.lang.GroovyClassLoader -Xmx2048m -Dfile.encoding=UTF-8 -XX:+ShowCodeDetailsInExceptionMessages 
java_command: org.codehaus.groovy.tools.GroovyStarter --classpath C:\Users\Admin\Katalon Studio\FisrtProject\bin\keyword;C:\Users\Admin\Katalon Studio\FisrtProject\Keywords;C:\Users\Admin\Katalon Studio\FisrtProject\bin\listener;C:\Users\Admin\Katalon Studio\FisrtProject\Test Listeners;C:\Users\Admin\Katalon Studio\FisrtProject\bin\lib;C:\Users\Admin\Katalon Studio\FisrtProject\Libs;C:\Users\Admin\Katalon Studio\FisrtProject\bin\groovy;C:\Users\Admin\Katalon Studio\FisrtProject\Include\scripts\groovy;C:\Users\Admin\.katalon\packages\KS-9.7.2\plugins\com.kms.katalon.core_1.0.0.202409190502.jar;C:\Users\Admin\.katalon\packages\KS-9.7.2\configuration\resources\lib\aalto-xml-1.0.0.jar;C:\Users\Admin\.katalon\packages\KS-9.7.2\configuration\resources\lib\aspectjweaver-1.9.1.jar;C:\Users\Admin\.katalon\packages\KS-9.7.2\configuration\resources\lib\aws-2.20.3-fat.jar;C:\Users\Admin\.katalon\packages\KS-9.7.2\configuration\resources\lib\bcpkix-jdk15on-1.64.jar;C:\Users\Admin\.katalon\packages\KS-9.7.2\configuration\resources\lib\bcprov-jdk15on-1.64.jar;C:\Users\Admin\.katalon\packages\KS-9.7.2\configuration\resources\lib\browsermob-core-2.1.5.jar;C:\Users\Admin\.katalon\packages\KS-9.7.2\configuration\resources\lib\byte-buddy-1.14.3.jar;C:\Users\Admin\.katalon\packages\KS-9.7.2\configuration\resources\lib\byte-buddy-agent-1.14.3.jar;C:\Users\Admin\.katalon\packages\KS-9.7.2\configuration\resources\lib\cglib-3.2.10.jar;C:\Users\Admin\.katalon\packages\KS-9.7.2\configuration\resources\lib\commons-codec-1.10.jar;C:\Users\Admin\.katalon\packages\KS-9.7.2\configuration\resources\lib\commons-collections4-4.1.jar;C:\Users\Admin\.katalon\packages\KS-9.7.2\configuration\resources\lib\commons-validator-1.6.jar;C:\Users\Admin\.katalon\packages\KS-9.7.2\configuration\resources\lib\curvesapi-1.04.jar;C:\Users\Admin\.katalon\packages\KS-9.7.2\configuration\resources\lib\dnsjava-2.1.8.jar;C:\Users\Admin\.katalon\packages\KS-9.7.2\configuration\resources\lib\groovy-3.0.17-fat.jar;C:\User
java_class_path (initial): C:\Users\Admin\Katalon Studio\FisrtProject\bin\keyword;C:\Users\Admin\Katalon Studio\FisrtProject\bin\listener;C:\Users\Admin\Katalon Studio\FisrtProject\bin\lib;C:\Users\Admin\Katalon Studio\FisrtProject\bin\groovy;C:\Users\Admin\Katalon Studio\FisrtProject\bin;C:\Users\Admin\.katalon\packages\KS-9.7.2\plugins\com.kms.katalon.core_1.0.0.202409190502.jar;C:\Users\Admin\.katalon\packages\KS-9.7.2\configuration\resources\lib\aalto-xml-1.0.0.jar;C:\Users\Admin\.katalon\packages\KS-9.7.2\configuration\resources\lib\aspectjweaver-1.9.1.jar;C:\Users\Admin\.katalon\packages\KS-9.7.2\configuration\resources\lib\aws-2.20.3-fat.jar;C:\Users\Admin\.katalon\packages\KS-9.7.2\configuration\resources\lib\bcpkix-jdk15on-1.64.jar;C:\Users\Admin\.katalon\packages\KS-9.7.2\configuration\resources\lib\bcprov-jdk15on-1.64.jar;C:\Users\Admin\.katalon\packages\KS-9.7.2\configuration\resources\lib\browsermob-core-2.1.5.jar;C:\Users\Admin\.katalon\packages\KS-9.7.2\configuration\resources\lib\byte-buddy-1.14.3.jar;C:\Users\Admin\.katalon\packages\KS-9.7.2\configuration\resources\lib\byte-buddy-agent-1.14.3.jar;C:\Users\Admin\.katalon\packages\KS-9.7.2\configuration\resources\lib\cglib-3.2.10.jar;C:\Users\Admin\.katalon\packages\KS-9.7.2\configuration\resources\lib\commons-codec-1.10.jar;C:\Users\Admin\.katalon\packages\KS-9.7.2\configuration\resources\lib\commons-collections4-4.1.jar;C:\Users\Admin\.katalon\packages\KS-9.7.2\configuration\resources\lib\commons-validator-1.6.jar;C:\Users\Admin\.katalon\packages\KS-9.7.2\configuration\resources\lib\curvesapi-1.04.jar;C:\Users\Admin\.katalon\packages\KS-9.7.2\configuration\resources\lib\dnsjava-2.1.8.jar;C:\Users\Admin\.katalon\packages\KS-9.7.2\configuration\resources\lib\groovy-3.0.17-fat.jar;C:\Users\Admin\.katalon\packages\KS-9.7.2\configuration\resources\lib\jackson-coreutils-2.0.jar;C:\Users\Admin\.katalon\packages\KS-9.7.2\configuration\resources\lib\jackson-coreutils-equivalence-1.0.jar;C:\Users\Admin\.kat
Launcher Type: SUN_STANDARD

[Global flags]
     intx CICompilerCount                          = 3                                         {product} {ergonomic}
     uint ConcGCThreads                            = 1                                         {product} {ergonomic}
     uint G1ConcRefinementThreads                  = 4                                         {product} {ergonomic}
   size_t G1HeapRegionSize                         = 1048576                                   {product} {ergonomic}
    uintx GCDrainStackTargetSize                   = 64                                        {product} {ergonomic}
   size_t InitialHeapSize                          = 134217728                                 {product} {ergonomic}
   size_t MarkStackSize                            = 4194304                                   {product} {ergonomic}
   size_t MaxHeapSize                              = 2147483648                                {product} {command line}
   size_t MaxNewSize                               = 1287651328                                {product} {ergonomic}
   size_t MinHeapDeltaBytes                        = 1048576                                   {product} {ergonomic}
   size_t MinHeapSize                              = 8388608                                   {product} {ergonomic}
    uintx NonNMethodCodeHeapSize                   = 5832780                                {pd product} {ergonomic}
    uintx NonProfiledCodeHeapSize                  = 122912730                              {pd product} {ergonomic}
    uintx ProfiledCodeHeapSize                     = 122912730                              {pd product} {ergonomic}
    uintx ReservedCodeCacheSize                    = 251658240                              {pd product} {ergonomic}
     bool SegmentedCodeCache                       = true                                      {product} {ergonomic}
     bool ShowCodeDetailsInExceptionMessages       = true                                   {manageable} {command line}
   size_t SoftMaxHeapSize                          = 2147483648                             {manageable} {ergonomic}
     bool UseCompressedClassPointers               = true                           {product lp64_product} {ergonomic}
     bool UseCompressedOops                        = true                           {product lp64_product} {ergonomic}
     bool UseG1GC                                  = true                                      {product} {ergonomic}
     bool UseLargePagesIndividualAllocation        = false                                  {pd product} {ergonomic}

Logging:
Log output configuration:
 #0: stdout all=warning uptime,level,tags
 #1: stderr all=off uptime,level,tags

Environment Variables:
JAVA_HOME=C:\Users\Admin\.katalon\packages\KS-9.7.2\jre
PATH=C:/Users/Admin/.katalon/packages/KS-9.7.2/jre/bin/server;C:/Users/Admin/.katalon/packages/KS-9.7.2/jre/bin;C:\Program Files\Common Files\Oracle\Java\javapath;C:\Windows\system32;C:\Windows;C:\Windows\System32\Wbem;C:\Windows\System32\WindowsPowerShell\v1.0\;C:\Windows\System32\OpenSSH\;C:\Program Files\Microsoft SQL Server\Client SDK\ODBC\170\Tools\Binn\;C:\Program Files (x86)\Microsoft SQL Server\150\Tools\Binn\;C:\Program Files\Microsoft SQL Server\150\Tools\Binn\;C:\Program Files\Microsoft SQL Server\150\DTS\Binn\;C:\Program Files (x86)\STMicroelectronics\STM32 ST-LINK Utility\ST-LINK Utility;C:\Program Files\nodejs\;C:\Users\Admin\AppData\Local\Microsoft\WindowsApps;C:\Program Files\JetBrains\IntelliJ IDEA Community Edition 2024.1.4\bin;;C:\Users\Admin\AppData\Roaming\npm;C:\Users\Admin\.katalon\packages\KS-9.7.2;:C:\Users\Admin\.katalon\packages\KS-9.7.2\jre\bin
USERNAME=Admin
OS=Windows_NT
PROCESSOR_IDENTIFIER=Intel64 Family 6 Model 142 Stepping 9, GenuineIntel
TMP=C:\Users\Admin\AppData\Local\Temp
TEMP=C:\Users\Admin\AppData\Local\Temp



---------------  S Y S T E M  ---------------

OS:
 Windows 10 , 64 bit Build 17763 (10.0.17763.6292)
OS uptime: 0 days 9:05 hours
Hyper-V role detected

CPU: total 4 (initial active 4) (2 cores per cpu, 2 threads per core) family 6 model 142 stepping 9 microcode 0xea, cx8, cmov, fxsr, ht, mmx, 3dnowpref, sse, sse2, sse3, ssse3, sse4.1, sse4.2, popcnt, lzcnt, tsc, tscinvbit, avx, avx2, aes, erms, clmul, bmi1, bmi2, adx, fma, vzeroupper, clflush, clflushopt, hv

Memory: 4k page, system-wide physical 8090M (613M free)
TotalPageFile size 18589M (AvailPageFile size 8M)
current process WorkingSet (physical memory assigned to process): 210M, peak: 210M
current process commit charge ("private bytes"): 245M, peak: 260M

vm_info: OpenJDK 64-Bit Server VM (17.0.7+7) for windows-amd64 JRE (17.0.7+7), built on Apr 18 2023 22:10:42 by "temurin" with MS VC++ 16.7 (VS2019)

END.
