#
# There is insufficient memory for the Java Runtime Environment to continue.
# Native memory allocation (malloc) failed to allocate 957616 bytes for Chunk::new
# Possible reasons:
#   The system is out of physical RAM or swap space
#   The process is running with CompressedOops enabled, and the Java Heap may be blocking the growth of the native heap
# Possible solutions:
#   Reduce memory load on the system
#   Increase physical memory or swap space
#   Check if swap backing store is full
#   Decrease Java heap size (-Xmx/-Xms)
#   Decrease number of Java threads
#   Decrease Java thread stack sizes (-Xss)
#   Set larger code cache with -XX:ReservedCodeCacheSize=
#   JVM is running with Unscaled Compressed Oops mode in which the Java heap is
#     placed in the first 4GB address space. The Java Heap base address is the
#     maximum limit for the native heap growth. Please use -XX:HeapBaseMinAddress
#     to set the Java Heap base and to place the Java Heap above 4GB virtual address.
# This output file may be truncated or incomplete.
#
#  Out of Memory Error (arena.cpp:189), pid=13660, tid=13464
#
# JRE version: OpenJDK Runtime Environment Temurin-17.0.7+7 (17.0.7+7) (build 17.0.7+7)
# Java VM: OpenJDK 64-Bit Server VM Temurin-17.0.7+7 (17.0.7+7, mixed mode, tiered, compressed oops, compressed class ptrs, g1 gc, windows-amd64)
# No core dump will be written. Minidumps are not enabled by default on client versions of Windows
#

---------------  S U M M A R Y ------------

Command Line: -Dgroovy.home=C:\Users\Admin/.groovy -Djava.system.class.loader=groovy.lang.GroovyClassLoader -Xmx2048m -Dfile.encoding=UTF-8 -XX:+ShowCodeDetailsInExceptionMessages org.codehaus.groovy.tools.GroovyStarter --classpath C:\Users\Admin\Katalon Studio\FisrtProject\bin\keyword;C:\Users\Admin\Katalon Studio\FisrtProject\Keywords;C:\Users\Admin\Katalon Studio\FisrtProject\bin\listener;C:\Users\Admin\Katalon Studio\FisrtProject\Test Listeners;C:\Users\Admin\Katalon Studio\FisrtProject\bin\lib;C:\Users\Admin\Katalon Studio\FisrtProject\Libs;C:\Users\Admin\Katalon Studio\FisrtProject\bin\groovy;C:\Users\Admin\Katalon Studio\FisrtProject\Include\scripts\groovy;C:\Users\Admin\.katalon\packages\KS-9.7.2\plugins\com.kms.katalon.core_1.0.0.202409190502.jar;C:\Users\Admin\.katalon\packages\KS-9.7.2\configuration\resources\lib\aalto-xml-1.0.0.jar;C:\Users\Admin\.katalon\packages\KS-9.7.2\configuration\resources\lib\aspectjweaver-1.9.1.jar;C:\Users\Admin\.katalon\packages\KS-9.7.2\configuration\resources\lib\aws-2.20.3-fat.jar;C:\Users\Admin\.katalon\packages\KS-9.7.2\configuration\resources\lib\bcpkix-jdk15on-1.64.jar;C:\Users\Admin\.katalon\packages\KS-9.7.2\configuration\resources\lib\bcprov-jdk15on-1.64.jar;C:\Users\Admin\.katalon\packages\KS-9.7.2\configuration\resources\lib\browsermob-core-2.1.5.jar;C:\Users\Admin\.katalon\packages\KS-9.7.2\configuration\resources\lib\byte-buddy-1.14.3.jar;C:\Users\Admin\.katalon\packages\KS-9.7.2\configuration\resources\lib\byte-buddy-agent-1.14.3.jar;C:\Users\Admin\.katalon\packages\KS-9.7.2\configuration\resources\lib\cglib-3.2.10.jar;C:\Users\Admin\.katalon\packages\KS-9.7.2\configuration\resources\lib\commons-codec-1.10.jar;C:\Users\Admin\.katalon\packages\KS-9.7.2\configuration\resources\lib\commons-collections4-4.1.jar;C:\Users\Admin\.katalon\packages\KS-9.7.2\configuration\resources\lib\commons-validator-1.6.jar;C:\Users\Admin\.katalon\packages\KS-9.7.2\configuration\resources\lib\curvesapi-1.04.jar;C:\Users\Admin\.katalon\packages\KS-9.7.2\configuration\resources\lib\dnsjava-2.1.8.jar;C:\Users\Admin\.katalon\packages\KS-9.7.2\configuration\resources\lib\groovy-3.0.17-fat.jar;C:\Users\Admin\.katalon\packages\KS-9.7.2\configuration\resources\lib\jackson-coreutils-2.0.jar;C:\Users\Admin\.katalon\packages\KS-9.7.2\configuration\resources\lib\jackson-coreutils-equivalence-1.0.jar;C:\Users\Admin\.katalon\packages\KS-9.7.2\configuration\resources\lib\java-client-7.0.0.jar;C:\Users\Admin\.katalon\packages\KS-9.7.2\configuration\resources\lib\javax.servlet-api_3.1.0.jar;C:\Users\Admin\.katalon\packages\KS-9.7.2\configuration\resources\lib\jna-5.12.1.jar;C:\Users\Admin\.katalon\packages\KS-9.7.2\configuration\resources\lib\jna-platform-5.12.1.jar;C:\Users\Admin\.katalon\packages\KS-9.7.2\configuration\resources\lib\json-schema-core-1.2.14.jar;C:\Users\Admin\.katalon\packages\KS-9.7.2\configuration\resources\lib\json-schema-validator-2.2.14.jar;C:\Users\Admin\.katalon\packages\KS-9.7.2\configuration\resources\lib\jzlib-1.1.3.jar;C:\Users\Admin\.katalon\packages\KS-9.7.2\configuration\resources\lib\kat-server.jar;C:\Users\Admin\.katalon\packages\KS-9.7.2\configuration\resources\lib\littleproxy-1.1.0-beta-bmp-17.jar;C:\Users\Admin\.katalon\packages\KS-9.7.2\configuration\resources\lib\log4j-1.2-api-2.17.1.jar;C:\Users\Admin\.katalon\packages\KS-9.7.2\configuration\resources\lib\log4j-api-2.17.1.jar;C:\Users\Admin\.katalon\packages\KS-9.7.2\configuration\resources\lib\log4j-core-2.17.1.jar;C:\Users\Admin\.katalon\packages\KS-9.7.2\configuration\resources\lib\mitm-2.1.5.jar;C:\Users\Admin\.katalon\packages\KS-9.7.2\configuration\resources\lib\mockito-core-5.2.0.jar;C:\Users\Admin\.katalon\packages\KS-9.7.2\configuration\resources\lib\mockito-inline-5.2.0.jar;C:\Users\Admin\.katalon\packages\KS-9.7.2\configuration\resources\lib\netty-all-4.1.109.Final.jar;C:\Users\Admin\.katalon\packages\KS-9.7.2\configuration\resources\lib\objenesis-3.3.jar;C:\Users\Admin\.katalon\packages\KS-9.7.2\configuration\resources\lib\poi-3.17.jar;C:\Users\Admin\.katalon\packages\KS-9.7.2\configuration\resources\lib\poi-ooxml-3.17.jar;C:\Users\Admin\.katalon\packages\KS-9.7.2\configuration\resources\lib\poi-ooxml-schemas-3.17.jar;C:\Users\Admin\.katalon\packages\KS-9.7.2\configuration\resources\lib\proxy-vole-1.0.4-SNAPSHOT-jar-with-dependencies.jar;C:\Users\Admin\.katalon\packages\KS-9.7.2\configuration\resources\lib\repackaged-sikuli-api-1.0.2-standalone.jar;C:\Users\Admin\.katalon\packages\KS-9.7.2\configuration\resources\lib\selenium-leg-rc-3.141.59.jar;C:\Users\Admin\.katalon\packages\KS-9.7.2\configuration\resources\lib\selenium-server-standalone-3.141.59.jar;C:\Users\Admin\.katalon\packages\KS-9.7.2\configuration\resources\lib\selenium-shutterbug-1.1.jar;C:\Users\Admin\.katalon\packages\KS-9.7.2\configuration\resources\lib\slf4j-api-1.7.25.jar;C:\Users\Admin\.katalon\packages\KS-9.7.2\configuration\resources\lib\soap-builder-1.0.0.jar;C:\Users\Admin\.katalon\packages\KS-9.7.2\configuration\resources\lib\soap-common-1.0.0.jar;C:\Users\Admin\.katalon\packages\KS-9.7.2\configuration\resources\lib\soap-legacy-1.0.0.jar;C:\Users\Admin\.katalon\packages\KS-9.7.2\configuration\resources\lib\spring-context-5.3.19.jar;C:\Users\Admin\.katalon\packages\KS-9.7.2\configuration\resources\lib\stax2-api-4.0.0.jar;C:\Users\Admin\.katalon\packages\KS-9.7.2\configuration\resources\lib\su.jar;C:\Users\Admin\.katalon\packages\KS-9.7.2\configuration\resources\lib\swagger-parser-1.0.67-fat.jar;C:\Users\Admin\.katalon\packages\KS-9.7.2\configuration\resources\lib\testng-7.8.0.jar;C:\Users\Admin\.katalon\packages\KS-9.7.2\configuration\resources\lib\uri-template-0.1.jar;C:\Users\Admin\.katalon\packages\KS-9.7.2\configuration\resources\lib\wadl.jar;C:\Users\Admin\.katalon\packages\KS-9.7.2\configuration\resources\lib\xmlbeans-3.1.0.jar;C:\Users\Admin\.katalon\packages\KS-9.7.2\plugins\net.sf.supercsv.super-csv_2.1.0.jar;C:\Users\Admin\.katalon\packages\KS-9.7.2\plugins\org.apache.commons.io_2.4.0.jar;C:\Users\Admin\.katalon\packages\KS-9.7.2\plugins\org.apache.commons.lang_2.6.0.jar;C:\Users\Admin\.katalon\packages\KS-9.7.2\plugins\com.google.gson_2.10.1.v20230109-0753.jar;C:\Users\Admin\.katalon\packages\KS-9.7.2\plugins\org.jsoup_1.14.3.jar;C:\Users\Admin\.katalon\packages\KS-9.7.2\plugins\org.apache.commons.dbutils_1.6.0.jar;C:\Users\Admin\.katalon\packages\KS-9.7.2\plugins\com.oracle.jdbc.ojdbc7_12.1.0.2.jar;C:\Users\Admin\.katalon\packages\KS-9.7.2\plugins\org.postgresql.jdbc_42.7.3.jar;c:\Users\Admin\.katalon\packages\KS-9.7.2\plugins\org.eclipse.osgi_3.18.300.v20230220-1352.jar;C:\Users\Admin\.katalon\packages\KS-9.7.2\plugins\com.kms.katalon.constant_1.0.0.202409190502.jar;C:\Users\Admin\.katalon\packages\KS-9.7.2\plugins\org.eclipse.persistence.eclipselink_2.7.11.jar;C:\Users\Admin\.katalon\packages\KS-9.7.2\plugins\com.kms.katalon.selenium-standalone_1.0.0.202409190502.jar;C:\Users\Admin\.katalon\packages\KS-9.7.2\plugins\atu.testrecorder.screen-recorder_2.1.0.jar;C:\Users\Admin\.katalon\packages\KS-9.7.2\plugins\com.google.guava_32.0.0.jre.jar;C:\Users\Admin\.katalon\packages\KS-9.7.2\plugins\com.kms.katalon.util_1.0.0.202409190502.jar;C:\Users\Admin\.katalon\packages\KS-9.7.2\plugins\org.apache.httpcomponents.httpclient_4.5.14.v20221207-1049.jar;C:\Users\Admin\.katalon\packages\KS-9.7.2\plugins\org.apache.httpcomponents.httpcore_4.4.16.v20221207-1049.jar;C:\Users\Admin\.katalon\packages\KS-9.7.2\plugins\org.apache.httpcomponents.httpmime_4.5.13.jar;C:\Users\Admin\.katalon\packages\KS-9.7.2\plugins\org.apache.commons.lang3_3.14.0.jar;C:\Users\Admin\.katalon\packages\KS-9.7.2\plugins\org.greenrobot.eventbus_3.1.1.jar;C:\Users\Admin\.katalon\packages\KS-9.7.2\plugins\net.bytebuddy.byte-buddy_1.14.15.jar;C:\Users\Admin\.katalon\packages\KS-9.7.2\plugins\org.junit_4.13.2.v20211018-1956.jar;C:\Users\Admin\.katalon\packages\KS-9.7.2\plugins\com.fasterxml.jackson.core.jackson-databind_2.17.1.jar;C:\Users\Admin\.katalon\packages\KS-9.7.2\plugins\com.fasterxml.jackson.core.jackson-core_2.17.1.jar;C:\Users\Admin\.katalon\packages\KS-9.7.2\plugins\com.fasterxml.jackson.core.jackson-annotations_2.17.1.jar;C:\Users\Admin\.katalon\packages\KS-9.7.2\plugins\ch.qos.logback.classic_1.2.13.jar;C:\Users\Admin\.katalon\packages\KS-9.7.2\plugins\ch.qos.logback.core_1.2.13.jar;C:\Users\Admin\.katalon\packages\KS-9.7.2\plugins\slf4j.api_1.7.36.jar;C:\Users\Admin\.katalon\packages\KS-9.7.2\plugins\org.fusesource.jansi_1.17.1.jar;C:\Users\Admin\.katalon\packages\KS-9.7.2\plugins\com.kms.katalon.netlightbody_1.0.0.202409190502.jar;C:\Users\Admin\.katalon\packages\KS-9.7.2\plugins\com.kms.katalon.poi_1.0.0.202409190502.jar;C:\Users\Admin\.katalon\packages\KS-9.7.2\plugins\org.apache.commons.commons-text_1.10.0.jar;C:\Users\Admin\.katalon\packages\KS-9.7.2\plugins\com.kms.katalon.proxyvole_1.0.0.202409190502.jar;C:\Users\Admin\.katalon\packages\KS-9.7.2\plugins\com.microsoft.sqlserver.mssql-jdbc_6.2.2.jre8.jar;C:\Users\Admin\.katalon\packages\KS-9.7.2\plugins\com.github.kklisura.cdt.java-client_2.1.0.jar;C:\Users\Admin\.katalon\packages\KS-9.7.2\plugins\javax.websocket-api_1.1.0.jar;C:\Users\Admin\.katalon\packages\KS-9.7.2\plugins\org.glassfish.tyrus.container-grizzly-client_1.13.1.jar;C:\Users\Admin\.katalon\packages\KS-9.7.2\plugins\org.glassfish.grizzly.http-server_2.3.25.jar;C:\Users\Admin\.katalon\packages\KS-9.7.2\plugins\org.glassfish.grizzly.framework_2.3.25.jar;C:\Users\Admin\.katalon\packages\KS-9.7.2\plugins\org.glassfish.grizzly.http_2.3.25.jar;C:\Users\Admin\.katalon\packages\KS-9.7.2\plugins\org.glassfish.tyrus.client_1.13.1.jar;C:\Users\Admin\.katalon\packages\KS-9.7.2\plugins\org.glassfish.tyrus.core_1.13.1.jar;C:\Users\Admin\.katalon\packages\KS-9.7.2\plugins\org.glassfish.tyrus.spi_1.13.1.jar;C:\Users\Admin\.katalon\packages\KS-9.7.2\plugins\javassist_3.28.0.GA.jar;C:\Users\Admin\.katalon\packages\KS-9.7.2\plugins\graphql-java_17.5.0.jar;C:\Users\Admin\.katalon\packages\KS-9.7.2\plugins\org.glassfish.jaxb.runtime_2.3.6.jar;C:\Users\Admin\.katalon\packages\KS-9.7.2\plugins\org.glassfish.jaxb.txw2_2.3.6.jar;C:\Users\Admin\.katalon\packages\KS-9.7.2\plugins\org.dom4j_2.1.4.jar;C:\Users\Admin\.katalon\packages\KS-9.7.2\plugins\com.kms.katalon.groovy-extended_1.0.0.202409190502.jar;C:\Users\Admin\.katalon\packages\KS-9.7.2\plugins\com.sun.activation.javax.activation_1.2.0.jar;C:\Users\Admin\.katalon\packages\KS-9.7.2\plugins\jakarta.xml.bind-api_2.3.3.jar;C:\Users\Admin\.katalon\packages\KS-9.7.2\plugins\com.sun.xml.bind.jaxb-impl_2.3.6.jar;C:\Users\Admin\.katalon\packages\KS-9.7.2\plugins\org.eclipse.jface_3.29.0.v20230214-1401.jar;C:\Users\Admin\.katalon\packages\KS-9.7.2\plugins\com.kms.katalon.logging_1.0.0.202409190502.jar;C:\Users\Admin\.katalon\packages\KS-9.7.2\plugins\json_20240303.0.0.jar;C:\Users\Admin\.katalon\packages\KS-9.7.2\plugins\assertj-core_3.25.3.jar;C:\Users\Admin\.katalon\packages\KS-9.7.2\plugins\com.networknt.json-schema-validator_1.0.66.jar;C:\Users\Admin\.katalon\packages\KS-9.7.2\plugins\com.kms.katalon.network.apache_1.0.0.202409190502.jar;C:\Users\Admin\.katalon\packages\KS-9.7.2\plugins\org.apache.commons.logging_1.2.0.v20180409-1502.jar;C:\Users\Admin\.katalon\packages\KS-9.7.2\plugins\org.hamcrest.core_1.3.0.v20180420-1519.jar;C:\Users\Admin\.katalon\packages\KS-9.7.2\plugins\org.beanshell.bsh_2.0.0.0b4.jar;C:\Users\Admin\.katalon\packages\KS-9.7.2\plugins\org.apache.ant.launcher_1.9.6.jar;C:\Users\Admin\.katalon\packages\KS-9.7.2\plugins\com.kms.katalon.core.appium_1.0.0.202409190502.jar;C:\Users\Admin\.katalon\packages\KS-9.7.2\plugins\com.kms.katalon.api_1.0.0.202409190502.jar;C:\Users\Admin\.katalon\packages\KS-9.7.2\plugins\org.eclipse.equinox.common_3.17.100.v20230202-1341.jar;C:\Users\Admin\.katalon\packages\KS-9.7.2\plugins\com.kms.katalon.platform.core_1.0.0.202409190502.jar;C:\Users\Admin\.katalon\packages\KS-9.7.2\plugins\com.kms.katalon.common_1.0.0.202409190502.jar;C:\Users\Admin\.katalon\packages\KS-9.7.2\plugins\com.kms.katalon.session.core_1.0.0.202409190502.jar;C:\Users\Admin\.katalon\packages\KS-9.7.2\plugins\org.eclipse.e4.core.contexts_1.11.0.v20220716-0839.jar;C:\Users\Admin\.katalon\packages\KS-9.7.2\plugins\javax.inject_1.0.0.v20220405-0441.jar;C:\Users\Admin\.katalon\packages\KS-9.7.2\plugins\org.eclipse.e4.core.di_1.8.300.v20220817-1539.jar;C:\Users\Admin\.katalon\packages\KS-9.7.2\plugins\com.kms.katalon.network.core_1.0.0.202409190502.jar;C:\Users\Admin\.katalon\packages\KS-9.7.2\plugins\com.kms.katalon.execution.core_1.0.0.202409190502.jar;C:\Users\Admin\.katalon\packages\KS-9.7.2\plugins\org.eclipse.equinox.registry_3.11.200.v20220817-1601.jar;C:\Users\Admin\.katalon\packages\KS-9.7.2\plugins\dev.failsafe_3.3.2.jar;C:\Users\Admin\.katalon\packages\KS-9.7.2\plugins\com.fasterxml.jackson.datatype.jackson-datatype-jsr310_2.17.1.jar;C:\Users\Admin\.katalon\packages\KS-9.7.2\plugins\org.eclipse.e4.core.di.annotations_1.7.200.v20220613-1008.jar;C:\Users\Admin\.katalon\packages\KS-9.7.2\plugins\com.kms.katalon.core.webui_1.0.0.202409190502.jar;C:\Users\Admin\.katalon\packages\KS-9.7.2\plugins\org.eclipse.e4.core.services_2.3.400.v20220915-1347.jar;C:\Users\Admin\.katalon\packages\KS-9.7.2\plugins\com.kms.katalon.core.mobile_1.0.0.202409190502.jar;C:\Users\Admin\.katalon\packages\KS-9.7.2\plugins\org.apache.commons.commons-validator_1.7.0.jar;C:\Users\Admin\.katalon\packages\KS-9.7.2\plugins\com.kms.katalon.core.cucumber_1.0.0.202409190502.jar;C:\Users\Admin\.katalon\packages\KS-9.7.2\plugins\io.cucumber.core_3.0.3.jar;C:\Users\Admin\.katalon\packages\KS-9.7.2\plugins\io.cucumber.datatable_1.1.15.jar;C:\Users\Admin\.katalon\packages\KS-9.7.2\plugins\io.cucumber.datatable-dependencies_1.1.15.jar;C:\Users\Admin\.katalon\packages\KS-9.7.2\plugins\io.cucumber.expressions_5.0.19.jar;C:\Users\Admin\.katalon\packages\KS-9.7.2\plugins\io.cucumber.gherkin_5.0.0.jar;C:\Users\Admin\.katalon\packages\KS-9.7.2\plugins\io.cucumber.html_0.2.7.jar;C:\Users\Admin\.katalon\packages\KS-9.7.2\plugins\io.cucumber.java_3.0.3.jar;C:\Users\Admin\.katalon\packages\KS-9.7.2\plugins\io.cucumber.tag-expressions_1.1.1.jar;C:\Users\Admin\.katalon\packages\KS-9.7.2\plugins\io.cucumber.junit_3.0.3.jar;C:\Users\Admin\.katalon\packages\KS-9.7.2\plugins\com.kms.katalon.core.webservice_1.0.0.202409190502.jar;C:\Users\Admin\.katalon\packages\KS-9.7.2\plugins\wsdl4j_1.6.2.jar;C:\Users\Admin\.katalon\packages\KS-9.7.2\plugins\com.google.oauth-client.google-oauth-client_1.22.0.jar;C:\Users\Admin\.katalon\packages\KS-9.7.2\plugins\com.google.http-client.google-http-client_1.22.0.jar;C:\Users\Admin\.katalon\packages\KS-9.7.2\plugins\ca.juliusdavies.not-yet-commons-ssl_0.3.11.jar;C:\Users\Admin\.katalon\packages\KS-9.7.2\plugins\com.kms.katalon.preferences_1.0.0.202409190502.jar;C:\Users\Admin\.katalon\packages\KS-9.7.2\plugins\org.apache.xmlbeans_3.1.0.jar;C:\Users\Admin\.katalon\packages\KS-9.7.2\plugins\com.kms.katalon.entity_1.0.0.202409190502.jar;C:\Users\Admin\.katalon\packages\KS-9.7.2\plugins\org.antlr.antlr4-runtime_4.9.2.jar;C:\Users\Admin\.katalon\packages\KS-9.7.2\plugins\jakarta.xml.ws-api_2.3.3.jar;C:\Users\Admin\.katalon\packages\KS-9.7.2\plugins\javax.xml.soap-api_1.4.0.jar;C:\Users\Admin\.katalon\packages\KS-9.7.2\plugins\com.atlassian.oai.swagger-request-validator-core_2.38.0.jar;C:\Users\Admin\.katalon\packages\KS-9.7.2\plugins\io.swagger.compat-spec-parser_1.0.67.jar;C:\Users\Admin\.katalon\packages\KS-9.7.2\plugins\io.swagger.core.v3.swagger-annotations_2.2.14.jar;C:\Users\Admin\.katalon\packages\KS-9.7.2\plugins\io.swagger.core.v3.swagger-core_2.2.14.jar;C:\Users\Admin\.katalon\packages\KS-9.7.2\plugins\io.swagger.core.v3.swagger-models_2.2.14.jar;C:\Users\Admin\.katalon\packages\KS-9.7.2\plugins\io.swagger.parser.v3.swagger-parser-core_2.1.16.jar;C:\Users\Admin\.katalon\packages\KS-9.7.2\plugins\io.swagger.parser.v3.swagger-parser-v2-converter_2.1.16.jar;C:\Users\Admin\.katalon\packages\KS-9.7.2\plugins\com.github.java-json-tools.btf_1.3.0.jar;C:\Users\Admin\.katalon\packages\KS-9.7.2\plugins\com.fasterxml.jackson.dataformat.jackson-dataformat-yaml_2.17.1.jar;C:\Users\Admin\.katalon\packages\KS-9.7.2\plugins\org.yaml.snakeyaml_2.2.0.jar;C:\Users\Admin\.katalon\packages\KS-9.7.2\plugins\com.github.java-json-tools.msg-simple_1.2.0.jar;C:\Users\Admin\.katalon\packages\KS-9.7.2\plugins\jackson-core-asl_1.9.13.jar;C:\Users\Admin\.katalon\packages\KS-9.7.2\plugins\joda-time_2.10.5.jar;C:\Users\Admin\.katalon\packages\KS-9.7.2\plugins\javax.mail-api_1.6.2.jar;C:\Users\Admin\.katalon\packages\KS-9.7.2\plugins\com.googlecode.libphonenumber_8.11.1.jar;C:\Users\Admin\.katalon\packages\KS-9.7.2\plugins\com.google.guava.failureaccess_1.0.1.jar;C:\Users\Admin\.katalon\packages\KS-9.7.2\plugins\io.swagger.parser.v3.swagger-parser_2.1.16.jar;C:\Users\Admin\.katalon\packages\KS-9.7.2\plugins\io.swagger.parser.v3.swagger-parser-v3_2.1.16.jar;C:\Users\Admin\.katalon\packages\KS-9.7.2\plugins\io.swagger.parser_1.0.67.jar;C:\Users\Admin\.katalon\packages\KS-9.7.2\plugins\com.kms.katalon.core.windows_1.0.0.202409190502.jar;C:\Users\Admin\.katalon\packages\KS-9.7.2\plugins\com.kms.katalon.core.testng_1.0.0.202409190502.jar;C:\Users\Admin\.katalon\packages\KS-9.7.2\configuration\org.eclipse.osgi\33\0\.cp\resources\basic-report\katalon-studio-report-plugin.jar;C:\Users\Admin\.katalon\packages\KS-9.7.2\plugins\org.codehaus.groovy_3.0.17.v202303311542-e2303\lib\groovy-3.0.17-indy.jar;C:\Users\Admin\.katalon\packages\KS-9.7.2\plugins\org.codehaus.groovy_3.0.17.v202303311542-e2303\lib\ivy-2.5.1.jar --main groovy.ui.GroovyMain --encoding UTF-8 --indy C:\Users\Admin\Katalon Studio\FisrtProject\Libs\TempTestCase1734065788080.groovy

Host: Intel(R) Core(TM) i7-7500U CPU @ 2.70GHz, 4 cores, 7G,  Windows 10 , 64 bit Build 17763 (10.0.17763.6292)
Time: Fri Dec 13 11:56:38 2024 SE Asia Standard Time elapsed time: 9.494846 seconds (0d 0h 0m 9s)

---------------  T H R E A D  ---------------

Current thread (0x000002097f0444b0):  JavaThread "C2 CompilerThread0" daemon [_thread_in_native, id=13464, stack(0x000000300d700000,0x000000300d800000)]


Current CompileTask:
C2:   9495 3395   !   4       java.net.URL::<init> (543 bytes)

Stack: [0x000000300d700000,0x000000300d800000]
Native frames: (J=compiled Java code, j=interpreted, Vv=VM code, C=native code)
V  [jvm.dll+0x67754a]
V  [jvm.dll+0x834304]
V  [jvm.dll+0x835aae]
V  [jvm.dll+0x836113]
V  [jvm.dll+0x24696f]
V  [jvm.dll+0xac0ac]
V  [jvm.dll+0xac67c]
V  [jvm.dll+0x364de2]
V  [jvm.dll+0x1bcde8]
V  [jvm.dll+0x219799]
V  [jvm.dll+0x218a61]
V  [jvm.dll+0x1a4d8d]
V  [jvm.dll+0x2284da]
V  [jvm.dll+0x226615]
V  [jvm.dll+0x7ea90b]
V  [jvm.dll+0x7e4e7a]
V  [jvm.dll+0x676395]
C  [ucrtbase.dll+0x2268a]
C  [KERNEL32.DLL+0x17ac4]
C  [ntdll.dll+0x5a8c1]


---------------  P R O C E S S  ---------------

Threads class SMR info:
_java_thread_list=0x0000020911061d80, length=13, elements={
0x000002096e744e20, 0x000002097ae23d00, 0x000002097ae24e40, 0x000002097f00b0a0,
0x000002097f00ce30, 0x000002097f042170, 0x000002097f042640, 0x000002097f0444b0,
0x000002097f0b7bd0, 0x000002097ae3e330, 0x000002097f3024b0, 0x000002097fbfea50,
0x0000020910bdbd30
}

Java Threads: ( => current thread )
  0x000002096e744e20 JavaThread "main" [_thread_in_Java, id=7352, stack(0x000000300ca00000,0x000000300cb00000)]
  0x000002097ae23d00 JavaThread "Reference Handler" daemon [_thread_blocked, id=7116, stack(0x000000300d100000,0x000000300d200000)]
  0x000002097ae24e40 JavaThread "Finalizer" daemon [_thread_blocked, id=5224, stack(0x000000300d200000,0x000000300d300000)]
  0x000002097f00b0a0 JavaThread "Signal Dispatcher" daemon [_thread_blocked, id=2360, stack(0x000000300d300000,0x000000300d400000)]
  0x000002097f00ce30 JavaThread "Attach Listener" daemon [_thread_blocked, id=5212, stack(0x000000300d400000,0x000000300d500000)]
  0x000002097f042170 JavaThread "Service Thread" daemon [_thread_blocked, id=10540, stack(0x000000300d500000,0x000000300d600000)]
  0x000002097f042640 JavaThread "Monitor Deflation Thread" daemon [_thread_blocked, id=8488, stack(0x000000300d600000,0x000000300d700000)]
=>0x000002097f0444b0 JavaThread "C2 CompilerThread0" daemon [_thread_in_native, id=13464, stack(0x000000300d700000,0x000000300d800000)]
  0x000002097f0b7bd0 JavaThread "C1 CompilerThread0" daemon [_thread_blocked, id=4528, stack(0x000000300d800000,0x000000300d900000)]
  0x000002097ae3e330 JavaThread "Sweeper thread" daemon [_thread_blocked, id=5632, stack(0x000000300d900000,0x000000300da00000)]
  0x000002097f3024b0 JavaThread "Common-Cleaner" daemon [_thread_blocked, id=8300, stack(0x000000300da00000,0x000000300db00000)]
  0x000002097fbfea50 JavaThread "Notification Thread" daemon [_thread_blocked, id=5628, stack(0x000000300de00000,0x000000300df00000)]
  0x0000020910bdbd30 JavaThread "C2 CompilerThread1" daemon [_thread_blocked, id=5596, stack(0x000000300db00000,0x000000300dc00000)]

Other Threads:
  0x000002097ae37c30 VMThread "VM Thread" [stack: 0x000000300d000000,0x000000300d100000] [id=13756]
  0x000002096e745a80 WatcherThread [stack: 0x000000300df00000,0x000000300e000000] [id=13416]
  0x000002096e79f1b0 GCTaskThread "GC Thread#0" [stack: 0x000000300cb00000,0x000000300cc00000] [id=4264]
  0x000002097f619df0 GCTaskThread "GC Thread#1" [stack: 0x000000300dc00000,0x000000300dd00000] [id=12100]
  0x000002097f8fec70 GCTaskThread "GC Thread#2" [stack: 0x000000300dd00000,0x000000300de00000] [id=1084]
  0x0000020910505de0 GCTaskThread "GC Thread#3" [stack: 0x000000300e000000,0x000000300e100000] [id=1852]
  0x000002096e7b1010 ConcurrentGCThread "G1 Main Marker" [stack: 0x000000300cc00000,0x000000300cd00000] [id=9296]
  0x000002096e7b1930 ConcurrentGCThread "G1 Conc#0" [stack: 0x000000300cd00000,0x000000300ce00000] [id=9172]
  0x000002096e7cea30 ConcurrentGCThread "G1 Refine#0" [stack: 0x000000300ce00000,0x000000300cf00000] [id=4448]
  0x000002097ac98540 ConcurrentGCThread "G1 Service" [stack: 0x000000300cf00000,0x000000300d000000] [id=13544]

Threads with active compile tasks:
C2 CompilerThread0     9549 3395   !   4       java.net.URL::<init> (543 bytes)

VM state: not at safepoint (normal execution)

VM Mutex/Monitor currently owned by a thread: None

Heap address: 0x0000000080000000, size: 2048 MB, Compressed Oops mode: 32-bit

CDS archive(s) not mapped
Compressed class space mapped at: 0x0000000100000000-0x0000000140000000, reserved size: 1073741824
Narrow klass base: 0x0000000000000000, Narrow klass shift: 3, Narrow klass range: 0x140000000

GC Precious Log:
 CPUs: 4 total, 4 available
 Memory: 8090M
 Large Page Support: Disabled
 NUMA Support: Disabled
 Compressed Oops: Enabled (32-bit)
 Heap Region Size: 1M
 Heap Min Capacity: 8M
 Heap Initial Capacity: 128M
 Heap Max Capacity: 2G
 Pre-touch: Disabled
 Parallel Workers: 4
 Concurrent Workers: 1
 Concurrent Refinement Workers: 4
 Periodic GC: Disabled

Heap:
 garbage-first heap   total 78848K, used 38883K [0x0000000080000000, 0x0000000100000000)
  region size 1024K, 17 young (17408K), 5 survivors (5120K)
 Metaspace       used 29421K, committed 29696K, reserved 1114112K
  class space    used 3044K, committed 3200K, reserved 1048576K

Heap Regions: E=young(eden), S=young(survivor), O=old, HS=humongous(starts), HC=humongous(continues), CS=collection set, F=free, OA=open archive, CA=closed archive, TAMS=top-at-mark-start (previous, next)
|   0|0x0000000080000000, 0x0000000080100000, 0x0000000080100000|100%|HS|  |TAMS 0x0000000080100000, 0x0000000080000000| Complete 
|   1|0x0000000080100000, 0x0000000080200000, 0x0000000080200000|100%|HS|  |TAMS 0x0000000080200000, 0x0000000080100000| Complete 
|   2|0x0000000080200000, 0x0000000080300000, 0x0000000080300000|100%| O|  |TAMS 0x0000000080300000, 0x0000000080200000| Untracked 
|   3|0x0000000080300000, 0x0000000080400000, 0x0000000080400000|100%| O|  |TAMS 0x0000000080400000, 0x0000000080300000| Untracked 
|   4|0x0000000080400000, 0x0000000080500000, 0x0000000080500000|100%| O|  |TAMS 0x0000000080500000, 0x0000000080400000| Untracked 
|   5|0x0000000080500000, 0x0000000080600000, 0x0000000080600000|100%| O|  |TAMS 0x0000000080600000, 0x0000000080500000| Untracked 
|   6|0x0000000080600000, 0x0000000080700000, 0x0000000080700000|100%| O|  |TAMS 0x0000000080700000, 0x0000000080600000| Untracked 
|   7|0x0000000080700000, 0x0000000080800000, 0x0000000080800000|100%| O|  |TAMS 0x0000000080800000, 0x0000000080700000| Untracked 
|   8|0x0000000080800000, 0x0000000080900000, 0x0000000080900000|100%| O|  |TAMS 0x0000000080900000, 0x0000000080800000| Untracked 
|   9|0x0000000080900000, 0x0000000080a00000, 0x0000000080a00000|100%| O|  |TAMS 0x0000000080a00000, 0x0000000080900000| Untracked 
|  10|0x0000000080a00000, 0x0000000080b00000, 0x0000000080b00000|100%|HS|  |TAMS 0x0000000080b00000, 0x0000000080a00000| Complete 
|  11|0x0000000080b00000, 0x0000000080c00000, 0x0000000080c00000|100%| O|  |TAMS 0x0000000080c00000, 0x0000000080b00000| Untracked 
|  12|0x0000000080c00000, 0x0000000080d00000, 0x0000000080d00000|100%| O|  |TAMS 0x0000000080d00000, 0x0000000080c00000| Untracked 
|  13|0x0000000080d00000, 0x0000000080e00000, 0x0000000080e00000|100%| O|  |TAMS 0x0000000080e00000, 0x0000000080d00000| Untracked 
|  14|0x0000000080e00000, 0x0000000080f00000, 0x0000000080f00000|100%| O|  |TAMS 0x0000000080e9ce00, 0x0000000080e00000| Untracked 
|  15|0x0000000080f00000, 0x0000000081000000, 0x0000000081000000|100%| O|  |TAMS 0x0000000080f00000, 0x0000000080f00000| Untracked 
|  16|0x0000000081000000, 0x0000000081100000, 0x0000000081100000|100%| O|  |TAMS 0x0000000081000000, 0x0000000081000000| Untracked 
|  17|0x0000000081100000, 0x0000000081200000, 0x0000000081200000|100%| O|  |TAMS 0x0000000081100000, 0x0000000081100000| Untracked 
|  18|0x0000000081200000, 0x0000000081300000, 0x0000000081300000|100%| O|  |TAMS 0x0000000081200000, 0x0000000081200000| Untracked 
|  19|0x0000000081300000, 0x0000000081400000, 0x0000000081400000|100%| O|  |TAMS 0x0000000081300000, 0x0000000081300000| Untracked 
|  20|0x0000000081400000, 0x00000000814d1800, 0x0000000081500000| 81%| O|  |TAMS 0x0000000081400000, 0x0000000081400000| Untracked 
|  21|0x0000000081500000, 0x0000000081600000, 0x0000000081600000|100%|HS|  |TAMS 0x0000000081500000, 0x0000000081500000| Complete 
|  22|0x0000000081600000, 0x0000000081700000, 0x0000000081700000|100%|HS|  |TAMS 0x0000000081600000, 0x0000000081600000| Complete 
|  23|0x0000000081700000, 0x0000000081800000, 0x0000000081800000|100%|HC|  |TAMS 0x0000000081700000, 0x0000000081700000| Complete 
|  24|0x0000000081800000, 0x0000000081800000, 0x0000000081900000|  0%| F|  |TAMS 0x0000000081800000, 0x0000000081800000| Untracked 
|  25|0x0000000081900000, 0x0000000081900000, 0x0000000081a00000|  0%| F|  |TAMS 0x0000000081900000, 0x0000000081900000| Untracked 
|  26|0x0000000081a00000, 0x0000000081a277d8, 0x0000000081b00000| 15%| S|CS|TAMS 0x0000000081a00000, 0x0000000081a00000| Complete 
|  27|0x0000000081b00000, 0x0000000081c00000, 0x0000000081c00000|100%| S|CS|TAMS 0x0000000081b00000, 0x0000000081b00000| Complete 
|  28|0x0000000081c00000, 0x0000000081d00000, 0x0000000081d00000|100%| S|CS|TAMS 0x0000000081c00000, 0x0000000081c00000| Complete 
|  29|0x0000000081d00000, 0x0000000081e00000, 0x0000000081e00000|100%| S|CS|TAMS 0x0000000081d00000, 0x0000000081d00000| Complete 
|  30|0x0000000081e00000, 0x0000000081f00000, 0x0000000081f00000|100%| S|CS|TAMS 0x0000000081e00000, 0x0000000081e00000| Complete 
|  31|0x0000000081f00000, 0x0000000081f00000, 0x0000000082000000|  0%| F|  |TAMS 0x0000000081f00000, 0x0000000081f00000| Untracked 
|  32|0x0000000082000000, 0x0000000082000000, 0x0000000082100000|  0%| F|  |TAMS 0x0000000082000000, 0x0000000082000000| Untracked 
|  33|0x0000000082100000, 0x0000000082100000, 0x0000000082200000|  0%| F|  |TAMS 0x0000000082100000, 0x0000000082100000| Untracked 
|  34|0x0000000082200000, 0x0000000082200000, 0x0000000082300000|  0%| F|  |TAMS 0x0000000082200000, 0x0000000082200000| Untracked 
|  35|0x0000000082300000, 0x0000000082300000, 0x0000000082400000|  0%| F|  |TAMS 0x0000000082300000, 0x0000000082300000| Untracked 
|  36|0x0000000082400000, 0x0000000082400000, 0x0000000082500000|  0%| F|  |TAMS 0x0000000082400000, 0x0000000082400000| Untracked 
|  37|0x0000000082500000, 0x0000000082500000, 0x0000000082600000|  0%| F|  |TAMS 0x0000000082500000, 0x0000000082500000| Untracked 
|  38|0x0000000082600000, 0x0000000082600000, 0x0000000082700000|  0%| F|  |TAMS 0x0000000082600000, 0x0000000082600000| Untracked 
|  39|0x0000000082700000, 0x0000000082700000, 0x0000000082800000|  0%| F|  |TAMS 0x0000000082700000, 0x0000000082700000| Untracked 
|  40|0x0000000082800000, 0x0000000082800000, 0x0000000082900000|  0%| F|  |TAMS 0x0000000082800000, 0x0000000082800000| Untracked 
|  41|0x0000000082900000, 0x0000000082900000, 0x0000000082a00000|  0%| F|  |TAMS 0x0000000082900000, 0x0000000082900000| Untracked 
|  42|0x0000000082a00000, 0x0000000082a00000, 0x0000000082b00000|  0%| F|  |TAMS 0x0000000082a00000, 0x0000000082a00000| Untracked 
|  43|0x0000000082b00000, 0x0000000082b00000, 0x0000000082c00000|  0%| F|  |TAMS 0x0000000082b00000, 0x0000000082b00000| Untracked 
|  44|0x0000000082c00000, 0x0000000082c00000, 0x0000000082d00000|  0%| F|  |TAMS 0x0000000082c00000, 0x0000000082c00000| Untracked 
|  45|0x0000000082d00000, 0x0000000082d00000, 0x0000000082e00000|  0%| F|  |TAMS 0x0000000082d00000, 0x0000000082d00000| Untracked 
|  46|0x0000000082e00000, 0x0000000082e00000, 0x0000000082f00000|  0%| F|  |TAMS 0x0000000082e00000, 0x0000000082e00000| Untracked 
|  47|0x0000000082f00000, 0x0000000082f00000, 0x0000000083000000|  0%| F|  |TAMS 0x0000000082f00000, 0x0000000082f00000| Untracked 
|  48|0x0000000083000000, 0x0000000083000000, 0x0000000083100000|  0%| F|  |TAMS 0x0000000083000000, 0x0000000083000000| Untracked 
|  49|0x0000000083100000, 0x0000000083100000, 0x0000000083200000|  0%| F|  |TAMS 0x0000000083100000, 0x0000000083100000| Untracked 
|  50|0x0000000083200000, 0x0000000083200000, 0x0000000083300000|  0%| F|  |TAMS 0x0000000083200000, 0x0000000083200000| Untracked 
|  51|0x0000000083300000, 0x0000000083300000, 0x0000000083400000|  0%| F|  |TAMS 0x0000000083300000, 0x0000000083300000| Untracked 
|  52|0x0000000083400000, 0x0000000083400000, 0x0000000083500000|  0%| F|  |TAMS 0x0000000083400000, 0x0000000083400000| Untracked 
|  53|0x0000000083500000, 0x0000000083500000, 0x0000000083600000|  0%| F|  |TAMS 0x0000000083500000, 0x0000000083500000| Untracked 
|  54|0x0000000083600000, 0x0000000083600000, 0x0000000083700000|  0%| F|  |TAMS 0x0000000083600000, 0x0000000083600000| Untracked 
|  55|0x0000000083700000, 0x0000000083700000, 0x0000000083800000|  0%| F|  |TAMS 0x0000000083700000, 0x0000000083700000| Untracked 
|  56|0x0000000083800000, 0x0000000083800000, 0x0000000083900000|  0%| F|  |TAMS 0x0000000083800000, 0x0000000083800000| Untracked 
|  57|0x0000000083900000, 0x0000000083900000, 0x0000000083a00000|  0%| F|  |TAMS 0x0000000083900000, 0x0000000083900000| Untracked 
|  58|0x0000000083a00000, 0x0000000083a00000, 0x0000000083b00000|  0%| F|  |TAMS 0x0000000083a00000, 0x0000000083a00000| Untracked 
|  59|0x0000000083b00000, 0x0000000083b00000, 0x0000000083c00000|  0%| F|  |TAMS 0x0000000083b00000, 0x0000000083b00000| Untracked 
|  60|0x0000000083c00000, 0x0000000083c00000, 0x0000000083d00000|  0%| F|  |TAMS 0x0000000083c00000, 0x0000000083c00000| Untracked 
|  61|0x0000000083d00000, 0x0000000083d00000, 0x0000000083e00000|  0%| F|  |TAMS 0x0000000083d00000, 0x0000000083d00000| Untracked 
|  62|0x0000000083e00000, 0x0000000083e00000, 0x0000000083f00000|  0%| F|  |TAMS 0x0000000083e00000, 0x0000000083e00000| Untracked 
|  63|0x0000000083f00000, 0x0000000083f00000, 0x0000000084000000|  0%| F|  |TAMS 0x0000000083f00000, 0x0000000083f00000| Untracked 
|  64|0x0000000084000000, 0x0000000084000000, 0x0000000084100000|  0%| F|  |TAMS 0x0000000084000000, 0x0000000084000000| Untracked 
|  65|0x0000000084100000, 0x00000000841ffc10, 0x0000000084200000| 99%| E|  |TAMS 0x0000000084100000, 0x0000000084100000| Complete 
|  66|0x0000000084200000, 0x0000000084300000, 0x0000000084300000|100%| E|  |TAMS 0x0000000084200000, 0x0000000084200000| Complete 
|  67|0x0000000084300000, 0x0000000084400000, 0x0000000084400000|100%| E|CS|TAMS 0x0000000084300000, 0x0000000084300000| Complete 
|  68|0x0000000084400000, 0x0000000084500000, 0x0000000084500000|100%| E|CS|TAMS 0x0000000084400000, 0x0000000084400000| Complete 
|  69|0x0000000084500000, 0x0000000084600000, 0x0000000084600000|100%| E|CS|TAMS 0x0000000084500000, 0x0000000084500000| Complete 
|  70|0x0000000084600000, 0x0000000084700000, 0x0000000084700000|100%| E|CS|TAMS 0x0000000084600000, 0x0000000084600000| Complete 
|  71|0x0000000084700000, 0x0000000084800000, 0x0000000084800000|100%| E|CS|TAMS 0x0000000084700000, 0x0000000084700000| Complete 
|  72|0x0000000084800000, 0x0000000084900000, 0x0000000084900000|100%| E|CS|TAMS 0x0000000084800000, 0x0000000084800000| Complete 
|  73|0x0000000084900000, 0x0000000084a00000, 0x0000000084a00000|100%| E|CS|TAMS 0x0000000084900000, 0x0000000084900000| Complete 
|  74|0x0000000084a00000, 0x0000000084b00000, 0x0000000084b00000|100%| E|CS|TAMS 0x0000000084a00000, 0x0000000084a00000| Complete 
|  85|0x0000000085500000, 0x0000000085600000, 0x0000000085600000|100%| E|CS|TAMS 0x0000000085500000, 0x0000000085500000| Complete 
| 127|0x0000000087f00000, 0x0000000088000000, 0x0000000088000000|100%| E|CS|TAMS 0x0000000087f00000, 0x0000000087f00000| Complete 

Card table byte_map: [0x0000020973fa0000,0x00000209743a0000] _byte_map_base: 0x0000020973ba0000

Marking Bits (Prev, Next): (CMBitMap*) 0x000002096e7a0720, (CMBitMap*) 0x000002096e7a06e0
 Prev Bits: [0x00000209767a0000, 0x00000209787a0000)
 Next Bits: [0x00000209747a0000, 0x00000209767a0000)

Polling page: 0x000002096e5a0000

Metaspace:

Usage:
  Non-class:     25.76 MB used.
      Class:      2.97 MB used.
       Both:     28.74 MB used.

Virtual space:
  Non-class space:       64.00 MB reserved,      25.94 MB ( 41%) committed,  1 nodes.
      Class space:        1.00 GB reserved,       3.13 MB ( <1%) committed,  1 nodes.
             Both:        1.06 GB reserved,      29.06 MB (  3%) committed. 

Chunk freelists:
   Non-Class:  5.81 MB
       Class:  12.89 MB
        Both:  18.70 MB

MaxMetaspaceSize: unlimited
CompressedClassSpaceSize: 1.00 GB
Initial GC threshold: 21.00 MB
Current GC threshold: 35.13 MB
CDS: off
MetaspaceReclaimPolicy: balanced
 - commit_granule_bytes: 65536.
 - commit_granule_words: 8192.
 - virtual_space_node_default_size: 8388608.
 - enlarge_chunks_in_place: 1.
 - new_chunks_are_fully_committed: 0.
 - uncommit_free_chunks: 1.
 - use_allocation_guard: 0.
 - handle_deallocations: 1.


Internal statistics:

num_allocs_failed_limit: 3.
num_arena_births: 324.
num_arena_deaths: 0.
num_vsnodes_births: 2.
num_vsnodes_deaths: 0.
num_space_committed: 465.
num_space_uncommitted: 0.
num_chunks_returned_to_freelist: 3.
num_chunks_taken_from_freelist: 895.
num_chunk_merges: 3.
num_chunk_splits: 630.
num_chunks_enlarged: 457.
num_inconsistent_stats: 0.

CodeHeap 'non-profiled nmethods': size=120000Kb used=1991Kb max_used=1991Kb free=118008Kb
 bounds [0x0000020907ad0000, 0x0000020907d40000, 0x000002090f000000]
CodeHeap 'profiled nmethods': size=120000Kb used=6638Kb max_used=6638Kb free=113361Kb
 bounds [0x0000020900000000, 0x0000020900680000, 0x0000020907530000]
CodeHeap 'non-nmethods': size=5760Kb used=2248Kb max_used=2265Kb free=3511Kb
 bounds [0x0000020907530000, 0x00000209077a0000, 0x0000020907ad0000]
 total_blobs=4225 nmethods=3482 adapters=655
 compilation: enabled
              stopped_count=0, restarted_count=0
 full_count=0

Compilation events (20 events):
Event: 9.459 Thread 0x000002097f0b7bd0 3466       3       com.sun.beans.util.Cache$Kind$Soft::getReferent (5 bytes)
Event: 9.459 Thread 0x000002097f0b7bd0 nmethod 3466 0x0000020900674590 code [0x0000020900674720, 0x00000209006748c8]
Event: 9.459 Thread 0x000002097f0b7bd0 3467       3       java.util.TreeMap$ValueIterator::next (8 bytes)
Event: 9.459 Thread 0x000002097f0b7bd0 nmethod 3467 0x0000020900674990 code [0x0000020900674b40, 0x0000020900674c88]
Event: 9.460 Thread 0x000002097f0b7bd0 3468       3       sun.reflect.generics.scope.ClassScope::make (9 bytes)
Event: 9.460 Thread 0x000002097f0b7bd0 nmethod 3468 0x0000020900674d90 code [0x0000020900674f40, 0x00000209006751f8]
Event: 9.460 Thread 0x000002097f0b7bd0 3469       3       sun.reflect.generics.scope.ClassScope::<init> (6 bytes)
Event: 9.460 Thread 0x000002097f0b7bd0 nmethod 3469 0x0000020900675310 code [0x00000209006754c0, 0x00000209006756d8]
Event: 9.460 Thread 0x000002097f0b7bd0 3470       3       sun.reflect.annotation.AnnotationType::getInstance (65 bytes)
Event: 9.461 Thread 0x000002097f0b7bd0 nmethod 3470 0x0000020900675790 code [0x0000020900675980, 0x0000020900675ef8]
Event: 9.461 Thread 0x000002097f0b7bd0 3471       3       java.lang.System$2::getAnnotationType (5 bytes)
Event: 9.461 Thread 0x000002097f0b7bd0 nmethod 3471 0x0000020900676190 code [0x0000020900676320, 0x0000020900676458]
Event: 9.461 Thread 0x000002097f0b7bd0 3472       1       sun.reflect.annotation.AnnotationType::memberTypes (5 bytes)
Event: 9.461 Thread 0x000002097f0b7bd0 nmethod 3472 0x0000020907cc0490 code [0x0000020907cc0620, 0x0000020907cc06f8]
Event: 9.461 Thread 0x000002097f0b7bd0 3473       1       sun.reflect.annotation.AnnotationType::memberDefaults (5 bytes)
Event: 9.461 Thread 0x000002097f0b7bd0 nmethod 3473 0x0000020907cc0790 code [0x0000020907cc0920, 0x0000020907cc09f8]
Event: 9.461 Thread 0x000002097f0b7bd0 3474       1       sun.reflect.annotation.AnnotationType::retention (5 bytes)
Event: 9.461 Thread 0x000002097f0b7bd0 nmethod 3474 0x0000020907cc0a90 code [0x0000020907cc0c20, 0x0000020907cc0cf8]
Event: 9.462 Thread 0x000002097f0b7bd0 3475       3       jdk.internal.org.objectweb.asm.MethodWriter::putFrame (549 bytes)
Event: 9.464 Thread 0x000002097f0b7bd0 nmethod 3475 0x0000020900676510 code [0x0000020900676960, 0x0000020900678458]

GC Heap History (12 events):
Event: 0.948 GC heap before
{Heap before GC invocations=0 (full 0):
 garbage-first heap   total 131072K, used 14336K [0x0000000080000000, 0x0000000100000000)
  region size 1024K, 13 young (13312K), 0 survivors (0K)
 Metaspace       used 4817K, committed 4928K, reserved 1114112K
  class space    used 387K, committed 448K, reserved 1048576K
}
Event: 0.965 GC heap after
{Heap after GC invocations=1 (full 0):
 garbage-first heap   total 131072K, used 11307K [0x0000000080000000, 0x0000000100000000)
  region size 1024K, 2 young (2048K), 2 survivors (2048K)
 Metaspace       used 4817K, committed 4928K, reserved 1114112K
  class space    used 387K, committed 448K, reserved 1048576K
}
Event: 1.434 GC heap before
{Heap before GC invocations=1 (full 0):
 garbage-first heap   total 131072K, used 19499K [0x0000000080000000, 0x0000000100000000)
  region size 1024K, 10 young (10240K), 2 survivors (2048K)
 Metaspace       used 6751K, committed 6976K, reserved 1114112K
  class space    used 523K, committed 640K, reserved 1048576K
}
Event: 1.437 GC heap after
{Heap after GC invocations=2 (full 0):
 garbage-first heap   total 131072K, used 14973K [0x0000000080000000, 0x0000000100000000)
  region size 1024K, 2 young (2048K), 2 survivors (2048K)
 Metaspace       used 6751K, committed 6976K, reserved 1114112K
  class space    used 523K, committed 640K, reserved 1048576K
}
Event: 2.735 GC heap before
{Heap before GC invocations=2 (full 0):
 garbage-first heap   total 131072K, used 29309K [0x0000000080000000, 0x0000000100000000)
  region size 1024K, 17 young (17408K), 2 survivors (2048K)
 Metaspace       used 10575K, committed 10688K, reserved 1114112K
  class space    used 907K, committed 960K, reserved 1048576K
}
Event: 2.740 GC heap after
{Heap after GC invocations=3 (full 0):
 garbage-first heap   total 131072K, used 16531K [0x0000000080000000, 0x0000000100000000)
  region size 1024K, 2 young (2048K), 2 survivors (2048K)
 Metaspace       used 10575K, committed 10688K, reserved 1114112K
  class space    used 907K, committed 960K, reserved 1048576K
}
Event: 6.134 GC heap before
{Heap before GC invocations=3 (full 0):
 garbage-first heap   total 131072K, used 87187K [0x0000000080000000, 0x0000000100000000)
  region size 1024K, 71 young (72704K), 2 survivors (2048K)
 Metaspace       used 20326K, committed 20608K, reserved 1114112K
  class space    used 2080K, committed 2240K, reserved 1048576K
}
Event: 6.149 GC heap after
{Heap after GC invocations=4 (full 0):
 garbage-first heap   total 131072K, used 21889K [0x0000000080000000, 0x0000000100000000)
  region size 1024K, 7 young (7168K), 7 survivors (7168K)
 Metaspace       used 20326K, committed 20608K, reserved 1114112K
  class space    used 2080K, committed 2240K, reserved 1048576K
}
Event: 6.870 GC heap before
{Heap before GC invocations=4 (full 0):
 garbage-first heap   total 131072K, used 63873K [0x0000000080000000, 0x0000000100000000)
  region size 1024K, 49 young (50176K), 7 survivors (7168K)
 Metaspace       used 21288K, committed 21504K, reserved 1114112K
  class space    used 2169K, committed 2304K, reserved 1048576K
}
Event: 6.883 GC heap after
{Heap after GC invocations=5 (full 0):
 garbage-first heap   total 131072K, used 22310K [0x0000000080000000, 0x0000000100000000)
  region size 1024K, 1 young (1024K), 1 survivors (1024K)
 Metaspace       used 21288K, committed 21504K, reserved 1114112K
  class space    used 2169K, committed 2304K, reserved 1048576K
}
Event: 9.418 GC heap before
{Heap before GC invocations=6 (full 0):
 garbage-first heap   total 78848K, used 68390K [0x0000000080000000, 0x0000000100000000)
  region size 1024K, 46 young (47104K), 1 survivors (1024K)
 Metaspace       used 28731K, committed 29056K, reserved 1114112K
  class space    used 3029K, committed 3200K, reserved 1048576K
}
Event: 9.433 GC heap after
{Heap after GC invocations=7 (full 0):
 garbage-first heap   total 78848K, used 25571K [0x0000000080000000, 0x0000000100000000)
  region size 1024K, 5 young (5120K), 5 survivors (5120K)
 Metaspace       used 28731K, committed 29056K, reserved 1114112K
  class space    used 3029K, committed 3200K, reserved 1048576K
}

Dll operation events (6 events):
Event: 0.014 Loaded shared library C:\Users\Admin\.katalon\packages\KS-9.7.2\jre\bin\java.dll
Event: 0.547 Loaded shared library C:\Users\Admin\.katalon\packages\KS-9.7.2\jre\bin\net.dll
Event: 0.550 Loaded shared library C:\Users\Admin\.katalon\packages\KS-9.7.2\jre\bin\nio.dll
Event: 0.568 Loaded shared library C:\Users\Admin\.katalon\packages\KS-9.7.2\jre\bin\zip.dll
Event: 1.673 Loaded shared library C:\Users\Admin\.katalon\packages\KS-9.7.2\jre\bin\verify.dll
Event: 2.323 Loaded shared library C:\Users\Admin\.katalon\packages\KS-9.7.2\jre\bin\jimage.dll

Deoptimization events (20 events):
Event: 9.164 Thread 0x000002096e744e20 DEOPT PACKING pc=0x0000020907c6fe18 sp=0x000000300cafd920
Event: 9.164 Thread 0x000002096e744e20 DEOPT UNPACKING pc=0x00000209075869a3 sp=0x000000300cafd898 mode 2
Event: 9.165 Thread 0x000002096e744e20 Uncommon trap: trap_request=0xffffff45 fr.pc=0x0000020907b3476c relative=0x0000000000001aec
Event: 9.165 Thread 0x000002096e744e20 Uncommon trap: reason=unstable_if action=reinterpret pc=0x0000020907b3476c method=java.io.WinNTFileSystem.normalize(Ljava/lang/String;)Ljava/lang/String; @ 128 c2
Event: 9.165 Thread 0x000002096e744e20 DEOPT PACKING pc=0x0000020907b3476c sp=0x000000300cafd230
Event: 9.165 Thread 0x000002096e744e20 DEOPT UNPACKING pc=0x00000209075869a3 sp=0x000000300cafd208 mode 2
Event: 9.188 Thread 0x000002096e744e20 Uncommon trap: trap_request=0xffffff45 fr.pc=0x0000020907c436d0 relative=0x0000000000000050
Event: 9.188 Thread 0x000002096e744e20 Uncommon trap: reason=unstable_if action=reinterpret pc=0x0000020907c436d0 method=java.util.stream.StreamOpFlag.fromCharacteristics(Ljava/util/Spliterator;)I @ 10 c2
Event: 9.188 Thread 0x000002096e744e20 DEOPT PACKING pc=0x0000020907c436d0 sp=0x000000300cafda30
Event: 9.188 Thread 0x000002096e744e20 DEOPT UNPACKING pc=0x00000209075869a3 sp=0x000000300cafd9c8 mode 2
Event: 9.199 Thread 0x000002096e744e20 DEOPT PACKING pc=0x00000209006504f5 sp=0x000000300cafc180
Event: 9.199 Thread 0x000002096e744e20 DEOPT UNPACKING pc=0x0000020907587143 sp=0x000000300cafb620 mode 0
Event: 9.341 Thread 0x000002096e744e20 DEOPT PACKING pc=0x000002090047ca9c sp=0x000000300cafc3a0
Event: 9.341 Thread 0x000002096e744e20 DEOPT UNPACKING pc=0x0000020907587143 sp=0x000000300cafb888 mode 0
Event: 9.350 Thread 0x000002096e744e20 DEOPT PACKING pc=0x000002090047ca9c sp=0x000000300cafc060
Event: 9.350 Thread 0x000002096e744e20 DEOPT UNPACKING pc=0x0000020907587143 sp=0x000000300cafb548 mode 0
Event: 9.360 Thread 0x000002096e744e20 DEOPT PACKING pc=0x000002090047ca9c sp=0x000000300cafc220
Event: 9.360 Thread 0x000002096e744e20 DEOPT UNPACKING pc=0x0000020907587143 sp=0x000000300cafb708 mode 0
Event: 9.451 Thread 0x000002096e744e20 DEOPT PACKING pc=0x00000209006066b8 sp=0x000000300cafc1b0
Event: 9.451 Thread 0x000002096e744e20 DEOPT UNPACKING pc=0x0000020907587143 sp=0x000000300cafb6c8 mode 0

Classes unloaded (0 events):
No events

Classes redefined (0 events):
No events

Internal exceptions (20 events):
Event: 8.614 Thread 0x000002096e744e20 Exception <a 'java/lang/ClassNotFoundException'{0x000000008324f638}: sun/net/www/protocol/c/Handler> (0x000000008324f638) 
thrown [s\src\hotspot\share\classfile\systemDictionary.cpp, line 256]
Event: 8.615 Thread 0x000002096e744e20 Exception <a 'java/lang/ClassNotFoundException'{0x0000000083253240}: sun/net/www/protocol/c/Handler> (0x0000000083253240) 
thrown [s\src\hotspot\share\classfile\systemDictionary.cpp, line 256]
Event: 8.616 Thread 0x000002096e744e20 Exception <a 'java/lang/ClassNotFoundException'{0x0000000083256e68}: sun/net/www/protocol/c/Handler> (0x0000000083256e68) 
thrown [s\src\hotspot\share\classfile\systemDictionary.cpp, line 256]
Event: 8.617 Thread 0x000002096e744e20 Exception <a 'java/lang/ClassNotFoundException'{0x000000008325aa68}: sun/net/www/protocol/c/Handler> (0x000000008325aa68) 
thrown [s\src\hotspot\share\classfile\systemDictionary.cpp, line 256]
Event: 8.617 Thread 0x000002096e744e20 Exception <a 'java/lang/ClassNotFoundException'{0x000000008325f8e8}: sun/net/www/protocol/c/Handler> (0x000000008325f8e8) 
thrown [s\src\hotspot\share\classfile\systemDictionary.cpp, line 256]
Event: 8.618 Thread 0x000002096e744e20 Exception <a 'java/lang/ClassNotFoundException'{0x00000000832634f0}: sun/net/www/protocol/c/Handler> (0x00000000832634f0) 
thrown [s\src\hotspot\share\classfile\systemDictionary.cpp, line 256]
Event: 8.620 Thread 0x000002096e744e20 Exception <a 'java/lang/ClassNotFoundException'{0x0000000083267118}: sun/net/www/protocol/c/Handler> (0x0000000083267118) 
thrown [s\src\hotspot\share\classfile\systemDictionary.cpp, line 256]
Event: 8.620 Thread 0x000002096e744e20 Exception <a 'java/lang/ClassNotFoundException'{0x000000008326ad48}: sun/net/www/protocol/c/Handler> (0x000000008326ad48) 
thrown [s\src\hotspot\share\classfile\systemDictionary.cpp, line 256]
Event: 8.621 Thread 0x000002096e744e20 Exception <a 'java/lang/ClassNotFoundException'{0x000000008326e950}: sun/net/www/protocol/c/Handler> (0x000000008326e950) 
thrown [s\src\hotspot\share\classfile\systemDictionary.cpp, line 256]
Event: 8.622 Thread 0x000002096e744e20 Exception <a 'java/lang/ClassNotFoundException'{0x0000000083272550}: sun/net/www/protocol/c/Handler> (0x0000000083272550) 
thrown [s\src\hotspot\share\classfile\systemDictionary.cpp, line 256]
Event: 8.623 Thread 0x000002096e744e20 Exception <a 'java/lang/ClassNotFoundException'{0x0000000083276178}: sun/net/www/protocol/c/Handler> (0x0000000083276178) 
thrown [s\src\hotspot\share\classfile\systemDictionary.cpp, line 256]
Event: 8.623 Thread 0x000002096e744e20 Exception <a 'java/lang/ClassNotFoundException'{0x0000000083279dd0}: sun/net/www/protocol/c/Handler> (0x0000000083279dd0) 
thrown [s\src\hotspot\share\classfile\systemDictionary.cpp, line 256]
Event: 9.201 Thread 0x000002096e744e20 Exception <a 'java/lang/ClassNotFoundException'{0x0000000082ab8508}: com/kms/katalon/core/ast/RequireAstTestStepTransformationBeanInfo> (0x0000000082ab8508) 
thrown [s\src\hotspot\share\classfile\systemDictionary.cpp, line 256]
Event: 9.224 Thread 0x000002096e744e20 Exception <a 'java/lang/ClassNotFoundException'{0x0000000082ad5b90}: com/kms/katalon/core/ast/RequireAstTestStepTransformationCustomizer> (0x0000000082ad5b90) 
thrown [s\src\hotspot\share\classfile\systemDictionary.cpp, line 256]
Event: 9.240 Thread 0x000002096e744e20 Exception <a 'java/lang/ClassNotFoundException'{0x0000000082928f30}: java/lang/ClassBeanInfo> (0x0000000082928f30) 
thrown [s\src\hotspot\share\classfile\systemDictionary.cpp, line 256]
Event: 9.243 Thread 0x000002096e744e20 Exception <a 'java/lang/ClassNotFoundException'{0x0000000082938098}: java/lang/ClassCustomizer> (0x0000000082938098) 
thrown [s\src\hotspot\share\classfile\systemDictionary.cpp, line 256]
Event: 9.359 Thread 0x000002096e744e20 Exception <a 'java/lang/ClassNotFoundException'{0x00000000824cc910}: org/codehaus/groovy/control/customizers/ASTTransformationCustomizerBeanInfo> (0x00000000824cc910) 
thrown [s\src\hotspot\share\classfile\systemDictionary.cpp, line 256]
Event: 9.417 Thread 0x000002096e744e20 Exception <a 'java/lang/ClassNotFoundException'{0x0000000081fd4ca8}: org/codehaus/groovy/control/customizers/CompilationCustomizerBeanInfo> (0x0000000081fd4ca8) 
thrown [s\src\hotspot\share\classfile\systemDictionary.cpp, line 256]
Event: 9.444 Thread 0x000002096e744e20 Exception <a 'java/lang/ClassNotFoundException'{0x00000000848dd5e8}: org/codehaus/groovy/control/customizers/CompilationCustomizerCustomizer> (0x00000000848dd5e8) 
thrown [s\src\hotspot\share\classfile\systemDictionary.cpp, line 256]
Event: 9.458 Thread 0x000002096e744e20 Exception <a 'java/lang/ClassNotFoundException'{0x00000000843e9218}: org/codehaus/groovy/control/customizers/ASTTransformationCustomizerCustomizer> (0x00000000843e9218) 
thrown [s\src\hotspot\share\classfile\systemDictionary.cpp, line 256]

VM Operations (20 events):
Event: 7.706 Executing VM operation: HandshakeAllThreads
Event: 7.706 Executing VM operation: HandshakeAllThreads done
Event: 7.807 Executing VM operation: HandshakeAllThreads
Event: 7.807 Executing VM operation: HandshakeAllThreads done
Event: 8.115 Executing VM operation: HandshakeAllThreads
Event: 8.115 Executing VM operation: HandshakeAllThreads done
Event: 8.115 Executing VM operation: Cleanup
Event: 8.115 Executing VM operation: Cleanup done
Event: 8.390 Executing VM operation: HandshakeAllThreads
Event: 8.390 Executing VM operation: HandshakeAllThreads done
Event: 8.570 Executing VM operation: HandshakeAllThreads
Event: 8.570 Executing VM operation: HandshakeAllThreads done
Event: 9.118 Executing VM operation: HandshakeAllThreads
Event: 9.118 Executing VM operation: HandshakeAllThreads done
Event: 9.118 Executing VM operation: Cleanup
Event: 9.118 Executing VM operation: Cleanup done
Event: 9.123 Executing VM operation: HandshakeAllThreads
Event: 9.123 Executing VM operation: HandshakeAllThreads done
Event: 9.418 Executing VM operation: G1CollectForAllocation
Event: 9.433 Executing VM operation: G1CollectForAllocation done

Events (20 events):
Event: 9.177 loading class java/nio/file/FileTreeIterator done
Event: 9.178 loading class sun/nio/fs/WindowsDirectoryStream
Event: 9.178 loading class sun/nio/fs/WindowsDirectoryStream done
Event: 9.178 loading class sun/nio/fs/WindowsDirectoryStream$WindowsDirectoryIterator
Event: 9.179 loading class sun/nio/fs/WindowsDirectoryStream$WindowsDirectoryIterator done
Event: 9.187 loading class java/util/stream/Streams$RangeIntSpliterator
Event: 9.188 loading class java/util/stream/Streams$RangeIntSpliterator done
Event: 9.191 loading class java/util/stream/IntPipeline$1
Event: 9.191 loading class java/util/stream/IntPipeline$1 done
Event: 9.192 loading class java/util/stream/IntPipeline$1$1
Event: 9.192 loading class java/util/stream/IntPipeline$1$1 done
Event: 9.238 loading class java/lang/ClassBeanInfo
Event: 9.238 loading class java/lang/ClassBeanInfo done
Event: 9.240 loading class java/lang/ClassBeanInfo
Event: 9.240 loading class java/lang/ClassBeanInfo done
Event: 9.241 loading class java/lang/ClassCustomizer
Event: 9.241 loading class java/lang/ClassCustomizer done
Event: 9.243 loading class java/lang/ClassCustomizer
Event: 9.243 loading class java/lang/ClassCustomizer done
Event: 9.338 Thread 0x0000020910bdbd30 Thread added: 0x0000020910bdbd30


Dynamic libraries:
0x00007ff76bbf0000 - 0x00007ff76bbfe000 	C:\Users\Admin\.katalon\packages\KS-9.7.2\jre\bin\javaw.exe
0x00007ffd17a10000 - 0x00007ffd17bfe000 	C:\Windows\SYSTEM32\ntdll.dll
0x00007ffd17690000 - 0x00007ffd17743000 	C:\Windows\System32\KERNEL32.DLL
0x00007ffd13a70000 - 0x00007ffd13d0d000 	C:\Windows\System32\KERNELBASE.dll
0x00007ffd14880000 - 0x00007ffd1497a000 	C:\Windows\System32\ucrtbase.dll
0x00007ffd0cda0000 - 0x00007ffd0cdb7000 	C:\Users\Admin\.katalon\packages\KS-9.7.2\jre\bin\jli.dll
0x00007ffd0dbf0000 - 0x00007ffd0dc09000 	C:\Users\Admin\.katalon\packages\KS-9.7.2\jre\bin\VCRUNTIME140.dll
0x00007ffd14d10000 - 0x00007ffd14ea7000 	C:\Windows\System32\USER32.dll
0x00007ffd13d10000 - 0x00007ffd13d30000 	C:\Windows\System32\win32u.dll
0x00007ffd17880000 - 0x00007ffd178a9000 	C:\Windows\System32\GDI32.dll
0x00007ffd13d80000 - 0x00007ffd13f27000 	C:\Windows\System32\gdi32full.dll
0x00007ffd147e0000 - 0x00007ffd14880000 	C:\Windows\System32\msvcp_win.dll
0x00007ffcfd520000 - 0x00007ffcfd799000 	C:\Windows\WinSxS\amd64_microsoft.windows.common-controls_6595b64144ccf1df_6.0.17763.6659_none_de721f8a534a9678\COMCTL32.dll
0x00007ffd160b0000 - 0x00007ffd1614e000 	C:\Windows\System32\msvcrt.dll
0x00007ffd14eb0000 - 0x00007ffd151da000 	C:\Windows\System32\combase.dll
0x00007ffd156c0000 - 0x00007ffd157d8000 	C:\Windows\System32\RPCRT4.dll
0x00007ffd14ba0000 - 0x00007ffd14c22000 	C:\Windows\System32\bcryptPrimitives.dll
0x00007ffd17660000 - 0x00007ffd1768e000 	C:\Windows\System32\IMM32.DLL
0x00007ffd0fd20000 - 0x00007ffd0fd2c000 	C:\Users\Admin\.katalon\packages\KS-9.7.2\jre\bin\vcruntime140_1.dll
0x00007ffd02b80000 - 0x00007ffd02c11000 	C:\Users\Admin\.katalon\packages\KS-9.7.2\jre\bin\msvcp140.dll
0x00007ffc91a80000 - 0x00007ffc926c8000 	C:\Users\Admin\.katalon\packages\KS-9.7.2\jre\bin\server\jvm.dll
0x00007ffd177d0000 - 0x00007ffd17878000 	C:\Windows\System32\ADVAPI32.dll
0x00007ffd16000000 - 0x00007ffd160a2000 	C:\Windows\System32\sechost.dll
0x00007ffd13d30000 - 0x00007ffd13d56000 	C:\Windows\System32\bcrypt.dll
0x00007ffcf9de0000 - 0x00007ffcf9de9000 	C:\Windows\SYSTEM32\WSOCK32.dll
0x00007ffd17760000 - 0x00007ffd177cd000 	C:\Windows\System32\WS2_32.dll
0x00007ffd0e4d0000 - 0x00007ffd0e4f4000 	C:\Windows\SYSTEM32\WINMM.dll
0x00007ffd0db90000 - 0x00007ffd0db9a000 	C:\Windows\SYSTEM32\VERSION.dll
0x00007ffd0e4a0000 - 0x00007ffd0e4cd000 	C:\Windows\SYSTEM32\WINMMBASE.dll
0x00007ffd13f30000 - 0x00007ffd13f7a000 	C:\Windows\System32\cfgmgr32.dll
0x00007ffd13a50000 - 0x00007ffd13a61000 	C:\Windows\System32\kernel.appcore.dll
0x00007ffd02b10000 - 0x00007ffd02b1a000 	C:\Users\Admin\.katalon\packages\KS-9.7.2\jre\bin\jimage.dll
0x00007ffd12240000 - 0x00007ffd1242d000 	C:\Windows\SYSTEM32\DBGHELP.DLL
0x00007ffcfb0f0000 - 0x00007ffcfb11a000 	C:\Windows\SYSTEM32\dbgcore.DLL
0x00007ffcffed0000 - 0x00007ffcffef5000 	C:\Users\Admin\.katalon\packages\KS-9.7.2\jre\bin\java.dll
0x00007ffcff580000 - 0x00007ffcff598000 	C:\Users\Admin\.katalon\packages\KS-9.7.2\jre\bin\zip.dll
0x00007ffd16160000 - 0x00007ffd17658000 	C:\Windows\System32\SHELL32.dll
0x00007ffd15d20000 - 0x00007ffd15dc7000 	C:\Windows\System32\shcore.dll
0x00007ffd14090000 - 0x00007ffd147d8000 	C:\Windows\System32\windows.storage.dll
0x00007ffd139a0000 - 0x00007ffd139c3000 	C:\Windows\System32\profapi.dll
0x00007ffd139d0000 - 0x00007ffd13a2d000 	C:\Windows\System32\powrprof.dll
0x00007ffd178b0000 - 0x00007ffd17902000 	C:\Windows\System32\shlwapi.dll
0x00007ffd13d60000 - 0x00007ffd13d7b000 	C:\Windows\System32\cryptsp.dll
0x00007ffcf6eb0000 - 0x00007ffcf6ec9000 	C:\Users\Admin\.katalon\packages\KS-9.7.2\jre\bin\net.dll
0x00007ffd0a7d0000 - 0x00007ffd0a8cd000 	C:\Windows\SYSTEM32\WINHTTP.dll
0x00007ffd131a0000 - 0x00007ffd13207000 	C:\Windows\system32\mswsock.dll
0x00007ffcf6e90000 - 0x00007ffcf6ea5000 	C:\Users\Admin\.katalon\packages\KS-9.7.2\jre\bin\nio.dll
0x00007ffd02c40000 - 0x00007ffd02c50000 	C:\Users\Admin\.katalon\packages\KS-9.7.2\jre\bin\verify.dll

dbghelp: loaded successfully - version: 4.0.5 - missing functions: none
symbol engine: initialized successfully - sym options: 0x614 - pdb path: .;C:\Users\Admin\.katalon\packages\KS-9.7.2\jre\bin;C:\Windows\SYSTEM32;C:\Windows\WinSxS\amd64_microsoft.windows.common-controls_6595b64144ccf1df_6.0.17763.6659_none_de721f8a534a9678;C:\Users\Admin\.katalon\packages\KS-9.7.2\jre\bin\server

VM Arguments:
jvm_args: -Dgroovy.home=C:\Users\Admin/.groovy -Djava.system.class.loader=groovy.lang.GroovyClassLoader -Xmx2048m -Dfile.encoding=UTF-8 -XX:+ShowCodeDetailsInExceptionMessages 
java_command: org.codehaus.groovy.tools.GroovyStarter --classpath C:\Users\Admin\Katalon Studio\FisrtProject\bin\keyword;C:\Users\Admin\Katalon Studio\FisrtProject\Keywords;C:\Users\Admin\Katalon Studio\FisrtProject\bin\listener;C:\Users\Admin\Katalon Studio\FisrtProject\Test Listeners;C:\Users\Admin\Katalon Studio\FisrtProject\bin\lib;C:\Users\Admin\Katalon Studio\FisrtProject\Libs;C:\Users\Admin\Katalon Studio\FisrtProject\bin\groovy;C:\Users\Admin\Katalon Studio\FisrtProject\Include\scripts\groovy;C:\Users\Admin\.katalon\packages\KS-9.7.2\plugins\com.kms.katalon.core_1.0.0.202409190502.jar;C:\Users\Admin\.katalon\packages\KS-9.7.2\configuration\resources\lib\aalto-xml-1.0.0.jar;C:\Users\Admin\.katalon\packages\KS-9.7.2\configuration\resources\lib\aspectjweaver-1.9.1.jar;C:\Users\Admin\.katalon\packages\KS-9.7.2\configuration\resources\lib\aws-2.20.3-fat.jar;C:\Users\Admin\.katalon\packages\KS-9.7.2\configuration\resources\lib\bcpkix-jdk15on-1.64.jar;C:\Users\Admin\.katalon\packages\KS-9.7.2\configuration\resources\lib\bcprov-jdk15on-1.64.jar;C:\Users\Admin\.katalon\packages\KS-9.7.2\configuration\resources\lib\browsermob-core-2.1.5.jar;C:\Users\Admin\.katalon\packages\KS-9.7.2\configuration\resources\lib\byte-buddy-1.14.3.jar;C:\Users\Admin\.katalon\packages\KS-9.7.2\configuration\resources\lib\byte-buddy-agent-1.14.3.jar;C:\Users\Admin\.katalon\packages\KS-9.7.2\configuration\resources\lib\cglib-3.2.10.jar;C:\Users\Admin\.katalon\packages\KS-9.7.2\configuration\resources\lib\commons-codec-1.10.jar;C:\Users\Admin\.katalon\packages\KS-9.7.2\configuration\resources\lib\commons-collections4-4.1.jar;C:\Users\Admin\.katalon\packages\KS-9.7.2\configuration\resources\lib\commons-validator-1.6.jar;C:\Users\Admin\.katalon\packages\KS-9.7.2\configuration\resources\lib\curvesapi-1.04.jar;C:\Users\Admin\.katalon\packages\KS-9.7.2\configuration\resources\lib\dnsjava-2.1.8.jar;C:\Users\Admin\.katalon\packages\KS-9.7.2\configuration\resources\lib\groovy-3.0.17-fat.jar;C:\User
java_class_path (initial): C:\Users\Admin\Katalon Studio\FisrtProject\bin\keyword;C:\Users\Admin\Katalon Studio\FisrtProject\bin\listener;C:\Users\Admin\Katalon Studio\FisrtProject\bin\lib;C:\Users\Admin\Katalon Studio\FisrtProject\bin\groovy;C:\Users\Admin\Katalon Studio\FisrtProject\bin;C:\Users\Admin\.katalon\packages\KS-9.7.2\plugins\com.kms.katalon.core_1.0.0.202409190502.jar;C:\Users\Admin\.katalon\packages\KS-9.7.2\configuration\resources\lib\aalto-xml-1.0.0.jar;C:\Users\Admin\.katalon\packages\KS-9.7.2\configuration\resources\lib\aspectjweaver-1.9.1.jar;C:\Users\Admin\.katalon\packages\KS-9.7.2\configuration\resources\lib\aws-2.20.3-fat.jar;C:\Users\Admin\.katalon\packages\KS-9.7.2\configuration\resources\lib\bcpkix-jdk15on-1.64.jar;C:\Users\Admin\.katalon\packages\KS-9.7.2\configuration\resources\lib\bcprov-jdk15on-1.64.jar;C:\Users\Admin\.katalon\packages\KS-9.7.2\configuration\resources\lib\browsermob-core-2.1.5.jar;C:\Users\Admin\.katalon\packages\KS-9.7.2\configuration\resources\lib\byte-buddy-1.14.3.jar;C:\Users\Admin\.katalon\packages\KS-9.7.2\configuration\resources\lib\byte-buddy-agent-1.14.3.jar;C:\Users\Admin\.katalon\packages\KS-9.7.2\configuration\resources\lib\cglib-3.2.10.jar;C:\Users\Admin\.katalon\packages\KS-9.7.2\configuration\resources\lib\commons-codec-1.10.jar;C:\Users\Admin\.katalon\packages\KS-9.7.2\configuration\resources\lib\commons-collections4-4.1.jar;C:\Users\Admin\.katalon\packages\KS-9.7.2\configuration\resources\lib\commons-validator-1.6.jar;C:\Users\Admin\.katalon\packages\KS-9.7.2\configuration\resources\lib\curvesapi-1.04.jar;C:\Users\Admin\.katalon\packages\KS-9.7.2\configuration\resources\lib\dnsjava-2.1.8.jar;C:\Users\Admin\.katalon\packages\KS-9.7.2\configuration\resources\lib\groovy-3.0.17-fat.jar;C:\Users\Admin\.katalon\packages\KS-9.7.2\configuration\resources\lib\jackson-coreutils-2.0.jar;C:\Users\Admin\.katalon\packages\KS-9.7.2\configuration\resources\lib\jackson-coreutils-equivalence-1.0.jar;C:\Users\Admin\.kat
Launcher Type: SUN_STANDARD

[Global flags]
     intx CICompilerCount                          = 3                                         {product} {ergonomic}
     uint ConcGCThreads                            = 1                                         {product} {ergonomic}
     uint G1ConcRefinementThreads                  = 4                                         {product} {ergonomic}
   size_t G1HeapRegionSize                         = 1048576                                   {product} {ergonomic}
    uintx GCDrainStackTargetSize                   = 64                                        {product} {ergonomic}
   size_t InitialHeapSize                          = 134217728                                 {product} {ergonomic}
   size_t MarkStackSize                            = 4194304                                   {product} {ergonomic}
   size_t MaxHeapSize                              = 2147483648                                {product} {command line}
   size_t MaxNewSize                               = 1287651328                                {product} {ergonomic}
   size_t MinHeapDeltaBytes                        = 1048576                                   {product} {ergonomic}
   size_t MinHeapSize                              = 8388608                                   {product} {ergonomic}
    uintx NonNMethodCodeHeapSize                   = 5832780                                {pd product} {ergonomic}
    uintx NonProfiledCodeHeapSize                  = 122912730                              {pd product} {ergonomic}
    uintx ProfiledCodeHeapSize                     = 122912730                              {pd product} {ergonomic}
    uintx ReservedCodeCacheSize                    = 251658240                              {pd product} {ergonomic}
     bool SegmentedCodeCache                       = true                                      {product} {ergonomic}
     bool ShowCodeDetailsInExceptionMessages       = true                                   {manageable} {command line}
   size_t SoftMaxHeapSize                          = 2147483648                             {manageable} {ergonomic}
     bool UseCompressedClassPointers               = true                           {product lp64_product} {ergonomic}
     bool UseCompressedOops                        = true                           {product lp64_product} {ergonomic}
     bool UseG1GC                                  = true                                      {product} {ergonomic}
     bool UseLargePagesIndividualAllocation        = false                                  {pd product} {ergonomic}

Logging:
Log output configuration:
 #0: stdout all=warning uptime,level,tags
 #1: stderr all=off uptime,level,tags

Environment Variables:
JAVA_HOME=C:\Users\Admin\.katalon\packages\KS-9.7.2\jre
PATH=C:/Users/Admin/.katalon/packages/KS-9.7.2/jre/bin/server;C:/Users/Admin/.katalon/packages/KS-9.7.2/jre/bin;C:\Program Files\Common Files\Oracle\Java\javapath;C:\Windows\system32;C:\Windows;C:\Windows\System32\Wbem;C:\Windows\System32\WindowsPowerShell\v1.0\;C:\Windows\System32\OpenSSH\;C:\Program Files\Microsoft SQL Server\Client SDK\ODBC\170\Tools\Binn\;C:\Program Files (x86)\Microsoft SQL Server\150\Tools\Binn\;C:\Program Files\Microsoft SQL Server\150\Tools\Binn\;C:\Program Files\Microsoft SQL Server\150\DTS\Binn\;C:\Program Files (x86)\STMicroelectronics\STM32 ST-LINK Utility\ST-LINK Utility;C:\Program Files\nodejs\;C:\Users\Admin\AppData\Local\Microsoft\WindowsApps;C:\Program Files\JetBrains\IntelliJ IDEA Community Edition 2024.1.4\bin;;C:\Users\Admin\AppData\Roaming\npm;C:\Users\Admin\.katalon\packages\KS-9.7.2;:C:\Users\Admin\.katalon\packages\KS-9.7.2\jre\bin
USERNAME=Admin
OS=Windows_NT
PROCESSOR_IDENTIFIER=Intel64 Family 6 Model 142 Stepping 9, GenuineIntel
TMP=C:\Users\Admin\AppData\Local\Temp
TEMP=C:\Users\Admin\AppData\Local\Temp



---------------  S Y S T E M  ---------------

OS:
 Windows 10 , 64 bit Build 17763 (10.0.17763.6292)
OS uptime: 0 days 3:38 hours
Hyper-V role detected

CPU: total 4 (initial active 4) (2 cores per cpu, 2 threads per core) family 6 model 142 stepping 9 microcode 0xea, cx8, cmov, fxsr, ht, mmx, 3dnowpref, sse, sse2, sse3, ssse3, sse4.1, sse4.2, popcnt, lzcnt, tsc, tscinvbit, avx, avx2, aes, erms, clmul, bmi1, bmi2, adx, fma, vzeroupper, clflush, clflushopt, hv

Memory: 4k page, system-wide physical 8090M (944M free)
TotalPageFile size 13149M (AvailPageFile size 13M)
current process WorkingSet (physical memory assigned to process): 182M, peak: 191M
current process commit charge ("private bytes"): 216M, peak: 259M

vm_info: OpenJDK 64-Bit Server VM (17.0.7+7) for windows-amd64 JRE (17.0.7+7), built on Apr 18 2023 22:10:42 by "temurin" with MS VC++ 16.7 (VS2019)

END.
