#
# There is insufficient memory for the Java Runtime Environment to continue.
# Native memory allocation (malloc) failed to allocate 1327376 bytes for Chunk::new
# Possible reasons:
#   The system is out of physical RAM or swap space
#   The process is running with CompressedOops enabled, and the Java Heap may be blocking the growth of the native heap
# Possible solutions:
#   Reduce memory load on the system
#   Increase physical memory or swap space
#   Check if swap backing store is full
#   Decrease Java heap size (-Xmx/-Xms)
#   Decrease number of Java threads
#   Decrease Java thread stack sizes (-Xss)
#   Set larger code cache with -XX:ReservedCodeCacheSize=
#   JVM is running with Unscaled Compressed Oops mode in which the Java heap is
#     placed in the first 4GB address space. The Java Heap base address is the
#     maximum limit for the native heap growth. Please use -XX:HeapBaseMinAddress
#     to set the Java Heap base and to place the Java Heap above 4GB virtual address.
# This output file may be truncated or incomplete.
#
#  Out of Memory Error (arena.cpp:189), pid=13056, tid=412
#
# JRE version: OpenJDK Runtime Environment Temurin-17.0.7+7 (17.0.7+7) (build 17.0.7+7)
# Java VM: OpenJDK 64-Bit Server VM Temurin-17.0.7+7 (17.0.7+7, mixed mode, tiered, compressed oops, compressed class ptrs, g1 gc, windows-amd64)
# No core dump will be written. Minidumps are not enabled by default on client versions of Windows
#

---------------  S U M M A R Y ------------

Command Line: -Dgroovy.home=C:\Users\Admin/.groovy -Djava.system.class.loader=groovy.lang.GroovyClassLoader -Xmx2048m -Dfile.encoding=UTF-8 -XX:+ShowCodeDetailsInExceptionMessages org.codehaus.groovy.tools.GroovyStarter --classpath C:\Users\Admin\Katalon Studio\FisrtProject\bin\keyword;C:\Users\Admin\Katalon Studio\FisrtProject\Keywords;C:\Users\Admin\Katalon Studio\FisrtProject\bin\listener;C:\Users\Admin\Katalon Studio\FisrtProject\Test Listeners;C:\Users\Admin\Katalon Studio\FisrtProject\bin\lib;C:\Users\Admin\Katalon Studio\FisrtProject\Libs;C:\Users\Admin\Katalon Studio\FisrtProject\bin\groovy;C:\Users\Admin\Katalon Studio\FisrtProject\Include\scripts\groovy;C:\Users\Admin\.katalon\packages\KS-9.7.2\plugins\com.kms.katalon.core_1.0.0.202409190502.jar;C:\Users\Admin\.katalon\packages\KS-9.7.2\configuration\resources\lib\aalto-xml-1.0.0.jar;C:\Users\Admin\.katalon\packages\KS-9.7.2\configuration\resources\lib\aspectjweaver-1.9.1.jar;C:\Users\Admin\.katalon\packages\KS-9.7.2\configuration\resources\lib\aws-2.20.3-fat.jar;C:\Users\Admin\.katalon\packages\KS-9.7.2\configuration\resources\lib\bcpkix-jdk15on-1.64.jar;C:\Users\Admin\.katalon\packages\KS-9.7.2\configuration\resources\lib\bcprov-jdk15on-1.64.jar;C:\Users\Admin\.katalon\packages\KS-9.7.2\configuration\resources\lib\browsermob-core-2.1.5.jar;C:\Users\Admin\.katalon\packages\KS-9.7.2\configuration\resources\lib\byte-buddy-1.14.3.jar;C:\Users\Admin\.katalon\packages\KS-9.7.2\configuration\resources\lib\byte-buddy-agent-1.14.3.jar;C:\Users\Admin\.katalon\packages\KS-9.7.2\configuration\resources\lib\cglib-3.2.10.jar;C:\Users\Admin\.katalon\packages\KS-9.7.2\configuration\resources\lib\commons-codec-1.10.jar;C:\Users\Admin\.katalon\packages\KS-9.7.2\configuration\resources\lib\commons-collections4-4.1.jar;C:\Users\Admin\.katalon\packages\KS-9.7.2\configuration\resources\lib\commons-validator-1.6.jar;C:\Users\Admin\.katalon\packages\KS-9.7.2\configuration\resources\lib\curvesapi-1.04.jar;C:\Users\Admin\.katalon\packages\KS-9.7.2\configuration\resources\lib\dnsjava-2.1.8.jar;C:\Users\Admin\.katalon\packages\KS-9.7.2\configuration\resources\lib\groovy-3.0.17-fat.jar;C:\Users\Admin\.katalon\packages\KS-9.7.2\configuration\resources\lib\jackson-coreutils-2.0.jar;C:\Users\Admin\.katalon\packages\KS-9.7.2\configuration\resources\lib\jackson-coreutils-equivalence-1.0.jar;C:\Users\Admin\.katalon\packages\KS-9.7.2\configuration\resources\lib\java-client-7.0.0.jar;C:\Users\Admin\.katalon\packages\KS-9.7.2\configuration\resources\lib\javax.servlet-api_3.1.0.jar;C:\Users\Admin\.katalon\packages\KS-9.7.2\configuration\resources\lib\jna-5.12.1.jar;C:\Users\Admin\.katalon\packages\KS-9.7.2\configuration\resources\lib\jna-platform-5.12.1.jar;C:\Users\Admin\.katalon\packages\KS-9.7.2\configuration\resources\lib\json-schema-core-1.2.14.jar;C:\Users\Admin\.katalon\packages\KS-9.7.2\configuration\resources\lib\json-schema-validator-2.2.14.jar;C:\Users\Admin\.katalon\packages\KS-9.7.2\configuration\resources\lib\jzlib-1.1.3.jar;C:\Users\Admin\.katalon\packages\KS-9.7.2\configuration\resources\lib\kat-server.jar;C:\Users\Admin\.katalon\packages\KS-9.7.2\configuration\resources\lib\littleproxy-1.1.0-beta-bmp-17.jar;C:\Users\Admin\.katalon\packages\KS-9.7.2\configuration\resources\lib\log4j-1.2-api-2.17.1.jar;C:\Users\Admin\.katalon\packages\KS-9.7.2\configuration\resources\lib\log4j-api-2.17.1.jar;C:\Users\Admin\.katalon\packages\KS-9.7.2\configuration\resources\lib\log4j-core-2.17.1.jar;C:\Users\Admin\.katalon\packages\KS-9.7.2\configuration\resources\lib\mitm-2.1.5.jar;C:\Users\Admin\.katalon\packages\KS-9.7.2\configuration\resources\lib\mockito-core-5.2.0.jar;C:\Users\Admin\.katalon\packages\KS-9.7.2\configuration\resources\lib\mockito-inline-5.2.0.jar;C:\Users\Admin\.katalon\packages\KS-9.7.2\configuration\resources\lib\netty-all-4.1.109.Final.jar;C:\Users\Admin\.katalon\packages\KS-9.7.2\configuration\resources\lib\objenesis-3.3.jar;C:\Users\Admin\.katalon\packages\KS-9.7.2\configuration\resources\lib\poi-3.17.jar;C:\Users\Admin\.katalon\packages\KS-9.7.2\configuration\resources\lib\poi-ooxml-3.17.jar;C:\Users\Admin\.katalon\packages\KS-9.7.2\configuration\resources\lib\poi-ooxml-schemas-3.17.jar;C:\Users\Admin\.katalon\packages\KS-9.7.2\configuration\resources\lib\proxy-vole-1.0.4-SNAPSHOT-jar-with-dependencies.jar;C:\Users\Admin\.katalon\packages\KS-9.7.2\configuration\resources\lib\repackaged-sikuli-api-1.0.2-standalone.jar;C:\Users\Admin\.katalon\packages\KS-9.7.2\configuration\resources\lib\selenium-leg-rc-3.141.59.jar;C:\Users\Admin\.katalon\packages\KS-9.7.2\configuration\resources\lib\selenium-server-standalone-3.141.59.jar;C:\Users\Admin\.katalon\packages\KS-9.7.2\configuration\resources\lib\selenium-shutterbug-1.1.jar;C:\Users\Admin\.katalon\packages\KS-9.7.2\configuration\resources\lib\slf4j-api-1.7.25.jar;C:\Users\Admin\.katalon\packages\KS-9.7.2\configuration\resources\lib\soap-builder-1.0.0.jar;C:\Users\Admin\.katalon\packages\KS-9.7.2\configuration\resources\lib\soap-common-1.0.0.jar;C:\Users\Admin\.katalon\packages\KS-9.7.2\configuration\resources\lib\soap-legacy-1.0.0.jar;C:\Users\Admin\.katalon\packages\KS-9.7.2\configuration\resources\lib\spring-context-5.3.19.jar;C:\Users\Admin\.katalon\packages\KS-9.7.2\configuration\resources\lib\stax2-api-4.0.0.jar;C:\Users\Admin\.katalon\packages\KS-9.7.2\configuration\resources\lib\su.jar;C:\Users\Admin\.katalon\packages\KS-9.7.2\configuration\resources\lib\swagger-parser-1.0.67-fat.jar;C:\Users\Admin\.katalon\packages\KS-9.7.2\configuration\resources\lib\testng-7.8.0.jar;C:\Users\Admin\.katalon\packages\KS-9.7.2\configuration\resources\lib\uri-template-0.1.jar;C:\Users\Admin\.katalon\packages\KS-9.7.2\configuration\resources\lib\wadl.jar;C:\Users\Admin\.katalon\packages\KS-9.7.2\configuration\resources\lib\xmlbeans-3.1.0.jar;C:\Users\Admin\.katalon\packages\KS-9.7.2\plugins\net.sf.supercsv.super-csv_2.1.0.jar;C:\Users\Admin\.katalon\packages\KS-9.7.2\plugins\org.apache.commons.io_2.4.0.jar;C:\Users\Admin\.katalon\packages\KS-9.7.2\plugins\org.apache.commons.lang_2.6.0.jar;C:\Users\Admin\.katalon\packages\KS-9.7.2\plugins\com.google.gson_2.10.1.v20230109-0753.jar;C:\Users\Admin\.katalon\packages\KS-9.7.2\plugins\org.jsoup_1.14.3.jar;C:\Users\Admin\.katalon\packages\KS-9.7.2\plugins\org.apache.commons.dbutils_1.6.0.jar;C:\Users\Admin\.katalon\packages\KS-9.7.2\plugins\com.oracle.jdbc.ojdbc7_12.1.0.2.jar;C:\Users\Admin\.katalon\packages\KS-9.7.2\plugins\org.postgresql.jdbc_42.7.3.jar;c:\Users\Admin\.katalon\packages\KS-9.7.2\plugins\org.eclipse.osgi_3.18.300.v20230220-1352.jar;C:\Users\Admin\.katalon\packages\KS-9.7.2\plugins\com.kms.katalon.constant_1.0.0.202409190502.jar;C:\Users\Admin\.katalon\packages\KS-9.7.2\plugins\org.eclipse.persistence.eclipselink_2.7.11.jar;C:\Users\Admin\.katalon\packages\KS-9.7.2\plugins\com.kms.katalon.selenium-standalone_1.0.0.202409190502.jar;C:\Users\Admin\.katalon\packages\KS-9.7.2\plugins\atu.testrecorder.screen-recorder_2.1.0.jar;C:\Users\Admin\.katalon\packages\KS-9.7.2\plugins\com.google.guava_32.0.0.jre.jar;C:\Users\Admin\.katalon\packages\KS-9.7.2\plugins\com.kms.katalon.util_1.0.0.202409190502.jar;C:\Users\Admin\.katalon\packages\KS-9.7.2\plugins\org.apache.httpcomponents.httpclient_4.5.14.v20221207-1049.jar;C:\Users\Admin\.katalon\packages\KS-9.7.2\plugins\org.apache.httpcomponents.httpcore_4.4.16.v20221207-1049.jar;C:\Users\Admin\.katalon\packages\KS-9.7.2\plugins\org.apache.httpcomponents.httpmime_4.5.13.jar;C:\Users\Admin\.katalon\packages\KS-9.7.2\plugins\org.apache.commons.lang3_3.14.0.jar;C:\Users\Admin\.katalon\packages\KS-9.7.2\plugins\org.greenrobot.eventbus_3.1.1.jar;C:\Users\Admin\.katalon\packages\KS-9.7.2\plugins\net.bytebuddy.byte-buddy_1.14.15.jar;C:\Users\Admin\.katalon\packages\KS-9.7.2\plugins\org.junit_4.13.2.v20211018-1956.jar;C:\Users\Admin\.katalon\packages\KS-9.7.2\plugins\com.fasterxml.jackson.core.jackson-databind_2.17.1.jar;C:\Users\Admin\.katalon\packages\KS-9.7.2\plugins\com.fasterxml.jackson.core.jackson-core_2.17.1.jar;C:\Users\Admin\.katalon\packages\KS-9.7.2\plugins\com.fasterxml.jackson.core.jackson-annotations_2.17.1.jar;C:\Users\Admin\.katalon\packages\KS-9.7.2\plugins\ch.qos.logback.classic_1.2.13.jar;C:\Users\Admin\.katalon\packages\KS-9.7.2\plugins\ch.qos.logback.core_1.2.13.jar;C:\Users\Admin\.katalon\packages\KS-9.7.2\plugins\slf4j.api_1.7.36.jar;C:\Users\Admin\.katalon\packages\KS-9.7.2\plugins\org.fusesource.jansi_1.17.1.jar;C:\Users\Admin\.katalon\packages\KS-9.7.2\plugins\com.kms.katalon.netlightbody_1.0.0.202409190502.jar;C:\Users\Admin\.katalon\packages\KS-9.7.2\plugins\com.kms.katalon.poi_1.0.0.202409190502.jar;C:\Users\Admin\.katalon\packages\KS-9.7.2\plugins\org.apache.commons.commons-text_1.10.0.jar;C:\Users\Admin\.katalon\packages\KS-9.7.2\plugins\com.kms.katalon.proxyvole_1.0.0.202409190502.jar;C:\Users\Admin\.katalon\packages\KS-9.7.2\plugins\com.microsoft.sqlserver.mssql-jdbc_6.2.2.jre8.jar;C:\Users\Admin\.katalon\packages\KS-9.7.2\plugins\com.github.kklisura.cdt.java-client_2.1.0.jar;C:\Users\Admin\.katalon\packages\KS-9.7.2\plugins\javax.websocket-api_1.1.0.jar;C:\Users\Admin\.katalon\packages\KS-9.7.2\plugins\org.glassfish.tyrus.container-grizzly-client_1.13.1.jar;C:\Users\Admin\.katalon\packages\KS-9.7.2\plugins\org.glassfish.grizzly.http-server_2.3.25.jar;C:\Users\Admin\.katalon\packages\KS-9.7.2\plugins\org.glassfish.grizzly.framework_2.3.25.jar;C:\Users\Admin\.katalon\packages\KS-9.7.2\plugins\org.glassfish.grizzly.http_2.3.25.jar;C:\Users\Admin\.katalon\packages\KS-9.7.2\plugins\org.glassfish.tyrus.client_1.13.1.jar;C:\Users\Admin\.katalon\packages\KS-9.7.2\plugins\org.glassfish.tyrus.core_1.13.1.jar;C:\Users\Admin\.katalon\packages\KS-9.7.2\plugins\org.glassfish.tyrus.spi_1.13.1.jar;C:\Users\Admin\.katalon\packages\KS-9.7.2\plugins\javassist_3.28.0.GA.jar;C:\Users\Admin\.katalon\packages\KS-9.7.2\plugins\graphql-java_17.5.0.jar;C:\Users\Admin\.katalon\packages\KS-9.7.2\plugins\org.glassfish.jaxb.runtime_2.3.6.jar;C:\Users\Admin\.katalon\packages\KS-9.7.2\plugins\org.glassfish.jaxb.txw2_2.3.6.jar;C:\Users\Admin\.katalon\packages\KS-9.7.2\plugins\org.dom4j_2.1.4.jar;C:\Users\Admin\.katalon\packages\KS-9.7.2\plugins\com.kms.katalon.groovy-extended_1.0.0.202409190502.jar;C:\Users\Admin\.katalon\packages\KS-9.7.2\plugins\com.sun.activation.javax.activation_1.2.0.jar;C:\Users\Admin\.katalon\packages\KS-9.7.2\plugins\jakarta.xml.bind-api_2.3.3.jar;C:\Users\Admin\.katalon\packages\KS-9.7.2\plugins\com.sun.xml.bind.jaxb-impl_2.3.6.jar;C:\Users\Admin\.katalon\packages\KS-9.7.2\plugins\org.eclipse.jface_3.29.0.v20230214-1401.jar;C:\Users\Admin\.katalon\packages\KS-9.7.2\plugins\com.kms.katalon.logging_1.0.0.202409190502.jar;C:\Users\Admin\.katalon\packages\KS-9.7.2\plugins\json_20240303.0.0.jar;C:\Users\Admin\.katalon\packages\KS-9.7.2\plugins\assertj-core_3.25.3.jar;C:\Users\Admin\.katalon\packages\KS-9.7.2\plugins\com.networknt.json-schema-validator_1.0.66.jar;C:\Users\Admin\.katalon\packages\KS-9.7.2\plugins\com.kms.katalon.network.apache_1.0.0.202409190502.jar;C:\Users\Admin\.katalon\packages\KS-9.7.2\plugins\org.apache.commons.logging_1.2.0.v20180409-1502.jar;C:\Users\Admin\.katalon\packages\KS-9.7.2\plugins\org.hamcrest.core_1.3.0.v20180420-1519.jar;C:\Users\Admin\.katalon\packages\KS-9.7.2\plugins\org.beanshell.bsh_2.0.0.0b4.jar;C:\Users\Admin\.katalon\packages\KS-9.7.2\plugins\org.apache.ant.launcher_1.9.6.jar;C:\Users\Admin\.katalon\packages\KS-9.7.2\plugins\com.kms.katalon.core.appium_1.0.0.202409190502.jar;C:\Users\Admin\.katalon\packages\KS-9.7.2\plugins\com.kms.katalon.api_1.0.0.202409190502.jar;C:\Users\Admin\.katalon\packages\KS-9.7.2\plugins\org.eclipse.equinox.common_3.17.100.v20230202-1341.jar;C:\Users\Admin\.katalon\packages\KS-9.7.2\plugins\com.kms.katalon.platform.core_1.0.0.202409190502.jar;C:\Users\Admin\.katalon\packages\KS-9.7.2\plugins\com.kms.katalon.common_1.0.0.202409190502.jar;C:\Users\Admin\.katalon\packages\KS-9.7.2\plugins\com.kms.katalon.session.core_1.0.0.202409190502.jar;C:\Users\Admin\.katalon\packages\KS-9.7.2\plugins\org.eclipse.e4.core.contexts_1.11.0.v20220716-0839.jar;C:\Users\Admin\.katalon\packages\KS-9.7.2\plugins\javax.inject_1.0.0.v20220405-0441.jar;C:\Users\Admin\.katalon\packages\KS-9.7.2\plugins\org.eclipse.e4.core.di_1.8.300.v20220817-1539.jar;C:\Users\Admin\.katalon\packages\KS-9.7.2\plugins\com.kms.katalon.network.core_1.0.0.202409190502.jar;C:\Users\Admin\.katalon\packages\KS-9.7.2\plugins\com.kms.katalon.execution.core_1.0.0.202409190502.jar;C:\Users\Admin\.katalon\packages\KS-9.7.2\plugins\org.eclipse.equinox.registry_3.11.200.v20220817-1601.jar;C:\Users\Admin\.katalon\packages\KS-9.7.2\plugins\dev.failsafe_3.3.2.jar;C:\Users\Admin\.katalon\packages\KS-9.7.2\plugins\com.fasterxml.jackson.datatype.jackson-datatype-jsr310_2.17.1.jar;C:\Users\Admin\.katalon\packages\KS-9.7.2\plugins\org.eclipse.e4.core.di.annotations_1.7.200.v20220613-1008.jar;C:\Users\Admin\.katalon\packages\KS-9.7.2\plugins\com.kms.katalon.core.webui_1.0.0.202409190502.jar;C:\Users\Admin\.katalon\packages\KS-9.7.2\plugins\org.eclipse.e4.core.services_2.3.400.v20220915-1347.jar;C:\Users\Admin\.katalon\packages\KS-9.7.2\plugins\com.kms.katalon.core.mobile_1.0.0.202409190502.jar;C:\Users\Admin\.katalon\packages\KS-9.7.2\plugins\org.apache.commons.commons-validator_1.7.0.jar;C:\Users\Admin\.katalon\packages\KS-9.7.2\plugins\com.kms.katalon.core.cucumber_1.0.0.202409190502.jar;C:\Users\Admin\.katalon\packages\KS-9.7.2\plugins\io.cucumber.core_3.0.3.jar;C:\Users\Admin\.katalon\packages\KS-9.7.2\plugins\io.cucumber.datatable_1.1.15.jar;C:\Users\Admin\.katalon\packages\KS-9.7.2\plugins\io.cucumber.datatable-dependencies_1.1.15.jar;C:\Users\Admin\.katalon\packages\KS-9.7.2\plugins\io.cucumber.expressions_5.0.19.jar;C:\Users\Admin\.katalon\packages\KS-9.7.2\plugins\io.cucumber.gherkin_5.0.0.jar;C:\Users\Admin\.katalon\packages\KS-9.7.2\plugins\io.cucumber.html_0.2.7.jar;C:\Users\Admin\.katalon\packages\KS-9.7.2\plugins\io.cucumber.java_3.0.3.jar;C:\Users\Admin\.katalon\packages\KS-9.7.2\plugins\io.cucumber.tag-expressions_1.1.1.jar;C:\Users\Admin\.katalon\packages\KS-9.7.2\plugins\io.cucumber.junit_3.0.3.jar;C:\Users\Admin\.katalon\packages\KS-9.7.2\plugins\com.kms.katalon.core.webservice_1.0.0.202409190502.jar;C:\Users\Admin\.katalon\packages\KS-9.7.2\plugins\wsdl4j_1.6.2.jar;C:\Users\Admin\.katalon\packages\KS-9.7.2\plugins\com.google.oauth-client.google-oauth-client_1.22.0.jar;C:\Users\Admin\.katalon\packages\KS-9.7.2\plugins\com.google.http-client.google-http-client_1.22.0.jar;C:\Users\Admin\.katalon\packages\KS-9.7.2\plugins\ca.juliusdavies.not-yet-commons-ssl_0.3.11.jar;C:\Users\Admin\.katalon\packages\KS-9.7.2\plugins\com.kms.katalon.preferences_1.0.0.202409190502.jar;C:\Users\Admin\.katalon\packages\KS-9.7.2\plugins\org.apache.xmlbeans_3.1.0.jar;C:\Users\Admin\.katalon\packages\KS-9.7.2\plugins\com.kms.katalon.entity_1.0.0.202409190502.jar;C:\Users\Admin\.katalon\packages\KS-9.7.2\plugins\org.antlr.antlr4-runtime_4.9.2.jar;C:\Users\Admin\.katalon\packages\KS-9.7.2\plugins\jakarta.xml.ws-api_2.3.3.jar;C:\Users\Admin\.katalon\packages\KS-9.7.2\plugins\javax.xml.soap-api_1.4.0.jar;C:\Users\Admin\.katalon\packages\KS-9.7.2\plugins\com.atlassian.oai.swagger-request-validator-core_2.38.0.jar;C:\Users\Admin\.katalon\packages\KS-9.7.2\plugins\io.swagger.compat-spec-parser_1.0.67.jar;C:\Users\Admin\.katalon\packages\KS-9.7.2\plugins\io.swagger.core.v3.swagger-annotations_2.2.14.jar;C:\Users\Admin\.katalon\packages\KS-9.7.2\plugins\io.swagger.core.v3.swagger-core_2.2.14.jar;C:\Users\Admin\.katalon\packages\KS-9.7.2\plugins\io.swagger.core.v3.swagger-models_2.2.14.jar;C:\Users\Admin\.katalon\packages\KS-9.7.2\plugins\io.swagger.parser.v3.swagger-parser-core_2.1.16.jar;C:\Users\Admin\.katalon\packages\KS-9.7.2\plugins\io.swagger.parser.v3.swagger-parser-v2-converter_2.1.16.jar;C:\Users\Admin\.katalon\packages\KS-9.7.2\plugins\com.github.java-json-tools.btf_1.3.0.jar;C:\Users\Admin\.katalon\packages\KS-9.7.2\plugins\com.fasterxml.jackson.dataformat.jackson-dataformat-yaml_2.17.1.jar;C:\Users\Admin\.katalon\packages\KS-9.7.2\plugins\org.yaml.snakeyaml_2.2.0.jar;C:\Users\Admin\.katalon\packages\KS-9.7.2\plugins\com.github.java-json-tools.msg-simple_1.2.0.jar;C:\Users\Admin\.katalon\packages\KS-9.7.2\plugins\jackson-core-asl_1.9.13.jar;C:\Users\Admin\.katalon\packages\KS-9.7.2\plugins\joda-time_2.10.5.jar;C:\Users\Admin\.katalon\packages\KS-9.7.2\plugins\javax.mail-api_1.6.2.jar;C:\Users\Admin\.katalon\packages\KS-9.7.2\plugins\com.googlecode.libphonenumber_8.11.1.jar;C:\Users\Admin\.katalon\packages\KS-9.7.2\plugins\com.google.guava.failureaccess_1.0.1.jar;C:\Users\Admin\.katalon\packages\KS-9.7.2\plugins\io.swagger.parser.v3.swagger-parser_2.1.16.jar;C:\Users\Admin\.katalon\packages\KS-9.7.2\plugins\io.swagger.parser.v3.swagger-parser-v3_2.1.16.jar;C:\Users\Admin\.katalon\packages\KS-9.7.2\plugins\io.swagger.parser_1.0.67.jar;C:\Users\Admin\.katalon\packages\KS-9.7.2\plugins\com.kms.katalon.core.windows_1.0.0.202409190502.jar;C:\Users\Admin\.katalon\packages\KS-9.7.2\plugins\com.kms.katalon.core.testng_1.0.0.202409190502.jar;C:\Users\Admin\.katalon\packages\KS-9.7.2\configuration\org.eclipse.osgi\33\0\.cp\resources\basic-report\katalon-studio-report-plugin.jar;C:\Users\Admin\.katalon\packages\KS-9.7.2\plugins\org.codehaus.groovy_3.0.17.v202303311542-e2303\lib\groovy-3.0.17-indy.jar;C:\Users\Admin\.katalon\packages\KS-9.7.2\plugins\org.codehaus.groovy_3.0.17.v202303311542-e2303\lib\ivy-2.5.1.jar --main groovy.ui.GroovyMain --encoding UTF-8 --indy C:\Users\Admin\Katalon Studio\FisrtProject\Libs\TempTestCase1734085069735.groovy

Host: Intel(R) Core(TM) i7-7500U CPU @ 2.70GHz, 4 cores, 7G,  Windows 10 , 64 bit Build 17763 (10.0.17763.6292)
Time: Fri Dec 13 17:18:14 2024 SE Asia Standard Time elapsed time: 22.645681 seconds (0d 0h 0m 22s)

---------------  T H R E A D  ---------------

Current thread (0x000001a8415606e0):  JavaThread "C2 CompilerThread0" daemon [_thread_in_native, id=412, stack(0x0000008ce7300000,0x0000008ce7400000)]


Current CompileTask:
C2:  22645 4797   !   4       jdk.internal.loader.URLClassPath$JarLoader::getResource (354 bytes)

Stack: [0x0000008ce7300000,0x0000008ce7400000]
Native frames: (J=compiled Java code, j=interpreted, Vv=VM code, C=native code)
V  [jvm.dll+0x67754a]
V  [jvm.dll+0x834304]
V  [jvm.dll+0x835aae]
V  [jvm.dll+0x836113]
V  [jvm.dll+0x24696f]
V  [jvm.dll+0xac0ac]
V  [jvm.dll+0xac67c]
V  [jvm.dll+0x2adbef]
V  [jvm.dll+0x580067]
V  [jvm.dll+0x221e72]
V  [jvm.dll+0x22224f]
V  [jvm.dll+0x21b4a5]
V  [jvm.dll+0x21895b]
V  [jvm.dll+0x1a4d8d]
V  [jvm.dll+0x2284da]
V  [jvm.dll+0x226615]
V  [jvm.dll+0x7ea90b]
V  [jvm.dll+0x7e4e7a]
V  [jvm.dll+0x676395]
C  [ucrtbase.dll+0x2268a]
C  [KERNEL32.DLL+0x17ac4]
C  [ntdll.dll+0x5a8c1]


---------------  P R O C E S S  ---------------

Threads class SMR info:
_java_thread_list=0x000001a849c1fc70, length=16, elements={
0x000001a827d53060, 0x000001a841533620, 0x000001a841534620, 0x000001a8414f0610,
0x000001a8414f23a0, 0x000001a84155d200, 0x000001a84155b050, 0x000001a8415606e0,
0x000001a84156eff0, 0x000001a8415cec10, 0x000001a84155e070, 0x000001a84155c860,
0x000001a84155dba0, 0x000001a84155b9f0, 0x000001a84155b520, 0x000001a84944d010
}

Java Threads: ( => current thread )
  0x000001a827d53060 JavaThread "main" [_thread_in_native, id=9104, stack(0x0000008ce6600000,0x0000008ce6700000)]
  0x000001a841533620 JavaThread "Reference Handler" daemon [_thread_blocked, id=11128, stack(0x0000008ce6d00000,0x0000008ce6e00000)]
  0x000001a841534620 JavaThread "Finalizer" daemon [_thread_blocked, id=17220, stack(0x0000008ce6e00000,0x0000008ce6f00000)]
  0x000001a8414f0610 JavaThread "Signal Dispatcher" daemon [_thread_blocked, id=1084, stack(0x0000008ce6f00000,0x0000008ce7000000)]
  0x000001a8414f23a0 JavaThread "Attach Listener" daemon [_thread_blocked, id=2476, stack(0x0000008ce7000000,0x0000008ce7100000)]
  0x000001a84155d200 JavaThread "Service Thread" daemon [_thread_blocked, id=17068, stack(0x0000008ce7100000,0x0000008ce7200000)]
  0x000001a84155b050 JavaThread "Monitor Deflation Thread" daemon [_thread_blocked, id=8068, stack(0x0000008ce7200000,0x0000008ce7300000)]
=>0x000001a8415606e0 JavaThread "C2 CompilerThread0" daemon [_thread_in_native, id=412, stack(0x0000008ce7300000,0x0000008ce7400000)]
  0x000001a84156eff0 JavaThread "C1 CompilerThread0" daemon [_thread_blocked, id=2084, stack(0x0000008ce7400000,0x0000008ce7500000)]
  0x000001a8415cec10 JavaThread "Sweeper thread" daemon [_thread_blocked, id=14988, stack(0x0000008ce7500000,0x0000008ce7600000)]
  0x000001a84155e070 JavaThread "Common-Cleaner" daemon [_thread_blocked, id=17184, stack(0x0000008ce7600000,0x0000008ce7700000)]
  0x000001a84155c860 JavaThread "Notification Thread" daemon [_thread_blocked, id=15124, stack(0x0000008ce7a00000,0x0000008ce7b00000)]
  0x000001a84155dba0 JavaThread "Thread-0" [_thread_blocked, id=11616, stack(0x0000008ce7700000,0x0000008ce7800000)]
  0x000001a84155b9f0 JavaThread "UrlChecker-2" daemon [_thread_blocked, id=6680, stack(0x0000008ce7d00000,0x0000008ce7e00000)]
  0x000001a84155b520 JavaThread "Keep-Alive-Timer" daemon [_thread_blocked, id=15700, stack(0x0000008ce7f00000,0x0000008ce8000000)]
  0x000001a84944d010 JavaThread "C2 CompilerThread1" daemon [_thread_blocked, id=17268, stack(0x0000008ce8000000,0x0000008ce8100000)]

Other Threads:
  0x000001a841520620 VMThread "VM Thread" [stack: 0x0000008ce6c00000,0x0000008ce6d00000] [id=12816]
  0x000001a827d53cc0 WatcherThread [stack: 0x0000008ce7b00000,0x0000008ce7c00000] [id=9832]
  0x000001a827dacdd0 GCTaskThread "GC Thread#0" [stack: 0x0000008ce6700000,0x0000008ce6800000] [id=3648]
  0x000001a8418fecf0 GCTaskThread "GC Thread#1" [stack: 0x0000008ce7800000,0x0000008ce7900000] [id=16776]
  0x000001a8461b5210 GCTaskThread "GC Thread#2" [stack: 0x0000008ce7900000,0x0000008ce7a00000] [id=13724]
  0x000001a847faf860 GCTaskThread "GC Thread#3" [stack: 0x0000008ce7c00000,0x0000008ce7d00000] [id=17900]
  0x000001a827dbec30 ConcurrentGCThread "G1 Main Marker" [stack: 0x0000008ce6800000,0x0000008ce6900000] [id=17692]
  0x000001a827dc0250 ConcurrentGCThread "G1 Conc#0" [stack: 0x0000008ce6900000,0x0000008ce6a00000] [id=14012]
  0x000001a841357cc0 ConcurrentGCThread "G1 Refine#0" [stack: 0x0000008ce6a00000,0x0000008ce6b00000] [id=12884]
  0x000001a841358390 ConcurrentGCThread "G1 Service" [stack: 0x0000008ce6b00000,0x0000008ce6c00000] [id=11028]

Threads with active compile tasks:
C2 CompilerThread0    22697 4797   !   4       jdk.internal.loader.URLClassPath$JarLoader::getResource (354 bytes)

VM state: not at safepoint (normal execution)

VM Mutex/Monitor currently owned by a thread: None

Heap address: 0x0000000080000000, size: 2048 MB, Compressed Oops mode: 32-bit

CDS archive(s) not mapped
Compressed class space mapped at: 0x0000000100000000-0x0000000140000000, reserved size: 1073741824
Narrow klass base: 0x0000000000000000, Narrow klass shift: 3, Narrow klass range: 0x140000000

GC Precious Log:
 CPUs: 4 total, 4 available
 Memory: 8090M
 Large Page Support: Disabled
 NUMA Support: Disabled
 Compressed Oops: Enabled (32-bit)
 Heap Region Size: 1M
 Heap Min Capacity: 8M
 Heap Initial Capacity: 128M
 Heap Max Capacity: 2G
 Pre-touch: Disabled
 Parallel Workers: 4
 Concurrent Workers: 1
 Concurrent Refinement Workers: 4
 Periodic GC: Disabled

Heap:
 garbage-first heap   total 95232K, used 38503K [0x0000000080000000, 0x0000000100000000)
  region size 1024K, 12 young (12288K), 6 survivors (6144K)
 Metaspace       used 37261K, committed 37824K, reserved 1114112K
  class space    used 3995K, committed 4224K, reserved 1048576K

Heap Regions: E=young(eden), S=young(survivor), O=old, HS=humongous(starts), HC=humongous(continues), CS=collection set, F=free, OA=open archive, CA=closed archive, TAMS=top-at-mark-start (previous, next)
|   0|0x0000000080000000, 0x0000000080100000, 0x0000000080100000|100%|HS|  |TAMS 0x0000000080100000, 0x0000000080000000| Complete 
|   1|0x0000000080100000, 0x0000000080200000, 0x0000000080200000|100%|HS|  |TAMS 0x0000000080200000, 0x0000000080100000| Complete 
|   2|0x0000000080200000, 0x0000000080300000, 0x0000000080300000|100%| O|  |TAMS 0x0000000080300000, 0x0000000080200000| Untracked 
|   3|0x0000000080300000, 0x0000000080400000, 0x0000000080400000|100%| O|  |TAMS 0x0000000080400000, 0x0000000080300000| Untracked 
|   4|0x0000000080400000, 0x0000000080500000, 0x0000000080500000|100%| O|  |TAMS 0x0000000080500000, 0x0000000080400000| Untracked 
|   5|0x0000000080500000, 0x0000000080600000, 0x0000000080600000|100%| O|  |TAMS 0x0000000080600000, 0x0000000080500000| Untracked 
|   6|0x0000000080600000, 0x0000000080700000, 0x0000000080700000|100%| O|  |TAMS 0x0000000080700000, 0x0000000080600000| Untracked 
|   7|0x0000000080700000, 0x0000000080800000, 0x0000000080800000|100%| O|  |TAMS 0x0000000080800000, 0x0000000080700000| Untracked 
|   8|0x0000000080800000, 0x0000000080900000, 0x0000000080900000|100%| O|  |TAMS 0x0000000080900000, 0x0000000080800000| Untracked 
|   9|0x0000000080900000, 0x0000000080a00000, 0x0000000080a00000|100%|HS|  |TAMS 0x0000000080a00000, 0x0000000080900000| Complete 
|  10|0x0000000080a00000, 0x0000000080b00000, 0x0000000080b00000|100%| O|  |TAMS 0x0000000080b00000, 0x0000000080a00000| Untracked 
|  11|0x0000000080b00000, 0x0000000080c00000, 0x0000000080c00000|100%| O|  |TAMS 0x0000000080c00000, 0x0000000080b00000| Untracked 
|  12|0x0000000080c00000, 0x0000000080d00000, 0x0000000080d00000|100%| O|  |TAMS 0x0000000080d00000, 0x0000000080c00000| Untracked 
|  13|0x0000000080d00000, 0x0000000080e00000, 0x0000000080e00000|100%| O|  |TAMS 0x0000000080e00000, 0x0000000080d00000| Untracked 
|  14|0x0000000080e00000, 0x0000000080f00000, 0x0000000080f00000|100%| O|  |TAMS 0x0000000080f00000, 0x0000000080e00000| Untracked 
|  15|0x0000000080f00000, 0x0000000081000000, 0x0000000081000000|100%| O|  |TAMS 0x0000000081000000, 0x0000000080f00000| Untracked 
|  16|0x0000000081000000, 0x0000000081100000, 0x0000000081100000|100%| O|  |TAMS 0x0000000081100000, 0x0000000081000000| Untracked 
|  17|0x0000000081100000, 0x0000000081200000, 0x0000000081200000|100%| O|  |TAMS 0x0000000081200000, 0x0000000081100000| Untracked 
|  18|0x0000000081200000, 0x0000000081300000, 0x0000000081300000|100%| O|  |TAMS 0x0000000081300000, 0x0000000081200000| Untracked 
|  19|0x0000000081300000, 0x0000000081400000, 0x0000000081400000|100%| O|  |TAMS 0x0000000081400000, 0x0000000081300000| Untracked 
|  20|0x0000000081400000, 0x0000000081500000, 0x0000000081500000|100%| O|  |TAMS 0x000000008148dc00, 0x0000000081400000| Untracked 
|  21|0x0000000081500000, 0x0000000081600000, 0x0000000081600000|100%| O|  |TAMS 0x0000000081600000, 0x0000000081500000| Untracked 
|  22|0x0000000081600000, 0x0000000081700000, 0x0000000081700000|100%| O|  |TAMS 0x0000000081700000, 0x0000000081600000| Untracked 
|  23|0x0000000081700000, 0x0000000081800000, 0x0000000081800000|100%| O|  |TAMS 0x0000000081800000, 0x0000000081700000| Untracked 
|  24|0x0000000081800000, 0x0000000081900000, 0x0000000081900000|100%| O|  |TAMS 0x0000000081900000, 0x0000000081800000| Untracked 
|  25|0x0000000081900000, 0x0000000081a00000, 0x0000000081a00000|100%| O|  |TAMS 0x0000000081a00000, 0x0000000081900000| Untracked 
|  26|0x0000000081a00000, 0x0000000081a99e00, 0x0000000081b00000| 60%| O|  |TAMS 0x0000000081a00000, 0x0000000081a00000| Untracked 
|  27|0x0000000081b00000, 0x0000000081b00000, 0x0000000081c00000|  0%| F|  |TAMS 0x0000000081b00000, 0x0000000081b00000| Untracked 
|  28|0x0000000081c00000, 0x0000000081c00000, 0x0000000081d00000|  0%| F|  |TAMS 0x0000000081c00000, 0x0000000081c00000| Untracked 
|  29|0x0000000081d00000, 0x0000000081d00000, 0x0000000081e00000|  0%| F|  |TAMS 0x0000000081d00000, 0x0000000081d00000| Untracked 
|  30|0x0000000081e00000, 0x0000000081e00000, 0x0000000081f00000|  0%| F|  |TAMS 0x0000000081e00000, 0x0000000081e00000| Untracked 
|  31|0x0000000081f00000, 0x0000000081f00000, 0x0000000082000000|  0%| F|  |TAMS 0x0000000081f00000, 0x0000000081f00000| Untracked 
|  32|0x0000000082000000, 0x0000000082000000, 0x0000000082100000|  0%| F|  |TAMS 0x0000000082000000, 0x0000000082000000| Untracked 
|  33|0x0000000082100000, 0x0000000082100000, 0x0000000082200000|  0%| F|  |TAMS 0x0000000082100000, 0x0000000082100000| Untracked 
|  34|0x0000000082200000, 0x0000000082200000, 0x0000000082300000|  0%| F|  |TAMS 0x0000000082200000, 0x0000000082200000| Untracked 
|  35|0x0000000082300000, 0x0000000082300000, 0x0000000082400000|  0%| F|  |TAMS 0x0000000082300000, 0x0000000082300000| Untracked 
|  36|0x0000000082400000, 0x0000000082400000, 0x0000000082500000|  0%| F|  |TAMS 0x0000000082400000, 0x0000000082400000| Untracked 
|  37|0x0000000082500000, 0x0000000082500000, 0x0000000082600000|  0%| F|  |TAMS 0x0000000082500000, 0x0000000082500000| Untracked 
|  38|0x0000000082600000, 0x0000000082600000, 0x0000000082700000|  0%| F|  |TAMS 0x0000000082600000, 0x0000000082600000| Untracked 
|  39|0x0000000082700000, 0x0000000082700000, 0x0000000082800000|  0%| F|  |TAMS 0x0000000082700000, 0x0000000082700000| Untracked 
|  40|0x0000000082800000, 0x0000000082800000, 0x0000000082900000|  0%| F|  |TAMS 0x0000000082800000, 0x0000000082800000| Untracked 
|  41|0x0000000082900000, 0x0000000082900000, 0x0000000082a00000|  0%| F|  |TAMS 0x0000000082900000, 0x0000000082900000| Untracked 
|  42|0x0000000082a00000, 0x0000000082a00000, 0x0000000082b00000|  0%| F|  |TAMS 0x0000000082a00000, 0x0000000082a00000| Untracked 
|  43|0x0000000082b00000, 0x0000000082b00000, 0x0000000082c00000|  0%| F|  |TAMS 0x0000000082b00000, 0x0000000082b00000| Untracked 
|  44|0x0000000082c00000, 0x0000000082c00000, 0x0000000082d00000|  0%| F|  |TAMS 0x0000000082c00000, 0x0000000082c00000| Untracked 
|  45|0x0000000082d00000, 0x0000000082d00000, 0x0000000082e00000|  0%| F|  |TAMS 0x0000000082d00000, 0x0000000082d00000| Untracked 
|  46|0x0000000082e00000, 0x0000000082f00000, 0x0000000082f00000|100%| S|CS|TAMS 0x0000000082e00000, 0x0000000082e00000| Complete 
|  47|0x0000000082f00000, 0x0000000083000000, 0x0000000083000000|100%| S|CS|TAMS 0x0000000082f00000, 0x0000000082f00000| Complete 
|  48|0x0000000083000000, 0x0000000083100000, 0x0000000083100000|100%| S|CS|TAMS 0x0000000083000000, 0x0000000083000000| Complete 
|  49|0x0000000083100000, 0x0000000083200000, 0x0000000083200000|100%| S|CS|TAMS 0x0000000083100000, 0x0000000083100000| Complete 
|  50|0x0000000083200000, 0x0000000083300000, 0x0000000083300000|100%| S|CS|TAMS 0x0000000083200000, 0x0000000083200000| Complete 
|  51|0x0000000083300000, 0x0000000083400000, 0x0000000083400000|100%| S|CS|TAMS 0x0000000083300000, 0x0000000083300000| Complete 
|  52|0x0000000083400000, 0x0000000083400000, 0x0000000083500000|  0%| F|  |TAMS 0x0000000083400000, 0x0000000083400000| Untracked 
|  53|0x0000000083500000, 0x0000000083500000, 0x0000000083600000|  0%| F|  |TAMS 0x0000000083500000, 0x0000000083500000| Untracked 
|  54|0x0000000083600000, 0x0000000083600000, 0x0000000083700000|  0%| F|  |TAMS 0x0000000083600000, 0x0000000083600000| Untracked 
|  55|0x0000000083700000, 0x0000000083700000, 0x0000000083800000|  0%| F|  |TAMS 0x0000000083700000, 0x0000000083700000| Untracked 
|  56|0x0000000083800000, 0x0000000083800000, 0x0000000083900000|  0%| F|  |TAMS 0x0000000083800000, 0x0000000083800000| Untracked 
|  57|0x0000000083900000, 0x0000000083900000, 0x0000000083a00000|  0%| F|  |TAMS 0x0000000083900000, 0x0000000083900000| Untracked 
|  58|0x0000000083a00000, 0x0000000083a00000, 0x0000000083b00000|  0%| F|  |TAMS 0x0000000083a00000, 0x0000000083a00000| Untracked 
|  59|0x0000000083b00000, 0x0000000083b00000, 0x0000000083c00000|  0%| F|  |TAMS 0x0000000083b00000, 0x0000000083b00000| Untracked 
|  60|0x0000000083c00000, 0x0000000083c00000, 0x0000000083d00000|  0%| F|  |TAMS 0x0000000083c00000, 0x0000000083c00000| Untracked 
|  61|0x0000000083d00000, 0x0000000083d00000, 0x0000000083e00000|  0%| F|  |TAMS 0x0000000083d00000, 0x0000000083d00000| Untracked 
|  62|0x0000000083e00000, 0x0000000083e00000, 0x0000000083f00000|  0%| F|  |TAMS 0x0000000083e00000, 0x0000000083e00000| Untracked 
|  63|0x0000000083f00000, 0x0000000083f00000, 0x0000000084000000|  0%| F|  |TAMS 0x0000000083f00000, 0x0000000083f00000| Untracked 
|  64|0x0000000084000000, 0x0000000084000000, 0x0000000084100000|  0%| F|  |TAMS 0x0000000084000000, 0x0000000084000000| Untracked 
|  65|0x0000000084100000, 0x0000000084100000, 0x0000000084200000|  0%| F|  |TAMS 0x0000000084100000, 0x0000000084100000| Untracked 
|  66|0x0000000084200000, 0x0000000084200000, 0x0000000084300000|  0%| F|  |TAMS 0x0000000084200000, 0x0000000084200000| Untracked 
|  67|0x0000000084300000, 0x0000000084300000, 0x0000000084400000|  0%| F|  |TAMS 0x0000000084300000, 0x0000000084300000| Untracked 
|  68|0x0000000084400000, 0x0000000084400000, 0x0000000084500000|  0%| F|  |TAMS 0x0000000084400000, 0x0000000084400000| Untracked 
|  69|0x0000000084500000, 0x0000000084500000, 0x0000000084600000|  0%| F|  |TAMS 0x0000000084500000, 0x0000000084500000| Untracked 
|  70|0x0000000084600000, 0x0000000084600000, 0x0000000084700000|  0%| F|  |TAMS 0x0000000084600000, 0x0000000084600000| Untracked 
|  71|0x0000000084700000, 0x0000000084700000, 0x0000000084800000|  0%| F|  |TAMS 0x0000000084700000, 0x0000000084700000| Untracked 
|  72|0x0000000084800000, 0x0000000084800000, 0x0000000084900000|  0%| F|  |TAMS 0x0000000084800000, 0x0000000084800000| Untracked 
|  73|0x0000000084900000, 0x0000000084900000, 0x0000000084a00000|  0%| F|  |TAMS 0x0000000084900000, 0x0000000084900000| Untracked 
|  74|0x0000000084a00000, 0x0000000084a00000, 0x0000000084b00000|  0%| F|  |TAMS 0x0000000084a00000, 0x0000000084a00000| Untracked 
|  75|0x0000000084b00000, 0x0000000084b00000, 0x0000000084c00000|  0%| F|  |TAMS 0x0000000084b00000, 0x0000000084b00000| Untracked 
|  76|0x0000000084c00000, 0x0000000084c00000, 0x0000000084d00000|  0%| F|  |TAMS 0x0000000084c00000, 0x0000000084c00000| Untracked 
|  77|0x0000000084d00000, 0x0000000084d00000, 0x0000000084e00000|  0%| F|  |TAMS 0x0000000084d00000, 0x0000000084d00000| Untracked 
|  78|0x0000000084e00000, 0x0000000084e00000, 0x0000000084f00000|  0%| F|  |TAMS 0x0000000084e00000, 0x0000000084e00000| Untracked 
|  79|0x0000000084f00000, 0x0000000084f00000, 0x0000000085000000|  0%| F|  |TAMS 0x0000000084f00000, 0x0000000084f00000| Untracked 
|  80|0x0000000085000000, 0x0000000085000000, 0x0000000085100000|  0%| F|  |TAMS 0x0000000085000000, 0x0000000085000000| Untracked 
|  81|0x0000000085100000, 0x0000000085100000, 0x0000000085200000|  0%| F|  |TAMS 0x0000000085100000, 0x0000000085100000| Untracked 
|  82|0x0000000085200000, 0x0000000085200000, 0x0000000085300000|  0%| F|  |TAMS 0x0000000085200000, 0x0000000085200000| Untracked 
|  83|0x0000000085300000, 0x0000000085300000, 0x0000000085400000|  0%| F|  |TAMS 0x0000000085300000, 0x0000000085300000| Untracked 
|  84|0x0000000085400000, 0x0000000085400000, 0x0000000085500000|  0%| F|  |TAMS 0x0000000085400000, 0x0000000085400000| Untracked 
|  85|0x0000000085500000, 0x0000000085500000, 0x0000000085600000|  0%| F|  |TAMS 0x0000000085500000, 0x0000000085500000| Untracked 
|  86|0x0000000085600000, 0x0000000085600000, 0x0000000085700000|  0%| F|  |TAMS 0x0000000085600000, 0x0000000085600000| Untracked 
|  87|0x0000000085700000, 0x0000000085780800, 0x0000000085800000| 50%| E|  |TAMS 0x0000000085700000, 0x0000000085700000| Complete 
|  88|0x0000000085800000, 0x0000000085900000, 0x0000000085900000|100%| E|CS|TAMS 0x0000000085800000, 0x0000000085800000| Complete 
|  89|0x0000000085900000, 0x0000000085a00000, 0x0000000085a00000|100%| E|CS|TAMS 0x0000000085900000, 0x0000000085900000| Complete 
|  90|0x0000000085a00000, 0x0000000085b00000, 0x0000000085b00000|100%| E|CS|TAMS 0x0000000085a00000, 0x0000000085a00000| Complete 
|  91|0x0000000085b00000, 0x0000000085c00000, 0x0000000085c00000|100%| E|CS|TAMS 0x0000000085b00000, 0x0000000085b00000| Complete 
| 127|0x0000000087f00000, 0x0000000088000000, 0x0000000088000000|100%| E|CS|TAMS 0x0000000087f00000, 0x0000000087f00000| Complete 

Card table byte_map: [0x000001a83a7d0000,0x000001a83abd0000] _byte_map_base: 0x000001a83a3d0000

Marking Bits (Prev, Next): (CMBitMap*) 0x000001a827dae300, (CMBitMap*) 0x000001a827dae340
 Prev Bits: [0x000001a83afd0000, 0x000001a83cfd0000)
 Next Bits: [0x000001a83cfd0000, 0x000001a83efd0000)

Polling page: 0x000001a825b40000

Metaspace:

Usage:
  Non-class:     32.49 MB used.
      Class:      3.90 MB used.
       Both:     36.39 MB used.

Virtual space:
  Non-class space:       64.00 MB reserved,      32.81 MB ( 51%) committed,  1 nodes.
      Class space:        1.00 GB reserved,       4.13 MB ( <1%) committed,  1 nodes.
             Both:        1.06 GB reserved,      36.94 MB (  3%) committed. 

Chunk freelists:
   Non-Class:  14.84 MB
       Class:  11.72 MB
        Both:  26.56 MB

MaxMetaspaceSize: unlimited
CompressedClassSpaceSize: 1.00 GB
Initial GC threshold: 21.00 MB
Current GC threshold: 58.69 MB
CDS: off
MetaspaceReclaimPolicy: balanced
 - commit_granule_bytes: 65536.
 - commit_granule_words: 8192.
 - virtual_space_node_default_size: 8388608.
 - enlarge_chunks_in_place: 1.
 - new_chunks_are_fully_committed: 0.
 - uncommit_free_chunks: 1.
 - use_allocation_guard: 0.
 - handle_deallocations: 1.


Internal statistics:

num_allocs_failed_limit: 6.
num_arena_births: 626.
num_arena_deaths: 0.
num_vsnodes_births: 2.
num_vsnodes_deaths: 0.
num_space_committed: 591.
num_space_uncommitted: 0.
num_chunks_returned_to_freelist: 6.
num_chunks_taken_from_freelist: 1480.
num_chunk_merges: 6.
num_chunk_splits: 989.
num_chunks_enlarged: 648.
num_inconsistent_stats: 0.

CodeHeap 'non-profiled nmethods': size=120000Kb used=2165Kb max_used=2706Kb free=117834Kb
 bounds [0x000001a832ea0000, 0x000001a833160000, 0x000001a83a3d0000]
CodeHeap 'profiled nmethods': size=120000Kb used=7132Kb max_used=8930Kb free=112868Kb
 bounds [0x000001a82b3d0000, 0x000001a82bc90000, 0x000001a832900000]
CodeHeap 'non-nmethods': size=5760Kb used=2296Kb max_used=2386Kb free=3463Kb
 bounds [0x000001a832900000, 0x000001a832b70000, 0x000001a832ea0000]
 total_blobs=4872 nmethods=4067 adapters=717
 compilation: enabled
              stopped_count=0, restarted_count=0
 full_count=0

Compilation events (20 events):
Event: 22.627 Thread 0x000001a84944d010 4807       4       jdk.internal.jimage.BasicImageReader::match (37 bytes)
Event: 22.630 Thread 0x000001a84156eff0 nmethod 4855 0x000001a82b3e3a10 code [0x000001a82b3e43a0, 0x000001a82b3ea128]
Event: 22.630 Thread 0x000001a84156eff0 4856   !   3       java.lang.invoke.MethodHandles$Lookup::revealDirect (196 bytes)
Event: 22.633 Thread 0x000001a84156eff0 nmethod 4856 0x000001a82b42be90 code [0x000001a82b42c1e0, 0x000001a82b42d568]
Event: 22.633 Thread 0x000001a84156eff0 4857       3       java.lang.invoke.InnerClassLambdaMetafactory::lambdaClassName (57 bytes)
Event: 22.634 Thread 0x000001a84156eff0 nmethod 4857 0x000001a82b3d0010 code [0x000001a82b3d02a0, 0x000001a82b3d0ac8]
Event: 22.634 Thread 0x000001a84156eff0 4860       1       java.util.concurrent.ConcurrentHashMap$MapEntry::getKey (5 bytes)
Event: 22.634 Thread 0x000001a84156eff0 nmethod 4860 0x000001a832ea1110 code [0x000001a832ea12a0, 0x000001a832ea1378]
Event: 22.634 Thread 0x000001a84156eff0 4861       1       java.util.concurrent.ConcurrentHashMap$MapEntry::getValue (5 bytes)
Event: 22.634 Thread 0x000001a84156eff0 nmethod 4861 0x000001a832ec2c10 code [0x000001a832ec2da0, 0x000001a832ec2e78]
Event: 22.634 Thread 0x000001a84156eff0 4862       3       sun.security.provider.SHA::implCompress0 (506 bytes)
Event: 22.635 Thread 0x000001a84156eff0 nmethod 4862 0x000001a82b3fc090 code [0x000001a82b3fc2c0, 0x000001a82b3fcce8]
Event: 22.635 Thread 0x000001a84156eff0 4859       3       java.lang.invoke.LambdaMetafactory::metafactory (71 bytes)
Event: 22.636 Thread 0x000001a84156eff0 nmethod 4859 0x000001a82b4c2010 code [0x000001a82b4c22a0, 0x000001a82b4c2da8]
Event: 22.636 Thread 0x000001a84156eff0 4863       3       sun.security.provider.SHA::implCompress (13 bytes)
Event: 22.636 Thread 0x000001a84156eff0 nmethod 4863 0x000001a82b5db810 code [0x000001a82b5dba00, 0x000001a82b5dbe48]
Event: 22.636 Thread 0x000001a84156eff0 4864       3       sun.security.provider.SHA::implCompressCheck (27 bytes)
Event: 22.637 Thread 0x000001a84156eff0 nmethod 4864 0x000001a82b595890 code [0x000001a82b595a60, 0x000001a82b595e18]
Event: 22.637 Thread 0x000001a84156eff0 4865       3       java.lang.String::encode (48 bytes)
Event: 22.637 Thread 0x000001a84156eff0 nmethod 4865 0x000001a82b481210 code [0x000001a82b481400, 0x000001a82b481758]

GC Heap History (20 events):
Event: 4.887 GC heap before
{Heap before GC invocations=3 (full 0):
 garbage-first heap   total 131072K, used 86856K [0x0000000080000000, 0x0000000100000000)
  region size 1024K, 71 young (72704K), 2 survivors (2048K)
 Metaspace       used 20291K, committed 20544K, reserved 1114112K
  class space    used 2081K, committed 2240K, reserved 1048576K
}
Event: 4.901 GC heap after
{Heap after GC invocations=4 (full 0):
 garbage-first heap   total 131072K, used 21587K [0x0000000080000000, 0x0000000100000000)
  region size 1024K, 7 young (7168K), 7 survivors (7168K)
 Metaspace       used 20291K, committed 20544K, reserved 1114112K
  class space    used 2081K, committed 2240K, reserved 1048576K
}
Event: 5.352 GC heap before
{Heap before GC invocations=4 (full 0):
 garbage-first heap   total 131072K, used 63571K [0x0000000080000000, 0x0000000100000000)
  region size 1024K, 49 young (50176K), 7 survivors (7168K)
 Metaspace       used 21249K, committed 21504K, reserved 1114112K
  class space    used 2170K, committed 2304K, reserved 1048576K
}
Event: 5.364 GC heap after
{Heap after GC invocations=5 (full 0):
 garbage-first heap   total 131072K, used 21913K [0x0000000080000000, 0x0000000100000000)
  region size 1024K, 1 young (1024K), 1 survivors (1024K)
 Metaspace       used 21249K, committed 21504K, reserved 1114112K
  class space    used 2170K, committed 2304K, reserved 1048576K
}
Event: 7.088 GC heap before
{Heap before GC invocations=6 (full 0):
 garbage-first heap   total 78848K, used 67993K [0x0000000080000000, 0x0000000100000000)
  region size 1024K, 46 young (47104K), 1 survivors (1024K)
 Metaspace       used 28666K, committed 29056K, reserved 1114112K
  class space    used 3029K, committed 3200K, reserved 1048576K
}
Event: 7.101 GC heap after
{Heap after GC invocations=7 (full 0):
 garbage-first heap   total 78848K, used 25172K [0x0000000080000000, 0x0000000100000000)
  region size 1024K, 5 young (5120K), 5 survivors (5120K)
 Metaspace       used 28666K, committed 29056K, reserved 1114112K
  class space    used 3029K, committed 3200K, reserved 1048576K
}
Event: 7.104 GC heap before
{Heap before GC invocations=7 (full 0):
 garbage-first heap   total 78848K, used 26196K [0x0000000080000000, 0x0000000100000000)
  region size 1024K, 6 young (6144K), 5 survivors (5120K)
 Metaspace       used 28667K, committed 29056K, reserved 1114112K
  class space    used 3029K, committed 3200K, reserved 1048576K
}
Event: 7.115 GC heap after
{Heap after GC invocations=8 (full 0):
 garbage-first heap   total 78848K, used 25809K [0x0000000080000000, 0x0000000100000000)
  region size 1024K, 1 young (1024K), 1 survivors (1024K)
 Metaspace       used 28667K, committed 29056K, reserved 1114112K
  class space    used 3029K, committed 3200K, reserved 1048576K
}
Event: 7.456 GC heap before
{Heap before GC invocations=8 (full 0):
 garbage-first heap   total 78848K, used 59601K [0x0000000080000000, 0x0000000100000000)
  region size 1024K, 31 young (31744K), 1 survivors (1024K)
 Metaspace       used 29888K, committed 30208K, reserved 1114112K
  class space    used 3112K, committed 3264K, reserved 1048576K
}
Event: 7.459 GC heap after
{Heap after GC invocations=9 (full 0):
 garbage-first heap   total 78848K, used 25809K [0x0000000080000000, 0x0000000100000000)
  region size 1024K, 1 young (1024K), 1 survivors (1024K)
 Metaspace       used 29888K, committed 30208K, reserved 1114112K
  class space    used 3112K, committed 3264K, reserved 1048576K
}
Event: 7.916 GC heap before
{Heap before GC invocations=9 (full 0):
 garbage-first heap   total 78848K, used 59601K [0x0000000080000000, 0x0000000100000000)
  region size 1024K, 34 young (34816K), 1 survivors (1024K)
 Metaspace       used 31111K, committed 31488K, reserved 1114112K
  class space    used 3265K, committed 3456K, reserved 1048576K
}
Event: 7.921 GC heap after
{Heap after GC invocations=10 (full 0):
 garbage-first heap   total 78848K, used 26218K [0x0000000080000000, 0x0000000100000000)
  region size 1024K, 2 young (2048K), 2 survivors (2048K)
 Metaspace       used 31111K, committed 31488K, reserved 1114112K
  class space    used 3265K, committed 3456K, reserved 1048576K
}
Event: 8.437 GC heap before
{Heap before GC invocations=10 (full 0):
 garbage-first heap   total 78848K, used 60010K [0x0000000080000000, 0x0000000100000000)
  region size 1024K, 35 young (35840K), 2 survivors (2048K)
 Metaspace       used 32006K, committed 32448K, reserved 1114112K
  class space    used 3348K, committed 3584K, reserved 1048576K
}
Event: 8.445 GC heap after
{Heap after GC invocations=11 (full 0):
 garbage-first heap   total 78848K, used 27456K [0x0000000080000000, 0x0000000100000000)
  region size 1024K, 3 young (3072K), 3 survivors (3072K)
 Metaspace       used 32006K, committed 32448K, reserved 1114112K
  class space    used 3348K, committed 3584K, reserved 1048576K
}
Event: 9.038 GC heap before
{Heap before GC invocations=11 (full 0):
 garbage-first heap   total 78848K, used 61248K [0x0000000080000000, 0x0000000100000000)
  region size 1024K, 36 young (36864K), 3 survivors (3072K)
 Metaspace       used 32478K, committed 32896K, reserved 1114112K
  class space    used 3388K, committed 3584K, reserved 1048576K
}
Event: 9.049 GC heap after
{Heap after GC invocations=12 (full 0):
 garbage-first heap   total 78848K, used 28970K [0x0000000080000000, 0x0000000100000000)
  region size 1024K, 4 young (4096K), 4 survivors (4096K)
 Metaspace       used 32478K, committed 32896K, reserved 1114112K
  class space    used 3388K, committed 3584K, reserved 1048576K
}
Event: 9.399 GC heap before
{Heap before GC invocations=12 (full 0):
 garbage-first heap   total 78848K, used 62762K [0x0000000080000000, 0x0000000100000000)
  region size 1024K, 37 young (37888K), 4 survivors (4096K)
 Metaspace       used 32960K, committed 33408K, reserved 1114112K
  class space    used 3435K, committed 3648K, reserved 1048576K
}
Event: 9.415 GC heap after
{Heap after GC invocations=13 (full 0):
 garbage-first heap   total 95232K, used 31204K [0x0000000080000000, 0x0000000100000000)
  region size 1024K, 5 young (5120K), 5 survivors (5120K)
 Metaspace       used 32960K, committed 33408K, reserved 1114112K
  class space    used 3435K, committed 3648K, reserved 1048576K
}
Event: 10.726 GC heap before
{Heap before GC invocations=13 (full 0):
 garbage-first heap   total 95232K, used 72164K [0x0000000080000000, 0x0000000100000000)
  region size 1024K, 46 young (47104K), 5 survivors (5120K)
 Metaspace       used 35443K, committed 35968K, reserved 1114112K
  class space    used 3780K, committed 4032K, reserved 1048576K
}
Event: 10.744 GC heap after
{Heap after GC invocations=14 (full 0):
 garbage-first heap   total 95232K, used 33383K [0x0000000080000000, 0x0000000100000000)
  region size 1024K, 6 young (6144K), 6 survivors (6144K)
 Metaspace       used 35443K, committed 35968K, reserved 1114112K
  class space    used 3780K, committed 4032K, reserved 1048576K
}

Dll operation events (6 events):
Event: 0.039 Loaded shared library C:\Users\Admin\.katalon\packages\KS-9.7.2\jre\bin\java.dll
Event: 0.552 Loaded shared library C:\Users\Admin\.katalon\packages\KS-9.7.2\jre\bin\net.dll
Event: 0.555 Loaded shared library C:\Users\Admin\.katalon\packages\KS-9.7.2\jre\bin\nio.dll
Event: 0.576 Loaded shared library C:\Users\Admin\.katalon\packages\KS-9.7.2\jre\bin\zip.dll
Event: 1.636 Loaded shared library C:\Users\Admin\.katalon\packages\KS-9.7.2\jre\bin\verify.dll
Event: 2.284 Loaded shared library C:\Users\Admin\.katalon\packages\KS-9.7.2\jre\bin\jimage.dll

Deoptimization events (20 events):
Event: 22.517 Thread 0x000001a827d53060 Uncommon trap: trap_request=0xffffffbe fr.pc=0x000001a832ec83e4 relative=0x00000000000004c4
Event: 22.517 Thread 0x000001a827d53060 Uncommon trap: reason=profile_predicate action=maybe_recompile pc=0x000001a832ec83e4 method=jdk.internal.jimage.ImageStringsReader.stringFromByteBufferMatches(Ljava/nio/ByteBuffer;ILjava/lang/String;I)I @ 19 c2
Event: 22.517 Thread 0x000001a827d53060 DEOPT PACKING pc=0x000001a832ec83e4 sp=0x0000008ce66f8fc0
Event: 22.518 Thread 0x000001a827d53060 DEOPT UNPACKING pc=0x000001a8329569a3 sp=0x0000008ce66f8f58 mode 2
Event: 22.542 Thread 0x000001a827d53060 Uncommon trap: trap_request=0xffffff45 fr.pc=0x000001a832fcfa98 relative=0x0000000000000898
Event: 22.542 Thread 0x000001a827d53060 Uncommon trap: reason=unstable_if action=reinterpret pc=0x000001a832fcfa98 method=java.util.HashMap.putVal(ILjava/lang/Object;Ljava/lang/Object;ZZ)Ljava/lang/Object; @ 236 c2
Event: 22.542 Thread 0x000001a827d53060 DEOPT PACKING pc=0x000001a832fcfa98 sp=0x0000008ce66f82e0
Event: 22.542 Thread 0x000001a827d53060 DEOPT UNPACKING pc=0x000001a8329569a3 sp=0x0000008ce66f8288 mode 2
Event: 22.543 Thread 0x000001a827d53060 Uncommon trap: trap_request=0xffffff45 fr.pc=0x000001a832fa5048 relative=0x00000000000000c8
Event: 22.543 Thread 0x000001a827d53060 Uncommon trap: reason=unstable_if action=reinterpret pc=0x000001a832fa5048 method=java.lang.ref.SoftReference.get()Ljava/lang/Object; @ 6 c2
Event: 22.543 Thread 0x000001a827d53060 DEOPT PACKING pc=0x000001a832fa5048 sp=0x0000008ce66f9010
Event: 22.543 Thread 0x000001a827d53060 DEOPT UNPACKING pc=0x000001a8329569a3 sp=0x0000008ce66f8fc8 mode 2
Event: 22.566 Thread 0x000001a827d53060 Uncommon trap: trap_request=0xffffffc6 fr.pc=0x000001a8330780d0 relative=0x00000000000040b0
Event: 22.566 Thread 0x000001a827d53060 Uncommon trap: reason=bimorphic_or_optimized_type_check action=maybe_recompile pc=0x000001a8330780d0 method=java.net.URL.<init>(Ljava/net/URL;Ljava/lang/String;Ljava/net/URLStreamHandler;)V @ 504 c2
Event: 22.566 Thread 0x000001a827d53060 DEOPT PACKING pc=0x000001a8330780d0 sp=0x0000008ce66f76f0
Event: 22.566 Thread 0x000001a827d53060 DEOPT UNPACKING pc=0x000001a8329569a3 sp=0x0000008ce66f7680 mode 2
Event: 22.588 Thread 0x000001a827d53060 Uncommon trap: trap_request=0xffffff45 fr.pc=0x000001a83305fe48 relative=0x0000000000000228
Event: 22.588 Thread 0x000001a827d53060 Uncommon trap: reason=unstable_if action=reinterpret pc=0x000001a83305fe48 method=java.util.StringTokenizer.scanToken(I)I @ 42 c2
Event: 22.588 Thread 0x000001a827d53060 DEOPT PACKING pc=0x000001a83305fe48 sp=0x0000008ce66f8280
Event: 22.588 Thread 0x000001a827d53060 DEOPT UNPACKING pc=0x000001a8329569a3 sp=0x0000008ce66f8210 mode 2

Classes unloaded (0 events):
No events

Classes redefined (0 events):
No events

Internal exceptions (20 events):
Event: 19.394 Thread 0x000001a84155b9f0 Exception <a 'java/net/ConnectException'{0x0000000085b902f8}: Connection refused: no further information> (0x0000000085b902f8) 
thrown [s\src\hotspot\share\prims\jni.cpp, line 535]
Event: 19.395 Thread 0x000001a84155b9f0 Exception <a 'java/net/SocketException'{0x0000000085b90630}: Socket is not connected: shutdown> (0x0000000085b90630) 
thrown [s\src\hotspot\share\prims\jni.cpp, line 535]
Event: 19.717 Thread 0x000001a84155b9f0 Exception <a 'java/net/ConnectException'{0x0000000085b91730}: Connection refused: no further information> (0x0000000085b91730) 
thrown [s\src\hotspot\share\prims\jni.cpp, line 535]
Event: 19.717 Thread 0x000001a84155b9f0 Exception <a 'java/net/SocketException'{0x0000000085b91a68}: Socket is not connected: shutdown> (0x0000000085b91a68) 
thrown [s\src\hotspot\share\prims\jni.cpp, line 535]
Event: 20.039 Thread 0x000001a84155b9f0 Exception <a 'java/net/ConnectException'{0x0000000085b92b68}: Connection refused: no further information> (0x0000000085b92b68) 
thrown [s\src\hotspot\share\prims\jni.cpp, line 535]
Event: 20.039 Thread 0x000001a84155b9f0 Exception <a 'java/net/SocketException'{0x0000000085b92ea0}: Socket is not connected: shutdown> (0x0000000085b92ea0) 
thrown [s\src\hotspot\share\prims\jni.cpp, line 535]
Event: 20.364 Thread 0x000001a84155b9f0 Exception <a 'java/net/ConnectException'{0x0000000085b93fa0}: Connection refused: no further information> (0x0000000085b93fa0) 
thrown [s\src\hotspot\share\prims\jni.cpp, line 535]
Event: 20.364 Thread 0x000001a84155b9f0 Exception <a 'java/net/SocketException'{0x0000000085b942d8}: Socket is not connected: shutdown> (0x0000000085b942d8) 
thrown [s\src\hotspot\share\prims\jni.cpp, line 535]
Event: 20.691 Thread 0x000001a84155b9f0 Exception <a 'java/net/ConnectException'{0x0000000085b953d8}: Connection refused: no further information> (0x0000000085b953d8) 
thrown [s\src\hotspot\share\prims\jni.cpp, line 535]
Event: 20.691 Thread 0x000001a84155b9f0 Exception <a 'java/net/SocketException'{0x0000000085b95710}: Socket is not connected: shutdown> (0x0000000085b95710) 
thrown [s\src\hotspot\share\prims\jni.cpp, line 535]
Event: 21.013 Thread 0x000001a84155b9f0 Exception <a 'java/net/ConnectException'{0x0000000085b96810}: Connection refused: no further information> (0x0000000085b96810) 
thrown [s\src\hotspot\share\prims\jni.cpp, line 535]
Event: 21.013 Thread 0x000001a84155b9f0 Exception <a 'java/net/SocketException'{0x0000000085b96b48}: Socket is not connected: shutdown> (0x0000000085b96b48) 
thrown [s\src\hotspot\share\prims\jni.cpp, line 535]
Event: 21.335 Thread 0x000001a84155b9f0 Exception <a 'java/net/ConnectException'{0x0000000085b97c48}: Connection refused: no further information> (0x0000000085b97c48) 
thrown [s\src\hotspot\share\prims\jni.cpp, line 535]
Event: 21.335 Thread 0x000001a84155b9f0 Exception <a 'java/net/SocketException'{0x0000000085b97f80}: Socket is not connected: shutdown> (0x0000000085b97f80) 
thrown [s\src\hotspot\share\prims\jni.cpp, line 535]
Event: 21.656 Thread 0x000001a84155b9f0 Exception <a 'java/net/ConnectException'{0x0000000085b99080}: Connection refused: no further information> (0x0000000085b99080) 
thrown [s\src\hotspot\share\prims\jni.cpp, line 535]
Event: 21.656 Thread 0x000001a84155b9f0 Exception <a 'java/net/SocketException'{0x0000000085b993b8}: Socket is not connected: shutdown> (0x0000000085b993b8) 
thrown [s\src\hotspot\share\prims\jni.cpp, line 535]
Event: 21.977 Thread 0x000001a84155b9f0 Exception <a 'java/net/ConnectException'{0x0000000085b9a4b8}: Connection refused: no further information> (0x0000000085b9a4b8) 
thrown [s\src\hotspot\share\prims\jni.cpp, line 535]
Event: 21.978 Thread 0x000001a84155b9f0 Exception <a 'java/net/SocketException'{0x0000000085b9a7f0}: Socket is not connected: shutdown> (0x0000000085b9a7f0) 
thrown [s\src\hotspot\share\prims\jni.cpp, line 535]
Event: 22.556 Thread 0x000001a827d53060 Exception <a 'sun/nio/fs/WindowsException'{0x0000000085887c88}> (0x0000000085887c88) 
thrown [s\src\hotspot\share\prims\jni.cpp, line 516]
Event: 22.620 Thread 0x000001a827d53060 Exception <a 'java/lang/NoSuchMethodError'{0x000000008575bde0}: 'java.lang.Object java.lang.invoke.DirectMethodHandle$Holder.invokeStaticInit(java.lang.Object, int, int, int, int)'> (0x000000008575bde0) 
thrown [s\src\hotspot\share\interpreter\linkResolver.cpp, line 759]

VM Operations (20 events):
Event: 15.666 Executing VM operation: HandshakeAllThreads
Event: 15.669 Executing VM operation: HandshakeAllThreads done
Event: 15.669 Executing VM operation: Cleanup
Event: 15.669 Executing VM operation: Cleanup done
Event: 16.670 Executing VM operation: Cleanup
Event: 16.670 Executing VM operation: Cleanup done
Event: 22.343 Executing VM operation: HandshakeAllThreads
Event: 22.343 Executing VM operation: HandshakeAllThreads done
Event: 22.344 Executing VM operation: HandshakeAllThreads
Event: 22.345 Executing VM operation: HandshakeAllThreads done
Event: 22.347 Executing VM operation: HandshakeAllThreads
Event: 22.347 Executing VM operation: HandshakeAllThreads done
Event: 22.558 Executing VM operation: HandshakeAllThreads
Event: 22.558 Executing VM operation: HandshakeAllThreads done
Event: 22.558 Executing VM operation: Cleanup
Event: 22.558 Executing VM operation: Cleanup done
Event: 22.559 Executing VM operation: HandshakeAllThreads
Event: 22.559 Executing VM operation: HandshakeAllThreads done
Event: 22.560 Executing VM operation: HandshakeAllThreads
Event: 22.560 Executing VM operation: HandshakeAllThreads done

Events (20 events):
Event: 22.621 loading class javax/net/ssl/X509KeyManager
Event: 22.622 loading class javax/net/ssl/KeyManager
Event: 22.622 loading class javax/net/ssl/KeyManager done
Event: 22.622 loading class javax/net/ssl/X509KeyManager done
Event: 22.622 loading class javax/net/ssl/X509ExtendedKeyManager done
Event: 22.622 loading class sun/security/ssl/DummyX509KeyManager done
Event: 22.622 loading class javax/net/ssl/X509ExtendedTrustManager
Event: 22.622 loading class javax/net/ssl/X509ExtendedTrustManager done
Event: 22.622 loading class sun/security/ssl/AbstractTrustManagerWrapper
Event: 22.622 loading class sun/security/ssl/AbstractTrustManagerWrapper done
Event: 22.622 loading class java/security/DrbgParameters$NextBytes
Event: 22.622 loading class java/security/DrbgParameters$NextBytes done
Event: 22.622 loading class sun/security/provider/AbstractDrbg$SeederHolder
Event: 22.622 loading class sun/security/provider/AbstractDrbg$SeederHolder done
Event: 22.622 loading class sun/security/provider/SeedGenerator
Event: 22.623 loading class sun/security/provider/SeedGenerator done
Event: 22.623 loading class sun/security/provider/NativeSeedGenerator
Event: 22.623 loading class sun/security/provider/NativeSeedGenerator done
Event: 22.628 loading class sun/security/provider/SeedGenerator$1
Event: 22.628 loading class sun/security/provider/SeedGenerator$1 done


Dynamic libraries:
0x00007ff68ab60000 - 0x00007ff68ab6e000 	C:\Users\Admin\.katalon\packages\KS-9.7.2\jre\bin\javaw.exe
0x00007ffd17a10000 - 0x00007ffd17bfe000 	C:\Windows\SYSTEM32\ntdll.dll
0x00007ffd17690000 - 0x00007ffd17743000 	C:\Windows\System32\KERNEL32.DLL
0x00007ffd13a70000 - 0x00007ffd13d0d000 	C:\Windows\System32\KERNELBASE.dll
0x00007ffd14880000 - 0x00007ffd1497a000 	C:\Windows\System32\ucrtbase.dll
0x00007ffd0c810000 - 0x00007ffd0c827000 	C:\Users\Admin\.katalon\packages\KS-9.7.2\jre\bin\jli.dll
0x00007ffd14d10000 - 0x00007ffd14ea7000 	C:\Windows\System32\USER32.dll
0x00007ffd13d10000 - 0x00007ffd13d30000 	C:\Windows\System32\win32u.dll
0x00007ffd17880000 - 0x00007ffd178a9000 	C:\Windows\System32\GDI32.dll
0x00007ffd13d80000 - 0x00007ffd13f27000 	C:\Windows\System32\gdi32full.dll
0x00007ffd147e0000 - 0x00007ffd14880000 	C:\Windows\System32\msvcp_win.dll
0x00007ffd02be0000 - 0x00007ffd02bf9000 	C:\Users\Admin\.katalon\packages\KS-9.7.2\jre\bin\VCRUNTIME140.dll
0x00007ffcfd520000 - 0x00007ffcfd799000 	C:\Windows\WinSxS\amd64_microsoft.windows.common-controls_6595b64144ccf1df_6.0.17763.6659_none_de721f8a534a9678\COMCTL32.dll
0x00007ffd160b0000 - 0x00007ffd1614e000 	C:\Windows\System32\msvcrt.dll
0x00007ffd14eb0000 - 0x00007ffd151da000 	C:\Windows\System32\combase.dll
0x00007ffd156c0000 - 0x00007ffd157d8000 	C:\Windows\System32\RPCRT4.dll
0x00007ffd14ba0000 - 0x00007ffd14c22000 	C:\Windows\System32\bcryptPrimitives.dll
0x00007ffd17660000 - 0x00007ffd1768e000 	C:\Windows\System32\IMM32.DLL
0x00007ffd07600000 - 0x00007ffd0760c000 	C:\Users\Admin\.katalon\packages\KS-9.7.2\jre\bin\vcruntime140_1.dll
0x00007ffd00350000 - 0x00007ffd003e1000 	C:\Users\Admin\.katalon\packages\KS-9.7.2\jre\bin\msvcp140.dll
0x00007ffc94530000 - 0x00007ffc95178000 	C:\Users\Admin\.katalon\packages\KS-9.7.2\jre\bin\server\jvm.dll
0x00007ffd177d0000 - 0x00007ffd17878000 	C:\Windows\System32\ADVAPI32.dll
0x00007ffd16000000 - 0x00007ffd160a2000 	C:\Windows\System32\sechost.dll
0x00007ffd13d30000 - 0x00007ffd13d56000 	C:\Windows\System32\bcrypt.dll
0x00007ffcf9de0000 - 0x00007ffcf9de9000 	C:\Windows\SYSTEM32\WSOCK32.dll
0x00007ffd17760000 - 0x00007ffd177cd000 	C:\Windows\System32\WS2_32.dll
0x00007ffd0e4d0000 - 0x00007ffd0e4f4000 	C:\Windows\SYSTEM32\WINMM.dll
0x00007ffd0db90000 - 0x00007ffd0db9a000 	C:\Windows\SYSTEM32\VERSION.dll
0x00007ffd0e4a0000 - 0x00007ffd0e4cd000 	C:\Windows\SYSTEM32\WINMMBASE.dll
0x00007ffd13f30000 - 0x00007ffd13f7a000 	C:\Windows\System32\cfgmgr32.dll
0x00007ffd13a50000 - 0x00007ffd13a61000 	C:\Windows\System32\kernel.appcore.dll
0x00007ffd0fd40000 - 0x00007ffd0fd4a000 	C:\Users\Admin\.katalon\packages\KS-9.7.2\jre\bin\jimage.dll
0x00007ffd12240000 - 0x00007ffd1242d000 	C:\Windows\SYSTEM32\DBGHELP.DLL
0x00007ffcfb0f0000 - 0x00007ffcfb11a000 	C:\Windows\SYSTEM32\dbgcore.DLL
0x00007ffd0cd50000 - 0x00007ffd0cd75000 	C:\Users\Admin\.katalon\packages\KS-9.7.2\jre\bin\java.dll
0x00007ffd0cda0000 - 0x00007ffd0cdb8000 	C:\Users\Admin\.katalon\packages\KS-9.7.2\jre\bin\zip.dll
0x00007ffd16160000 - 0x00007ffd17658000 	C:\Windows\System32\SHELL32.dll
0x00007ffd15d20000 - 0x00007ffd15dc7000 	C:\Windows\System32\shcore.dll
0x00007ffd14090000 - 0x00007ffd147d8000 	C:\Windows\System32\windows.storage.dll
0x00007ffd139a0000 - 0x00007ffd139c3000 	C:\Windows\System32\profapi.dll
0x00007ffd139d0000 - 0x00007ffd13a2d000 	C:\Windows\System32\powrprof.dll
0x00007ffd178b0000 - 0x00007ffd17902000 	C:\Windows\System32\shlwapi.dll
0x00007ffd13d60000 - 0x00007ffd13d7b000 	C:\Windows\System32\cryptsp.dll
0x00007ffd0cba0000 - 0x00007ffd0cbb9000 	C:\Users\Admin\.katalon\packages\KS-9.7.2\jre\bin\net.dll
0x00007ffd0a7d0000 - 0x00007ffd0a8cd000 	C:\Windows\SYSTEM32\WINHTTP.dll
0x00007ffd131a0000 - 0x00007ffd13207000 	C:\Windows\system32\mswsock.dll
0x00007ffd02ce0000 - 0x00007ffd02cf5000 	C:\Users\Admin\.katalon\packages\KS-9.7.2\jre\bin\nio.dll
0x00007ffd0fd20000 - 0x00007ffd0fd30000 	C:\Users\Admin\.katalon\packages\KS-9.7.2\jre\bin\verify.dll
0x00007ffd12ea0000 - 0x00007ffd12edd000 	C:\Windows\SYSTEM32\IPHLPAPI.DLL
0x00007ffd17750000 - 0x00007ffd17758000 	C:\Windows\System32\NSI.dll
0x00007ffd0c400000 - 0x00007ffd0c416000 	C:\Windows\SYSTEM32\dhcpcsvc6.DLL
0x00007ffd0c220000 - 0x00007ffd0c23c000 	C:\Windows\SYSTEM32\dhcpcsvc.DLL
0x00007ffd12ee0000 - 0x00007ffd12fa6000 	C:\Windows\SYSTEM32\DNSAPI.dll
0x00007ffd12cd0000 - 0x00007ffd12d03000 	C:\Windows\system32\rsaenh.dll
0x00007ffd138a0000 - 0x00007ffd138c9000 	C:\Windows\SYSTEM32\USERENV.dll
0x00007ffd13320000 - 0x00007ffd1332c000 	C:\Windows\SYSTEM32\CRYPTBASE.dll

dbghelp: loaded successfully - version: 4.0.5 - missing functions: none
symbol engine: initialized successfully - sym options: 0x614 - pdb path: .;C:\Users\Admin\.katalon\packages\KS-9.7.2\jre\bin;C:\Windows\SYSTEM32;C:\Windows\WinSxS\amd64_microsoft.windows.common-controls_6595b64144ccf1df_6.0.17763.6659_none_de721f8a534a9678;C:\Users\Admin\.katalon\packages\KS-9.7.2\jre\bin\server

VM Arguments:
jvm_args: -Dgroovy.home=C:\Users\Admin/.groovy -Djava.system.class.loader=groovy.lang.GroovyClassLoader -Xmx2048m -Dfile.encoding=UTF-8 -XX:+ShowCodeDetailsInExceptionMessages 
java_command: org.codehaus.groovy.tools.GroovyStarter --classpath C:\Users\Admin\Katalon Studio\FisrtProject\bin\keyword;C:\Users\Admin\Katalon Studio\FisrtProject\Keywords;C:\Users\Admin\Katalon Studio\FisrtProject\bin\listener;C:\Users\Admin\Katalon Studio\FisrtProject\Test Listeners;C:\Users\Admin\Katalon Studio\FisrtProject\bin\lib;C:\Users\Admin\Katalon Studio\FisrtProject\Libs;C:\Users\Admin\Katalon Studio\FisrtProject\bin\groovy;C:\Users\Admin\Katalon Studio\FisrtProject\Include\scripts\groovy;C:\Users\Admin\.katalon\packages\KS-9.7.2\plugins\com.kms.katalon.core_1.0.0.202409190502.jar;C:\Users\Admin\.katalon\packages\KS-9.7.2\configuration\resources\lib\aalto-xml-1.0.0.jar;C:\Users\Admin\.katalon\packages\KS-9.7.2\configuration\resources\lib\aspectjweaver-1.9.1.jar;C:\Users\Admin\.katalon\packages\KS-9.7.2\configuration\resources\lib\aws-2.20.3-fat.jar;C:\Users\Admin\.katalon\packages\KS-9.7.2\configuration\resources\lib\bcpkix-jdk15on-1.64.jar;C:\Users\Admin\.katalon\packages\KS-9.7.2\configuration\resources\lib\bcprov-jdk15on-1.64.jar;C:\Users\Admin\.katalon\packages\KS-9.7.2\configuration\resources\lib\browsermob-core-2.1.5.jar;C:\Users\Admin\.katalon\packages\KS-9.7.2\configuration\resources\lib\byte-buddy-1.14.3.jar;C:\Users\Admin\.katalon\packages\KS-9.7.2\configuration\resources\lib\byte-buddy-agent-1.14.3.jar;C:\Users\Admin\.katalon\packages\KS-9.7.2\configuration\resources\lib\cglib-3.2.10.jar;C:\Users\Admin\.katalon\packages\KS-9.7.2\configuration\resources\lib\commons-codec-1.10.jar;C:\Users\Admin\.katalon\packages\KS-9.7.2\configuration\resources\lib\commons-collections4-4.1.jar;C:\Users\Admin\.katalon\packages\KS-9.7.2\configuration\resources\lib\commons-validator-1.6.jar;C:\Users\Admin\.katalon\packages\KS-9.7.2\configuration\resources\lib\curvesapi-1.04.jar;C:\Users\Admin\.katalon\packages\KS-9.7.2\configuration\resources\lib\dnsjava-2.1.8.jar;C:\Users\Admin\.katalon\packages\KS-9.7.2\configuration\resources\lib\groovy-3.0.17-fat.jar;C:\User
java_class_path (initial): C:\Users\Admin\Katalon Studio\FisrtProject\bin\keyword;C:\Users\Admin\Katalon Studio\FisrtProject\bin\listener;C:\Users\Admin\Katalon Studio\FisrtProject\bin\lib;C:\Users\Admin\Katalon Studio\FisrtProject\bin\groovy;C:\Users\Admin\Katalon Studio\FisrtProject\bin;C:\Users\Admin\.katalon\packages\KS-9.7.2\plugins\com.kms.katalon.core_1.0.0.202409190502.jar;C:\Users\Admin\.katalon\packages\KS-9.7.2\configuration\resources\lib\aalto-xml-1.0.0.jar;C:\Users\Admin\.katalon\packages\KS-9.7.2\configuration\resources\lib\aspectjweaver-1.9.1.jar;C:\Users\Admin\.katalon\packages\KS-9.7.2\configuration\resources\lib\aws-2.20.3-fat.jar;C:\Users\Admin\.katalon\packages\KS-9.7.2\configuration\resources\lib\bcpkix-jdk15on-1.64.jar;C:\Users\Admin\.katalon\packages\KS-9.7.2\configuration\resources\lib\bcprov-jdk15on-1.64.jar;C:\Users\Admin\.katalon\packages\KS-9.7.2\configuration\resources\lib\browsermob-core-2.1.5.jar;C:\Users\Admin\.katalon\packages\KS-9.7.2\configuration\resources\lib\byte-buddy-1.14.3.jar;C:\Users\Admin\.katalon\packages\KS-9.7.2\configuration\resources\lib\byte-buddy-agent-1.14.3.jar;C:\Users\Admin\.katalon\packages\KS-9.7.2\configuration\resources\lib\cglib-3.2.10.jar;C:\Users\Admin\.katalon\packages\KS-9.7.2\configuration\resources\lib\commons-codec-1.10.jar;C:\Users\Admin\.katalon\packages\KS-9.7.2\configuration\resources\lib\commons-collections4-4.1.jar;C:\Users\Admin\.katalon\packages\KS-9.7.2\configuration\resources\lib\commons-validator-1.6.jar;C:\Users\Admin\.katalon\packages\KS-9.7.2\configuration\resources\lib\curvesapi-1.04.jar;C:\Users\Admin\.katalon\packages\KS-9.7.2\configuration\resources\lib\dnsjava-2.1.8.jar;C:\Users\Admin\.katalon\packages\KS-9.7.2\configuration\resources\lib\groovy-3.0.17-fat.jar;C:\Users\Admin\.katalon\packages\KS-9.7.2\configuration\resources\lib\jackson-coreutils-2.0.jar;C:\Users\Admin\.katalon\packages\KS-9.7.2\configuration\resources\lib\jackson-coreutils-equivalence-1.0.jar;C:\Users\Admin\.kat
Launcher Type: SUN_STANDARD

[Global flags]
     intx CICompilerCount                          = 3                                         {product} {ergonomic}
     uint ConcGCThreads                            = 1                                         {product} {ergonomic}
     uint G1ConcRefinementThreads                  = 4                                         {product} {ergonomic}
   size_t G1HeapRegionSize                         = 1048576                                   {product} {ergonomic}
    uintx GCDrainStackTargetSize                   = 64                                        {product} {ergonomic}
   size_t InitialHeapSize                          = 134217728                                 {product} {ergonomic}
   size_t MarkStackSize                            = 4194304                                   {product} {ergonomic}
   size_t MaxHeapSize                              = 2147483648                                {product} {command line}
   size_t MaxNewSize                               = 1287651328                                {product} {ergonomic}
   size_t MinHeapDeltaBytes                        = 1048576                                   {product} {ergonomic}
   size_t MinHeapSize                              = 8388608                                   {product} {ergonomic}
    uintx NonNMethodCodeHeapSize                   = 5832780                                {pd product} {ergonomic}
    uintx NonProfiledCodeHeapSize                  = 122912730                              {pd product} {ergonomic}
    uintx ProfiledCodeHeapSize                     = 122912730                              {pd product} {ergonomic}
    uintx ReservedCodeCacheSize                    = 251658240                              {pd product} {ergonomic}
     bool SegmentedCodeCache                       = true                                      {product} {ergonomic}
     bool ShowCodeDetailsInExceptionMessages       = true                                   {manageable} {command line}
   size_t SoftMaxHeapSize                          = 2147483648                             {manageable} {ergonomic}
     bool UseCompressedClassPointers               = true                           {product lp64_product} {ergonomic}
     bool UseCompressedOops                        = true                           {product lp64_product} {ergonomic}
     bool UseG1GC                                  = true                                      {product} {ergonomic}
     bool UseLargePagesIndividualAllocation        = false                                  {pd product} {ergonomic}

Logging:
Log output configuration:
 #0: stdout all=warning uptime,level,tags
 #1: stderr all=off uptime,level,tags

Environment Variables:
JAVA_HOME=C:\Users\Admin\.katalon\packages\KS-9.7.2\jre
PATH=C:/Users/Admin/.katalon/packages/KS-9.7.2/jre/bin/server;C:/Users/Admin/.katalon/packages/KS-9.7.2/jre/bin;C:\Program Files\Common Files\Oracle\Java\javapath;C:\Windows\system32;C:\Windows;C:\Windows\System32\Wbem;C:\Windows\System32\WindowsPowerShell\v1.0\;C:\Windows\System32\OpenSSH\;C:\Program Files\Microsoft SQL Server\Client SDK\ODBC\170\Tools\Binn\;C:\Program Files (x86)\Microsoft SQL Server\150\Tools\Binn\;C:\Program Files\Microsoft SQL Server\150\Tools\Binn\;C:\Program Files\Microsoft SQL Server\150\DTS\Binn\;C:\Program Files (x86)\STMicroelectronics\STM32 ST-LINK Utility\ST-LINK Utility;C:\Program Files\nodejs\;C:\Users\Admin\AppData\Local\Microsoft\WindowsApps;C:\Program Files\JetBrains\IntelliJ IDEA Community Edition 2024.1.4\bin;;C:\Users\Admin\AppData\Roaming\npm;C:\Users\Admin\.katalon\packages\KS-9.7.2;:C:\Users\Admin\.katalon\packages\KS-9.7.2\jre\bin
USERNAME=Admin
OS=Windows_NT
PROCESSOR_IDENTIFIER=Intel64 Family 6 Model 142 Stepping 9, GenuineIntel
TMP=C:\Users\Admin\AppData\Local\Temp
TEMP=C:\Users\Admin\AppData\Local\Temp



---------------  S Y S T E M  ---------------

OS:
 Windows 10 , 64 bit Build 17763 (10.0.17763.6292)
OS uptime: 0 days 8:59 hours
Hyper-V role detected

CPU: total 4 (initial active 4) (2 cores per cpu, 2 threads per core) family 6 model 142 stepping 9 microcode 0xea, cx8, cmov, fxsr, ht, mmx, 3dnowpref, sse, sse2, sse3, ssse3, sse4.1, sse4.2, popcnt, lzcnt, tsc, tscinvbit, avx, avx2, aes, erms, clmul, bmi1, bmi2, adx, fma, vzeroupper, clflush, clflushopt, hv

Memory: 4k page, system-wide physical 8090M (966M free)
TotalPageFile size 14631M (AvailPageFile size 6M)
current process WorkingSet (physical memory assigned to process): 224M, peak: 242M
current process commit charge ("private bytes"): 254M, peak: 271M

vm_info: OpenJDK 64-Bit Server VM (17.0.7+7) for windows-amd64 JRE (17.0.7+7), built on Apr 18 2023 22:10:42 by "temurin" with MS VC++ 16.7 (VS2019)

END.
