#
# There is insufficient memory for the Java Runtime Environment to continue.
# Native memory allocation (malloc) failed to allocate 1221216 bytes for Chunk::new
# Possible reasons:
#   The system is out of physical RAM or swap space
#   The process is running with CompressedOops enabled, and the Java Heap may be blocking the growth of the native heap
# Possible solutions:
#   Reduce memory load on the system
#   Increase physical memory or swap space
#   Check if swap backing store is full
#   Decrease Java heap size (-Xmx/-Xms)
#   Decrease number of Java threads
#   Decrease Java thread stack sizes (-Xss)
#   Set larger code cache with -XX:ReservedCodeCacheSize=
#   JVM is running with Unscaled Compressed Oops mode in which the Java heap is
#     placed in the first 4GB address space. The Java Heap base address is the
#     maximum limit for the native heap growth. Please use -XX:HeapBaseMinAddress
#     to set the Java Heap base and to place the Java Heap above 4GB virtual address.
# This output file may be truncated or incomplete.
#
#  Out of Memory Error (arena.cpp:189), pid=11296, tid=13060
#
# JRE version: OpenJDK Runtime Environment Temurin-17.0.7+7 (17.0.7+7) (build 17.0.7+7)
# Java VM: OpenJDK 64-Bit Server VM Temurin-17.0.7+7 (17.0.7+7, mixed mode, tiered, compressed oops, compressed class ptrs, g1 gc, windows-amd64)
# No core dump will be written. Minidumps are not enabled by default on client versions of Windows
#

---------------  S U M M A R Y ------------

Command Line: -Dgroovy.home=C:\Users\Admin/.groovy -Djava.system.class.loader=groovy.lang.GroovyClassLoader -Xmx2048m -Dfile.encoding=UTF-8 -XX:+ShowCodeDetailsInExceptionMessages org.codehaus.groovy.tools.GroovyStarter --classpath C:\Users\Admin\Katalon Studio\FisrtProject\bin\keyword;C:\Users\Admin\Katalon Studio\FisrtProject\Keywords;C:\Users\Admin\Katalon Studio\FisrtProject\bin\listener;C:\Users\Admin\Katalon Studio\FisrtProject\Test Listeners;C:\Users\Admin\Katalon Studio\FisrtProject\bin\lib;C:\Users\Admin\Katalon Studio\FisrtProject\Libs;C:\Users\Admin\Katalon Studio\FisrtProject\bin\groovy;C:\Users\Admin\Katalon Studio\FisrtProject\Include\scripts\groovy;C:\Users\Admin\.katalon\packages\KS-9.7.2\plugins\com.kms.katalon.core_1.0.0.202409190502.jar;C:\Users\Admin\.katalon\packages\KS-9.7.2\configuration\resources\lib\aalto-xml-1.0.0.jar;C:\Users\Admin\.katalon\packages\KS-9.7.2\configuration\resources\lib\aspectjweaver-1.9.1.jar;C:\Users\Admin\.katalon\packages\KS-9.7.2\configuration\resources\lib\aws-2.20.3-fat.jar;C:\Users\Admin\.katalon\packages\KS-9.7.2\configuration\resources\lib\bcpkix-jdk15on-1.64.jar;C:\Users\Admin\.katalon\packages\KS-9.7.2\configuration\resources\lib\bcprov-jdk15on-1.64.jar;C:\Users\Admin\.katalon\packages\KS-9.7.2\configuration\resources\lib\browsermob-core-2.1.5.jar;C:\Users\Admin\.katalon\packages\KS-9.7.2\configuration\resources\lib\byte-buddy-1.14.3.jar;C:\Users\Admin\.katalon\packages\KS-9.7.2\configuration\resources\lib\byte-buddy-agent-1.14.3.jar;C:\Users\Admin\.katalon\packages\KS-9.7.2\configuration\resources\lib\cglib-3.2.10.jar;C:\Users\Admin\.katalon\packages\KS-9.7.2\configuration\resources\lib\commons-codec-1.10.jar;C:\Users\Admin\.katalon\packages\KS-9.7.2\configuration\resources\lib\commons-collections4-4.1.jar;C:\Users\Admin\.katalon\packages\KS-9.7.2\configuration\resources\lib\commons-validator-1.6.jar;C:\Users\Admin\.katalon\packages\KS-9.7.2\configuration\resources\lib\curvesapi-1.04.jar;C:\Users\Admin\.katalon\packages\KS-9.7.2\configuration\resources\lib\dnsjava-2.1.8.jar;C:\Users\Admin\.katalon\packages\KS-9.7.2\configuration\resources\lib\groovy-3.0.17-fat.jar;C:\Users\Admin\.katalon\packages\KS-9.7.2\configuration\resources\lib\jackson-coreutils-2.0.jar;C:\Users\Admin\.katalon\packages\KS-9.7.2\configuration\resources\lib\jackson-coreutils-equivalence-1.0.jar;C:\Users\Admin\.katalon\packages\KS-9.7.2\configuration\resources\lib\java-client-7.0.0.jar;C:\Users\Admin\.katalon\packages\KS-9.7.2\configuration\resources\lib\javax.servlet-api_3.1.0.jar;C:\Users\Admin\.katalon\packages\KS-9.7.2\configuration\resources\lib\jna-5.12.1.jar;C:\Users\Admin\.katalon\packages\KS-9.7.2\configuration\resources\lib\jna-platform-5.12.1.jar;C:\Users\Admin\.katalon\packages\KS-9.7.2\configuration\resources\lib\json-schema-core-1.2.14.jar;C:\Users\Admin\.katalon\packages\KS-9.7.2\configuration\resources\lib\json-schema-validator-2.2.14.jar;C:\Users\Admin\.katalon\packages\KS-9.7.2\configuration\resources\lib\jzlib-1.1.3.jar;C:\Users\Admin\.katalon\packages\KS-9.7.2\configuration\resources\lib\kat-server.jar;C:\Users\Admin\.katalon\packages\KS-9.7.2\configuration\resources\lib\littleproxy-1.1.0-beta-bmp-17.jar;C:\Users\Admin\.katalon\packages\KS-9.7.2\configuration\resources\lib\log4j-1.2-api-2.17.1.jar;C:\Users\Admin\.katalon\packages\KS-9.7.2\configuration\resources\lib\log4j-api-2.17.1.jar;C:\Users\Admin\.katalon\packages\KS-9.7.2\configuration\resources\lib\log4j-core-2.17.1.jar;C:\Users\Admin\.katalon\packages\KS-9.7.2\configuration\resources\lib\mitm-2.1.5.jar;C:\Users\Admin\.katalon\packages\KS-9.7.2\configuration\resources\lib\mockito-core-5.2.0.jar;C:\Users\Admin\.katalon\packages\KS-9.7.2\configuration\resources\lib\mockito-inline-5.2.0.jar;C:\Users\Admin\.katalon\packages\KS-9.7.2\configuration\resources\lib\netty-all-4.1.109.Final.jar;C:\Users\Admin\.katalon\packages\KS-9.7.2\configuration\resources\lib\objenesis-3.3.jar;C:\Users\Admin\.katalon\packages\KS-9.7.2\configuration\resources\lib\poi-3.17.jar;C:\Users\Admin\.katalon\packages\KS-9.7.2\configuration\resources\lib\poi-ooxml-3.17.jar;C:\Users\Admin\.katalon\packages\KS-9.7.2\configuration\resources\lib\poi-ooxml-schemas-3.17.jar;C:\Users\Admin\.katalon\packages\KS-9.7.2\configuration\resources\lib\proxy-vole-1.0.4-SNAPSHOT-jar-with-dependencies.jar;C:\Users\Admin\.katalon\packages\KS-9.7.2\configuration\resources\lib\repackaged-sikuli-api-1.0.2-standalone.jar;C:\Users\Admin\.katalon\packages\KS-9.7.2\configuration\resources\lib\selenium-leg-rc-3.141.59.jar;C:\Users\Admin\.katalon\packages\KS-9.7.2\configuration\resources\lib\selenium-server-standalone-3.141.59.jar;C:\Users\Admin\.katalon\packages\KS-9.7.2\configuration\resources\lib\selenium-shutterbug-1.1.jar;C:\Users\Admin\.katalon\packages\KS-9.7.2\configuration\resources\lib\slf4j-api-1.7.25.jar;C:\Users\Admin\.katalon\packages\KS-9.7.2\configuration\resources\lib\soap-builder-1.0.0.jar;C:\Users\Admin\.katalon\packages\KS-9.7.2\configuration\resources\lib\soap-common-1.0.0.jar;C:\Users\Admin\.katalon\packages\KS-9.7.2\configuration\resources\lib\soap-legacy-1.0.0.jar;C:\Users\Admin\.katalon\packages\KS-9.7.2\configuration\resources\lib\spring-context-5.3.19.jar;C:\Users\Admin\.katalon\packages\KS-9.7.2\configuration\resources\lib\stax2-api-4.0.0.jar;C:\Users\Admin\.katalon\packages\KS-9.7.2\configuration\resources\lib\su.jar;C:\Users\Admin\.katalon\packages\KS-9.7.2\configuration\resources\lib\swagger-parser-1.0.67-fat.jar;C:\Users\Admin\.katalon\packages\KS-9.7.2\configuration\resources\lib\testng-7.8.0.jar;C:\Users\Admin\.katalon\packages\KS-9.7.2\configuration\resources\lib\uri-template-0.1.jar;C:\Users\Admin\.katalon\packages\KS-9.7.2\configuration\resources\lib\wadl.jar;C:\Users\Admin\.katalon\packages\KS-9.7.2\configuration\resources\lib\xmlbeans-3.1.0.jar;C:\Users\Admin\.katalon\packages\KS-9.7.2\plugins\net.sf.supercsv.super-csv_2.1.0.jar;C:\Users\Admin\.katalon\packages\KS-9.7.2\plugins\org.apache.commons.io_2.4.0.jar;C:\Users\Admin\.katalon\packages\KS-9.7.2\plugins\org.apache.commons.lang_2.6.0.jar;C:\Users\Admin\.katalon\packages\KS-9.7.2\plugins\com.google.gson_2.10.1.v20230109-0753.jar;C:\Users\Admin\.katalon\packages\KS-9.7.2\plugins\org.jsoup_1.14.3.jar;C:\Users\Admin\.katalon\packages\KS-9.7.2\plugins\org.apache.commons.dbutils_1.6.0.jar;C:\Users\Admin\.katalon\packages\KS-9.7.2\plugins\com.oracle.jdbc.ojdbc7_12.1.0.2.jar;C:\Users\Admin\.katalon\packages\KS-9.7.2\plugins\org.postgresql.jdbc_42.7.3.jar;c:\Users\Admin\.katalon\packages\KS-9.7.2\plugins\org.eclipse.osgi_3.18.300.v20230220-1352.jar;C:\Users\Admin\.katalon\packages\KS-9.7.2\plugins\com.kms.katalon.constant_1.0.0.202409190502.jar;C:\Users\Admin\.katalon\packages\KS-9.7.2\plugins\org.eclipse.persistence.eclipselink_2.7.11.jar;C:\Users\Admin\.katalon\packages\KS-9.7.2\plugins\com.kms.katalon.selenium-standalone_1.0.0.202409190502.jar;C:\Users\Admin\.katalon\packages\KS-9.7.2\plugins\atu.testrecorder.screen-recorder_2.1.0.jar;C:\Users\Admin\.katalon\packages\KS-9.7.2\plugins\com.google.guava_32.0.0.jre.jar;C:\Users\Admin\.katalon\packages\KS-9.7.2\plugins\com.kms.katalon.util_1.0.0.202409190502.jar;C:\Users\Admin\.katalon\packages\KS-9.7.2\plugins\org.apache.httpcomponents.httpclient_4.5.14.v20221207-1049.jar;C:\Users\Admin\.katalon\packages\KS-9.7.2\plugins\org.apache.httpcomponents.httpcore_4.4.16.v20221207-1049.jar;C:\Users\Admin\.katalon\packages\KS-9.7.2\plugins\org.apache.httpcomponents.httpmime_4.5.13.jar;C:\Users\Admin\.katalon\packages\KS-9.7.2\plugins\org.apache.commons.lang3_3.14.0.jar;C:\Users\Admin\.katalon\packages\KS-9.7.2\plugins\org.greenrobot.eventbus_3.1.1.jar;C:\Users\Admin\.katalon\packages\KS-9.7.2\plugins\net.bytebuddy.byte-buddy_1.14.15.jar;C:\Users\Admin\.katalon\packages\KS-9.7.2\plugins\org.junit_4.13.2.v20211018-1956.jar;C:\Users\Admin\.katalon\packages\KS-9.7.2\plugins\com.fasterxml.jackson.core.jackson-databind_2.17.1.jar;C:\Users\Admin\.katalon\packages\KS-9.7.2\plugins\com.fasterxml.jackson.core.jackson-core_2.17.1.jar;C:\Users\Admin\.katalon\packages\KS-9.7.2\plugins\com.fasterxml.jackson.core.jackson-annotations_2.17.1.jar;C:\Users\Admin\.katalon\packages\KS-9.7.2\plugins\ch.qos.logback.classic_1.2.13.jar;C:\Users\Admin\.katalon\packages\KS-9.7.2\plugins\ch.qos.logback.core_1.2.13.jar;C:\Users\Admin\.katalon\packages\KS-9.7.2\plugins\slf4j.api_1.7.36.jar;C:\Users\Admin\.katalon\packages\KS-9.7.2\plugins\org.fusesource.jansi_1.17.1.jar;C:\Users\Admin\.katalon\packages\KS-9.7.2\plugins\com.kms.katalon.netlightbody_1.0.0.202409190502.jar;C:\Users\Admin\.katalon\packages\KS-9.7.2\plugins\com.kms.katalon.poi_1.0.0.202409190502.jar;C:\Users\Admin\.katalon\packages\KS-9.7.2\plugins\org.apache.commons.commons-text_1.10.0.jar;C:\Users\Admin\.katalon\packages\KS-9.7.2\plugins\com.kms.katalon.proxyvole_1.0.0.202409190502.jar;C:\Users\Admin\.katalon\packages\KS-9.7.2\plugins\com.microsoft.sqlserver.mssql-jdbc_6.2.2.jre8.jar;C:\Users\Admin\.katalon\packages\KS-9.7.2\plugins\com.github.kklisura.cdt.java-client_2.1.0.jar;C:\Users\Admin\.katalon\packages\KS-9.7.2\plugins\javax.websocket-api_1.1.0.jar;C:\Users\Admin\.katalon\packages\KS-9.7.2\plugins\org.glassfish.tyrus.container-grizzly-client_1.13.1.jar;C:\Users\Admin\.katalon\packages\KS-9.7.2\plugins\org.glassfish.grizzly.http-server_2.3.25.jar;C:\Users\Admin\.katalon\packages\KS-9.7.2\plugins\org.glassfish.grizzly.framework_2.3.25.jar;C:\Users\Admin\.katalon\packages\KS-9.7.2\plugins\org.glassfish.grizzly.http_2.3.25.jar;C:\Users\Admin\.katalon\packages\KS-9.7.2\plugins\org.glassfish.tyrus.client_1.13.1.jar;C:\Users\Admin\.katalon\packages\KS-9.7.2\plugins\org.glassfish.tyrus.core_1.13.1.jar;C:\Users\Admin\.katalon\packages\KS-9.7.2\plugins\org.glassfish.tyrus.spi_1.13.1.jar;C:\Users\Admin\.katalon\packages\KS-9.7.2\plugins\javassist_3.28.0.GA.jar;C:\Users\Admin\.katalon\packages\KS-9.7.2\plugins\graphql-java_17.5.0.jar;C:\Users\Admin\.katalon\packages\KS-9.7.2\plugins\org.glassfish.jaxb.runtime_2.3.6.jar;C:\Users\Admin\.katalon\packages\KS-9.7.2\plugins\org.glassfish.jaxb.txw2_2.3.6.jar;C:\Users\Admin\.katalon\packages\KS-9.7.2\plugins\org.dom4j_2.1.4.jar;C:\Users\Admin\.katalon\packages\KS-9.7.2\plugins\com.kms.katalon.groovy-extended_1.0.0.202409190502.jar;C:\Users\Admin\.katalon\packages\KS-9.7.2\plugins\com.sun.activation.javax.activation_1.2.0.jar;C:\Users\Admin\.katalon\packages\KS-9.7.2\plugins\jakarta.xml.bind-api_2.3.3.jar;C:\Users\Admin\.katalon\packages\KS-9.7.2\plugins\com.sun.xml.bind.jaxb-impl_2.3.6.jar;C:\Users\Admin\.katalon\packages\KS-9.7.2\plugins\org.eclipse.jface_3.29.0.v20230214-1401.jar;C:\Users\Admin\.katalon\packages\KS-9.7.2\plugins\com.kms.katalon.logging_1.0.0.202409190502.jar;C:\Users\Admin\.katalon\packages\KS-9.7.2\plugins\json_20240303.0.0.jar;C:\Users\Admin\.katalon\packages\KS-9.7.2\plugins\assertj-core_3.25.3.jar;C:\Users\Admin\.katalon\packages\KS-9.7.2\plugins\com.networknt.json-schema-validator_1.0.66.jar;C:\Users\Admin\.katalon\packages\KS-9.7.2\plugins\com.kms.katalon.network.apache_1.0.0.202409190502.jar;C:\Users\Admin\.katalon\packages\KS-9.7.2\plugins\org.apache.commons.logging_1.2.0.v20180409-1502.jar;C:\Users\Admin\.katalon\packages\KS-9.7.2\plugins\org.hamcrest.core_1.3.0.v20180420-1519.jar;C:\Users\Admin\.katalon\packages\KS-9.7.2\plugins\org.beanshell.bsh_2.0.0.0b4.jar;C:\Users\Admin\.katalon\packages\KS-9.7.2\plugins\org.apache.ant.launcher_1.9.6.jar;C:\Users\Admin\.katalon\packages\KS-9.7.2\plugins\com.kms.katalon.core.appium_1.0.0.202409190502.jar;C:\Users\Admin\.katalon\packages\KS-9.7.2\plugins\com.kms.katalon.api_1.0.0.202409190502.jar;C:\Users\Admin\.katalon\packages\KS-9.7.2\plugins\org.eclipse.equinox.common_3.17.100.v20230202-1341.jar;C:\Users\Admin\.katalon\packages\KS-9.7.2\plugins\com.kms.katalon.platform.core_1.0.0.202409190502.jar;C:\Users\Admin\.katalon\packages\KS-9.7.2\plugins\com.kms.katalon.common_1.0.0.202409190502.jar;C:\Users\Admin\.katalon\packages\KS-9.7.2\plugins\com.kms.katalon.session.core_1.0.0.202409190502.jar;C:\Users\Admin\.katalon\packages\KS-9.7.2\plugins\org.eclipse.e4.core.contexts_1.11.0.v20220716-0839.jar;C:\Users\Admin\.katalon\packages\KS-9.7.2\plugins\javax.inject_1.0.0.v20220405-0441.jar;C:\Users\Admin\.katalon\packages\KS-9.7.2\plugins\org.eclipse.e4.core.di_1.8.300.v20220817-1539.jar;C:\Users\Admin\.katalon\packages\KS-9.7.2\plugins\com.kms.katalon.network.core_1.0.0.202409190502.jar;C:\Users\Admin\.katalon\packages\KS-9.7.2\plugins\com.kms.katalon.execution.core_1.0.0.202409190502.jar;C:\Users\Admin\.katalon\packages\KS-9.7.2\plugins\org.eclipse.equinox.registry_3.11.200.v20220817-1601.jar;C:\Users\Admin\.katalon\packages\KS-9.7.2\plugins\dev.failsafe_3.3.2.jar;C:\Users\Admin\.katalon\packages\KS-9.7.2\plugins\com.fasterxml.jackson.datatype.jackson-datatype-jsr310_2.17.1.jar;C:\Users\Admin\.katalon\packages\KS-9.7.2\plugins\org.eclipse.e4.core.di.annotations_1.7.200.v20220613-1008.jar;C:\Users\Admin\.katalon\packages\KS-9.7.2\plugins\com.kms.katalon.core.webui_1.0.0.202409190502.jar;C:\Users\Admin\.katalon\packages\KS-9.7.2\plugins\org.eclipse.e4.core.services_2.3.400.v20220915-1347.jar;C:\Users\Admin\.katalon\packages\KS-9.7.2\plugins\com.kms.katalon.core.mobile_1.0.0.202409190502.jar;C:\Users\Admin\.katalon\packages\KS-9.7.2\plugins\org.apache.commons.commons-validator_1.7.0.jar;C:\Users\Admin\.katalon\packages\KS-9.7.2\plugins\com.kms.katalon.core.cucumber_1.0.0.202409190502.jar;C:\Users\Admin\.katalon\packages\KS-9.7.2\plugins\io.cucumber.core_3.0.3.jar;C:\Users\Admin\.katalon\packages\KS-9.7.2\plugins\io.cucumber.datatable_1.1.15.jar;C:\Users\Admin\.katalon\packages\KS-9.7.2\plugins\io.cucumber.datatable-dependencies_1.1.15.jar;C:\Users\Admin\.katalon\packages\KS-9.7.2\plugins\io.cucumber.expressions_5.0.19.jar;C:\Users\Admin\.katalon\packages\KS-9.7.2\plugins\io.cucumber.gherkin_5.0.0.jar;C:\Users\Admin\.katalon\packages\KS-9.7.2\plugins\io.cucumber.html_0.2.7.jar;C:\Users\Admin\.katalon\packages\KS-9.7.2\plugins\io.cucumber.java_3.0.3.jar;C:\Users\Admin\.katalon\packages\KS-9.7.2\plugins\io.cucumber.tag-expressions_1.1.1.jar;C:\Users\Admin\.katalon\packages\KS-9.7.2\plugins\io.cucumber.junit_3.0.3.jar;C:\Users\Admin\.katalon\packages\KS-9.7.2\plugins\com.kms.katalon.core.webservice_1.0.0.202409190502.jar;C:\Users\Admin\.katalon\packages\KS-9.7.2\plugins\wsdl4j_1.6.2.jar;C:\Users\Admin\.katalon\packages\KS-9.7.2\plugins\com.google.oauth-client.google-oauth-client_1.22.0.jar;C:\Users\Admin\.katalon\packages\KS-9.7.2\plugins\com.google.http-client.google-http-client_1.22.0.jar;C:\Users\Admin\.katalon\packages\KS-9.7.2\plugins\ca.juliusdavies.not-yet-commons-ssl_0.3.11.jar;C:\Users\Admin\.katalon\packages\KS-9.7.2\plugins\com.kms.katalon.preferences_1.0.0.202409190502.jar;C:\Users\Admin\.katalon\packages\KS-9.7.2\plugins\org.apache.xmlbeans_3.1.0.jar;C:\Users\Admin\.katalon\packages\KS-9.7.2\plugins\com.kms.katalon.entity_1.0.0.202409190502.jar;C:\Users\Admin\.katalon\packages\KS-9.7.2\plugins\org.antlr.antlr4-runtime_4.9.2.jar;C:\Users\Admin\.katalon\packages\KS-9.7.2\plugins\jakarta.xml.ws-api_2.3.3.jar;C:\Users\Admin\.katalon\packages\KS-9.7.2\plugins\javax.xml.soap-api_1.4.0.jar;C:\Users\Admin\.katalon\packages\KS-9.7.2\plugins\com.atlassian.oai.swagger-request-validator-core_2.38.0.jar;C:\Users\Admin\.katalon\packages\KS-9.7.2\plugins\io.swagger.compat-spec-parser_1.0.67.jar;C:\Users\Admin\.katalon\packages\KS-9.7.2\plugins\io.swagger.core.v3.swagger-annotations_2.2.14.jar;C:\Users\Admin\.katalon\packages\KS-9.7.2\plugins\io.swagger.core.v3.swagger-core_2.2.14.jar;C:\Users\Admin\.katalon\packages\KS-9.7.2\plugins\io.swagger.core.v3.swagger-models_2.2.14.jar;C:\Users\Admin\.katalon\packages\KS-9.7.2\plugins\io.swagger.parser.v3.swagger-parser-core_2.1.16.jar;C:\Users\Admin\.katalon\packages\KS-9.7.2\plugins\io.swagger.parser.v3.swagger-parser-v2-converter_2.1.16.jar;C:\Users\Admin\.katalon\packages\KS-9.7.2\plugins\com.github.java-json-tools.btf_1.3.0.jar;C:\Users\Admin\.katalon\packages\KS-9.7.2\plugins\com.fasterxml.jackson.dataformat.jackson-dataformat-yaml_2.17.1.jar;C:\Users\Admin\.katalon\packages\KS-9.7.2\plugins\org.yaml.snakeyaml_2.2.0.jar;C:\Users\Admin\.katalon\packages\KS-9.7.2\plugins\com.github.java-json-tools.msg-simple_1.2.0.jar;C:\Users\Admin\.katalon\packages\KS-9.7.2\plugins\jackson-core-asl_1.9.13.jar;C:\Users\Admin\.katalon\packages\KS-9.7.2\plugins\joda-time_2.10.5.jar;C:\Users\Admin\.katalon\packages\KS-9.7.2\plugins\javax.mail-api_1.6.2.jar;C:\Users\Admin\.katalon\packages\KS-9.7.2\plugins\com.googlecode.libphonenumber_8.11.1.jar;C:\Users\Admin\.katalon\packages\KS-9.7.2\plugins\com.google.guava.failureaccess_1.0.1.jar;C:\Users\Admin\.katalon\packages\KS-9.7.2\plugins\io.swagger.parser.v3.swagger-parser_2.1.16.jar;C:\Users\Admin\.katalon\packages\KS-9.7.2\plugins\io.swagger.parser.v3.swagger-parser-v3_2.1.16.jar;C:\Users\Admin\.katalon\packages\KS-9.7.2\plugins\io.swagger.parser_1.0.67.jar;C:\Users\Admin\.katalon\packages\KS-9.7.2\plugins\com.kms.katalon.core.windows_1.0.0.202409190502.jar;C:\Users\Admin\.katalon\packages\KS-9.7.2\plugins\com.kms.katalon.core.testng_1.0.0.202409190502.jar;C:\Users\Admin\.katalon\packages\KS-9.7.2\configuration\org.eclipse.osgi\33\0\.cp\resources\basic-report\katalon-studio-report-plugin.jar;C:\Users\Admin\.katalon\packages\KS-9.7.2\plugins\org.codehaus.groovy_3.0.17.v202303311542-e2303\lib\groovy-3.0.17-indy.jar;C:\Users\Admin\.katalon\packages\KS-9.7.2\plugins\org.codehaus.groovy_3.0.17.v202303311542-e2303\lib\ivy-2.5.1.jar --main groovy.ui.GroovyMain --encoding UTF-8 --indy C:\Users\Admin\Katalon Studio\FisrtProject\Libs\TempTestCase1734430722485.groovy

Host: Intel(R) Core(TM) i7-7500U CPU @ 2.70GHz, 4 cores, 7G,  Windows 10 , 64 bit Build 17763 (10.0.17763.6292)
Time: Tue Dec 17 17:18:52 2024 SE Asia Standard Time elapsed time: 9.538387 seconds (0d 0h 0m 9s)

---------------  T H R E A D  ---------------

Current thread (0x000002bdac077520):  JavaThread "C2 CompilerThread0" daemon [_thread_in_native, id=13060, stack(0x000000e15c000000,0x000000e15c100000)]


Current CompileTask:
C2:   9538 3228   !   4       jdk.internal.loader.URLClassPath$JarLoader::getResource (354 bytes)

Stack: [0x000000e15c000000,0x000000e15c100000]
Native frames: (J=compiled Java code, j=interpreted, Vv=VM code, C=native code)
V  [jvm.dll+0x67754a]
V  [jvm.dll+0x834304]
V  [jvm.dll+0x835aae]
V  [jvm.dll+0x836113]
V  [jvm.dll+0x24696f]
V  [jvm.dll+0xac0ac]
V  [jvm.dll+0xac67c]
V  [jvm.dll+0x2adbef]
V  [jvm.dll+0x580067]
V  [jvm.dll+0x221e72]
V  [jvm.dll+0x22224f]
V  [jvm.dll+0x21b4a5]
V  [jvm.dll+0x21895b]
V  [jvm.dll+0x1a4d8d]
V  [jvm.dll+0x2284da]
V  [jvm.dll+0x226615]
V  [jvm.dll+0x7ea90b]
V  [jvm.dll+0x7e4e7a]
V  [jvm.dll+0x676395]
C  [ucrtbase.dll+0x2268a]
C  [KERNEL32.DLL+0x17ac4]
C  [ntdll.dll+0x5a8c1]


---------------  P R O C E S S  ---------------

Threads class SMR info:
_java_thread_list=0x000002bdaedcdba0, length=12, elements={
0x000002bd8c6830d0, 0x000002bdac033620, 0x000002bdac035460, 0x000002bda7da09c0,
0x000002bda7da2490, 0x000002bdac06d390, 0x000002bdac06c050, 0x000002bdac077520,
0x000002bdac0885e0, 0x000002bda7dadde0, 0x000002bdac06f070, 0x000002bdac06d860
}

Java Threads: ( => current thread )
  0x000002bd8c6830d0 JavaThread "main" [_thread_in_Java, id=9152, stack(0x000000e15b300000,0x000000e15b400000)]
  0x000002bdac033620 JavaThread "Reference Handler" daemon [_thread_blocked, id=14804, stack(0x000000e15ba00000,0x000000e15bb00000)]
  0x000002bdac035460 JavaThread "Finalizer" daemon [_thread_blocked, id=17112, stack(0x000000e15bb00000,0x000000e15bc00000)]
  0x000002bda7da09c0 JavaThread "Signal Dispatcher" daemon [_thread_blocked, id=7328, stack(0x000000e15bc00000,0x000000e15bd00000)]
  0x000002bda7da2490 JavaThread "Attach Listener" daemon [_thread_blocked, id=9128, stack(0x000000e15bd00000,0x000000e15be00000)]
  0x000002bdac06d390 JavaThread "Service Thread" daemon [_thread_blocked, id=14444, stack(0x000000e15be00000,0x000000e15bf00000)]
  0x000002bdac06c050 JavaThread "Monitor Deflation Thread" daemon [_thread_blocked, id=16600, stack(0x000000e15bf00000,0x000000e15c000000)]
=>0x000002bdac077520 JavaThread "C2 CompilerThread0" daemon [_thread_in_native, id=13060, stack(0x000000e15c000000,0x000000e15c100000)]
  0x000002bdac0885e0 JavaThread "C1 CompilerThread0" daemon [_thread_blocked, id=12576, stack(0x000000e15c100000,0x000000e15c200000)]
  0x000002bda7dadde0 JavaThread "Sweeper thread" daemon [_thread_blocked, id=18428, stack(0x000000e15c200000,0x000000e15c300000)]
  0x000002bdac06f070 JavaThread "Common-Cleaner" daemon [_thread_blocked, id=4212, stack(0x000000e15c300000,0x000000e15c400000)]
  0x000002bdac06d860 JavaThread "Notification Thread" daemon [_thread_blocked, id=17940, stack(0x000000e15c700000,0x000000e15c800000)]

Other Threads:
  0x000002bdac01efe0 VMThread "VM Thread" [stack: 0x000000e15b900000,0x000000e15ba00000] [id=11380]
  0x000002bd8c683d30 WatcherThread [stack: 0x000000e15c800000,0x000000e15c900000] [id=13376]
  0x000002bd8c6dce40 GCTaskThread "GC Thread#0" [stack: 0x000000e15b400000,0x000000e15b500000] [id=2668]
  0x000002bdac6edfb0 GCTaskThread "GC Thread#1" [stack: 0x000000e15c500000,0x000000e15c600000] [id=7804]
  0x000002bdac6ee260 GCTaskThread "GC Thread#2" [stack: 0x000000e15c600000,0x000000e15c700000] [id=5868]
  0x000002bdae3734e0 GCTaskThread "GC Thread#3" [stack: 0x000000e15c900000,0x000000e15ca00000] [id=12652]
  0x000002bd8c6eeca0 ConcurrentGCThread "G1 Main Marker" [stack: 0x000000e15b500000,0x000000e15b600000] [id=15244]
  0x000002bd8c6f0180 ConcurrentGCThread "G1 Conc#0" [stack: 0x000000e15b600000,0x000000e15b700000] [id=17528]
  0x000002bda7c06540 ConcurrentGCThread "G1 Refine#0" [stack: 0x000000e15b700000,0x000000e15b800000] [id=15532]
  0x000002bda7c07930 ConcurrentGCThread "G1 Service" [stack: 0x000000e15b800000,0x000000e15b900000] [id=6296]

Threads with active compile tasks:
C2 CompilerThread0     9590 3228   !   4       jdk.internal.loader.URLClassPath$JarLoader::getResource (354 bytes)

VM state: not at safepoint (normal execution)

VM Mutex/Monitor currently owned by a thread: None

Heap address: 0x0000000080000000, size: 2048 MB, Compressed Oops mode: 32-bit

CDS archive(s) not mapped
Compressed class space mapped at: 0x0000000100000000-0x0000000140000000, reserved size: 1073741824
Narrow klass base: 0x0000000000000000, Narrow klass shift: 3, Narrow klass range: 0x140000000

GC Precious Log:
 CPUs: 4 total, 4 available
 Memory: 8090M
 Large Page Support: Disabled
 NUMA Support: Disabled
 Compressed Oops: Enabled (32-bit)
 Heap Region Size: 1M
 Heap Min Capacity: 8M
 Heap Initial Capacity: 128M
 Heap Max Capacity: 2G
 Pre-touch: Disabled
 Parallel Workers: 4
 Concurrent Workers: 1
 Concurrent Refinement Workers: 4
 Periodic GC: Disabled

Heap:
 garbage-first heap   total 78848K, used 47735K [0x0000000080000000, 0x0000000100000000)
  region size 1024K, 27 young (27648K), 1 survivors (1024K)
 Metaspace       used 25984K, committed 26368K, reserved 1114112K
  class space    used 2667K, committed 2816K, reserved 1048576K

Heap Regions: E=young(eden), S=young(survivor), O=old, HS=humongous(starts), HC=humongous(continues), CS=collection set, F=free, OA=open archive, CA=closed archive, TAMS=top-at-mark-start (previous, next)
|   0|0x0000000080000000, 0x0000000080100000, 0x0000000080100000|100%|HS|  |TAMS 0x0000000080100000, 0x0000000080000000| Complete 
|   1|0x0000000080100000, 0x0000000080200000, 0x0000000080200000|100%|HS|  |TAMS 0x0000000080200000, 0x0000000080100000| Complete 
|   2|0x0000000080200000, 0x0000000080300000, 0x0000000080300000|100%| O|  |TAMS 0x0000000080300000, 0x0000000080200000| Untracked 
|   3|0x0000000080300000, 0x0000000080400000, 0x0000000080400000|100%| O|  |TAMS 0x0000000080400000, 0x0000000080300000| Untracked 
|   4|0x0000000080400000, 0x0000000080500000, 0x0000000080500000|100%| O|  |TAMS 0x0000000080500000, 0x0000000080400000| Untracked 
|   5|0x0000000080500000, 0x0000000080600000, 0x0000000080600000|100%| O|  |TAMS 0x0000000080600000, 0x0000000080500000| Untracked 
|   6|0x0000000080600000, 0x0000000080700000, 0x0000000080700000|100%| O|  |TAMS 0x0000000080700000, 0x0000000080600000| Untracked 
|   7|0x0000000080700000, 0x0000000080800000, 0x0000000080800000|100%| O|  |TAMS 0x0000000080800000, 0x0000000080700000| Untracked 
|   8|0x0000000080800000, 0x0000000080900000, 0x0000000080900000|100%| O|  |TAMS 0x0000000080900000, 0x0000000080800000| Untracked 
|   9|0x0000000080900000, 0x0000000080a00000, 0x0000000080a00000|100%|HS|  |TAMS 0x0000000080a00000, 0x0000000080900000| Complete 
|  10|0x0000000080a00000, 0x0000000080b00000, 0x0000000080b00000|100%| O|  |TAMS 0x0000000080b00000, 0x0000000080a00000| Untracked 
|  11|0x0000000080b00000, 0x0000000080c00000, 0x0000000080c00000|100%| O|  |TAMS 0x0000000080c00000, 0x0000000080b00000| Untracked 
|  12|0x0000000080c00000, 0x0000000080d00000, 0x0000000080d00000|100%| O|  |TAMS 0x0000000080d00000, 0x0000000080c00000| Untracked 
|  13|0x0000000080d00000, 0x0000000080e00000, 0x0000000080e00000|100%| O|  |TAMS 0x0000000080e00000, 0x0000000080d00000| Untracked 
|  14|0x0000000080e00000, 0x0000000080f00000, 0x0000000080f00000|100%| O|  |TAMS 0x0000000080e8ea00, 0x0000000080e00000| Untracked 
|  15|0x0000000080f00000, 0x0000000081000000, 0x0000000081000000|100%| O|  |TAMS 0x0000000080f00000, 0x0000000080f00000| Untracked 
|  16|0x0000000081000000, 0x0000000081100000, 0x0000000081100000|100%| O|  |TAMS 0x0000000081000000, 0x0000000081000000| Untracked 
|  17|0x0000000081100000, 0x0000000081200000, 0x0000000081200000|100%| O|  |TAMS 0x0000000081100000, 0x0000000081100000| Untracked 
|  18|0x0000000081200000, 0x0000000081300000, 0x0000000081300000|100%| O|  |TAMS 0x0000000081200000, 0x0000000081200000| Untracked 
|  19|0x0000000081300000, 0x0000000081400000, 0x0000000081400000|100%| O|  |TAMS 0x0000000081300000, 0x0000000081300000| Untracked 
|  20|0x0000000081400000, 0x00000000814aaa00, 0x0000000081500000| 66%| O|  |TAMS 0x0000000081400000, 0x0000000081400000| Untracked 
|  21|0x0000000081500000, 0x0000000081500000, 0x0000000081600000|  0%| F|  |TAMS 0x0000000081500000, 0x0000000081500000| Untracked 
|  22|0x0000000081600000, 0x0000000081600000, 0x0000000081700000|  0%| F|  |TAMS 0x0000000081600000, 0x0000000081600000| Untracked 
|  23|0x0000000081700000, 0x0000000081700000, 0x0000000081800000|  0%| F|  |TAMS 0x0000000081700000, 0x0000000081700000| Untracked 
|  24|0x0000000081800000, 0x0000000081800000, 0x0000000081900000|  0%| F|  |TAMS 0x0000000081800000, 0x0000000081800000| Untracked 
|  25|0x0000000081900000, 0x0000000081900000, 0x0000000081a00000|  0%| F|  |TAMS 0x0000000081900000, 0x0000000081900000| Untracked 
|  26|0x0000000081a00000, 0x0000000081a00000, 0x0000000081b00000|  0%| F|  |TAMS 0x0000000081a00000, 0x0000000081a00000| Untracked 
|  27|0x0000000081b00000, 0x0000000081b00000, 0x0000000081c00000|  0%| F|  |TAMS 0x0000000081b00000, 0x0000000081b00000| Untracked 
|  28|0x0000000081c00000, 0x0000000081c00000, 0x0000000081d00000|  0%| F|  |TAMS 0x0000000081c00000, 0x0000000081c00000| Untracked 
|  29|0x0000000081d00000, 0x0000000081d00000, 0x0000000081e00000|  0%| F|  |TAMS 0x0000000081d00000, 0x0000000081d00000| Untracked 
|  30|0x0000000081e00000, 0x0000000081e00000, 0x0000000081f00000|  0%| F|  |TAMS 0x0000000081e00000, 0x0000000081e00000| Untracked 
|  31|0x0000000081f00000, 0x0000000081f00000, 0x0000000082000000|  0%| F|  |TAMS 0x0000000081f00000, 0x0000000081f00000| Untracked 
|  32|0x0000000082000000, 0x0000000082000000, 0x0000000082100000|  0%| F|  |TAMS 0x0000000082000000, 0x0000000082000000| Untracked 
|  33|0x0000000082100000, 0x0000000082100000, 0x0000000082200000|  0%| F|  |TAMS 0x0000000082100000, 0x0000000082100000| Untracked 
|  34|0x0000000082200000, 0x0000000082200000, 0x0000000082300000|  0%| F|  |TAMS 0x0000000082200000, 0x0000000082200000| Untracked 
|  35|0x0000000082300000, 0x0000000082300000, 0x0000000082400000|  0%| F|  |TAMS 0x0000000082300000, 0x0000000082300000| Untracked 
|  36|0x0000000082400000, 0x0000000082400000, 0x0000000082500000|  0%| F|  |TAMS 0x0000000082400000, 0x0000000082400000| Untracked 
|  37|0x0000000082500000, 0x0000000082500000, 0x0000000082600000|  0%| F|  |TAMS 0x0000000082500000, 0x0000000082500000| Untracked 
|  38|0x0000000082600000, 0x0000000082600000, 0x0000000082700000|  0%| F|  |TAMS 0x0000000082600000, 0x0000000082600000| Untracked 
|  39|0x0000000082700000, 0x0000000082700000, 0x0000000082800000|  0%| F|  |TAMS 0x0000000082700000, 0x0000000082700000| Untracked 
|  40|0x0000000082800000, 0x0000000082800000, 0x0000000082900000|  0%| F|  |TAMS 0x0000000082800000, 0x0000000082800000| Untracked 
|  41|0x0000000082900000, 0x0000000082900000, 0x0000000082a00000|  0%| F|  |TAMS 0x0000000082900000, 0x0000000082900000| Untracked 
|  42|0x0000000082a00000, 0x0000000082a00000, 0x0000000082b00000|  0%| F|  |TAMS 0x0000000082a00000, 0x0000000082a00000| Untracked 
|  43|0x0000000082b00000, 0x0000000082b00000, 0x0000000082c00000|  0%| F|  |TAMS 0x0000000082b00000, 0x0000000082b00000| Untracked 
|  44|0x0000000082c00000, 0x0000000082c00000, 0x0000000082d00000|  0%| F|  |TAMS 0x0000000082c00000, 0x0000000082c00000| Untracked 
|  45|0x0000000082d00000, 0x0000000082d00000, 0x0000000082e00000|  0%| F|  |TAMS 0x0000000082d00000, 0x0000000082d00000| Untracked 
|  46|0x0000000082e00000, 0x0000000082e00000, 0x0000000082f00000|  0%| F|  |TAMS 0x0000000082e00000, 0x0000000082e00000| Untracked 
|  47|0x0000000082f00000, 0x0000000082f00000, 0x0000000083000000|  0%| F|  |TAMS 0x0000000082f00000, 0x0000000082f00000| Untracked 
|  48|0x0000000083000000, 0x0000000083000000, 0x0000000083100000|  0%| F|  |TAMS 0x0000000083000000, 0x0000000083000000| Untracked 
|  49|0x0000000083100000, 0x0000000083100000, 0x0000000083200000|  0%| F|  |TAMS 0x0000000083100000, 0x0000000083100000| Untracked 
|  50|0x0000000083200000, 0x0000000083280800, 0x0000000083300000| 50%| E|  |TAMS 0x0000000083200000, 0x0000000083200000| Complete 
|  51|0x0000000083300000, 0x0000000083400000, 0x0000000083400000|100%| E|CS|TAMS 0x0000000083300000, 0x0000000083300000| Complete 
|  52|0x0000000083400000, 0x0000000083500000, 0x0000000083500000|100%| E|CS|TAMS 0x0000000083400000, 0x0000000083400000| Complete 
|  53|0x0000000083500000, 0x0000000083600000, 0x0000000083600000|100%| E|CS|TAMS 0x0000000083500000, 0x0000000083500000| Complete 
|  54|0x0000000083600000, 0x0000000083700000, 0x0000000083700000|100%| E|CS|TAMS 0x0000000083600000, 0x0000000083600000| Complete 
|  55|0x0000000083700000, 0x0000000083800000, 0x0000000083800000|100%| E|CS|TAMS 0x0000000083700000, 0x0000000083700000| Complete 
|  56|0x0000000083800000, 0x0000000083900000, 0x0000000083900000|100%| E|CS|TAMS 0x0000000083800000, 0x0000000083800000| Complete 
|  57|0x0000000083900000, 0x0000000083a00000, 0x0000000083a00000|100%| E|CS|TAMS 0x0000000083900000, 0x0000000083900000| Complete 
|  58|0x0000000083a00000, 0x0000000083b00000, 0x0000000083b00000|100%| E|CS|TAMS 0x0000000083a00000, 0x0000000083a00000| Complete 
|  59|0x0000000083b00000, 0x0000000083c00000, 0x0000000083c00000|100%| E|CS|TAMS 0x0000000083b00000, 0x0000000083b00000| Complete 
|  60|0x0000000083c00000, 0x0000000083d00000, 0x0000000083d00000|100%| E|CS|TAMS 0x0000000083c00000, 0x0000000083c00000| Complete 
|  61|0x0000000083d00000, 0x0000000083e00000, 0x0000000083e00000|100%| E|CS|TAMS 0x0000000083d00000, 0x0000000083d00000| Complete 
|  62|0x0000000083e00000, 0x0000000083f00000, 0x0000000083f00000|100%| E|CS|TAMS 0x0000000083e00000, 0x0000000083e00000| Complete 
|  63|0x0000000083f00000, 0x0000000084000000, 0x0000000084000000|100%| E|CS|TAMS 0x0000000083f00000, 0x0000000083f00000| Complete 
|  64|0x0000000084000000, 0x0000000084100000, 0x0000000084100000|100%| E|CS|TAMS 0x0000000084000000, 0x0000000084000000| Complete 
|  65|0x0000000084100000, 0x0000000084200000, 0x0000000084200000|100%| E|CS|TAMS 0x0000000084100000, 0x0000000084100000| Complete 
|  66|0x0000000084200000, 0x0000000084300000, 0x0000000084300000|100%| E|CS|TAMS 0x0000000084200000, 0x0000000084200000| Complete 
|  67|0x0000000084300000, 0x0000000084400000, 0x0000000084400000|100%| E|CS|TAMS 0x0000000084300000, 0x0000000084300000| Complete 
|  68|0x0000000084400000, 0x0000000084500000, 0x0000000084500000|100%| E|CS|TAMS 0x0000000084400000, 0x0000000084400000| Complete 
|  69|0x0000000084500000, 0x0000000084600000, 0x0000000084600000|100%| E|CS|TAMS 0x0000000084500000, 0x0000000084500000| Complete 
|  70|0x0000000084600000, 0x0000000084700000, 0x0000000084700000|100%| E|CS|TAMS 0x0000000084600000, 0x0000000084600000| Complete 
|  71|0x0000000084700000, 0x0000000084800000, 0x0000000084800000|100%| E|CS|TAMS 0x0000000084700000, 0x0000000084700000| Complete 
|  72|0x0000000084800000, 0x0000000084900000, 0x0000000084900000|100%| E|CS|TAMS 0x0000000084800000, 0x0000000084800000| Complete 
|  73|0x0000000084900000, 0x0000000084a00000, 0x0000000084a00000|100%| E|CS|TAMS 0x0000000084900000, 0x0000000084900000| Complete 
|  74|0x0000000084a00000, 0x0000000084b00000, 0x0000000084b00000|100%| E|CS|TAMS 0x0000000084a00000, 0x0000000084a00000| Complete 
|  89|0x0000000085900000, 0x00000000859f3558, 0x0000000085a00000| 95%| S|CS|TAMS 0x0000000085900000, 0x0000000085900000| Complete 
| 127|0x0000000087f00000, 0x0000000088000000, 0x0000000088000000|100%| E|CS|TAMS 0x0000000087f00000, 0x0000000087f00000| Complete 

Card table byte_map: [0x000002bda0f20000,0x000002bda1320000] _byte_map_base: 0x000002bda0b20000

Marking Bits (Prev, Next): (CMBitMap*) 0x000002bd8c6de3b0, (CMBitMap*) 0x000002bd8c6de370
 Prev Bits: [0x000002bda3720000, 0x000002bda5720000)
 Next Bits: [0x000002bda1720000, 0x000002bda3720000)

Polling page: 0x000002bd8c710000

Metaspace:

Usage:
  Non-class:     22.77 MB used.
      Class:      2.61 MB used.
       Both:     25.38 MB used.

Virtual space:
  Non-class space:       64.00 MB reserved,      23.00 MB ( 36%) committed,  1 nodes.
      Class space:        1.00 GB reserved,       2.75 MB ( <1%) committed,  1 nodes.
             Both:        1.06 GB reserved,      25.75 MB (  2%) committed. 

Chunk freelists:
   Non-Class:  8.30 MB
       Class:  13.08 MB
        Both:  21.38 MB

MaxMetaspaceSize: unlimited
CompressedClassSpaceSize: 1.00 GB
Initial GC threshold: 21.00 MB
Current GC threshold: 35.25 MB
CDS: off
MetaspaceReclaimPolicy: balanced
 - commit_granule_bytes: 65536.
 - commit_granule_words: 8192.
 - virtual_space_node_default_size: 8388608.
 - enlarge_chunks_in_place: 1.
 - new_chunks_are_fully_committed: 0.
 - uncommit_free_chunks: 1.
 - use_allocation_guard: 0.
 - handle_deallocations: 1.


Internal statistics:

num_allocs_failed_limit: 3.
num_arena_births: 304.
num_arena_deaths: 0.
num_vsnodes_births: 2.
num_vsnodes_deaths: 0.
num_space_committed: 412.
num_space_uncommitted: 0.
num_chunks_returned_to_freelist: 3.
num_chunks_taken_from_freelist: 821.
num_chunk_merges: 3.
num_chunk_splits: 561.
num_chunks_enlarged: 393.
num_inconsistent_stats: 0.

CodeHeap 'non-profiled nmethods': size=120000Kb used=1912Kb max_used=1912Kb free=118087Kb
 bounds [0x000002bd98fd0000, 0x000002bd99240000, 0x000002bda0500000]
CodeHeap 'profiled nmethods': size=120000Kb used=6176Kb max_used=6176Kb free=113823Kb
 bounds [0x000002bd91500000, 0x000002bd91b10000, 0x000002bd98a30000]
CodeHeap 'non-nmethods': size=5760Kb used=1535Kb max_used=1622Kb free=4224Kb
 bounds [0x000002bd98a30000, 0x000002bd98ca0000, 0x000002bd98fd0000]
 total_blobs=3859 nmethods=3271 adapters=500
 compilation: enabled
              stopped_count=0, restarted_count=0
 full_count=0

Compilation events (20 events):
Event: 9.414 Thread 0x000002bdae2e5990 nmethod 3241 0x000002bd991ac310 code [0x000002bd991ac4e0, 0x000002bd991ad638]
Event: 9.415 Thread 0x000002bdae2e5990 3242       4       java.util.regex.Pattern::has (15 bytes)
Event: 9.415 Thread 0x000002bdae2e5990 nmethod 3242 0x000002bd991add90 code [0x000002bd991adf00, 0x000002bd991adf98]
Event: 9.434 Thread 0x000002bdac0885e0 3245       3       java.util.Properties::getProperty (50 bytes)
Event: 9.434 Thread 0x000002bdac0885e0 nmethod 3245 0x000002bd91af2190 code [0x000002bd91af2360, 0x000002bd91af2838]
Event: 9.435 Thread 0x000002bdac0885e0 3246       3       java.util.concurrent.ConcurrentHashMap$BaseIterator::<init> (21 bytes)
Event: 9.436 Thread 0x000002bdac0885e0 nmethod 3246 0x000002bd91af2990 code [0x000002bd91af2b40, 0x000002bd91af2d18]
Event: 9.521 Thread 0x000002bdac0885e0 3247       3       java.io.BufferedReader::ensureOpen (18 bytes)
Event: 9.521 Thread 0x000002bdac0885e0 nmethod 3247 0x000002bd91af2e10 code [0x000002bd91af2fc0, 0x000002bd91af31c8]
Event: 9.521 Thread 0x000002bdac0885e0 3248       3       java.io.StreamTokenizer::read (38 bytes)
Event: 9.521 Thread 0x000002bdac0885e0 nmethod 3248 0x000002bd91af3290 code [0x000002bd91af3460, 0x000002bd91af3848]
Event: 9.521 Thread 0x000002bdac0885e0 3249   !   3       java.io.BufferedReader::read (104 bytes)
Event: 9.522 Thread 0x000002bdac0885e0 nmethod 3249 0x000002bd91af3990 code [0x000002bd91af3b80, 0x000002bd91af4158]
Event: 9.530 Thread 0x000002bdac0885e0 3250       3       java.lang.String::regionMatches (150 bytes)
Event: 9.531 Thread 0x000002bdac0885e0 nmethod 3250 0x000002bd91af4490 code [0x000002bd91af46e0, 0x000002bd91af4ee8]
Event: 9.531 Thread 0x000002bdac0885e0 3251       3       java.lang.StringLatin1::regionMatchesCI (98 bytes)
Event: 9.532 Thread 0x000002bdac0885e0 nmethod 3251 0x000002bd91af5190 code [0x000002bd91af53c0, 0x000002bd91af5af8]
Event: 9.532 Thread 0x000002bdac0885e0 3254       3       java.lang.String::indexOf (18 bytes)
Event: 9.533 Thread 0x000002bdac0885e0 nmethod 3254 0x000002bd91af5e90 code [0x000002bd91af6060, 0x000002bd91af6328]
Event: 9.533 Thread 0x000002bdac0885e0 3252       3       java.io.StreamTokenizer::nextToken (1266 bytes)

GC Heap History (10 events):
Event: 0.955 GC heap before
{Heap before GC invocations=0 (full 0):
 garbage-first heap   total 131072K, used 14336K [0x0000000080000000, 0x0000000100000000)
  region size 1024K, 13 young (13312K), 0 survivors (0K)
 Metaspace       used 4816K, committed 4928K, reserved 1114112K
  class space    used 387K, committed 448K, reserved 1048576K
}
Event: 0.962 GC heap after
{Heap after GC invocations=1 (full 0):
 garbage-first heap   total 131072K, used 10851K [0x0000000080000000, 0x0000000100000000)
  region size 1024K, 2 young (2048K), 2 survivors (2048K)
 Metaspace       used 4816K, committed 4928K, reserved 1114112K
  class space    used 387K, committed 448K, reserved 1048576K
}
Event: 1.422 GC heap before
{Heap before GC invocations=1 (full 0):
 garbage-first heap   total 131072K, used 19043K [0x0000000080000000, 0x0000000100000000)
  region size 1024K, 10 young (10240K), 2 survivors (2048K)
 Metaspace       used 6728K, committed 6976K, reserved 1114112K
  class space    used 523K, committed 640K, reserved 1048576K
}
Event: 1.426 GC heap after
{Heap after GC invocations=2 (full 0):
 garbage-first heap   total 131072K, used 15262K [0x0000000080000000, 0x0000000100000000)
  region size 1024K, 2 young (2048K), 2 survivors (2048K)
 Metaspace       used 6728K, committed 6976K, reserved 1114112K
  class space    used 523K, committed 640K, reserved 1048576K
}
Event: 3.069 GC heap before
{Heap before GC invocations=2 (full 0):
 garbage-first heap   total 131072K, used 29598K [0x0000000080000000, 0x0000000100000000)
  region size 1024K, 17 young (17408K), 2 survivors (2048K)
 Metaspace       used 10586K, committed 10752K, reserved 1114112K
  class space    used 908K, committed 960K, reserved 1048576K
}
Event: 3.074 GC heap after
{Heap after GC invocations=3 (full 0):
 garbage-first heap   total 131072K, used 16404K [0x0000000080000000, 0x0000000100000000)
  region size 1024K, 2 young (2048K), 2 survivors (2048K)
 Metaspace       used 10586K, committed 10752K, reserved 1114112K
  class space    used 908K, committed 960K, reserved 1048576K
}
Event: 6.798 GC heap before
{Heap before GC invocations=3 (full 0):
 garbage-first heap   total 131072K, used 91156K [0x0000000080000000, 0x0000000100000000)
  region size 1024K, 75 young (76800K), 2 survivors (2048K)
 Metaspace       used 20350K, committed 20608K, reserved 1114112K
  class space    used 2083K, committed 2240K, reserved 1048576K
}
Event: 6.813 GC heap after
{Heap after GC invocations=4 (full 0):
 garbage-first heap   total 131072K, used 21816K [0x0000000080000000, 0x0000000100000000)
  region size 1024K, 7 young (7168K), 7 survivors (7168K)
 Metaspace       used 20350K, committed 20608K, reserved 1114112K
  class space    used 2083K, committed 2240K, reserved 1048576K
}
Event: 7.609 GC heap before
{Heap before GC invocations=4 (full 0):
 garbage-first heap   total 131072K, used 59704K [0x0000000080000000, 0x0000000100000000)
  region size 1024K, 45 young (46080K), 7 survivors (7168K)
 Metaspace       used 21285K, committed 21504K, reserved 1114112K
  class space    used 2171K, committed 2304K, reserved 1048576K
}
Event: 7.622 GC heap after
{Heap after GC invocations=5 (full 0):
 garbage-first heap   total 131072K, used 22135K [0x0000000080000000, 0x0000000100000000)
  region size 1024K, 1 young (1024K), 1 survivors (1024K)
 Metaspace       used 21285K, committed 21504K, reserved 1114112K
  class space    used 2171K, committed 2304K, reserved 1048576K
}

Dll operation events (6 events):
Event: 0.185 Loaded shared library C:\Users\Admin\.katalon\packages\KS-9.7.2\jre\bin\java.dll
Event: 0.661 Loaded shared library C:\Users\Admin\.katalon\packages\KS-9.7.2\jre\bin\net.dll
Event: 0.664 Loaded shared library C:\Users\Admin\.katalon\packages\KS-9.7.2\jre\bin\nio.dll
Event: 0.682 Loaded shared library C:\Users\Admin\.katalon\packages\KS-9.7.2\jre\bin\zip.dll
Event: 1.848 Loaded shared library C:\Users\Admin\.katalon\packages\KS-9.7.2\jre\bin\verify.dll
Event: 2.635 Loaded shared library C:\Users\Admin\.katalon\packages\KS-9.7.2\jre\bin\jimage.dll

Deoptimization events (20 events):
Event: 9.421 Thread 0x000002bd8c6830d0 Uncommon trap: trap_request=0xffffffbe fr.pc=0x000002bd99154ac4 relative=0x0000000000000544
Event: 9.421 Thread 0x000002bd8c6830d0 Uncommon trap: reason=profile_predicate action=maybe_recompile pc=0x000002bd99154ac4 method=java.util.stream.ReferencePipeline.forEachWithCancel(Ljava/util/Spliterator;Ljava/util/stream/Sink;)Z @ 8 c2
Event: 9.421 Thread 0x000002bd8c6830d0 DEOPT PACKING pc=0x000002bd99154ac4 sp=0x000000e15b3fd750
Event: 9.421 Thread 0x000002bd8c6830d0 DEOPT UNPACKING pc=0x000002bd98a869a3 sp=0x000000e15b3fd6f0 mode 2
Event: 9.438 Thread 0x000002bd8c6830d0 Uncommon trap: trap_request=0xffffff66 fr.pc=0x000002bd99004f80 relative=0x0000000000000720
Event: 9.438 Thread 0x000002bd8c6830d0 Uncommon trap: reason=speculate_class_check action=maybe_recompile pc=0x000002bd99004f80 method=java.net.URLStreamHandler.equals(Ljava/net/URL;Ljava/net/URL;)Z @ 17 c2
Event: 9.438 Thread 0x000002bd8c6830d0 DEOPT PACKING pc=0x000002bd99004f80 sp=0x000000e15b3fd7c0
Event: 9.438 Thread 0x000002bd8c6830d0 DEOPT UNPACKING pc=0x000002bd98a869a3 sp=0x000000e15b3fd6f8 mode 2
Event: 9.438 Thread 0x000002bd8c6830d0 Uncommon trap: trap_request=0xffffff45 fr.pc=0x000002bd99006540 relative=0x0000000000000580
Event: 9.438 Thread 0x000002bd8c6830d0 Uncommon trap: reason=unstable_if action=reinterpret pc=0x000002bd99006540 method=java.net.URLStreamHandler.sameFile(Ljava/net/URL;Ljava/net/URL;)Z @ 63 c2
Event: 9.438 Thread 0x000002bd8c6830d0 DEOPT PACKING pc=0x000002bd99006540 sp=0x000000e15b3fd600
Event: 9.438 Thread 0x000002bd8c6830d0 DEOPT UNPACKING pc=0x000002bd98a869a3 sp=0x000000e15b3fd5c0 mode 2
Event: 9.529 Thread 0x000002bd8c6830d0 Uncommon trap: trap_request=0xffffff45 fr.pc=0x000002bd9900249c relative=0x00000000000004fc
Event: 9.529 Thread 0x000002bd8c6830d0 Uncommon trap: reason=unstable_if action=reinterpret pc=0x000002bd9900249c method=java.lang.StringLatin1.regionMatchesCI([BI[BII)Z @ 72 c2
Event: 9.530 Thread 0x000002bd8c6830d0 DEOPT PACKING pc=0x000002bd9900249c sp=0x000000e15b3fb630
Event: 9.530 Thread 0x000002bd8c6830d0 DEOPT UNPACKING pc=0x000002bd98a869a3 sp=0x000000e15b3fb5c0 mode 2
Event: 9.530 Thread 0x000002bd8c6830d0 Uncommon trap: trap_request=0xffffff45 fr.pc=0x000002bd990550f0 relative=0x0000000000000350
Event: 9.530 Thread 0x000002bd8c6830d0 Uncommon trap: reason=unstable_if action=reinterpret pc=0x000002bd990550f0 method=java.lang.String.indexOf([BBILjava/lang/String;I)I @ 54 c2
Event: 9.530 Thread 0x000002bd8c6830d0 DEOPT PACKING pc=0x000002bd990550f0 sp=0x000000e15b3fb680
Event: 9.530 Thread 0x000002bd8c6830d0 DEOPT UNPACKING pc=0x000002bd98a869a3 sp=0x000000e15b3fb590 mode 2

Classes unloaded (0 events):
No events

Classes redefined (0 events):
No events

Internal exceptions (20 events):
Event: 8.320 Thread 0x000002bd8c6830d0 Exception <a 'java/lang/NoSuchMethodError'{0x00000000842e4de0}: 'int java.lang.invoke.DirectMethodHandle$Holder.invokeVirtual(java.lang.Object, java.lang.Object, java.lang.Object)'> (0x00000000842e4de0) 
thrown [s\src\hotspot\share\interpreter\linkResolver.cpp, line 759]
Event: 8.338 Thread 0x000002bd8c6830d0 Exception <a 'java/lang/NoSuchMethodError'{0x00000000842f0ac8}: 'int java.lang.invoke.DirectMethodHandle$Holder.invokeSpecial(java.lang.Object, java.lang.Object, java.lang.Object, java.lang.Object)'> (0x00000000842f0ac8) 
thrown [s\src\hotspot\share\interpreter\linkResolver.cpp, line 759]
Event: 8.354 Thread 0x000002bd8c6830d0 Exception <a 'java/lang/NoSuchMethodError'{0x00000000842ff5c0}: 'java.lang.Object java.lang.invoke.DelegatingMethodHandle$Holder.delegate(java.lang.Object, int, java.lang.Object, java.lang.Object)'> (0x00000000842ff5c0) 
thrown [s\src\hotspot\share\interpreter\linkResolver.cpp, line 759]
Event: 8.361 Thread 0x000002bd8c6830d0 Exception <a 'java/lang/NoSuchMethodError'{0x0000000084119060}: 'java.lang.Object java.lang.invoke.Invokers$Holder.invokeExact_MT(java.lang.Object, java.lang.Object, java.lang.Object)'> (0x0000000084119060) 
thrown [s\src\hotspot\share\interpreter\linkResolver.cpp, line 759]
Event: 8.370 Thread 0x000002bd8c6830d0 Exception <a 'java/lang/ClassNotFoundException'{0x0000000084152b98}: com/kms/katalon/core/webui/contribution/WebUiDriverCleanerBeanInfo> (0x0000000084152b98) 
thrown [s\src\hotspot\share\classfile\systemDictionary.cpp, line 256]
Event: 8.375 Thread 0x000002bd8c6830d0 Exception <a 'java/lang/ClassNotFoundException'{0x00000000841706d0}: com/kms/katalon/core/webui/contribution/WebUiDriverCleanerCustomizer> (0x00000000841706d0) 
thrown [s\src\hotspot\share\classfile\systemDictionary.cpp, line 256]
Event: 8.440 Thread 0x000002bd8c6830d0 Exception <a 'java/lang/ClassNotFoundException'{0x00000000841eca20}: com/kms/katalon/core/mobile/contribution/MobileDriverCleanerBeanInfo> (0x00000000841eca20) 
thrown [s\src\hotspot\share\classfile\systemDictionary.cpp, line 256]
Event: 8.444 Thread 0x000002bd8c6830d0 Exception <a 'java/lang/ClassNotFoundException'{0x000000008400ae08}: com/kms/katalon/core/mobile/contribution/MobileDriverCleanerCustomizer> (0x000000008400ae08) 
thrown [s\src\hotspot\share\classfile\systemDictionary.cpp, line 256]
Event: 8.455 Thread 0x000002bd8c6830d0 Exception <a 'java/lang/ClassNotFoundException'{0x0000000084049c00}: com/kms/katalon/core/cucumber/keyword/internal/CucumberDriverCleanerBeanInfo> (0x0000000084049c00) 
thrown [s\src\hotspot\share\classfile\systemDictionary.cpp, line 256]
Event: 8.459 Thread 0x000002bd8c6830d0 Exception <a 'java/lang/ClassNotFoundException'{0x0000000084068b00}: com/kms/katalon/core/cucumber/keyword/internal/CucumberDriverCleanerCustomizer> (0x0000000084068b00) 
thrown [s\src\hotspot\share\classfile\systemDictionary.cpp, line 256]
Event: 8.489 Thread 0x000002bd8c6830d0 Exception <a 'java/lang/ClassNotFoundException'{0x00000000840a88f8}: com/kms/katalon/core/windows/keyword/contribution/WindowsDriverCleanerBeanInfo> (0x00000000840a88f8) 
thrown [s\src\hotspot\share\classfile\systemDictionary.cpp, line 256]
Event: 8.497 Thread 0x000002bd8c6830d0 Exception <a 'java/lang/ClassNotFoundException'{0x00000000840c7eb0}: com/kms/katalon/core/windows/keyword/contribution/WindowsDriverCleanerCustomizer> (0x00000000840c7eb0) 
thrown [s\src\hotspot\share\classfile\systemDictionary.cpp, line 256]
Event: 8.508 Thread 0x000002bd8c6830d0 Exception <a 'java/lang/ClassNotFoundException'{0x0000000083f06968}: com/kms/katalon/core/testng/keyword/internal/TestNGDriverCleanerBeanInfo> (0x0000000083f06968) 
thrown [s\src\hotspot\share\classfile\systemDictionary.cpp, line 256]
Event: 8.514 Thread 0x000002bd8c6830d0 Exception <a 'java/lang/ClassNotFoundException'{0x0000000083f25190}: com/kms/katalon/core/testng/keyword/internal/TestNGDriverCleanerCustomizer> (0x0000000083f25190) 
thrown [s\src\hotspot\share\classfile\systemDictionary.cpp, line 256]
Event: 8.656 Thread 0x000002bd8c6830d0 Implicit null exception at 0x000002bd99098c0c to 0x000002bd99098d42
Event: 8.865 Thread 0x000002bd8c6830d0 Exception <a 'java/lang/ClassNotFoundException'{0x0000000083c37a80}: com/kms/katalon/core/configuration/RunConfigurationBeanInfo> (0x0000000083c37a80) 
thrown [s\src\hotspot\share\classfile\systemDictionary.cpp, line 256]
Event: 8.875 Thread 0x000002bd8c6830d0 Exception <a 'java/lang/ClassNotFoundException'{0x0000000083c54830}: com/kms/katalon/core/configuration/RunConfigurationCustomizer> (0x0000000083c54830) 
thrown [s\src\hotspot\share\classfile\systemDictionary.cpp, line 256]
Event: 9.342 Thread 0x000002bd8c6830d0 Exception <a 'java/lang/ClassNotFoundException'{0x00000000835cff08}: com/kms/katalon/core/main/TestCaseMainBeanInfo> (0x00000000835cff08) 
thrown [s\src\hotspot\share\classfile\systemDictionary.cpp, line 256]
Event: 9.347 Thread 0x000002bd8c6830d0 Exception <a 'java/lang/ClassNotFoundException'{0x00000000835eb648}: com/kms/katalon/core/main/TestCaseMainCustomizer> (0x00000000835eb648) 
thrown [s\src\hotspot\share\classfile\systemDictionary.cpp, line 256]
Event: 9.354 Thread 0x000002bd8c6830d0 Exception <a 'java/lang/NoSuchMethodError'{0x0000000083403048}: 'void java.lang.invoke.DirectMethodHandle$Holder.invokeStaticInit(java.lang.Object)'> (0x0000000083403048) 
thrown [s\src\hotspot\share\interpreter\linkResolver.cpp, line 759]

VM Operations (20 events):
Event: 7.686 Executing VM operation: HandshakeAllThreads
Event: 7.686 Executing VM operation: HandshakeAllThreads done
Event: 7.692 Executing VM operation: HandshakeAllThreads
Event: 7.692 Executing VM operation: HandshakeAllThreads done
Event: 7.770 Executing VM operation: HandshakeAllThreads
Event: 7.770 Executing VM operation: HandshakeAllThreads done
Event: 8.053 Executing VM operation: HandshakeAllThreads
Event: 8.053 Executing VM operation: HandshakeAllThreads done
Event: 8.551 Executing VM operation: HandshakeAllThreads
Event: 8.551 Executing VM operation: HandshakeAllThreads done
Event: 8.557 Executing VM operation: HandshakeAllThreads
Event: 8.557 Executing VM operation: HandshakeAllThreads done
Event: 8.645 Executing VM operation: HandshakeAllThreads
Event: 8.645 Executing VM operation: HandshakeAllThreads done
Event: 9.004 Executing VM operation: HandshakeAllThreads
Event: 9.004 Executing VM operation: HandshakeAllThreads done
Event: 9.004 Executing VM operation: Cleanup
Event: 9.005 Executing VM operation: Cleanup done
Event: 9.292 Executing VM operation: HandshakeAllThreads
Event: 9.292 Executing VM operation: HandshakeAllThreads done

Events (20 events):
Event: 9.518 loading class jdk/internal/access/JavaSecurityAccess$ProtectionDomainCache done
Event: 9.518 loading class java/security/ProtectionDomain$JavaSecurityAccessImpl$1
Event: 9.518 loading class java/security/ProtectionDomain$JavaSecurityAccessImpl$1 done
Event: 9.518 loading class sun/security/provider/PolicyFile$2
Event: 9.518 loading class sun/security/provider/PolicyFile$2 done
Event: 9.519 loading class java/nio/channels/Channels
Event: 9.519 loading class java/nio/channels/Channels done
Event: 9.519 loading class sun/nio/ch/ChannelInputStream
Event: 9.519 loading class sun/nio/ch/ChannelInputStream done
Event: 9.519 loading class sun/security/provider/PolicyParser
Event: 9.520 loading class sun/security/provider/PolicyParser done
Event: 9.520 loading class java/nio/channels/SelectableChannel
Event: 9.520 loading class java/nio/channels/SelectableChannel done
Event: 9.521 Thread 0x000002bdae2e5990 Thread exited: 0x000002bdae2e5990
Event: 9.521 loading class sun/security/provider/PolicyParser$GrantEntry
Event: 9.529 loading class sun/security/provider/PolicyParser$GrantEntry done
Event: 9.530 loading class sun/security/provider/PolicyParser$PermissionEntry
Event: 9.530 loading class sun/security/provider/PolicyParser$PermissionEntry done
Event: 9.530 loading class sun/security/util/PropertyExpander
Event: 9.530 loading class sun/security/util/PropertyExpander done


Dynamic libraries:
0x00007ff689b80000 - 0x00007ff689b8e000 	C:\Users\Admin\.katalon\packages\KS-9.7.2\jre\bin\javaw.exe
0x00007ffc6d200000 - 0x00007ffc6d3ee000 	C:\Windows\SYSTEM32\ntdll.dll
0x00007ffc6cf00000 - 0x00007ffc6cfb3000 	C:\Windows\System32\KERNEL32.DLL
0x00007ffc69540000 - 0x00007ffc697dd000 	C:\Windows\System32\KERNELBASE.dll
0x00007ffc698d0000 - 0x00007ffc699ca000 	C:\Windows\System32\ucrtbase.dll
0x00007ffc63430000 - 0x00007ffc63447000 	C:\Users\Admin\.katalon\packages\KS-9.7.2\jre\bin\jli.dll
0x00007ffc6aff0000 - 0x00007ffc6b187000 	C:\Windows\System32\USER32.dll
0x00007ffc69350000 - 0x00007ffc69370000 	C:\Windows\System32\win32u.dll
0x00007ffc6b9d0000 - 0x00007ffc6b9f9000 	C:\Windows\System32\GDI32.dll
0x00007ffc69390000 - 0x00007ffc69537000 	C:\Windows\System32\gdi32full.dll
0x00007ffc697e0000 - 0x00007ffc69880000 	C:\Windows\System32\msvcp_win.dll
0x00007ffc60fc0000 - 0x00007ffc60fd9000 	C:\Users\Admin\.katalon\packages\KS-9.7.2\jre\bin\VCRUNTIME140.dll
0x00007ffc52f70000 - 0x00007ffc531e9000 	C:\Windows\WinSxS\amd64_microsoft.windows.common-controls_6595b64144ccf1df_6.0.17763.6659_none_de721f8a534a9678\COMCTL32.dll
0x00007ffc6b570000 - 0x00007ffc6b60e000 	C:\Windows\System32\msvcrt.dll
0x00007ffc6abb0000 - 0x00007ffc6aeda000 	C:\Windows\System32\combase.dll
0x00007ffc6b830000 - 0x00007ffc6b948000 	C:\Windows\System32\RPCRT4.dll
0x00007ffc69260000 - 0x00007ffc692e2000 	C:\Windows\System32\bcryptPrimitives.dll
0x00007ffc6b360000 - 0x00007ffc6b38e000 	C:\Windows\System32\IMM32.DLL
0x00007ffc612a0000 - 0x00007ffc612ac000 	C:\Users\Admin\.katalon\packages\KS-9.7.2\jre\bin\vcruntime140_1.dll
0x00007ffc553f0000 - 0x00007ffc55481000 	C:\Users\Admin\.katalon\packages\KS-9.7.2\jre\bin\msvcp140.dll
0x00007ffbea450000 - 0x00007ffbeb098000 	C:\Users\Admin\.katalon\packages\KS-9.7.2\jre\bin\server\jvm.dll
0x00007ffc6cfc0000 - 0x00007ffc6d068000 	C:\Windows\System32\ADVAPI32.dll
0x00007ffc6af40000 - 0x00007ffc6afe2000 	C:\Windows\System32\sechost.dll
0x00007ffc6a3f0000 - 0x00007ffc6a416000 	C:\Windows\System32\bcrypt.dll
0x00007ffc50ac0000 - 0x00007ffc50ac9000 	C:\Windows\SYSTEM32\WSOCK32.dll
0x00007ffc6b950000 - 0x00007ffc6b9bd000 	C:\Windows\System32\WS2_32.dll
0x00007ffc64ff0000 - 0x00007ffc65014000 	C:\Windows\SYSTEM32\WINMM.dll
0x00007ffc62c80000 - 0x00007ffc62c8a000 	C:\Windows\SYSTEM32\VERSION.dll
0x00007ffc64f90000 - 0x00007ffc64fbd000 	C:\Windows\SYSTEM32\winmmbase.dll
0x00007ffc69880000 - 0x00007ffc698ca000 	C:\Windows\System32\cfgmgr32.dll
0x00007ffc69190000 - 0x00007ffc691a1000 	C:\Windows\System32\kernel.appcore.dll
0x00007ffc62b70000 - 0x00007ffc62b7a000 	C:\Users\Admin\.katalon\packages\KS-9.7.2\jre\bin\jimage.dll
0x00007ffc67a40000 - 0x00007ffc67c2d000 	C:\Windows\SYSTEM32\DBGHELP.DLL
0x00007ffc4c580000 - 0x00007ffc4c5aa000 	C:\Windows\SYSTEM32\dbgcore.DLL
0x00007ffc61a80000 - 0x00007ffc61aa5000 	C:\Users\Admin\.katalon\packages\KS-9.7.2\jre\bin\java.dll
0x00007ffc5ceb0000 - 0x00007ffc5cec8000 	C:\Users\Admin\.katalon\packages\KS-9.7.2\jre\bin\zip.dll
0x00007ffc6ba00000 - 0x00007ffc6cef8000 	C:\Windows\System32\SHELL32.dll
0x00007ffc6b390000 - 0x00007ffc6b437000 	C:\Windows\System32\shcore.dll
0x00007ffc69ca0000 - 0x00007ffc6a3e8000 	C:\Windows\System32\windows.storage.dll
0x00007ffc69230000 - 0x00007ffc69253000 	C:\Windows\System32\profapi.dll
0x00007ffc691b0000 - 0x00007ffc6920d000 	C:\Windows\System32\powrprof.dll
0x00007ffc6b190000 - 0x00007ffc6b1e2000 	C:\Windows\System32\shlwapi.dll
0x00007ffc69370000 - 0x00007ffc6938b000 	C:\Windows\System32\cryptsp.dll
0x00007ffc52b80000 - 0x00007ffc52b99000 	C:\Users\Admin\.katalon\packages\KS-9.7.2\jre\bin\net.dll
0x00007ffc5cd30000 - 0x00007ffc5ce2d000 	C:\Windows\SYSTEM32\WINHTTP.dll
0x00007ffc68990000 - 0x00007ffc689f7000 	C:\Windows\system32\mswsock.dll
0x00007ffc52b60000 - 0x00007ffc52b75000 	C:\Users\Admin\.katalon\packages\KS-9.7.2\jre\bin\nio.dll
0x00007ffc62b60000 - 0x00007ffc62b70000 	C:\Users\Admin\.katalon\packages\KS-9.7.2\jre\bin\verify.dll

dbghelp: loaded successfully - version: 4.0.5 - missing functions: none
symbol engine: initialized successfully - sym options: 0x614 - pdb path: .;C:\Users\Admin\.katalon\packages\KS-9.7.2\jre\bin;C:\Windows\SYSTEM32;C:\Windows\WinSxS\amd64_microsoft.windows.common-controls_6595b64144ccf1df_6.0.17763.6659_none_de721f8a534a9678;C:\Users\Admin\.katalon\packages\KS-9.7.2\jre\bin\server

VM Arguments:
jvm_args: -Dgroovy.home=C:\Users\Admin/.groovy -Djava.system.class.loader=groovy.lang.GroovyClassLoader -Xmx2048m -Dfile.encoding=UTF-8 -XX:+ShowCodeDetailsInExceptionMessages 
java_command: org.codehaus.groovy.tools.GroovyStarter --classpath C:\Users\Admin\Katalon Studio\FisrtProject\bin\keyword;C:\Users\Admin\Katalon Studio\FisrtProject\Keywords;C:\Users\Admin\Katalon Studio\FisrtProject\bin\listener;C:\Users\Admin\Katalon Studio\FisrtProject\Test Listeners;C:\Users\Admin\Katalon Studio\FisrtProject\bin\lib;C:\Users\Admin\Katalon Studio\FisrtProject\Libs;C:\Users\Admin\Katalon Studio\FisrtProject\bin\groovy;C:\Users\Admin\Katalon Studio\FisrtProject\Include\scripts\groovy;C:\Users\Admin\.katalon\packages\KS-9.7.2\plugins\com.kms.katalon.core_1.0.0.202409190502.jar;C:\Users\Admin\.katalon\packages\KS-9.7.2\configuration\resources\lib\aalto-xml-1.0.0.jar;C:\Users\Admin\.katalon\packages\KS-9.7.2\configuration\resources\lib\aspectjweaver-1.9.1.jar;C:\Users\Admin\.katalon\packages\KS-9.7.2\configuration\resources\lib\aws-2.20.3-fat.jar;C:\Users\Admin\.katalon\packages\KS-9.7.2\configuration\resources\lib\bcpkix-jdk15on-1.64.jar;C:\Users\Admin\.katalon\packages\KS-9.7.2\configuration\resources\lib\bcprov-jdk15on-1.64.jar;C:\Users\Admin\.katalon\packages\KS-9.7.2\configuration\resources\lib\browsermob-core-2.1.5.jar;C:\Users\Admin\.katalon\packages\KS-9.7.2\configuration\resources\lib\byte-buddy-1.14.3.jar;C:\Users\Admin\.katalon\packages\KS-9.7.2\configuration\resources\lib\byte-buddy-agent-1.14.3.jar;C:\Users\Admin\.katalon\packages\KS-9.7.2\configuration\resources\lib\cglib-3.2.10.jar;C:\Users\Admin\.katalon\packages\KS-9.7.2\configuration\resources\lib\commons-codec-1.10.jar;C:\Users\Admin\.katalon\packages\KS-9.7.2\configuration\resources\lib\commons-collections4-4.1.jar;C:\Users\Admin\.katalon\packages\KS-9.7.2\configuration\resources\lib\commons-validator-1.6.jar;C:\Users\Admin\.katalon\packages\KS-9.7.2\configuration\resources\lib\curvesapi-1.04.jar;C:\Users\Admin\.katalon\packages\KS-9.7.2\configuration\resources\lib\dnsjava-2.1.8.jar;C:\Users\Admin\.katalon\packages\KS-9.7.2\configuration\resources\lib\groovy-3.0.17-fat.jar;C:\User
java_class_path (initial): C:\Users\Admin\Katalon Studio\FisrtProject\bin\keyword;C:\Users\Admin\Katalon Studio\FisrtProject\bin\listener;C:\Users\Admin\Katalon Studio\FisrtProject\bin\lib;C:\Users\Admin\Katalon Studio\FisrtProject\bin\groovy;C:\Users\Admin\Katalon Studio\FisrtProject\bin;C:\Users\Admin\.katalon\packages\KS-9.7.2\plugins\com.kms.katalon.core_1.0.0.202409190502.jar;C:\Users\Admin\.katalon\packages\KS-9.7.2\configuration\resources\lib\aalto-xml-1.0.0.jar;C:\Users\Admin\.katalon\packages\KS-9.7.2\configuration\resources\lib\aspectjweaver-1.9.1.jar;C:\Users\Admin\.katalon\packages\KS-9.7.2\configuration\resources\lib\aws-2.20.3-fat.jar;C:\Users\Admin\.katalon\packages\KS-9.7.2\configuration\resources\lib\bcpkix-jdk15on-1.64.jar;C:\Users\Admin\.katalon\packages\KS-9.7.2\configuration\resources\lib\bcprov-jdk15on-1.64.jar;C:\Users\Admin\.katalon\packages\KS-9.7.2\configuration\resources\lib\browsermob-core-2.1.5.jar;C:\Users\Admin\.katalon\packages\KS-9.7.2\configuration\resources\lib\byte-buddy-1.14.3.jar;C:\Users\Admin\.katalon\packages\KS-9.7.2\configuration\resources\lib\byte-buddy-agent-1.14.3.jar;C:\Users\Admin\.katalon\packages\KS-9.7.2\configuration\resources\lib\cglib-3.2.10.jar;C:\Users\Admin\.katalon\packages\KS-9.7.2\configuration\resources\lib\commons-codec-1.10.jar;C:\Users\Admin\.katalon\packages\KS-9.7.2\configuration\resources\lib\commons-collections4-4.1.jar;C:\Users\Admin\.katalon\packages\KS-9.7.2\configuration\resources\lib\commons-validator-1.6.jar;C:\Users\Admin\.katalon\packages\KS-9.7.2\configuration\resources\lib\curvesapi-1.04.jar;C:\Users\Admin\.katalon\packages\KS-9.7.2\configuration\resources\lib\dnsjava-2.1.8.jar;C:\Users\Admin\.katalon\packages\KS-9.7.2\configuration\resources\lib\groovy-3.0.17-fat.jar;C:\Users\Admin\.katalon\packages\KS-9.7.2\configuration\resources\lib\jackson-coreutils-2.0.jar;C:\Users\Admin\.katalon\packages\KS-9.7.2\configuration\resources\lib\jackson-coreutils-equivalence-1.0.jar;C:\Users\Admin\.kat
Launcher Type: SUN_STANDARD

[Global flags]
     intx CICompilerCount                          = 3                                         {product} {ergonomic}
     uint ConcGCThreads                            = 1                                         {product} {ergonomic}
     uint G1ConcRefinementThreads                  = 4                                         {product} {ergonomic}
   size_t G1HeapRegionSize                         = 1048576                                   {product} {ergonomic}
    uintx GCDrainStackTargetSize                   = 64                                        {product} {ergonomic}
   size_t InitialHeapSize                          = 134217728                                 {product} {ergonomic}
   size_t MarkStackSize                            = 4194304                                   {product} {ergonomic}
   size_t MaxHeapSize                              = 2147483648                                {product} {command line}
   size_t MaxNewSize                               = 1287651328                                {product} {ergonomic}
   size_t MinHeapDeltaBytes                        = 1048576                                   {product} {ergonomic}
   size_t MinHeapSize                              = 8388608                                   {product} {ergonomic}
    uintx NonNMethodCodeHeapSize                   = 5832780                                {pd product} {ergonomic}
    uintx NonProfiledCodeHeapSize                  = 122912730                              {pd product} {ergonomic}
    uintx ProfiledCodeHeapSize                     = 122912730                              {pd product} {ergonomic}
    uintx ReservedCodeCacheSize                    = 251658240                              {pd product} {ergonomic}
     bool SegmentedCodeCache                       = true                                      {product} {ergonomic}
     bool ShowCodeDetailsInExceptionMessages       = true                                   {manageable} {command line}
   size_t SoftMaxHeapSize                          = 2147483648                             {manageable} {ergonomic}
     bool UseCompressedClassPointers               = true                           {product lp64_product} {ergonomic}
     bool UseCompressedOops                        = true                           {product lp64_product} {ergonomic}
     bool UseG1GC                                  = true                                      {product} {ergonomic}
     bool UseLargePagesIndividualAllocation        = false                                  {pd product} {ergonomic}

Logging:
Log output configuration:
 #0: stdout all=warning uptime,level,tags
 #1: stderr all=off uptime,level,tags

Environment Variables:
JAVA_HOME=C:\Users\Admin\.katalon\packages\KS-9.7.2\jre
PATH=C:/Users/Admin/.katalon/packages/KS-9.7.2/jre/bin/server;C:/Users/Admin/.katalon/packages/KS-9.7.2/jre/bin;C:\Program Files\Common Files\Oracle\Java\javapath;C:\Windows\system32;C:\Windows;C:\Windows\System32\Wbem;C:\Windows\System32\WindowsPowerShell\v1.0\;C:\Windows\System32\OpenSSH\;C:\Program Files\Microsoft SQL Server\Client SDK\ODBC\170\Tools\Binn\;C:\Program Files (x86)\Microsoft SQL Server\150\Tools\Binn\;C:\Program Files\Microsoft SQL Server\150\Tools\Binn\;C:\Program Files\Microsoft SQL Server\150\DTS\Binn\;C:\Program Files (x86)\STMicroelectronics\STM32 ST-LINK Utility\ST-LINK Utility;C:\Program Files\nodejs\;C:\Users\Admin\AppData\Local\Microsoft\WindowsApps;C:\Program Files\JetBrains\IntelliJ IDEA Community Edition 2024.1.4\bin;;C:\Users\Admin\AppData\Roaming\npm;C:\Users\Admin\.katalon\packages\KS-9.7.2;:C:\Users\Admin\.katalon\packages\KS-9.7.2\jre\bin
USERNAME=Admin
OS=Windows_NT
PROCESSOR_IDENTIFIER=Intel64 Family 6 Model 142 Stepping 9, GenuineIntel
TMP=C:\Users\Admin\AppData\Local\Temp
TEMP=C:\Users\Admin\AppData\Local\Temp



---------------  S Y S T E M  ---------------

OS:
 Windows 10 , 64 bit Build 17763 (10.0.17763.6292)
OS uptime: 0 days 9:03 hours
Hyper-V role detected

CPU: total 4 (initial active 4) (2 cores per cpu, 2 threads per core) family 6 model 142 stepping 9 microcode 0xea, cx8, cmov, fxsr, ht, mmx, 3dnowpref, sse, sse2, sse3, ssse3, sse4.1, sse4.2, popcnt, lzcnt, tsc, tscinvbit, avx, avx2, aes, erms, clmul, bmi1, bmi2, adx, fma, vzeroupper, clflush, clflushopt, hv

Memory: 4k page, system-wide physical 8090M (750M free)
TotalPageFile size 18589M (AvailPageFile size 14M)
current process WorkingSet (physical memory assigned to process): 158M, peak: 192M
current process commit charge ("private bytes"): 215M, peak: 258M

vm_info: OpenJDK 64-Bit Server VM (17.0.7+7) for windows-amd64 JRE (17.0.7+7), built on Apr 18 2023 22:10:42 by "temurin" with MS VC++ 16.7 (VS2019)

END.
