#
# There is insufficient memory for the Java Runtime Environment to continue.
# Native memory allocation (malloc) failed to allocate 1408368 bytes for Chunk::new
# Possible reasons:
#   The system is out of physical RAM or swap space
#   The process is running with CompressedOops enabled, and the Java Heap may be blocking the growth of the native heap
# Possible solutions:
#   Reduce memory load on the system
#   Increase physical memory or swap space
#   Check if swap backing store is full
#   Decrease Java heap size (-Xmx/-Xms)
#   Decrease number of Java threads
#   Decrease Java thread stack sizes (-Xss)
#   Set larger code cache with -XX:ReservedCodeCacheSize=
#   JVM is running with Unscaled Compressed Oops mode in which the Java heap is
#     placed in the first 4GB address space. The Java Heap base address is the
#     maximum limit for the native heap growth. Please use -XX:HeapBaseMinAddress
#     to set the Java Heap base and to place the Java Heap above 4GB virtual address.
# This output file may be truncated or incomplete.
#
#  Out of Memory Error (arena.cpp:189), pid=17556, tid=6948
#
# JRE version: OpenJDK Runtime Environment Temurin-17.0.7+7 (17.0.7+7) (build 17.0.7+7)
# Java VM: OpenJDK 64-Bit Server VM Temurin-17.0.7+7 (17.0.7+7, mixed mode, tiered, compressed oops, compressed class ptrs, g1 gc, windows-amd64)
# No core dump will be written. Minidumps are not enabled by default on client versions of Windows
#

---------------  S U M M A R Y ------------

Command Line: -Dgroovy.home=C:\Users\Admin/.groovy -Djava.system.class.loader=groovy.lang.GroovyClassLoader -Xmx2048m -Dfile.encoding=UTF-8 -XX:+ShowCodeDetailsInExceptionMessages org.codehaus.groovy.tools.GroovyStarter --classpath C:\Users\Admin\Katalon Studio\FisrtProject\bin\keyword;C:\Users\Admin\Katalon Studio\FisrtProject\Keywords;C:\Users\Admin\Katalon Studio\FisrtProject\bin\listener;C:\Users\Admin\Katalon Studio\FisrtProject\Test Listeners;C:\Users\Admin\Katalon Studio\FisrtProject\bin\lib;C:\Users\Admin\Katalon Studio\FisrtProject\Libs;C:\Users\Admin\Katalon Studio\FisrtProject\bin\groovy;C:\Users\Admin\Katalon Studio\FisrtProject\Include\scripts\groovy;C:\Users\Admin\.katalon\packages\KS-9.7.2\plugins\com.kms.katalon.core_1.0.0.202409190502.jar;C:\Users\Admin\.katalon\packages\KS-9.7.2\configuration\resources\lib\aalto-xml-1.0.0.jar;C:\Users\Admin\.katalon\packages\KS-9.7.2\configuration\resources\lib\aspectjweaver-1.9.1.jar;C:\Users\Admin\.katalon\packages\KS-9.7.2\configuration\resources\lib\aws-2.20.3-fat.jar;C:\Users\Admin\.katalon\packages\KS-9.7.2\configuration\resources\lib\bcpkix-jdk15on-1.64.jar;C:\Users\Admin\.katalon\packages\KS-9.7.2\configuration\resources\lib\bcprov-jdk15on-1.64.jar;C:\Users\Admin\.katalon\packages\KS-9.7.2\configuration\resources\lib\browsermob-core-2.1.5.jar;C:\Users\Admin\.katalon\packages\KS-9.7.2\configuration\resources\lib\byte-buddy-1.14.3.jar;C:\Users\Admin\.katalon\packages\KS-9.7.2\configuration\resources\lib\byte-buddy-agent-1.14.3.jar;C:\Users\Admin\.katalon\packages\KS-9.7.2\configuration\resources\lib\cglib-3.2.10.jar;C:\Users\Admin\.katalon\packages\KS-9.7.2\configuration\resources\lib\commons-codec-1.10.jar;C:\Users\Admin\.katalon\packages\KS-9.7.2\configuration\resources\lib\commons-collections4-4.1.jar;C:\Users\Admin\.katalon\packages\KS-9.7.2\configuration\resources\lib\commons-validator-1.6.jar;C:\Users\Admin\.katalon\packages\KS-9.7.2\configuration\resources\lib\curvesapi-1.04.jar;C:\Users\Admin\.katalon\packages\KS-9.7.2\configuration\resources\lib\dnsjava-2.1.8.jar;C:\Users\Admin\.katalon\packages\KS-9.7.2\configuration\resources\lib\groovy-3.0.17-fat.jar;C:\Users\Admin\.katalon\packages\KS-9.7.2\configuration\resources\lib\jackson-coreutils-2.0.jar;C:\Users\Admin\.katalon\packages\KS-9.7.2\configuration\resources\lib\jackson-coreutils-equivalence-1.0.jar;C:\Users\Admin\.katalon\packages\KS-9.7.2\configuration\resources\lib\java-client-7.0.0.jar;C:\Users\Admin\.katalon\packages\KS-9.7.2\configuration\resources\lib\javax.servlet-api_3.1.0.jar;C:\Users\Admin\.katalon\packages\KS-9.7.2\configuration\resources\lib\jna-5.12.1.jar;C:\Users\Admin\.katalon\packages\KS-9.7.2\configuration\resources\lib\jna-platform-5.12.1.jar;C:\Users\Admin\.katalon\packages\KS-9.7.2\configuration\resources\lib\json-schema-core-1.2.14.jar;C:\Users\Admin\.katalon\packages\KS-9.7.2\configuration\resources\lib\json-schema-validator-2.2.14.jar;C:\Users\Admin\.katalon\packages\KS-9.7.2\configuration\resources\lib\jzlib-1.1.3.jar;C:\Users\Admin\.katalon\packages\KS-9.7.2\configuration\resources\lib\kat-server.jar;C:\Users\Admin\.katalon\packages\KS-9.7.2\configuration\resources\lib\littleproxy-1.1.0-beta-bmp-17.jar;C:\Users\Admin\.katalon\packages\KS-9.7.2\configuration\resources\lib\log4j-1.2-api-2.17.1.jar;C:\Users\Admin\.katalon\packages\KS-9.7.2\configuration\resources\lib\log4j-api-2.17.1.jar;C:\Users\Admin\.katalon\packages\KS-9.7.2\configuration\resources\lib\log4j-core-2.17.1.jar;C:\Users\Admin\.katalon\packages\KS-9.7.2\configuration\resources\lib\mitm-2.1.5.jar;C:\Users\Admin\.katalon\packages\KS-9.7.2\configuration\resources\lib\mockito-core-5.2.0.jar;C:\Users\Admin\.katalon\packages\KS-9.7.2\configuration\resources\lib\mockito-inline-5.2.0.jar;C:\Users\Admin\.katalon\packages\KS-9.7.2\configuration\resources\lib\netty-all-4.1.109.Final.jar;C:\Users\Admin\.katalon\packages\KS-9.7.2\configuration\resources\lib\objenesis-3.3.jar;C:\Users\Admin\.katalon\packages\KS-9.7.2\configuration\resources\lib\poi-3.17.jar;C:\Users\Admin\.katalon\packages\KS-9.7.2\configuration\resources\lib\poi-ooxml-3.17.jar;C:\Users\Admin\.katalon\packages\KS-9.7.2\configuration\resources\lib\poi-ooxml-schemas-3.17.jar;C:\Users\Admin\.katalon\packages\KS-9.7.2\configuration\resources\lib\proxy-vole-1.0.4-SNAPSHOT-jar-with-dependencies.jar;C:\Users\Admin\.katalon\packages\KS-9.7.2\configuration\resources\lib\repackaged-sikuli-api-1.0.2-standalone.jar;C:\Users\Admin\.katalon\packages\KS-9.7.2\configuration\resources\lib\selenium-leg-rc-3.141.59.jar;C:\Users\Admin\.katalon\packages\KS-9.7.2\configuration\resources\lib\selenium-server-standalone-3.141.59.jar;C:\Users\Admin\.katalon\packages\KS-9.7.2\configuration\resources\lib\selenium-shutterbug-1.1.jar;C:\Users\Admin\.katalon\packages\KS-9.7.2\configuration\resources\lib\slf4j-api-1.7.25.jar;C:\Users\Admin\.katalon\packages\KS-9.7.2\configuration\resources\lib\soap-builder-1.0.0.jar;C:\Users\Admin\.katalon\packages\KS-9.7.2\configuration\resources\lib\soap-common-1.0.0.jar;C:\Users\Admin\.katalon\packages\KS-9.7.2\configuration\resources\lib\soap-legacy-1.0.0.jar;C:\Users\Admin\.katalon\packages\KS-9.7.2\configuration\resources\lib\spring-context-5.3.19.jar;C:\Users\Admin\.katalon\packages\KS-9.7.2\configuration\resources\lib\stax2-api-4.0.0.jar;C:\Users\Admin\.katalon\packages\KS-9.7.2\configuration\resources\lib\su.jar;C:\Users\Admin\.katalon\packages\KS-9.7.2\configuration\resources\lib\swagger-parser-1.0.67-fat.jar;C:\Users\Admin\.katalon\packages\KS-9.7.2\configuration\resources\lib\testng-7.8.0.jar;C:\Users\Admin\.katalon\packages\KS-9.7.2\configuration\resources\lib\uri-template-0.1.jar;C:\Users\Admin\.katalon\packages\KS-9.7.2\configuration\resources\lib\wadl.jar;C:\Users\Admin\.katalon\packages\KS-9.7.2\configuration\resources\lib\xmlbeans-3.1.0.jar;C:\Users\Admin\.katalon\packages\KS-9.7.2\plugins\net.sf.supercsv.super-csv_2.1.0.jar;C:\Users\Admin\.katalon\packages\KS-9.7.2\plugins\org.apache.commons.io_2.4.0.jar;C:\Users\Admin\.katalon\packages\KS-9.7.2\plugins\org.apache.commons.lang_2.6.0.jar;C:\Users\Admin\.katalon\packages\KS-9.7.2\plugins\com.google.gson_2.10.1.v20230109-0753.jar;C:\Users\Admin\.katalon\packages\KS-9.7.2\plugins\org.jsoup_1.14.3.jar;C:\Users\Admin\.katalon\packages\KS-9.7.2\plugins\org.apache.commons.dbutils_1.6.0.jar;C:\Users\Admin\.katalon\packages\KS-9.7.2\plugins\com.oracle.jdbc.ojdbc7_12.1.0.2.jar;C:\Users\Admin\.katalon\packages\KS-9.7.2\plugins\org.postgresql.jdbc_42.7.3.jar;c:\Users\Admin\.katalon\packages\KS-9.7.2\plugins\org.eclipse.osgi_3.18.300.v20230220-1352.jar;C:\Users\Admin\.katalon\packages\KS-9.7.2\plugins\com.kms.katalon.constant_1.0.0.202409190502.jar;C:\Users\Admin\.katalon\packages\KS-9.7.2\plugins\org.eclipse.persistence.eclipselink_2.7.11.jar;C:\Users\Admin\.katalon\packages\KS-9.7.2\plugins\com.kms.katalon.selenium-standalone_1.0.0.202409190502.jar;C:\Users\Admin\.katalon\packages\KS-9.7.2\plugins\atu.testrecorder.screen-recorder_2.1.0.jar;C:\Users\Admin\.katalon\packages\KS-9.7.2\plugins\com.google.guava_32.0.0.jre.jar;C:\Users\Admin\.katalon\packages\KS-9.7.2\plugins\com.kms.katalon.util_1.0.0.202409190502.jar;C:\Users\Admin\.katalon\packages\KS-9.7.2\plugins\org.apache.httpcomponents.httpclient_4.5.14.v20221207-1049.jar;C:\Users\Admin\.katalon\packages\KS-9.7.2\plugins\org.apache.httpcomponents.httpcore_4.4.16.v20221207-1049.jar;C:\Users\Admin\.katalon\packages\KS-9.7.2\plugins\org.apache.httpcomponents.httpmime_4.5.13.jar;C:\Users\Admin\.katalon\packages\KS-9.7.2\plugins\org.apache.commons.lang3_3.14.0.jar;C:\Users\Admin\.katalon\packages\KS-9.7.2\plugins\org.greenrobot.eventbus_3.1.1.jar;C:\Users\Admin\.katalon\packages\KS-9.7.2\plugins\net.bytebuddy.byte-buddy_1.14.15.jar;C:\Users\Admin\.katalon\packages\KS-9.7.2\plugins\org.junit_4.13.2.v20211018-1956.jar;C:\Users\Admin\.katalon\packages\KS-9.7.2\plugins\com.fasterxml.jackson.core.jackson-databind_2.17.1.jar;C:\Users\Admin\.katalon\packages\KS-9.7.2\plugins\com.fasterxml.jackson.core.jackson-core_2.17.1.jar;C:\Users\Admin\.katalon\packages\KS-9.7.2\plugins\com.fasterxml.jackson.core.jackson-annotations_2.17.1.jar;C:\Users\Admin\.katalon\packages\KS-9.7.2\plugins\ch.qos.logback.classic_1.2.13.jar;C:\Users\Admin\.katalon\packages\KS-9.7.2\plugins\ch.qos.logback.core_1.2.13.jar;C:\Users\Admin\.katalon\packages\KS-9.7.2\plugins\slf4j.api_1.7.36.jar;C:\Users\Admin\.katalon\packages\KS-9.7.2\plugins\org.fusesource.jansi_1.17.1.jar;C:\Users\Admin\.katalon\packages\KS-9.7.2\plugins\com.kms.katalon.netlightbody_1.0.0.202409190502.jar;C:\Users\Admin\.katalon\packages\KS-9.7.2\plugins\com.kms.katalon.poi_1.0.0.202409190502.jar;C:\Users\Admin\.katalon\packages\KS-9.7.2\plugins\org.apache.commons.commons-text_1.10.0.jar;C:\Users\Admin\.katalon\packages\KS-9.7.2\plugins\com.kms.katalon.proxyvole_1.0.0.202409190502.jar;C:\Users\Admin\.katalon\packages\KS-9.7.2\plugins\com.microsoft.sqlserver.mssql-jdbc_6.2.2.jre8.jar;C:\Users\Admin\.katalon\packages\KS-9.7.2\plugins\com.github.kklisura.cdt.java-client_2.1.0.jar;C:\Users\Admin\.katalon\packages\KS-9.7.2\plugins\javax.websocket-api_1.1.0.jar;C:\Users\Admin\.katalon\packages\KS-9.7.2\plugins\org.glassfish.tyrus.container-grizzly-client_1.13.1.jar;C:\Users\Admin\.katalon\packages\KS-9.7.2\plugins\org.glassfish.grizzly.http-server_2.3.25.jar;C:\Users\Admin\.katalon\packages\KS-9.7.2\plugins\org.glassfish.grizzly.framework_2.3.25.jar;C:\Users\Admin\.katalon\packages\KS-9.7.2\plugins\org.glassfish.grizzly.http_2.3.25.jar;C:\Users\Admin\.katalon\packages\KS-9.7.2\plugins\org.glassfish.tyrus.client_1.13.1.jar;C:\Users\Admin\.katalon\packages\KS-9.7.2\plugins\org.glassfish.tyrus.core_1.13.1.jar;C:\Users\Admin\.katalon\packages\KS-9.7.2\plugins\org.glassfish.tyrus.spi_1.13.1.jar;C:\Users\Admin\.katalon\packages\KS-9.7.2\plugins\javassist_3.28.0.GA.jar;C:\Users\Admin\.katalon\packages\KS-9.7.2\plugins\graphql-java_17.5.0.jar;C:\Users\Admin\.katalon\packages\KS-9.7.2\plugins\org.glassfish.jaxb.runtime_2.3.6.jar;C:\Users\Admin\.katalon\packages\KS-9.7.2\plugins\org.glassfish.jaxb.txw2_2.3.6.jar;C:\Users\Admin\.katalon\packages\KS-9.7.2\plugins\org.dom4j_2.1.4.jar;C:\Users\Admin\.katalon\packages\KS-9.7.2\plugins\com.kms.katalon.groovy-extended_1.0.0.202409190502.jar;C:\Users\Admin\.katalon\packages\KS-9.7.2\plugins\com.sun.activation.javax.activation_1.2.0.jar;C:\Users\Admin\.katalon\packages\KS-9.7.2\plugins\jakarta.xml.bind-api_2.3.3.jar;C:\Users\Admin\.katalon\packages\KS-9.7.2\plugins\com.sun.xml.bind.jaxb-impl_2.3.6.jar;C:\Users\Admin\.katalon\packages\KS-9.7.2\plugins\org.eclipse.jface_3.29.0.v20230214-1401.jar;C:\Users\Admin\.katalon\packages\KS-9.7.2\plugins\com.kms.katalon.logging_1.0.0.202409190502.jar;C:\Users\Admin\.katalon\packages\KS-9.7.2\plugins\json_20240303.0.0.jar;C:\Users\Admin\.katalon\packages\KS-9.7.2\plugins\assertj-core_3.25.3.jar;C:\Users\Admin\.katalon\packages\KS-9.7.2\plugins\com.networknt.json-schema-validator_1.0.66.jar;C:\Users\Admin\.katalon\packages\KS-9.7.2\plugins\com.kms.katalon.network.apache_1.0.0.202409190502.jar;C:\Users\Admin\.katalon\packages\KS-9.7.2\plugins\org.apache.commons.logging_1.2.0.v20180409-1502.jar;C:\Users\Admin\.katalon\packages\KS-9.7.2\plugins\org.hamcrest.core_1.3.0.v20180420-1519.jar;C:\Users\Admin\.katalon\packages\KS-9.7.2\plugins\org.beanshell.bsh_2.0.0.0b4.jar;C:\Users\Admin\.katalon\packages\KS-9.7.2\plugins\org.apache.ant.launcher_1.9.6.jar;C:\Users\Admin\.katalon\packages\KS-9.7.2\plugins\com.kms.katalon.core.appium_1.0.0.202409190502.jar;C:\Users\Admin\.katalon\packages\KS-9.7.2\plugins\com.kms.katalon.api_1.0.0.202409190502.jar;C:\Users\Admin\.katalon\packages\KS-9.7.2\plugins\org.eclipse.equinox.common_3.17.100.v20230202-1341.jar;C:\Users\Admin\.katalon\packages\KS-9.7.2\plugins\com.kms.katalon.platform.core_1.0.0.202409190502.jar;C:\Users\Admin\.katalon\packages\KS-9.7.2\plugins\com.kms.katalon.common_1.0.0.202409190502.jar;C:\Users\Admin\.katalon\packages\KS-9.7.2\plugins\com.kms.katalon.session.core_1.0.0.202409190502.jar;C:\Users\Admin\.katalon\packages\KS-9.7.2\plugins\org.eclipse.e4.core.contexts_1.11.0.v20220716-0839.jar;C:\Users\Admin\.katalon\packages\KS-9.7.2\plugins\javax.inject_1.0.0.v20220405-0441.jar;C:\Users\Admin\.katalon\packages\KS-9.7.2\plugins\org.eclipse.e4.core.di_1.8.300.v20220817-1539.jar;C:\Users\Admin\.katalon\packages\KS-9.7.2\plugins\com.kms.katalon.network.core_1.0.0.202409190502.jar;C:\Users\Admin\.katalon\packages\KS-9.7.2\plugins\com.kms.katalon.execution.core_1.0.0.202409190502.jar;C:\Users\Admin\.katalon\packages\KS-9.7.2\plugins\org.eclipse.equinox.registry_3.11.200.v20220817-1601.jar;C:\Users\Admin\.katalon\packages\KS-9.7.2\plugins\dev.failsafe_3.3.2.jar;C:\Users\Admin\.katalon\packages\KS-9.7.2\plugins\com.fasterxml.jackson.datatype.jackson-datatype-jsr310_2.17.1.jar;C:\Users\Admin\.katalon\packages\KS-9.7.2\plugins\org.eclipse.e4.core.di.annotations_1.7.200.v20220613-1008.jar;C:\Users\Admin\.katalon\packages\KS-9.7.2\plugins\com.kms.katalon.core.webui_1.0.0.202409190502.jar;C:\Users\Admin\.katalon\packages\KS-9.7.2\plugins\org.eclipse.e4.core.services_2.3.400.v20220915-1347.jar;C:\Users\Admin\.katalon\packages\KS-9.7.2\plugins\com.kms.katalon.core.mobile_1.0.0.202409190502.jar;C:\Users\Admin\.katalon\packages\KS-9.7.2\plugins\org.apache.commons.commons-validator_1.7.0.jar;C:\Users\Admin\.katalon\packages\KS-9.7.2\plugins\com.kms.katalon.core.cucumber_1.0.0.202409190502.jar;C:\Users\Admin\.katalon\packages\KS-9.7.2\plugins\io.cucumber.core_3.0.3.jar;C:\Users\Admin\.katalon\packages\KS-9.7.2\plugins\io.cucumber.datatable_1.1.15.jar;C:\Users\Admin\.katalon\packages\KS-9.7.2\plugins\io.cucumber.datatable-dependencies_1.1.15.jar;C:\Users\Admin\.katalon\packages\KS-9.7.2\plugins\io.cucumber.expressions_5.0.19.jar;C:\Users\Admin\.katalon\packages\KS-9.7.2\plugins\io.cucumber.gherkin_5.0.0.jar;C:\Users\Admin\.katalon\packages\KS-9.7.2\plugins\io.cucumber.html_0.2.7.jar;C:\Users\Admin\.katalon\packages\KS-9.7.2\plugins\io.cucumber.java_3.0.3.jar;C:\Users\Admin\.katalon\packages\KS-9.7.2\plugins\io.cucumber.tag-expressions_1.1.1.jar;C:\Users\Admin\.katalon\packages\KS-9.7.2\plugins\io.cucumber.junit_3.0.3.jar;C:\Users\Admin\.katalon\packages\KS-9.7.2\plugins\com.kms.katalon.core.webservice_1.0.0.202409190502.jar;C:\Users\Admin\.katalon\packages\KS-9.7.2\plugins\wsdl4j_1.6.2.jar;C:\Users\Admin\.katalon\packages\KS-9.7.2\plugins\com.google.oauth-client.google-oauth-client_1.22.0.jar;C:\Users\Admin\.katalon\packages\KS-9.7.2\plugins\com.google.http-client.google-http-client_1.22.0.jar;C:\Users\Admin\.katalon\packages\KS-9.7.2\plugins\ca.juliusdavies.not-yet-commons-ssl_0.3.11.jar;C:\Users\Admin\.katalon\packages\KS-9.7.2\plugins\com.kms.katalon.preferences_1.0.0.202409190502.jar;C:\Users\Admin\.katalon\packages\KS-9.7.2\plugins\org.apache.xmlbeans_3.1.0.jar;C:\Users\Admin\.katalon\packages\KS-9.7.2\plugins\com.kms.katalon.entity_1.0.0.202409190502.jar;C:\Users\Admin\.katalon\packages\KS-9.7.2\plugins\org.antlr.antlr4-runtime_4.9.2.jar;C:\Users\Admin\.katalon\packages\KS-9.7.2\plugins\jakarta.xml.ws-api_2.3.3.jar;C:\Users\Admin\.katalon\packages\KS-9.7.2\plugins\javax.xml.soap-api_1.4.0.jar;C:\Users\Admin\.katalon\packages\KS-9.7.2\plugins\com.atlassian.oai.swagger-request-validator-core_2.38.0.jar;C:\Users\Admin\.katalon\packages\KS-9.7.2\plugins\io.swagger.compat-spec-parser_1.0.67.jar;C:\Users\Admin\.katalon\packages\KS-9.7.2\plugins\io.swagger.core.v3.swagger-annotations_2.2.14.jar;C:\Users\Admin\.katalon\packages\KS-9.7.2\plugins\io.swagger.core.v3.swagger-core_2.2.14.jar;C:\Users\Admin\.katalon\packages\KS-9.7.2\plugins\io.swagger.core.v3.swagger-models_2.2.14.jar;C:\Users\Admin\.katalon\packages\KS-9.7.2\plugins\io.swagger.parser.v3.swagger-parser-core_2.1.16.jar;C:\Users\Admin\.katalon\packages\KS-9.7.2\plugins\io.swagger.parser.v3.swagger-parser-v2-converter_2.1.16.jar;C:\Users\Admin\.katalon\packages\KS-9.7.2\plugins\com.github.java-json-tools.btf_1.3.0.jar;C:\Users\Admin\.katalon\packages\KS-9.7.2\plugins\com.fasterxml.jackson.dataformat.jackson-dataformat-yaml_2.17.1.jar;C:\Users\Admin\.katalon\packages\KS-9.7.2\plugins\org.yaml.snakeyaml_2.2.0.jar;C:\Users\Admin\.katalon\packages\KS-9.7.2\plugins\com.github.java-json-tools.msg-simple_1.2.0.jar;C:\Users\Admin\.katalon\packages\KS-9.7.2\plugins\jackson-core-asl_1.9.13.jar;C:\Users\Admin\.katalon\packages\KS-9.7.2\plugins\joda-time_2.10.5.jar;C:\Users\Admin\.katalon\packages\KS-9.7.2\plugins\javax.mail-api_1.6.2.jar;C:\Users\Admin\.katalon\packages\KS-9.7.2\plugins\com.googlecode.libphonenumber_8.11.1.jar;C:\Users\Admin\.katalon\packages\KS-9.7.2\plugins\com.google.guava.failureaccess_1.0.1.jar;C:\Users\Admin\.katalon\packages\KS-9.7.2\plugins\io.swagger.parser.v3.swagger-parser_2.1.16.jar;C:\Users\Admin\.katalon\packages\KS-9.7.2\plugins\io.swagger.parser.v3.swagger-parser-v3_2.1.16.jar;C:\Users\Admin\.katalon\packages\KS-9.7.2\plugins\io.swagger.parser_1.0.67.jar;C:\Users\Admin\.katalon\packages\KS-9.7.2\plugins\com.kms.katalon.core.windows_1.0.0.202409190502.jar;C:\Users\Admin\.katalon\packages\KS-9.7.2\plugins\com.kms.katalon.core.testng_1.0.0.202409190502.jar;C:\Users\Admin\.katalon\packages\KS-9.7.2\configuration\org.eclipse.osgi\33\0\.cp\resources\basic-report\katalon-studio-report-plugin.jar;C:\Users\Admin\.katalon\packages\KS-9.7.2\plugins\org.codehaus.groovy_3.0.17.v202303311542-e2303\lib\groovy-3.0.17-indy.jar;C:\Users\Admin\.katalon\packages\KS-9.7.2\plugins\org.codehaus.groovy_3.0.17.v202303311542-e2303\lib\ivy-2.5.1.jar --main groovy.ui.GroovyMain --encoding UTF-8 --indy C:\Users\Admin\Katalon Studio\FisrtProject\Libs\TempTestCase1732704164003.groovy

Host: Intel(R) Core(TM) i7-7500U CPU @ 2.70GHz, 4 cores, 7G,  Windows 10 , 64 bit Build 17763 (10.0.17763.6292)
Time: Wed Nov 27 17:43:03 2024 SE Asia Standard Time elapsed time: 19.538246 seconds (0d 0h 0m 19s)

---------------  T H R E A D  ---------------

Current thread (0x0000023b789068c0):  JavaThread "C2 CompilerThread0" daemon [_thread_in_native, id=6948, stack(0x0000003e7d900000,0x0000003e7da00000)]


Current CompileTask:
C2:  19538 4668  s!   4       jdk.internal.loader.URLClassPath::getLoader (194 bytes)

Stack: [0x0000003e7d900000,0x0000003e7da00000]
Native frames: (J=compiled Java code, j=interpreted, Vv=VM code, C=native code)
V  [jvm.dll+0x67754a]
V  [jvm.dll+0x834304]
V  [jvm.dll+0x835aae]
V  [jvm.dll+0x836113]
V  [jvm.dll+0x24696f]
V  [jvm.dll+0xac0ac]
V  [jvm.dll+0xac67c]
V  [jvm.dll+0x364e37]
V  [jvm.dll+0x32f6b1]
V  [jvm.dll+0x32eb5a]
V  [jvm.dll+0x219641]
V  [jvm.dll+0x218a61]
V  [jvm.dll+0x1a4d8d]
V  [jvm.dll+0x2284da]
V  [jvm.dll+0x226615]
V  [jvm.dll+0x7ea90b]
V  [jvm.dll+0x7e4e7a]
V  [jvm.dll+0x676395]
C  [ucrtbase.dll+0x2268a]
C  [KERNEL32.DLL+0x17ac4]
C  [ntdll.dll+0x5a8c1]


---------------  P R O C E S S  ---------------

Threads class SMR info:
_java_thread_list=0x0000023b0fabf4a0, length=14, elements={
0x0000023b6e103790, 0x0000023b788e3620, 0x0000023b788e48a0, 0x0000023b788eae60,
0x0000023b788a6a10, 0x0000023b78905410, 0x0000023b78905cd0, 0x0000023b789068c0,
0x0000023b7896c8b0, 0x0000023b789739b0, 0x0000023b78bb3050, 0x0000023b7d765390,
0x0000023b78bc1bb0, 0x0000023b7ed9ea40
}

Java Threads: ( => current thread )
  0x0000023b6e103790 JavaThread "main" [_thread_blocked, id=14800, stack(0x0000003e7cc00000,0x0000003e7cd00000)]
  0x0000023b788e3620 JavaThread "Reference Handler" daemon [_thread_blocked, id=16776, stack(0x0000003e7d300000,0x0000003e7d400000)]
  0x0000023b788e48a0 JavaThread "Finalizer" daemon [_thread_blocked, id=3028, stack(0x0000003e7d400000,0x0000003e7d500000)]
  0x0000023b788eae60 JavaThread "Signal Dispatcher" daemon [_thread_blocked, id=17488, stack(0x0000003e7d500000,0x0000003e7d600000)]
  0x0000023b788a6a10 JavaThread "Attach Listener" daemon [_thread_blocked, id=7352, stack(0x0000003e7d600000,0x0000003e7d700000)]
  0x0000023b78905410 JavaThread "Service Thread" daemon [_thread_blocked, id=11896, stack(0x0000003e7d700000,0x0000003e7d800000)]
  0x0000023b78905cd0 JavaThread "Monitor Deflation Thread" daemon [_thread_blocked, id=11748, stack(0x0000003e7d800000,0x0000003e7d900000)]
=>0x0000023b789068c0 JavaThread "C2 CompilerThread0" daemon [_thread_in_native, id=6948, stack(0x0000003e7d900000,0x0000003e7da00000)]
  0x0000023b7896c8b0 JavaThread "C1 CompilerThread0" daemon [_thread_blocked, id=16256, stack(0x0000003e7da00000,0x0000003e7db00000)]
  0x0000023b789739b0 JavaThread "Sweeper thread" daemon [_thread_blocked, id=2980, stack(0x0000003e7db00000,0x0000003e7dc00000)]
  0x0000023b78bb3050 JavaThread "Common-Cleaner" daemon [_thread_blocked, id=17236, stack(0x0000003e7dc00000,0x0000003e7dd00000)]
  0x0000023b7d765390 JavaThread "Notification Thread" daemon [_thread_blocked, id=12780, stack(0x0000003e7df00000,0x0000003e7e000000)]
  0x0000023b78bc1bb0 JavaThread "Thread-0" [_thread_blocked, id=4984, stack(0x0000003e7e100000,0x0000003e7e200000)]
  0x0000023b7ed9ea40 JavaThread "UrlChecker-2" daemon [_thread_blocked, id=7488, stack(0x0000003e7e300000,0x0000003e7e400000)]

Other Threads:
  0x0000023b788cfc00 VMThread "VM Thread" [stack: 0x0000003e7d200000,0x0000003e7d300000] [id=5088]
  0x0000023b7d7baeb0 WatcherThread [stack: 0x0000003e7e000000,0x0000003e7e100000] [id=16760]
  0x0000023b6e15d500 GCTaskThread "GC Thread#0" [stack: 0x0000003e7cd00000,0x0000003e7ce00000] [id=11112]
  0x0000023b7d1a1d70 GCTaskThread "GC Thread#1" [stack: 0x0000003e7dd00000,0x0000003e7de00000] [id=5356]
  0x0000023b78c10280 GCTaskThread "GC Thread#2" [stack: 0x0000003e7de00000,0x0000003e7df00000] [id=4084]
  0x0000023b7ec1e2f0 GCTaskThread "GC Thread#3" [stack: 0x0000003e7e200000,0x0000003e7e300000] [id=1396]
  0x0000023b6e16f360 ConcurrentGCThread "G1 Main Marker" [stack: 0x0000003e7ce00000,0x0000003e7cf00000] [id=12184]
  0x0000023b6e170980 ConcurrentGCThread "G1 Conc#0" [stack: 0x0000003e7cf00000,0x0000003e7d000000] [id=18072]
  0x0000023b6e18d840 ConcurrentGCThread "G1 Refine#0" [stack: 0x0000003e7d000000,0x0000003e7d100000] [id=12644]
  0x0000023b78708150 ConcurrentGCThread "G1 Service" [stack: 0x0000003e7d100000,0x0000003e7d200000] [id=14344]

Threads with active compile tasks:
C2 CompilerThread0    19578 4668  s!   4       jdk.internal.loader.URLClassPath::getLoader (194 bytes)

VM state: not at safepoint (normal execution)

VM Mutex/Monitor currently owned by a thread: None

Heap address: 0x0000000080000000, size: 2048 MB, Compressed Oops mode: 32-bit

CDS archive(s) not mapped
Compressed class space mapped at: 0x0000000100000000-0x0000000140000000, reserved size: 1073741824
Narrow klass base: 0x0000000000000000, Narrow klass shift: 3, Narrow klass range: 0x140000000

GC Precious Log:
 CPUs: 4 total, 4 available
 Memory: 8090M
 Large Page Support: Disabled
 NUMA Support: Disabled
 Compressed Oops: Enabled (32-bit)
 Heap Region Size: 1M
 Heap Min Capacity: 8M
 Heap Initial Capacity: 128M
 Heap Max Capacity: 2G
 Pre-touch: Disabled
 Parallel Workers: 4
 Concurrent Workers: 1
 Concurrent Refinement Workers: 4
 Periodic GC: Disabled

Heap:
 garbage-first heap   total 81920K, used 33081K [0x0000000080000000, 0x0000000100000000)
  region size 1024K, 3 young (3072K), 2 survivors (2048K)
 Metaspace       used 35717K, committed 36288K, reserved 1114112K
  class space    used 3818K, committed 4096K, reserved 1048576K

Heap Regions: E=young(eden), S=young(survivor), O=old, HS=humongous(starts), HC=humongous(continues), CS=collection set, F=free, OA=open archive, CA=closed archive, TAMS=top-at-mark-start (previous, next)
|   0|0x0000000080000000, 0x0000000080100000, 0x0000000080100000|100%|HS|  |TAMS 0x0000000080100000, 0x0000000080000000| Complete 
|   1|0x0000000080100000, 0x0000000080200000, 0x0000000080200000|100%|HS|  |TAMS 0x0000000080200000, 0x0000000080100000| Complete 
|   2|0x0000000080200000, 0x0000000080300000, 0x0000000080300000|100%| O|  |TAMS 0x0000000080300000, 0x0000000080200000| Untracked 
|   3|0x0000000080300000, 0x0000000080400000, 0x0000000080400000|100%| O|  |TAMS 0x0000000080400000, 0x0000000080300000| Untracked 
|   4|0x0000000080400000, 0x0000000080500000, 0x0000000080500000|100%| O|  |TAMS 0x0000000080500000, 0x0000000080400000| Untracked 
|   5|0x0000000080500000, 0x0000000080600000, 0x0000000080600000|100%| O|  |TAMS 0x0000000080600000, 0x0000000080500000| Untracked 
|   6|0x0000000080600000, 0x0000000080700000, 0x0000000080700000|100%| O|  |TAMS 0x0000000080700000, 0x0000000080600000| Untracked 
|   7|0x0000000080700000, 0x0000000080800000, 0x0000000080800000|100%| O|  |TAMS 0x0000000080800000, 0x0000000080700000| Untracked 
|   8|0x0000000080800000, 0x0000000080900000, 0x0000000080900000|100%| O|  |TAMS 0x0000000080900000, 0x0000000080800000| Untracked 
|   9|0x0000000080900000, 0x0000000080a00000, 0x0000000080a00000|100%| O|  |TAMS 0x0000000080a00000, 0x0000000080900000| Untracked 
|  10|0x0000000080a00000, 0x0000000080b00000, 0x0000000080b00000|100%|HS|  |TAMS 0x0000000080b00000, 0x0000000080a00000| Complete 
|  11|0x0000000080b00000, 0x0000000080c00000, 0x0000000080c00000|100%| O|  |TAMS 0x0000000080c00000, 0x0000000080b00000| Untracked 
|  12|0x0000000080c00000, 0x0000000080d00000, 0x0000000080d00000|100%| O|  |TAMS 0x0000000080d00000, 0x0000000080c00000| Untracked 
|  13|0x0000000080d00000, 0x0000000080e00000, 0x0000000080e00000|100%| O|  |TAMS 0x0000000080e00000, 0x0000000080d00000| Untracked 
|  14|0x0000000080e00000, 0x0000000080f00000, 0x0000000080f00000|100%| O|  |TAMS 0x0000000080f00000, 0x0000000080e00000| Untracked 
|  15|0x0000000080f00000, 0x0000000081000000, 0x0000000081000000|100%| O|  |TAMS 0x0000000081000000, 0x0000000080f00000| Untracked 
|  16|0x0000000081000000, 0x0000000081100000, 0x0000000081100000|100%| O|  |TAMS 0x0000000081100000, 0x0000000081000000| Untracked 
|  17|0x0000000081100000, 0x0000000081200000, 0x0000000081200000|100%| O|  |TAMS 0x0000000081200000, 0x0000000081100000| Untracked 
|  18|0x0000000081200000, 0x0000000081300000, 0x0000000081300000|100%| O|  |TAMS 0x0000000081300000, 0x0000000081200000| Untracked 
|  19|0x0000000081300000, 0x0000000081400000, 0x0000000081400000|100%| O|  |TAMS 0x0000000081400000, 0x0000000081300000| Untracked 
|  20|0x0000000081400000, 0x00000000814b0e00, 0x0000000081500000| 69%| O|  |TAMS 0x00000000814b0e00, 0x0000000081400000| Untracked 
|  21|0x0000000081500000, 0x0000000081600000, 0x0000000081600000|100%| O|  |TAMS 0x0000000081570000, 0x0000000081500000| Untracked 
|  22|0x0000000081600000, 0x0000000081700000, 0x0000000081700000|100%| O|  |TAMS 0x0000000081600000, 0x0000000081600000| Untracked 
|  23|0x0000000081700000, 0x0000000081800000, 0x0000000081800000|100%| O|  |TAMS 0x0000000081700000, 0x0000000081700000| Untracked 
|  24|0x0000000081800000, 0x0000000081900000, 0x0000000081900000|100%| O|  |TAMS 0x0000000081900000, 0x0000000081800000| Untracked 
|  25|0x0000000081900000, 0x0000000081a00000, 0x0000000081a00000|100%| O|  |TAMS 0x0000000081a00000, 0x0000000081900000| Untracked 
|  26|0x0000000081a00000, 0x0000000081b00000, 0x0000000081b00000|100%| O|  |TAMS 0x0000000081b00000, 0x0000000081a00000| Untracked 
|  27|0x0000000081b00000, 0x0000000081c00000, 0x0000000081c00000|100%| O|  |TAMS 0x0000000081b00000, 0x0000000081b00000| Untracked 
|  28|0x0000000081c00000, 0x0000000081d00000, 0x0000000081d00000|100%| O|  |TAMS 0x0000000081c00000, 0x0000000081c00000| Untracked 
|  29|0x0000000081d00000, 0x0000000081d31000, 0x0000000081e00000| 19%| O|  |TAMS 0x0000000081d00000, 0x0000000081d00000| Untracked 
|  30|0x0000000081e00000, 0x0000000081e00000, 0x0000000081f00000|  0%| F|  |TAMS 0x0000000081e00000, 0x0000000081e00000| Untracked 
|  31|0x0000000081f00000, 0x0000000081f00000, 0x0000000082000000|  0%| F|  |TAMS 0x0000000081f00000, 0x0000000081f00000| Untracked 
|  32|0x0000000082000000, 0x0000000082100000, 0x0000000082100000|100%| O|  |TAMS 0x0000000082100000, 0x0000000082000000| Untracked 
|  33|0x0000000082100000, 0x0000000082200000, 0x0000000082200000|100%| O|  |TAMS 0x0000000082200000, 0x0000000082100000| Untracked 
|  34|0x0000000082200000, 0x0000000082200000, 0x0000000082300000|  0%| F|  |TAMS 0x0000000082200000, 0x0000000082200000| Untracked 
|  35|0x0000000082300000, 0x0000000082300000, 0x0000000082400000|  0%| F|  |TAMS 0x0000000082300000, 0x0000000082300000| Untracked 
|  36|0x0000000082400000, 0x0000000082400000, 0x0000000082500000|  0%| F|  |TAMS 0x0000000082400000, 0x0000000082400000| Untracked 
|  37|0x0000000082500000, 0x0000000082500000, 0x0000000082600000|  0%| F|  |TAMS 0x0000000082500000, 0x0000000082500000| Untracked 
|  38|0x0000000082600000, 0x0000000082600000, 0x0000000082700000|  0%| F|  |TAMS 0x0000000082600000, 0x0000000082600000| Untracked 
|  39|0x0000000082700000, 0x0000000082700000, 0x0000000082800000|  0%| F|  |TAMS 0x0000000082700000, 0x0000000082700000| Untracked 
|  40|0x0000000082800000, 0x0000000082800000, 0x0000000082900000|  0%| F|  |TAMS 0x0000000082800000, 0x0000000082800000| Untracked 
|  41|0x0000000082900000, 0x0000000082900000, 0x0000000082a00000|  0%| F|  |TAMS 0x0000000082900000, 0x0000000082900000| Untracked 
|  42|0x0000000082a00000, 0x0000000082a00000, 0x0000000082b00000|  0%| F|  |TAMS 0x0000000082a00000, 0x0000000082a00000| Untracked 
|  43|0x0000000082b00000, 0x0000000082b00000, 0x0000000082c00000|  0%| F|  |TAMS 0x0000000082b00000, 0x0000000082b00000| Untracked 
|  44|0x0000000082c00000, 0x0000000082c00000, 0x0000000082d00000|  0%| F|  |TAMS 0x0000000082c00000, 0x0000000082c00000| Untracked 
|  45|0x0000000082d00000, 0x0000000082d00000, 0x0000000082e00000|  0%| F|  |TAMS 0x0000000082d00000, 0x0000000082d00000| Untracked 
|  46|0x0000000082e00000, 0x0000000082e00000, 0x0000000082f00000|  0%| F|  |TAMS 0x0000000082e00000, 0x0000000082e00000| Untracked 
|  47|0x0000000082f00000, 0x0000000082f00000, 0x0000000083000000|  0%| F|  |TAMS 0x0000000082f00000, 0x0000000082f00000| Untracked 
|  48|0x0000000083000000, 0x0000000083000000, 0x0000000083100000|  0%| F|  |TAMS 0x0000000083000000, 0x0000000083000000| Untracked 
|  49|0x0000000083100000, 0x0000000083100000, 0x0000000083200000|  0%| F|  |TAMS 0x0000000083100000, 0x0000000083100000| Untracked 
|  50|0x0000000083200000, 0x0000000083200000, 0x0000000083300000|  0%| F|  |TAMS 0x0000000083200000, 0x0000000083200000| Untracked 
|  51|0x0000000083300000, 0x0000000083300000, 0x0000000083400000|  0%| F|  |TAMS 0x0000000083300000, 0x0000000083300000| Untracked 
|  52|0x0000000083400000, 0x0000000083400000, 0x0000000083500000|  0%| F|  |TAMS 0x0000000083400000, 0x0000000083400000| Untracked 
|  53|0x0000000083500000, 0x0000000083500000, 0x0000000083600000|  0%| F|  |TAMS 0x0000000083500000, 0x0000000083500000| Untracked 
|  54|0x0000000083600000, 0x0000000083600000, 0x0000000083700000|  0%| F|  |TAMS 0x0000000083600000, 0x0000000083600000| Untracked 
|  55|0x0000000083700000, 0x0000000083700000, 0x0000000083800000|  0%| F|  |TAMS 0x0000000083700000, 0x0000000083700000| Untracked 
|  56|0x0000000083800000, 0x0000000083800000, 0x0000000083900000|  0%| F|  |TAMS 0x0000000083800000, 0x0000000083800000| Untracked 
|  57|0x0000000083900000, 0x0000000083900000, 0x0000000083a00000|  0%| F|  |TAMS 0x0000000083900000, 0x0000000083900000| Untracked 
|  58|0x0000000083a00000, 0x0000000083a00000, 0x0000000083b00000|  0%| F|  |TAMS 0x0000000083a00000, 0x0000000083a00000| Untracked 
|  59|0x0000000083b00000, 0x0000000083b00000, 0x0000000083c00000|  0%| F|  |TAMS 0x0000000083b00000, 0x0000000083b00000| Untracked 
|  60|0x0000000083c00000, 0x0000000083c00000, 0x0000000083d00000|  0%| F|  |TAMS 0x0000000083c00000, 0x0000000083c00000| Untracked 
|  61|0x0000000083d00000, 0x0000000083d6c780, 0x0000000083e00000| 42%| S|CS|TAMS 0x0000000083d00000, 0x0000000083d00000| Complete 
|  62|0x0000000083e00000, 0x0000000083f00000, 0x0000000083f00000|100%| S|CS|TAMS 0x0000000083e00000, 0x0000000083e00000| Complete 
|  63|0x0000000083f00000, 0x0000000083f00000, 0x0000000084000000|  0%| F|  |TAMS 0x0000000083f00000, 0x0000000083f00000| Untracked 
|  64|0x0000000084000000, 0x0000000084000000, 0x0000000084100000|  0%| F|  |TAMS 0x0000000084000000, 0x0000000084000000| Untracked 
|  65|0x0000000084100000, 0x0000000084100000, 0x0000000084200000|  0%| F|  |TAMS 0x0000000084100000, 0x0000000084100000| Untracked 
|  66|0x0000000084200000, 0x0000000084200000, 0x0000000084300000|  0%| F|  |TAMS 0x0000000084200000, 0x0000000084200000| Untracked 
|  67|0x0000000084300000, 0x0000000084300000, 0x0000000084400000|  0%| F|  |TAMS 0x0000000084300000, 0x0000000084300000| Untracked 
|  68|0x0000000084400000, 0x0000000084400000, 0x0000000084500000|  0%| F|  |TAMS 0x0000000084400000, 0x0000000084400000| Untracked 
|  69|0x0000000084500000, 0x0000000084500000, 0x0000000084600000|  0%| F|  |TAMS 0x0000000084500000, 0x0000000084500000| Untracked 
|  70|0x0000000084600000, 0x0000000084600000, 0x0000000084700000|  0%| F|  |TAMS 0x0000000084600000, 0x0000000084600000| Untracked 
|  71|0x0000000084700000, 0x0000000084700000, 0x0000000084800000|  0%| F|  |TAMS 0x0000000084700000, 0x0000000084700000| Untracked 
|  72|0x0000000084800000, 0x0000000084800000, 0x0000000084900000|  0%| F|  |TAMS 0x0000000084800000, 0x0000000084800000| Untracked 
|  73|0x0000000084900000, 0x0000000084900000, 0x0000000084a00000|  0%| F|  |TAMS 0x0000000084900000, 0x0000000084900000| Untracked 
|  74|0x0000000084a00000, 0x0000000084a00000, 0x0000000084b00000|  0%| F|  |TAMS 0x0000000084a00000, 0x0000000084a00000| Untracked 
|  75|0x0000000084b00000, 0x0000000084b00000, 0x0000000084c00000|  0%| F|  |TAMS 0x0000000084b00000, 0x0000000084b00000| Untracked 
|  76|0x0000000084c00000, 0x0000000084c00000, 0x0000000084d00000|  0%| F|  |TAMS 0x0000000084c00000, 0x0000000084c00000| Untracked 
|  77|0x0000000084d00000, 0x0000000084d00000, 0x0000000084e00000|  0%| F|  |TAMS 0x0000000084d00000, 0x0000000084d00000| Untracked 
|  78|0x0000000084e00000, 0x0000000084e00000, 0x0000000084f00000|  0%| F|  |TAMS 0x0000000084e00000, 0x0000000084e00000| Untracked 
| 127|0x0000000087f00000, 0x0000000087f27b60, 0x0000000088000000| 15%| E|  |TAMS 0x0000000087f00000, 0x0000000087f00000| Complete 

Card table byte_map: [0x0000023b71b80000,0x0000023b71f80000] _byte_map_base: 0x0000023b71780000

Marking Bits (Prev, Next): (CMBitMap*) 0x0000023b6e15ea30, (CMBitMap*) 0x0000023b6e15ea70
 Prev Bits: [0x0000023b72380000, 0x0000023b74380000)
 Next Bits: [0x0000023b74380000, 0x0000023b76380000)

Polling page: 0x0000023b6bf70000

Metaspace:

Usage:
  Non-class:     31.15 MB used.
      Class:      3.73 MB used.
       Both:     34.88 MB used.

Virtual space:
  Non-class space:       64.00 MB reserved,      31.44 MB ( 49%) committed,  1 nodes.
      Class space:        1.00 GB reserved,       4.00 MB ( <1%) committed,  1 nodes.
             Both:        1.06 GB reserved,      35.44 MB (  3%) committed. 

Chunk freelists:
   Non-Class:  592.00 KB
       Class:  12.04 MB
        Both:  12.62 MB

MaxMetaspaceSize: unlimited
CompressedClassSpaceSize: 1.00 GB
Initial GC threshold: 21.00 MB
Current GC threshold: 59.06 MB
CDS: off
MetaspaceReclaimPolicy: balanced
 - commit_granule_bytes: 65536.
 - commit_granule_words: 8192.
 - virtual_space_node_default_size: 8388608.
 - enlarge_chunks_in_place: 1.
 - new_chunks_are_fully_committed: 0.
 - uncommit_free_chunks: 1.
 - use_allocation_guard: 0.
 - handle_deallocations: 1.


Internal statistics:

num_allocs_failed_limit: 6.
num_arena_births: 604.
num_arena_deaths: 0.
num_vsnodes_births: 2.
num_vsnodes_deaths: 0.
num_space_committed: 567.
num_space_uncommitted: 0.
num_chunks_returned_to_freelist: 6.
num_chunks_taken_from_freelist: 1444.
num_chunk_merges: 3.
num_chunk_splits: 959.
num_chunks_enlarged: 623.
num_inconsistent_stats: 0.

CodeHeap 'non-profiled nmethods': size=120000Kb used=2373Kb max_used=2824Kb free=117626Kb
 bounds [0x0000023b07ad0000, 0x0000023b07da0000, 0x0000023b0f000000]
CodeHeap 'profiled nmethods': size=120000Kb used=7263Kb max_used=8807Kb free=112736Kb
 bounds [0x0000023b00000000, 0x0000023b008a0000, 0x0000023b07530000]
CodeHeap 'non-nmethods': size=5760Kb used=2290Kb max_used=2372Kb free=3469Kb
 bounds [0x0000023b07530000, 0x0000023b077a0000, 0x0000023b07ad0000]
 total_blobs=4685 nmethods=3888 adapters=709
 compilation: enabled
              stopped_count=0, restarted_count=0
 full_count=0

Compilation events (20 events):
Event: 19.312 Thread 0x0000023b7896c8b0 nmethod 4664 0x0000023b00727310 code [0x0000023b007274e0, 0x0000023b00727988]
Event: 19.313 Thread 0x0000023b7896c8b0 4665       3       java.lang.ProcessEnvironment$EntryComparator::compare (13 bytes)
Event: 19.313 Thread 0x0000023b7896c8b0 nmethod 4665 0x0000023b0049a110 code [0x0000023b0049a300, 0x0000023b0049aa08]
Event: 19.313 Thread 0x0000023b7896c8b0 4666       3       java.lang.ProcessEnvironment$EntryComparator::compare (25 bytes)
Event: 19.313 Thread 0x0000023b7896c8b0 nmethod 4666 0x0000023b0074a890 code [0x0000023b0074aa60, 0x0000023b0074af08]
Event: 19.313 Thread 0x0000023b7896c8b0 4667       3       java.lang.ProcessEnvironment$CheckedEntry::getValue (5 bytes)
Event: 19.313 Thread 0x0000023b7896c8b0 nmethod 4667 0x0000023b004d8410 code [0x0000023b004d85c0, 0x0000023b004d88e8]
Event: 19.331 Thread 0x0000023b789068c0 4668  s!   4       jdk.internal.loader.URLClassPath::getLoader (194 bytes)
Event: 19.338 Thread 0x0000023b7896c8b0 4669       3       java.net.URLStreamHandler::parseURL (1201 bytes)
Event: 19.369 Thread 0x0000023b7896c8b0 nmethod 4669 0x0000023b000c4410 code [0x0000023b000c5560, 0x0000023b000cfdc8]
Event: 19.369 Thread 0x0000023b7896c8b0 4670       3       java.lang.StringLatin1::indexOf (25 bytes)
Event: 19.370 Thread 0x0000023b7896c8b0 nmethod 4670 0x0000023b00661810 code [0x0000023b006619c0, 0x0000023b00661bc8]
Event: 19.370 Thread 0x0000023b7896c8b0 4671       3       java.net.URLStreamHandler::setURL (73 bytes)
Event: 19.372 Thread 0x0000023b7896c8b0 nmethod 4671 0x0000023b001a0e10 code [0x0000023b001a10e0, 0x0000023b001a1f38]
Event: 19.386 Thread 0x0000023b7896c8b0 4672       3       java.util.List::of (4 bytes)
Event: 19.386 Thread 0x0000023b7896c8b0 nmethod 4672 0x0000023b0001bd90 code [0x0000023b0001bf20, 0x0000023b0001c018]
Event: 19.387 Thread 0x0000023b7896c8b0 4673       3       java.lang.reflect.Constructor::acquireConstructorAccessor (44 bytes)
Event: 19.388 Thread 0x0000023b7896c8b0 nmethod 4673 0x0000023b002cc790 code [0x0000023b002cc980, 0x0000023b002cce78]
Event: 19.470 Thread 0x0000023b7896c8b0 4674       1       java.util.concurrent.locks.AbstractOwnableSynchronizer::setExclusiveOwnerThread (6 bytes)
Event: 19.470 Thread 0x0000023b7896c8b0 nmethod 4674 0x0000023b07b9b390 code [0x0000023b07b9b520, 0x0000023b07b9b638]

GC Heap History (20 events):
Event: 2.733 GC heap before
{Heap before GC invocations=2 (full 0):
 garbage-first heap   total 131072K, used 29440K [0x0000000080000000, 0x0000000100000000)
  region size 1024K, 17 young (17408K), 2 survivors (2048K)
 Metaspace       used 10613K, committed 10816K, reserved 1114112K
  class space    used 912K, committed 960K, reserved 1048576K
}
Event: 2.737 GC heap after
{Heap after GC invocations=3 (full 0):
 garbage-first heap   total 131072K, used 16712K [0x0000000080000000, 0x0000000100000000)
  region size 1024K, 2 young (2048K), 2 survivors (2048K)
 Metaspace       used 10613K, committed 10816K, reserved 1114112K
  class space    used 912K, committed 960K, reserved 1048576K
}
Event: 5.746 GC heap before
{Heap before GC invocations=3 (full 0):
 garbage-first heap   total 131072K, used 78152K [0x0000000080000000, 0x0000000100000000)
  region size 1024K, 62 young (63488K), 2 survivors (2048K)
 Metaspace       used 20024K, committed 20224K, reserved 1114112K
  class space    used 2051K, committed 2112K, reserved 1048576K
}
Event: 5.760 GC heap after
{Heap after GC invocations=4 (full 0):
 garbage-first heap   total 131072K, used 21760K [0x0000000080000000, 0x0000000100000000)
  region size 1024K, 7 young (7168K), 7 survivors (7168K)
 Metaspace       used 20024K, committed 20224K, reserved 1114112K
  class space    used 2051K, committed 2112K, reserved 1048576K
}
Event: 6.756 GC heap before
{Heap before GC invocations=4 (full 0):
 garbage-first heap   total 131072K, used 72960K [0x0000000080000000, 0x0000000100000000)
  region size 1024K, 58 young (59392K), 7 survivors (7168K)
 Metaspace       used 21275K, committed 21504K, reserved 1114112K
  class space    used 2167K, committed 2304K, reserved 1048576K
}
Event: 6.769 GC heap after
{Heap after GC invocations=5 (full 0):
 garbage-first heap   total 131072K, used 22527K [0x0000000080000000, 0x0000000100000000)
  region size 1024K, 2 young (2048K), 2 survivors (2048K)
 Metaspace       used 21275K, committed 21504K, reserved 1114112K
  class space    used 2167K, committed 2304K, reserved 1048576K
}
Event: 9.112 GC heap before
{Heap before GC invocations=6 (full 0):
 garbage-first heap   total 81920K, used 68607K [0x0000000080000000, 0x0000000100000000)
  region size 1024K, 48 young (49152K), 2 survivors (2048K)
 Metaspace       used 28727K, committed 29056K, reserved 1114112K
  class space    used 3029K, committed 3200K, reserved 1048576K
}
Event: 9.125 GC heap after
{Heap after GC invocations=7 (full 0):
 garbage-first heap   total 81920K, used 25780K [0x0000000080000000, 0x0000000100000000)
  region size 1024K, 5 young (5120K), 5 survivors (5120K)
 Metaspace       used 28727K, committed 29056K, reserved 1114112K
  class space    used 3029K, committed 3200K, reserved 1048576K
}
Event: 9.619 GC heap before
{Heap before GC invocations=7 (full 0):
 garbage-first heap   total 81920K, used 60596K [0x0000000080000000, 0x0000000100000000)
  region size 1024K, 37 young (37888K), 5 survivors (5120K)
 Metaspace       used 29953K, committed 30272K, reserved 1114112K
  class space    used 3112K, committed 3264K, reserved 1048576K
}
Event: 9.632 GC heap after
{Heap after GC invocations=8 (full 0):
 garbage-first heap   total 81920K, used 26730K [0x0000000080000000, 0x0000000100000000)
  region size 1024K, 1 young (1024K), 1 survivors (1024K)
 Metaspace       used 29953K, committed 30272K, reserved 1114112K
  class space    used 3112K, committed 3264K, reserved 1048576K
}
Event: 10.327 GC heap before
{Heap before GC invocations=8 (full 0):
 garbage-first heap   total 81920K, used 61546K [0x0000000080000000, 0x0000000100000000)
  region size 1024K, 35 young (35840K), 1 survivors (1024K)
 Metaspace       used 31190K, committed 31552K, reserved 1114112K
  class space    used 3265K, committed 3456K, reserved 1048576K
}
Event: 10.331 GC heap after
{Heap after GC invocations=9 (full 0):
 garbage-first heap   total 81920K, used 26992K [0x0000000080000000, 0x0000000100000000)
  region size 1024K, 2 young (2048K), 2 survivors (2048K)
 Metaspace       used 31190K, committed 31552K, reserved 1114112K
  class space    used 3265K, committed 3456K, reserved 1048576K
}
Event: 11.253 GC heap before
{Heap before GC invocations=9 (full 0):
 garbage-first heap   total 81920K, used 62832K [0x0000000080000000, 0x0000000100000000)
  region size 1024K, 37 young (37888K), 2 survivors (2048K)
 Metaspace       used 32436K, committed 32832K, reserved 1114112K
  class space    used 3386K, committed 3584K, reserved 1048576K
}
Event: 11.261 GC heap after
{Heap after GC invocations=10 (full 0):
 garbage-first heap   total 81920K, used 28309K [0x0000000080000000, 0x0000000100000000)
  region size 1024K, 3 young (3072K), 3 survivors (3072K)
 Metaspace       used 32436K, committed 32832K, reserved 1114112K
  class space    used 3386K, committed 3584K, reserved 1048576K
}
Event: 11.765 GC heap before
{Heap before GC invocations=10 (full 0):
 garbage-first heap   total 81920K, used 64149K [0x0000000080000000, 0x0000000100000000)
  region size 1024K, 38 young (38912K), 3 survivors (3072K)
 Metaspace       used 32537K, committed 32960K, reserved 1114112K
  class space    used 3393K, committed 3584K, reserved 1048576K
}
Event: 11.773 GC heap after
{Heap after GC invocations=11 (full 0):
 garbage-first heap   total 81920K, used 28989K [0x0000000080000000, 0x0000000100000000)
  region size 1024K, 4 young (4096K), 4 survivors (4096K)
 Metaspace       used 32537K, committed 32960K, reserved 1114112K
  class space    used 3393K, committed 3584K, reserved 1048576K
}
Event: 13.292 GC heap before
{Heap before GC invocations=11 (full 0):
 garbage-first heap   total 81920K, used 64829K [0x0000000080000000, 0x0000000100000000)
  region size 1024K, 39 young (39936K), 4 survivors (4096K)
 Metaspace       used 33782K, committed 34304K, reserved 1114112K
  class space    used 3535K, committed 3776K, reserved 1048576K
}
Event: 13.307 GC heap after
{Heap after GC invocations=12 (full 0):
 garbage-first heap   total 81920K, used 31875K [0x0000000080000000, 0x0000000100000000)
  region size 1024K, 5 young (5120K), 5 survivors (5120K)
 Metaspace       used 33782K, committed 34304K, reserved 1114112K
  class space    used 3535K, committed 3776K, reserved 1048576K
}
Event: 19.389 GC heap before
{Heap before GC invocations=12 (full 0):
 garbage-first heap   total 81920K, used 48259K [0x0000000080000000, 0x0000000100000000)
  region size 1024K, 22 young (22528K), 5 survivors (5120K)
 Metaspace       used 35630K, committed 36096K, reserved 1114112K
  class space    used 3808K, committed 4032K, reserved 1048576K
}
Event: 19.400 GC heap after
{Heap after GC invocations=13 (full 0):
 garbage-first heap   total 81920K, used 33081K [0x0000000080000000, 0x0000000100000000)
  region size 1024K, 2 young (2048K), 2 survivors (2048K)
 Metaspace       used 35630K, committed 36096K, reserved 1114112K
  class space    used 3808K, committed 4032K, reserved 1048576K
}

Dll operation events (6 events):
Event: 0.025 Loaded shared library C:\Users\Admin\.katalon\packages\KS-9.7.2\jre\bin\java.dll
Event: 0.670 Loaded shared library C:\Users\Admin\.katalon\packages\KS-9.7.2\jre\bin\net.dll
Event: 0.674 Loaded shared library C:\Users\Admin\.katalon\packages\KS-9.7.2\jre\bin\nio.dll
Event: 0.698 Loaded shared library C:\Users\Admin\.katalon\packages\KS-9.7.2\jre\bin\zip.dll
Event: 1.752 Loaded shared library C:\Users\Admin\.katalon\packages\KS-9.7.2\jre\bin\verify.dll
Event: 2.333 Loaded shared library C:\Users\Admin\.katalon\packages\KS-9.7.2\jre\bin\jimage.dll

Deoptimization events (20 events):
Event: 13.508 Thread 0x0000023b6e103790 Uncommon trap: trap_request=0xffffff45 fr.pc=0x0000023b07b68124 relative=0x0000000000005e64
Event: 13.508 Thread 0x0000023b6e103790 Uncommon trap: reason=unstable_if action=reinterpret pc=0x0000023b07b68124 method=groovy.lang.MetaClassImpl$1MOPIter.methodNameAction(Ljava/lang/Class;Lorg/codehaus/groovy/runtime/metaclass/MetaMethodIndex$Entry;)V @ 277 c2
Event: 13.508 Thread 0x0000023b6e103790 DEOPT PACKING pc=0x0000023b07b68124 sp=0x0000003e7ccfc540
Event: 13.508 Thread 0x0000023b6e103790 DEOPT UNPACKING pc=0x0000023b075869a3 sp=0x0000003e7ccfc538 mode 2
Event: 19.295 Thread 0x0000023b6e103790 Uncommon trap: trap_request=0xffffff45 fr.pc=0x0000023b07b3b638 relative=0x00000000000001b8
Event: 19.295 Thread 0x0000023b6e103790 Uncommon trap: reason=unstable_if action=reinterpret pc=0x0000023b07b3b638 method=java.lang.StringLatin1.indexOf([B[B)I @ 9 c2
Event: 19.295 Thread 0x0000023b6e103790 DEOPT PACKING pc=0x0000023b07b3b638 sp=0x0000003e7ccfb490
Event: 19.295 Thread 0x0000023b6e103790 DEOPT UNPACKING pc=0x0000023b075869a3 sp=0x0000003e7ccfb420 mode 2
Event: 19.330 Thread 0x0000023b6e103790 Uncommon trap: trap_request=0xffffffc6 fr.pc=0x0000023b07cc7e00 relative=0x00000000000040e0
Event: 19.330 Thread 0x0000023b6e103790 Uncommon trap: reason=bimorphic_or_optimized_type_check action=maybe_recompile pc=0x0000023b07cc7e00 method=java.net.URL.<init>(Ljava/net/URL;Ljava/lang/String;Ljava/net/URLStreamHandler;)V @ 504 c2
Event: 19.330 Thread 0x0000023b6e103790 DEOPT PACKING pc=0x0000023b07cc7e00 sp=0x0000003e7ccfb410
Event: 19.330 Thread 0x0000023b6e103790 DEOPT UNPACKING pc=0x0000023b075869a3 sp=0x0000003e7ccfb3b0 mode 2
Event: 19.330 Thread 0x0000023b6e103790 Uncommon trap: trap_request=0xffffff45 fr.pc=0x0000023b07b52540 relative=0x0000000000001ec0
Event: 19.331 Thread 0x0000023b6e103790 Uncommon trap: reason=unstable_if action=reinterpret pc=0x0000023b07b52540 method=java.net.URLStreamHandler.parseURL(Ljava/net/URL;Ljava/lang/String;II)V @ 155 c2
Event: 19.331 Thread 0x0000023b6e103790 DEOPT PACKING pc=0x0000023b07b52540 sp=0x0000003e7ccfb2d0
Event: 19.331 Thread 0x0000023b6e103790 DEOPT UNPACKING pc=0x0000023b075869a3 sp=0x0000003e7ccfb2c8 mode 2
Event: 19.331 Thread 0x0000023b6e103790 Uncommon trap: trap_request=0xffffff45 fr.pc=0x0000023b07b7fb0c relative=0x0000000000000a4c
Event: 19.331 Thread 0x0000023b6e103790 Uncommon trap: reason=unstable_if action=reinterpret pc=0x0000023b07b7fb0c method=sun.net.util.IPAddressUtil.scan(Ljava/lang/String;JJ[C)I @ 14 c2
Event: 19.331 Thread 0x0000023b6e103790 DEOPT PACKING pc=0x0000023b07b7fb0c sp=0x0000003e7ccfb220
Event: 19.331 Thread 0x0000023b6e103790 DEOPT UNPACKING pc=0x0000023b075869a3 sp=0x0000003e7ccfb0e0 mode 2

Classes unloaded (0 events):
No events

Classes redefined (0 events):
No events

Internal exceptions (20 events):
Event: 14.126 Thread 0x0000023b6e103790 Exception <a 'java/lang/NoSuchMethodError'{0x0000000084012e48}: 'void java.lang.invoke.DirectMethodHandle$Holder.invokeVirtual(java.lang.Object, java.lang.Object, java.lang.Object, java.lang.Object)'> (0x0000000084012e48) 
thrown [s\src\hotspot\share\interpreter\linkResolver.cpp, line 759]
Event: 14.169 Thread 0x0000023b6e103790 Exception <a 'java/lang/NoSuchMethodError'{0x00000000840784b0}: 'void java.lang.invoke.DirectMethodHandle$Holder.invokeStatic(java.lang.Object, long)'> (0x00000000840784b0) 
thrown [s\src\hotspot\share\interpreter\linkResolver.cpp, line 759]
Event: 14.170 Thread 0x0000023b6e103790 Exception <a 'java/lang/NoSuchMethodError'{0x000000008407dda8}: 'java.lang.Object java.lang.invoke.DirectMethodHandle$Holder.newInvokeSpecial(java.lang.Object, long)'> (0x000000008407dda8) 
thrown [s\src\hotspot\share\interpreter\linkResolver.cpp, line 759]
Event: 14.172 Thread 0x0000023b6e103790 Exception <a 'java/lang/NoSuchMethodError'{0x0000000084084f60}: 'java.lang.Object java.lang.invoke.DirectMethodHandle$Holder.invokeStatic(java.lang.Object, java.lang.Object, long, java.lang.Object)'> (0x0000000084084f60) 
thrown [s\src\hotspot\share\interpreter\linkResolver.cpp, line 759]
Event: 14.173 Thread 0x0000023b6e103790 Exception <a 'java/lang/NoSuchMethodError'{0x0000000084088ca0}: 'java.lang.Object java.lang.invoke.DirectMethodHandle$Holder.invokeStaticInit(java.lang.Object, java.lang.Object, long, java.lang.Object)'> (0x0000000084088ca0) 
thrown [s\src\hotspot\share\interpreter\linkResolver.cpp, line 759]
Event: 14.174 Thread 0x0000023b6e103790 Exception <a 'java/lang/NoSuchMethodError'{0x000000008408f558}: 'java.lang.Object java.lang.invoke.DirectMethodHandle$Holder.newInvokeSpecial(java.lang.Object, java.lang.Object, long)'> (0x000000008408f558) 
thrown [s\src\hotspot\share\interpreter\linkResolver.cpp, line 759]
Event: 14.174 Thread 0x0000023b6e103790 Exception <a 'java/lang/NoSuchMethodError'{0x0000000084093370}: 'java.lang.Object java.lang.invoke.Invokers$Holder.linkToTargetMethod(java.lang.Object, long, java.lang.Object)'> (0x0000000084093370) 
thrown [s\src\hotspot\share\interpreter\linkResolver.cpp, line 759]
Event: 14.767 Thread 0x0000023b6e103790 Exception <a 'java/net/SocketException'{0x00000000840b88c8}: Socket is not connected: shutdown> (0x00000000840b88c8) 
thrown [s\src\hotspot\share\prims\jni.cpp, line 535]
Event: 17.039 Thread 0x0000023b6e103790 Exception <a 'sun/nio/fs/WindowsException'{0x00000000840c5a10}> (0x00000000840c5a10) 
thrown [s\src\hotspot\share\prims\jni.cpp, line 516]
Event: 17.040 Thread 0x0000023b6e103790 Exception <a 'sun/nio/fs/WindowsException'{0x00000000840c5b88}> (0x00000000840c5b88) 
thrown [s\src\hotspot\share\prims\jni.cpp, line 516]
Event: 19.295 Thread 0x0000023b6e103790 Exception <a 'sun/nio/fs/WindowsException'{0x00000000840c7080}> (0x00000000840c7080) 
thrown [s\src\hotspot\share\prims\jni.cpp, line 516]
Event: 19.295 Thread 0x0000023b6e103790 Exception <a 'sun/nio/fs/WindowsException'{0x00000000840c71f8}> (0x00000000840c71f8) 
thrown [s\src\hotspot\share\prims\jni.cpp, line 516]
Event: 19.410 Thread 0x0000023b7ed9ea40 Exception <a 'java/net/ConnectException'{0x0000000087f05b98}: Connection refused: no further information> (0x0000000087f05b98) 
thrown [s\src\hotspot\share\prims\jni.cpp, line 535]
Event: 19.410 Thread 0x0000023b7ed9ea40 Exception <a 'java/net/SocketException'{0x0000000087f05ed0}: Socket is not connected: shutdown> (0x0000000087f05ed0) 
thrown [s\src\hotspot\share\prims\jni.cpp, line 535]
Event: 19.422 Thread 0x0000023b7ed9ea40 Exception <a 'java/net/ConnectException'{0x0000000087f070a0}: Connection refused: no further information> (0x0000000087f070a0) 
thrown [s\src\hotspot\share\prims\jni.cpp, line 535]
Event: 19.422 Thread 0x0000023b7ed9ea40 Exception <a 'java/net/SocketException'{0x0000000087f073d8}: Socket is not connected: shutdown> (0x0000000087f073d8) 
thrown [s\src\hotspot\share\prims\jni.cpp, line 535]
Event: 19.470 Thread 0x0000023b7ed9ea40 Exception <a 'java/net/ConnectException'{0x0000000087f084d8}: Connection refused: no further information> (0x0000000087f084d8) 
thrown [s\src\hotspot\share\prims\jni.cpp, line 535]
Event: 19.470 Thread 0x0000023b7ed9ea40 Exception <a 'java/net/SocketException'{0x0000000087f08810}: Socket is not connected: shutdown> (0x0000000087f08810) 
thrown [s\src\hotspot\share\prims\jni.cpp, line 535]
Event: 19.514 Thread 0x0000023b7ed9ea40 Exception <a 'java/net/ConnectException'{0x0000000087f09910}: Connection refused: no further information> (0x0000000087f09910) 
thrown [s\src\hotspot\share\prims\jni.cpp, line 535]
Event: 19.514 Thread 0x0000023b7ed9ea40 Exception <a 'java/net/SocketException'{0x0000000087f09c48}: Socket is not connected: shutdown> (0x0000000087f09c48) 
thrown [s\src\hotspot\share\prims\jni.cpp, line 535]

VM Operations (20 events):
Event: 12.722 Executing VM operation: ICBufferFull
Event: 12.723 Executing VM operation: ICBufferFull done
Event: 12.754 Executing VM operation: HandshakeAllThreads
Event: 12.767 Executing VM operation: HandshakeAllThreads done
Event: 12.854 Executing VM operation: HandshakeAllThreads
Event: 12.854 Executing VM operation: HandshakeAllThreads done
Event: 13.292 Executing VM operation: G1CollectForAllocation
Event: 13.307 Executing VM operation: G1CollectForAllocation done
Event: 14.128 Executing VM operation: HandshakeAllThreads
Event: 14.128 Executing VM operation: HandshakeAllThreads done
Event: 15.129 Executing VM operation: Cleanup
Event: 15.129 Executing VM operation: Cleanup done
Event: 19.329 Executing VM operation: HandshakeAllThreads
Event: 19.330 Executing VM operation: HandshakeAllThreads done
Event: 19.389 Executing VM operation: CollectForMetadataAllocation
Event: 19.400 Executing VM operation: CollectForMetadataAllocation done
Event: 19.466 Executing VM operation: G1Concurrent
Event: 19.469 Executing VM operation: G1Concurrent done
Event: 19.507 Executing VM operation: G1Concurrent
Event: 19.507 Executing VM operation: G1Concurrent done

Events (20 events):
Event: 19.405 loading class sun/net/www/protocol/http/HttpURLConnection$7
Event: 19.406 loading class sun/net/www/protocol/http/HttpURLConnection$7 done
Event: 19.406 loading class sun/net/www/http/HttpClient
Event: 19.407 loading class sun/net/NetworkClient
Event: 19.407 loading class sun/net/NetworkClient done
Event: 19.407 loading class sun/net/www/http/HttpClient done
Event: 19.407 loading class sun/net/NetworkClient$1
Event: 19.407 loading class sun/net/NetworkClient$1 done
Event: 19.407 loading class sun/net/www/http/KeepAliveCache
Event: 19.408 loading class sun/net/www/http/KeepAliveCache done
Event: 19.408 loading class sun/net/www/http/KeepAliveKey
Event: 19.408 loading class sun/net/www/http/KeepAliveKey done
Event: 19.408 loading class sun/net/www/http/HttpCapture
Event: 19.408 loading class sun/net/www/http/HttpCapture done
Event: 19.408 loading class sun/net/www/http/HttpCapture$1
Event: 19.409 loading class sun/net/www/http/HttpCapture$1 done
Event: 19.410 loading class java/net/ConnectException
Event: 19.410 loading class java/net/ConnectException done
Event: 19.411 loading class sun/net/util/SocketExceptions
Event: 19.411 loading class sun/net/util/SocketExceptions done


Dynamic libraries:
0x00007ff6bae40000 - 0x00007ff6bae4e000 	C:\Users\Admin\.katalon\packages\KS-9.7.2\jre\bin\javaw.exe
0x00007fff72c10000 - 0x00007fff72dfe000 	C:\Windows\SYSTEM32\ntdll.dll
0x00007fff72590000 - 0x00007fff72643000 	C:\Windows\System32\KERNEL32.DLL
0x00007fff6fa50000 - 0x00007fff6fced000 	C:\Windows\System32\KERNELBASE.dll
0x00007fff6f750000 - 0x00007fff6f84a000 	C:\Windows\System32\ucrtbase.dll
0x00007fff66660000 - 0x00007fff66677000 	C:\Users\Admin\.katalon\packages\KS-9.7.2\jre\bin\jli.dll
0x00007fff665b0000 - 0x00007fff665c9000 	C:\Users\Admin\.katalon\packages\KS-9.7.2\jre\bin\VCRUNTIME140.dll
0x00007fff70290000 - 0x00007fff70427000 	C:\Windows\System32\USER32.dll
0x00007fff6f710000 - 0x00007fff6f730000 	C:\Windows\System32\win32u.dll
0x00007fff59610000 - 0x00007fff59889000 	C:\Windows\WinSxS\amd64_microsoft.windows.common-controls_6595b64144ccf1df_6.0.17763.6532_none_de70be92534bb012\COMCTL32.dll
0x00007fff71a10000 - 0x00007fff71a39000 	C:\Windows\System32\GDI32.dll
0x00007fff71a40000 - 0x00007fff71ade000 	C:\Windows\System32\msvcrt.dll
0x00007fff6f8a0000 - 0x00007fff6fa47000 	C:\Windows\System32\gdi32full.dll
0x00007fff72670000 - 0x00007fff7299a000 	C:\Windows\System32\combase.dll
0x00007fff6f420000 - 0x00007fff6f4c0000 	C:\Windows\System32\msvcp_win.dll
0x00007fff722e0000 - 0x00007fff723f8000 	C:\Windows\System32\RPCRT4.dll
0x00007fff6fcf0000 - 0x00007fff6fd72000 	C:\Windows\System32\bcryptPrimitives.dll
0x00007fff701b0000 - 0x00007fff701de000 	C:\Windows\System32\IMM32.DLL
0x00007fff665a0000 - 0x00007fff665ac000 	C:\Users\Admin\.katalon\packages\KS-9.7.2\jre\bin\vcruntime140_1.dll
0x00007fff662d0000 - 0x00007fff66361000 	C:\Users\Admin\.katalon\packages\KS-9.7.2\jre\bin\msvcp140.dll
0x00007fff5b060000 - 0x00007fff5bca8000 	C:\Users\Admin\.katalon\packages\KS-9.7.2\jre\bin\server\jvm.dll
0x00007fff72230000 - 0x00007fff722d8000 	C:\Windows\System32\ADVAPI32.dll
0x00007fff72100000 - 0x00007fff721a2000 	C:\Windows\System32\sechost.dll
0x00007fff6f4c0000 - 0x00007fff6f4e6000 	C:\Windows\System32\bcrypt.dll
0x00007fff556e0000 - 0x00007fff556e9000 	C:\Windows\SYSTEM32\WSOCK32.dll
0x00007fff71ae0000 - 0x00007fff71b4d000 	C:\Windows\System32\WS2_32.dll
0x00007fff6b740000 - 0x00007fff6b764000 	C:\Windows\SYSTEM32\WINMM.dll
0x00007fff66930000 - 0x00007fff6693a000 	C:\Windows\SYSTEM32\VERSION.dll
0x00007fff6b710000 - 0x00007fff6b73d000 	C:\Windows\SYSTEM32\WINMMBASE.dll
0x00007fff6f850000 - 0x00007fff6f89a000 	C:\Windows\System32\cfgmgr32.dll
0x00007fff6eba0000 - 0x00007fff6ebb1000 	C:\Windows\System32\kernel.appcore.dll
0x00007fff6b870000 - 0x00007fff6b87a000 	C:\Users\Admin\.katalon\packages\KS-9.7.2\jre\bin\jimage.dll
0x00007fff6d440000 - 0x00007fff6d62d000 	C:\Windows\SYSTEM32\DBGHELP.DLL
0x00007fff53c40000 - 0x00007fff53c6a000 	C:\Windows\SYSTEM32\dbgcore.DLL
0x00007fff65890000 - 0x00007fff658b5000 	C:\Users\Admin\.katalon\packages\KS-9.7.2\jre\bin\java.dll
0x00007fff65840000 - 0x00007fff65858000 	C:\Users\Admin\.katalon\packages\KS-9.7.2\jre\bin\zip.dll
0x00007fff704f0000 - 0x00007fff719e8000 	C:\Windows\System32\SHELL32.dll
0x00007fff72400000 - 0x00007fff724a7000 	C:\Windows\System32\shcore.dll
0x00007fff6ecd0000 - 0x00007fff6f418000 	C:\Windows\System32\windows.storage.dll
0x00007fff6ec40000 - 0x00007fff6ec63000 	C:\Windows\System32\profapi.dll
0x00007fff6ebe0000 - 0x00007fff6ec3d000 	C:\Windows\System32\powrprof.dll
0x00007fff70490000 - 0x00007fff704e2000 	C:\Windows\System32\shlwapi.dll
0x00007fff6f730000 - 0x00007fff6f74b000 	C:\Windows\System32\cryptsp.dll
0x00007fff5cda0000 - 0x00007fff5cdb9000 	C:\Users\Admin\.katalon\packages\KS-9.7.2\jre\bin\net.dll
0x00007fff60650000 - 0x00007fff6074d000 	C:\Windows\SYSTEM32\WINHTTP.dll
0x00007fff6e3a0000 - 0x00007fff6e407000 	C:\Windows\system32\mswsock.dll
0x00007fff5cd50000 - 0x00007fff5cd65000 	C:\Users\Admin\.katalon\packages\KS-9.7.2\jre\bin\nio.dll
0x00007fff6b860000 - 0x00007fff6b870000 	C:\Users\Admin\.katalon\packages\KS-9.7.2\jre\bin\verify.dll

dbghelp: loaded successfully - version: 4.0.5 - missing functions: none
symbol engine: initialized successfully - sym options: 0x614 - pdb path: .;C:\Users\Admin\.katalon\packages\KS-9.7.2\jre\bin;C:\Windows\SYSTEM32;C:\Windows\WinSxS\amd64_microsoft.windows.common-controls_6595b64144ccf1df_6.0.17763.6532_none_de70be92534bb012;C:\Users\Admin\.katalon\packages\KS-9.7.2\jre\bin\server

VM Arguments:
jvm_args: -Dgroovy.home=C:\Users\Admin/.groovy -Djava.system.class.loader=groovy.lang.GroovyClassLoader -Xmx2048m -Dfile.encoding=UTF-8 -XX:+ShowCodeDetailsInExceptionMessages 
java_command: org.codehaus.groovy.tools.GroovyStarter --classpath C:\Users\Admin\Katalon Studio\FisrtProject\bin\keyword;C:\Users\Admin\Katalon Studio\FisrtProject\Keywords;C:\Users\Admin\Katalon Studio\FisrtProject\bin\listener;C:\Users\Admin\Katalon Studio\FisrtProject\Test Listeners;C:\Users\Admin\Katalon Studio\FisrtProject\bin\lib;C:\Users\Admin\Katalon Studio\FisrtProject\Libs;C:\Users\Admin\Katalon Studio\FisrtProject\bin\groovy;C:\Users\Admin\Katalon Studio\FisrtProject\Include\scripts\groovy;C:\Users\Admin\.katalon\packages\KS-9.7.2\plugins\com.kms.katalon.core_1.0.0.202409190502.jar;C:\Users\Admin\.katalon\packages\KS-9.7.2\configuration\resources\lib\aalto-xml-1.0.0.jar;C:\Users\Admin\.katalon\packages\KS-9.7.2\configuration\resources\lib\aspectjweaver-1.9.1.jar;C:\Users\Admin\.katalon\packages\KS-9.7.2\configuration\resources\lib\aws-2.20.3-fat.jar;C:\Users\Admin\.katalon\packages\KS-9.7.2\configuration\resources\lib\bcpkix-jdk15on-1.64.jar;C:\Users\Admin\.katalon\packages\KS-9.7.2\configuration\resources\lib\bcprov-jdk15on-1.64.jar;C:\Users\Admin\.katalon\packages\KS-9.7.2\configuration\resources\lib\browsermob-core-2.1.5.jar;C:\Users\Admin\.katalon\packages\KS-9.7.2\configuration\resources\lib\byte-buddy-1.14.3.jar;C:\Users\Admin\.katalon\packages\KS-9.7.2\configuration\resources\lib\byte-buddy-agent-1.14.3.jar;C:\Users\Admin\.katalon\packages\KS-9.7.2\configuration\resources\lib\cglib-3.2.10.jar;C:\Users\Admin\.katalon\packages\KS-9.7.2\configuration\resources\lib\commons-codec-1.10.jar;C:\Users\Admin\.katalon\packages\KS-9.7.2\configuration\resources\lib\commons-collections4-4.1.jar;C:\Users\Admin\.katalon\packages\KS-9.7.2\configuration\resources\lib\commons-validator-1.6.jar;C:\Users\Admin\.katalon\packages\KS-9.7.2\configuration\resources\lib\curvesapi-1.04.jar;C:\Users\Admin\.katalon\packages\KS-9.7.2\configuration\resources\lib\dnsjava-2.1.8.jar;C:\Users\Admin\.katalon\packages\KS-9.7.2\configuration\resources\lib\groovy-3.0.17-fat.jar;C:\User
java_class_path (initial): C:\Users\Admin\Katalon Studio\FisrtProject\bin\keyword;C:\Users\Admin\Katalon Studio\FisrtProject\bin\listener;C:\Users\Admin\Katalon Studio\FisrtProject\bin\lib;C:\Users\Admin\Katalon Studio\FisrtProject\bin\groovy;C:\Users\Admin\Katalon Studio\FisrtProject\bin;C:\Users\Admin\.katalon\packages\KS-9.7.2\plugins\com.kms.katalon.core_1.0.0.202409190502.jar;C:\Users\Admin\.katalon\packages\KS-9.7.2\configuration\resources\lib\aalto-xml-1.0.0.jar;C:\Users\Admin\.katalon\packages\KS-9.7.2\configuration\resources\lib\aspectjweaver-1.9.1.jar;C:\Users\Admin\.katalon\packages\KS-9.7.2\configuration\resources\lib\aws-2.20.3-fat.jar;C:\Users\Admin\.katalon\packages\KS-9.7.2\configuration\resources\lib\bcpkix-jdk15on-1.64.jar;C:\Users\Admin\.katalon\packages\KS-9.7.2\configuration\resources\lib\bcprov-jdk15on-1.64.jar;C:\Users\Admin\.katalon\packages\KS-9.7.2\configuration\resources\lib\browsermob-core-2.1.5.jar;C:\Users\Admin\.katalon\packages\KS-9.7.2\configuration\resources\lib\byte-buddy-1.14.3.jar;C:\Users\Admin\.katalon\packages\KS-9.7.2\configuration\resources\lib\byte-buddy-agent-1.14.3.jar;C:\Users\Admin\.katalon\packages\KS-9.7.2\configuration\resources\lib\cglib-3.2.10.jar;C:\Users\Admin\.katalon\packages\KS-9.7.2\configuration\resources\lib\commons-codec-1.10.jar;C:\Users\Admin\.katalon\packages\KS-9.7.2\configuration\resources\lib\commons-collections4-4.1.jar;C:\Users\Admin\.katalon\packages\KS-9.7.2\configuration\resources\lib\commons-validator-1.6.jar;C:\Users\Admin\.katalon\packages\KS-9.7.2\configuration\resources\lib\curvesapi-1.04.jar;C:\Users\Admin\.katalon\packages\KS-9.7.2\configuration\resources\lib\dnsjava-2.1.8.jar;C:\Users\Admin\.katalon\packages\KS-9.7.2\configuration\resources\lib\groovy-3.0.17-fat.jar;C:\Users\Admin\.katalon\packages\KS-9.7.2\configuration\resources\lib\jackson-coreutils-2.0.jar;C:\Users\Admin\.katalon\packages\KS-9.7.2\configuration\resources\lib\jackson-coreutils-equivalence-1.0.jar;C:\Users\Admin\.kat
Launcher Type: SUN_STANDARD

[Global flags]
     intx CICompilerCount                          = 3                                         {product} {ergonomic}
     uint ConcGCThreads                            = 1                                         {product} {ergonomic}
     uint G1ConcRefinementThreads                  = 4                                         {product} {ergonomic}
   size_t G1HeapRegionSize                         = 1048576                                   {product} {ergonomic}
    uintx GCDrainStackTargetSize                   = 64                                        {product} {ergonomic}
   size_t InitialHeapSize                          = 134217728                                 {product} {ergonomic}
   size_t MarkStackSize                            = 4194304                                   {product} {ergonomic}
   size_t MaxHeapSize                              = 2147483648                                {product} {command line}
   size_t MaxNewSize                               = 1287651328                                {product} {ergonomic}
   size_t MinHeapDeltaBytes                        = 1048576                                   {product} {ergonomic}
   size_t MinHeapSize                              = 8388608                                   {product} {ergonomic}
    uintx NonNMethodCodeHeapSize                   = 5832780                                {pd product} {ergonomic}
    uintx NonProfiledCodeHeapSize                  = 122912730                              {pd product} {ergonomic}
    uintx ProfiledCodeHeapSize                     = 122912730                              {pd product} {ergonomic}
    uintx ReservedCodeCacheSize                    = 251658240                              {pd product} {ergonomic}
     bool SegmentedCodeCache                       = true                                      {product} {ergonomic}
     bool ShowCodeDetailsInExceptionMessages       = true                                   {manageable} {command line}
   size_t SoftMaxHeapSize                          = 2147483648                             {manageable} {ergonomic}
     bool UseCompressedClassPointers               = true                           {product lp64_product} {ergonomic}
     bool UseCompressedOops                        = true                           {product lp64_product} {ergonomic}
     bool UseG1GC                                  = true                                      {product} {ergonomic}
     bool UseLargePagesIndividualAllocation        = false                                  {pd product} {ergonomic}

Logging:
Log output configuration:
 #0: stdout all=warning uptime,level,tags
 #1: stderr all=off uptime,level,tags

Environment Variables:
JAVA_HOME=C:\Users\Admin\.katalon\packages\KS-9.7.2\jre
PATH=C:/Users/Admin/.katalon/packages/KS-9.7.2/jre/bin/server;C:/Users/Admin/.katalon/packages/KS-9.7.2/jre/bin;C:\Program Files\Common Files\Oracle\Java\javapath;C:\Windows\system32;C:\Windows;C:\Windows\System32\Wbem;C:\Windows\System32\WindowsPowerShell\v1.0\;C:\Windows\System32\OpenSSH\;C:\Program Files\Microsoft SQL Server\Client SDK\ODBC\170\Tools\Binn\;C:\Program Files (x86)\Microsoft SQL Server\150\Tools\Binn\;C:\Program Files\Microsoft SQL Server\150\Tools\Binn\;C:\Program Files\Microsoft SQL Server\150\DTS\Binn\;C:\Program Files (x86)\STMicroelectronics\STM32 ST-LINK Utility\ST-LINK Utility;C:\Program Files\nodejs\;C:\Users\Admin\AppData\Local\Microsoft\WindowsApps;C:\Program Files\JetBrains\IntelliJ IDEA Community Edition 2024.1.4\bin;;C:\Users\Admin\AppData\Roaming\npm;C:\Users\Admin\.katalon\packages\KS-9.7.2;:C:\Users\Admin\.katalon\packages\KS-9.7.2\jre\bin
USERNAME=Admin
OS=Windows_NT
PROCESSOR_IDENTIFIER=Intel64 Family 6 Model 142 Stepping 9, GenuineIntel
TMP=C:\Users\Admin\AppData\Local\Temp
TEMP=C:\Users\Admin\AppData\Local\Temp



---------------  S Y S T E M  ---------------

OS:
 Windows 10 , 64 bit Build 17763 (10.0.17763.6292)
OS uptime: 0 days 9:28 hours
Hyper-V role detected

CPU: total 4 (initial active 4) (2 cores per cpu, 2 threads per core) family 6 model 142 stepping 9 microcode 0xea, cx8, cmov, fxsr, ht, mmx, 3dnowpref, sse, sse2, sse3, ssse3, sse4.1, sse4.2, popcnt, lzcnt, tsc, tscinvbit, avx, avx2, aes, erms, clmul, bmi1, bmi2, adx, fma, vzeroupper, clflush, clflushopt, hv

Memory: 4k page, system-wide physical 8090M (1259M free)
TotalPageFile size 17473M (AvailPageFile size 10M)
current process WorkingSet (physical memory assigned to process): 195M, peak: 218M
current process commit charge ("private bytes"): 228M, peak: 261M

vm_info: OpenJDK 64-Bit Server VM (17.0.7+7) for windows-amd64 JRE (17.0.7+7), built on Apr 18 2023 22:10:42 by "temurin" with MS VC++ 16.7 (VS2019)

END.
