#
# There is insufficient memory for the Java Runtime Environment to continue.
# Native memory allocation (malloc) failed to allocate 200656 bytes for Chunk::new
# Possible reasons:
#   The system is out of physical RAM or swap space
#   The process is running with CompressedOops enabled, and the Java Heap may be blocking the growth of the native heap
# Possible solutions:
#   Reduce memory load on the system
#   Increase physical memory or swap space
#   Check if swap backing store is full
#   Decrease Java heap size (-Xmx/-Xms)
#   Decrease number of Java threads
#   Decrease Java thread stack sizes (-Xss)
#   Set larger code cache with -XX:ReservedCodeCacheSize=
#   JVM is running with Unscaled Compressed Oops mode in which the Java heap is
#     placed in the first 4GB address space. The Java Heap base address is the
#     maximum limit for the native heap growth. Please use -XX:HeapBaseMinAddress
#     to set the Java Heap base and to place the Java Heap above 4GB virtual address.
# This output file may be truncated or incomplete.
#
#  Out of Memory Error (arena.cpp:189), pid=11972, tid=9504
#
# JRE version: OpenJDK Runtime Environment Temurin-17.0.7+7 (17.0.7+7) (build 17.0.7+7)
# Java VM: OpenJDK 64-Bit Server VM Temurin-17.0.7+7 (17.0.7+7, mixed mode, tiered, compressed oops, compressed class ptrs, g1 gc, windows-amd64)
# No core dump will be written. Minidumps are not enabled by default on client versions of Windows
#

---------------  S U M M A R Y ------------

Command Line: -Dgroovy.home=C:\Users\Admin/.groovy -Djava.system.class.loader=groovy.lang.GroovyClassLoader -Xmx2048m -Dfile.encoding=UTF-8 -XX:+ShowCodeDetailsInExceptionMessages org.codehaus.groovy.tools.GroovyStarter --classpath C:\Users\Admin\Katalon Studio\FisrtProject\bin\keyword;C:\Users\Admin\Katalon Studio\FisrtProject\Keywords;C:\Users\Admin\Katalon Studio\FisrtProject\bin\listener;C:\Users\Admin\Katalon Studio\FisrtProject\Test Listeners;C:\Users\Admin\Katalon Studio\FisrtProject\bin\lib;C:\Users\Admin\Katalon Studio\FisrtProject\Libs;C:\Users\Admin\Katalon Studio\FisrtProject\bin\groovy;C:\Users\Admin\Katalon Studio\FisrtProject\Include\scripts\groovy;C:\Users\Admin\.katalon\packages\KS-9.7.2\plugins\com.kms.katalon.core_1.0.0.202409190502.jar;C:\Users\Admin\.katalon\packages\KS-9.7.2\configuration\resources\lib\aalto-xml-1.0.0.jar;C:\Users\Admin\.katalon\packages\KS-9.7.2\configuration\resources\lib\aspectjweaver-1.9.1.jar;C:\Users\Admin\.katalon\packages\KS-9.7.2\configuration\resources\lib\aws-2.20.3-fat.jar;C:\Users\Admin\.katalon\packages\KS-9.7.2\configuration\resources\lib\bcpkix-jdk15on-1.64.jar;C:\Users\Admin\.katalon\packages\KS-9.7.2\configuration\resources\lib\bcprov-jdk15on-1.64.jar;C:\Users\Admin\.katalon\packages\KS-9.7.2\configuration\resources\lib\browsermob-core-2.1.5.jar;C:\Users\Admin\.katalon\packages\KS-9.7.2\configuration\resources\lib\byte-buddy-1.14.3.jar;C:\Users\Admin\.katalon\packages\KS-9.7.2\configuration\resources\lib\byte-buddy-agent-1.14.3.jar;C:\Users\Admin\.katalon\packages\KS-9.7.2\configuration\resources\lib\cglib-3.2.10.jar;C:\Users\Admin\.katalon\packages\KS-9.7.2\configuration\resources\lib\commons-codec-1.10.jar;C:\Users\Admin\.katalon\packages\KS-9.7.2\configuration\resources\lib\commons-collections4-4.1.jar;C:\Users\Admin\.katalon\packages\KS-9.7.2\configuration\resources\lib\commons-validator-1.6.jar;C:\Users\Admin\.katalon\packages\KS-9.7.2\configuration\resources\lib\curvesapi-1.04.jar;C:\Users\Admin\.katalon\packages\KS-9.7.2\configuration\resources\lib\dnsjava-2.1.8.jar;C:\Users\Admin\.katalon\packages\KS-9.7.2\configuration\resources\lib\groovy-3.0.17-fat.jar;C:\Users\Admin\.katalon\packages\KS-9.7.2\configuration\resources\lib\jackson-coreutils-2.0.jar;C:\Users\Admin\.katalon\packages\KS-9.7.2\configuration\resources\lib\jackson-coreutils-equivalence-1.0.jar;C:\Users\Admin\.katalon\packages\KS-9.7.2\configuration\resources\lib\java-client-7.0.0.jar;C:\Users\Admin\.katalon\packages\KS-9.7.2\configuration\resources\lib\javax.servlet-api_3.1.0.jar;C:\Users\Admin\.katalon\packages\KS-9.7.2\configuration\resources\lib\jna-5.12.1.jar;C:\Users\Admin\.katalon\packages\KS-9.7.2\configuration\resources\lib\jna-platform-5.12.1.jar;C:\Users\Admin\.katalon\packages\KS-9.7.2\configuration\resources\lib\json-schema-core-1.2.14.jar;C:\Users\Admin\.katalon\packages\KS-9.7.2\configuration\resources\lib\json-schema-validator-2.2.14.jar;C:\Users\Admin\.katalon\packages\KS-9.7.2\configuration\resources\lib\jzlib-1.1.3.jar;C:\Users\Admin\.katalon\packages\KS-9.7.2\configuration\resources\lib\kat-server.jar;C:\Users\Admin\.katalon\packages\KS-9.7.2\configuration\resources\lib\littleproxy-1.1.0-beta-bmp-17.jar;C:\Users\Admin\.katalon\packages\KS-9.7.2\configuration\resources\lib\log4j-1.2-api-2.17.1.jar;C:\Users\Admin\.katalon\packages\KS-9.7.2\configuration\resources\lib\log4j-api-2.17.1.jar;C:\Users\Admin\.katalon\packages\KS-9.7.2\configuration\resources\lib\log4j-core-2.17.1.jar;C:\Users\Admin\.katalon\packages\KS-9.7.2\configuration\resources\lib\mitm-2.1.5.jar;C:\Users\Admin\.katalon\packages\KS-9.7.2\configuration\resources\lib\mockito-core-5.2.0.jar;C:\Users\Admin\.katalon\packages\KS-9.7.2\configuration\resources\lib\mockito-inline-5.2.0.jar;C:\Users\Admin\.katalon\packages\KS-9.7.2\configuration\resources\lib\netty-all-4.1.109.Final.jar;C:\Users\Admin\.katalon\packages\KS-9.7.2\configuration\resources\lib\objenesis-3.3.jar;C:\Users\Admin\.katalon\packages\KS-9.7.2\configuration\resources\lib\poi-3.17.jar;C:\Users\Admin\.katalon\packages\KS-9.7.2\configuration\resources\lib\poi-ooxml-3.17.jar;C:\Users\Admin\.katalon\packages\KS-9.7.2\configuration\resources\lib\poi-ooxml-schemas-3.17.jar;C:\Users\Admin\.katalon\packages\KS-9.7.2\configuration\resources\lib\proxy-vole-1.0.4-SNAPSHOT-jar-with-dependencies.jar;C:\Users\Admin\.katalon\packages\KS-9.7.2\configuration\resources\lib\repackaged-sikuli-api-1.0.2-standalone.jar;C:\Users\Admin\.katalon\packages\KS-9.7.2\configuration\resources\lib\selenium-leg-rc-3.141.59.jar;C:\Users\Admin\.katalon\packages\KS-9.7.2\configuration\resources\lib\selenium-server-standalone-3.141.59.jar;C:\Users\Admin\.katalon\packages\KS-9.7.2\configuration\resources\lib\selenium-shutterbug-1.1.jar;C:\Users\Admin\.katalon\packages\KS-9.7.2\configuration\resources\lib\slf4j-api-1.7.25.jar;C:\Users\Admin\.katalon\packages\KS-9.7.2\configuration\resources\lib\soap-builder-1.0.0.jar;C:\Users\Admin\.katalon\packages\KS-9.7.2\configuration\resources\lib\soap-common-1.0.0.jar;C:\Users\Admin\.katalon\packages\KS-9.7.2\configuration\resources\lib\soap-legacy-1.0.0.jar;C:\Users\Admin\.katalon\packages\KS-9.7.2\configuration\resources\lib\spring-context-5.3.19.jar;C:\Users\Admin\.katalon\packages\KS-9.7.2\configuration\resources\lib\stax2-api-4.0.0.jar;C:\Users\Admin\.katalon\packages\KS-9.7.2\configuration\resources\lib\su.jar;C:\Users\Admin\.katalon\packages\KS-9.7.2\configuration\resources\lib\swagger-parser-1.0.67-fat.jar;C:\Users\Admin\.katalon\packages\KS-9.7.2\configuration\resources\lib\testng-7.8.0.jar;C:\Users\Admin\.katalon\packages\KS-9.7.2\configuration\resources\lib\uri-template-0.1.jar;C:\Users\Admin\.katalon\packages\KS-9.7.2\configuration\resources\lib\wadl.jar;C:\Users\Admin\.katalon\packages\KS-9.7.2\configuration\resources\lib\xmlbeans-3.1.0.jar;C:\Users\Admin\.katalon\packages\KS-9.7.2\plugins\net.sf.supercsv.super-csv_2.1.0.jar;C:\Users\Admin\.katalon\packages\KS-9.7.2\plugins\org.apache.commons.io_2.4.0.jar;C:\Users\Admin\.katalon\packages\KS-9.7.2\plugins\org.apache.commons.lang_2.6.0.jar;C:\Users\Admin\.katalon\packages\KS-9.7.2\plugins\com.google.gson_2.10.1.v20230109-0753.jar;C:\Users\Admin\.katalon\packages\KS-9.7.2\plugins\org.jsoup_1.14.3.jar;C:\Users\Admin\.katalon\packages\KS-9.7.2\plugins\org.apache.commons.dbutils_1.6.0.jar;C:\Users\Admin\.katalon\packages\KS-9.7.2\plugins\com.oracle.jdbc.ojdbc7_12.1.0.2.jar;C:\Users\Admin\.katalon\packages\KS-9.7.2\plugins\org.postgresql.jdbc_42.7.3.jar;c:\Users\Admin\.katalon\packages\KS-9.7.2\plugins\org.eclipse.osgi_3.18.300.v20230220-1352.jar;C:\Users\Admin\.katalon\packages\KS-9.7.2\plugins\com.kms.katalon.constant_1.0.0.202409190502.jar;C:\Users\Admin\.katalon\packages\KS-9.7.2\plugins\org.eclipse.persistence.eclipselink_2.7.11.jar;C:\Users\Admin\.katalon\packages\KS-9.7.2\plugins\com.kms.katalon.selenium-standalone_1.0.0.202409190502.jar;C:\Users\Admin\.katalon\packages\KS-9.7.2\plugins\atu.testrecorder.screen-recorder_2.1.0.jar;C:\Users\Admin\.katalon\packages\KS-9.7.2\plugins\com.google.guava_32.0.0.jre.jar;C:\Users\Admin\.katalon\packages\KS-9.7.2\plugins\com.kms.katalon.util_1.0.0.202409190502.jar;C:\Users\Admin\.katalon\packages\KS-9.7.2\plugins\org.apache.httpcomponents.httpclient_4.5.14.v20221207-1049.jar;C:\Users\Admin\.katalon\packages\KS-9.7.2\plugins\org.apache.httpcomponents.httpcore_4.4.16.v20221207-1049.jar;C:\Users\Admin\.katalon\packages\KS-9.7.2\plugins\org.apache.httpcomponents.httpmime_4.5.13.jar;C:\Users\Admin\.katalon\packages\KS-9.7.2\plugins\org.apache.commons.lang3_3.14.0.jar;C:\Users\Admin\.katalon\packages\KS-9.7.2\plugins\org.greenrobot.eventbus_3.1.1.jar;C:\Users\Admin\.katalon\packages\KS-9.7.2\plugins\net.bytebuddy.byte-buddy_1.14.15.jar;C:\Users\Admin\.katalon\packages\KS-9.7.2\plugins\org.junit_4.13.2.v20211018-1956.jar;C:\Users\Admin\.katalon\packages\KS-9.7.2\plugins\com.fasterxml.jackson.core.jackson-databind_2.17.1.jar;C:\Users\Admin\.katalon\packages\KS-9.7.2\plugins\com.fasterxml.jackson.core.jackson-core_2.17.1.jar;C:\Users\Admin\.katalon\packages\KS-9.7.2\plugins\com.fasterxml.jackson.core.jackson-annotations_2.17.1.jar;C:\Users\Admin\.katalon\packages\KS-9.7.2\plugins\ch.qos.logback.classic_1.2.13.jar;C:\Users\Admin\.katalon\packages\KS-9.7.2\plugins\ch.qos.logback.core_1.2.13.jar;C:\Users\Admin\.katalon\packages\KS-9.7.2\plugins\slf4j.api_1.7.36.jar;C:\Users\Admin\.katalon\packages\KS-9.7.2\plugins\org.fusesource.jansi_1.17.1.jar;C:\Users\Admin\.katalon\packages\KS-9.7.2\plugins\com.kms.katalon.netlightbody_1.0.0.202409190502.jar;C:\Users\Admin\.katalon\packages\KS-9.7.2\plugins\com.kms.katalon.poi_1.0.0.202409190502.jar;C:\Users\Admin\.katalon\packages\KS-9.7.2\plugins\org.apache.commons.commons-text_1.10.0.jar;C:\Users\Admin\.katalon\packages\KS-9.7.2\plugins\com.kms.katalon.proxyvole_1.0.0.202409190502.jar;C:\Users\Admin\.katalon\packages\KS-9.7.2\plugins\com.microsoft.sqlserver.mssql-jdbc_6.2.2.jre8.jar;C:\Users\Admin\.katalon\packages\KS-9.7.2\plugins\com.github.kklisura.cdt.java-client_2.1.0.jar;C:\Users\Admin\.katalon\packages\KS-9.7.2\plugins\javax.websocket-api_1.1.0.jar;C:\Users\Admin\.katalon\packages\KS-9.7.2\plugins\org.glassfish.tyrus.container-grizzly-client_1.13.1.jar;C:\Users\Admin\.katalon\packages\KS-9.7.2\plugins\org.glassfish.grizzly.http-server_2.3.25.jar;C:\Users\Admin\.katalon\packages\KS-9.7.2\plugins\org.glassfish.grizzly.framework_2.3.25.jar;C:\Users\Admin\.katalon\packages\KS-9.7.2\plugins\org.glassfish.grizzly.http_2.3.25.jar;C:\Users\Admin\.katalon\packages\KS-9.7.2\plugins\org.glassfish.tyrus.client_1.13.1.jar;C:\Users\Admin\.katalon\packages\KS-9.7.2\plugins\org.glassfish.tyrus.core_1.13.1.jar;C:\Users\Admin\.katalon\packages\KS-9.7.2\plugins\org.glassfish.tyrus.spi_1.13.1.jar;C:\Users\Admin\.katalon\packages\KS-9.7.2\plugins\javassist_3.28.0.GA.jar;C:\Users\Admin\.katalon\packages\KS-9.7.2\plugins\graphql-java_17.5.0.jar;C:\Users\Admin\.katalon\packages\KS-9.7.2\plugins\org.glassfish.jaxb.runtime_2.3.6.jar;C:\Users\Admin\.katalon\packages\KS-9.7.2\plugins\org.glassfish.jaxb.txw2_2.3.6.jar;C:\Users\Admin\.katalon\packages\KS-9.7.2\plugins\org.dom4j_2.1.4.jar;C:\Users\Admin\.katalon\packages\KS-9.7.2\plugins\com.kms.katalon.groovy-extended_1.0.0.202409190502.jar;C:\Users\Admin\.katalon\packages\KS-9.7.2\plugins\com.sun.activation.javax.activation_1.2.0.jar;C:\Users\Admin\.katalon\packages\KS-9.7.2\plugins\jakarta.xml.bind-api_2.3.3.jar;C:\Users\Admin\.katalon\packages\KS-9.7.2\plugins\com.sun.xml.bind.jaxb-impl_2.3.6.jar;C:\Users\Admin\.katalon\packages\KS-9.7.2\plugins\org.eclipse.jface_3.29.0.v20230214-1401.jar;C:\Users\Admin\.katalon\packages\KS-9.7.2\plugins\com.kms.katalon.logging_1.0.0.202409190502.jar;C:\Users\Admin\.katalon\packages\KS-9.7.2\plugins\json_20240303.0.0.jar;C:\Users\Admin\.katalon\packages\KS-9.7.2\plugins\assertj-core_3.25.3.jar;C:\Users\Admin\.katalon\packages\KS-9.7.2\plugins\com.networknt.json-schema-validator_1.0.66.jar;C:\Users\Admin\.katalon\packages\KS-9.7.2\plugins\com.kms.katalon.network.apache_1.0.0.202409190502.jar;C:\Users\Admin\.katalon\packages\KS-9.7.2\plugins\org.apache.commons.logging_1.2.0.v20180409-1502.jar;C:\Users\Admin\.katalon\packages\KS-9.7.2\plugins\org.hamcrest.core_1.3.0.v20180420-1519.jar;C:\Users\Admin\.katalon\packages\KS-9.7.2\plugins\org.beanshell.bsh_2.0.0.0b4.jar;C:\Users\Admin\.katalon\packages\KS-9.7.2\plugins\org.apache.ant.launcher_1.9.6.jar;C:\Users\Admin\.katalon\packages\KS-9.7.2\plugins\com.kms.katalon.core.appium_1.0.0.202409190502.jar;C:\Users\Admin\.katalon\packages\KS-9.7.2\plugins\com.kms.katalon.api_1.0.0.202409190502.jar;C:\Users\Admin\.katalon\packages\KS-9.7.2\plugins\org.eclipse.equinox.common_3.17.100.v20230202-1341.jar;C:\Users\Admin\.katalon\packages\KS-9.7.2\plugins\com.kms.katalon.platform.core_1.0.0.202409190502.jar;C:\Users\Admin\.katalon\packages\KS-9.7.2\plugins\com.kms.katalon.common_1.0.0.202409190502.jar;C:\Users\Admin\.katalon\packages\KS-9.7.2\plugins\com.kms.katalon.session.core_1.0.0.202409190502.jar;C:\Users\Admin\.katalon\packages\KS-9.7.2\plugins\org.eclipse.e4.core.contexts_1.11.0.v20220716-0839.jar;C:\Users\Admin\.katalon\packages\KS-9.7.2\plugins\javax.inject_1.0.0.v20220405-0441.jar;C:\Users\Admin\.katalon\packages\KS-9.7.2\plugins\org.eclipse.e4.core.di_1.8.300.v20220817-1539.jar;C:\Users\Admin\.katalon\packages\KS-9.7.2\plugins\com.kms.katalon.network.core_1.0.0.202409190502.jar;C:\Users\Admin\.katalon\packages\KS-9.7.2\plugins\com.kms.katalon.execution.core_1.0.0.202409190502.jar;C:\Users\Admin\.katalon\packages\KS-9.7.2\plugins\org.eclipse.equinox.registry_3.11.200.v20220817-1601.jar;C:\Users\Admin\.katalon\packages\KS-9.7.2\plugins\dev.failsafe_3.3.2.jar;C:\Users\Admin\.katalon\packages\KS-9.7.2\plugins\com.fasterxml.jackson.datatype.jackson-datatype-jsr310_2.17.1.jar;C:\Users\Admin\.katalon\packages\KS-9.7.2\plugins\org.eclipse.e4.core.di.annotations_1.7.200.v20220613-1008.jar;C:\Users\Admin\.katalon\packages\KS-9.7.2\plugins\com.kms.katalon.core.webui_1.0.0.202409190502.jar;C:\Users\Admin\.katalon\packages\KS-9.7.2\plugins\org.eclipse.e4.core.services_2.3.400.v20220915-1347.jar;C:\Users\Admin\.katalon\packages\KS-9.7.2\plugins\com.kms.katalon.core.mobile_1.0.0.202409190502.jar;C:\Users\Admin\.katalon\packages\KS-9.7.2\plugins\org.apache.commons.commons-validator_1.7.0.jar;C:\Users\Admin\.katalon\packages\KS-9.7.2\plugins\com.kms.katalon.core.cucumber_1.0.0.202409190502.jar;C:\Users\Admin\.katalon\packages\KS-9.7.2\plugins\io.cucumber.core_3.0.3.jar;C:\Users\Admin\.katalon\packages\KS-9.7.2\plugins\io.cucumber.datatable_1.1.15.jar;C:\Users\Admin\.katalon\packages\KS-9.7.2\plugins\io.cucumber.datatable-dependencies_1.1.15.jar;C:\Users\Admin\.katalon\packages\KS-9.7.2\plugins\io.cucumber.expressions_5.0.19.jar;C:\Users\Admin\.katalon\packages\KS-9.7.2\plugins\io.cucumber.gherkin_5.0.0.jar;C:\Users\Admin\.katalon\packages\KS-9.7.2\plugins\io.cucumber.html_0.2.7.jar;C:\Users\Admin\.katalon\packages\KS-9.7.2\plugins\io.cucumber.java_3.0.3.jar;C:\Users\Admin\.katalon\packages\KS-9.7.2\plugins\io.cucumber.tag-expressions_1.1.1.jar;C:\Users\Admin\.katalon\packages\KS-9.7.2\plugins\io.cucumber.junit_3.0.3.jar;C:\Users\Admin\.katalon\packages\KS-9.7.2\plugins\com.kms.katalon.core.webservice_1.0.0.202409190502.jar;C:\Users\Admin\.katalon\packages\KS-9.7.2\plugins\wsdl4j_1.6.2.jar;C:\Users\Admin\.katalon\packages\KS-9.7.2\plugins\com.google.oauth-client.google-oauth-client_1.22.0.jar;C:\Users\Admin\.katalon\packages\KS-9.7.2\plugins\com.google.http-client.google-http-client_1.22.0.jar;C:\Users\Admin\.katalon\packages\KS-9.7.2\plugins\ca.juliusdavies.not-yet-commons-ssl_0.3.11.jar;C:\Users\Admin\.katalon\packages\KS-9.7.2\plugins\com.kms.katalon.preferences_1.0.0.202409190502.jar;C:\Users\Admin\.katalon\packages\KS-9.7.2\plugins\org.apache.xmlbeans_3.1.0.jar;C:\Users\Admin\.katalon\packages\KS-9.7.2\plugins\com.kms.katalon.entity_1.0.0.202409190502.jar;C:\Users\Admin\.katalon\packages\KS-9.7.2\plugins\org.antlr.antlr4-runtime_4.9.2.jar;C:\Users\Admin\.katalon\packages\KS-9.7.2\plugins\jakarta.xml.ws-api_2.3.3.jar;C:\Users\Admin\.katalon\packages\KS-9.7.2\plugins\javax.xml.soap-api_1.4.0.jar;C:\Users\Admin\.katalon\packages\KS-9.7.2\plugins\com.atlassian.oai.swagger-request-validator-core_2.38.0.jar;C:\Users\Admin\.katalon\packages\KS-9.7.2\plugins\io.swagger.compat-spec-parser_1.0.67.jar;C:\Users\Admin\.katalon\packages\KS-9.7.2\plugins\io.swagger.core.v3.swagger-annotations_2.2.14.jar;C:\Users\Admin\.katalon\packages\KS-9.7.2\plugins\io.swagger.core.v3.swagger-core_2.2.14.jar;C:\Users\Admin\.katalon\packages\KS-9.7.2\plugins\io.swagger.core.v3.swagger-models_2.2.14.jar;C:\Users\Admin\.katalon\packages\KS-9.7.2\plugins\io.swagger.parser.v3.swagger-parser-core_2.1.16.jar;C:\Users\Admin\.katalon\packages\KS-9.7.2\plugins\io.swagger.parser.v3.swagger-parser-v2-converter_2.1.16.jar;C:\Users\Admin\.katalon\packages\KS-9.7.2\plugins\com.github.java-json-tools.btf_1.3.0.jar;C:\Users\Admin\.katalon\packages\KS-9.7.2\plugins\com.fasterxml.jackson.dataformat.jackson-dataformat-yaml_2.17.1.jar;C:\Users\Admin\.katalon\packages\KS-9.7.2\plugins\org.yaml.snakeyaml_2.2.0.jar;C:\Users\Admin\.katalon\packages\KS-9.7.2\plugins\com.github.java-json-tools.msg-simple_1.2.0.jar;C:\Users\Admin\.katalon\packages\KS-9.7.2\plugins\jackson-core-asl_1.9.13.jar;C:\Users\Admin\.katalon\packages\KS-9.7.2\plugins\joda-time_2.10.5.jar;C:\Users\Admin\.katalon\packages\KS-9.7.2\plugins\javax.mail-api_1.6.2.jar;C:\Users\Admin\.katalon\packages\KS-9.7.2\plugins\com.googlecode.libphonenumber_8.11.1.jar;C:\Users\Admin\.katalon\packages\KS-9.7.2\plugins\com.google.guava.failureaccess_1.0.1.jar;C:\Users\Admin\.katalon\packages\KS-9.7.2\plugins\io.swagger.parser.v3.swagger-parser_2.1.16.jar;C:\Users\Admin\.katalon\packages\KS-9.7.2\plugins\io.swagger.parser.v3.swagger-parser-v3_2.1.16.jar;C:\Users\Admin\.katalon\packages\KS-9.7.2\plugins\io.swagger.parser_1.0.67.jar;C:\Users\Admin\.katalon\packages\KS-9.7.2\plugins\com.kms.katalon.core.windows_1.0.0.202409190502.jar;C:\Users\Admin\.katalon\packages\KS-9.7.2\plugins\com.kms.katalon.core.testng_1.0.0.202409190502.jar;C:\Users\Admin\.katalon\packages\KS-9.7.2\configuration\org.eclipse.osgi\33\0\.cp\resources\basic-report\katalon-studio-report-plugin.jar;C:\Users\Admin\.katalon\packages\KS-9.7.2\plugins\org.codehaus.groovy_3.0.17.v202303311542-e2303\lib\groovy-3.0.17-indy.jar;C:\Users\Admin\.katalon\packages\KS-9.7.2\plugins\org.codehaus.groovy_3.0.17.v202303311542-e2303\lib\ivy-2.5.1.jar --main groovy.ui.GroovyMain --encoding UTF-8 --indy C:\Users\Admin\Katalon Studio\FisrtProject\Libs\TempTestCase1733480228655.groovy

Host: Intel(R) Core(TM) i7-7500U CPU @ 2.70GHz, 4 cores, 7G,  Windows 10 , 64 bit Build 17763 (10.0.17763.6292)
Time: Fri Dec  6 17:17:38 2024 SE Asia Standard Time elapsed time: 19.793775 seconds (0d 0h 0m 19s)

---------------  T H R E A D  ---------------

Current thread (0x0000027177008b90):  JavaThread "C2 CompilerThread0" daemon [_thread_in_native, id=9504, stack(0x00000084b0500000,0x00000084b0600000)]


Current CompileTask:
C2:  19793 4866 %     4       java.net.URI$Parser::scan @ 3 (76 bytes)

Stack: [0x00000084b0500000,0x00000084b0600000]
Native frames: (J=compiled Java code, j=interpreted, Vv=VM code, C=native code)
V  [jvm.dll+0x67754a]
V  [jvm.dll+0x834304]
V  [jvm.dll+0x835aae]
V  [jvm.dll+0x836113]
V  [jvm.dll+0x24696f]
V  [jvm.dll+0xac0ac]
V  [jvm.dll+0xac67c]
V  [jvm.dll+0x364e37]
V  [jvm.dll+0x32f6b1]
V  [jvm.dll+0x32eb5a]
V  [jvm.dll+0x219641]
V  [jvm.dll+0x218a61]
V  [jvm.dll+0x1a4d8d]
V  [jvm.dll+0x2284da]
V  [jvm.dll+0x226615]
V  [jvm.dll+0x7ea90b]
V  [jvm.dll+0x7e4e7a]
V  [jvm.dll+0x676395]
C  [ucrtbase.dll+0x2268a]
C  [KERNEL32.DLL+0x17ac4]
C  [ntdll.dll+0x5a8c1]


---------------  P R O C E S S  ---------------

Threads class SMR info:
_java_thread_list=0x000002717a316420, length=14, elements={
0x0000027159713e90, 0x0000027172ea1e50, 0x0000027172ea3c90, 0x000002717705aea0,
0x000002717705bc20, 0x000002717705fa20, 0x00000271770602e0, 0x0000027177008b90,
0x000002717700e9d0, 0x00000271770d9760, 0x00000271771ed9f0, 0x0000027177be6420,
0x0000027178f89850, 0x0000027178f88040
}

Java Threads: ( => current thread )
  0x0000027159713e90 JavaThread "main" [_thread_blocked, id=13936, stack(0x00000084af800000,0x00000084af900000)]
  0x0000027172ea1e50 JavaThread "Reference Handler" daemon [_thread_blocked, id=13644, stack(0x00000084aff00000,0x00000084b0000000)]
  0x0000027172ea3c90 JavaThread "Finalizer" daemon [_thread_blocked, id=11596, stack(0x00000084b0000000,0x00000084b0100000)]
  0x000002717705aea0 JavaThread "Signal Dispatcher" daemon [_thread_blocked, id=12744, stack(0x00000084b0100000,0x00000084b0200000)]
  0x000002717705bc20 JavaThread "Attach Listener" daemon [_thread_blocked, id=11056, stack(0x00000084b0200000,0x00000084b0300000)]
  0x000002717705fa20 JavaThread "Service Thread" daemon [_thread_blocked, id=1840, stack(0x00000084b0300000,0x00000084b0400000)]
  0x00000271770602e0 JavaThread "Monitor Deflation Thread" daemon [_thread_blocked, id=13524, stack(0x00000084b0400000,0x00000084b0500000)]
=>0x0000027177008b90 JavaThread "C2 CompilerThread0" daemon [_thread_in_native, id=9504, stack(0x00000084b0500000,0x00000084b0600000)]
  0x000002717700e9d0 JavaThread "C1 CompilerThread0" daemon [_thread_blocked, id=13632, stack(0x00000084b0600000,0x00000084b0700000)]
  0x00000271770d9760 JavaThread "Sweeper thread" daemon [_thread_blocked, id=5268, stack(0x00000084b0700000,0x00000084b0800000)]
  0x00000271771ed9f0 JavaThread "Common-Cleaner" daemon [_thread_blocked, id=4892, stack(0x00000084b0800000,0x00000084b0900000)]
  0x0000027177be6420 JavaThread "Notification Thread" daemon [_thread_blocked, id=12392, stack(0x00000084b0c00000,0x00000084b0d00000)]
  0x0000027178f89850 JavaThread "Thread-0" [_thread_blocked, id=13688, stack(0x00000084b0900000,0x00000084b0a00000)]
  0x0000027178f88040 JavaThread "UrlChecker-2" daemon [_thread_blocked, id=11980, stack(0x00000084b0f00000,0x00000084b1000000)]

Other Threads:
  0x0000027172e66590 VMThread "VM Thread" [stack: 0x00000084afe00000,0x00000084aff00000] [id=10368]
  0x0000027159714af0 WatcherThread [stack: 0x00000084b0d00000,0x00000084b0e00000] [id=7596]
  0x000002715976dc00 GCTaskThread "GC Thread#0" [stack: 0x00000084af900000,0x00000084afa00000] [id=14892]
  0x000002717767ad20 GCTaskThread "GC Thread#1" [stack: 0x00000084b0a00000,0x00000084b0b00000] [id=5888]
  0x00000271777119c0 GCTaskThread "GC Thread#2" [stack: 0x00000084b0b00000,0x00000084b0c00000] [id=15060]
  0x0000027178deb4e0 GCTaskThread "GC Thread#3" [stack: 0x00000084b0e00000,0x00000084b0f00000] [id=8956]
  0x000002715977fa60 ConcurrentGCThread "G1 Main Marker" [stack: 0x00000084afa00000,0x00000084afb00000] [id=3044]
  0x0000027159780380 ConcurrentGCThread "G1 Conc#0" [stack: 0x00000084afb00000,0x00000084afc00000] [id=13500]
  0x0000027172d19170 ConcurrentGCThread "G1 Refine#0" [stack: 0x00000084afc00000,0x00000084afd00000] [id=1968]
  0x0000027172d199a0 ConcurrentGCThread "G1 Service" [stack: 0x00000084afd00000,0x00000084afe00000] [id=13448]

Threads with active compile tasks:
C2 CompilerThread0    19834 4866 %     4       java.net.URI$Parser::scan @ 3 (76 bytes)

VM state: not at safepoint (normal execution)

VM Mutex/Monitor currently owned by a thread: None

Heap address: 0x0000000080000000, size: 2048 MB, Compressed Oops mode: 32-bit

CDS archive(s) not mapped
Compressed class space mapped at: 0x0000000100000000-0x0000000140000000, reserved size: 1073741824
Narrow klass base: 0x0000000000000000, Narrow klass shift: 3, Narrow klass range: 0x140000000

GC Precious Log:
 CPUs: 4 total, 4 available
 Memory: 8090M
 Large Page Support: Disabled
 NUMA Support: Disabled
 Compressed Oops: Enabled (32-bit)
 Heap Region Size: 1M
 Heap Min Capacity: 8M
 Heap Initial Capacity: 128M
 Heap Max Capacity: 2G
 Pre-touch: Disabled
 Parallel Workers: 4
 Concurrent Workers: 1
 Concurrent Refinement Workers: 4
 Periodic GC: Disabled

Heap:
 garbage-first heap   total 95232K, used 35477K [0x0000000080000000, 0x0000000100000000)
  region size 1024K, 7 young (7168K), 5 survivors (5120K)
 Metaspace       used 35821K, committed 36352K, reserved 1114112K
  class space    used 3831K, committed 4096K, reserved 1048576K

Heap Regions: E=young(eden), S=young(survivor), O=old, HS=humongous(starts), HC=humongous(continues), CS=collection set, F=free, OA=open archive, CA=closed archive, TAMS=top-at-mark-start (previous, next)
|   0|0x0000000080000000, 0x0000000080100000, 0x0000000080100000|100%|HS|  |TAMS 0x0000000080100000, 0x0000000080000000| Complete 
|   1|0x0000000080100000, 0x0000000080200000, 0x0000000080200000|100%|HS|  |TAMS 0x0000000080200000, 0x0000000080100000| Complete 
|   2|0x0000000080200000, 0x0000000080300000, 0x0000000080300000|100%| O|  |TAMS 0x0000000080300000, 0x0000000080200000| Untracked 
|   3|0x0000000080300000, 0x0000000080400000, 0x0000000080400000|100%| O|  |TAMS 0x0000000080400000, 0x0000000080300000| Untracked 
|   4|0x0000000080400000, 0x0000000080500000, 0x0000000080500000|100%| O|  |TAMS 0x0000000080500000, 0x0000000080400000| Untracked 
|   5|0x0000000080500000, 0x0000000080600000, 0x0000000080600000|100%| O|  |TAMS 0x0000000080600000, 0x0000000080500000| Untracked 
|   6|0x0000000080600000, 0x0000000080700000, 0x0000000080700000|100%| O|  |TAMS 0x0000000080700000, 0x0000000080600000| Untracked 
|   7|0x0000000080700000, 0x0000000080800000, 0x0000000080800000|100%| O|  |TAMS 0x0000000080800000, 0x0000000080700000| Untracked 
|   8|0x0000000080800000, 0x0000000080900000, 0x0000000080900000|100%| O|  |TAMS 0x0000000080900000, 0x0000000080800000| Untracked 
|   9|0x0000000080900000, 0x0000000080a00000, 0x0000000080a00000|100%| O|  |TAMS 0x0000000080a00000, 0x0000000080900000| Untracked 
|  10|0x0000000080a00000, 0x0000000080b00000, 0x0000000080b00000|100%|HS|  |TAMS 0x0000000080b00000, 0x0000000080a00000| Complete 
|  11|0x0000000080b00000, 0x0000000080c00000, 0x0000000080c00000|100%| O|  |TAMS 0x0000000080c00000, 0x0000000080b00000| Untracked 
|  12|0x0000000080c00000, 0x0000000080d00000, 0x0000000080d00000|100%| O|  |TAMS 0x0000000080d00000, 0x0000000080c00000| Untracked 
|  13|0x0000000080d00000, 0x0000000080e00000, 0x0000000080e00000|100%| O|  |TAMS 0x0000000080e00000, 0x0000000080d00000| Untracked 
|  14|0x0000000080e00000, 0x0000000080f00000, 0x0000000080f00000|100%| O|  |TAMS 0x0000000080f00000, 0x0000000080e00000| Untracked 
|  15|0x0000000080f00000, 0x0000000081000000, 0x0000000081000000|100%| O|  |TAMS 0x0000000081000000, 0x0000000080f00000| Untracked 
|  16|0x0000000081000000, 0x0000000081100000, 0x0000000081100000|100%| O|  |TAMS 0x0000000081100000, 0x0000000081000000| Untracked 
|  17|0x0000000081100000, 0x0000000081200000, 0x0000000081200000|100%| O|  |TAMS 0x0000000081200000, 0x0000000081100000| Untracked 
|  18|0x0000000081200000, 0x0000000081300000, 0x0000000081300000|100%| O|  |TAMS 0x0000000081300000, 0x0000000081200000| Untracked 
|  19|0x0000000081300000, 0x0000000081400000, 0x0000000081400000|100%| O|  |TAMS 0x0000000081400000, 0x0000000081300000| Untracked 
|  20|0x0000000081400000, 0x00000000814edc00, 0x0000000081500000| 92%| O|  |TAMS 0x00000000814edc00, 0x0000000081400000| Untracked 
|  21|0x0000000081500000, 0x0000000081600000, 0x0000000081600000|100%| O|  |TAMS 0x000000008150f200, 0x0000000081500000| Untracked 
|  22|0x0000000081600000, 0x0000000081700000, 0x0000000081700000|100%| O|  |TAMS 0x0000000081600000, 0x0000000081600000| Untracked 
|  23|0x0000000081700000, 0x0000000081800000, 0x0000000081800000|100%| O|  |TAMS 0x0000000081700000, 0x0000000081700000| Untracked 
|  24|0x0000000081800000, 0x0000000081900000, 0x0000000081900000|100%| O|  |TAMS 0x0000000081900000, 0x0000000081800000| Untracked 
|  25|0x0000000081900000, 0x0000000081a00000, 0x0000000081a00000|100%| O|  |TAMS 0x0000000081a00000, 0x0000000081900000| Untracked 
|  26|0x0000000081a00000, 0x0000000081a37800, 0x0000000081b00000| 21%| O|  |TAMS 0x0000000081a00000, 0x0000000081a00000| Untracked 
|  27|0x0000000081b00000, 0x0000000081b00000, 0x0000000081c00000|  0%| F|  |TAMS 0x0000000081b00000, 0x0000000081b00000| Untracked 
|  28|0x0000000081c00000, 0x0000000081c00000, 0x0000000081d00000|  0%| F|  |TAMS 0x0000000081c00000, 0x0000000081c00000| Untracked 
|  29|0x0000000081d00000, 0x0000000081d00000, 0x0000000081e00000|  0%| F|  |TAMS 0x0000000081d00000, 0x0000000081d00000| Untracked 
|  30|0x0000000081e00000, 0x0000000081e00000, 0x0000000081f00000|  0%| F|  |TAMS 0x0000000081e00000, 0x0000000081e00000| Untracked 
|  31|0x0000000081f00000, 0x0000000082000000, 0x0000000082000000|100%| O|  |TAMS 0x0000000082000000, 0x0000000081f00000| Untracked 
|  32|0x0000000082000000, 0x0000000082100000, 0x0000000082100000|100%| O|  |TAMS 0x0000000082100000, 0x0000000082000000| Untracked 
|  33|0x0000000082100000, 0x0000000082200000, 0x0000000082200000|100%| O|  |TAMS 0x0000000082200000, 0x0000000082100000| Untracked 
|  34|0x0000000082200000, 0x0000000082200000, 0x0000000082300000|  0%| F|  |TAMS 0x0000000082200000, 0x0000000082200000| Untracked 
|  35|0x0000000082300000, 0x0000000082300000, 0x0000000082400000|  0%| F|  |TAMS 0x0000000082300000, 0x0000000082300000| Untracked 
|  36|0x0000000082400000, 0x0000000082400000, 0x0000000082500000|  0%| F|  |TAMS 0x0000000082400000, 0x0000000082400000| Untracked 
|  37|0x0000000082500000, 0x0000000082500000, 0x0000000082600000|  0%| F|  |TAMS 0x0000000082500000, 0x0000000082500000| Untracked 
|  38|0x0000000082600000, 0x0000000082600000, 0x0000000082700000|  0%| F|  |TAMS 0x0000000082600000, 0x0000000082600000| Untracked 
|  39|0x0000000082700000, 0x0000000082700000, 0x0000000082800000|  0%| F|  |TAMS 0x0000000082700000, 0x0000000082700000| Untracked 
|  40|0x0000000082800000, 0x0000000082800000, 0x0000000082900000|  0%| F|  |TAMS 0x0000000082800000, 0x0000000082800000| Untracked 
|  41|0x0000000082900000, 0x0000000082900000, 0x0000000082a00000|  0%| F|  |TAMS 0x0000000082900000, 0x0000000082900000| Untracked 
|  42|0x0000000082a00000, 0x0000000082a00000, 0x0000000082b00000|  0%| F|  |TAMS 0x0000000082a00000, 0x0000000082a00000| Untracked 
|  43|0x0000000082b00000, 0x0000000082b00000, 0x0000000082c00000|  0%| F|  |TAMS 0x0000000082b00000, 0x0000000082b00000| Untracked 
|  44|0x0000000082c00000, 0x0000000082c00000, 0x0000000082d00000|  0%| F|  |TAMS 0x0000000082c00000, 0x0000000082c00000| Untracked 
|  45|0x0000000082d00000, 0x0000000082d00000, 0x0000000082e00000|  0%| F|  |TAMS 0x0000000082d00000, 0x0000000082d00000| Untracked 
|  46|0x0000000082e00000, 0x0000000082e00000, 0x0000000082f00000|  0%| F|  |TAMS 0x0000000082e00000, 0x0000000082e00000| Untracked 
|  47|0x0000000082f00000, 0x0000000082f00000, 0x0000000083000000|  0%| F|  |TAMS 0x0000000082f00000, 0x0000000082f00000| Untracked 
|  48|0x0000000083000000, 0x0000000083000000, 0x0000000083100000|  0%| F|  |TAMS 0x0000000083000000, 0x0000000083000000| Untracked 
|  49|0x0000000083100000, 0x0000000083100000, 0x0000000083200000|  0%| F|  |TAMS 0x0000000083100000, 0x0000000083100000| Untracked 
|  50|0x0000000083200000, 0x0000000083200000, 0x0000000083300000|  0%| F|  |TAMS 0x0000000083200000, 0x0000000083200000| Untracked 
|  51|0x0000000083300000, 0x0000000083300000, 0x0000000083400000|  0%| F|  |TAMS 0x0000000083300000, 0x0000000083300000| Untracked 
|  52|0x0000000083400000, 0x0000000083400000, 0x0000000083500000|  0%| F|  |TAMS 0x0000000083400000, 0x0000000083400000| Untracked 
|  53|0x0000000083500000, 0x0000000083500000, 0x0000000083600000|  0%| F|  |TAMS 0x0000000083500000, 0x0000000083500000| Untracked 
|  54|0x0000000083600000, 0x0000000083600000, 0x0000000083700000|  0%| F|  |TAMS 0x0000000083600000, 0x0000000083600000| Untracked 
|  55|0x0000000083700000, 0x0000000083700000, 0x0000000083800000|  0%| F|  |TAMS 0x0000000083700000, 0x0000000083700000| Untracked 
|  56|0x0000000083800000, 0x0000000083800000, 0x0000000083900000|  0%| F|  |TAMS 0x0000000083800000, 0x0000000083800000| Untracked 
|  57|0x0000000083900000, 0x0000000083900000, 0x0000000083a00000|  0%| F|  |TAMS 0x0000000083900000, 0x0000000083900000| Untracked 
|  58|0x0000000083a00000, 0x0000000083a00000, 0x0000000083b00000|  0%| F|  |TAMS 0x0000000083a00000, 0x0000000083a00000| Untracked 
|  59|0x0000000083b00000, 0x0000000083b00000, 0x0000000083c00000|  0%| F|  |TAMS 0x0000000083b00000, 0x0000000083b00000| Untracked 
|  60|0x0000000083c00000, 0x0000000083c00000, 0x0000000083d00000|  0%| F|  |TAMS 0x0000000083c00000, 0x0000000083c00000| Untracked 
|  61|0x0000000083d00000, 0x0000000083d00000, 0x0000000083e00000|  0%| F|  |TAMS 0x0000000083d00000, 0x0000000083d00000| Untracked 
|  62|0x0000000083e00000, 0x0000000083e00000, 0x0000000083f00000|  0%| F|  |TAMS 0x0000000083e00000, 0x0000000083e00000| Untracked 
|  63|0x0000000083f00000, 0x0000000083f00000, 0x0000000084000000|  0%| F|  |TAMS 0x0000000083f00000, 0x0000000083f00000| Untracked 
|  64|0x0000000084000000, 0x0000000084000000, 0x0000000084100000|  0%| F|  |TAMS 0x0000000084000000, 0x0000000084000000| Untracked 
|  65|0x0000000084100000, 0x0000000084100000, 0x0000000084200000|  0%| F|  |TAMS 0x0000000084100000, 0x0000000084100000| Untracked 
|  66|0x0000000084200000, 0x0000000084200000, 0x0000000084300000|  0%| F|  |TAMS 0x0000000084200000, 0x0000000084200000| Untracked 
|  67|0x0000000084300000, 0x0000000084300000, 0x0000000084400000|  0%| F|  |TAMS 0x0000000084300000, 0x0000000084300000| Untracked 
|  68|0x0000000084400000, 0x0000000084400000, 0x0000000084500000|  0%| F|  |TAMS 0x0000000084400000, 0x0000000084400000| Untracked 
|  69|0x0000000084500000, 0x0000000084500000, 0x0000000084600000|  0%| F|  |TAMS 0x0000000084500000, 0x0000000084500000| Untracked 
|  70|0x0000000084600000, 0x0000000084600000, 0x0000000084700000|  0%| F|  |TAMS 0x0000000084600000, 0x0000000084600000| Untracked 
|  71|0x0000000084700000, 0x0000000084700000, 0x0000000084800000|  0%| F|  |TAMS 0x0000000084700000, 0x0000000084700000| Untracked 
|  72|0x0000000084800000, 0x0000000084800000, 0x0000000084900000|  0%| F|  |TAMS 0x0000000084800000, 0x0000000084800000| Untracked 
|  73|0x0000000084900000, 0x0000000084900000, 0x0000000084a00000|  0%| F|  |TAMS 0x0000000084900000, 0x0000000084900000| Untracked 
|  74|0x0000000084a00000, 0x0000000084a00000, 0x0000000084b00000|  0%| F|  |TAMS 0x0000000084a00000, 0x0000000084a00000| Untracked 
|  75|0x0000000084b00000, 0x0000000084b80000, 0x0000000084c00000| 50%| S|CS|TAMS 0x0000000084b00000, 0x0000000084b00000| Complete 
|  76|0x0000000084c00000, 0x0000000084d00000, 0x0000000084d00000|100%| S|CS|TAMS 0x0000000084c00000, 0x0000000084c00000| Complete 
|  77|0x0000000084d00000, 0x0000000084e00000, 0x0000000084e00000|100%| S|CS|TAMS 0x0000000084d00000, 0x0000000084d00000| Complete 
|  78|0x0000000084e00000, 0x0000000084f00000, 0x0000000084f00000|100%| S|CS|TAMS 0x0000000084e00000, 0x0000000084e00000| Complete 
|  79|0x0000000084f00000, 0x0000000085000000, 0x0000000085000000|100%| S|CS|TAMS 0x0000000084f00000, 0x0000000084f00000| Complete 
|  80|0x0000000085000000, 0x0000000085000000, 0x0000000085100000|  0%| F|  |TAMS 0x0000000085000000, 0x0000000085000000| Untracked 
|  81|0x0000000085100000, 0x0000000085100000, 0x0000000085200000|  0%| F|  |TAMS 0x0000000085100000, 0x0000000085100000| Untracked 
|  82|0x0000000085200000, 0x0000000085200000, 0x0000000085300000|  0%| F|  |TAMS 0x0000000085200000, 0x0000000085200000| Untracked 
|  83|0x0000000085300000, 0x0000000085300000, 0x0000000085400000|  0%| F|  |TAMS 0x0000000085300000, 0x0000000085300000| Untracked 
|  84|0x0000000085400000, 0x0000000085400000, 0x0000000085500000|  0%| F|  |TAMS 0x0000000085400000, 0x0000000085400000| Untracked 
|  85|0x0000000085500000, 0x0000000085500000, 0x0000000085600000|  0%| F|  |TAMS 0x0000000085500000, 0x0000000085500000| Untracked 
|  86|0x0000000085600000, 0x0000000085600000, 0x0000000085700000|  0%| F|  |TAMS 0x0000000085600000, 0x0000000085600000| Untracked 
|  87|0x0000000085700000, 0x0000000085700000, 0x0000000085800000|  0%| F|  |TAMS 0x0000000085700000, 0x0000000085700000| Untracked 
|  88|0x0000000085800000, 0x0000000085800000, 0x0000000085900000|  0%| F|  |TAMS 0x0000000085800000, 0x0000000085800000| Untracked 
|  89|0x0000000085900000, 0x0000000085900000, 0x0000000085a00000|  0%| F|  |TAMS 0x0000000085900000, 0x0000000085900000| Untracked 
|  90|0x0000000085a00000, 0x0000000085a00000, 0x0000000085b00000|  0%| F|  |TAMS 0x0000000085a00000, 0x0000000085a00000| Untracked 
|  91|0x0000000085b00000, 0x0000000085bd3670, 0x0000000085c00000| 82%| E|  |TAMS 0x0000000085b00000, 0x0000000085b00000| Complete 
| 127|0x0000000087f00000, 0x0000000088000000, 0x0000000088000000|100%| E|CS|TAMS 0x0000000087f00000, 0x0000000087f00000| Complete 

Card table byte_map: [0x000002716c190000,0x000002716c590000] _byte_map_base: 0x000002716bd90000

Marking Bits (Prev, Next): (CMBitMap*) 0x000002715976f130, (CMBitMap*) 0x000002715976f170
 Prev Bits: [0x000002716c990000, 0x000002716e990000)
 Next Bits: [0x000002716e990000, 0x0000027170990000)

Polling page: 0x0000027157550000

Metaspace:

Usage:
  Non-class:     31.24 MB used.
      Class:      3.74 MB used.
       Both:     34.98 MB used.

Virtual space:
  Non-class space:       64.00 MB reserved,      31.50 MB ( 49%) committed,  1 nodes.
      Class space:        1.00 GB reserved,       4.00 MB ( <1%) committed,  1 nodes.
             Both:        1.06 GB reserved,      35.50 MB (  3%) committed. 

Chunk freelists:
   Non-Class:  480.00 KB
       Class:  12.02 MB
        Both:  12.48 MB

MaxMetaspaceSize: unlimited
CompressedClassSpaceSize: 1.00 GB
Initial GC threshold: 21.00 MB
Current GC threshold: 58.69 MB
CDS: off
MetaspaceReclaimPolicy: balanced
 - commit_granule_bytes: 65536.
 - commit_granule_words: 8192.
 - virtual_space_node_default_size: 8388608.
 - enlarge_chunks_in_place: 1.
 - new_chunks_are_fully_committed: 0.
 - uncommit_free_chunks: 1.
 - use_allocation_guard: 0.
 - handle_deallocations: 1.


Internal statistics:

num_allocs_failed_limit: 6.
num_arena_births: 610.
num_arena_deaths: 0.
num_vsnodes_births: 2.
num_vsnodes_deaths: 0.
num_space_committed: 568.
num_space_uncommitted: 0.
num_chunks_returned_to_freelist: 6.
num_chunks_taken_from_freelist: 1455.
num_chunk_merges: 3.
num_chunk_splits: 959.
num_chunks_enlarged: 629.
num_inconsistent_stats: 0.

CodeHeap 'non-profiled nmethods': size=120000Kb used=2222Kb max_used=2525Kb free=117777Kb
 bounds [0x0000027164860000, 0x0000027164b00000, 0x000002716bd90000]
CodeHeap 'profiled nmethods': size=120000Kb used=7086Kb max_used=8911Kb free=112913Kb
 bounds [0x000002715cd90000, 0x000002715d650000, 0x00000271642c0000]
CodeHeap 'non-nmethods': size=5760Kb used=2290Kb max_used=2378Kb free=3469Kb
 bounds [0x00000271642c0000, 0x0000027164540000, 0x0000027164860000]
 total_blobs=4795 nmethods=3998 adapters=709
 compilation: enabled
              stopped_count=0, restarted_count=0
 full_count=0

Compilation events (20 events):
Event: 15.520 Thread 0x000002717700e9d0 4859   !   3       jdk.internal.loader.AbstractClassLoaderValue::get (21 bytes)
Event: 15.520 Thread 0x000002717700e9d0 nmethod 4859 0x000002715d184310 code [0x000002715d184520, 0x000002715d184ba8]
Event: 15.588 Thread 0x000002717700e9d0 4860       1       java.util.concurrent.locks.AbstractOwnableSynchronizer::setExclusiveOwnerThread (6 bytes)
Event: 15.588 Thread 0x000002717700e9d0 nmethod 4860 0x0000027164950890 code [0x0000027164950a20, 0x0000027164950b38]
Event: 15.990 Thread 0x0000027177008b90 nmethod 4855 0x0000027164ad7710 code [0x0000027164ad7c40, 0x0000027164adf0b0]
Event: 15.993 Thread 0x0000027177008b90 4856   !   4       jdk.internal.loader.URLClassPath$JarLoader::getResource (354 bytes)
Event: 16.542 Thread 0x000002717700e9d0 4861       3       java.net.URI$Parser::<init> (30 bytes)
Event: 16.542 Thread 0x000002717700e9d0 nmethod 4861 0x000002715d4f0d10 code [0x000002715d4f0ec0, 0x000002715d4f1158]
Event: 16.542 Thread 0x000002717700e9d0 4862       3       java.net.URI$Parser::parse (243 bytes)
Event: 16.546 Thread 0x000002717700e9d0 nmethod 4862 0x000002715d1d6610 code [0x000002715d1d6aa0, 0x000002715d1d8818]
Event: 16.808 Thread 0x0000027177008b90 nmethod 4856 0x0000027164ae2610 code [0x0000027164ae2d00, 0x0000027164aeed38]
Event: 16.811 Thread 0x0000027177008b90 4863       4       java.lang.Character::digit (6 bytes)
Event: 16.813 Thread 0x0000027177008b90 nmethod 4863 0x0000027164950410 code [0x00000271649505a0, 0x00000271649506d8]
Event: 17.186 Thread 0x000002717700e9d0 4864       1       java.util.concurrent.locks.AbstractOwnableSynchronizer::getExclusiveOwnerThread (5 bytes)
Event: 17.187 Thread 0x000002717700e9d0 nmethod 4864 0x00000271649de390 code [0x00000271649de520, 0x00000271649de5f8]
Event: 19.508 Thread 0x0000027177008b90 4865       4       java.lang.String::valueOf (15 bytes)
Event: 19.509 Thread 0x0000027177008b90 nmethod 4865 0x00000271649ddf10 code [0x00000271649de0a0, 0x00000271649de158]
Event: 19.773 Thread 0x0000027177008b90 4866 %     4       java.net.URI$Parser::scan @ 3 (76 bytes)
Event: 19.773 Thread 0x000002717700e9d0 4867       1       java.net.InetAddress::holder (5 bytes)
Event: 19.773 Thread 0x000002717700e9d0 nmethod 4867 0x00000271648fcd90 code [0x00000271648fcf20, 0x00000271648fcff8]

GC Heap History (20 events):
Event: 4.286 GC heap before
{Heap before GC invocations=3 (full 0):
 garbage-first heap   total 131072K, used 91436K [0x0000000080000000, 0x0000000100000000)
  region size 1024K, 75 young (76800K), 2 survivors (2048K)
 Metaspace       used 20293K, committed 20544K, reserved 1114112K
  class space    used 2081K, committed 2240K, reserved 1048576K
}
Event: 4.302 GC heap after
{Heap after GC invocations=4 (full 0):
 garbage-first heap   total 131072K, used 22074K [0x0000000080000000, 0x0000000100000000)
  region size 1024K, 7 young (7168K), 7 survivors (7168K)
 Metaspace       used 20293K, committed 20544K, reserved 1114112K
  class space    used 2081K, committed 2240K, reserved 1048576K
}
Event: 4.776 GC heap before
{Heap before GC invocations=4 (full 0):
 garbage-first heap   total 131072K, used 59962K [0x0000000080000000, 0x0000000100000000)
  region size 1024K, 45 young (46080K), 7 survivors (7168K)
 Metaspace       used 21252K, committed 21504K, reserved 1114112K
  class space    used 2170K, committed 2304K, reserved 1048576K
}
Event: 4.789 GC heap after
{Heap after GC invocations=5 (full 0):
 garbage-first heap   total 131072K, used 22420K [0x0000000080000000, 0x0000000100000000)
  region size 1024K, 1 young (1024K), 1 survivors (1024K)
 Metaspace       used 21252K, committed 21504K, reserved 1114112K
  class space    used 2170K, committed 2304K, reserved 1048576K
}
Event: 6.707 GC heap before
{Heap before GC invocations=6 (full 0):
 garbage-first heap   total 78848K, used 68500K [0x0000000080000000, 0x0000000100000000)
  region size 1024K, 46 young (47104K), 1 survivors (1024K)
 Metaspace       used 28661K, committed 29056K, reserved 1114112K
  class space    used 3028K, committed 3200K, reserved 1048576K
}
Event: 6.721 GC heap after
{Heap after GC invocations=7 (full 0):
 garbage-first heap   total 78848K, used 25684K [0x0000000080000000, 0x0000000100000000)
  region size 1024K, 5 young (5120K), 5 survivors (5120K)
 Metaspace       used 28661K, committed 29056K, reserved 1114112K
  class space    used 3028K, committed 3200K, reserved 1048576K
}
Event: 7.060 GC heap before
{Heap before GC invocations=7 (full 0):
 garbage-first heap   total 78848K, used 59476K [0x0000000080000000, 0x0000000100000000)
  region size 1024K, 35 young (35840K), 5 survivors (5120K)
 Metaspace       used 29900K, committed 30272K, reserved 1114112K
  class space    used 3111K, committed 3264K, reserved 1048576K
}
Event: 7.072 GC heap after
{Heap after GC invocations=8 (full 0):
 garbage-first heap   total 78848K, used 26328K [0x0000000080000000, 0x0000000100000000)
  region size 1024K, 1 young (1024K), 1 survivors (1024K)
 Metaspace       used 29900K, committed 30272K, reserved 1114112K
  class space    used 3111K, committed 3264K, reserved 1048576K
}
Event: 7.468 GC heap before
{Heap before GC invocations=8 (full 0):
 garbage-first heap   total 78848K, used 59096K [0x0000000080000000, 0x0000000100000000)
  region size 1024K, 33 young (33792K), 1 survivors (1024K)
 Metaspace       used 31120K, committed 31488K, reserved 1114112K
  class space    used 3264K, committed 3456K, reserved 1048576K
}
Event: 7.474 GC heap after
{Heap after GC invocations=9 (full 0):
 garbage-first heap   total 78848K, used 26645K [0x0000000080000000, 0x0000000100000000)
  region size 1024K, 1 young (1024K), 1 survivors (1024K)
 Metaspace       used 31120K, committed 31488K, reserved 1114112K
  class space    used 3264K, committed 3456K, reserved 1048576K
}
Event: 7.840 GC heap before
{Heap before GC invocations=9 (full 0):
 garbage-first heap   total 78848K, used 60437K [0x0000000080000000, 0x0000000100000000)
  region size 1024K, 34 young (34816K), 1 survivors (1024K)
 Metaspace       used 31876K, committed 32320K, reserved 1114112K
  class space    used 3332K, committed 3520K, reserved 1048576K
}
Event: 7.846 GC heap after
{Heap after GC invocations=10 (full 0):
 garbage-first heap   total 78848K, used 27684K [0x0000000080000000, 0x0000000100000000)
  region size 1024K, 2 young (2048K), 2 survivors (2048K)
 Metaspace       used 31876K, committed 32320K, reserved 1114112K
  class space    used 3332K, committed 3520K, reserved 1048576K
}
Event: 8.342 GC heap before
{Heap before GC invocations=10 (full 0):
 garbage-first heap   total 78848K, used 61476K [0x0000000080000000, 0x0000000100000000)
  region size 1024K, 35 young (35840K), 2 survivors (2048K)
 Metaspace       used 32472K, committed 32832K, reserved 1114112K
  class space    used 3391K, committed 3584K, reserved 1048576K
}
Event: 8.352 GC heap after
{Heap after GC invocations=11 (full 0):
 garbage-first heap   total 95232K, used 29063K [0x0000000080000000, 0x0000000100000000)
  region size 1024K, 4 young (4096K), 4 survivors (4096K)
 Metaspace       used 32472K, committed 32832K, reserved 1114112K
  class space    used 3391K, committed 3584K, reserved 1048576K
}
Event: 8.992 GC heap before
{Heap before GC invocations=11 (full 0):
 garbage-first heap   total 95232K, used 75143K [0x0000000080000000, 0x0000000100000000)
  region size 1024K, 49 young (50176K), 4 survivors (4096K)
 Metaspace       used 32634K, committed 33024K, reserved 1114112K
  class space    used 3398K, committed 3584K, reserved 1048576K
}
Event: 9.001 GC heap after
{Heap after GC invocations=12 (full 0):
 garbage-first heap   total 95232K, used 30319K [0x0000000080000000, 0x0000000100000000)
  region size 1024K, 5 young (5120K), 5 survivors (5120K)
 Metaspace       used 32634K, committed 33024K, reserved 1114112K
  class space    used 3398K, committed 3584K, reserved 1048576K
}
Event: 10.064 GC heap before
{Heap before GC invocations=12 (full 0):
 garbage-first heap   total 95232K, used 76399K [0x0000000080000000, 0x0000000100000000)
  region size 1024K, 50 young (51200K), 5 survivors (5120K)
 Metaspace       used 34396K, committed 34880K, reserved 1114112K
  class space    used 3622K, committed 3840K, reserved 1048576K
}
Event: 10.081 GC heap after
{Heap after GC invocations=13 (full 0):
 garbage-first heap   total 95232K, used 33141K [0x0000000080000000, 0x0000000100000000)
  region size 1024K, 7 young (7168K), 7 survivors (7168K)
 Metaspace       used 34396K, committed 34880K, reserved 1114112K
  class space    used 3622K, committed 3840K, reserved 1048576K
}
Event: 10.570 GC heap before
{Heap before GC invocations=13 (full 0):
 garbage-first heap   total 95232K, used 45429K [0x0000000080000000, 0x0000000100000000)
  region size 1024K, 20 young (20480K), 7 survivors (7168K)
 Metaspace       used 35470K, committed 35968K, reserved 1114112K
  class space    used 3788K, committed 4032K, reserved 1048576K
}
Event: 10.588 GC heap after
{Heap after GC invocations=14 (full 0):
 garbage-first heap   total 95232K, used 34453K [0x0000000080000000, 0x0000000100000000)
  region size 1024K, 5 young (5120K), 5 survivors (5120K)
 Metaspace       used 35470K, committed 35968K, reserved 1114112K
  class space    used 3788K, committed 4032K, reserved 1048576K
}

Dll operation events (6 events):
Event: 0.015 Loaded shared library C:\Users\Admin\.katalon\packages\KS-9.7.2\jre\bin\java.dll
Event: 0.446 Loaded shared library C:\Users\Admin\.katalon\packages\KS-9.7.2\jre\bin\net.dll
Event: 0.449 Loaded shared library C:\Users\Admin\.katalon\packages\KS-9.7.2\jre\bin\nio.dll
Event: 0.467 Loaded shared library C:\Users\Admin\.katalon\packages\KS-9.7.2\jre\bin\zip.dll
Event: 1.211 Loaded shared library C:\Users\Admin\.katalon\packages\KS-9.7.2\jre\bin\verify.dll
Event: 1.641 Loaded shared library C:\Users\Admin\.katalon\packages\KS-9.7.2\jre\bin\jimage.dll

Deoptimization events (20 events):
Event: 10.466 Thread 0x0000027159713e90 Uncommon trap: trap_request=0xffffffbe fr.pc=0x00000271649d9e5c relative=0x0000000000001f1c
Event: 10.466 Thread 0x0000027159713e90 Uncommon trap: reason=profile_predicate action=maybe_recompile pc=0x00000271649d9e5c method=jdk.internal.jimage.ImageStringsReader.stringFromByteBufferMatches(Ljava/nio/ByteBuffer;ILjava/lang/String;I)I @ 19 c2
Event: 10.466 Thread 0x0000027159713e90 DEOPT PACKING pc=0x00000271649d9e5c sp=0x00000084af8f8670
Event: 10.466 Thread 0x0000027159713e90 DEOPT UNPACKING pc=0x00000271643169a3 sp=0x00000084af8f83c8 mode 2
Event: 10.466 Thread 0x0000027159713e90 Uncommon trap: trap_request=0xffffffbe fr.pc=0x00000271649d9e5c relative=0x0000000000001f1c
Event: 10.466 Thread 0x0000027159713e90 Uncommon trap: reason=profile_predicate action=maybe_recompile pc=0x00000271649d9e5c method=jdk.internal.jimage.ImageStringsReader.stringFromByteBufferMatches(Ljava/nio/ByteBuffer;ILjava/lang/String;I)I @ 19 c2
Event: 10.466 Thread 0x0000027159713e90 DEOPT PACKING pc=0x00000271649d9e5c sp=0x00000084af8f8670
Event: 10.466 Thread 0x0000027159713e90 DEOPT UNPACKING pc=0x00000271643169a3 sp=0x00000084af8f83c8 mode 2
Event: 10.466 Thread 0x0000027159713e90 Uncommon trap: trap_request=0xffffffbe fr.pc=0x00000271649d9e5c relative=0x0000000000001f1c
Event: 10.466 Thread 0x0000027159713e90 Uncommon trap: reason=profile_predicate action=maybe_recompile pc=0x00000271649d9e5c method=jdk.internal.jimage.ImageStringsReader.stringFromByteBufferMatches(Ljava/nio/ByteBuffer;ILjava/lang/String;I)I @ 19 c2
Event: 10.466 Thread 0x0000027159713e90 DEOPT PACKING pc=0x00000271649d9e5c sp=0x00000084af8f8670
Event: 10.466 Thread 0x0000027159713e90 DEOPT UNPACKING pc=0x00000271643169a3 sp=0x00000084af8f83c8 mode 2
Event: 15.475 Thread 0x0000027159713e90 Uncommon trap: trap_request=0xffffff45 fr.pc=0x0000027164a2d110 relative=0x0000000000001f30
Event: 15.475 Thread 0x0000027159713e90 Uncommon trap: reason=unstable_if action=reinterpret pc=0x0000027164a2d110 method=java.net.URLStreamHandler.parseURL(Ljava/net/URL;Ljava/lang/String;II)V @ 155 c2
Event: 15.475 Thread 0x0000027159713e90 DEOPT PACKING pc=0x0000027164a2d110 sp=0x00000084af8faf00
Event: 15.475 Thread 0x0000027159713e90 DEOPT UNPACKING pc=0x00000271643169a3 sp=0x00000084af8faea0 mode 2
Event: 15.475 Thread 0x0000027159713e90 Uncommon trap: trap_request=0xffffff45 fr.pc=0x00000271648d908c relative=0x0000000000000a4c
Event: 15.475 Thread 0x0000027159713e90 Uncommon trap: reason=unstable_if action=reinterpret pc=0x00000271648d908c method=sun.net.util.IPAddressUtil.scan(Ljava/lang/String;JJ[C)I @ 14 c2
Event: 15.475 Thread 0x0000027159713e90 DEOPT PACKING pc=0x00000271648d908c sp=0x00000084af8fadf0
Event: 15.475 Thread 0x0000027159713e90 DEOPT UNPACKING pc=0x00000271643169a3 sp=0x00000084af8facb0 mode 2

Classes unloaded (0 events):
No events

Classes redefined (0 events):
No events

Internal exceptions (20 events):
Event: 16.865 Thread 0x0000027178f88040 Exception <a 'java/net/ConnectException'{0x0000000085b84cf8}: Connection refused: no further information> (0x0000000085b84cf8) 
thrown [s\src\hotspot\share\prims\jni.cpp, line 535]
Event: 16.865 Thread 0x0000027178f88040 Exception <a 'java/net/SocketException'{0x0000000085b85030}: Socket is not connected: shutdown> (0x0000000085b85030) 
thrown [s\src\hotspot\share\prims\jni.cpp, line 535]
Event: 17.187 Thread 0x0000027178f88040 Exception <a 'java/net/ConnectException'{0x0000000085b86130}: Connection refused: no further information> (0x0000000085b86130) 
thrown [s\src\hotspot\share\prims\jni.cpp, line 535]
Event: 17.187 Thread 0x0000027178f88040 Exception <a 'java/net/SocketException'{0x0000000085b86468}: Socket is not connected: shutdown> (0x0000000085b86468) 
thrown [s\src\hotspot\share\prims\jni.cpp, line 535]
Event: 17.514 Thread 0x0000027178f88040 Exception <a 'java/net/ConnectException'{0x0000000085b87568}: Connection refused: no further information> (0x0000000085b87568) 
thrown [s\src\hotspot\share\prims\jni.cpp, line 535]
Event: 17.514 Thread 0x0000027178f88040 Exception <a 'java/net/SocketException'{0x0000000085b878a0}: Socket is not connected: shutdown> (0x0000000085b878a0) 
thrown [s\src\hotspot\share\prims\jni.cpp, line 535]
Event: 17.840 Thread 0x0000027178f88040 Exception <a 'java/net/ConnectException'{0x0000000085b889a0}: Connection refused: no further information> (0x0000000085b889a0) 
thrown [s\src\hotspot\share\prims\jni.cpp, line 535]
Event: 17.840 Thread 0x0000027178f88040 Exception <a 'java/net/SocketException'{0x0000000085b88cd8}: Socket is not connected: shutdown> (0x0000000085b88cd8) 
thrown [s\src\hotspot\share\prims\jni.cpp, line 535]
Event: 18.162 Thread 0x0000027178f88040 Exception <a 'java/net/ConnectException'{0x0000000085b89dd8}: Connection refused: no further information> (0x0000000085b89dd8) 
thrown [s\src\hotspot\share\prims\jni.cpp, line 535]
Event: 18.162 Thread 0x0000027178f88040 Exception <a 'java/net/SocketException'{0x0000000085b8a110}: Socket is not connected: shutdown> (0x0000000085b8a110) 
thrown [s\src\hotspot\share\prims\jni.cpp, line 535]
Event: 18.485 Thread 0x0000027178f88040 Exception <a 'java/net/ConnectException'{0x0000000085b8b210}: Connection refused: no further information> (0x0000000085b8b210) 
thrown [s\src\hotspot\share\prims\jni.cpp, line 535]
Event: 18.485 Thread 0x0000027178f88040 Exception <a 'java/net/SocketException'{0x0000000085b8b548}: Socket is not connected: shutdown> (0x0000000085b8b548) 
thrown [s\src\hotspot\share\prims\jni.cpp, line 535]
Event: 18.807 Thread 0x0000027178f88040 Exception <a 'java/net/ConnectException'{0x0000000085b8c648}: Connection refused: no further information> (0x0000000085b8c648) 
thrown [s\src\hotspot\share\prims\jni.cpp, line 535]
Event: 18.807 Thread 0x0000027178f88040 Exception <a 'java/net/SocketException'{0x0000000085b8c980}: Socket is not connected: shutdown> (0x0000000085b8c980) 
thrown [s\src\hotspot\share\prims\jni.cpp, line 535]
Event: 19.129 Thread 0x0000027178f88040 Exception <a 'java/net/ConnectException'{0x0000000085b8da80}: Connection refused: no further information> (0x0000000085b8da80) 
thrown [s\src\hotspot\share\prims\jni.cpp, line 535]
Event: 19.129 Thread 0x0000027178f88040 Exception <a 'java/net/SocketException'{0x0000000085b8ddb8}: Socket is not connected: shutdown> (0x0000000085b8ddb8) 
thrown [s\src\hotspot\share\prims\jni.cpp, line 535]
Event: 19.451 Thread 0x0000027178f88040 Exception <a 'java/net/ConnectException'{0x0000000085b8eeb8}: Connection refused: no further information> (0x0000000085b8eeb8) 
thrown [s\src\hotspot\share\prims\jni.cpp, line 535]
Event: 19.452 Thread 0x0000027178f88040 Exception <a 'java/net/SocketException'{0x0000000085b8f1f0}: Socket is not connected: shutdown> (0x0000000085b8f1f0) 
thrown [s\src\hotspot\share\prims\jni.cpp, line 535]
Event: 19.774 Thread 0x0000027178f88040 Exception <a 'java/net/ConnectException'{0x0000000085b90728}: Connection refused: no further information> (0x0000000085b90728) 
thrown [s\src\hotspot\share\prims\jni.cpp, line 535]
Event: 19.774 Thread 0x0000027178f88040 Exception <a 'java/net/SocketException'{0x0000000085b90a60}: Socket is not connected: shutdown> (0x0000000085b90a60) 
thrown [s\src\hotspot\share\prims\jni.cpp, line 535]

VM Operations (20 events):
Event: 9.647 Executing VM operation: HandshakeAllThreads
Event: 9.648 Executing VM operation: HandshakeAllThreads done
Event: 9.706 Executing VM operation: HandshakeAllThreads
Event: 9.707 Executing VM operation: HandshakeAllThreads done
Event: 10.063 Executing VM operation: G1CollectForAllocation
Event: 10.081 Executing VM operation: G1CollectForAllocation done
Event: 10.516 Executing VM operation: HandshakeAllThreads
Event: 10.516 Executing VM operation: HandshakeAllThreads done
Event: 10.570 Executing VM operation: CollectForMetadataAllocation
Event: 10.588 Executing VM operation: CollectForMetadataAllocation done
Event: 10.658 Executing VM operation: G1Concurrent
Event: 10.664 Executing VM operation: G1Concurrent done
Event: 10.692 Executing VM operation: G1Concurrent
Event: 10.692 Executing VM operation: G1Concurrent done
Event: 11.693 Executing VM operation: Cleanup
Event: 11.693 Executing VM operation: Cleanup done
Event: 15.474 Executing VM operation: HandshakeAllThreads
Event: 15.475 Executing VM operation: HandshakeAllThreads done
Event: 16.475 Executing VM operation: Cleanup
Event: 16.475 Executing VM operation: Cleanup done

Events (20 events):
Event: 15.523 loading class sun/net/www/protocol/http/HttpURLConnection$7
Event: 15.523 loading class sun/net/www/protocol/http/HttpURLConnection$7 done
Event: 15.524 loading class sun/net/www/http/HttpClient
Event: 15.525 loading class sun/net/NetworkClient
Event: 15.525 loading class sun/net/NetworkClient done
Event: 15.525 loading class sun/net/www/http/HttpClient done
Event: 15.525 loading class sun/net/NetworkClient$1
Event: 15.525 loading class sun/net/NetworkClient$1 done
Event: 15.526 loading class sun/net/www/http/KeepAliveCache
Event: 15.526 loading class sun/net/www/http/KeepAliveCache done
Event: 15.526 loading class sun/net/www/http/KeepAliveKey
Event: 15.526 loading class sun/net/www/http/KeepAliveKey done
Event: 15.527 loading class sun/net/www/http/HttpCapture
Event: 15.527 loading class sun/net/www/http/HttpCapture done
Event: 15.527 loading class sun/net/www/http/HttpCapture$1
Event: 15.527 loading class sun/net/www/http/HttpCapture$1 done
Event: 15.528 loading class java/net/ConnectException
Event: 15.528 loading class java/net/ConnectException done
Event: 15.528 loading class sun/net/util/SocketExceptions
Event: 15.529 loading class sun/net/util/SocketExceptions done


Dynamic libraries:
0x00007ff6a5830000 - 0x00007ff6a583e000 	C:\Users\Admin\.katalon\packages\KS-9.7.2\jre\bin\javaw.exe
0x00007fffa0950000 - 0x00007fffa0b3e000 	C:\Windows\SYSTEM32\ntdll.dll
0x00007fff9db90000 - 0x00007fff9dc43000 	C:\Windows\System32\KERNEL32.DLL
0x00007fff9d820000 - 0x00007fff9dabd000 	C:\Windows\System32\KERNELBASE.dll
0x00007fff9ca50000 - 0x00007fff9cb4a000 	C:\Windows\System32\ucrtbase.dll
0x00007fff96180000 - 0x00007fff96197000 	C:\Users\Admin\.katalon\packages\KS-9.7.2\jre\bin\jli.dll
0x00007fff9e1f0000 - 0x00007fff9e387000 	C:\Windows\System32\USER32.dll
0x00007fff9c9b0000 - 0x00007fff9c9d0000 	C:\Windows\System32\win32u.dll
0x00007fff9ee90000 - 0x00007fff9eeb9000 	C:\Windows\System32\GDI32.dll
0x00007fff9cc50000 - 0x00007fff9cdf7000 	C:\Windows\System32\gdi32full.dll
0x00007fff9cbb0000 - 0x00007fff9cc50000 	C:\Windows\System32\msvcp_win.dll
0x00007fff93f80000 - 0x00007fff93f99000 	C:\Users\Admin\.katalon\packages\KS-9.7.2\jre\bin\VCRUNTIME140.dll
0x00007fff86380000 - 0x00007fff865f9000 	C:\Windows\WinSxS\amd64_microsoft.windows.common-controls_6595b64144ccf1df_6.0.17763.6532_none_de70be92534bb012\COMCTL32.dll
0x00007fff9edf0000 - 0x00007fff9ee8e000 	C:\Windows\System32\msvcrt.dll
0x00007fff9dc50000 - 0x00007fff9df7a000 	C:\Windows\System32\combase.dll
0x00007fff9ec40000 - 0x00007fff9ed58000 	C:\Windows\System32\RPCRT4.dll
0x00007fff9d040000 - 0x00007fff9d0c2000 	C:\Windows\System32\bcryptPrimitives.dll
0x00007fff9f1a0000 - 0x00007fff9f1ce000 	C:\Windows\System32\IMM32.DLL
0x00007fff988b0000 - 0x00007fff988bc000 	C:\Users\Admin\.katalon\packages\KS-9.7.2\jre\bin\vcruntime140_1.dll
0x00007fff8c200000 - 0x00007fff8c291000 	C:\Users\Admin\.katalon\packages\KS-9.7.2\jre\bin\msvcp140.dll
0x00007fff38260000 - 0x00007fff38ea8000 	C:\Users\Admin\.katalon\packages\KS-9.7.2\jre\bin\server\jvm.dll
0x00007fff9dfe0000 - 0x00007fff9e088000 	C:\Windows\System32\ADVAPI32.dll
0x00007fffa07f0000 - 0x00007fffa0892000 	C:\Windows\System32\sechost.dll
0x00007fff9c9d0000 - 0x00007fff9c9f6000 	C:\Windows\System32\bcrypt.dll
0x00007fff83d70000 - 0x00007fff83d79000 	C:\Windows\SYSTEM32\WSOCK32.dll
0x00007fffa0780000 - 0x00007fffa07ed000 	C:\Windows\System32\WS2_32.dll
0x00007fff98370000 - 0x00007fff98394000 	C:\Windows\SYSTEM32\WINMM.dll
0x00007fff961d0000 - 0x00007fff961da000 	C:\Windows\SYSTEM32\VERSION.dll
0x00007fff98340000 - 0x00007fff9836d000 	C:\Windows\SYSTEM32\WINMMBASE.dll
0x00007fff9ca00000 - 0x00007fff9ca4a000 	C:\Windows\System32\cfgmgr32.dll
0x00007fff9c900000 - 0x00007fff9c911000 	C:\Windows\System32\kernel.appcore.dll
0x00007fff96250000 - 0x00007fff9625a000 	C:\Users\Admin\.katalon\packages\KS-9.7.2\jre\bin\jimage.dll
0x00007fff9b190000 - 0x00007fff9b37d000 	C:\Windows\SYSTEM32\DBGHELP.DLL
0x00007fff82cd0000 - 0x00007fff82cfa000 	C:\Windows\SYSTEM32\dbgcore.DLL
0x00007fff960a0000 - 0x00007fff960c5000 	C:\Users\Admin\.katalon\packages\KS-9.7.2\jre\bin\java.dll
0x00007fff96230000 - 0x00007fff96248000 	C:\Users\Admin\.katalon\packages\KS-9.7.2\jre\bin\zip.dll
0x00007fff9f280000 - 0x00007fffa0778000 	C:\Windows\System32\SHELL32.dll
0x00007fff9e390000 - 0x00007fff9e437000 	C:\Windows\System32\shcore.dll
0x00007fff9d0d0000 - 0x00007fff9d818000 	C:\Windows\System32\windows.storage.dll
0x00007fff9c980000 - 0x00007fff9c9a3000 	C:\Windows\System32\profapi.dll
0x00007fff9c920000 - 0x00007fff9c97d000 	C:\Windows\System32\powrprof.dll
0x00007fff9df80000 - 0x00007fff9dfd2000 	C:\Windows\System32\shlwapi.dll
0x00007fff9d020000 - 0x00007fff9d03b000 	C:\Windows\System32\cryptsp.dll
0x00007fff96080000 - 0x00007fff96099000 	C:\Users\Admin\.katalon\packages\KS-9.7.2\jre\bin\net.dll
0x00007fff90240000 - 0x00007fff9033d000 	C:\Windows\SYSTEM32\WINHTTP.dll
0x00007fff9c0e0000 - 0x00007fff9c147000 	C:\Windows\system32\mswsock.dll
0x00007fff89a00000 - 0x00007fff89a15000 	C:\Users\Admin\.katalon\packages\KS-9.7.2\jre\bin\nio.dll
0x00007fff96070000 - 0x00007fff96080000 	C:\Users\Admin\.katalon\packages\KS-9.7.2\jre\bin\verify.dll

dbghelp: loaded successfully - version: 4.0.5 - missing functions: none
symbol engine: initialized successfully - sym options: 0x614 - pdb path: .;C:\Users\Admin\.katalon\packages\KS-9.7.2\jre\bin;C:\Windows\SYSTEM32;C:\Windows\WinSxS\amd64_microsoft.windows.common-controls_6595b64144ccf1df_6.0.17763.6532_none_de70be92534bb012;C:\Users\Admin\.katalon\packages\KS-9.7.2\jre\bin\server

VM Arguments:
jvm_args: -Dgroovy.home=C:\Users\Admin/.groovy -Djava.system.class.loader=groovy.lang.GroovyClassLoader -Xmx2048m -Dfile.encoding=UTF-8 -XX:+ShowCodeDetailsInExceptionMessages 
java_command: org.codehaus.groovy.tools.GroovyStarter --classpath C:\Users\Admin\Katalon Studio\FisrtProject\bin\keyword;C:\Users\Admin\Katalon Studio\FisrtProject\Keywords;C:\Users\Admin\Katalon Studio\FisrtProject\bin\listener;C:\Users\Admin\Katalon Studio\FisrtProject\Test Listeners;C:\Users\Admin\Katalon Studio\FisrtProject\bin\lib;C:\Users\Admin\Katalon Studio\FisrtProject\Libs;C:\Users\Admin\Katalon Studio\FisrtProject\bin\groovy;C:\Users\Admin\Katalon Studio\FisrtProject\Include\scripts\groovy;C:\Users\Admin\.katalon\packages\KS-9.7.2\plugins\com.kms.katalon.core_1.0.0.202409190502.jar;C:\Users\Admin\.katalon\packages\KS-9.7.2\configuration\resources\lib\aalto-xml-1.0.0.jar;C:\Users\Admin\.katalon\packages\KS-9.7.2\configuration\resources\lib\aspectjweaver-1.9.1.jar;C:\Users\Admin\.katalon\packages\KS-9.7.2\configuration\resources\lib\aws-2.20.3-fat.jar;C:\Users\Admin\.katalon\packages\KS-9.7.2\configuration\resources\lib\bcpkix-jdk15on-1.64.jar;C:\Users\Admin\.katalon\packages\KS-9.7.2\configuration\resources\lib\bcprov-jdk15on-1.64.jar;C:\Users\Admin\.katalon\packages\KS-9.7.2\configuration\resources\lib\browsermob-core-2.1.5.jar;C:\Users\Admin\.katalon\packages\KS-9.7.2\configuration\resources\lib\byte-buddy-1.14.3.jar;C:\Users\Admin\.katalon\packages\KS-9.7.2\configuration\resources\lib\byte-buddy-agent-1.14.3.jar;C:\Users\Admin\.katalon\packages\KS-9.7.2\configuration\resources\lib\cglib-3.2.10.jar;C:\Users\Admin\.katalon\packages\KS-9.7.2\configuration\resources\lib\commons-codec-1.10.jar;C:\Users\Admin\.katalon\packages\KS-9.7.2\configuration\resources\lib\commons-collections4-4.1.jar;C:\Users\Admin\.katalon\packages\KS-9.7.2\configuration\resources\lib\commons-validator-1.6.jar;C:\Users\Admin\.katalon\packages\KS-9.7.2\configuration\resources\lib\curvesapi-1.04.jar;C:\Users\Admin\.katalon\packages\KS-9.7.2\configuration\resources\lib\dnsjava-2.1.8.jar;C:\Users\Admin\.katalon\packages\KS-9.7.2\configuration\resources\lib\groovy-3.0.17-fat.jar;C:\User
java_class_path (initial): C:\Users\Admin\Katalon Studio\FisrtProject\bin\keyword;C:\Users\Admin\Katalon Studio\FisrtProject\bin\listener;C:\Users\Admin\Katalon Studio\FisrtProject\bin\lib;C:\Users\Admin\Katalon Studio\FisrtProject\bin\groovy;C:\Users\Admin\Katalon Studio\FisrtProject\bin;C:\Users\Admin\.katalon\packages\KS-9.7.2\plugins\com.kms.katalon.core_1.0.0.202409190502.jar;C:\Users\Admin\.katalon\packages\KS-9.7.2\configuration\resources\lib\aalto-xml-1.0.0.jar;C:\Users\Admin\.katalon\packages\KS-9.7.2\configuration\resources\lib\aspectjweaver-1.9.1.jar;C:\Users\Admin\.katalon\packages\KS-9.7.2\configuration\resources\lib\aws-2.20.3-fat.jar;C:\Users\Admin\.katalon\packages\KS-9.7.2\configuration\resources\lib\bcpkix-jdk15on-1.64.jar;C:\Users\Admin\.katalon\packages\KS-9.7.2\configuration\resources\lib\bcprov-jdk15on-1.64.jar;C:\Users\Admin\.katalon\packages\KS-9.7.2\configuration\resources\lib\browsermob-core-2.1.5.jar;C:\Users\Admin\.katalon\packages\KS-9.7.2\configuration\resources\lib\byte-buddy-1.14.3.jar;C:\Users\Admin\.katalon\packages\KS-9.7.2\configuration\resources\lib\byte-buddy-agent-1.14.3.jar;C:\Users\Admin\.katalon\packages\KS-9.7.2\configuration\resources\lib\cglib-3.2.10.jar;C:\Users\Admin\.katalon\packages\KS-9.7.2\configuration\resources\lib\commons-codec-1.10.jar;C:\Users\Admin\.katalon\packages\KS-9.7.2\configuration\resources\lib\commons-collections4-4.1.jar;C:\Users\Admin\.katalon\packages\KS-9.7.2\configuration\resources\lib\commons-validator-1.6.jar;C:\Users\Admin\.katalon\packages\KS-9.7.2\configuration\resources\lib\curvesapi-1.04.jar;C:\Users\Admin\.katalon\packages\KS-9.7.2\configuration\resources\lib\dnsjava-2.1.8.jar;C:\Users\Admin\.katalon\packages\KS-9.7.2\configuration\resources\lib\groovy-3.0.17-fat.jar;C:\Users\Admin\.katalon\packages\KS-9.7.2\configuration\resources\lib\jackson-coreutils-2.0.jar;C:\Users\Admin\.katalon\packages\KS-9.7.2\configuration\resources\lib\jackson-coreutils-equivalence-1.0.jar;C:\Users\Admin\.kat
Launcher Type: SUN_STANDARD

[Global flags]
     intx CICompilerCount                          = 3                                         {product} {ergonomic}
     uint ConcGCThreads                            = 1                                         {product} {ergonomic}
     uint G1ConcRefinementThreads                  = 4                                         {product} {ergonomic}
   size_t G1HeapRegionSize                         = 1048576                                   {product} {ergonomic}
    uintx GCDrainStackTargetSize                   = 64                                        {product} {ergonomic}
   size_t InitialHeapSize                          = 134217728                                 {product} {ergonomic}
   size_t MarkStackSize                            = 4194304                                   {product} {ergonomic}
   size_t MaxHeapSize                              = 2147483648                                {product} {command line}
   size_t MaxNewSize                               = 1287651328                                {product} {ergonomic}
   size_t MinHeapDeltaBytes                        = 1048576                                   {product} {ergonomic}
   size_t MinHeapSize                              = 8388608                                   {product} {ergonomic}
    uintx NonNMethodCodeHeapSize                   = 5832780                                {pd product} {ergonomic}
    uintx NonProfiledCodeHeapSize                  = 122912730                              {pd product} {ergonomic}
    uintx ProfiledCodeHeapSize                     = 122912730                              {pd product} {ergonomic}
    uintx ReservedCodeCacheSize                    = 251658240                              {pd product} {ergonomic}
     bool SegmentedCodeCache                       = true                                      {product} {ergonomic}
     bool ShowCodeDetailsInExceptionMessages       = true                                   {manageable} {command line}
   size_t SoftMaxHeapSize                          = 2147483648                             {manageable} {ergonomic}
     bool UseCompressedClassPointers               = true                           {product lp64_product} {ergonomic}
     bool UseCompressedOops                        = true                           {product lp64_product} {ergonomic}
     bool UseG1GC                                  = true                                      {product} {ergonomic}
     bool UseLargePagesIndividualAllocation        = false                                  {pd product} {ergonomic}

Logging:
Log output configuration:
 #0: stdout all=warning uptime,level,tags
 #1: stderr all=off uptime,level,tags

Environment Variables:
JAVA_HOME=C:\Users\Admin\.katalon\packages\KS-9.7.2\jre
PATH=C:/Users/Admin/.katalon/packages/KS-9.7.2/jre/bin/server;C:/Users/Admin/.katalon/packages/KS-9.7.2/jre/bin;C:\Program Files\Common Files\Oracle\Java\javapath;C:\Windows\system32;C:\Windows;C:\Windows\System32\Wbem;C:\Windows\System32\WindowsPowerShell\v1.0\;C:\Windows\System32\OpenSSH\;C:\Program Files\Microsoft SQL Server\Client SDK\ODBC\170\Tools\Binn\;C:\Program Files (x86)\Microsoft SQL Server\150\Tools\Binn\;C:\Program Files\Microsoft SQL Server\150\Tools\Binn\;C:\Program Files\Microsoft SQL Server\150\DTS\Binn\;C:\Program Files (x86)\STMicroelectronics\STM32 ST-LINK Utility\ST-LINK Utility;C:\Program Files\nodejs\;C:\Users\Admin\AppData\Local\Microsoft\WindowsApps;C:\Program Files\JetBrains\IntelliJ IDEA Community Edition 2024.1.4\bin;;C:\Users\Admin\AppData\Roaming\npm;C:\Users\Admin\.katalon\packages\KS-9.7.2;:C:\Users\Admin\.katalon\packages\KS-9.7.2\jre\bin
USERNAME=Admin
OS=Windows_NT
PROCESSOR_IDENTIFIER=Intel64 Family 6 Model 142 Stepping 9, GenuineIntel
TMP=C:\Users\Admin\AppData\Local\Temp
TEMP=C:\Users\Admin\AppData\Local\Temp



---------------  S Y S T E M  ---------------

OS:
 Windows 10 , 64 bit Build 17763 (10.0.17763.6292)
OS uptime: 0 days 9:02 hours
Hyper-V role detected

CPU: total 4 (initial active 4) (2 cores per cpu, 2 threads per core) family 6 model 142 stepping 9 microcode 0xea, cx8, cmov, fxsr, ht, mmx, 3dnowpref, sse, sse2, sse3, ssse3, sse4.1, sse4.2, popcnt, lzcnt, tsc, tscinvbit, avx, avx2, aes, erms, clmul, bmi1, bmi2, adx, fma, vzeroupper, clflush, clflushopt, hv

Memory: 4k page, system-wide physical 8090M (1137M free)
TotalPageFile size 13201M (AvailPageFile size 48M)
current process WorkingSet (physical memory assigned to process): 217M, peak: 231M
current process commit charge ("private bytes"): 248M, peak: 262M

vm_info: OpenJDK 64-Bit Server VM (17.0.7+7) for windows-amd64 JRE (17.0.7+7), built on Apr 18 2023 22:10:42 by "temurin" with MS VC++ 16.7 (VS2019)

END.
