#
# There is insufficient memory for the Java Runtime Environment to continue.
# Native memory allocation (malloc) failed to allocate 1545136 bytes for Chunk::new
# Possible reasons:
#   The system is out of physical RAM or swap space
#   The process is running with CompressedOops enabled, and the Java Heap may be blocking the growth of the native heap
# Possible solutions:
#   Reduce memory load on the system
#   Increase physical memory or swap space
#   Check if swap backing store is full
#   Decrease Java heap size (-Xmx/-Xms)
#   Decrease number of Java threads
#   Decrease Java thread stack sizes (-Xss)
#   Set larger code cache with -XX:ReservedCodeCacheSize=
#   JVM is running with Unscaled Compressed Oops mode in which the Java heap is
#     placed in the first 4GB address space. The Java Heap base address is the
#     maximum limit for the native heap growth. Please use -XX:HeapBaseMinAddress
#     to set the Java Heap base and to place the Java Heap above 4GB virtual address.
# This output file may be truncated or incomplete.
#
#  Out of Memory Error (arena.cpp:189), pid=15712, tid=6848
#
# JRE version: OpenJDK Runtime Environment Temurin-17.0.7+7 (17.0.7+7) (build 17.0.7+7)
# Java VM: OpenJDK 64-Bit Server VM Temurin-17.0.7+7 (17.0.7+7, mixed mode, tiered, compressed oops, compressed class ptrs, g1 gc, windows-amd64)
# No core dump will be written. Minidumps are not enabled by default on client versions of Windows
#

---------------  S U M M A R Y ------------

Command Line: -Dgroovy.home=C:\Users\Admin/.groovy -Djava.system.class.loader=groovy.lang.GroovyClassLoader -Xmx2048m -Dfile.encoding=UTF-8 -XX:+ShowCodeDetailsInExceptionMessages org.codehaus.groovy.tools.GroovyStarter --classpath C:\Users\Admin\Katalon Studio\FisrtProject\bin\keyword;C:\Users\Admin\Katalon Studio\FisrtProject\Keywords;C:\Users\Admin\Katalon Studio\FisrtProject\bin\listener;C:\Users\Admin\Katalon Studio\FisrtProject\Test Listeners;C:\Users\Admin\Katalon Studio\FisrtProject\bin\lib;C:\Users\Admin\Katalon Studio\FisrtProject\Libs;C:\Users\Admin\Katalon Studio\FisrtProject\bin\groovy;C:\Users\Admin\Katalon Studio\FisrtProject\Include\scripts\groovy;C:\Users\Admin\.katalon\packages\KS-9.7.2\plugins\com.kms.katalon.core_1.0.0.202409190502.jar;C:\Users\Admin\.katalon\packages\KS-9.7.2\configuration\resources\lib\aalto-xml-1.0.0.jar;C:\Users\Admin\.katalon\packages\KS-9.7.2\configuration\resources\lib\aspectjweaver-1.9.1.jar;C:\Users\Admin\.katalon\packages\KS-9.7.2\configuration\resources\lib\aws-2.20.3-fat.jar;C:\Users\Admin\.katalon\packages\KS-9.7.2\configuration\resources\lib\bcpkix-jdk15on-1.64.jar;C:\Users\Admin\.katalon\packages\KS-9.7.2\configuration\resources\lib\bcprov-jdk15on-1.64.jar;C:\Users\Admin\.katalon\packages\KS-9.7.2\configuration\resources\lib\browsermob-core-2.1.5.jar;C:\Users\Admin\.katalon\packages\KS-9.7.2\configuration\resources\lib\byte-buddy-1.14.3.jar;C:\Users\Admin\.katalon\packages\KS-9.7.2\configuration\resources\lib\byte-buddy-agent-1.14.3.jar;C:\Users\Admin\.katalon\packages\KS-9.7.2\configuration\resources\lib\cglib-3.2.10.jar;C:\Users\Admin\.katalon\packages\KS-9.7.2\configuration\resources\lib\commons-codec-1.10.jar;C:\Users\Admin\.katalon\packages\KS-9.7.2\configuration\resources\lib\commons-collections4-4.1.jar;C:\Users\Admin\.katalon\packages\KS-9.7.2\configuration\resources\lib\commons-validator-1.6.jar;C:\Users\Admin\.katalon\packages\KS-9.7.2\configuration\resources\lib\curvesapi-1.04.jar;C:\Users\Admin\.katalon\packages\KS-9.7.2\configuration\resources\lib\dnsjava-2.1.8.jar;C:\Users\Admin\.katalon\packages\KS-9.7.2\configuration\resources\lib\groovy-3.0.17-fat.jar;C:\Users\Admin\.katalon\packages\KS-9.7.2\configuration\resources\lib\jackson-coreutils-2.0.jar;C:\Users\Admin\.katalon\packages\KS-9.7.2\configuration\resources\lib\jackson-coreutils-equivalence-1.0.jar;C:\Users\Admin\.katalon\packages\KS-9.7.2\configuration\resources\lib\java-client-7.0.0.jar;C:\Users\Admin\.katalon\packages\KS-9.7.2\configuration\resources\lib\javax.servlet-api_3.1.0.jar;C:\Users\Admin\.katalon\packages\KS-9.7.2\configuration\resources\lib\jna-5.12.1.jar;C:\Users\Admin\.katalon\packages\KS-9.7.2\configuration\resources\lib\jna-platform-5.12.1.jar;C:\Users\Admin\.katalon\packages\KS-9.7.2\configuration\resources\lib\json-schema-core-1.2.14.jar;C:\Users\Admin\.katalon\packages\KS-9.7.2\configuration\resources\lib\json-schema-validator-2.2.14.jar;C:\Users\Admin\.katalon\packages\KS-9.7.2\configuration\resources\lib\jzlib-1.1.3.jar;C:\Users\Admin\.katalon\packages\KS-9.7.2\configuration\resources\lib\kat-server.jar;C:\Users\Admin\.katalon\packages\KS-9.7.2\configuration\resources\lib\littleproxy-1.1.0-beta-bmp-17.jar;C:\Users\Admin\.katalon\packages\KS-9.7.2\configuration\resources\lib\log4j-1.2-api-2.17.1.jar;C:\Users\Admin\.katalon\packages\KS-9.7.2\configuration\resources\lib\log4j-api-2.17.1.jar;C:\Users\Admin\.katalon\packages\KS-9.7.2\configuration\resources\lib\log4j-core-2.17.1.jar;C:\Users\Admin\.katalon\packages\KS-9.7.2\configuration\resources\lib\mitm-2.1.5.jar;C:\Users\Admin\.katalon\packages\KS-9.7.2\configuration\resources\lib\mockito-core-5.2.0.jar;C:\Users\Admin\.katalon\packages\KS-9.7.2\configuration\resources\lib\mockito-inline-5.2.0.jar;C:\Users\Admin\.katalon\packages\KS-9.7.2\configuration\resources\lib\netty-all-4.1.109.Final.jar;C:\Users\Admin\.katalon\packages\KS-9.7.2\configuration\resources\lib\objenesis-3.3.jar;C:\Users\Admin\.katalon\packages\KS-9.7.2\configuration\resources\lib\poi-3.17.jar;C:\Users\Admin\.katalon\packages\KS-9.7.2\configuration\resources\lib\poi-ooxml-3.17.jar;C:\Users\Admin\.katalon\packages\KS-9.7.2\configuration\resources\lib\poi-ooxml-schemas-3.17.jar;C:\Users\Admin\.katalon\packages\KS-9.7.2\configuration\resources\lib\proxy-vole-1.0.4-SNAPSHOT-jar-with-dependencies.jar;C:\Users\Admin\.katalon\packages\KS-9.7.2\configuration\resources\lib\repackaged-sikuli-api-1.0.2-standalone.jar;C:\Users\Admin\.katalon\packages\KS-9.7.2\configuration\resources\lib\selenium-leg-rc-3.141.59.jar;C:\Users\Admin\.katalon\packages\KS-9.7.2\configuration\resources\lib\selenium-server-standalone-3.141.59.jar;C:\Users\Admin\.katalon\packages\KS-9.7.2\configuration\resources\lib\selenium-shutterbug-1.1.jar;C:\Users\Admin\.katalon\packages\KS-9.7.2\configuration\resources\lib\slf4j-api-1.7.25.jar;C:\Users\Admin\.katalon\packages\KS-9.7.2\configuration\resources\lib\soap-builder-1.0.0.jar;C:\Users\Admin\.katalon\packages\KS-9.7.2\configuration\resources\lib\soap-common-1.0.0.jar;C:\Users\Admin\.katalon\packages\KS-9.7.2\configuration\resources\lib\soap-legacy-1.0.0.jar;C:\Users\Admin\.katalon\packages\KS-9.7.2\configuration\resources\lib\spring-context-5.3.19.jar;C:\Users\Admin\.katalon\packages\KS-9.7.2\configuration\resources\lib\stax2-api-4.0.0.jar;C:\Users\Admin\.katalon\packages\KS-9.7.2\configuration\resources\lib\su.jar;C:\Users\Admin\.katalon\packages\KS-9.7.2\configuration\resources\lib\swagger-parser-1.0.67-fat.jar;C:\Users\Admin\.katalon\packages\KS-9.7.2\configuration\resources\lib\testng-7.8.0.jar;C:\Users\Admin\.katalon\packages\KS-9.7.2\configuration\resources\lib\uri-template-0.1.jar;C:\Users\Admin\.katalon\packages\KS-9.7.2\configuration\resources\lib\wadl.jar;C:\Users\Admin\.katalon\packages\KS-9.7.2\configuration\resources\lib\xmlbeans-3.1.0.jar;C:\Users\Admin\.katalon\packages\KS-9.7.2\plugins\net.sf.supercsv.super-csv_2.1.0.jar;C:\Users\Admin\.katalon\packages\KS-9.7.2\plugins\org.apache.commons.io_2.4.0.jar;C:\Users\Admin\.katalon\packages\KS-9.7.2\plugins\org.apache.commons.lang_2.6.0.jar;C:\Users\Admin\.katalon\packages\KS-9.7.2\plugins\com.google.gson_2.10.1.v20230109-0753.jar;C:\Users\Admin\.katalon\packages\KS-9.7.2\plugins\org.jsoup_1.14.3.jar;C:\Users\Admin\.katalon\packages\KS-9.7.2\plugins\org.apache.commons.dbutils_1.6.0.jar;C:\Users\Admin\.katalon\packages\KS-9.7.2\plugins\com.oracle.jdbc.ojdbc7_12.1.0.2.jar;C:\Users\Admin\.katalon\packages\KS-9.7.2\plugins\org.postgresql.jdbc_42.7.3.jar;c:\Users\Admin\.katalon\packages\KS-9.7.2\plugins\org.eclipse.osgi_3.18.300.v20230220-1352.jar;C:\Users\Admin\.katalon\packages\KS-9.7.2\plugins\com.kms.katalon.constant_1.0.0.202409190502.jar;C:\Users\Admin\.katalon\packages\KS-9.7.2\plugins\org.eclipse.persistence.eclipselink_2.7.11.jar;C:\Users\Admin\.katalon\packages\KS-9.7.2\plugins\com.kms.katalon.selenium-standalone_1.0.0.202409190502.jar;C:\Users\Admin\.katalon\packages\KS-9.7.2\plugins\atu.testrecorder.screen-recorder_2.1.0.jar;C:\Users\Admin\.katalon\packages\KS-9.7.2\plugins\com.google.guava_32.0.0.jre.jar;C:\Users\Admin\.katalon\packages\KS-9.7.2\plugins\com.kms.katalon.util_1.0.0.202409190502.jar;C:\Users\Admin\.katalon\packages\KS-9.7.2\plugins\org.apache.httpcomponents.httpclient_4.5.14.v20221207-1049.jar;C:\Users\Admin\.katalon\packages\KS-9.7.2\plugins\org.apache.httpcomponents.httpcore_4.4.16.v20221207-1049.jar;C:\Users\Admin\.katalon\packages\KS-9.7.2\plugins\org.apache.httpcomponents.httpmime_4.5.13.jar;C:\Users\Admin\.katalon\packages\KS-9.7.2\plugins\org.apache.commons.lang3_3.14.0.jar;C:\Users\Admin\.katalon\packages\KS-9.7.2\plugins\org.greenrobot.eventbus_3.1.1.jar;C:\Users\Admin\.katalon\packages\KS-9.7.2\plugins\net.bytebuddy.byte-buddy_1.14.15.jar;C:\Users\Admin\.katalon\packages\KS-9.7.2\plugins\org.junit_4.13.2.v20211018-1956.jar;C:\Users\Admin\.katalon\packages\KS-9.7.2\plugins\com.fasterxml.jackson.core.jackson-databind_2.17.1.jar;C:\Users\Admin\.katalon\packages\KS-9.7.2\plugins\com.fasterxml.jackson.core.jackson-core_2.17.1.jar;C:\Users\Admin\.katalon\packages\KS-9.7.2\plugins\com.fasterxml.jackson.core.jackson-annotations_2.17.1.jar;C:\Users\Admin\.katalon\packages\KS-9.7.2\plugins\ch.qos.logback.classic_1.2.13.jar;C:\Users\Admin\.katalon\packages\KS-9.7.2\plugins\ch.qos.logback.core_1.2.13.jar;C:\Users\Admin\.katalon\packages\KS-9.7.2\plugins\slf4j.api_1.7.36.jar;C:\Users\Admin\.katalon\packages\KS-9.7.2\plugins\org.fusesource.jansi_1.17.1.jar;C:\Users\Admin\.katalon\packages\KS-9.7.2\plugins\com.kms.katalon.netlightbody_1.0.0.202409190502.jar;C:\Users\Admin\.katalon\packages\KS-9.7.2\plugins\com.kms.katalon.poi_1.0.0.202409190502.jar;C:\Users\Admin\.katalon\packages\KS-9.7.2\plugins\org.apache.commons.commons-text_1.10.0.jar;C:\Users\Admin\.katalon\packages\KS-9.7.2\plugins\com.kms.katalon.proxyvole_1.0.0.202409190502.jar;C:\Users\Admin\.katalon\packages\KS-9.7.2\plugins\com.microsoft.sqlserver.mssql-jdbc_6.2.2.jre8.jar;C:\Users\Admin\.katalon\packages\KS-9.7.2\plugins\com.github.kklisura.cdt.java-client_2.1.0.jar;C:\Users\Admin\.katalon\packages\KS-9.7.2\plugins\javax.websocket-api_1.1.0.jar;C:\Users\Admin\.katalon\packages\KS-9.7.2\plugins\org.glassfish.tyrus.container-grizzly-client_1.13.1.jar;C:\Users\Admin\.katalon\packages\KS-9.7.2\plugins\org.glassfish.grizzly.http-server_2.3.25.jar;C:\Users\Admin\.katalon\packages\KS-9.7.2\plugins\org.glassfish.grizzly.framework_2.3.25.jar;C:\Users\Admin\.katalon\packages\KS-9.7.2\plugins\org.glassfish.grizzly.http_2.3.25.jar;C:\Users\Admin\.katalon\packages\KS-9.7.2\plugins\org.glassfish.tyrus.client_1.13.1.jar;C:\Users\Admin\.katalon\packages\KS-9.7.2\plugins\org.glassfish.tyrus.core_1.13.1.jar;C:\Users\Admin\.katalon\packages\KS-9.7.2\plugins\org.glassfish.tyrus.spi_1.13.1.jar;C:\Users\Admin\.katalon\packages\KS-9.7.2\plugins\javassist_3.28.0.GA.jar;C:\Users\Admin\.katalon\packages\KS-9.7.2\plugins\graphql-java_17.5.0.jar;C:\Users\Admin\.katalon\packages\KS-9.7.2\plugins\org.glassfish.jaxb.runtime_2.3.6.jar;C:\Users\Admin\.katalon\packages\KS-9.7.2\plugins\org.glassfish.jaxb.txw2_2.3.6.jar;C:\Users\Admin\.katalon\packages\KS-9.7.2\plugins\org.dom4j_2.1.4.jar;C:\Users\Admin\.katalon\packages\KS-9.7.2\plugins\com.kms.katalon.groovy-extended_1.0.0.202409190502.jar;C:\Users\Admin\.katalon\packages\KS-9.7.2\plugins\com.sun.activation.javax.activation_1.2.0.jar;C:\Users\Admin\.katalon\packages\KS-9.7.2\plugins\jakarta.xml.bind-api_2.3.3.jar;C:\Users\Admin\.katalon\packages\KS-9.7.2\plugins\com.sun.xml.bind.jaxb-impl_2.3.6.jar;C:\Users\Admin\.katalon\packages\KS-9.7.2\plugins\org.eclipse.jface_3.29.0.v20230214-1401.jar;C:\Users\Admin\.katalon\packages\KS-9.7.2\plugins\com.kms.katalon.logging_1.0.0.202409190502.jar;C:\Users\Admin\.katalon\packages\KS-9.7.2\plugins\json_20240303.0.0.jar;C:\Users\Admin\.katalon\packages\KS-9.7.2\plugins\assertj-core_3.25.3.jar;C:\Users\Admin\.katalon\packages\KS-9.7.2\plugins\com.networknt.json-schema-validator_1.0.66.jar;C:\Users\Admin\.katalon\packages\KS-9.7.2\plugins\com.kms.katalon.network.apache_1.0.0.202409190502.jar;C:\Users\Admin\.katalon\packages\KS-9.7.2\plugins\org.apache.commons.logging_1.2.0.v20180409-1502.jar;C:\Users\Admin\.katalon\packages\KS-9.7.2\plugins\org.hamcrest.core_1.3.0.v20180420-1519.jar;C:\Users\Admin\.katalon\packages\KS-9.7.2\plugins\org.beanshell.bsh_2.0.0.0b4.jar;C:\Users\Admin\.katalon\packages\KS-9.7.2\plugins\org.apache.ant.launcher_1.9.6.jar;C:\Users\Admin\.katalon\packages\KS-9.7.2\plugins\com.kms.katalon.core.appium_1.0.0.202409190502.jar;C:\Users\Admin\.katalon\packages\KS-9.7.2\plugins\com.kms.katalon.api_1.0.0.202409190502.jar;C:\Users\Admin\.katalon\packages\KS-9.7.2\plugins\org.eclipse.equinox.common_3.17.100.v20230202-1341.jar;C:\Users\Admin\.katalon\packages\KS-9.7.2\plugins\com.kms.katalon.platform.core_1.0.0.202409190502.jar;C:\Users\Admin\.katalon\packages\KS-9.7.2\plugins\com.kms.katalon.common_1.0.0.202409190502.jar;C:\Users\Admin\.katalon\packages\KS-9.7.2\plugins\com.kms.katalon.session.core_1.0.0.202409190502.jar;C:\Users\Admin\.katalon\packages\KS-9.7.2\plugins\org.eclipse.e4.core.contexts_1.11.0.v20220716-0839.jar;C:\Users\Admin\.katalon\packages\KS-9.7.2\plugins\javax.inject_1.0.0.v20220405-0441.jar;C:\Users\Admin\.katalon\packages\KS-9.7.2\plugins\org.eclipse.e4.core.di_1.8.300.v20220817-1539.jar;C:\Users\Admin\.katalon\packages\KS-9.7.2\plugins\com.kms.katalon.network.core_1.0.0.202409190502.jar;C:\Users\Admin\.katalon\packages\KS-9.7.2\plugins\com.kms.katalon.execution.core_1.0.0.202409190502.jar;C:\Users\Admin\.katalon\packages\KS-9.7.2\plugins\org.eclipse.equinox.registry_3.11.200.v20220817-1601.jar;C:\Users\Admin\.katalon\packages\KS-9.7.2\plugins\dev.failsafe_3.3.2.jar;C:\Users\Admin\.katalon\packages\KS-9.7.2\plugins\com.fasterxml.jackson.datatype.jackson-datatype-jsr310_2.17.1.jar;C:\Users\Admin\.katalon\packages\KS-9.7.2\plugins\org.eclipse.e4.core.di.annotations_1.7.200.v20220613-1008.jar;C:\Users\Admin\.katalon\packages\KS-9.7.2\plugins\com.kms.katalon.core.webui_1.0.0.202409190502.jar;C:\Users\Admin\.katalon\packages\KS-9.7.2\plugins\org.eclipse.e4.core.services_2.3.400.v20220915-1347.jar;C:\Users\Admin\.katalon\packages\KS-9.7.2\plugins\com.kms.katalon.core.mobile_1.0.0.202409190502.jar;C:\Users\Admin\.katalon\packages\KS-9.7.2\plugins\org.apache.commons.commons-validator_1.7.0.jar;C:\Users\Admin\.katalon\packages\KS-9.7.2\plugins\com.kms.katalon.core.cucumber_1.0.0.202409190502.jar;C:\Users\Admin\.katalon\packages\KS-9.7.2\plugins\io.cucumber.core_3.0.3.jar;C:\Users\Admin\.katalon\packages\KS-9.7.2\plugins\io.cucumber.datatable_1.1.15.jar;C:\Users\Admin\.katalon\packages\KS-9.7.2\plugins\io.cucumber.datatable-dependencies_1.1.15.jar;C:\Users\Admin\.katalon\packages\KS-9.7.2\plugins\io.cucumber.expressions_5.0.19.jar;C:\Users\Admin\.katalon\packages\KS-9.7.2\plugins\io.cucumber.gherkin_5.0.0.jar;C:\Users\Admin\.katalon\packages\KS-9.7.2\plugins\io.cucumber.html_0.2.7.jar;C:\Users\Admin\.katalon\packages\KS-9.7.2\plugins\io.cucumber.java_3.0.3.jar;C:\Users\Admin\.katalon\packages\KS-9.7.2\plugins\io.cucumber.tag-expressions_1.1.1.jar;C:\Users\Admin\.katalon\packages\KS-9.7.2\plugins\io.cucumber.junit_3.0.3.jar;C:\Users\Admin\.katalon\packages\KS-9.7.2\plugins\com.kms.katalon.core.webservice_1.0.0.202409190502.jar;C:\Users\Admin\.katalon\packages\KS-9.7.2\plugins\wsdl4j_1.6.2.jar;C:\Users\Admin\.katalon\packages\KS-9.7.2\plugins\com.google.oauth-client.google-oauth-client_1.22.0.jar;C:\Users\Admin\.katalon\packages\KS-9.7.2\plugins\com.google.http-client.google-http-client_1.22.0.jar;C:\Users\Admin\.katalon\packages\KS-9.7.2\plugins\ca.juliusdavies.not-yet-commons-ssl_0.3.11.jar;C:\Users\Admin\.katalon\packages\KS-9.7.2\plugins\com.kms.katalon.preferences_1.0.0.202409190502.jar;C:\Users\Admin\.katalon\packages\KS-9.7.2\plugins\org.apache.xmlbeans_3.1.0.jar;C:\Users\Admin\.katalon\packages\KS-9.7.2\plugins\com.kms.katalon.entity_1.0.0.202409190502.jar;C:\Users\Admin\.katalon\packages\KS-9.7.2\plugins\org.antlr.antlr4-runtime_4.9.2.jar;C:\Users\Admin\.katalon\packages\KS-9.7.2\plugins\jakarta.xml.ws-api_2.3.3.jar;C:\Users\Admin\.katalon\packages\KS-9.7.2\plugins\javax.xml.soap-api_1.4.0.jar;C:\Users\Admin\.katalon\packages\KS-9.7.2\plugins\com.atlassian.oai.swagger-request-validator-core_2.38.0.jar;C:\Users\Admin\.katalon\packages\KS-9.7.2\plugins\io.swagger.compat-spec-parser_1.0.67.jar;C:\Users\Admin\.katalon\packages\KS-9.7.2\plugins\io.swagger.core.v3.swagger-annotations_2.2.14.jar;C:\Users\Admin\.katalon\packages\KS-9.7.2\plugins\io.swagger.core.v3.swagger-core_2.2.14.jar;C:\Users\Admin\.katalon\packages\KS-9.7.2\plugins\io.swagger.core.v3.swagger-models_2.2.14.jar;C:\Users\Admin\.katalon\packages\KS-9.7.2\plugins\io.swagger.parser.v3.swagger-parser-core_2.1.16.jar;C:\Users\Admin\.katalon\packages\KS-9.7.2\plugins\io.swagger.parser.v3.swagger-parser-v2-converter_2.1.16.jar;C:\Users\Admin\.katalon\packages\KS-9.7.2\plugins\com.github.java-json-tools.btf_1.3.0.jar;C:\Users\Admin\.katalon\packages\KS-9.7.2\plugins\com.fasterxml.jackson.dataformat.jackson-dataformat-yaml_2.17.1.jar;C:\Users\Admin\.katalon\packages\KS-9.7.2\plugins\org.yaml.snakeyaml_2.2.0.jar;C:\Users\Admin\.katalon\packages\KS-9.7.2\plugins\com.github.java-json-tools.msg-simple_1.2.0.jar;C:\Users\Admin\.katalon\packages\KS-9.7.2\plugins\jackson-core-asl_1.9.13.jar;C:\Users\Admin\.katalon\packages\KS-9.7.2\plugins\joda-time_2.10.5.jar;C:\Users\Admin\.katalon\packages\KS-9.7.2\plugins\javax.mail-api_1.6.2.jar;C:\Users\Admin\.katalon\packages\KS-9.7.2\plugins\com.googlecode.libphonenumber_8.11.1.jar;C:\Users\Admin\.katalon\packages\KS-9.7.2\plugins\com.google.guava.failureaccess_1.0.1.jar;C:\Users\Admin\.katalon\packages\KS-9.7.2\plugins\io.swagger.parser.v3.swagger-parser_2.1.16.jar;C:\Users\Admin\.katalon\packages\KS-9.7.2\plugins\io.swagger.parser.v3.swagger-parser-v3_2.1.16.jar;C:\Users\Admin\.katalon\packages\KS-9.7.2\plugins\io.swagger.parser_1.0.67.jar;C:\Users\Admin\.katalon\packages\KS-9.7.2\plugins\com.kms.katalon.core.windows_1.0.0.202409190502.jar;C:\Users\Admin\.katalon\packages\KS-9.7.2\plugins\com.kms.katalon.core.testng_1.0.0.202409190502.jar;C:\Users\Admin\.katalon\packages\KS-9.7.2\configuration\org.eclipse.osgi\33\0\.cp\resources\basic-report\katalon-studio-report-plugin.jar;C:\Users\Admin\.katalon\packages\KS-9.7.2\plugins\org.codehaus.groovy_3.0.17.v202303311542-e2303\lib\groovy-3.0.17-indy.jar;C:\Users\Admin\.katalon\packages\KS-9.7.2\plugins\org.codehaus.groovy_3.0.17.v202303311542-e2303\lib\ivy-2.5.1.jar --main groovy.ui.GroovyMain --encoding UTF-8 --indy C:\Users\Admin\Katalon Studio\FisrtProject\Libs\TempTestCase1734082962272.groovy

Host: Intel(R) Core(TM) i7-7500U CPU @ 2.70GHz, 4 cores, 7G,  Windows 10 , 64 bit Build 17763 (10.0.17763.6292)
Time: Fri Dec 13 16:43:18 2024 SE Asia Standard Time elapsed time: 35.022463 seconds (0d 0h 0m 35s)

---------------  T H R E A D  ---------------

Current thread (0x0000026fe6e60cf0):  JavaThread "C2 CompilerThread1" daemon [_thread_in_native, id=6848, stack(0x0000009058900000,0x0000009058a00000)]


Current CompileTask:
C2:  35022 5065       4       jdk.internal.org.objectweb.asm.Frame::execute (2305 bytes)

Stack: [0x0000009058900000,0x0000009058a00000]
Native frames: (J=compiled Java code, j=interpreted, Vv=VM code, C=native code)
V  [jvm.dll+0x67754a]
V  [jvm.dll+0x834304]
V  [jvm.dll+0x835aae]
V  [jvm.dll+0x836113]
V  [jvm.dll+0x24696f]
V  [jvm.dll+0xac0ac]
V  [jvm.dll+0xac67c]
V  [jvm.dll+0x2adbef]
V  [jvm.dll+0x580067]
V  [jvm.dll+0x221e72]
V  [jvm.dll+0x22224f]
V  [jvm.dll+0x21b4a5]
V  [jvm.dll+0x21895b]
V  [jvm.dll+0x1a4d8d]
V  [jvm.dll+0x2284da]
V  [jvm.dll+0x226615]
V  [jvm.dll+0x7ea90b]
V  [jvm.dll+0x7e4e7a]
V  [jvm.dll+0x676395]
C  [ucrtbase.dll+0x2268a]
C  [KERNEL32.DLL+0x17ac4]
C  [ntdll.dll+0x5a8c1]


---------------  P R O C E S S  ---------------

Threads class SMR info:
_java_thread_list=0x0000026fe5108340, length=20, elements={
0x0000026fc6e42e40, 0x0000026fe0623620, 0x0000026fe0624620, 0x0000026fe05e5fa0,
0x0000026fe0643010, 0x0000026fe0646cf0, 0x0000026fe06475b0, 0x0000026fe0647e70,
0x0000026fe06ada60, 0x0000026fe06b2b50, 0x0000026fe08f8010, 0x0000026fe5a52230,
0x0000026fe50837c0, 0x0000026fe71f36b0, 0x0000026fe83ddaa0, 0x0000026fe7809f60,
0x0000026fe69af980, 0x0000026fe082b720, 0x0000026fe082d400, 0x0000026fe6e60cf0
}

Java Threads: ( => current thread )
  0x0000026fc6e42e40 JavaThread "main" [_thread_in_native, id=1460, stack(0x0000009057000000,0x0000009057100000)]
  0x0000026fe0623620 JavaThread "Reference Handler" daemon [_thread_blocked, id=10576, stack(0x0000009057700000,0x0000009057800000)]
  0x0000026fe0624620 JavaThread "Finalizer" daemon [_thread_blocked, id=14844, stack(0x0000009057800000,0x0000009057900000)]
  0x0000026fe05e5fa0 JavaThread "Signal Dispatcher" daemon [_thread_blocked, id=11888, stack(0x0000009057900000,0x0000009057a00000)]
  0x0000026fe0643010 JavaThread "Attach Listener" daemon [_thread_blocked, id=15868, stack(0x0000009057a00000,0x0000009057b00000)]
  0x0000026fe0646cf0 JavaThread "Service Thread" daemon [_thread_blocked, id=4644, stack(0x0000009057b00000,0x0000009057c00000)]
  0x0000026fe06475b0 JavaThread "Monitor Deflation Thread" daemon [_thread_blocked, id=8308, stack(0x0000009057c00000,0x0000009057d00000)]
  0x0000026fe0647e70 JavaThread "C2 CompilerThread0" daemon [_thread_in_native, id=13512, stack(0x0000009057d00000,0x0000009057e00000)]
  0x0000026fe06ada60 JavaThread "C1 CompilerThread0" daemon [_thread_blocked, id=10988, stack(0x0000009057e00000,0x0000009057f00000)]
  0x0000026fe06b2b50 JavaThread "Sweeper thread" daemon [_thread_blocked, id=15828, stack(0x0000009057f00000,0x0000009058000000)]
  0x0000026fe08f8010 JavaThread "Common-Cleaner" daemon [_thread_blocked, id=15796, stack(0x0000009058000000,0x0000009058100000)]
  0x0000026fe5a52230 JavaThread "Notification Thread" daemon [_thread_blocked, id=17388, stack(0x0000009058400000,0x0000009058500000)]
  0x0000026fe50837c0 JavaThread "Thread-0" [_thread_blocked, id=10888, stack(0x0000009058100000,0x0000009058200000)]
  0x0000026fe71f36b0 JavaThread "UrlChecker-2" daemon [_thread_blocked, id=18024, stack(0x0000009058700000,0x0000009058800000)]
  0x0000026fe83ddaa0 JavaThread "ForkJoinPool.commonPool-worker-1" daemon [_thread_blocked, id=824, stack(0x0000009058b00000,0x0000009058c00000)]
  0x0000026fe7809f60 JavaThread "ForkJoinPool.commonPool-worker-2" daemon [_thread_blocked, id=10884, stack(0x0000009058c00000,0x0000009058d00000)]
  0x0000026fe69af980 JavaThread "ForkJoinPool.commonPool-worker-3" daemon [_thread_blocked, id=9120, stack(0x0000009058d00000,0x0000009058e00000)]
  0x0000026fe082b720 JavaThread "OkHttp ConnectionPool" daemon [_thread_blocked, id=16500, stack(0x0000009058e00000,0x0000009058f00000)]
  0x0000026fe082d400 JavaThread "Okio Watchdog" daemon [_thread_blocked, id=6964, stack(0x0000009058f00000,0x0000009059000000)]
=>0x0000026fe6e60cf0 JavaThread "C2 CompilerThread1" daemon [_thread_in_native, id=6848, stack(0x0000009058900000,0x0000009058a00000)]

Other Threads:
  0x0000026fe0596e10 VMThread "VM Thread" [stack: 0x0000009057600000,0x0000009057700000] [id=9236]
  0x0000026fc6e43aa0 WatcherThread [stack: 0x0000009058500000,0x0000009058600000] [id=18304]
  0x0000026fc6e9daf0 GCTaskThread "GC Thread#0" [stack: 0x0000009057100000,0x0000009057200000] [id=11036]
  0x0000026fe50833b0 GCTaskThread "GC Thread#1" [stack: 0x0000009058200000,0x0000009058300000] [id=8064]
  0x0000026fe0904b60 GCTaskThread "GC Thread#2" [stack: 0x0000009058300000,0x0000009058400000] [id=17860]
  0x0000026fe6738240 GCTaskThread "GC Thread#3" [stack: 0x0000009058600000,0x0000009058700000] [id=12836]
  0x0000026fc6eb0510 ConcurrentGCThread "G1 Main Marker" [stack: 0x0000009057200000,0x0000009057300000] [id=10624]
  0x0000026fc6eb0e30 ConcurrentGCThread "G1 Conc#0" [stack: 0x0000009057300000,0x0000009057400000] [id=9400]
  0x0000026fe0448960 ConcurrentGCThread "G1 Refine#0" [stack: 0x0000009057400000,0x0000009057500000] [id=15236]
  0x0000026fe0449190 ConcurrentGCThread "G1 Service" [stack: 0x0000009057500000,0x0000009057600000] [id=7504]

Threads with active compile tasks:
C2 CompilerThread0    35064 5137   !   4       java.util.jar.Attributes::read (494 bytes)
C2 CompilerThread1    35064 5065       4       jdk.internal.org.objectweb.asm.Frame::execute (2305 bytes)

VM state: not at safepoint (normal execution)

VM Mutex/Monitor currently owned by a thread: None

Heap address: 0x0000000080000000, size: 2048 MB, Compressed Oops mode: 32-bit

CDS archive(s) not mapped
Compressed class space mapped at: 0x0000000100000000-0x0000000140000000, reserved size: 1073741824
Narrow klass base: 0x0000000000000000, Narrow klass shift: 3, Narrow klass range: 0x140000000

GC Precious Log:
 CPUs: 4 total, 4 available
 Memory: 8090M
 Large Page Support: Disabled
 NUMA Support: Disabled
 Compressed Oops: Enabled (32-bit)
 Heap Region Size: 1M
 Heap Min Capacity: 8M
 Heap Initial Capacity: 128M
 Heap Max Capacity: 2G
 Pre-touch: Disabled
 Parallel Workers: 4
 Concurrent Workers: 1
 Concurrent Refinement Workers: 4
 Periodic GC: Disabled

Heap:
 garbage-first heap   total 99328K, used 71061K [0x0000000080000000, 0x0000000100000000)
  region size 1024K, 43 young (44032K), 5 survivors (5120K)
 Metaspace       used 41889K, committed 42368K, reserved 1114112K
  class space    used 4641K, committed 4864K, reserved 1048576K

Heap Regions: E=young(eden), S=young(survivor), O=old, HS=humongous(starts), HC=humongous(continues), CS=collection set, F=free, OA=open archive, CA=closed archive, TAMS=top-at-mark-start (previous, next)
|   0|0x0000000080000000, 0x0000000080100000, 0x0000000080100000|100%|HS|  |TAMS 0x0000000080100000, 0x0000000080000000| Complete 
|   1|0x0000000080100000, 0x0000000080200000, 0x0000000080200000|100%|HS|  |TAMS 0x0000000080200000, 0x0000000080100000| Complete 
|   2|0x0000000080200000, 0x0000000080300000, 0x0000000080300000|100%| O|  |TAMS 0x0000000080300000, 0x0000000080200000| Untracked 
|   3|0x0000000080300000, 0x0000000080400000, 0x0000000080400000|100%| O|  |TAMS 0x0000000080400000, 0x0000000080300000| Untracked 
|   4|0x0000000080400000, 0x0000000080500000, 0x0000000080500000|100%| O|  |TAMS 0x0000000080500000, 0x0000000080400000| Untracked 
|   5|0x0000000080500000, 0x0000000080600000, 0x0000000080600000|100%| O|  |TAMS 0x0000000080600000, 0x0000000080500000| Untracked 
|   6|0x0000000080600000, 0x0000000080700000, 0x0000000080700000|100%| O|  |TAMS 0x0000000080700000, 0x0000000080600000| Untracked 
|   7|0x0000000080700000, 0x0000000080800000, 0x0000000080800000|100%| O|  |TAMS 0x0000000080800000, 0x0000000080700000| Untracked 
|   8|0x0000000080800000, 0x0000000080900000, 0x0000000080900000|100%| O|  |TAMS 0x0000000080900000, 0x0000000080800000| Untracked 
|   9|0x0000000080900000, 0x0000000080a00000, 0x0000000080a00000|100%|HS|  |TAMS 0x0000000080a00000, 0x0000000080900000| Complete 
|  10|0x0000000080a00000, 0x0000000080b00000, 0x0000000080b00000|100%| O|  |TAMS 0x0000000080b00000, 0x0000000080a00000| Untracked 
|  11|0x0000000080b00000, 0x0000000080c00000, 0x0000000080c00000|100%| O|  |TAMS 0x0000000080c00000, 0x0000000080b00000| Untracked 
|  12|0x0000000080c00000, 0x0000000080d00000, 0x0000000080d00000|100%| O|  |TAMS 0x0000000080d00000, 0x0000000080c00000| Untracked 
|  13|0x0000000080d00000, 0x0000000080e00000, 0x0000000080e00000|100%| O|  |TAMS 0x0000000080e00000, 0x0000000080d00000| Untracked 
|  14|0x0000000080e00000, 0x0000000080f00000, 0x0000000080f00000|100%| O|  |TAMS 0x0000000080f00000, 0x0000000080e00000| Untracked 
|  15|0x0000000080f00000, 0x0000000081000000, 0x0000000081000000|100%| O|  |TAMS 0x0000000081000000, 0x0000000080f00000| Untracked 
|  16|0x0000000081000000, 0x0000000081100000, 0x0000000081100000|100%| O|  |TAMS 0x0000000081100000, 0x0000000081000000| Untracked 
|  17|0x0000000081100000, 0x0000000081200000, 0x0000000081200000|100%| O|  |TAMS 0x0000000081200000, 0x0000000081100000| Untracked 
|  18|0x0000000081200000, 0x0000000081300000, 0x0000000081300000|100%| O|  |TAMS 0x0000000081300000, 0x0000000081200000| Untracked 
|  19|0x0000000081300000, 0x0000000081400000, 0x0000000081400000|100%| O|  |TAMS 0x0000000081400000, 0x0000000081300000| Untracked 
|  20|0x0000000081400000, 0x00000000814a5400, 0x0000000081500000| 64%| O|  |TAMS 0x00000000814a5400, 0x0000000081400000| Untracked 
|  21|0x0000000081500000, 0x0000000081600000, 0x0000000081600000|100%| O|  |TAMS 0x0000000081600000, 0x0000000081500000| Untracked 
|  22|0x0000000081600000, 0x0000000081700000, 0x0000000081700000|100%| O|  |TAMS 0x0000000081700000, 0x0000000081600000| Untracked 
|  23|0x0000000081700000, 0x000000008176ae00, 0x0000000081800000| 41%| O|  |TAMS 0x000000008176ae00, 0x0000000081700000| Untracked 
|  24|0x0000000081800000, 0x0000000081900000, 0x0000000081900000|100%| O|  |TAMS 0x0000000081900000, 0x0000000081800000| Untracked 
|  25|0x0000000081900000, 0x0000000081a00000, 0x0000000081a00000|100%| O|  |TAMS 0x0000000081a00000, 0x0000000081900000| Untracked 
|  26|0x0000000081a00000, 0x0000000081a00000, 0x0000000081b00000|  0%| F|  |TAMS 0x0000000081a00000, 0x0000000081a00000| Untracked 
|  27|0x0000000081b00000, 0x0000000081b00000, 0x0000000081c00000|  0%| F|  |TAMS 0x0000000081b00000, 0x0000000081b00000| Untracked 
|  28|0x0000000081c00000, 0x0000000081c00000, 0x0000000081d00000|  0%| F|  |TAMS 0x0000000081c00000, 0x0000000081c00000| Untracked 
|  29|0x0000000081d00000, 0x0000000081d00000, 0x0000000081e00000|  0%| F|  |TAMS 0x0000000081d00000, 0x0000000081d00000| Untracked 
|  30|0x0000000081e00000, 0x0000000081e00000, 0x0000000081f00000|  0%| F|  |TAMS 0x0000000081e00000, 0x0000000081e00000| Untracked 
|  31|0x0000000081f00000, 0x0000000082000000, 0x0000000082000000|100%| O|  |TAMS 0x0000000082000000, 0x0000000081f00000| Untracked 
|  32|0x0000000082000000, 0x0000000082100000, 0x0000000082100000|100%| O|  |TAMS 0x0000000082100000, 0x0000000082000000| Untracked 
|  33|0x0000000082100000, 0x0000000082200000, 0x0000000082200000|100%| O|  |TAMS 0x0000000082200000, 0x0000000082100000| Untracked 
|  34|0x0000000082200000, 0x0000000082200000, 0x0000000082300000|  0%| F|  |TAMS 0x0000000082200000, 0x0000000082200000| Untracked 
|  35|0x0000000082300000, 0x0000000082300000, 0x0000000082400000|  0%| F|  |TAMS 0x0000000082300000, 0x0000000082300000| Untracked 
|  36|0x0000000082400000, 0x0000000082400000, 0x0000000082500000|  0%| F|  |TAMS 0x0000000082400000, 0x0000000082400000| Untracked 
|  37|0x0000000082500000, 0x0000000082500000, 0x0000000082600000|  0%| F|  |TAMS 0x0000000082500000, 0x0000000082500000| Untracked 
|  38|0x0000000082600000, 0x0000000082600000, 0x0000000082700000|  0%| F|  |TAMS 0x0000000082600000, 0x0000000082600000| Untracked 
|  39|0x0000000082700000, 0x0000000082700000, 0x0000000082800000|  0%| F|  |TAMS 0x0000000082700000, 0x0000000082700000| Untracked 
|  40|0x0000000082800000, 0x0000000082800000, 0x0000000082900000|  0%| F|  |TAMS 0x0000000082800000, 0x0000000082800000| Untracked 
|  41|0x0000000082900000, 0x0000000082900000, 0x0000000082a00000|  0%| F|  |TAMS 0x0000000082900000, 0x0000000082900000| Untracked 
|  42|0x0000000082a00000, 0x0000000082a00000, 0x0000000082b00000|  0%| F|  |TAMS 0x0000000082a00000, 0x0000000082a00000| Untracked 
|  43|0x0000000082b00000, 0x0000000082b00000, 0x0000000082c00000|  0%| F|  |TAMS 0x0000000082b00000, 0x0000000082b00000| Untracked 
|  44|0x0000000082c00000, 0x0000000082c00000, 0x0000000082d00000|  0%| F|  |TAMS 0x0000000082c00000, 0x0000000082c00000| Untracked 
|  45|0x0000000082d00000, 0x0000000082d00000, 0x0000000082e00000|  0%| F|  |TAMS 0x0000000082d00000, 0x0000000082d00000| Untracked 
|  46|0x0000000082e00000, 0x0000000082e00000, 0x0000000082f00000|  0%| F|  |TAMS 0x0000000082e00000, 0x0000000082e00000| Untracked 
|  47|0x0000000082f00000, 0x0000000082f00000, 0x0000000083000000|  0%| F|  |TAMS 0x0000000082f00000, 0x0000000082f00000| Untracked 
|  48|0x0000000083000000, 0x0000000083000000, 0x0000000083100000|  0%| F|  |TAMS 0x0000000083000000, 0x0000000083000000| Untracked 
|  49|0x0000000083100000, 0x0000000083100000, 0x0000000083200000|  0%| F|  |TAMS 0x0000000083100000, 0x0000000083100000| Untracked 
|  50|0x0000000083200000, 0x0000000083200000, 0x0000000083300000|  0%| F|  |TAMS 0x0000000083200000, 0x0000000083200000| Untracked 
|  51|0x0000000083300000, 0x0000000083300000, 0x0000000083400000|  0%| F|  |TAMS 0x0000000083300000, 0x0000000083300000| Untracked 
|  52|0x0000000083400000, 0x0000000083400000, 0x0000000083500000|  0%| F|  |TAMS 0x0000000083400000, 0x0000000083400000| Untracked 
|  53|0x0000000083500000, 0x0000000083500000, 0x0000000083600000|  0%| F|  |TAMS 0x0000000083500000, 0x0000000083500000| Untracked 
|  54|0x0000000083600000, 0x0000000083680800, 0x0000000083700000| 50%| E|  |TAMS 0x0000000083600000, 0x0000000083600000| Complete 
|  55|0x0000000083700000, 0x0000000083800000, 0x0000000083800000|100%| E|CS|TAMS 0x0000000083700000, 0x0000000083700000| Complete 
|  56|0x0000000083800000, 0x0000000083900000, 0x0000000083900000|100%| E|CS|TAMS 0x0000000083800000, 0x0000000083800000| Complete 
|  57|0x0000000083900000, 0x0000000083a00000, 0x0000000083a00000|100%| E|CS|TAMS 0x0000000083900000, 0x0000000083900000| Complete 
|  58|0x0000000083a00000, 0x0000000083b00000, 0x0000000083b00000|100%| E|CS|TAMS 0x0000000083a00000, 0x0000000083a00000| Complete 
|  59|0x0000000083b00000, 0x0000000083c00000, 0x0000000083c00000|100%| E|CS|TAMS 0x0000000083b00000, 0x0000000083b00000| Complete 
|  60|0x0000000083c00000, 0x0000000083d00000, 0x0000000083d00000|100%| E|CS|TAMS 0x0000000083c00000, 0x0000000083c00000| Complete 
|  61|0x0000000083d00000, 0x0000000083e00000, 0x0000000083e00000|100%| E|CS|TAMS 0x0000000083d00000, 0x0000000083d00000| Complete 
|  62|0x0000000083e00000, 0x0000000083f00000, 0x0000000083f00000|100%| E|CS|TAMS 0x0000000083e00000, 0x0000000083e00000| Complete 
|  63|0x0000000083f00000, 0x0000000084000000, 0x0000000084000000|100%| E|CS|TAMS 0x0000000083f00000, 0x0000000083f00000| Complete 
|  64|0x0000000084000000, 0x0000000084100000, 0x0000000084100000|100%| E|CS|TAMS 0x0000000084000000, 0x0000000084000000| Complete 
|  65|0x0000000084100000, 0x0000000084200000, 0x0000000084200000|100%| E|CS|TAMS 0x0000000084100000, 0x0000000084100000| Complete 
|  66|0x0000000084200000, 0x0000000084300000, 0x0000000084300000|100%| E|CS|TAMS 0x0000000084200000, 0x0000000084200000| Complete 
|  67|0x0000000084300000, 0x0000000084400000, 0x0000000084400000|100%| E|CS|TAMS 0x0000000084300000, 0x0000000084300000| Complete 
|  68|0x0000000084400000, 0x0000000084500000, 0x0000000084500000|100%| E|CS|TAMS 0x0000000084400000, 0x0000000084400000| Complete 
|  69|0x0000000084500000, 0x0000000084600000, 0x0000000084600000|100%| E|CS|TAMS 0x0000000084500000, 0x0000000084500000| Complete 
|  70|0x0000000084600000, 0x0000000084700000, 0x0000000084700000|100%| E|CS|TAMS 0x0000000084600000, 0x0000000084600000| Complete 
|  71|0x0000000084700000, 0x0000000084800000, 0x0000000084800000|100%| E|CS|TAMS 0x0000000084700000, 0x0000000084700000| Complete 
|  72|0x0000000084800000, 0x0000000084900000, 0x0000000084900000|100%| E|CS|TAMS 0x0000000084800000, 0x0000000084800000| Complete 
|  73|0x0000000084900000, 0x0000000084a00000, 0x0000000084a00000|100%| E|CS|TAMS 0x0000000084900000, 0x0000000084900000| Complete 
|  74|0x0000000084a00000, 0x0000000084b00000, 0x0000000084b00000|100%| E|CS|TAMS 0x0000000084a00000, 0x0000000084a00000| Complete 
|  75|0x0000000084b00000, 0x0000000084c00000, 0x0000000084c00000|100%| E|CS|TAMS 0x0000000084b00000, 0x0000000084b00000| Complete 
|  76|0x0000000084c00000, 0x0000000084d00000, 0x0000000084d00000|100%| E|CS|TAMS 0x0000000084c00000, 0x0000000084c00000| Complete 
|  77|0x0000000084d00000, 0x0000000084e00000, 0x0000000084e00000|100%| E|CS|TAMS 0x0000000084d00000, 0x0000000084d00000| Complete 
|  78|0x0000000084e00000, 0x0000000084f00000, 0x0000000084f00000|100%| E|CS|TAMS 0x0000000084e00000, 0x0000000084e00000| Complete 
|  79|0x0000000084f00000, 0x0000000085000000, 0x0000000085000000|100%| E|CS|TAMS 0x0000000084f00000, 0x0000000084f00000| Complete 
|  80|0x0000000085000000, 0x0000000085100000, 0x0000000085100000|100%| E|CS|TAMS 0x0000000085000000, 0x0000000085000000| Complete 
|  81|0x0000000085100000, 0x0000000085155318, 0x0000000085200000| 33%| S|CS|TAMS 0x0000000085100000, 0x0000000085100000| Complete 
|  82|0x0000000085200000, 0x0000000085300000, 0x0000000085300000|100%| S|CS|TAMS 0x0000000085200000, 0x0000000085200000| Complete 
|  83|0x0000000085300000, 0x0000000085400000, 0x0000000085400000|100%| S|CS|TAMS 0x0000000085300000, 0x0000000085300000| Complete 
|  84|0x0000000085400000, 0x0000000085500000, 0x0000000085500000|100%| S|CS|TAMS 0x0000000085400000, 0x0000000085400000| Complete 
|  85|0x0000000085500000, 0x0000000085600000, 0x0000000085600000|100%| S|CS|TAMS 0x0000000085500000, 0x0000000085500000| Complete 
|  86|0x0000000085600000, 0x0000000085700000, 0x0000000085700000|100%| E|CS|TAMS 0x0000000085600000, 0x0000000085600000| Complete 
|  87|0x0000000085700000, 0x0000000085800000, 0x0000000085800000|100%| E|CS|TAMS 0x0000000085700000, 0x0000000085700000| Complete 
|  88|0x0000000085800000, 0x0000000085900000, 0x0000000085900000|100%| E|CS|TAMS 0x0000000085800000, 0x0000000085800000| Complete 
|  89|0x0000000085900000, 0x0000000085a00000, 0x0000000085a00000|100%| E|CS|TAMS 0x0000000085900000, 0x0000000085900000| Complete 
|  90|0x0000000085a00000, 0x0000000085b00000, 0x0000000085b00000|100%| E|CS|TAMS 0x0000000085a00000, 0x0000000085a00000| Complete 
|  91|0x0000000085b00000, 0x0000000085c00000, 0x0000000085c00000|100%| E|CS|TAMS 0x0000000085b00000, 0x0000000085b00000| Complete 
|  92|0x0000000085c00000, 0x0000000085d00000, 0x0000000085d00000|100%| E|CS|TAMS 0x0000000085c00000, 0x0000000085c00000| Complete 
|  93|0x0000000085d00000, 0x0000000085e00000, 0x0000000085e00000|100%| E|CS|TAMS 0x0000000085d00000, 0x0000000085d00000| Complete 
|  94|0x0000000085e00000, 0x0000000085f00000, 0x0000000085f00000|100%| E|CS|TAMS 0x0000000085e00000, 0x0000000085e00000| Complete 
|  95|0x0000000085f00000, 0x0000000086000000, 0x0000000086000000|100%| E|CS|TAMS 0x0000000085f00000, 0x0000000085f00000| Complete 
| 127|0x0000000087f00000, 0x0000000088000000, 0x0000000088000000|100%| E|CS|TAMS 0x0000000087f00000, 0x0000000087f00000| Complete 

Card table byte_map: [0x0000026fd98c0000,0x0000026fd9cc0000] _byte_map_base: 0x0000026fd94c0000

Marking Bits (Prev, Next): (CMBitMap*) 0x0000026fc6e9f020, (CMBitMap*) 0x0000026fc6e9f060
 Prev Bits: [0x0000026fda0c0000, 0x0000026fdc0c0000)
 Next Bits: [0x0000026fdc0c0000, 0x0000026fde0c0000)

Polling page: 0x0000026fc4c80000

Metaspace:

Usage:
  Non-class:     36.40 MB used.
      Class:      4.54 MB used.
       Both:     40.94 MB used.

Virtual space:
  Non-class space:       64.00 MB reserved,      36.69 MB ( 57%) committed,  1 nodes.
      Class space:        1.00 GB reserved,       4.75 MB ( <1%) committed,  1 nodes.
             Both:        1.06 GB reserved,      41.44 MB (  4%) committed. 

Chunk freelists:
   Non-Class:  11.16 MB
       Class:  11.14 MB
        Both:  22.30 MB

MaxMetaspaceSize: unlimited
CompressedClassSpaceSize: 1.00 GB
Initial GC threshold: 21.00 MB
Current GC threshold: 58.69 MB
CDS: off
MetaspaceReclaimPolicy: balanced
 - commit_granule_bytes: 65536.
 - commit_granule_words: 8192.
 - virtual_space_node_default_size: 8388608.
 - enlarge_chunks_in_place: 1.
 - new_chunks_are_fully_committed: 0.
 - uncommit_free_chunks: 1.
 - use_allocation_guard: 0.
 - handle_deallocations: 1.


Internal statistics:

num_allocs_failed_limit: 6.
num_arena_births: 668.
num_arena_deaths: 0.
num_vsnodes_births: 2.
num_vsnodes_deaths: 0.
num_space_committed: 663.
num_space_uncommitted: 0.
num_chunks_returned_to_freelist: 6.
num_chunks_taken_from_freelist: 1706.
num_chunk_merges: 3.
num_chunk_splits: 1137.
num_chunks_enlarged: 771.
num_inconsistent_stats: 0.

CodeHeap 'non-profiled nmethods': size=120000Kb used=2350Kb max_used=2842Kb free=117650Kb
 bounds [0x0000026fd1f90000, 0x0000026fd2270000, 0x0000026fd94c0000]
CodeHeap 'profiled nmethods': size=120000Kb used=7670Kb max_used=8951Kb free=112329Kb
 bounds [0x0000026fca4c0000, 0x0000026fcad80000, 0x0000026fd19f0000]
CodeHeap 'non-nmethods': size=5760Kb used=2306Kb max_used=2383Kb free=3453Kb
 bounds [0x0000026fd19f0000, 0x0000026fd1c60000, 0x0000026fd1f90000]
 total_blobs=5147 nmethods=4325 adapters=734
 compilation: enabled
              stopped_count=0, restarted_count=0
 full_count=0

Compilation events (20 events):
Event: 34.927 Thread 0x0000026fe06ada60 5151   !   3       sun.nio.fs.WindowsFileAttributeViews$Basic::readAttributes (30 bytes)
Event: 34.927 Thread 0x0000026fe06ada60 nmethod 5151 0x0000026fca607f90 code [0x0000026fca608180, 0x0000026fca608748]
Event: 34.927 Thread 0x0000026fe06ada60 5152       3       java.util.Collections$UnmodifiableMap$UnmodifiableEntrySet$1::hasNext (10 bytes)
Event: 34.928 Thread 0x0000026fe06ada60 nmethod 5152 0x0000026fca918e10 code [0x0000026fca918fc0, 0x0000026fca919188]
Event: 34.928 Thread 0x0000026fe06ada60 5154   !   3       java.util.concurrent.ConcurrentHashMap::initTable (112 bytes)
Event: 34.928 Thread 0x0000026fe06ada60 nmethod 5154 0x0000026fca611f10 code [0x0000026fca6120e0, 0x0000026fca612668]
Event: 34.928 Thread 0x0000026fe06ada60 5153       3       java.util.Collections$UnmodifiableMap$UnmodifiableEntrySet$1::next (5 bytes)
Event: 34.929 Thread 0x0000026fe06ada60 nmethod 5153 0x0000026fca896f90 code [0x0000026fca897180, 0x0000026fca897898]
Event: 34.946 Thread 0x0000026fe06ada60 5155       3       java.util.ServiceLoader$ModuleServicesLookupIterator::iteratorFor (191 bytes)
Event: 34.951 Thread 0x0000026fe06ada60 nmethod 5155 0x0000026fca505610 code [0x0000026fca505c40, 0x0000026fca509748]
Event: 34.978 Thread 0x0000026fe06ada60 5156       3       sun.nio.fs.WindowsFileSystemProvider::getFileAttributeView (118 bytes)
Event: 34.980 Thread 0x0000026fe06ada60 nmethod 5156 0x0000026fca904210 code [0x0000026fca904520, 0x0000026fca9056e8]
Event: 34.980 Thread 0x0000026fe06ada60 5157  s    3       java.io.ByteArrayInputStream::read (73 bytes)
Event: 34.980 Thread 0x0000026fe06ada60 nmethod 5157 0x0000026fca934190 code [0x0000026fca934380, 0x0000026fca934978]
Event: 34.980 Thread 0x0000026fe06ada60 5158       3       java.util.WeakHashMap::keySet (25 bytes)
Event: 34.981 Thread 0x0000026fe06ada60 nmethod 5158 0x0000026fca9f2390 code [0x0000026fca9f2540, 0x0000026fca9f2918]
Event: 34.981 Thread 0x0000026fe06ada60 5159       3       java.util.WeakHashMap$KeySet::<init> (10 bytes)
Event: 34.981 Thread 0x0000026fe06ada60 nmethod 5159 0x0000026fca933c10 code [0x0000026fca933dc0, 0x0000026fca934038]
Event: 34.986 Thread 0x0000026fe06ada60 5160       3       java.util.concurrent.ConcurrentHashMap::getOrDefault (16 bytes)
Event: 34.986 Thread 0x0000026fe06ada60 nmethod 5160 0x0000026fca896b90 code [0x0000026fca896d40, 0x0000026fca896ee8]

GC Heap History (20 events):
Event: 4.745 GC heap before
{Heap before GC invocations=3 (full 0):
 garbage-first heap   total 131072K, used 90145K [0x0000000080000000, 0x0000000100000000)
  region size 1024K, 75 young (76800K), 2 survivors (2048K)
 Metaspace       used 20293K, committed 20544K, reserved 1114112K
  class space    used 2081K, committed 2240K, reserved 1048576K
}
Event: 4.760 GC heap after
{Heap after GC invocations=4 (full 0):
 garbage-first heap   total 131072K, used 21788K [0x0000000080000000, 0x0000000100000000)
  region size 1024K, 7 young (7168K), 7 survivors (7168K)
 Metaspace       used 20293K, committed 20544K, reserved 1114112K
  class space    used 2081K, committed 2240K, reserved 1048576K
}
Event: 5.186 GC heap before
{Heap before GC invocations=4 (full 0):
 garbage-first heap   total 131072K, used 59676K [0x0000000080000000, 0x0000000100000000)
  region size 1024K, 45 young (46080K), 7 survivors (7168K)
 Metaspace       used 21243K, committed 21504K, reserved 1114112K
  class space    used 2169K, committed 2304K, reserved 1048576K
}
Event: 5.198 GC heap after
{Heap after GC invocations=5 (full 0):
 garbage-first heap   total 131072K, used 22114K [0x0000000080000000, 0x0000000100000000)
  region size 1024K, 1 young (1024K), 1 survivors (1024K)
 Metaspace       used 21243K, committed 21504K, reserved 1114112K
  class space    used 2169K, committed 2304K, reserved 1048576K
}
Event: 6.925 GC heap before
{Heap before GC invocations=6 (full 0):
 garbage-first heap   total 78848K, used 68194K [0x0000000080000000, 0x0000000100000000)
  region size 1024K, 46 young (47104K), 1 survivors (1024K)
 Metaspace       used 28673K, committed 29056K, reserved 1114112K
  class space    used 3028K, committed 3200K, reserved 1048576K
}
Event: 6.939 GC heap after
{Heap after GC invocations=7 (full 0):
 garbage-first heap   total 78848K, used 25392K [0x0000000080000000, 0x0000000100000000)
  region size 1024K, 5 young (5120K), 5 survivors (5120K)
 Metaspace       used 28673K, committed 29056K, reserved 1114112K
  class space    used 3028K, committed 3200K, reserved 1048576K
}
Event: 7.243 GC heap before
{Heap before GC invocations=7 (full 0):
 garbage-first heap   total 78848K, used 58160K [0x0000000080000000, 0x0000000100000000)
  region size 1024K, 35 young (35840K), 5 survivors (5120K)
 Metaspace       used 29897K, committed 30272K, reserved 1114112K
  class space    used 3108K, committed 3264K, reserved 1048576K
}
Event: 7.255 GC heap after
{Heap after GC invocations=8 (full 0):
 garbage-first heap   total 78848K, used 26368K [0x0000000080000000, 0x0000000100000000)
  region size 1024K, 1 young (1024K), 1 survivors (1024K)
 Metaspace       used 29897K, committed 30272K, reserved 1114112K
  class space    used 3108K, committed 3264K, reserved 1048576K
}
Event: 7.704 GC heap before
{Heap before GC invocations=8 (full 0):
 garbage-first heap   total 78848K, used 59136K [0x0000000080000000, 0x0000000100000000)
  region size 1024K, 33 young (33792K), 1 survivors (1024K)
 Metaspace       used 31126K, committed 31552K, reserved 1114112K
  class space    used 3264K, committed 3456K, reserved 1048576K
}
Event: 7.708 GC heap after
{Heap after GC invocations=9 (full 0):
 garbage-first heap   total 78848K, used 26325K [0x0000000080000000, 0x0000000100000000)
  region size 1024K, 1 young (1024K), 1 survivors (1024K)
 Metaspace       used 31126K, committed 31552K, reserved 1114112K
  class space    used 3264K, committed 3456K, reserved 1048576K
}
Event: 8.198 GC heap before
{Heap before GC invocations=9 (full 0):
 garbage-first heap   total 78848K, used 60117K [0x0000000080000000, 0x0000000100000000)
  region size 1024K, 34 young (34816K), 1 survivors (1024K)
 Metaspace       used 32027K, committed 32512K, reserved 1114112K
  class space    used 3347K, committed 3584K, reserved 1048576K
}
Event: 8.206 GC heap after
{Heap after GC invocations=10 (full 0):
 garbage-first heap   total 78848K, used 27702K [0x0000000080000000, 0x0000000100000000)
  region size 1024K, 3 young (3072K), 3 survivors (3072K)
 Metaspace       used 32027K, committed 32512K, reserved 1114112K
  class space    used 3347K, committed 3584K, reserved 1048576K
}
Event: 8.786 GC heap before
{Heap before GC invocations=10 (full 0):
 garbage-first heap   total 78848K, used 60470K [0x0000000080000000, 0x0000000100000000)
  region size 1024K, 35 young (35840K), 3 survivors (3072K)
 Metaspace       used 32508K, committed 32960K, reserved 1114112K
  class space    used 3385K, committed 3584K, reserved 1048576K
}
Event: 8.796 GC heap after
{Heap after GC invocations=11 (full 0):
 garbage-first heap   total 78848K, used 28808K [0x0000000080000000, 0x0000000100000000)
  region size 1024K, 4 young (4096K), 4 survivors (4096K)
 Metaspace       used 32508K, committed 32960K, reserved 1114112K
  class space    used 3385K, committed 3584K, reserved 1048576K
}
Event: 9.127 GC heap before
{Heap before GC invocations=11 (full 0):
 garbage-first heap   total 78848K, used 61576K [0x0000000080000000, 0x0000000100000000)
  region size 1024K, 36 young (36864K), 4 survivors (4096K)
 Metaspace       used 32970K, committed 33408K, reserved 1114112K
  class space    used 3436K, committed 3648K, reserved 1048576K
}
Event: 9.143 GC heap after
{Heap after GC invocations=12 (full 0):
 garbage-first heap   total 78848K, used 30700K [0x0000000080000000, 0x0000000100000000)
  region size 1024K, 5 young (5120K), 5 survivors (5120K)
 Metaspace       used 32970K, committed 33408K, reserved 1114112K
  class space    used 3436K, committed 3648K, reserved 1048576K
}
Event: 10.059 GC heap before
{Heap before GC invocations=12 (full 0):
 garbage-first heap   total 78848K, used 61420K [0x0000000080000000, 0x0000000100000000)
  region size 1024K, 35 young (35840K), 5 survivors (5120K)
 Metaspace       used 34523K, committed 35072K, reserved 1114112K
  class space    used 3643K, committed 3904K, reserved 1048576K
}
Event: 10.073 GC heap after
{Heap after GC invocations=13 (full 0):
 garbage-first heap   total 99328K, used 32607K [0x0000000080000000, 0x0000000100000000)
  region size 1024K, 4 young (4096K), 4 survivors (4096K)
 Metaspace       used 34523K, committed 35072K, reserved 1114112K
  class space    used 3643K, committed 3904K, reserved 1048576K
}
Event: 10.502 GC heap before
{Heap before GC invocations=13 (full 0):
 garbage-first heap   total 99328K, used 42847K [0x0000000080000000, 0x0000000100000000)
  region size 1024K, 15 young (15360K), 4 survivors (4096K)
 Metaspace       used 35431K, committed 35968K, reserved 1114112K
  class space    used 3779K, committed 4032K, reserved 1048576K
}
Event: 10.517 GC heap after
{Heap after GC invocations=14 (full 0):
 garbage-first heap   total 99328K, used 33173K [0x0000000080000000, 0x0000000100000000)
  region size 1024K, 5 young (5120K), 5 survivors (5120K)
 Metaspace       used 35431K, committed 35968K, reserved 1114112K
  class space    used 3779K, committed 4032K, reserved 1048576K
}

Dll operation events (7 events):
Event: 0.011 Loaded shared library C:\Users\Admin\.katalon\packages\KS-9.7.2\jre\bin\java.dll
Event: 0.709 Loaded shared library C:\Users\Admin\.katalon\packages\KS-9.7.2\jre\bin\net.dll
Event: 0.713 Loaded shared library C:\Users\Admin\.katalon\packages\KS-9.7.2\jre\bin\nio.dll
Event: 0.730 Loaded shared library C:\Users\Admin\.katalon\packages\KS-9.7.2\jre\bin\zip.dll
Event: 1.601 Loaded shared library C:\Users\Admin\.katalon\packages\KS-9.7.2\jre\bin\verify.dll
Event: 2.029 Loaded shared library C:\Users\Admin\.katalon\packages\KS-9.7.2\jre\bin\jimage.dll
Event: 21.688 Loaded shared library C:\Users\Admin\.katalon\packages\KS-9.7.2\jre\bin\sunmscapi.dll

Deoptimization events (20 events):
Event: 34.483 Thread 0x0000026fc6e42e40 Uncommon trap: trap_request=0xffffffc6 fr.pc=0x0000026fd21caea0 relative=0x0000000000000880
Event: 34.483 Thread 0x0000026fc6e42e40 Uncommon trap: reason=bimorphic_or_optimized_type_check action=maybe_recompile pc=0x0000026fd21caea0 method=java.util.stream.ReferencePipeline.forEachWithCancel(Ljava/util/Spliterator;Ljava/util/stream/Sink;)Z @ 1 c2
Event: 34.483 Thread 0x0000026fc6e42e40 DEOPT PACKING pc=0x0000026fd21caea0 sp=0x00000090570fa3e0
Event: 34.483 Thread 0x0000026fc6e42e40 DEOPT UNPACKING pc=0x0000026fd1a469a3 sp=0x00000090570fa2b8 mode 2
Event: 34.529 Thread 0x0000026fc6e42e40 Uncommon trap: trap_request=0xffffff45 fr.pc=0x0000026fd21ac848 relative=0x00000000000011a8
Event: 34.529 Thread 0x0000026fc6e42e40 Uncommon trap: reason=unstable_if action=reinterpret pc=0x0000026fd21ac848 method=java.util.concurrent.ConcurrentHashMap.putVal(Ljava/lang/Object;Ljava/lang/Object;Z)Ljava/lang/Object; @ 231 c2
Event: 34.529 Thread 0x0000026fc6e42e40 DEOPT PACKING pc=0x0000026fd21ac848 sp=0x00000090570faad0
Event: 34.529 Thread 0x0000026fc6e42e40 DEOPT UNPACKING pc=0x0000026fd1a469a3 sp=0x00000090570faa40 mode 2
Event: 34.705 Thread 0x0000026fc6e42e40 Uncommon trap: trap_request=0xffffffdc fr.pc=0x0000026fd203a0c8 relative=0x00000000000002a8
Event: 34.705 Thread 0x0000026fc6e42e40 Uncommon trap: reason=class_check action=make_not_entrant pc=0x0000026fd203a0c8 method=java.util.ArrayList.toArray([Ljava/lang/Object;)[Ljava/lang/Object; @ 21 c2
Event: 34.705 Thread 0x0000026fc6e42e40 DEOPT PACKING pc=0x0000026fd203a0c8 sp=0x00000090570f5070
Event: 34.705 Thread 0x0000026fc6e42e40 DEOPT UNPACKING pc=0x0000026fd1a469a3 sp=0x00000090570f5040 mode 2
Event: 34.712 Thread 0x0000026fc6e42e40 Uncommon trap: trap_request=0xffffffcc fr.pc=0x0000026fd2138ec0 relative=0x0000000000003b20
Event: 34.712 Thread 0x0000026fc6e42e40 Uncommon trap: reason=intrinsic_or_type_checked_inlining action=make_not_entrant pc=0x0000026fd2138ec0 method=java.util.ArrayList$SubList.toArray([Ljava/lang/Object;)[Ljava/lang/Object; @ 58 c2
Event: 34.712 Thread 0x0000026fc6e42e40 DEOPT PACKING pc=0x0000026fd2138ec0 sp=0x00000090570f4c90
Event: 34.712 Thread 0x0000026fc6e42e40 DEOPT UNPACKING pc=0x0000026fd1a469a3 sp=0x00000090570f4c18 mode 2
Event: 34.758 Thread 0x0000026fc6e42e40 Uncommon trap: trap_request=0xffffff45 fr.pc=0x0000026fd22489b8 relative=0x0000000000000af8
Event: 34.758 Thread 0x0000026fc6e42e40 Uncommon trap: reason=unstable_if action=reinterpret pc=0x0000026fd22489b8 method=java.lang.Integer.stringSize(I)I @ 19 c2
Event: 34.758 Thread 0x0000026fc6e42e40 DEOPT PACKING pc=0x0000026fd22489b8 sp=0x00000090570f87e0
Event: 34.758 Thread 0x0000026fc6e42e40 DEOPT UNPACKING pc=0x0000026fd1a469a3 sp=0x00000090570f8738 mode 2

Classes unloaded (0 events):
No events

Classes redefined (0 events):
No events

Internal exceptions (20 events):
Event: 20.442 Thread 0x0000026fe71f36b0 Exception <a 'java/net/ConnectException'{0x0000000085f9a5c0}: Connection refused: no further information> (0x0000000085f9a5c0) 
thrown [s\src\hotspot\share\prims\jni.cpp, line 535]
Event: 20.442 Thread 0x0000026fe71f36b0 Exception <a 'java/net/SocketException'{0x0000000085f9a8f8}: Socket is not connected: shutdown> (0x0000000085f9a8f8) 
thrown [s\src\hotspot\share\prims\jni.cpp, line 535]
Event: 20.763 Thread 0x0000026fe71f36b0 Exception <a 'java/net/ConnectException'{0x0000000085f9b9f8}: Connection refused: no further information> (0x0000000085f9b9f8) 
thrown [s\src\hotspot\share\prims\jni.cpp, line 535]
Event: 20.764 Thread 0x0000026fe71f36b0 Exception <a 'java/net/SocketException'{0x0000000085f9bd30}: Socket is not connected: shutdown> (0x0000000085f9bd30) 
thrown [s\src\hotspot\share\prims\jni.cpp, line 535]
Event: 21.092 Thread 0x0000026fe71f36b0 Exception <a 'java/net/ConnectException'{0x0000000085f9ce30}: Connection refused: no further information> (0x0000000085f9ce30) 
thrown [s\src\hotspot\share\prims\jni.cpp, line 535]
Event: 21.092 Thread 0x0000026fe71f36b0 Exception <a 'java/net/SocketException'{0x0000000085f9d168}: Socket is not connected: shutdown> (0x0000000085f9d168) 
thrown [s\src\hotspot\share\prims\jni.cpp, line 535]
Event: 21.725 Thread 0x0000026fc6e42e40 Exception <a 'sun/nio/fs/WindowsException'{0x0000000085ca5cb8}> (0x0000000085ca5cb8) 
thrown [s\src\hotspot\share\prims\jni.cpp, line 516]
Event: 21.832 Thread 0x0000026fc6e42e40 Exception <a 'java/lang/NoSuchMethodError'{0x0000000085b7a2c0}: 'java.lang.Object java.lang.invoke.DirectMethodHandle$Holder.invokeStaticInit(java.lang.Object, int, int, int, int)'> (0x0000000085b7a2c0) 
thrown [s\src\hotspot\share\interpreter\linkResolver.cpp, line 759]
Event: 21.950 Thread 0x0000026fc6e42e40 Exception <a 'java/lang/NoSuchMethodError'{0x0000000085a46ea0}: 'java.lang.Object java.lang.invoke.DirectMethodHandle$Holder.invokeStaticInit(java.lang.Object, java.lang.Object, int, int, int, int)'> (0x0000000085a46ea0) 
thrown [s\src\hotspot\share\interpreter\linkResolver.cpp, line 759]
Event: 22.388 Thread 0x0000026fc6e42e40 Exception <a 'java/lang/IncompatibleClassChangeError'{0x0000000084f39668}: Found class java.lang.Object, but interface was expected> (0x0000000084f39668) 
thrown [s\src\hotspot\share\interpreter\linkResolver.cpp, line 826]
Event: 22.389 Thread 0x0000026fc6e42e40 Exception <a 'java/lang/NoSuchMethodError'{0x0000000084f40248}: 'int java.lang.invoke.DirectMethodHandle$Holder.invokeSpecialIFC(java.lang.Object, java.lang.Object, java.lang.Object, java.lang.Object)'> (0x0000000084f40248) 
thrown [s\src\hotspot\share\interpreter\linkResolver.cpp, line 759]
Event: 22.418 Thread 0x0000026fc6e42e40 Exception <a 'java/lang/NoSuchMethodError'{0x0000000084fc79a0}: 'double java.lang.invoke.DirectMethodHandle$Holder.invokeVirtual(java.lang.Object, java.lang.Object)'> (0x0000000084fc79a0) 
thrown [s\src\hotspot\share\interpreter\linkResolver.cpp, line 759]
Event: 22.419 Thread 0x0000026fc6e42e40 Exception <a 'java/lang/NoSuchMethodError'{0x0000000084fce3c8}: 'float java.lang.invoke.DirectMethodHandle$Holder.invokeVirtual(java.lang.Object, java.lang.Object)'> (0x0000000084fce3c8) 
thrown [s\src\hotspot\share\interpreter\linkResolver.cpp, line 759]
Event: 22.420 Thread 0x0000026fc6e42e40 Exception <a 'java/lang/NoSuchMethodError'{0x0000000084fd7630}: 'long java.lang.invoke.DirectMethodHandle$Holder.invokeVirtual(java.lang.Object, java.lang.Object)'> (0x0000000084fd7630) 
thrown [s\src\hotspot\share\interpreter\linkResolver.cpp, line 759]
Event: 22.688 Thread 0x0000026fc6e42e40 Exception <a 'java/lang/NoSuchMethodError'{0x0000000084a47c98}: 'void java.lang.invoke.DirectMethodHandle$Holder.invokeInterface(java.lang.Object, java.lang.Object, java.lang.Object)'> (0x0000000084a47c98) 
thrown [s\src\hotspot\share\interpreter\linkResolver.cpp, line 759]
Event: 34.472 Thread 0x0000026fc6e42e40 Exception <a 'java/lang/NoSuchMethodError'{0x0000000084016040}: 'java.lang.Object java.lang.invoke.DirectMethodHandle$Holder.invokeSpecialIFC(java.lang.Object, java.lang.Object, java.lang.Object)'> (0x0000000084016040) 
thrown [s\src\hotspot\share\interpreter\linkResolver.cpp, line 759]
Event: 34.488 Thread 0x0000026fc6e42e40 Exception <a 'java/lang/ClassNotFoundException'{0x000000008406e1e8}: sun/util/logging/resources/spi/loggingProvider> (0x000000008406e1e8) 
thrown [s\src\hotspot\share\classfile\systemDictionary.cpp, line 256]
Event: 34.526 Thread 0x0000026fc6e42e40 Exception <a 'java/lang/NoSuchMethodError'{0x0000000083f27b70}: 'java.lang.Object java.lang.invoke.Invokers$Holder.invoke_MT(java.lang.Object, java.lang.Object, java.lang.Object, java.lang.Object, java.lang.Object)'> (0x0000000083f27b70) 
thrown [s\src\hotspot\share\interpreter\linkResolver.cpp, line 759]
Event: 34.528 Thread 0x0000026fc6e42e40 Exception <a 'java/lang/NoSuchMethodError'{0x0000000083f2c248}: 'void java.lang.invoke.Invokers$Holder.invokeExact_MT(java.lang.Object, java.lang.Object, java.lang.Object, java.lang.Object, java.lang.Object)'> (0x0000000083f2c248) 
thrown [s\src\hotspot\share\interpreter\linkResolver.cpp, line 759]
Event: 34.589 Thread 0x0000026fc6e42e40 Exception <a 'java/lang/NoSuchMethodError'{0x0000000083fc9f48}: 'java.lang.Object java.lang.invoke.DirectMethodHandle$Holder.invokeSpecialIFC(java.lang.Object, java.lang.Object)'> (0x0000000083fc9f48) 
thrown [s\src\hotspot\share\interpreter\linkResolver.cpp, line 759]

VM Operations (20 events):
Event: 21.470 Executing VM operation: HandshakeAllThreads
Event: 21.470 Executing VM operation: HandshakeAllThreads done
Event: 21.471 Executing VM operation: HandshakeAllThreads
Event: 21.472 Executing VM operation: HandshakeAllThreads done
Event: 21.475 Executing VM operation: HandshakeAllThreads
Event: 21.475 Executing VM operation: HandshakeAllThreads done
Event: 21.727 Executing VM operation: HandshakeAllThreads
Event: 21.727 Executing VM operation: HandshakeAllThreads done
Event: 21.727 Executing VM operation: Cleanup
Event: 21.756 Executing VM operation: Cleanup done
Event: 21.757 Executing VM operation: HandshakeAllThreads
Event: 21.757 Executing VM operation: HandshakeAllThreads done
Event: 21.758 Executing VM operation: HandshakeAllThreads
Event: 21.758 Executing VM operation: HandshakeAllThreads done
Event: 22.758 Executing VM operation: Cleanup
Event: 22.767 Executing VM operation: Cleanup done
Event: 24.767 Executing VM operation: Cleanup
Event: 24.767 Executing VM operation: Cleanup done
Event: 34.771 Executing VM operation: Cleanup
Event: 34.771 Executing VM operation: Cleanup done

Events (20 events):
Event: 34.489 loading class sun/util/logging/resources/logging_en_US
Event: 34.489 loading class sun/util/logging/resources/logging_en_US done
Event: 34.489 loading class java/util/Formatter$DateTime
Event: 34.489 loading class java/util/Formatter$DateTime done
Event: 34.489 loading class java/time/ZonedDateTime$1
Event: 34.489 loading class java/time/ZonedDateTime$1 done
Event: 34.489 loading class java/time/LocalDate$1
Event: 34.490 loading class java/time/LocalDate$1 done
Event: 34.490 loading class java/time/LocalTime$1
Event: 34.490 loading class java/time/LocalTime$1 done
Event: 34.521 loading class java/util/UUID$Holder
Event: 34.521 loading class java/util/UUID$Holder done
Event: 34.526 loading class java/lang/invoke/ConstantBootstraps
Event: 34.526 loading class java/lang/invoke/ConstantBootstraps done
Event: 34.549 loading class java/lang/ThreadLocal$SuppliedThreadLocal
Event: 34.549 loading class java/lang/ThreadLocal$SuppliedThreadLocal done
Event: 34.737 loading class javax/net/ssl/SSLHandshakeException
Event: 34.737 loading class javax/net/ssl/SSLHandshakeException done
Event: 34.793 loading class java/lang/InstantiationError
Event: 34.793 loading class java/lang/InstantiationError done


Dynamic libraries:
0x00007ff750d50000 - 0x00007ff750d5e000 	C:\Users\Admin\.katalon\packages\KS-9.7.2\jre\bin\javaw.exe
0x00007ffd17a10000 - 0x00007ffd17bfe000 	C:\Windows\SYSTEM32\ntdll.dll
0x00007ffd17690000 - 0x00007ffd17743000 	C:\Windows\System32\KERNEL32.DLL
0x00007ffd13a70000 - 0x00007ffd13d0d000 	C:\Windows\System32\KERNELBASE.dll
0x00007ffd14880000 - 0x00007ffd1497a000 	C:\Windows\System32\ucrtbase.dll
0x00007ffcfffa0000 - 0x00007ffcfffb7000 	C:\Users\Admin\.katalon\packages\KS-9.7.2\jre\bin\jli.dll
0x00007ffd14d10000 - 0x00007ffd14ea7000 	C:\Windows\System32\USER32.dll
0x00007ffd13d10000 - 0x00007ffd13d30000 	C:\Windows\System32\win32u.dll
0x00007ffd17880000 - 0x00007ffd178a9000 	C:\Windows\System32\GDI32.dll
0x00007ffd13d80000 - 0x00007ffd13f27000 	C:\Windows\System32\gdi32full.dll
0x00007ffd147e0000 - 0x00007ffd14880000 	C:\Windows\System32\msvcp_win.dll
0x00007ffcfff80000 - 0x00007ffcfff99000 	C:\Users\Admin\.katalon\packages\KS-9.7.2\jre\bin\VCRUNTIME140.dll
0x00007ffcfd520000 - 0x00007ffcfd799000 	C:\Windows\WinSxS\amd64_microsoft.windows.common-controls_6595b64144ccf1df_6.0.17763.6659_none_de721f8a534a9678\COMCTL32.dll
0x00007ffd160b0000 - 0x00007ffd1614e000 	C:\Windows\System32\msvcrt.dll
0x00007ffd14eb0000 - 0x00007ffd151da000 	C:\Windows\System32\combase.dll
0x00007ffd156c0000 - 0x00007ffd157d8000 	C:\Windows\System32\RPCRT4.dll
0x00007ffd14ba0000 - 0x00007ffd14c22000 	C:\Windows\System32\bcryptPrimitives.dll
0x00007ffd17660000 - 0x00007ffd1768e000 	C:\Windows\System32\IMM32.DLL
0x00007ffd02ba0000 - 0x00007ffd02bac000 	C:\Users\Admin\.katalon\packages\KS-9.7.2\jre\bin\vcruntime140_1.dll
0x00007ffcf6f90000 - 0x00007ffcf7021000 	C:\Users\Admin\.katalon\packages\KS-9.7.2\jre\bin\msvcp140.dll
0x00007ffc8ef10000 - 0x00007ffc8fb58000 	C:\Users\Admin\.katalon\packages\KS-9.7.2\jre\bin\server\jvm.dll
0x00007ffd177d0000 - 0x00007ffd17878000 	C:\Windows\System32\ADVAPI32.dll
0x00007ffd16000000 - 0x00007ffd160a2000 	C:\Windows\System32\sechost.dll
0x00007ffd13d30000 - 0x00007ffd13d56000 	C:\Windows\System32\bcrypt.dll
0x00007ffcf9de0000 - 0x00007ffcf9de9000 	C:\Windows\SYSTEM32\WSOCK32.dll
0x00007ffd17760000 - 0x00007ffd177cd000 	C:\Windows\System32\WS2_32.dll
0x00007ffd0e4d0000 - 0x00007ffd0e4f4000 	C:\Windows\SYSTEM32\WINMM.dll
0x00007ffd0db90000 - 0x00007ffd0db9a000 	C:\Windows\SYSTEM32\VERSION.dll
0x00007ffd0e4a0000 - 0x00007ffd0e4cd000 	C:\Windows\SYSTEM32\WINMMBASE.dll
0x00007ffd13f30000 - 0x00007ffd13f7a000 	C:\Windows\System32\cfgmgr32.dll
0x00007ffd13a50000 - 0x00007ffd13a61000 	C:\Windows\System32\kernel.appcore.dll
0x00007ffd10680000 - 0x00007ffd1068a000 	C:\Users\Admin\.katalon\packages\KS-9.7.2\jre\bin\jimage.dll
0x00007ffd12240000 - 0x00007ffd1242d000 	C:\Windows\SYSTEM32\DBGHELP.DLL
0x00007ffcfb0f0000 - 0x00007ffcfb11a000 	C:\Windows\SYSTEM32\dbgcore.DLL
0x00007ffd0cd50000 - 0x00007ffd0cd75000 	C:\Users\Admin\.katalon\packages\KS-9.7.2\jre\bin\java.dll
0x00007ffd0cda0000 - 0x00007ffd0cdb8000 	C:\Users\Admin\.katalon\packages\KS-9.7.2\jre\bin\zip.dll
0x00007ffd16160000 - 0x00007ffd17658000 	C:\Windows\System32\SHELL32.dll
0x00007ffd15d20000 - 0x00007ffd15dc7000 	C:\Windows\System32\shcore.dll
0x00007ffd14090000 - 0x00007ffd147d8000 	C:\Windows\System32\windows.storage.dll
0x00007ffd139a0000 - 0x00007ffd139c3000 	C:\Windows\System32\profapi.dll
0x00007ffd139d0000 - 0x00007ffd13a2d000 	C:\Windows\System32\powrprof.dll
0x00007ffd178b0000 - 0x00007ffd17902000 	C:\Windows\System32\shlwapi.dll
0x00007ffd13d60000 - 0x00007ffd13d7b000 	C:\Windows\System32\cryptsp.dll
0x00007ffd0cba0000 - 0x00007ffd0cbb9000 	C:\Users\Admin\.katalon\packages\KS-9.7.2\jre\bin\net.dll
0x00007ffd0a7d0000 - 0x00007ffd0a8cd000 	C:\Windows\SYSTEM32\WINHTTP.dll
0x00007ffd131a0000 - 0x00007ffd13207000 	C:\Windows\system32\mswsock.dll
0x00007ffd02c30000 - 0x00007ffd02c45000 	C:\Users\Admin\.katalon\packages\KS-9.7.2\jre\bin\nio.dll
0x00007ffd0b8b0000 - 0x00007ffd0b8c0000 	C:\Users\Admin\.katalon\packages\KS-9.7.2\jre\bin\verify.dll
0x00007ffd12ea0000 - 0x00007ffd12edd000 	C:\Windows\SYSTEM32\IPHLPAPI.DLL
0x00007ffd17750000 - 0x00007ffd17758000 	C:\Windows\System32\NSI.dll
0x00007ffd0c400000 - 0x00007ffd0c416000 	C:\Windows\SYSTEM32\dhcpcsvc6.DLL
0x00007ffd0c220000 - 0x00007ffd0c23c000 	C:\Windows\SYSTEM32\dhcpcsvc.DLL
0x00007ffd12ee0000 - 0x00007ffd12fa6000 	C:\Windows\SYSTEM32\DNSAPI.dll
0x00007ffd0b850000 - 0x00007ffd0b85e000 	C:\Users\Admin\.katalon\packages\KS-9.7.2\jre\bin\sunmscapi.dll
0x00007ffd14980000 - 0x00007ffd14b91000 	C:\Windows\System32\CRYPT32.dll
0x00007ffd13a30000 - 0x00007ffd13a42000 	C:\Windows\System32\MSASN1.dll
0x00007ffd134c0000 - 0x00007ffd134ec000 	C:\Windows\SYSTEM32\ncrypt.dll
0x00007ffd13480000 - 0x00007ffd134bc000 	C:\Windows\SYSTEM32\NTASN1.dll
0x00007ffd12cd0000 - 0x00007ffd12d03000 	C:\Windows\system32\rsaenh.dll
0x00007ffd138a0000 - 0x00007ffd138c9000 	C:\Windows\SYSTEM32\USERENV.dll
0x00007ffd13320000 - 0x00007ffd1332c000 	C:\Windows\SYSTEM32\CRYPTBASE.dll

dbghelp: loaded successfully - version: 4.0.5 - missing functions: none
symbol engine: initialized successfully - sym options: 0x614 - pdb path: .;C:\Users\Admin\.katalon\packages\KS-9.7.2\jre\bin;C:\Windows\SYSTEM32;C:\Windows\WinSxS\amd64_microsoft.windows.common-controls_6595b64144ccf1df_6.0.17763.6659_none_de721f8a534a9678;C:\Users\Admin\.katalon\packages\KS-9.7.2\jre\bin\server

VM Arguments:
jvm_args: -Dgroovy.home=C:\Users\Admin/.groovy -Djava.system.class.loader=groovy.lang.GroovyClassLoader -Xmx2048m -Dfile.encoding=UTF-8 -XX:+ShowCodeDetailsInExceptionMessages 
java_command: org.codehaus.groovy.tools.GroovyStarter --classpath C:\Users\Admin\Katalon Studio\FisrtProject\bin\keyword;C:\Users\Admin\Katalon Studio\FisrtProject\Keywords;C:\Users\Admin\Katalon Studio\FisrtProject\bin\listener;C:\Users\Admin\Katalon Studio\FisrtProject\Test Listeners;C:\Users\Admin\Katalon Studio\FisrtProject\bin\lib;C:\Users\Admin\Katalon Studio\FisrtProject\Libs;C:\Users\Admin\Katalon Studio\FisrtProject\bin\groovy;C:\Users\Admin\Katalon Studio\FisrtProject\Include\scripts\groovy;C:\Users\Admin\.katalon\packages\KS-9.7.2\plugins\com.kms.katalon.core_1.0.0.202409190502.jar;C:\Users\Admin\.katalon\packages\KS-9.7.2\configuration\resources\lib\aalto-xml-1.0.0.jar;C:\Users\Admin\.katalon\packages\KS-9.7.2\configuration\resources\lib\aspectjweaver-1.9.1.jar;C:\Users\Admin\.katalon\packages\KS-9.7.2\configuration\resources\lib\aws-2.20.3-fat.jar;C:\Users\Admin\.katalon\packages\KS-9.7.2\configuration\resources\lib\bcpkix-jdk15on-1.64.jar;C:\Users\Admin\.katalon\packages\KS-9.7.2\configuration\resources\lib\bcprov-jdk15on-1.64.jar;C:\Users\Admin\.katalon\packages\KS-9.7.2\configuration\resources\lib\browsermob-core-2.1.5.jar;C:\Users\Admin\.katalon\packages\KS-9.7.2\configuration\resources\lib\byte-buddy-1.14.3.jar;C:\Users\Admin\.katalon\packages\KS-9.7.2\configuration\resources\lib\byte-buddy-agent-1.14.3.jar;C:\Users\Admin\.katalon\packages\KS-9.7.2\configuration\resources\lib\cglib-3.2.10.jar;C:\Users\Admin\.katalon\packages\KS-9.7.2\configuration\resources\lib\commons-codec-1.10.jar;C:\Users\Admin\.katalon\packages\KS-9.7.2\configuration\resources\lib\commons-collections4-4.1.jar;C:\Users\Admin\.katalon\packages\KS-9.7.2\configuration\resources\lib\commons-validator-1.6.jar;C:\Users\Admin\.katalon\packages\KS-9.7.2\configuration\resources\lib\curvesapi-1.04.jar;C:\Users\Admin\.katalon\packages\KS-9.7.2\configuration\resources\lib\dnsjava-2.1.8.jar;C:\Users\Admin\.katalon\packages\KS-9.7.2\configuration\resources\lib\groovy-3.0.17-fat.jar;C:\User
java_class_path (initial): C:\Users\Admin\Katalon Studio\FisrtProject\bin\keyword;C:\Users\Admin\Katalon Studio\FisrtProject\bin\listener;C:\Users\Admin\Katalon Studio\FisrtProject\bin\lib;C:\Users\Admin\Katalon Studio\FisrtProject\bin\groovy;C:\Users\Admin\Katalon Studio\FisrtProject\bin;C:\Users\Admin\.katalon\packages\KS-9.7.2\plugins\com.kms.katalon.core_1.0.0.202409190502.jar;C:\Users\Admin\.katalon\packages\KS-9.7.2\configuration\resources\lib\aalto-xml-1.0.0.jar;C:\Users\Admin\.katalon\packages\KS-9.7.2\configuration\resources\lib\aspectjweaver-1.9.1.jar;C:\Users\Admin\.katalon\packages\KS-9.7.2\configuration\resources\lib\aws-2.20.3-fat.jar;C:\Users\Admin\.katalon\packages\KS-9.7.2\configuration\resources\lib\bcpkix-jdk15on-1.64.jar;C:\Users\Admin\.katalon\packages\KS-9.7.2\configuration\resources\lib\bcprov-jdk15on-1.64.jar;C:\Users\Admin\.katalon\packages\KS-9.7.2\configuration\resources\lib\browsermob-core-2.1.5.jar;C:\Users\Admin\.katalon\packages\KS-9.7.2\configuration\resources\lib\byte-buddy-1.14.3.jar;C:\Users\Admin\.katalon\packages\KS-9.7.2\configuration\resources\lib\byte-buddy-agent-1.14.3.jar;C:\Users\Admin\.katalon\packages\KS-9.7.2\configuration\resources\lib\cglib-3.2.10.jar;C:\Users\Admin\.katalon\packages\KS-9.7.2\configuration\resources\lib\commons-codec-1.10.jar;C:\Users\Admin\.katalon\packages\KS-9.7.2\configuration\resources\lib\commons-collections4-4.1.jar;C:\Users\Admin\.katalon\packages\KS-9.7.2\configuration\resources\lib\commons-validator-1.6.jar;C:\Users\Admin\.katalon\packages\KS-9.7.2\configuration\resources\lib\curvesapi-1.04.jar;C:\Users\Admin\.katalon\packages\KS-9.7.2\configuration\resources\lib\dnsjava-2.1.8.jar;C:\Users\Admin\.katalon\packages\KS-9.7.2\configuration\resources\lib\groovy-3.0.17-fat.jar;C:\Users\Admin\.katalon\packages\KS-9.7.2\configuration\resources\lib\jackson-coreutils-2.0.jar;C:\Users\Admin\.katalon\packages\KS-9.7.2\configuration\resources\lib\jackson-coreutils-equivalence-1.0.jar;C:\Users\Admin\.kat
Launcher Type: SUN_STANDARD

[Global flags]
     intx CICompilerCount                          = 3                                         {product} {ergonomic}
     uint ConcGCThreads                            = 1                                         {product} {ergonomic}
     uint G1ConcRefinementThreads                  = 4                                         {product} {ergonomic}
   size_t G1HeapRegionSize                         = 1048576                                   {product} {ergonomic}
    uintx GCDrainStackTargetSize                   = 64                                        {product} {ergonomic}
   size_t InitialHeapSize                          = 134217728                                 {product} {ergonomic}
   size_t MarkStackSize                            = 4194304                                   {product} {ergonomic}
   size_t MaxHeapSize                              = 2147483648                                {product} {command line}
   size_t MaxNewSize                               = 1287651328                                {product} {ergonomic}
   size_t MinHeapDeltaBytes                        = 1048576                                   {product} {ergonomic}
   size_t MinHeapSize                              = 8388608                                   {product} {ergonomic}
    uintx NonNMethodCodeHeapSize                   = 5832780                                {pd product} {ergonomic}
    uintx NonProfiledCodeHeapSize                  = 122912730                              {pd product} {ergonomic}
    uintx ProfiledCodeHeapSize                     = 122912730                              {pd product} {ergonomic}
    uintx ReservedCodeCacheSize                    = 251658240                              {pd product} {ergonomic}
     bool SegmentedCodeCache                       = true                                      {product} {ergonomic}
     bool ShowCodeDetailsInExceptionMessages       = true                                   {manageable} {command line}
   size_t SoftMaxHeapSize                          = 2147483648                             {manageable} {ergonomic}
     bool UseCompressedClassPointers               = true                           {product lp64_product} {ergonomic}
     bool UseCompressedOops                        = true                           {product lp64_product} {ergonomic}
     bool UseG1GC                                  = true                                      {product} {ergonomic}
     bool UseLargePagesIndividualAllocation        = false                                  {pd product} {ergonomic}

Logging:
Log output configuration:
 #0: stdout all=warning uptime,level,tags
 #1: stderr all=off uptime,level,tags

Environment Variables:
JAVA_HOME=C:\Users\Admin\.katalon\packages\KS-9.7.2\jre
PATH=C:/Users/Admin/.katalon/packages/KS-9.7.2/jre/bin/server;C:/Users/Admin/.katalon/packages/KS-9.7.2/jre/bin;C:\Program Files\Common Files\Oracle\Java\javapath;C:\Windows\system32;C:\Windows;C:\Windows\System32\Wbem;C:\Windows\System32\WindowsPowerShell\v1.0\;C:\Windows\System32\OpenSSH\;C:\Program Files\Microsoft SQL Server\Client SDK\ODBC\170\Tools\Binn\;C:\Program Files (x86)\Microsoft SQL Server\150\Tools\Binn\;C:\Program Files\Microsoft SQL Server\150\Tools\Binn\;C:\Program Files\Microsoft SQL Server\150\DTS\Binn\;C:\Program Files (x86)\STMicroelectronics\STM32 ST-LINK Utility\ST-LINK Utility;C:\Program Files\nodejs\;C:\Users\Admin\AppData\Local\Microsoft\WindowsApps;C:\Program Files\JetBrains\IntelliJ IDEA Community Edition 2024.1.4\bin;;C:\Users\Admin\AppData\Roaming\npm;C:\Users\Admin\.katalon\packages\KS-9.7.2;:C:\Users\Admin\.katalon\packages\KS-9.7.2\jre\bin
USERNAME=Admin
OS=Windows_NT
PROCESSOR_IDENTIFIER=Intel64 Family 6 Model 142 Stepping 9, GenuineIntel
TMP=C:\Users\Admin\AppData\Local\Temp
TEMP=C:\Users\Admin\AppData\Local\Temp



---------------  S Y S T E M  ---------------

OS:
 Windows 10 , 64 bit Build 17763 (10.0.17763.6292)
OS uptime: 0 days 8:24 hours
Hyper-V role detected

CPU: total 4 (initial active 4) (2 cores per cpu, 2 threads per core) family 6 model 142 stepping 9 microcode 0xea, cx8, cmov, fxsr, ht, mmx, 3dnowpref, sse, sse2, sse3, ssse3, sse4.1, sse4.2, popcnt, lzcnt, tsc, tscinvbit, avx, avx2, aes, erms, clmul, bmi1, bmi2, adx, fma, vzeroupper, clflush, clflushopt, hv

Memory: 4k page, system-wide physical 8090M (973M free)
TotalPageFile size 14413M (AvailPageFile size 9M)
current process WorkingSet (physical memory assigned to process): 240M, peak: 242M
current process commit charge ("private bytes"): 273M, peak: 275M

vm_info: OpenJDK 64-Bit Server VM (17.0.7+7) for windows-amd64 JRE (17.0.7+7), built on Apr 18 2023 22:10:42 by "temurin" with MS VC++ 16.7 (VS2019)

END.
