#
# There is insufficient memory for the Java Runtime Environment to continue.
# Native memory allocation (malloc) failed to allocate 32744 bytes for ChunkPool::allocate
# Possible reasons:
#   The system is out of physical RAM or swap space
#   The process is running with CompressedOops enabled, and the Java Heap may be blocking the growth of the native heap
# Possible solutions:
#   Reduce memory load on the system
#   Increase physical memory or swap space
#   Check if swap backing store is full
#   Decrease Java heap size (-Xmx/-Xms)
#   Decrease number of Java threads
#   Decrease Java thread stack sizes (-Xss)
#   Set larger code cache with -XX:ReservedCodeCacheSize=
#   JVM is running with Unscaled Compressed Oops mode in which the Java heap is
#     placed in the first 4GB address space. The Java Heap base address is the
#     maximum limit for the native heap growth. Please use -XX:HeapBaseMinAddress
#     to set the Java Heap base and to place the Java Heap above 4GB virtual address.
# This output file may be truncated or incomplete.
#
#  Out of Memory Error (arena.cpp:78), pid=17652, tid=18020
#
# JRE version: OpenJDK Runtime Environment Temurin-17.0.7+7 (17.0.7+7) (build 17.0.7+7)
# Java VM: OpenJDK 64-Bit Server VM Temurin-17.0.7+7 (17.0.7+7, mixed mode, tiered, compressed oops, compressed class ptrs, g1 gc, windows-amd64)
# No core dump will be written. Minidumps are not enabled by default on client versions of Windows
#

---------------  S U M M A R Y ------------

Command Line: -Dgroovy.home=C:\Users\Admin/.groovy -Djava.system.class.loader=groovy.lang.GroovyClassLoader -Xmx2048m -Dfile.encoding=UTF-8 -XX:+ShowCodeDetailsInExceptionMessages org.codehaus.groovy.tools.GroovyStarter --classpath C:\Users\Admin\Katalon Studio\FisrtProject\bin\keyword;C:\Users\Admin\Katalon Studio\FisrtProject\Keywords;C:\Users\Admin\Katalon Studio\FisrtProject\bin\listener;C:\Users\Admin\Katalon Studio\FisrtProject\Test Listeners;C:\Users\Admin\Katalon Studio\FisrtProject\bin\lib;C:\Users\Admin\Katalon Studio\FisrtProject\Libs;C:\Users\Admin\Katalon Studio\FisrtProject\bin\groovy;C:\Users\Admin\Katalon Studio\FisrtProject\Include\scripts\groovy;C:\Users\Admin\.katalon\packages\KS-9.7.2\plugins\com.kms.katalon.core_1.0.0.202409190502.jar;C:\Users\Admin\.katalon\packages\KS-9.7.2\configuration\resources\lib\aalto-xml-1.0.0.jar;C:\Users\Admin\.katalon\packages\KS-9.7.2\configuration\resources\lib\aspectjweaver-1.9.1.jar;C:\Users\Admin\.katalon\packages\KS-9.7.2\configuration\resources\lib\aws-2.20.3-fat.jar;C:\Users\Admin\.katalon\packages\KS-9.7.2\configuration\resources\lib\bcpkix-jdk15on-1.64.jar;C:\Users\Admin\.katalon\packages\KS-9.7.2\configuration\resources\lib\bcprov-jdk15on-1.64.jar;C:\Users\Admin\.katalon\packages\KS-9.7.2\configuration\resources\lib\browsermob-core-2.1.5.jar;C:\Users\Admin\.katalon\packages\KS-9.7.2\configuration\resources\lib\byte-buddy-1.14.3.jar;C:\Users\Admin\.katalon\packages\KS-9.7.2\configuration\resources\lib\byte-buddy-agent-1.14.3.jar;C:\Users\Admin\.katalon\packages\KS-9.7.2\configuration\resources\lib\cglib-3.2.10.jar;C:\Users\Admin\.katalon\packages\KS-9.7.2\configuration\resources\lib\commons-codec-1.10.jar;C:\Users\Admin\.katalon\packages\KS-9.7.2\configuration\resources\lib\commons-collections4-4.1.jar;C:\Users\Admin\.katalon\packages\KS-9.7.2\configuration\resources\lib\commons-validator-1.6.jar;C:\Users\Admin\.katalon\packages\KS-9.7.2\configuration\resources\lib\curvesapi-1.04.jar;C:\Users\Admin\.katalon\packages\KS-9.7.2\configuration\resources\lib\dnsjava-2.1.8.jar;C:\Users\Admin\.katalon\packages\KS-9.7.2\configuration\resources\lib\groovy-3.0.17-fat.jar;C:\Users\Admin\.katalon\packages\KS-9.7.2\configuration\resources\lib\jackson-coreutils-2.0.jar;C:\Users\Admin\.katalon\packages\KS-9.7.2\configuration\resources\lib\jackson-coreutils-equivalence-1.0.jar;C:\Users\Admin\.katalon\packages\KS-9.7.2\configuration\resources\lib\java-client-7.0.0.jar;C:\Users\Admin\.katalon\packages\KS-9.7.2\configuration\resources\lib\javax.servlet-api_3.1.0.jar;C:\Users\Admin\.katalon\packages\KS-9.7.2\configuration\resources\lib\jna-5.12.1.jar;C:\Users\Admin\.katalon\packages\KS-9.7.2\configuration\resources\lib\jna-platform-5.12.1.jar;C:\Users\Admin\.katalon\packages\KS-9.7.2\configuration\resources\lib\json-schema-core-1.2.14.jar;C:\Users\Admin\.katalon\packages\KS-9.7.2\configuration\resources\lib\json-schema-validator-2.2.14.jar;C:\Users\Admin\.katalon\packages\KS-9.7.2\configuration\resources\lib\jzlib-1.1.3.jar;C:\Users\Admin\.katalon\packages\KS-9.7.2\configuration\resources\lib\kat-server.jar;C:\Users\Admin\.katalon\packages\KS-9.7.2\configuration\resources\lib\littleproxy-1.1.0-beta-bmp-17.jar;C:\Users\Admin\.katalon\packages\KS-9.7.2\configuration\resources\lib\log4j-1.2-api-2.17.1.jar;C:\Users\Admin\.katalon\packages\KS-9.7.2\configuration\resources\lib\log4j-api-2.17.1.jar;C:\Users\Admin\.katalon\packages\KS-9.7.2\configuration\resources\lib\log4j-core-2.17.1.jar;C:\Users\Admin\.katalon\packages\KS-9.7.2\configuration\resources\lib\mitm-2.1.5.jar;C:\Users\Admin\.katalon\packages\KS-9.7.2\configuration\resources\lib\mockito-core-5.2.0.jar;C:\Users\Admin\.katalon\packages\KS-9.7.2\configuration\resources\lib\mockito-inline-5.2.0.jar;C:\Users\Admin\.katalon\packages\KS-9.7.2\configuration\resources\lib\netty-all-4.1.109.Final.jar;C:\Users\Admin\.katalon\packages\KS-9.7.2\configuration\resources\lib\objenesis-3.3.jar;C:\Users\Admin\.katalon\packages\KS-9.7.2\configuration\resources\lib\poi-3.17.jar;C:\Users\Admin\.katalon\packages\KS-9.7.2\configuration\resources\lib\poi-ooxml-3.17.jar;C:\Users\Admin\.katalon\packages\KS-9.7.2\configuration\resources\lib\poi-ooxml-schemas-3.17.jar;C:\Users\Admin\.katalon\packages\KS-9.7.2\configuration\resources\lib\proxy-vole-1.0.4-SNAPSHOT-jar-with-dependencies.jar;C:\Users\Admin\.katalon\packages\KS-9.7.2\configuration\resources\lib\repackaged-sikuli-api-1.0.2-standalone.jar;C:\Users\Admin\.katalon\packages\KS-9.7.2\configuration\resources\lib\selenium-leg-rc-3.141.59.jar;C:\Users\Admin\.katalon\packages\KS-9.7.2\configuration\resources\lib\selenium-server-standalone-3.141.59.jar;C:\Users\Admin\.katalon\packages\KS-9.7.2\configuration\resources\lib\selenium-shutterbug-1.1.jar;C:\Users\Admin\.katalon\packages\KS-9.7.2\configuration\resources\lib\slf4j-api-1.7.25.jar;C:\Users\Admin\.katalon\packages\KS-9.7.2\configuration\resources\lib\soap-builder-1.0.0.jar;C:\Users\Admin\.katalon\packages\KS-9.7.2\configuration\resources\lib\soap-common-1.0.0.jar;C:\Users\Admin\.katalon\packages\KS-9.7.2\configuration\resources\lib\soap-legacy-1.0.0.jar;C:\Users\Admin\.katalon\packages\KS-9.7.2\configuration\resources\lib\spring-context-5.3.19.jar;C:\Users\Admin\.katalon\packages\KS-9.7.2\configuration\resources\lib\stax2-api-4.0.0.jar;C:\Users\Admin\.katalon\packages\KS-9.7.2\configuration\resources\lib\su.jar;C:\Users\Admin\.katalon\packages\KS-9.7.2\configuration\resources\lib\swagger-parser-1.0.67-fat.jar;C:\Users\Admin\.katalon\packages\KS-9.7.2\configuration\resources\lib\testng-7.8.0.jar;C:\Users\Admin\.katalon\packages\KS-9.7.2\configuration\resources\lib\uri-template-0.1.jar;C:\Users\Admin\.katalon\packages\KS-9.7.2\configuration\resources\lib\wadl.jar;C:\Users\Admin\.katalon\packages\KS-9.7.2\configuration\resources\lib\xmlbeans-3.1.0.jar;C:\Users\Admin\.katalon\packages\KS-9.7.2\plugins\net.sf.supercsv.super-csv_2.1.0.jar;C:\Users\Admin\.katalon\packages\KS-9.7.2\plugins\org.apache.commons.io_2.4.0.jar;C:\Users\Admin\.katalon\packages\KS-9.7.2\plugins\org.apache.commons.lang_2.6.0.jar;C:\Users\Admin\.katalon\packages\KS-9.7.2\plugins\com.google.gson_2.10.1.v20230109-0753.jar;C:\Users\Admin\.katalon\packages\KS-9.7.2\plugins\org.jsoup_1.14.3.jar;C:\Users\Admin\.katalon\packages\KS-9.7.2\plugins\org.apache.commons.dbutils_1.6.0.jar;C:\Users\Admin\.katalon\packages\KS-9.7.2\plugins\com.oracle.jdbc.ojdbc7_12.1.0.2.jar;C:\Users\Admin\.katalon\packages\KS-9.7.2\plugins\org.postgresql.jdbc_42.7.3.jar;c:\Users\Admin\.katalon\packages\KS-9.7.2\plugins\org.eclipse.osgi_3.18.300.v20230220-1352.jar;C:\Users\Admin\.katalon\packages\KS-9.7.2\plugins\com.kms.katalon.constant_1.0.0.202409190502.jar;C:\Users\Admin\.katalon\packages\KS-9.7.2\plugins\org.eclipse.persistence.eclipselink_2.7.11.jar;C:\Users\Admin\.katalon\packages\KS-9.7.2\plugins\com.kms.katalon.selenium-standalone_1.0.0.202409190502.jar;C:\Users\Admin\.katalon\packages\KS-9.7.2\plugins\atu.testrecorder.screen-recorder_2.1.0.jar;C:\Users\Admin\.katalon\packages\KS-9.7.2\plugins\com.google.guava_32.0.0.jre.jar;C:\Users\Admin\.katalon\packages\KS-9.7.2\plugins\com.kms.katalon.util_1.0.0.202409190502.jar;C:\Users\Admin\.katalon\packages\KS-9.7.2\plugins\org.apache.httpcomponents.httpclient_4.5.14.v20221207-1049.jar;C:\Users\Admin\.katalon\packages\KS-9.7.2\plugins\org.apache.httpcomponents.httpcore_4.4.16.v20221207-1049.jar;C:\Users\Admin\.katalon\packages\KS-9.7.2\plugins\org.apache.httpcomponents.httpmime_4.5.13.jar;C:\Users\Admin\.katalon\packages\KS-9.7.2\plugins\org.apache.commons.lang3_3.14.0.jar;C:\Users\Admin\.katalon\packages\KS-9.7.2\plugins\org.greenrobot.eventbus_3.1.1.jar;C:\Users\Admin\.katalon\packages\KS-9.7.2\plugins\net.bytebuddy.byte-buddy_1.14.15.jar;C:\Users\Admin\.katalon\packages\KS-9.7.2\plugins\org.junit_4.13.2.v20211018-1956.jar;C:\Users\Admin\.katalon\packages\KS-9.7.2\plugins\com.fasterxml.jackson.core.jackson-databind_2.17.1.jar;C:\Users\Admin\.katalon\packages\KS-9.7.2\plugins\com.fasterxml.jackson.core.jackson-core_2.17.1.jar;C:\Users\Admin\.katalon\packages\KS-9.7.2\plugins\com.fasterxml.jackson.core.jackson-annotations_2.17.1.jar;C:\Users\Admin\.katalon\packages\KS-9.7.2\plugins\ch.qos.logback.classic_1.2.13.jar;C:\Users\Admin\.katalon\packages\KS-9.7.2\plugins\ch.qos.logback.core_1.2.13.jar;C:\Users\Admin\.katalon\packages\KS-9.7.2\plugins\slf4j.api_1.7.36.jar;C:\Users\Admin\.katalon\packages\KS-9.7.2\plugins\org.fusesource.jansi_1.17.1.jar;C:\Users\Admin\.katalon\packages\KS-9.7.2\plugins\com.kms.katalon.netlightbody_1.0.0.202409190502.jar;C:\Users\Admin\.katalon\packages\KS-9.7.2\plugins\com.kms.katalon.poi_1.0.0.202409190502.jar;C:\Users\Admin\.katalon\packages\KS-9.7.2\plugins\org.apache.commons.commons-text_1.10.0.jar;C:\Users\Admin\.katalon\packages\KS-9.7.2\plugins\com.kms.katalon.proxyvole_1.0.0.202409190502.jar;C:\Users\Admin\.katalon\packages\KS-9.7.2\plugins\com.microsoft.sqlserver.mssql-jdbc_6.2.2.jre8.jar;C:\Users\Admin\.katalon\packages\KS-9.7.2\plugins\com.github.kklisura.cdt.java-client_2.1.0.jar;C:\Users\Admin\.katalon\packages\KS-9.7.2\plugins\javax.websocket-api_1.1.0.jar;C:\Users\Admin\.katalon\packages\KS-9.7.2\plugins\org.glassfish.tyrus.container-grizzly-client_1.13.1.jar;C:\Users\Admin\.katalon\packages\KS-9.7.2\plugins\org.glassfish.grizzly.http-server_2.3.25.jar;C:\Users\Admin\.katalon\packages\KS-9.7.2\plugins\org.glassfish.grizzly.framework_2.3.25.jar;C:\Users\Admin\.katalon\packages\KS-9.7.2\plugins\org.glassfish.grizzly.http_2.3.25.jar;C:\Users\Admin\.katalon\packages\KS-9.7.2\plugins\org.glassfish.tyrus.client_1.13.1.jar;C:\Users\Admin\.katalon\packages\KS-9.7.2\plugins\org.glassfish.tyrus.core_1.13.1.jar;C:\Users\Admin\.katalon\packages\KS-9.7.2\plugins\org.glassfish.tyrus.spi_1.13.1.jar;C:\Users\Admin\.katalon\packages\KS-9.7.2\plugins\javassist_3.28.0.GA.jar;C:\Users\Admin\.katalon\packages\KS-9.7.2\plugins\graphql-java_17.5.0.jar;C:\Users\Admin\.katalon\packages\KS-9.7.2\plugins\org.glassfish.jaxb.runtime_2.3.6.jar;C:\Users\Admin\.katalon\packages\KS-9.7.2\plugins\org.glassfish.jaxb.txw2_2.3.6.jar;C:\Users\Admin\.katalon\packages\KS-9.7.2\plugins\org.dom4j_2.1.4.jar;C:\Users\Admin\.katalon\packages\KS-9.7.2\plugins\com.kms.katalon.groovy-extended_1.0.0.202409190502.jar;C:\Users\Admin\.katalon\packages\KS-9.7.2\plugins\com.sun.activation.javax.activation_1.2.0.jar;C:\Users\Admin\.katalon\packages\KS-9.7.2\plugins\jakarta.xml.bind-api_2.3.3.jar;C:\Users\Admin\.katalon\packages\KS-9.7.2\plugins\com.sun.xml.bind.jaxb-impl_2.3.6.jar;C:\Users\Admin\.katalon\packages\KS-9.7.2\plugins\org.eclipse.jface_3.29.0.v20230214-1401.jar;C:\Users\Admin\.katalon\packages\KS-9.7.2\plugins\com.kms.katalon.logging_1.0.0.202409190502.jar;C:\Users\Admin\.katalon\packages\KS-9.7.2\plugins\json_20240303.0.0.jar;C:\Users\Admin\.katalon\packages\KS-9.7.2\plugins\assertj-core_3.25.3.jar;C:\Users\Admin\.katalon\packages\KS-9.7.2\plugins\com.networknt.json-schema-validator_1.0.66.jar;C:\Users\Admin\.katalon\packages\KS-9.7.2\plugins\com.kms.katalon.network.apache_1.0.0.202409190502.jar;C:\Users\Admin\.katalon\packages\KS-9.7.2\plugins\org.apache.commons.logging_1.2.0.v20180409-1502.jar;C:\Users\Admin\.katalon\packages\KS-9.7.2\plugins\org.hamcrest.core_1.3.0.v20180420-1519.jar;C:\Users\Admin\.katalon\packages\KS-9.7.2\plugins\org.beanshell.bsh_2.0.0.0b4.jar;C:\Users\Admin\.katalon\packages\KS-9.7.2\plugins\org.apache.ant.launcher_1.9.6.jar;C:\Users\Admin\.katalon\packages\KS-9.7.2\plugins\com.kms.katalon.core.appium_1.0.0.202409190502.jar;C:\Users\Admin\.katalon\packages\KS-9.7.2\plugins\com.kms.katalon.api_1.0.0.202409190502.jar;C:\Users\Admin\.katalon\packages\KS-9.7.2\plugins\org.eclipse.equinox.common_3.17.100.v20230202-1341.jar;C:\Users\Admin\.katalon\packages\KS-9.7.2\plugins\com.kms.katalon.platform.core_1.0.0.202409190502.jar;C:\Users\Admin\.katalon\packages\KS-9.7.2\plugins\com.kms.katalon.common_1.0.0.202409190502.jar;C:\Users\Admin\.katalon\packages\KS-9.7.2\plugins\com.kms.katalon.session.core_1.0.0.202409190502.jar;C:\Users\Admin\.katalon\packages\KS-9.7.2\plugins\org.eclipse.e4.core.contexts_1.11.0.v20220716-0839.jar;C:\Users\Admin\.katalon\packages\KS-9.7.2\plugins\javax.inject_1.0.0.v20220405-0441.jar;C:\Users\Admin\.katalon\packages\KS-9.7.2\plugins\org.eclipse.e4.core.di_1.8.300.v20220817-1539.jar;C:\Users\Admin\.katalon\packages\KS-9.7.2\plugins\com.kms.katalon.network.core_1.0.0.202409190502.jar;C:\Users\Admin\.katalon\packages\KS-9.7.2\plugins\com.kms.katalon.execution.core_1.0.0.202409190502.jar;C:\Users\Admin\.katalon\packages\KS-9.7.2\plugins\org.eclipse.equinox.registry_3.11.200.v20220817-1601.jar;C:\Users\Admin\.katalon\packages\KS-9.7.2\plugins\dev.failsafe_3.3.2.jar;C:\Users\Admin\.katalon\packages\KS-9.7.2\plugins\com.fasterxml.jackson.datatype.jackson-datatype-jsr310_2.17.1.jar;C:\Users\Admin\.katalon\packages\KS-9.7.2\plugins\org.eclipse.e4.core.di.annotations_1.7.200.v20220613-1008.jar;C:\Users\Admin\.katalon\packages\KS-9.7.2\plugins\com.kms.katalon.core.webui_1.0.0.202409190502.jar;C:\Users\Admin\.katalon\packages\KS-9.7.2\plugins\org.eclipse.e4.core.services_2.3.400.v20220915-1347.jar;C:\Users\Admin\.katalon\packages\KS-9.7.2\plugins\com.kms.katalon.core.mobile_1.0.0.202409190502.jar;C:\Users\Admin\.katalon\packages\KS-9.7.2\plugins\org.apache.commons.commons-validator_1.7.0.jar;C:\Users\Admin\.katalon\packages\KS-9.7.2\plugins\com.kms.katalon.core.cucumber_1.0.0.202409190502.jar;C:\Users\Admin\.katalon\packages\KS-9.7.2\plugins\io.cucumber.core_3.0.3.jar;C:\Users\Admin\.katalon\packages\KS-9.7.2\plugins\io.cucumber.datatable_1.1.15.jar;C:\Users\Admin\.katalon\packages\KS-9.7.2\plugins\io.cucumber.datatable-dependencies_1.1.15.jar;C:\Users\Admin\.katalon\packages\KS-9.7.2\plugins\io.cucumber.expressions_5.0.19.jar;C:\Users\Admin\.katalon\packages\KS-9.7.2\plugins\io.cucumber.gherkin_5.0.0.jar;C:\Users\Admin\.katalon\packages\KS-9.7.2\plugins\io.cucumber.html_0.2.7.jar;C:\Users\Admin\.katalon\packages\KS-9.7.2\plugins\io.cucumber.java_3.0.3.jar;C:\Users\Admin\.katalon\packages\KS-9.7.2\plugins\io.cucumber.tag-expressions_1.1.1.jar;C:\Users\Admin\.katalon\packages\KS-9.7.2\plugins\io.cucumber.junit_3.0.3.jar;C:\Users\Admin\.katalon\packages\KS-9.7.2\plugins\com.kms.katalon.core.webservice_1.0.0.202409190502.jar;C:\Users\Admin\.katalon\packages\KS-9.7.2\plugins\wsdl4j_1.6.2.jar;C:\Users\Admin\.katalon\packages\KS-9.7.2\plugins\com.google.oauth-client.google-oauth-client_1.22.0.jar;C:\Users\Admin\.katalon\packages\KS-9.7.2\plugins\com.google.http-client.google-http-client_1.22.0.jar;C:\Users\Admin\.katalon\packages\KS-9.7.2\plugins\ca.juliusdavies.not-yet-commons-ssl_0.3.11.jar;C:\Users\Admin\.katalon\packages\KS-9.7.2\plugins\com.kms.katalon.preferences_1.0.0.202409190502.jar;C:\Users\Admin\.katalon\packages\KS-9.7.2\plugins\org.apache.xmlbeans_3.1.0.jar;C:\Users\Admin\.katalon\packages\KS-9.7.2\plugins\com.kms.katalon.entity_1.0.0.202409190502.jar;C:\Users\Admin\.katalon\packages\KS-9.7.2\plugins\org.antlr.antlr4-runtime_4.9.2.jar;C:\Users\Admin\.katalon\packages\KS-9.7.2\plugins\jakarta.xml.ws-api_2.3.3.jar;C:\Users\Admin\.katalon\packages\KS-9.7.2\plugins\javax.xml.soap-api_1.4.0.jar;C:\Users\Admin\.katalon\packages\KS-9.7.2\plugins\com.atlassian.oai.swagger-request-validator-core_2.38.0.jar;C:\Users\Admin\.katalon\packages\KS-9.7.2\plugins\io.swagger.compat-spec-parser_1.0.67.jar;C:\Users\Admin\.katalon\packages\KS-9.7.2\plugins\io.swagger.core.v3.swagger-annotations_2.2.14.jar;C:\Users\Admin\.katalon\packages\KS-9.7.2\plugins\io.swagger.core.v3.swagger-core_2.2.14.jar;C:\Users\Admin\.katalon\packages\KS-9.7.2\plugins\io.swagger.core.v3.swagger-models_2.2.14.jar;C:\Users\Admin\.katalon\packages\KS-9.7.2\plugins\io.swagger.parser.v3.swagger-parser-core_2.1.16.jar;C:\Users\Admin\.katalon\packages\KS-9.7.2\plugins\io.swagger.parser.v3.swagger-parser-v2-converter_2.1.16.jar;C:\Users\Admin\.katalon\packages\KS-9.7.2\plugins\com.github.java-json-tools.btf_1.3.0.jar;C:\Users\Admin\.katalon\packages\KS-9.7.2\plugins\com.fasterxml.jackson.dataformat.jackson-dataformat-yaml_2.17.1.jar;C:\Users\Admin\.katalon\packages\KS-9.7.2\plugins\org.yaml.snakeyaml_2.2.0.jar;C:\Users\Admin\.katalon\packages\KS-9.7.2\plugins\com.github.java-json-tools.msg-simple_1.2.0.jar;C:\Users\Admin\.katalon\packages\KS-9.7.2\plugins\jackson-core-asl_1.9.13.jar;C:\Users\Admin\.katalon\packages\KS-9.7.2\plugins\joda-time_2.10.5.jar;C:\Users\Admin\.katalon\packages\KS-9.7.2\plugins\javax.mail-api_1.6.2.jar;C:\Users\Admin\.katalon\packages\KS-9.7.2\plugins\com.googlecode.libphonenumber_8.11.1.jar;C:\Users\Admin\.katalon\packages\KS-9.7.2\plugins\com.google.guava.failureaccess_1.0.1.jar;C:\Users\Admin\.katalon\packages\KS-9.7.2\plugins\io.swagger.parser.v3.swagger-parser_2.1.16.jar;C:\Users\Admin\.katalon\packages\KS-9.7.2\plugins\io.swagger.parser.v3.swagger-parser-v3_2.1.16.jar;C:\Users\Admin\.katalon\packages\KS-9.7.2\plugins\io.swagger.parser_1.0.67.jar;C:\Users\Admin\.katalon\packages\KS-9.7.2\plugins\com.kms.katalon.core.windows_1.0.0.202409190502.jar;C:\Users\Admin\.katalon\packages\KS-9.7.2\plugins\com.kms.katalon.core.testng_1.0.0.202409190502.jar;C:\Users\Admin\.katalon\packages\KS-9.7.2\configuration\org.eclipse.osgi\33\0\.cp\resources\basic-report\katalon-studio-report-plugin.jar;C:\Users\Admin\.katalon\packages\KS-9.7.2\plugins\org.codehaus.groovy_3.0.17.v202303311542-e2303\lib\groovy-3.0.17-indy.jar;C:\Users\Admin\.katalon\packages\KS-9.7.2\plugins\org.codehaus.groovy_3.0.17.v202303311542-e2303\lib\ivy-2.5.1.jar --main groovy.ui.GroovyMain --encoding UTF-8 --indy C:\Users\Admin\Katalon Studio\FisrtProject\Libs\TempTestCase1732703671119.groovy

Host: Intel(R) Core(TM) i7-7500U CPU @ 2.70GHz, 4 cores, 7G,  Windows 10 , 64 bit Build 17763 (10.0.17763.6292)
Time: Wed Nov 27 17:35:04 2024 SE Asia Standard Time elapsed time: 33.179741 seconds (0d 0h 0m 33s)

---------------  T H R E A D  ---------------

Current thread (0x00000208cb3c31c0):  JavaThread "main" [_thread_in_vm, id=18020, stack(0x000000f741800000,0x000000f741900000)]

Stack: [0x000000f741800000,0x000000f741900000]
Native frames: (J=compiled Java code, j=interpreted, Vv=VM code, C=native code)
V  [jvm.dll+0x67754a]
V  [jvm.dll+0x834304]
V  [jvm.dll+0x835aae]
V  [jvm.dll+0x836113]
V  [jvm.dll+0x24696f]
V  [jvm.dll+0xac2cc]
V  [jvm.dll+0xac67c]
V  [jvm.dll+0x1e9675]
V  [jvm.dll+0x1ec3a3]
V  [jvm.dll+0x1e1891]
V  [jvm.dll+0x53ea50]
V  [jvm.dll+0x7afc28]
V  [jvm.dll+0x7afd14]
V  [jvm.dll+0x40de05]
V  [jvm.dll+0x413f58]
C  [java.dll+0x17ec]

Java frames: (J=compiled Java code, j=interpreted, Vv=VM code)
J 1268  java.lang.ClassLoader.defineClass1(Ljava/lang/ClassLoader;Ljava/lang/String;[BIILjava/security/ProtectionDomain;Ljava/lang/String;)Ljava/lang/Class; java.base@17.0.7 (0 bytes) @ 0x00000208d65aeddb [0x00000208d65aed20+0x00000000000000bb]
J 1886 c1 java.lang.ClassLoader.defineClass(Ljava/lang/String;[BIILjava/security/ProtectionDomain;)Ljava/lang/Class; java.base@17.0.7 (43 bytes) @ 0x00000208cedb0744 [0x00000208cedb0400+0x0000000000000344]
J 1814 c1 java.security.SecureClassLoader.defineClass(Ljava/lang/String;[BIILjava/security/CodeSource;)Ljava/lang/Class; java.base@17.0.7 (16 bytes) @ 0x00000208ced8ae0c [0x00000208ced8ad40+0x00000000000000cc]
J 1810 c1 java.net.URLClassLoader.defineClass(Ljava/lang/String;Ljdk/internal/loader/Resource;)Ljava/lang/Class; java.base@17.0.7 (224 bytes) @ 0x00000208ced881c4 [0x00000208ced86ba0+0x0000000000001624]
J 1364 c1 java.net.URLClassLoader$1.run()Ljava/lang/Class; java.base@17.0.7 (81 bytes) @ 0x00000208ceca8f04 [0x00000208ceca82c0+0x0000000000000c44]
J 741 c1 java.net.URLClassLoader$1.run()Ljava/lang/Object; java.base@17.0.7 (5 bytes) @ 0x00000208cebaf144 [0x00000208cebaf0c0+0x0000000000000084]
J 355 c1 java.security.AccessController.doPrivileged(Ljava/security/PrivilegedExceptionAction;Ljava/security/AccessControlContext;)Ljava/lang/Object; java.base@17.0.7 (26 bytes) @ 0x00000208ceae04f4 [0x00000208ceae0320+0x00000000000001d4]
J 1039 c1 java.net.URLClassLoader.findClass(Ljava/lang/String;)Ljava/lang/Class; java.base@17.0.7 (47 bytes) @ 0x00000208cec14b34 [0x00000208cec149a0+0x0000000000000194]
J 733 c1 org.codehaus.groovy.tools.RootLoader.loadClass(Ljava/lang/String;Z)Ljava/lang/Class; (65 bytes) @ 0x00000208cebaa45c [0x00000208cebaa0c0+0x000000000000039c]
J 697 c1 java.lang.ClassLoader.loadClass(Ljava/lang/String;)Ljava/lang/Class; java.base@17.0.7 (7 bytes) @ 0x00000208ceb94cbc [0x00000208ceb94bc0+0x00000000000000fc]
v  ~StubRoutines::call_stub
J 1268  java.lang.ClassLoader.defineClass1(Ljava/lang/ClassLoader;Ljava/lang/String;[BIILjava/security/ProtectionDomain;Ljava/lang/String;)Ljava/lang/Class; java.base@17.0.7 (0 bytes) @ 0x00000208d65aeddb [0x00000208d65aed20+0x00000000000000bb]
J 1886 c1 java.lang.ClassLoader.defineClass(Ljava/lang/String;[BIILjava/security/ProtectionDomain;)Ljava/lang/Class; java.base@17.0.7 (43 bytes) @ 0x00000208cedb0744 [0x00000208cedb0400+0x0000000000000344]
J 1814 c1 java.security.SecureClassLoader.defineClass(Ljava/lang/String;[BIILjava/security/CodeSource;)Ljava/lang/Class; java.base@17.0.7 (16 bytes) @ 0x00000208ced8ae0c [0x00000208ced8ad40+0x00000000000000cc]
J 1810 c1 java.net.URLClassLoader.defineClass(Ljava/lang/String;Ljdk/internal/loader/Resource;)Ljava/lang/Class; java.base@17.0.7 (224 bytes) @ 0x00000208ced881c4 [0x00000208ced86ba0+0x0000000000001624]
J 1364 c1 java.net.URLClassLoader$1.run()Ljava/lang/Class; java.base@17.0.7 (81 bytes) @ 0x00000208ceca8f04 [0x00000208ceca82c0+0x0000000000000c44]
J 741 c1 java.net.URLClassLoader$1.run()Ljava/lang/Object; java.base@17.0.7 (5 bytes) @ 0x00000208cebaf144 [0x00000208cebaf0c0+0x0000000000000084]
J 355 c1 java.security.AccessController.doPrivileged(Ljava/security/PrivilegedExceptionAction;Ljava/security/AccessControlContext;)Ljava/lang/Object; java.base@17.0.7 (26 bytes) @ 0x00000208ceae04f4 [0x00000208ceae0320+0x00000000000001d4]
J 1039 c1 java.net.URLClassLoader.findClass(Ljava/lang/String;)Ljava/lang/Class; java.base@17.0.7 (47 bytes) @ 0x00000208cec14b34 [0x00000208cec149a0+0x0000000000000194]
J 733 c1 org.codehaus.groovy.tools.RootLoader.loadClass(Ljava/lang/String;Z)Ljava/lang/Class; (65 bytes) @ 0x00000208cebaa45c [0x00000208cebaa0c0+0x000000000000039c]
J 697 c1 java.lang.ClassLoader.loadClass(Ljava/lang/String;)Ljava/lang/Class; java.base@17.0.7 (7 bytes) @ 0x00000208ceb94cbc [0x00000208ceb94bc0+0x00000000000000fc]
v  ~StubRoutines::call_stub
j  org.apache.logging.log4j.core.selector.ClassLoaderContextSelector.createContext(Ljava/lang/String;Ljava/net/URI;)Lorg/apache/logging/log4j/core/LoggerContext;+0
j  org.apache.logging.log4j.core.selector.ClassLoaderContextSelector.locateContext(Ljava/lang/ClassLoader;Ljava/util/Map$Entry;Ljava/net/URI;)Lorg/apache/logging/log4j/core/LoggerContext;+123
j  org.apache.logging.log4j.core.selector.ClassLoaderContextSelector.getContext(Ljava/lang/String;Ljava/lang/ClassLoader;Ljava/util/Map$Entry;ZLjava/net/URI;)Lorg/apache/logging/log4j/core/LoggerContext;+62
j  org.apache.logging.log4j.core.selector.ClassLoaderContextSelector.getContext(Ljava/lang/String;Ljava/lang/ClassLoader;ZLjava/net/URI;)Lorg/apache/logging/log4j/core/LoggerContext;+7
j  org.apache.logging.log4j.core.selector.ClassLoaderContextSelector.getContext(Ljava/lang/String;Ljava/lang/ClassLoader;Z)Lorg/apache/logging/log4j/core/LoggerContext;+5
j  org.apache.logging.log4j.core.impl.Log4jContextFactory.getContext(Ljava/lang/String;Ljava/lang/ClassLoader;Ljava/lang/Object;Z)Lorg/apache/logging/log4j/core/LoggerContext;+8
j  org.apache.logging.log4j.core.impl.Log4jContextFactory.getContext(Ljava/lang/String;Ljava/lang/ClassLoader;Ljava/lang/Object;Z)Lorg/apache/logging/log4j/spi/LoggerContext;+6
j  org.apache.logging.log4j.LogManager.getContext(Ljava/lang/String;Z)Lorg/apache/logging/log4j/spi/LoggerContext;+7
j  org.apache.log4j.Logger$PrivateManager.getContext()Lorg/apache/logging/log4j/spi/LoggerContext;+4
j  org.apache.log4j.Logger.getLogger(Ljava/lang/String;)Lorg/apache/log4j/Logger;+0
j  org.apache.commons.logging.impl.Log4JLogger.getLogger()Lorg/apache/log4j/Logger;+27
j  org.apache.commons.logging.impl.Log4JLogger.<init>(Ljava/lang/String;)V+16
v  ~StubRoutines::call_stub
J 3541  jdk.internal.reflect.NativeConstructorAccessorImpl.newInstance0(Ljava/lang/reflect/Constructor;[Ljava/lang/Object;)Ljava/lang/Object; java.base@17.0.7 (0 bytes) @ 0x00000208d66f4606 [0x00000208d66f45a0+0x0000000000000066]
J 3016 c1 jdk.internal.reflect.NativeConstructorAccessorImpl.newInstance([Ljava/lang/Object;)Ljava/lang/Object; java.base@17.0.7 (122 bytes) @ 0x00000208cefb7de4 [0x00000208cefb74e0+0x0000000000000904]
J 3152 c1 jdk.internal.reflect.DelegatingConstructorAccessorImpl.newInstance([Ljava/lang/Object;)Ljava/lang/Object; java.base@17.0.7 (9 bytes) @ 0x00000208cf000dbc [0x00000208cf000cc0+0x00000000000000fc]
J 2994 c1 java.lang.reflect.Constructor.newInstanceWithCaller([Ljava/lang/Object;ZLjava/lang/Class;)Ljava/lang/Object; java.base@17.0.7 (75 bytes) @ 0x00000208cefa7ccc [0x00000208cefa7a80+0x000000000000024c]
J 3154 c1 java.lang.reflect.Constructor.newInstance([Ljava/lang/Object;)Ljava/lang/Object; java.base@17.0.7 (34 bytes) @ 0x00000208cf0017ac [0x00000208cf001640+0x000000000000016c]
j  org.apache.commons.logging.impl.LogFactoryImpl.createLogFromClass(Ljava/lang/String;Ljava/lang/String;Z)Lorg/apache/commons/logging/Log;+397
j  org.apache.commons.logging.impl.LogFactoryImpl.discoverLogImplementation(Ljava/lang/String;)Lorg/apache/commons/logging/Log;+187
j  org.apache.commons.logging.impl.LogFactoryImpl.newInstance(Ljava/lang/String;)Lorg/apache/commons/logging/Log;+9
j  org.apache.commons.logging.impl.LogFactoryImpl.getInstance(Ljava/lang/String;)Lorg/apache/commons/logging/Log;+18
j  org.apache.commons.logging.impl.LogFactoryImpl.getInstance(Ljava/lang/Class;)Lorg/apache/commons/logging/Log;+5
j  org.apache.commons.logging.LogFactory.getLog(Ljava/lang/Class;)Lorg/apache/commons/logging/Log;+4
j  org.apache.http.conn.ssl.AbstractVerifier.<init>()V+9
j  org.apache.http.conn.ssl.AllowAllHostnameVerifier.<init>()V+1
j  org.apache.http.conn.ssl.AllowAllHostnameVerifier.<clinit>()V+4
v  ~StubRoutines::call_stub
j  org.apache.http.conn.ssl.SSLConnectionSocketFactory.<clinit>()V+0
v  ~StubRoutines::call_stub
j  com.kms.katalon.core.network.HttpClientProxyBuilder.<clinit>()V+31
v  ~StubRoutines::call_stub
j  com.kms.katalon.core.appium.driver.AppiumRequestService.sendGetRequest(Ljava/lang/String;)Ljava/lang/String;+5
j  com.kms.katalon.core.appium.driver.AppiumRequestService.logAppiumInfo()V+26
j  com.kms.katalon.core.appium.driver.AppiumDriverManager.createMobileDriver(Lcom/kms/katalon/core/driver/IDriverType;Lorg/openqa/selenium/remote/DesiredCapabilities;Ljava/net/URL;)Lio/appium/java_client/AppiumDriver;+164
j  com.kms.katalon.core.appium.driver.AppiumDriverManager.createMobileDriver(Lcom/kms/katalon/core/driver/IDriverType;Ljava/lang/String;Lorg/openqa/selenium/remote/DesiredCapabilities;)Lio/appium/java_client/AppiumDriver;+69
j  com.kms.katalon.core.mobile.keyword.internal.MobileDriverFactory.startMobileDriver(Ljava/lang/String;)Lio/appium/java_client/AppiumDriver;+100
j  com.kms.katalon.core.mobile.keyword.internal.MobileDriverFactory$startMobileDriver.call(Ljava/lang/Object;[Ljava/lang/Object;)Ljava/lang/Object;+15
j  org.codehaus.groovy.runtime.callsite.CallSiteArray.defaultCall(Lorg/codehaus/groovy/runtime/callsite/CallSite;Ljava/lang/Object;[Ljava/lang/Object;)Ljava/lang/Object;+8
j  org.codehaus.groovy.runtime.callsite.AbstractCallSite.call(Ljava/lang/Object;[Ljava/lang/Object;)Ljava/lang/Object;+3
j  org.codehaus.groovy.runtime.callsite.AbstractCallSite.call(Ljava/lang/Object;Ljava/lang/Object;)Ljava/lang/Object;+33
j  com.kms.katalon.core.mobile.keyword.builtin.StartExistingApplicationKeyword$_startApplication_closure1.doCall(Ljava/lang/Object;)Ljava/lang/Object;+67
j  com.kms.katalon.core.mobile.keyword.builtin.StartExistingApplicationKeyword$_startApplication_closure1.doCall()Ljava/lang/Object;+7
v  ~StubRoutines::call_stub
j  jdk.internal.reflect.NativeMethodAccessorImpl.invoke0(Ljava/lang/reflect/Method;Ljava/lang/Object;[Ljava/lang/Object;)Ljava/lang/Object;+0 java.base@17.0.7
j  jdk.internal.reflect.NativeMethodAccessorImpl.invoke(Ljava/lang/Object;[Ljava/lang/Object;)Ljava/lang/Object;+133 java.base@17.0.7
j  jdk.internal.reflect.DelegatingMethodAccessorImpl.invoke(Ljava/lang/Object;[Ljava/lang/Object;)Ljava/lang/Object;+6 java.base@17.0.7
j  java.lang.reflect.Method.invoke(Ljava/lang/Object;[Ljava/lang/Object;)Ljava/lang/Object;+59 java.base@17.0.7
j  org.codehaus.groovy.reflection.CachedMethod.invoke(Ljava/lang/Object;[Ljava/lang/Object;)Ljava/lang/Object;+30
j  groovy.lang.MetaMethod.doMethodInvoke(Ljava/lang/Object;[Ljava/lang/Object;)Ljava/lang/Object;+9
j  org.codehaus.groovy.runtime.metaclass.ClosureMetaClass.invokeMethod(Ljava/lang/Class;Ljava/lang/Object;Ljava/lang/String;[Ljava/lang/Object;ZZ)Ljava/lang/Object;+225
j  groovy.lang.MetaClassImpl.invokeMethod(Ljava/lang/Object;Ljava/lang/String;[Ljava/lang/Object;)Ljava/lang/Object;+10
j  groovy.lang.Closure.call([Ljava/lang/Object;)Ljava/lang/Object;+8
j  groovy.lang.Closure.call()Ljava/lang/Object;+6
j  com.kms.katalon.core.mobile.keyword.internal.MobileKeywordMain.runKeyword(Lgroovy/lang/Closure;Lcom/kms/katalon/core/model/FailureHandling;Lcom/kms/katalon/core/model/TakeScreenshotOption;Ljava/lang/String;)Ljava/lang/Object;+13
j  com.kms.katalon.core.mobile.keyword.internal.MobileKeywordMain$runKeyword.call(Ljava/lang/Object;[Ljava/lang/Object;)Ljava/lang/Object;+33
j  org.codehaus.groovy.runtime.callsite.CallSiteArray.defaultCall(Lorg/codehaus/groovy/runtime/callsite/CallSite;Ljava/lang/Object;[Ljava/lang/Object;)Ljava/lang/Object;+8
j  org.codehaus.groovy.runtime.callsite.AbstractCallSite.call(Ljava/lang/Object;[Ljava/lang/Object;)Ljava/lang/Object;+3
j  org.codehaus.groovy.runtime.callsite.AbstractCallSite.call(Ljava/lang/Object;Ljava/lang/Object;Ljava/lang/Object;Ljava/lang/Object;Ljava/lang/Object;)Ljava/lang/Object;+46
j  com.kms.katalon.core.mobile.keyword.builtin.StartExistingApplicationKeyword.startApplication(Ljava/lang/String;Lcom/kms/katalon/core/model/FailureHandling;)V+219
j  com.kms.katalon.core.mobile.keyword.builtin.StartExistingApplicationKeyword.execute([Ljava/lang/Object;)Ljava/lang/Object;+68
j  com.kms.katalon.core.keyword.internal.KeywordExecutor.executeKeywordForPlatform(Ljava/lang/String;Ljava/lang/String;[Ljava/lang/Object;)Ljava/lang/Object;+161
j  com.kms.katalon.core.mobile.keyword.MobileBuiltInKeywords.startExistingApplication(Ljava/lang/String;Lcom/kms/katalon/core/model/FailureHandling;)V+17
j  java.lang.invoke.LambdaForm$DMH+0x00000001000e8400.invokeStaticInit(Ljava/lang/Object;Ljava/lang/Object;Ljava/lang/Object;)V+11 java.base@17.0.7
j  java.lang.invoke.LambdaForm$MH+0x0000000100398000.invoke(Ljava/lang/Object;Ljava/lang/Object;Ljava/lang/Object;Ljava/lang/Object;)Ljava/lang/Object;+54 java.base@17.0.7
j  java.lang.invoke.LambdaForm$MH+0x0000000100331000.guardWithCatch(Ljava/lang/Object;Ljava/lang/Object;Ljava/lang/Object;Ljava/lang/Object;)Ljava/lang/Object;+43 java.base@17.0.7
j  java.lang.invoke.LambdaForm$MH+0x0000000100331800.reinvoke(Ljava/lang/Object;Ljava/lang/Object;Ljava/lang/Object;Ljava/lang/Object;)Ljava/lang/Object;+23 java.base@17.0.7
j  java.lang.invoke.LambdaForm$MH+0x0000000100331c00.guard(Ljava/lang/Object;Ljava/lang/Object;Ljava/lang/Object;Ljava/lang/Object;)Ljava/lang/Object;+78 java.base@17.0.7
j  java.lang.invoke.LambdaForm$MH+0x0000000100331800.reinvoke(Ljava/lang/Object;Ljava/lang/Object;Ljava/lang/Object;Ljava/lang/Object;)Ljava/lang/Object;+23 java.base@17.0.7
j  java.lang.invoke.LambdaForm$MH+0x0000000100331c00.guard(Ljava/lang/Object;Ljava/lang/Object;Ljava/lang/Object;Ljava/lang/Object;)Ljava/lang/Object;+78 java.base@17.0.7
j  java.lang.invoke.LambdaForm$MH+0x0000000100331800.reinvoke(Ljava/lang/Object;Ljava/lang/Object;Ljava/lang/Object;Ljava/lang/Object;)Ljava/lang/Object;+23 java.base@17.0.7
j  java.lang.invoke.LambdaForm$MH+0x0000000100331c00.guard(Ljava/lang/Object;Ljava/lang/Object;Ljava/lang/Object;Ljava/lang/Object;)Ljava/lang/Object;+78 java.base@17.0.7
j  java.lang.invoke.LambdaForm$MH+0x0000000100331800.reinvoke(Ljava/lang/Object;Ljava/lang/Object;Ljava/lang/Object;Ljava/lang/Object;)Ljava/lang/Object;+23 java.base@17.0.7
j  java.lang.invoke.LambdaForm$MH+0x0000000100331c00.guard(Ljava/lang/Object;Ljava/lang/Object;Ljava/lang/Object;Ljava/lang/Object;)Ljava/lang/Object;+78 java.base@17.0.7
j  java.lang.invoke.LambdaForm$MH+0x0000000100331800.reinvoke(Ljava/lang/Object;Ljava/lang/Object;Ljava/lang/Object;Ljava/lang/Object;)Ljava/lang/Object;+23 java.base@17.0.7
j  java.lang.invoke.LambdaForm$MH+0x0000000100394400.invoke(Ljava/lang/Object;Ljava/lang/Object;)Ljava/lang/Object;+122 java.base@17.0.7
j  java.lang.invoke.LambdaForm$MH+0x0000000100284c00.invokeExact_MT(Ljava/lang/Object;Ljava/lang/Object;Ljava/lang/Object;)Ljava/lang/Object;+19 java.base@17.0.7
j  org.codehaus.groovy.vmplugin.v8.IndyInterface.fromCache(Ljava/lang/invoke/MutableCallSite;Ljava/lang/Class;Ljava/lang/String;ILjava/lang/Boolean;Ljava/lang/Boolean;Ljava/lang/Boolean;Ljava/lang/Object;[Ljava/lang/Object;)Ljava/lang/Object;+124
j  java.lang.invoke.LambdaForm$DMH+0x0000000100273000.invokeStatic(Ljava/lang/Object;Ljava/lang/Object;Ljava/lang/Object;Ljava/lang/Object;ILjava/lang/Object;Ljava/lang/Object;Ljava/lang/Object;Ljava/lang/Object;Ljava/lang/Object;)Ljava/lang/Object;+26 java.base@17.0.7
j  java.lang.invoke.LambdaForm$MH+0x0000000100330400.invoke(Ljava/lang/Object;Ljava/lang/Object;Ljava/lang/Object;Ljava/lang/Object;)Ljava/lang/Object;+101 java.base@17.0.7
j  java.lang.invoke.Invokers$Holder.linkToCallSite(Ljava/lang/Object;Ljava/lang/Object;Ljava/lang/Object;Ljava/lang/Object;)Ljava/lang/Object;+17 java.base@17.0.7
j  Script1732697682999.run()Ljava/lang/Object;+95
j  com.kms.katalon.core.main.ScriptEngine.run(Lgroovy/lang/GroovyCodeSource;Lgroovy/lang/Binding;Z)Ljava/lang/Object;+7
j  com.kms.katalon.core.main.ScriptEngine.runScriptAsRawText(Ljava/lang/String;Ljava/lang/String;Lgroovy/lang/Binding;Ljava/lang/String;)Ljava/lang/Object;+68
j  com.kms.katalon.core.main.TestCaseExecutor.runScript(Ljava/io/File;)Ljava/lang/Object;+32
j  com.kms.katalon.core.main.TestCaseExecutor.doExecute()V+9
j  com.kms.katalon.core.main.TestCaseExecutor.processExecutionPhase()V+12
j  com.kms.katalon.core.main.TestCaseExecutor.accessMainPhase()V+9
j  com.kms.katalon.core.main.TestCaseExecutor.execute(Lcom/kms/katalon/core/model/FailureHandling;)Lcom/kms/katalon/core/main/TestResult;+1449
j  com.kms.katalon.core.main.TestCaseMain.runTestCase(Ljava/lang/String;Lcom/kms/katalon/core/testcase/TestCaseBinding;Lcom/kms/katalon/core/model/FailureHandling;ZZ)Lcom/kms/katalon/core/main/TestResult;+41
j  com.kms.katalon.core.main.TestCaseMain.runTestCase(Ljava/lang/String;Lcom/kms/katalon/core/testcase/TestCaseBinding;Lcom/kms/katalon/core/model/FailureHandling;Z)Lcom/kms/katalon/core/main/TestResult;+5
j  java.lang.invoke.LambdaForm$DMH+0x0000000100271800.invokeStatic(Ljava/lang/Object;Ljava/lang/Object;Ljava/lang/Object;Ljava/lang/Object;I)Ljava/lang/Object;+16 java.base@17.0.7
j  java.lang.invoke.LambdaForm$MH+0x000000010033b000.invoke(Ljava/lang/Object;Ljava/lang/Object;Ljava/lang/Object;Ljava/lang/Object;Ljava/lang/Object;I)Ljava/lang/Object;+58 java.base@17.0.7
j  java.lang.invoke.LambdaForm$MH+0x000000010033c400.guardWithCatch(Ljava/lang/Object;Ljava/lang/Object;Ljava/lang/Object;Ljava/lang/Object;Ljava/lang/Object;I)Ljava/lang/Object;+47 java.base@17.0.7
j  java.lang.invoke.LambdaForm$MH+0x000000010033d000.reinvoke(Ljava/lang/Object;Ljava/lang/Object;Ljava/lang/Object;Ljava/lang/Object;Ljava/lang/Object;I)Ljava/lang/Object;+27 java.base@17.0.7
j  java.lang.invoke.LambdaForm$MH+0x000000010033d400.guard(Ljava/lang/Object;Ljava/lang/Object;Ljava/lang/Object;Ljava/lang/Object;Ljava/lang/Object;I)Ljava/lang/Object;+86 java.base@17.0.7
j  java.lang.invoke.LambdaForm$MH+0x000000010033d000.reinvoke(Ljava/lang/Object;Ljava/lang/Object;Ljava/lang/Object;Ljava/lang/Object;Ljava/lang/Object;I)Ljava/lang/Object;+27 java.base@17.0.7
j  java.lang.invoke.LambdaForm$MH+0x000000010033d400.guard(Ljava/lang/Object;Ljava/lang/Object;Ljava/lang/Object;Ljava/lang/Object;Ljava/lang/Object;I)Ljava/lang/Object;+86 java.base@17.0.7
j  java.lang.invoke.LambdaForm$MH+0x000000010033d000.reinvoke(Ljava/lang/Object;Ljava/lang/Object;Ljava/lang/Object;Ljava/lang/Object;Ljava/lang/Object;I)Ljava/lang/Object;+27 java.base@17.0.7
j  java.lang.invoke.LambdaForm$MH+0x000000010033d400.guard(Ljava/lang/Object;Ljava/lang/Object;Ljava/lang/Object;Ljava/lang/Object;Ljava/lang/Object;I)Ljava/lang/Object;+86 java.base@17.0.7
j  java.lang.invoke.LambdaForm$MH+0x000000010033d000.reinvoke(Ljava/lang/Object;Ljava/lang/Object;Ljava/lang/Object;Ljava/lang/Object;Ljava/lang/Object;I)Ljava/lang/Object;+27 java.base@17.0.7
j  java.lang.invoke.LambdaForm$MH+0x000000010033d400.guard(Ljava/lang/Object;Ljava/lang/Object;Ljava/lang/Object;Ljava/lang/Object;Ljava/lang/Object;I)Ljava/lang/Object;+86 java.base@17.0.7
j  java.lang.invoke.LambdaForm$MH+0x000000010033d000.reinvoke(Ljava/lang/Object;Ljava/lang/Object;Ljava/lang/Object;Ljava/lang/Object;Ljava/lang/Object;I)Ljava/lang/Object;+27 java.base@17.0.7
j  java.lang.invoke.LambdaForm$MH+0x000000010033d400.guard(Ljava/lang/Object;Ljava/lang/Object;Ljava/lang/Object;Ljava/lang/Object;Ljava/lang/Object;I)Ljava/lang/Object;+86 java.base@17.0.7
j  java.lang.invoke.LambdaForm$MH+0x000000010033d000.reinvoke(Ljava/lang/Object;Ljava/lang/Object;Ljava/lang/Object;Ljava/lang/Object;Ljava/lang/Object;I)Ljava/lang/Object;+27 java.base@17.0.7
j  java.lang.invoke.LambdaForm$MH+0x000000010033f800.invoke(Ljava/lang/Object;Ljava/lang/Object;)Ljava/lang/Object;+177 java.base@17.0.7
j  java.lang.invoke.LambdaForm$MH+0x0000000100284c00.invokeExact_MT(Ljava/lang/Object;Ljava/lang/Object;Ljava/lang/Object;)Ljava/lang/Object;+19 java.base@17.0.7
j  org.codehaus.groovy.vmplugin.v8.IndyInterface.fromCache(Ljava/lang/invoke/MutableCallSite;Ljava/lang/Class;Ljava/lang/String;ILjava/lang/Boolean;Ljava/lang/Boolean;Ljava/lang/Boolean;Ljava/lang/Object;[Ljava/lang/Object;)Ljava/lang/Object;+124
j  java.lang.invoke.LambdaForm$DMH+0x0000000100273000.invokeStatic(Ljava/lang/Object;Ljava/lang/Object;Ljava/lang/Object;Ljava/lang/Object;ILjava/lang/Object;Ljava/lang/Object;Ljava/lang/Object;Ljava/lang/Object;Ljava/lang/Object;)Ljava/lang/Object;+26 java.base@17.0.7
j  java.lang.invoke.LambdaForm$MH+0x0000000100339800.invoke(Ljava/lang/Object;Ljava/lang/Object;Ljava/lang/Object;Ljava/lang/Object;Ljava/lang/Object;I)Ljava/lang/Object;+123 java.base@17.0.7
j  java.lang.invoke.LambdaForm$MH+0x0000000100339c00.linkToCallSite(Ljava/lang/Object;Ljava/lang/Object;Ljava/lang/Object;Ljava/lang/Object;ILjava/lang/Object;)Ljava/lang/Object;+21 java.base@17.0.7
j  TempTestCase1732703671119.run()Ljava/lang/Object;+146
j  groovy.lang.GroovyShell.runScriptOrMainOrTestOrRunnable(Ljava/lang/Class;[Ljava/lang/String;)Ljava/lang/Object;+37
j  groovy.lang.GroovyShell.run(Lgroovy/lang/GroovyCodeSource;[Ljava/lang/String;)Ljava/lang/Object;+9
j  groovy.lang.GroovyShell.run(Lgroovy/lang/GroovyCodeSource;Ljava/util/List;)Ljava/lang/Object;+14
j  groovy.ui.GroovyMain.processOnce()V+39
j  groovy.ui.GroovyMain.run()Z+29
j  groovy.ui.GroovyMain.access$1400(Lgroovy/ui/GroovyMain;)Z+1
j  groovy.ui.GroovyMain$GroovyCommand.process(Lgroovyjarjarpicocli/CommandLine;)Z+593
j  groovy.ui.GroovyMain.processArgs([Ljava/lang/String;Ljava/io/PrintStream;Ljava/io/PrintStream;)V+69
j  groovy.ui.GroovyMain.main([Ljava/lang/String;)V+7
v  ~StubRoutines::call_stub
j  jdk.internal.reflect.NativeMethodAccessorImpl.invoke0(Ljava/lang/reflect/Method;Ljava/lang/Object;[Ljava/lang/Object;)Ljava/lang/Object;+0 java.base@17.0.7
j  jdk.internal.reflect.NativeMethodAccessorImpl.invoke(Ljava/lang/Object;[Ljava/lang/Object;)Ljava/lang/Object;+133 java.base@17.0.7
j  jdk.internal.reflect.DelegatingMethodAccessorImpl.invoke(Ljava/lang/Object;[Ljava/lang/Object;)Ljava/lang/Object;+6 java.base@17.0.7
j  java.lang.reflect.Method.invoke(Ljava/lang/Object;[Ljava/lang/Object;)Ljava/lang/Object;+59 java.base@17.0.7
j  org.codehaus.groovy.tools.GroovyStarter.rootLoader([Ljava/lang/String;)V+439
j  org.codehaus.groovy.tools.GroovyStarter.main([Ljava/lang/String;)V+1
v  ~StubRoutines::call_stub

---------------  P R O C E S S  ---------------

Threads class SMR info:
_java_thread_list=0x00000208eba79b70, length=20, elements={
0x00000208cb3c31c0, 0x00000208e4b9c620, 0x00000208e4b9e460, 0x00000208e4b81c40,
0x00000208e4b82700, 0x00000208e4b854d0, 0x00000208e4b85d90, 0x00000208e4b86980,
0x00000208e4c2cbb0, 0x00000208e4c33cb0, 0x00000208e4d49d10, 0x00000208e98c76d0,
0x00000208eb6ae220, 0x00000208eb6b03d0, 0x00000208eb6b0d70, 0x00000208eb6aebc0,
0x00000208eb6af560, 0x00000208eb6b08a0, 0x00000208eb6ad3b0, 0x00000208eb85da40
}

Java Threads: ( => current thread )
=>0x00000208cb3c31c0 JavaThread "main" [_thread_in_vm, id=18020, stack(0x000000f741800000,0x000000f741900000)]
  0x00000208e4b9c620 JavaThread "Reference Handler" daemon [_thread_blocked, id=3344, stack(0x000000f741f00000,0x000000f742000000)]
  0x00000208e4b9e460 JavaThread "Finalizer" daemon [_thread_blocked, id=14808, stack(0x000000f742000000,0x000000f742100000)]
  0x00000208e4b81c40 JavaThread "Signal Dispatcher" daemon [_thread_blocked, id=9784, stack(0x000000f742100000,0x000000f742200000)]
  0x00000208e4b82700 JavaThread "Attach Listener" daemon [_thread_blocked, id=15164, stack(0x000000f742200000,0x000000f742300000)]
  0x00000208e4b854d0 JavaThread "Service Thread" daemon [_thread_blocked, id=7628, stack(0x000000f742300000,0x000000f742400000)]
  0x00000208e4b85d90 JavaThread "Monitor Deflation Thread" daemon [_thread_blocked, id=6760, stack(0x000000f742400000,0x000000f742500000)]
  0x00000208e4b86980 JavaThread "C2 CompilerThread0" daemon [_thread_in_native, id=16376, stack(0x000000f742500000,0x000000f742600000)]
  0x00000208e4c2cbb0 JavaThread "C1 CompilerThread0" daemon [_thread_blocked, id=18400, stack(0x000000f742600000,0x000000f742700000)]
  0x00000208e4c33cb0 JavaThread "Sweeper thread" daemon [_thread_blocked, id=18156, stack(0x000000f742700000,0x000000f742800000)]
  0x00000208e4d49d10 JavaThread "Common-Cleaner" daemon [_thread_blocked, id=11408, stack(0x000000f742800000,0x000000f742900000)]
  0x00000208e98c76d0 JavaThread "Notification Thread" daemon [_thread_blocked, id=3888, stack(0x000000f742b00000,0x000000f742c00000)]
  0x00000208eb6ae220 JavaThread "Thread-0" [_thread_blocked, id=16136, stack(0x000000f742f00000,0x000000f743000000)]
  0x00000208eb6b03d0 JavaThread "UrlChecker-2" daemon [_thread_blocked, id=17532, stack(0x000000f743000000,0x000000f743100000)]
  0x00000208eb6b0d70 JavaThread "ForkJoinPool.commonPool-worker-1" daemon [_thread_blocked, id=15324, stack(0x000000f743300000,0x000000f743400000)]
  0x00000208eb6aebc0 JavaThread "ForkJoinPool.commonPool-worker-2" daemon [_thread_blocked, id=13260, stack(0x000000f743400000,0x000000f743500000)]
  0x00000208eb6af560 JavaThread "ForkJoinPool.commonPool-worker-3" daemon [_thread_blocked, id=18084, stack(0x000000f743500000,0x000000f743600000)]
  0x00000208eb6b08a0 JavaThread "OkHttp ConnectionPool" daemon [_thread_blocked, id=15792, stack(0x000000f743600000,0x000000f743700000)]
  0x00000208eb6ad3b0 JavaThread "Okio Watchdog" daemon [_thread_blocked, id=3136, stack(0x000000f743700000,0x000000f743800000)]
  0x00000208eb85da40 JavaThread "C2 CompilerThread1" daemon [_thread_in_native, id=8428, stack(0x000000f742d00000,0x000000f742e00000)]

Other Threads:
  0x00000208e4b3e8a0 VMThread "VM Thread" [stack: 0x000000f741e00000,0x000000f741f00000] [id=4792]
  0x00000208e98127b0 WatcherThread [stack: 0x000000f742c00000,0x000000f742d00000] [id=5760]
  0x00000208cb41cf30 GCTaskThread "GC Thread#0" [stack: 0x000000f741900000,0x000000f741a00000] [id=16344]
  0x00000208e92b9160 GCTaskThread "GC Thread#1" [stack: 0x000000f742900000,0x000000f742a00000] [id=15944]
  0x00000208e4ef0cc0 GCTaskThread "GC Thread#2" [stack: 0x000000f742a00000,0x000000f742b00000] [id=5144]
  0x00000208e9a4b4b0 GCTaskThread "GC Thread#3" [stack: 0x000000f742e00000,0x000000f742f00000] [id=13156]
  0x00000208cb42ed90 ConcurrentGCThread "G1 Main Marker" [stack: 0x000000f741a00000,0x000000f741b00000] [id=15808]
  0x00000208cb4303b0 ConcurrentGCThread "G1 Conc#0" [stack: 0x000000f741b00000,0x000000f741c00000] [id=18364]
  0x00000208e49c6540 ConcurrentGCThread "G1 Refine#0" [stack: 0x000000f741c00000,0x000000f741d00000] [id=14340]
  0x00000208e49c7a70 ConcurrentGCThread "G1 Service" [stack: 0x000000f741d00000,0x000000f741e00000] [id=14088]

Threads with active compile tasks:
C2 CompilerThread0    33223 4920       4       jdk.internal.org.objectweb.asm.Frame::execute (2305 bytes)
C2 CompilerThread1    33223 4998   !   4       java.util.jar.Attributes::read (494 bytes)

VM state: not at safepoint (normal execution)

VM Mutex/Monitor currently owned by a thread: None

Heap address: 0x0000000080000000, size: 2048 MB, Compressed Oops mode: 32-bit

CDS archive(s) not mapped
Compressed class space mapped at: 0x0000000100000000-0x0000000140000000, reserved size: 1073741824
Narrow klass base: 0x0000000000000000, Narrow klass shift: 3, Narrow klass range: 0x140000000

GC Precious Log:
 CPUs: 4 total, 4 available
 Memory: 8090M
 Large Page Support: Disabled
 NUMA Support: Disabled
 Compressed Oops: Enabled (32-bit)
 Heap Region Size: 1M
 Heap Min Capacity: 8M
 Heap Initial Capacity: 128M
 Heap Max Capacity: 2G
 Pre-touch: Disabled
 Parallel Workers: 4
 Concurrent Workers: 1
 Concurrent Refinement Workers: 4
 Periodic GC: Disabled

Heap:
 garbage-first heap   total 97280K, used 67728K [0x0000000080000000, 0x0000000100000000)
  region size 1024K, 39 young (39936K), 3 survivors (3072K)
 Metaspace       used 41686K, committed 42240K, reserved 1114112K
  class space    used 4626K, committed 4864K, reserved 1048576K

Heap Regions: E=young(eden), S=young(survivor), O=old, HS=humongous(starts), HC=humongous(continues), CS=collection set, F=free, OA=open archive, CA=closed archive, TAMS=top-at-mark-start (previous, next)
|   0|0x0000000080000000, 0x0000000080100000, 0x0000000080100000|100%|HS|  |TAMS 0x0000000080100000, 0x0000000080000000| Complete 
|   1|0x0000000080100000, 0x0000000080200000, 0x0000000080200000|100%|HS|  |TAMS 0x0000000080200000, 0x0000000080100000| Complete 
|   2|0x0000000080200000, 0x0000000080300000, 0x0000000080300000|100%| O|  |TAMS 0x0000000080300000, 0x0000000080200000| Untracked 
|   3|0x0000000080300000, 0x0000000080400000, 0x0000000080400000|100%| O|  |TAMS 0x0000000080400000, 0x0000000080300000| Untracked 
|   4|0x0000000080400000, 0x0000000080500000, 0x0000000080500000|100%| O|  |TAMS 0x0000000080500000, 0x0000000080400000| Untracked 
|   5|0x0000000080500000, 0x0000000080600000, 0x0000000080600000|100%| O|  |TAMS 0x0000000080600000, 0x0000000080500000| Untracked 
|   6|0x0000000080600000, 0x0000000080700000, 0x0000000080700000|100%| O|  |TAMS 0x0000000080700000, 0x0000000080600000| Untracked 
|   7|0x0000000080700000, 0x0000000080800000, 0x0000000080800000|100%| O|  |TAMS 0x0000000080800000, 0x0000000080700000| Untracked 
|   8|0x0000000080800000, 0x0000000080900000, 0x0000000080900000|100%| O|  |TAMS 0x0000000080900000, 0x0000000080800000| Untracked 
|   9|0x0000000080900000, 0x0000000080a00000, 0x0000000080a00000|100%|HS|  |TAMS 0x0000000080a00000, 0x0000000080900000| Complete 
|  10|0x0000000080a00000, 0x0000000080b00000, 0x0000000080b00000|100%| O|  |TAMS 0x0000000080b00000, 0x0000000080a00000| Untracked 
|  11|0x0000000080b00000, 0x0000000080c00000, 0x0000000080c00000|100%| O|  |TAMS 0x0000000080c00000, 0x0000000080b00000| Untracked 
|  12|0x0000000080c00000, 0x0000000080d00000, 0x0000000080d00000|100%| O|  |TAMS 0x0000000080d00000, 0x0000000080c00000| Untracked 
|  13|0x0000000080d00000, 0x0000000080e00000, 0x0000000080e00000|100%| O|  |TAMS 0x0000000080e00000, 0x0000000080d00000| Untracked 
|  14|0x0000000080e00000, 0x0000000080f00000, 0x0000000080f00000|100%| O|  |TAMS 0x0000000080f00000, 0x0000000080e00000| Untracked 
|  15|0x0000000080f00000, 0x0000000081000000, 0x0000000081000000|100%| O|  |TAMS 0x0000000081000000, 0x0000000080f00000| Untracked 
|  16|0x0000000081000000, 0x0000000081100000, 0x0000000081100000|100%| O|  |TAMS 0x0000000081100000, 0x0000000081000000| Untracked 
|  17|0x0000000081100000, 0x0000000081200000, 0x0000000081200000|100%| O|  |TAMS 0x0000000081200000, 0x0000000081100000| Untracked 
|  18|0x0000000081200000, 0x0000000081300000, 0x0000000081300000|100%| O|  |TAMS 0x0000000081300000, 0x0000000081200000| Untracked 
|  19|0x0000000081300000, 0x0000000081400000, 0x0000000081400000|100%| O|  |TAMS 0x0000000081400000, 0x0000000081300000| Untracked 
|  20|0x0000000081400000, 0x000000008146c000, 0x0000000081500000| 42%| O|  |TAMS 0x000000008146c000, 0x0000000081400000| Untracked 
|  21|0x0000000081500000, 0x0000000081600000, 0x0000000081600000|100%| O|  |TAMS 0x0000000081600000, 0x0000000081500000| Untracked 
|  22|0x0000000081600000, 0x0000000081700000, 0x0000000081700000|100%| O|  |TAMS 0x0000000081700000, 0x0000000081600000| Untracked 
|  23|0x0000000081700000, 0x0000000081800000, 0x0000000081800000|100%| O|  |TAMS 0x0000000081745a00, 0x0000000081700000| Untracked 
|  24|0x0000000081800000, 0x0000000081900000, 0x0000000081900000|100%| O|  |TAMS 0x0000000081900000, 0x0000000081800000| Untracked 
|  25|0x0000000081900000, 0x0000000081a00000, 0x0000000081a00000|100%| O|  |TAMS 0x0000000081a00000, 0x0000000081900000| Untracked 
|  26|0x0000000081a00000, 0x0000000081b00000, 0x0000000081b00000|100%| O|  |TAMS 0x0000000081a00000, 0x0000000081a00000| Untracked 
|  27|0x0000000081b00000, 0x0000000081b2e800, 0x0000000081c00000| 18%| O|  |TAMS 0x0000000081b00000, 0x0000000081b00000| Untracked 
|  28|0x0000000081c00000, 0x0000000081c00000, 0x0000000081d00000|  0%| F|  |TAMS 0x0000000081c00000, 0x0000000081c00000| Untracked 
|  29|0x0000000081d00000, 0x0000000081d00000, 0x0000000081e00000|  0%| F|  |TAMS 0x0000000081d00000, 0x0000000081d00000| Untracked 
|  30|0x0000000081e00000, 0x0000000081e00000, 0x0000000081f00000|  0%| F|  |TAMS 0x0000000081e00000, 0x0000000081e00000| Untracked 
|  31|0x0000000081f00000, 0x0000000082000000, 0x0000000082000000|100%| O|  |TAMS 0x0000000082000000, 0x0000000081f00000| Untracked 
|  32|0x0000000082000000, 0x0000000082100000, 0x0000000082100000|100%| O|  |TAMS 0x0000000082100000, 0x0000000082000000| Untracked 
|  33|0x0000000082100000, 0x0000000082200000, 0x0000000082200000|100%| O|  |TAMS 0x0000000082200000, 0x0000000082100000| Untracked 
|  34|0x0000000082200000, 0x0000000082200000, 0x0000000082300000|  0%| F|  |TAMS 0x0000000082200000, 0x0000000082200000| Untracked 
|  35|0x0000000082300000, 0x0000000082300000, 0x0000000082400000|  0%| F|  |TAMS 0x0000000082300000, 0x0000000082300000| Untracked 
|  36|0x0000000082400000, 0x0000000082400000, 0x0000000082500000|  0%| F|  |TAMS 0x0000000082400000, 0x0000000082400000| Untracked 
|  37|0x0000000082500000, 0x0000000082500000, 0x0000000082600000|  0%| F|  |TAMS 0x0000000082500000, 0x0000000082500000| Untracked 
|  38|0x0000000082600000, 0x0000000082600000, 0x0000000082700000|  0%| F|  |TAMS 0x0000000082600000, 0x0000000082600000| Untracked 
|  39|0x0000000082700000, 0x0000000082700000, 0x0000000082800000|  0%| F|  |TAMS 0x0000000082700000, 0x0000000082700000| Untracked 
|  40|0x0000000082800000, 0x0000000082800000, 0x0000000082900000|  0%| F|  |TAMS 0x0000000082800000, 0x0000000082800000| Untracked 
|  41|0x0000000082900000, 0x0000000082900000, 0x0000000082a00000|  0%| F|  |TAMS 0x0000000082900000, 0x0000000082900000| Untracked 
|  42|0x0000000082a00000, 0x0000000082a00000, 0x0000000082b00000|  0%| F|  |TAMS 0x0000000082a00000, 0x0000000082a00000| Untracked 
|  43|0x0000000082b00000, 0x0000000082b00000, 0x0000000082c00000|  0%| F|  |TAMS 0x0000000082b00000, 0x0000000082b00000| Untracked 
|  44|0x0000000082c00000, 0x0000000082c00000, 0x0000000082d00000|  0%| F|  |TAMS 0x0000000082c00000, 0x0000000082c00000| Untracked 
|  45|0x0000000082d00000, 0x0000000082d00000, 0x0000000082e00000|  0%| F|  |TAMS 0x0000000082d00000, 0x0000000082d00000| Untracked 
|  46|0x0000000082e00000, 0x0000000082e00000, 0x0000000082f00000|  0%| F|  |TAMS 0x0000000082e00000, 0x0000000082e00000| Untracked 
|  47|0x0000000082f00000, 0x0000000082f00000, 0x0000000083000000|  0%| F|  |TAMS 0x0000000082f00000, 0x0000000082f00000| Untracked 
|  48|0x0000000083000000, 0x0000000083000000, 0x0000000083100000|  0%| F|  |TAMS 0x0000000083000000, 0x0000000083000000| Untracked 
|  49|0x0000000083100000, 0x0000000083100000, 0x0000000083200000|  0%| F|  |TAMS 0x0000000083100000, 0x0000000083100000| Untracked 
|  50|0x0000000083200000, 0x0000000083200000, 0x0000000083300000|  0%| F|  |TAMS 0x0000000083200000, 0x0000000083200000| Untracked 
|  51|0x0000000083300000, 0x0000000083300000, 0x0000000083400000|  0%| F|  |TAMS 0x0000000083300000, 0x0000000083300000| Untracked 
|  52|0x0000000083400000, 0x0000000083400000, 0x0000000083500000|  0%| F|  |TAMS 0x0000000083400000, 0x0000000083400000| Untracked 
|  53|0x0000000083500000, 0x0000000083500000, 0x0000000083600000|  0%| F|  |TAMS 0x0000000083500000, 0x0000000083500000| Untracked 
|  54|0x0000000083600000, 0x0000000083600000, 0x0000000083700000|  0%| F|  |TAMS 0x0000000083600000, 0x0000000083600000| Untracked 
|  55|0x0000000083700000, 0x0000000083700000, 0x0000000083800000|  0%| F|  |TAMS 0x0000000083700000, 0x0000000083700000| Untracked 
|  56|0x0000000083800000, 0x0000000083880800, 0x0000000083900000| 50%| E|  |TAMS 0x0000000083800000, 0x0000000083800000| Complete 
|  57|0x0000000083900000, 0x0000000083a00000, 0x0000000083a00000|100%| E|CS|TAMS 0x0000000083900000, 0x0000000083900000| Complete 
|  58|0x0000000083a00000, 0x0000000083b00000, 0x0000000083b00000|100%| E|CS|TAMS 0x0000000083a00000, 0x0000000083a00000| Complete 
|  59|0x0000000083b00000, 0x0000000083c00000, 0x0000000083c00000|100%| E|CS|TAMS 0x0000000083b00000, 0x0000000083b00000| Complete 
|  60|0x0000000083c00000, 0x0000000083d00000, 0x0000000083d00000|100%| E|CS|TAMS 0x0000000083c00000, 0x0000000083c00000| Complete 
|  61|0x0000000083d00000, 0x0000000083e00000, 0x0000000083e00000|100%| E|CS|TAMS 0x0000000083d00000, 0x0000000083d00000| Complete 
|  62|0x0000000083e00000, 0x0000000083f00000, 0x0000000083f00000|100%| E|CS|TAMS 0x0000000083e00000, 0x0000000083e00000| Complete 
|  63|0x0000000083f00000, 0x0000000084000000, 0x0000000084000000|100%| E|CS|TAMS 0x0000000083f00000, 0x0000000083f00000| Complete 
|  64|0x0000000084000000, 0x0000000084100000, 0x0000000084100000|100%| E|CS|TAMS 0x0000000084000000, 0x0000000084000000| Complete 
|  65|0x0000000084100000, 0x0000000084200000, 0x0000000084200000|100%| E|CS|TAMS 0x0000000084100000, 0x0000000084100000| Complete 
|  66|0x0000000084200000, 0x0000000084300000, 0x0000000084300000|100%| E|CS|TAMS 0x0000000084200000, 0x0000000084200000| Complete 
|  67|0x0000000084300000, 0x0000000084400000, 0x0000000084400000|100%| E|CS|TAMS 0x0000000084300000, 0x0000000084300000| Complete 
|  68|0x0000000084400000, 0x0000000084500000, 0x0000000084500000|100%| E|CS|TAMS 0x0000000084400000, 0x0000000084400000| Complete 
|  69|0x0000000084500000, 0x0000000084600000, 0x0000000084600000|100%| E|CS|TAMS 0x0000000084500000, 0x0000000084500000| Complete 
|  70|0x0000000084600000, 0x0000000084700000, 0x0000000084700000|100%| E|  |TAMS 0x0000000084600000, 0x0000000084600000| Complete 
|  71|0x0000000084700000, 0x0000000084800000, 0x0000000084800000|100%| E|CS|TAMS 0x0000000084700000, 0x0000000084700000| Complete 
|  72|0x0000000084800000, 0x0000000084900000, 0x0000000084900000|100%| E|CS|TAMS 0x0000000084800000, 0x0000000084800000| Complete 
|  73|0x0000000084900000, 0x0000000084a00000, 0x0000000084a00000|100%| E|CS|TAMS 0x0000000084900000, 0x0000000084900000| Complete 
|  74|0x0000000084a00000, 0x0000000084b00000, 0x0000000084b00000|100%| E|CS|TAMS 0x0000000084a00000, 0x0000000084a00000| Complete 
|  75|0x0000000084b00000, 0x0000000084c00000, 0x0000000084c00000|100%| E|CS|TAMS 0x0000000084b00000, 0x0000000084b00000| Complete 
|  76|0x0000000084c00000, 0x0000000084d00000, 0x0000000084d00000|100%| E|CS|TAMS 0x0000000084c00000, 0x0000000084c00000| Complete 
|  77|0x0000000084d00000, 0x0000000084e00000, 0x0000000084e00000|100%| E|CS|TAMS 0x0000000084d00000, 0x0000000084d00000| Complete 
|  78|0x0000000084e00000, 0x0000000084f00000, 0x0000000084f00000|100%| E|CS|TAMS 0x0000000084e00000, 0x0000000084e00000| Complete 
|  79|0x0000000084f00000, 0x0000000085000000, 0x0000000085000000|100%| E|CS|TAMS 0x0000000084f00000, 0x0000000084f00000| Complete 
|  80|0x0000000085000000, 0x0000000085100000, 0x0000000085100000|100%| E|CS|TAMS 0x0000000085000000, 0x0000000085000000| Complete 
|  81|0x0000000085100000, 0x0000000085200000, 0x0000000085200000|100%| E|CS|TAMS 0x0000000085100000, 0x0000000085100000| Complete 
|  82|0x0000000085200000, 0x0000000085300000, 0x0000000085300000|100%| E|CS|TAMS 0x0000000085200000, 0x0000000085200000| Complete 
|  83|0x0000000085300000, 0x0000000085400000, 0x0000000085400000|100%| E|CS|TAMS 0x0000000085300000, 0x0000000085300000| Complete 
|  84|0x0000000085400000, 0x0000000085500000, 0x0000000085500000|100%| E|CS|TAMS 0x0000000085400000, 0x0000000085400000| Complete 
|  85|0x0000000085500000, 0x0000000085600000, 0x0000000085600000|100%| E|CS|TAMS 0x0000000085500000, 0x0000000085500000| Complete 
|  86|0x0000000085600000, 0x0000000085700000, 0x0000000085700000|100%| E|CS|TAMS 0x0000000085600000, 0x0000000085600000| Complete 
|  87|0x0000000085700000, 0x0000000085800000, 0x0000000085800000|100%| E|CS|TAMS 0x0000000085700000, 0x0000000085700000| Complete 
|  88|0x0000000085800000, 0x0000000085900000, 0x0000000085900000|100%| E|CS|TAMS 0x0000000085800000, 0x0000000085800000| Complete 
|  89|0x0000000085900000, 0x0000000085989988, 0x0000000085a00000| 53%| S|CS|TAMS 0x0000000085900000, 0x0000000085900000| Complete 
|  90|0x0000000085a00000, 0x0000000085b00000, 0x0000000085b00000|100%| S|CS|TAMS 0x0000000085a00000, 0x0000000085a00000| Complete 
|  91|0x0000000085b00000, 0x0000000085c00000, 0x0000000085c00000|100%| S|CS|TAMS 0x0000000085b00000, 0x0000000085b00000| Complete 
|  92|0x0000000085c00000, 0x0000000085d00000, 0x0000000085d00000|100%| E|CS|TAMS 0x0000000085c00000, 0x0000000085c00000| Complete 
|  93|0x0000000085d00000, 0x0000000085e00000, 0x0000000085e00000|100%| E|CS|TAMS 0x0000000085d00000, 0x0000000085d00000| Complete 
| 127|0x0000000087f00000, 0x0000000088000000, 0x0000000088000000|100%| E|CS|TAMS 0x0000000087f00000, 0x0000000087f00000| Complete 

Card table byte_map: [0x00000208dde40000,0x00000208de240000] _byte_map_base: 0x00000208dda40000

Marking Bits (Prev, Next): (CMBitMap*) 0x00000208cb41e460, (CMBitMap*) 0x00000208cb41e4a0
 Prev Bits: [0x00000208de640000, 0x00000208e0640000)
 Next Bits: [0x00000208e0640000, 0x00000208e2640000)

Polling page: 0x00000208c9240000

Metaspace:

Usage:
  Non-class:     36.19 MB used.
      Class:      4.52 MB used.
       Both:     40.71 MB used.

Virtual space:
  Non-class space:       64.00 MB reserved,      36.50 MB ( 57%) committed,  1 nodes.
      Class space:        1.00 GB reserved,       4.75 MB ( <1%) committed,  1 nodes.
             Both:        1.06 GB reserved,      41.25 MB (  4%) committed. 

Chunk freelists:
   Non-Class:  11.36 MB
       Class:  11.16 MB
        Both:  22.52 MB

MaxMetaspaceSize: unlimited
CompressedClassSpaceSize: 1.00 GB
Initial GC threshold: 21.00 MB
Current GC threshold: 58.88 MB
CDS: off
MetaspaceReclaimPolicy: balanced
 - commit_granule_bytes: 65536.
 - commit_granule_words: 8192.
 - virtual_space_node_default_size: 8388608.
 - enlarge_chunks_in_place: 1.
 - new_chunks_are_fully_committed: 0.
 - uncommit_free_chunks: 1.
 - use_allocation_guard: 0.
 - handle_deallocations: 1.


Internal statistics:

num_allocs_failed_limit: 6.
num_arena_births: 650.
num_arena_deaths: 0.
num_vsnodes_births: 2.
num_vsnodes_deaths: 0.
num_space_committed: 660.
num_space_uncommitted: 0.
num_chunks_returned_to_freelist: 6.
num_chunks_taken_from_freelist: 1673.
num_chunk_merges: 6.
num_chunk_splits: 1125.
num_chunks_enlarged: 768.
num_inconsistent_stats: 0.

CodeHeap 'non-profiled nmethods': size=120000Kb used=2334Kb max_used=2929Kb free=117665Kb
 bounds [0x00000208d6510000, 0x00000208d6800000, 0x00000208dda40000]
CodeHeap 'profiled nmethods': size=120000Kb used=7587Kb max_used=9005Kb free=112413Kb
 bounds [0x00000208cea40000, 0x00000208cf310000, 0x00000208d5f70000]
CodeHeap 'non-nmethods': size=5760Kb used=2307Kb max_used=2391Kb free=3452Kb
 bounds [0x00000208d5f70000, 0x00000208d61e0000, 0x00000208d6510000]
 total_blobs=5030 nmethods=4208 adapters=734
 compilation: enabled
              stopped_count=0, restarted_count=0
 full_count=0

Compilation events (20 events):
Event: 33.066 Thread 0x00000208e4c2cbb0 5035   !   3       sun.nio.cs.StreamDecoder::read (196 bytes)
Event: 33.067 Thread 0x00000208e4c2cbb0 nmethod 5035 0x00000208cee2f190 code [0x00000208cee2f400, 0x00000208cee30008]
Event: 33.069 Thread 0x00000208e4c2cbb0 5036       3       java.lang.ClassLoader::getParent (32 bytes)
Event: 33.070 Thread 0x00000208e4c2cbb0 nmethod 5036 0x00000208cecaad90 code [0x00000208cecaafc0, 0x00000208cecab978]
Event: 33.073 Thread 0x00000208e4c2cbb0 5037   !   3       sun.nio.cs.StreamDecoder::readBytes (271 bytes)
Event: 33.075 Thread 0x00000208e4c2cbb0 nmethod 5037 0x00000208cea5d790 code [0x00000208cea5daa0, 0x00000208cea5ea88]
Event: 33.075 Thread 0x00000208e4c2cbb0 5038       3       java.nio.HeapByteBuffer::compact (85 bytes)
Event: 33.076 Thread 0x00000208e4c2cbb0 nmethod 5038 0x00000208cf14c110 code [0x00000208cf14c300, 0x00000208cf14c928]
Event: 33.078 Thread 0x00000208e4c2cbb0 5039       3       java.net.URLConnection::setUseCaches (10 bytes)
Event: 33.078 Thread 0x00000208e4c2cbb0 nmethod 5039 0x00000208cf1a5e90 code [0x00000208cf1a6040, 0x00000208cf1a62c8]
Event: 33.078 Thread 0x00000208e4c2cbb0 5040       3       java.net.URLConnection::checkConnected (19 bytes)
Event: 33.078 Thread 0x00000208e4c2cbb0 nmethod 5040 0x00000208cf1a5710 code [0x00000208cf1a58c0, 0x00000208cf1a5ae8]
Event: 33.086 Thread 0x00000208e4c2cbb0 5042       3       java.util.LinkedHashSet::<init> (10 bytes)
Event: 33.086 Thread 0x00000208e4c2cbb0 nmethod 5042 0x00000208cec2e390 code [0x00000208cec2e560, 0x00000208cec2e6a8]
Event: 33.089 Thread 0x00000208e4c2cbb0 5043       3       jdk.internal.loader.URLClassPath$1::<init> (30 bytes)
Event: 33.090 Thread 0x00000208e4c2cbb0 nmethod 5043 0x00000208cec2de90 code [0x00000208cec2e040, 0x00000208cec2e298]
Event: 33.157 Thread 0x00000208e4c2cbb0 5045       3       java.lang.AbstractStringBuilder::append (55 bytes)
Event: 33.158 Thread 0x00000208e4c2cbb0 nmethod 5045 0x00000208ced8fb90 code [0x00000208ced8fd60, 0x00000208ced90098]
Event: 33.161 Thread 0x00000208e4c2cbb0 5046       3       java.lang.Integer::stringSize (47 bytes)
Event: 33.161 Thread 0x00000208e4c2cbb0 nmethod 5046 0x00000208ced8f490 code [0x00000208ced8f640, 0x00000208ced8f898]

GC Heap History (20 events):
Event: 5.470 GC heap before
{Heap before GC invocations=3 (full 0):
 garbage-first heap   total 131072K, used 89895K [0x0000000080000000, 0x0000000100000000)
  region size 1024K, 75 young (76800K), 2 survivors (2048K)
 Metaspace       used 20322K, committed 20608K, reserved 1114112K
  class space    used 2083K, committed 2240K, reserved 1048576K
}
Event: 5.483 GC heap after
{Heap after GC invocations=4 (full 0):
 garbage-first heap   total 131072K, used 21579K [0x0000000080000000, 0x0000000100000000)
  region size 1024K, 7 young (7168K), 7 survivors (7168K)
 Metaspace       used 20322K, committed 20608K, reserved 1114112K
  class space    used 2083K, committed 2240K, reserved 1048576K
}
Event: 5.952 GC heap before
{Heap before GC invocations=4 (full 0):
 garbage-first heap   total 131072K, used 60491K [0x0000000080000000, 0x0000000100000000)
  region size 1024K, 46 young (47104K), 7 survivors (7168K)
 Metaspace       used 21261K, committed 21504K, reserved 1114112K
  class space    used 2170K, committed 2304K, reserved 1048576K
}
Event: 5.964 GC heap after
{Heap after GC invocations=5 (full 0):
 garbage-first heap   total 131072K, used 21897K [0x0000000080000000, 0x0000000100000000)
  region size 1024K, 1 young (1024K), 1 survivors (1024K)
 Metaspace       used 21261K, committed 21504K, reserved 1114112K
  class space    used 2170K, committed 2304K, reserved 1048576K
}
Event: 7.731 GC heap before
{Heap before GC invocations=6 (full 0):
 garbage-first heap   total 78848K, used 67977K [0x0000000080000000, 0x0000000100000000)
  region size 1024K, 46 young (47104K), 1 survivors (1024K)
 Metaspace       used 28700K, committed 29056K, reserved 1114112K
  class space    used 3031K, committed 3200K, reserved 1048576K
}
Event: 7.744 GC heap after
{Heap after GC invocations=7 (full 0):
 garbage-first heap   total 78848K, used 25164K [0x0000000080000000, 0x0000000100000000)
  region size 1024K, 5 young (5120K), 5 survivors (5120K)
 Metaspace       used 28700K, committed 29056K, reserved 1114112K
  class space    used 3031K, committed 3200K, reserved 1048576K
}
Event: 8.051 GC heap before
{Heap before GC invocations=7 (full 0):
 garbage-first heap   total 78848K, used 57932K [0x0000000080000000, 0x0000000100000000)
  region size 1024K, 35 young (35840K), 5 survivors (5120K)
 Metaspace       used 29904K, committed 30272K, reserved 1114112K
  class space    used 3110K, committed 3264K, reserved 1048576K
}
Event: 8.062 GC heap after
{Heap after GC invocations=8 (full 0):
 garbage-first heap   total 78848K, used 25799K [0x0000000080000000, 0x0000000100000000)
  region size 1024K, 1 young (1024K), 1 survivors (1024K)
 Metaspace       used 29904K, committed 30272K, reserved 1114112K
  class space    used 3110K, committed 3264K, reserved 1048576K
}
Event: 8.491 GC heap before
{Heap before GC invocations=8 (full 0):
 garbage-first heap   total 78848K, used 58567K [0x0000000080000000, 0x0000000100000000)
  region size 1024K, 33 young (33792K), 1 survivors (1024K)
 Metaspace       used 30943K, committed 31296K, reserved 1114112K
  class space    used 3250K, committed 3392K, reserved 1048576K
}
Event: 8.495 GC heap after
{Heap after GC invocations=9 (full 0):
 garbage-first heap   total 78848K, used 26074K [0x0000000080000000, 0x0000000100000000)
  region size 1024K, 1 young (1024K), 1 survivors (1024K)
 Metaspace       used 30943K, committed 31296K, reserved 1114112K
  class space    used 3250K, committed 3392K, reserved 1048576K
}
Event: 8.999 GC heap before
{Heap before GC invocations=9 (full 0):
 garbage-first heap   total 78848K, used 59866K [0x0000000080000000, 0x0000000100000000)
  region size 1024K, 34 young (34816K), 1 survivors (1024K)
 Metaspace       used 32152K, committed 32640K, reserved 1114112K
  class space    used 3361K, committed 3584K, reserved 1048576K
}
Event: 9.006 GC heap after
{Heap after GC invocations=10 (full 0):
 garbage-first heap   total 78848K, used 27364K [0x0000000080000000, 0x0000000100000000)
  region size 1024K, 3 young (3072K), 3 survivors (3072K)
 Metaspace       used 32152K, committed 32640K, reserved 1114112K
  class space    used 3361K, committed 3584K, reserved 1048576K
}
Event: 9.622 GC heap before
{Heap before GC invocations=10 (full 0):
 garbage-first heap   total 78848K, used 60132K [0x0000000080000000, 0x0000000100000000)
  region size 1024K, 35 young (35840K), 3 survivors (3072K)
 Metaspace       used 32524K, committed 32896K, reserved 1114112K
  class space    used 3395K, committed 3584K, reserved 1048576K
}
Event: 9.631 GC heap after
{Heap after GC invocations=11 (full 0):
 garbage-first heap   total 78848K, used 28561K [0x0000000080000000, 0x0000000100000000)
  region size 1024K, 4 young (4096K), 4 survivors (4096K)
 Metaspace       used 32524K, committed 32896K, reserved 1114112K
  class space    used 3395K, committed 3584K, reserved 1048576K
}
Event: 9.948 GC heap before
{Heap before GC invocations=11 (full 0):
 garbage-first heap   total 78848K, used 61329K [0x0000000080000000, 0x0000000100000000)
  region size 1024K, 36 young (36864K), 4 survivors (4096K)
 Metaspace       used 32986K, committed 33472K, reserved 1114112K
  class space    used 3440K, committed 3648K, reserved 1048576K
}
Event: 9.963 GC heap after
{Heap after GC invocations=12 (full 0):
 garbage-first heap   total 78848K, used 30423K [0x0000000080000000, 0x0000000100000000)
  region size 1024K, 5 young (5120K), 5 survivors (5120K)
 Metaspace       used 32986K, committed 33472K, reserved 1114112K
  class space    used 3440K, committed 3648K, reserved 1048576K
}
Event: 11.139 GC heap before
{Heap before GC invocations=12 (full 0):
 garbage-first heap   total 78848K, used 61143K [0x0000000080000000, 0x0000000100000000)
  region size 1024K, 35 young (35840K), 5 survivors (5120K)
 Metaspace       used 34969K, committed 35456K, reserved 1114112K
  class space    used 3739K, committed 3968K, reserved 1048576K
}
Event: 11.155 GC heap after
{Heap after GC invocations=13 (full 0):
 garbage-first heap   total 97280K, used 32454K [0x0000000080000000, 0x0000000100000000)
  region size 1024K, 4 young (4096K), 4 survivors (4096K)
 Metaspace       used 34969K, committed 35456K, reserved 1114112K
  class space    used 3739K, committed 3968K, reserved 1048576K
}
Event: 16.136 GC heap before
{Heap before GC invocations=13 (full 0):
 garbage-first heap   total 97280K, used 34502K [0x0000000080000000, 0x0000000100000000)
  region size 1024K, 7 young (7168K), 4 survivors (4096K)
 Metaspace       used 35500K, committed 35968K, reserved 1114112K
  class space    used 3800K, committed 4032K, reserved 1048576K
}
Event: 16.147 GC heap after
{Heap after GC invocations=14 (full 0):
 garbage-first heap   total 97280K, used 32912K [0x0000000080000000, 0x0000000100000000)
  region size 1024K, 3 young (3072K), 3 survivors (3072K)
 Metaspace       used 35500K, committed 35968K, reserved 1114112K
  class space    used 3800K, committed 4032K, reserved 1048576K
}

Dll operation events (7 events):
Event: 0.071 Loaded shared library C:\Users\Admin\.katalon\packages\KS-9.7.2\jre\bin\java.dll
Event: 0.847 Loaded shared library C:\Users\Admin\.katalon\packages\KS-9.7.2\jre\bin\net.dll
Event: 0.850 Loaded shared library C:\Users\Admin\.katalon\packages\KS-9.7.2\jre\bin\nio.dll
Event: 0.865 Loaded shared library C:\Users\Admin\.katalon\packages\KS-9.7.2\jre\bin\zip.dll
Event: 1.779 Loaded shared library C:\Users\Admin\.katalon\packages\KS-9.7.2\jre\bin\verify.dll
Event: 2.238 Loaded shared library C:\Users\Admin\.katalon\packages\KS-9.7.2\jre\bin\jimage.dll
Event: 22.234 Loaded shared library C:\Users\Admin\.katalon\packages\KS-9.7.2\jre\bin\sunmscapi.dll

Deoptimization events (20 events):
Event: 32.564 Thread 0x00000208cb3c31c0 Uncommon trap: trap_request=0xffffff45 fr.pc=0x00000208d6789748 relative=0x0000000000001128
Event: 32.564 Thread 0x00000208cb3c31c0 Uncommon trap: reason=unstable_if action=reinterpret pc=0x00000208d6789748 method=java.util.concurrent.ConcurrentHashMap.putVal(Ljava/lang/Object;Ljava/lang/Object;Z)Ljava/lang/Object; @ 231 c2
Event: 32.564 Thread 0x00000208cb3c31c0 DEOPT PACKING pc=0x00000208d6789748 sp=0x000000f7418fab50
Event: 32.564 Thread 0x00000208cb3c31c0 DEOPT UNPACKING pc=0x00000208d5fc69a3 sp=0x000000f7418faac0 mode 2
Event: 32.713 Thread 0x00000208cb3c31c0 Uncommon trap: trap_request=0xffffffcc fr.pc=0x00000208d655f8e4 relative=0x0000000000000344
Event: 32.713 Thread 0x00000208cb3c31c0 Uncommon trap: reason=intrinsic_or_type_checked_inlining action=make_not_entrant pc=0x00000208d655f8e4 method=java.util.Arrays.copyOf([Ljava/lang/Object;ILjava/lang/Class;)[Ljava/lang/Object; @ 35 c2
Event: 32.713 Thread 0x00000208cb3c31c0 DEOPT PACKING pc=0x00000208d655f8e4 sp=0x000000f7418f50a0
Event: 32.713 Thread 0x00000208cb3c31c0 DEOPT UNPACKING pc=0x00000208d5fc69a3 sp=0x000000f7418f5030 mode 2
Event: 32.720 Thread 0x00000208cb3c31c0 DEOPT PACKING pc=0x00000208cefec125 sp=0x000000f7418f4b80
Event: 32.720 Thread 0x00000208cb3c31c0 DEOPT UNPACKING pc=0x00000208d5fc7143 sp=0x000000f7418f4008 mode 0
Event: 32.721 Thread 0x00000208cb3c31c0 DEOPT PACKING pc=0x00000208cefec125 sp=0x000000f7418f4b80
Event: 32.721 Thread 0x00000208cb3c31c0 DEOPT UNPACKING pc=0x00000208d5fc7143 sp=0x000000f7418f4008 mode 0
Event: 32.788 Thread 0x00000208cb3c31c0 Uncommon trap: trap_request=0xffffff45 fr.pc=0x00000208d667d388 relative=0x0000000000000a48
Event: 32.788 Thread 0x00000208cb3c31c0 Uncommon trap: reason=unstable_if action=reinterpret pc=0x00000208d667d388 method=java.lang.Integer.stringSize(I)I @ 19 c2
Event: 32.788 Thread 0x00000208cb3c31c0 DEOPT PACKING pc=0x00000208d667d388 sp=0x000000f7418f8860
Event: 32.788 Thread 0x00000208cb3c31c0 DEOPT UNPACKING pc=0x00000208d5fc69a3 sp=0x000000f7418f87b8 mode 2
Event: 33.115 Thread 0x00000208cb3c31c0 Uncommon trap: trap_request=0xffffff54 fr.pc=0x00000208d6746358 relative=0x0000000000000cd8
Event: 33.115 Thread 0x00000208cb3c31c0 Uncommon trap: reason=speculate_null_assert action=make_not_entrant pc=0x00000208d6746358 method=java.util.jar.JarFile.getVersionedEntry(Ljava/lang/String;Ljava/util/jar/JarEntry;)Ljava/util/jar/JarEntry; @ 115 c2
Event: 33.115 Thread 0x00000208cb3c31c0 DEOPT PACKING pc=0x00000208d6746358 sp=0x000000f7418f6780
Event: 33.115 Thread 0x00000208cb3c31c0 DEOPT UNPACKING pc=0x00000208d5fc69a3 sp=0x000000f7418f66d8 mode 2

Classes unloaded (0 events):
No events

Classes redefined (0 events):
No events

Internal exceptions (20 events):
Event: 20.769 Thread 0x00000208eb6b03d0 Exception <a 'java/net/ConnectException'{0x0000000087fa91a8}: Connection refused: no further information> (0x0000000087fa91a8) 
thrown [s\src\hotspot\share\prims\jni.cpp, line 535]
Event: 20.769 Thread 0x00000208eb6b03d0 Exception <a 'java/net/SocketException'{0x0000000087fa94e0}: Socket is not connected: shutdown> (0x0000000087fa94e0) 
thrown [s\src\hotspot\share\prims\jni.cpp, line 535]
Event: 21.092 Thread 0x00000208eb6b03d0 Exception <a 'java/net/ConnectException'{0x0000000087faa5e0}: Connection refused: no further information> (0x0000000087faa5e0) 
thrown [s\src\hotspot\share\prims\jni.cpp, line 535]
Event: 21.092 Thread 0x00000208eb6b03d0 Exception <a 'java/net/SocketException'{0x0000000087faa918}: Socket is not connected: shutdown> (0x0000000087faa918) 
thrown [s\src\hotspot\share\prims\jni.cpp, line 535]
Event: 21.416 Thread 0x00000208eb6b03d0 Exception <a 'java/net/ConnectException'{0x0000000087faba18}: Connection refused: no further information> (0x0000000087faba18) 
thrown [s\src\hotspot\share\prims\jni.cpp, line 535]
Event: 21.416 Thread 0x00000208eb6b03d0 Exception <a 'java/net/SocketException'{0x0000000087fabd50}: Socket is not connected: shutdown> (0x0000000087fabd50) 
thrown [s\src\hotspot\share\prims\jni.cpp, line 535]
Event: 21.980 Thread 0x00000208cb3c31c0 Exception <a 'sun/nio/fs/WindowsException'{0x000000008586ff28}> (0x000000008586ff28) 
thrown [s\src\hotspot\share\prims\jni.cpp, line 516]
Event: 22.064 Thread 0x00000208cb3c31c0 Exception <a 'java/lang/NoSuchMethodError'{0x0000000085746958}: 'java.lang.Object java.lang.invoke.DirectMethodHandle$Holder.invokeStaticInit(java.lang.Object, int, int, int, int)'> (0x0000000085746958) 
thrown [s\src\hotspot\share\interpreter\linkResolver.cpp, line 759]
Event: 22.166 Thread 0x00000208cb3c31c0 Exception <a 'java/lang/NoSuchMethodError'{0x00000000857ecf70}: 'java.lang.Object java.lang.invoke.DirectMethodHandle$Holder.invokeStaticInit(java.lang.Object, java.lang.Object, int, int, int, int)'> (0x00000000857ecf70) 
thrown [s\src\hotspot\share\interpreter\linkResolver.cpp, line 759]
Event: 22.462 Thread 0x00000208cb3c31c0 Exception <a 'java/lang/IncompatibleClassChangeError'{0x00000000851e55c0}: Found class java.lang.Object, but interface was expected> (0x00000000851e55c0) 
thrown [s\src\hotspot\share\interpreter\linkResolver.cpp, line 826]
Event: 22.463 Thread 0x00000208cb3c31c0 Exception <a 'java/lang/NoSuchMethodError'{0x00000000851ec1a0}: 'int java.lang.invoke.DirectMethodHandle$Holder.invokeSpecialIFC(java.lang.Object, java.lang.Object, java.lang.Object, java.lang.Object)'> (0x00000000851ec1a0) 
thrown [s\src\hotspot\share\interpreter\linkResolver.cpp, line 759]
Event: 22.492 Thread 0x00000208cb3c31c0 Exception <a 'java/lang/NoSuchMethodError'{0x0000000085073b80}: 'double java.lang.invoke.DirectMethodHandle$Holder.invokeVirtual(java.lang.Object, java.lang.Object)'> (0x0000000085073b80) 
thrown [s\src\hotspot\share\interpreter\linkResolver.cpp, line 759]
Event: 22.493 Thread 0x00000208cb3c31c0 Exception <a 'java/lang/NoSuchMethodError'{0x000000008507a5a8}: 'float java.lang.invoke.DirectMethodHandle$Holder.invokeVirtual(java.lang.Object, java.lang.Object)'> (0x000000008507a5a8) 
thrown [s\src\hotspot\share\interpreter\linkResolver.cpp, line 759]
Event: 22.494 Thread 0x00000208cb3c31c0 Exception <a 'java/lang/NoSuchMethodError'{0x0000000085083a58}: 'long java.lang.invoke.DirectMethodHandle$Holder.invokeVirtual(java.lang.Object, java.lang.Object)'> (0x0000000085083a58) 
thrown [s\src\hotspot\share\interpreter\linkResolver.cpp, line 759]
Event: 22.711 Thread 0x00000208cb3c31c0 Exception <a 'java/lang/NoSuchMethodError'{0x0000000084cf60b0}: 'void java.lang.invoke.DirectMethodHandle$Holder.invokeInterface(java.lang.Object, java.lang.Object, java.lang.Object)'> (0x0000000084cf60b0) 
thrown [s\src\hotspot\share\interpreter\linkResolver.cpp, line 759]
Event: 32.495 Thread 0x00000208cb3c31c0 Exception <a 'java/lang/NoSuchMethodError'{0x000000008426d0f0}: 'java.lang.Object java.lang.invoke.DirectMethodHandle$Holder.invokeSpecialIFC(java.lang.Object, java.lang.Object, java.lang.Object)'> (0x000000008426d0f0) 
thrown [s\src\hotspot\share\interpreter\linkResolver.cpp, line 759]
Event: 32.510 Thread 0x00000208cb3c31c0 Exception <a 'java/lang/ClassNotFoundException'{0x00000000842bf5a0}: sun/util/logging/resources/spi/loggingProvider> (0x00000000842bf5a0) 
thrown [s\src\hotspot\share\classfile\systemDictionary.cpp, line 256]
Event: 32.563 Thread 0x00000208cb3c31c0 Exception <a 'java/lang/NoSuchMethodError'{0x0000000084178208}: 'java.lang.Object java.lang.invoke.Invokers$Holder.invoke_MT(java.lang.Object, java.lang.Object, java.lang.Object, java.lang.Object, java.lang.Object)'> (0x0000000084178208) 
thrown [s\src\hotspot\share\interpreter\linkResolver.cpp, line 759]
Event: 32.563 Thread 0x00000208cb3c31c0 Exception <a 'java/lang/NoSuchMethodError'{0x000000008417c8e0}: 'void java.lang.invoke.Invokers$Holder.invokeExact_MT(java.lang.Object, java.lang.Object, java.lang.Object, java.lang.Object, java.lang.Object)'> (0x000000008417c8e0) 
thrown [s\src\hotspot\share\interpreter\linkResolver.cpp, line 759]
Event: 32.634 Thread 0x00000208cb3c31c0 Exception <a 'java/lang/NoSuchMethodError'{0x000000008401aa98}: 'java.lang.Object java.lang.invoke.DirectMethodHandle$Holder.invokeSpecialIFC(java.lang.Object, java.lang.Object)'> (0x000000008401aa98) 
thrown [s\src\hotspot\share\interpreter\linkResolver.cpp, line 759]

VM Operations (20 events):
Event: 21.967 Executing VM operation: HandshakeAllThreads
Event: 21.967 Executing VM operation: HandshakeAllThreads done
Event: 21.967 Executing VM operation: Cleanup
Event: 21.967 Executing VM operation: Cleanup done
Event: 21.982 Executing VM operation: HandshakeAllThreads
Event: 21.982 Executing VM operation: HandshakeAllThreads done
Event: 21.982 Executing VM operation: HandshakeAllThreads
Event: 21.982 Executing VM operation: HandshakeAllThreads done
Event: 21.983 Executing VM operation: HandshakeAllThreads
Event: 21.983 Executing VM operation: HandshakeAllThreads done
Event: 21.984 Executing VM operation: HandshakeAllThreads
Event: 21.984 Executing VM operation: HandshakeAllThreads done
Event: 22.984 Executing VM operation: Cleanup
Event: 22.984 Executing VM operation: Cleanup done
Event: 23.985 Executing VM operation: Cleanup
Event: 23.985 Executing VM operation: Cleanup done
Event: 26.987 Executing VM operation: Cleanup
Event: 26.987 Executing VM operation: Cleanup done
Event: 32.990 Executing VM operation: Cleanup
Event: 32.990 Executing VM operation: Cleanup done

Events (20 events):
Event: 32.558 loading class java/util/UUID$Holder
Event: 32.558 loading class java/util/UUID$Holder done
Event: 32.562 loading class java/lang/invoke/ConstantBootstraps
Event: 32.562 loading class java/lang/invoke/ConstantBootstraps done
Event: 32.586 loading class java/lang/ThreadLocal$SuppliedThreadLocal
Event: 32.586 loading class java/lang/ThreadLocal$SuppliedThreadLocal done
Event: 32.760 loading class javax/net/ssl/SSLHandshakeException
Event: 32.760 loading class javax/net/ssl/SSLHandshakeException done
Event: 32.849 loading class java/lang/InstantiationError
Event: 32.849 loading class java/lang/InstantiationError done
Event: 33.119 loading class java/util/stream/WhileOps
Event: 33.120 loading class java/util/stream/WhileOps done
Event: 33.120 loading class java/util/stream/WhileOps$1Op
Event: 33.120 loading class java/util/stream/WhileOps$DropWhileOp
Event: 33.120 loading class java/util/stream/WhileOps$DropWhileOp done
Event: 33.120 loading class java/util/stream/WhileOps$1Op done
Event: 33.158 loading class java/util/stream/WhileOps$1Op$1OpSink
Event: 33.158 loading class java/util/stream/WhileOps$DropWhileSink
Event: 33.158 loading class java/util/stream/WhileOps$DropWhileSink done
Event: 33.158 loading class java/util/stream/WhileOps$1Op$1OpSink done


Dynamic libraries:
0x00007ff6bae40000 - 0x00007ff6bae4e000 	C:\Users\Admin\.katalon\packages\KS-9.7.2\jre\bin\javaw.exe
0x00007fff72c10000 - 0x00007fff72dfe000 	C:\Windows\SYSTEM32\ntdll.dll
0x00007fff72590000 - 0x00007fff72643000 	C:\Windows\System32\KERNEL32.DLL
0x00007fff6fa50000 - 0x00007fff6fced000 	C:\Windows\System32\KERNELBASE.dll
0x00007fff6f750000 - 0x00007fff6f84a000 	C:\Windows\System32\ucrtbase.dll
0x00007fff68a80000 - 0x00007fff68a97000 	C:\Users\Admin\.katalon\packages\KS-9.7.2\jre\bin\jli.dll
0x00007fff70290000 - 0x00007fff70427000 	C:\Windows\System32\USER32.dll
0x00007fff6f710000 - 0x00007fff6f730000 	C:\Windows\System32\win32u.dll
0x00007fff71a10000 - 0x00007fff71a39000 	C:\Windows\System32\GDI32.dll
0x00007fff6f8a0000 - 0x00007fff6fa47000 	C:\Windows\System32\gdi32full.dll
0x00007fff6f420000 - 0x00007fff6f4c0000 	C:\Windows\System32\msvcp_win.dll
0x00007fff663f0000 - 0x00007fff66409000 	C:\Users\Admin\.katalon\packages\KS-9.7.2\jre\bin\VCRUNTIME140.dll
0x00007fff59610000 - 0x00007fff59889000 	C:\Windows\WinSxS\amd64_microsoft.windows.common-controls_6595b64144ccf1df_6.0.17763.6532_none_de70be92534bb012\COMCTL32.dll
0x00007fff71a40000 - 0x00007fff71ade000 	C:\Windows\System32\msvcrt.dll
0x00007fff72670000 - 0x00007fff7299a000 	C:\Windows\System32\combase.dll
0x00007fff722e0000 - 0x00007fff723f8000 	C:\Windows\System32\RPCRT4.dll
0x00007fff6fcf0000 - 0x00007fff6fd72000 	C:\Windows\System32\bcryptPrimitives.dll
0x00007fff701b0000 - 0x00007fff701de000 	C:\Windows\System32\IMM32.DLL
0x00007fff665f0000 - 0x00007fff665fc000 	C:\Users\Admin\.katalon\packages\KS-9.7.2\jre\bin\vcruntime140_1.dll
0x00007fff592f0000 - 0x00007fff59381000 	C:\Users\Admin\.katalon\packages\KS-9.7.2\jre\bin\msvcp140.dll
0x00007fff5b060000 - 0x00007fff5bca8000 	C:\Users\Admin\.katalon\packages\KS-9.7.2\jre\bin\server\jvm.dll
0x00007fff72230000 - 0x00007fff722d8000 	C:\Windows\System32\ADVAPI32.dll
0x00007fff72100000 - 0x00007fff721a2000 	C:\Windows\System32\sechost.dll
0x00007fff6f4c0000 - 0x00007fff6f4e6000 	C:\Windows\System32\bcrypt.dll
0x00007fff556e0000 - 0x00007fff556e9000 	C:\Windows\SYSTEM32\WSOCK32.dll
0x00007fff71ae0000 - 0x00007fff71b4d000 	C:\Windows\System32\WS2_32.dll
0x00007fff6b740000 - 0x00007fff6b764000 	C:\Windows\SYSTEM32\WINMM.dll
0x00007fff66930000 - 0x00007fff6693a000 	C:\Windows\SYSTEM32\VERSION.dll
0x00007fff6b710000 - 0x00007fff6b73d000 	C:\Windows\SYSTEM32\WINMMBASE.dll
0x00007fff6f850000 - 0x00007fff6f89a000 	C:\Windows\System32\cfgmgr32.dll
0x00007fff6eba0000 - 0x00007fff6ebb1000 	C:\Windows\System32\kernel.appcore.dll
0x00007fff6b870000 - 0x00007fff6b87a000 	C:\Users\Admin\.katalon\packages\KS-9.7.2\jre\bin\jimage.dll
0x00007fff6d440000 - 0x00007fff6d62d000 	C:\Windows\SYSTEM32\DBGHELP.DLL
0x00007fff53c40000 - 0x00007fff53c6a000 	C:\Windows\SYSTEM32\dbgcore.DLL
0x00007fff65890000 - 0x00007fff658b5000 	C:\Users\Admin\.katalon\packages\KS-9.7.2\jre\bin\java.dll
0x00007fff65840000 - 0x00007fff65858000 	C:\Users\Admin\.katalon\packages\KS-9.7.2\jre\bin\zip.dll
0x00007fff704f0000 - 0x00007fff719e8000 	C:\Windows\System32\SHELL32.dll
0x00007fff72400000 - 0x00007fff724a7000 	C:\Windows\System32\shcore.dll
0x00007fff6ecd0000 - 0x00007fff6f418000 	C:\Windows\System32\windows.storage.dll
0x00007fff6ec40000 - 0x00007fff6ec63000 	C:\Windows\System32\profapi.dll
0x00007fff6ebe0000 - 0x00007fff6ec3d000 	C:\Windows\System32\powrprof.dll
0x00007fff70490000 - 0x00007fff704e2000 	C:\Windows\System32\shlwapi.dll
0x00007fff6f730000 - 0x00007fff6f74b000 	C:\Windows\System32\cryptsp.dll
0x00007fff5cda0000 - 0x00007fff5cdb9000 	C:\Users\Admin\.katalon\packages\KS-9.7.2\jre\bin\net.dll
0x00007fff60650000 - 0x00007fff6074d000 	C:\Windows\SYSTEM32\WINHTTP.dll
0x00007fff6e3a0000 - 0x00007fff6e407000 	C:\Windows\system32\mswsock.dll
0x00007fff5cd50000 - 0x00007fff5cd65000 	C:\Users\Admin\.katalon\packages\KS-9.7.2\jre\bin\nio.dll
0x00007fff6b860000 - 0x00007fff6b870000 	C:\Users\Admin\.katalon\packages\KS-9.7.2\jre\bin\verify.dll
0x00007fff6e0a0000 - 0x00007fff6e0dd000 	C:\Windows\SYSTEM32\IPHLPAPI.DLL
0x00007fff72650000 - 0x00007fff72658000 	C:\Windows\System32\NSI.dll
0x00007fff66150000 - 0x00007fff66166000 	C:\Windows\SYSTEM32\dhcpcsvc6.DLL
0x00007fff66020000 - 0x00007fff6603c000 	C:\Windows\SYSTEM32\dhcpcsvc.DLL
0x00007fff6e0e0000 - 0x00007fff6e1a6000 	C:\Windows\SYSTEM32\DNSAPI.dll
0x00007fff6ded0000 - 0x00007fff6df03000 	C:\Windows\system32\rsaenh.dll
0x00007fff6ead0000 - 0x00007fff6eaf9000 	C:\Windows\SYSTEM32\USERENV.dll
0x00007fff6e520000 - 0x00007fff6e52c000 	C:\Windows\SYSTEM32\CRYPTBASE.dll
0x00007fff65880000 - 0x00007fff6588e000 	C:\Users\Admin\.katalon\packages\KS-9.7.2\jre\bin\sunmscapi.dll
0x00007fff6f4f0000 - 0x00007fff6f701000 	C:\Windows\System32\CRYPT32.dll
0x00007fff6ebc0000 - 0x00007fff6ebd2000 	C:\Windows\System32\MSASN1.dll
0x00007fff6e6c0000 - 0x00007fff6e6ec000 	C:\Windows\SYSTEM32\ncrypt.dll
0x00007fff6e680000 - 0x00007fff6e6bc000 	C:\Windows\SYSTEM32\NTASN1.dll

dbghelp: loaded successfully - version: 4.0.5 - missing functions: none
symbol engine: initialized successfully - sym options: 0x614 - pdb path: .;C:\Users\Admin\.katalon\packages\KS-9.7.2\jre\bin;C:\Windows\SYSTEM32;C:\Windows\WinSxS\amd64_microsoft.windows.common-controls_6595b64144ccf1df_6.0.17763.6532_none_de70be92534bb012;C:\Users\Admin\.katalon\packages\KS-9.7.2\jre\bin\server

VM Arguments:
jvm_args: -Dgroovy.home=C:\Users\Admin/.groovy -Djava.system.class.loader=groovy.lang.GroovyClassLoader -Xmx2048m -Dfile.encoding=UTF-8 -XX:+ShowCodeDetailsInExceptionMessages 
java_command: org.codehaus.groovy.tools.GroovyStarter --classpath C:\Users\Admin\Katalon Studio\FisrtProject\bin\keyword;C:\Users\Admin\Katalon Studio\FisrtProject\Keywords;C:\Users\Admin\Katalon Studio\FisrtProject\bin\listener;C:\Users\Admin\Katalon Studio\FisrtProject\Test Listeners;C:\Users\Admin\Katalon Studio\FisrtProject\bin\lib;C:\Users\Admin\Katalon Studio\FisrtProject\Libs;C:\Users\Admin\Katalon Studio\FisrtProject\bin\groovy;C:\Users\Admin\Katalon Studio\FisrtProject\Include\scripts\groovy;C:\Users\Admin\.katalon\packages\KS-9.7.2\plugins\com.kms.katalon.core_1.0.0.202409190502.jar;C:\Users\Admin\.katalon\packages\KS-9.7.2\configuration\resources\lib\aalto-xml-1.0.0.jar;C:\Users\Admin\.katalon\packages\KS-9.7.2\configuration\resources\lib\aspectjweaver-1.9.1.jar;C:\Users\Admin\.katalon\packages\KS-9.7.2\configuration\resources\lib\aws-2.20.3-fat.jar;C:\Users\Admin\.katalon\packages\KS-9.7.2\configuration\resources\lib\bcpkix-jdk15on-1.64.jar;C:\Users\Admin\.katalon\packages\KS-9.7.2\configuration\resources\lib\bcprov-jdk15on-1.64.jar;C:\Users\Admin\.katalon\packages\KS-9.7.2\configuration\resources\lib\browsermob-core-2.1.5.jar;C:\Users\Admin\.katalon\packages\KS-9.7.2\configuration\resources\lib\byte-buddy-1.14.3.jar;C:\Users\Admin\.katalon\packages\KS-9.7.2\configuration\resources\lib\byte-buddy-agent-1.14.3.jar;C:\Users\Admin\.katalon\packages\KS-9.7.2\configuration\resources\lib\cglib-3.2.10.jar;C:\Users\Admin\.katalon\packages\KS-9.7.2\configuration\resources\lib\commons-codec-1.10.jar;C:\Users\Admin\.katalon\packages\KS-9.7.2\configuration\resources\lib\commons-collections4-4.1.jar;C:\Users\Admin\.katalon\packages\KS-9.7.2\configuration\resources\lib\commons-validator-1.6.jar;C:\Users\Admin\.katalon\packages\KS-9.7.2\configuration\resources\lib\curvesapi-1.04.jar;C:\Users\Admin\.katalon\packages\KS-9.7.2\configuration\resources\lib\dnsjava-2.1.8.jar;C:\Users\Admin\.katalon\packages\KS-9.7.2\configuration\resources\lib\groovy-3.0.17-fat.jar;C:\User
java_class_path (initial): C:\Users\Admin\Katalon Studio\FisrtProject\bin\keyword;C:\Users\Admin\Katalon Studio\FisrtProject\bin\listener;C:\Users\Admin\Katalon Studio\FisrtProject\bin\lib;C:\Users\Admin\Katalon Studio\FisrtProject\bin\groovy;C:\Users\Admin\Katalon Studio\FisrtProject\bin;C:\Users\Admin\.katalon\packages\KS-9.7.2\plugins\com.kms.katalon.core_1.0.0.202409190502.jar;C:\Users\Admin\.katalon\packages\KS-9.7.2\configuration\resources\lib\aalto-xml-1.0.0.jar;C:\Users\Admin\.katalon\packages\KS-9.7.2\configuration\resources\lib\aspectjweaver-1.9.1.jar;C:\Users\Admin\.katalon\packages\KS-9.7.2\configuration\resources\lib\aws-2.20.3-fat.jar;C:\Users\Admin\.katalon\packages\KS-9.7.2\configuration\resources\lib\bcpkix-jdk15on-1.64.jar;C:\Users\Admin\.katalon\packages\KS-9.7.2\configuration\resources\lib\bcprov-jdk15on-1.64.jar;C:\Users\Admin\.katalon\packages\KS-9.7.2\configuration\resources\lib\browsermob-core-2.1.5.jar;C:\Users\Admin\.katalon\packages\KS-9.7.2\configuration\resources\lib\byte-buddy-1.14.3.jar;C:\Users\Admin\.katalon\packages\KS-9.7.2\configuration\resources\lib\byte-buddy-agent-1.14.3.jar;C:\Users\Admin\.katalon\packages\KS-9.7.2\configuration\resources\lib\cglib-3.2.10.jar;C:\Users\Admin\.katalon\packages\KS-9.7.2\configuration\resources\lib\commons-codec-1.10.jar;C:\Users\Admin\.katalon\packages\KS-9.7.2\configuration\resources\lib\commons-collections4-4.1.jar;C:\Users\Admin\.katalon\packages\KS-9.7.2\configuration\resources\lib\commons-validator-1.6.jar;C:\Users\Admin\.katalon\packages\KS-9.7.2\configuration\resources\lib\curvesapi-1.04.jar;C:\Users\Admin\.katalon\packages\KS-9.7.2\configuration\resources\lib\dnsjava-2.1.8.jar;C:\Users\Admin\.katalon\packages\KS-9.7.2\configuration\resources\lib\groovy-3.0.17-fat.jar;C:\Users\Admin\.katalon\packages\KS-9.7.2\configuration\resources\lib\jackson-coreutils-2.0.jar;C:\Users\Admin\.katalon\packages\KS-9.7.2\configuration\resources\lib\jackson-coreutils-equivalence-1.0.jar;C:\Users\Admin\.kat
Launcher Type: SUN_STANDARD

[Global flags]
     intx CICompilerCount                          = 3                                         {product} {ergonomic}
     uint ConcGCThreads                            = 1                                         {product} {ergonomic}
     uint G1ConcRefinementThreads                  = 4                                         {product} {ergonomic}
   size_t G1HeapRegionSize                         = 1048576                                   {product} {ergonomic}
    uintx GCDrainStackTargetSize                   = 64                                        {product} {ergonomic}
   size_t InitialHeapSize                          = 134217728                                 {product} {ergonomic}
   size_t MarkStackSize                            = 4194304                                   {product} {ergonomic}
   size_t MaxHeapSize                              = 2147483648                                {product} {command line}
   size_t MaxNewSize                               = 1287651328                                {product} {ergonomic}
   size_t MinHeapDeltaBytes                        = 1048576                                   {product} {ergonomic}
   size_t MinHeapSize                              = 8388608                                   {product} {ergonomic}
    uintx NonNMethodCodeHeapSize                   = 5832780                                {pd product} {ergonomic}
    uintx NonProfiledCodeHeapSize                  = 122912730                              {pd product} {ergonomic}
    uintx ProfiledCodeHeapSize                     = 122912730                              {pd product} {ergonomic}
    uintx ReservedCodeCacheSize                    = 251658240                              {pd product} {ergonomic}
     bool SegmentedCodeCache                       = true                                      {product} {ergonomic}
     bool ShowCodeDetailsInExceptionMessages       = true                                   {manageable} {command line}
   size_t SoftMaxHeapSize                          = 2147483648                             {manageable} {ergonomic}
     bool UseCompressedClassPointers               = true                           {product lp64_product} {ergonomic}
     bool UseCompressedOops                        = true                           {product lp64_product} {ergonomic}
     bool UseG1GC                                  = true                                      {product} {ergonomic}
     bool UseLargePagesIndividualAllocation        = false                                  {pd product} {ergonomic}

Logging:
Log output configuration:
 #0: stdout all=warning uptime,level,tags
 #1: stderr all=off uptime,level,tags

Environment Variables:
JAVA_HOME=C:\Users\Admin\.katalon\packages\KS-9.7.2\jre
PATH=C:/Users/Admin/.katalon/packages/KS-9.7.2/jre/bin/server;C:/Users/Admin/.katalon/packages/KS-9.7.2/jre/bin;C:\Program Files\Common Files\Oracle\Java\javapath;C:\Windows\system32;C:\Windows;C:\Windows\System32\Wbem;C:\Windows\System32\WindowsPowerShell\v1.0\;C:\Windows\System32\OpenSSH\;C:\Program Files\Microsoft SQL Server\Client SDK\ODBC\170\Tools\Binn\;C:\Program Files (x86)\Microsoft SQL Server\150\Tools\Binn\;C:\Program Files\Microsoft SQL Server\150\Tools\Binn\;C:\Program Files\Microsoft SQL Server\150\DTS\Binn\;C:\Program Files (x86)\STMicroelectronics\STM32 ST-LINK Utility\ST-LINK Utility;C:\Program Files\nodejs\;C:\Users\Admin\AppData\Local\Microsoft\WindowsApps;C:\Program Files\JetBrains\IntelliJ IDEA Community Edition 2024.1.4\bin;;C:\Users\Admin\AppData\Roaming\npm;C:\Users\Admin\.katalon\packages\KS-9.7.2;:C:\Users\Admin\.katalon\packages\KS-9.7.2\jre\bin
USERNAME=Admin
OS=Windows_NT
PROCESSOR_IDENTIFIER=Intel64 Family 6 Model 142 Stepping 9, GenuineIntel
TMP=C:\Users\Admin\AppData\Local\Temp
TEMP=C:\Users\Admin\AppData\Local\Temp



---------------  S Y S T E M  ---------------

OS:
 Windows 10 , 64 bit Build 17763 (10.0.17763.6292)
OS uptime: 0 days 9:20 hours
Hyper-V role detected

CPU: total 4 (initial active 4) (2 cores per cpu, 2 threads per core) family 6 model 142 stepping 9 microcode 0xea, cx8, cmov, fxsr, ht, mmx, 3dnowpref, sse, sse2, sse3, ssse3, sse4.1, sse4.2, popcnt, lzcnt, tsc, tscinvbit, avx, avx2, aes, erms, clmul, bmi1, bmi2, adx, fma, vzeroupper, clflush, clflushopt, hv

Memory: 4k page, system-wide physical 8090M (1173M free)
TotalPageFile size 17473M (AvailPageFile size 20M)
current process WorkingSet (physical memory assigned to process): 249M, peak: 249M
current process commit charge ("private bytes"): 279M, peak: 280M

vm_info: OpenJDK 64-Bit Server VM (17.0.7+7) for windows-amd64 JRE (17.0.7+7), built on Apr 18 2023 22:10:42 by "temurin" with MS VC++ 16.7 (VS2019)

END.
