#
# There is insufficient memory for the Java Runtime Environment to continue.
# Native memory allocation (malloc) failed to allocate 896656 bytes for Chunk::new
# Possible reasons:
#   The system is out of physical RAM or swap space
#   The process is running with CompressedOops enabled, and the Java Heap may be blocking the growth of the native heap
# Possible solutions:
#   Reduce memory load on the system
#   Increase physical memory or swap space
#   Check if swap backing store is full
#   Decrease Java heap size (-Xmx/-Xms)
#   Decrease number of Java threads
#   Decrease Java thread stack sizes (-Xss)
#   Set larger code cache with -XX:ReservedCodeCacheSize=
#   JVM is running with Unscaled Compressed Oops mode in which the Java heap is
#     placed in the first 4GB address space. The Java Heap base address is the
#     maximum limit for the native heap growth. Please use -XX:HeapBaseMinAddress
#     to set the Java Heap base and to place the Java Heap above 4GB virtual address.
# This output file may be truncated or incomplete.
#
#  Out of Memory Error (arena.cpp:189), pid=14884, tid=18092
#
# JRE version: OpenJDK Runtime Environment Temurin-17.0.7+7 (17.0.7+7) (build 17.0.7+7)
# Java VM: OpenJDK 64-Bit Server VM Temurin-17.0.7+7 (17.0.7+7, mixed mode, tiered, compressed oops, compressed class ptrs, g1 gc, windows-amd64)
# No core dump will be written. Minidumps are not enabled by default on client versions of Windows
#

---------------  S U M M A R Y ------------

Command Line: -Dgroovy.home=C:\Users\Admin/.groovy -Djava.system.class.loader=groovy.lang.GroovyClassLoader -Xmx2048m -Dfile.encoding=UTF-8 -XX:+ShowCodeDetailsInExceptionMessages org.codehaus.groovy.tools.GroovyStarter --classpath C:\Users\Admin\Katalon Studio\FisrtProject\bin\keyword;C:\Users\Admin\Katalon Studio\FisrtProject\Keywords;C:\Users\Admin\Katalon Studio\FisrtProject\bin\listener;C:\Users\Admin\Katalon Studio\FisrtProject\Test Listeners;C:\Users\Admin\Katalon Studio\FisrtProject\bin\lib;C:\Users\Admin\Katalon Studio\FisrtProject\Libs;C:\Users\Admin\Katalon Studio\FisrtProject\bin\groovy;C:\Users\Admin\Katalon Studio\FisrtProject\Include\scripts\groovy;C:\Users\Admin\.katalon\packages\KS-9.7.2\plugins\com.kms.katalon.core_1.0.0.202409190502.jar;C:\Users\Admin\.katalon\packages\KS-9.7.2\configuration\resources\lib\aalto-xml-1.0.0.jar;C:\Users\Admin\.katalon\packages\KS-9.7.2\configuration\resources\lib\aspectjweaver-1.9.1.jar;C:\Users\Admin\.katalon\packages\KS-9.7.2\configuration\resources\lib\aws-2.20.3-fat.jar;C:\Users\Admin\.katalon\packages\KS-9.7.2\configuration\resources\lib\bcpkix-jdk15on-1.64.jar;C:\Users\Admin\.katalon\packages\KS-9.7.2\configuration\resources\lib\bcprov-jdk15on-1.64.jar;C:\Users\Admin\.katalon\packages\KS-9.7.2\configuration\resources\lib\browsermob-core-2.1.5.jar;C:\Users\Admin\.katalon\packages\KS-9.7.2\configuration\resources\lib\byte-buddy-1.14.3.jar;C:\Users\Admin\.katalon\packages\KS-9.7.2\configuration\resources\lib\byte-buddy-agent-1.14.3.jar;C:\Users\Admin\.katalon\packages\KS-9.7.2\configuration\resources\lib\cglib-3.2.10.jar;C:\Users\Admin\.katalon\packages\KS-9.7.2\configuration\resources\lib\commons-codec-1.10.jar;C:\Users\Admin\.katalon\packages\KS-9.7.2\configuration\resources\lib\commons-collections4-4.1.jar;C:\Users\Admin\.katalon\packages\KS-9.7.2\configuration\resources\lib\commons-validator-1.6.jar;C:\Users\Admin\.katalon\packages\KS-9.7.2\configuration\resources\lib\curvesapi-1.04.jar;C:\Users\Admin\.katalon\packages\KS-9.7.2\configuration\resources\lib\dnsjava-2.1.8.jar;C:\Users\Admin\.katalon\packages\KS-9.7.2\configuration\resources\lib\groovy-3.0.17-fat.jar;C:\Users\Admin\.katalon\packages\KS-9.7.2\configuration\resources\lib\jackson-coreutils-2.0.jar;C:\Users\Admin\.katalon\packages\KS-9.7.2\configuration\resources\lib\jackson-coreutils-equivalence-1.0.jar;C:\Users\Admin\.katalon\packages\KS-9.7.2\configuration\resources\lib\java-client-7.0.0.jar;C:\Users\Admin\.katalon\packages\KS-9.7.2\configuration\resources\lib\javax.servlet-api_3.1.0.jar;C:\Users\Admin\.katalon\packages\KS-9.7.2\configuration\resources\lib\jna-5.12.1.jar;C:\Users\Admin\.katalon\packages\KS-9.7.2\configuration\resources\lib\jna-platform-5.12.1.jar;C:\Users\Admin\.katalon\packages\KS-9.7.2\configuration\resources\lib\json-schema-core-1.2.14.jar;C:\Users\Admin\.katalon\packages\KS-9.7.2\configuration\resources\lib\json-schema-validator-2.2.14.jar;C:\Users\Admin\.katalon\packages\KS-9.7.2\configuration\resources\lib\jzlib-1.1.3.jar;C:\Users\Admin\.katalon\packages\KS-9.7.2\configuration\resources\lib\kat-server.jar;C:\Users\Admin\.katalon\packages\KS-9.7.2\configuration\resources\lib\littleproxy-1.1.0-beta-bmp-17.jar;C:\Users\Admin\.katalon\packages\KS-9.7.2\configuration\resources\lib\log4j-1.2-api-2.17.1.jar;C:\Users\Admin\.katalon\packages\KS-9.7.2\configuration\resources\lib\log4j-api-2.17.1.jar;C:\Users\Admin\.katalon\packages\KS-9.7.2\configuration\resources\lib\log4j-core-2.17.1.jar;C:\Users\Admin\.katalon\packages\KS-9.7.2\configuration\resources\lib\mitm-2.1.5.jar;C:\Users\Admin\.katalon\packages\KS-9.7.2\configuration\resources\lib\mockito-core-5.2.0.jar;C:\Users\Admin\.katalon\packages\KS-9.7.2\configuration\resources\lib\mockito-inline-5.2.0.jar;C:\Users\Admin\.katalon\packages\KS-9.7.2\configuration\resources\lib\netty-all-4.1.109.Final.jar;C:\Users\Admin\.katalon\packages\KS-9.7.2\configuration\resources\lib\objenesis-3.3.jar;C:\Users\Admin\.katalon\packages\KS-9.7.2\configuration\resources\lib\poi-3.17.jar;C:\Users\Admin\.katalon\packages\KS-9.7.2\configuration\resources\lib\poi-ooxml-3.17.jar;C:\Users\Admin\.katalon\packages\KS-9.7.2\configuration\resources\lib\poi-ooxml-schemas-3.17.jar;C:\Users\Admin\.katalon\packages\KS-9.7.2\configuration\resources\lib\proxy-vole-1.0.4-SNAPSHOT-jar-with-dependencies.jar;C:\Users\Admin\.katalon\packages\KS-9.7.2\configuration\resources\lib\repackaged-sikuli-api-1.0.2-standalone.jar;C:\Users\Admin\.katalon\packages\KS-9.7.2\configuration\resources\lib\selenium-leg-rc-3.141.59.jar;C:\Users\Admin\.katalon\packages\KS-9.7.2\configuration\resources\lib\selenium-server-standalone-3.141.59.jar;C:\Users\Admin\.katalon\packages\KS-9.7.2\configuration\resources\lib\selenium-shutterbug-1.1.jar;C:\Users\Admin\.katalon\packages\KS-9.7.2\configuration\resources\lib\slf4j-api-1.7.25.jar;C:\Users\Admin\.katalon\packages\KS-9.7.2\configuration\resources\lib\soap-builder-1.0.0.jar;C:\Users\Admin\.katalon\packages\KS-9.7.2\configuration\resources\lib\soap-common-1.0.0.jar;C:\Users\Admin\.katalon\packages\KS-9.7.2\configuration\resources\lib\soap-legacy-1.0.0.jar;C:\Users\Admin\.katalon\packages\KS-9.7.2\configuration\resources\lib\spring-context-5.3.19.jar;C:\Users\Admin\.katalon\packages\KS-9.7.2\configuration\resources\lib\stax2-api-4.0.0.jar;C:\Users\Admin\.katalon\packages\KS-9.7.2\configuration\resources\lib\su.jar;C:\Users\Admin\.katalon\packages\KS-9.7.2\configuration\resources\lib\swagger-parser-1.0.67-fat.jar;C:\Users\Admin\.katalon\packages\KS-9.7.2\configuration\resources\lib\testng-7.8.0.jar;C:\Users\Admin\.katalon\packages\KS-9.7.2\configuration\resources\lib\uri-template-0.1.jar;C:\Users\Admin\.katalon\packages\KS-9.7.2\configuration\resources\lib\wadl.jar;C:\Users\Admin\.katalon\packages\KS-9.7.2\configuration\resources\lib\xmlbeans-3.1.0.jar;C:\Users\Admin\.katalon\packages\KS-9.7.2\plugins\net.sf.supercsv.super-csv_2.1.0.jar;C:\Users\Admin\.katalon\packages\KS-9.7.2\plugins\org.apache.commons.io_2.4.0.jar;C:\Users\Admin\.katalon\packages\KS-9.7.2\plugins\org.apache.commons.lang_2.6.0.jar;C:\Users\Admin\.katalon\packages\KS-9.7.2\plugins\com.google.gson_2.10.1.v20230109-0753.jar;C:\Users\Admin\.katalon\packages\KS-9.7.2\plugins\org.jsoup_1.14.3.jar;C:\Users\Admin\.katalon\packages\KS-9.7.2\plugins\org.apache.commons.dbutils_1.6.0.jar;C:\Users\Admin\.katalon\packages\KS-9.7.2\plugins\com.oracle.jdbc.ojdbc7_12.1.0.2.jar;C:\Users\Admin\.katalon\packages\KS-9.7.2\plugins\org.postgresql.jdbc_42.7.3.jar;c:\Users\Admin\.katalon\packages\KS-9.7.2\plugins\org.eclipse.osgi_3.18.300.v20230220-1352.jar;C:\Users\Admin\.katalon\packages\KS-9.7.2\plugins\com.kms.katalon.constant_1.0.0.202409190502.jar;C:\Users\Admin\.katalon\packages\KS-9.7.2\plugins\org.eclipse.persistence.eclipselink_2.7.11.jar;C:\Users\Admin\.katalon\packages\KS-9.7.2\plugins\com.kms.katalon.selenium-standalone_1.0.0.202409190502.jar;C:\Users\Admin\.katalon\packages\KS-9.7.2\plugins\atu.testrecorder.screen-recorder_2.1.0.jar;C:\Users\Admin\.katalon\packages\KS-9.7.2\plugins\com.google.guava_32.0.0.jre.jar;C:\Users\Admin\.katalon\packages\KS-9.7.2\plugins\com.kms.katalon.util_1.0.0.202409190502.jar;C:\Users\Admin\.katalon\packages\KS-9.7.2\plugins\org.apache.httpcomponents.httpclient_4.5.14.v20221207-1049.jar;C:\Users\Admin\.katalon\packages\KS-9.7.2\plugins\org.apache.httpcomponents.httpcore_4.4.16.v20221207-1049.jar;C:\Users\Admin\.katalon\packages\KS-9.7.2\plugins\org.apache.httpcomponents.httpmime_4.5.13.jar;C:\Users\Admin\.katalon\packages\KS-9.7.2\plugins\org.apache.commons.lang3_3.14.0.jar;C:\Users\Admin\.katalon\packages\KS-9.7.2\plugins\org.greenrobot.eventbus_3.1.1.jar;C:\Users\Admin\.katalon\packages\KS-9.7.2\plugins\net.bytebuddy.byte-buddy_1.14.15.jar;C:\Users\Admin\.katalon\packages\KS-9.7.2\plugins\org.junit_4.13.2.v20211018-1956.jar;C:\Users\Admin\.katalon\packages\KS-9.7.2\plugins\com.fasterxml.jackson.core.jackson-databind_2.17.1.jar;C:\Users\Admin\.katalon\packages\KS-9.7.2\plugins\com.fasterxml.jackson.core.jackson-core_2.17.1.jar;C:\Users\Admin\.katalon\packages\KS-9.7.2\plugins\com.fasterxml.jackson.core.jackson-annotations_2.17.1.jar;C:\Users\Admin\.katalon\packages\KS-9.7.2\plugins\ch.qos.logback.classic_1.2.13.jar;C:\Users\Admin\.katalon\packages\KS-9.7.2\plugins\ch.qos.logback.core_1.2.13.jar;C:\Users\Admin\.katalon\packages\KS-9.7.2\plugins\slf4j.api_1.7.36.jar;C:\Users\Admin\.katalon\packages\KS-9.7.2\plugins\org.fusesource.jansi_1.17.1.jar;C:\Users\Admin\.katalon\packages\KS-9.7.2\plugins\com.kms.katalon.netlightbody_1.0.0.202409190502.jar;C:\Users\Admin\.katalon\packages\KS-9.7.2\plugins\com.kms.katalon.poi_1.0.0.202409190502.jar;C:\Users\Admin\.katalon\packages\KS-9.7.2\plugins\org.apache.commons.commons-text_1.10.0.jar;C:\Users\Admin\.katalon\packages\KS-9.7.2\plugins\com.kms.katalon.proxyvole_1.0.0.202409190502.jar;C:\Users\Admin\.katalon\packages\KS-9.7.2\plugins\com.microsoft.sqlserver.mssql-jdbc_6.2.2.jre8.jar;C:\Users\Admin\.katalon\packages\KS-9.7.2\plugins\com.github.kklisura.cdt.java-client_2.1.0.jar;C:\Users\Admin\.katalon\packages\KS-9.7.2\plugins\javax.websocket-api_1.1.0.jar;C:\Users\Admin\.katalon\packages\KS-9.7.2\plugins\org.glassfish.tyrus.container-grizzly-client_1.13.1.jar;C:\Users\Admin\.katalon\packages\KS-9.7.2\plugins\org.glassfish.grizzly.http-server_2.3.25.jar;C:\Users\Admin\.katalon\packages\KS-9.7.2\plugins\org.glassfish.grizzly.framework_2.3.25.jar;C:\Users\Admin\.katalon\packages\KS-9.7.2\plugins\org.glassfish.grizzly.http_2.3.25.jar;C:\Users\Admin\.katalon\packages\KS-9.7.2\plugins\org.glassfish.tyrus.client_1.13.1.jar;C:\Users\Admin\.katalon\packages\KS-9.7.2\plugins\org.glassfish.tyrus.core_1.13.1.jar;C:\Users\Admin\.katalon\packages\KS-9.7.2\plugins\org.glassfish.tyrus.spi_1.13.1.jar;C:\Users\Admin\.katalon\packages\KS-9.7.2\plugins\javassist_3.28.0.GA.jar;C:\Users\Admin\.katalon\packages\KS-9.7.2\plugins\graphql-java_17.5.0.jar;C:\Users\Admin\.katalon\packages\KS-9.7.2\plugins\org.glassfish.jaxb.runtime_2.3.6.jar;C:\Users\Admin\.katalon\packages\KS-9.7.2\plugins\org.glassfish.jaxb.txw2_2.3.6.jar;C:\Users\Admin\.katalon\packages\KS-9.7.2\plugins\org.dom4j_2.1.4.jar;C:\Users\Admin\.katalon\packages\KS-9.7.2\plugins\com.kms.katalon.groovy-extended_1.0.0.202409190502.jar;C:\Users\Admin\.katalon\packages\KS-9.7.2\plugins\com.sun.activation.javax.activation_1.2.0.jar;C:\Users\Admin\.katalon\packages\KS-9.7.2\plugins\jakarta.xml.bind-api_2.3.3.jar;C:\Users\Admin\.katalon\packages\KS-9.7.2\plugins\com.sun.xml.bind.jaxb-impl_2.3.6.jar;C:\Users\Admin\.katalon\packages\KS-9.7.2\plugins\org.eclipse.jface_3.29.0.v20230214-1401.jar;C:\Users\Admin\.katalon\packages\KS-9.7.2\plugins\com.kms.katalon.logging_1.0.0.202409190502.jar;C:\Users\Admin\.katalon\packages\KS-9.7.2\plugins\json_20240303.0.0.jar;C:\Users\Admin\.katalon\packages\KS-9.7.2\plugins\assertj-core_3.25.3.jar;C:\Users\Admin\.katalon\packages\KS-9.7.2\plugins\com.networknt.json-schema-validator_1.0.66.jar;C:\Users\Admin\.katalon\packages\KS-9.7.2\plugins\com.kms.katalon.network.apache_1.0.0.202409190502.jar;C:\Users\Admin\.katalon\packages\KS-9.7.2\plugins\org.apache.commons.logging_1.2.0.v20180409-1502.jar;C:\Users\Admin\.katalon\packages\KS-9.7.2\plugins\org.hamcrest.core_1.3.0.v20180420-1519.jar;C:\Users\Admin\.katalon\packages\KS-9.7.2\plugins\org.beanshell.bsh_2.0.0.0b4.jar;C:\Users\Admin\.katalon\packages\KS-9.7.2\plugins\org.apache.ant.launcher_1.9.6.jar;C:\Users\Admin\.katalon\packages\KS-9.7.2\plugins\com.kms.katalon.core.appium_1.0.0.202409190502.jar;C:\Users\Admin\.katalon\packages\KS-9.7.2\plugins\com.kms.katalon.api_1.0.0.202409190502.jar;C:\Users\Admin\.katalon\packages\KS-9.7.2\plugins\org.eclipse.equinox.common_3.17.100.v20230202-1341.jar;C:\Users\Admin\.katalon\packages\KS-9.7.2\plugins\com.kms.katalon.platform.core_1.0.0.202409190502.jar;C:\Users\Admin\.katalon\packages\KS-9.7.2\plugins\com.kms.katalon.common_1.0.0.202409190502.jar;C:\Users\Admin\.katalon\packages\KS-9.7.2\plugins\com.kms.katalon.session.core_1.0.0.202409190502.jar;C:\Users\Admin\.katalon\packages\KS-9.7.2\plugins\org.eclipse.e4.core.contexts_1.11.0.v20220716-0839.jar;C:\Users\Admin\.katalon\packages\KS-9.7.2\plugins\javax.inject_1.0.0.v20220405-0441.jar;C:\Users\Admin\.katalon\packages\KS-9.7.2\plugins\org.eclipse.e4.core.di_1.8.300.v20220817-1539.jar;C:\Users\Admin\.katalon\packages\KS-9.7.2\plugins\com.kms.katalon.network.core_1.0.0.202409190502.jar;C:\Users\Admin\.katalon\packages\KS-9.7.2\plugins\com.kms.katalon.execution.core_1.0.0.202409190502.jar;C:\Users\Admin\.katalon\packages\KS-9.7.2\plugins\org.eclipse.equinox.registry_3.11.200.v20220817-1601.jar;C:\Users\Admin\.katalon\packages\KS-9.7.2\plugins\dev.failsafe_3.3.2.jar;C:\Users\Admin\.katalon\packages\KS-9.7.2\plugins\com.fasterxml.jackson.datatype.jackson-datatype-jsr310_2.17.1.jar;C:\Users\Admin\.katalon\packages\KS-9.7.2\plugins\org.eclipse.e4.core.di.annotations_1.7.200.v20220613-1008.jar;C:\Users\Admin\.katalon\packages\KS-9.7.2\plugins\com.kms.katalon.core.webui_1.0.0.202409190502.jar;C:\Users\Admin\.katalon\packages\KS-9.7.2\plugins\org.eclipse.e4.core.services_2.3.400.v20220915-1347.jar;C:\Users\Admin\.katalon\packages\KS-9.7.2\plugins\com.kms.katalon.core.mobile_1.0.0.202409190502.jar;C:\Users\Admin\.katalon\packages\KS-9.7.2\plugins\org.apache.commons.commons-validator_1.7.0.jar;C:\Users\Admin\.katalon\packages\KS-9.7.2\plugins\com.kms.katalon.core.cucumber_1.0.0.202409190502.jar;C:\Users\Admin\.katalon\packages\KS-9.7.2\plugins\io.cucumber.core_3.0.3.jar;C:\Users\Admin\.katalon\packages\KS-9.7.2\plugins\io.cucumber.datatable_1.1.15.jar;C:\Users\Admin\.katalon\packages\KS-9.7.2\plugins\io.cucumber.datatable-dependencies_1.1.15.jar;C:\Users\Admin\.katalon\packages\KS-9.7.2\plugins\io.cucumber.expressions_5.0.19.jar;C:\Users\Admin\.katalon\packages\KS-9.7.2\plugins\io.cucumber.gherkin_5.0.0.jar;C:\Users\Admin\.katalon\packages\KS-9.7.2\plugins\io.cucumber.html_0.2.7.jar;C:\Users\Admin\.katalon\packages\KS-9.7.2\plugins\io.cucumber.java_3.0.3.jar;C:\Users\Admin\.katalon\packages\KS-9.7.2\plugins\io.cucumber.tag-expressions_1.1.1.jar;C:\Users\Admin\.katalon\packages\KS-9.7.2\plugins\io.cucumber.junit_3.0.3.jar;C:\Users\Admin\.katalon\packages\KS-9.7.2\plugins\com.kms.katalon.core.webservice_1.0.0.202409190502.jar;C:\Users\Admin\.katalon\packages\KS-9.7.2\plugins\wsdl4j_1.6.2.jar;C:\Users\Admin\.katalon\packages\KS-9.7.2\plugins\com.google.oauth-client.google-oauth-client_1.22.0.jar;C:\Users\Admin\.katalon\packages\KS-9.7.2\plugins\com.google.http-client.google-http-client_1.22.0.jar;C:\Users\Admin\.katalon\packages\KS-9.7.2\plugins\ca.juliusdavies.not-yet-commons-ssl_0.3.11.jar;C:\Users\Admin\.katalon\packages\KS-9.7.2\plugins\com.kms.katalon.preferences_1.0.0.202409190502.jar;C:\Users\Admin\.katalon\packages\KS-9.7.2\plugins\org.apache.xmlbeans_3.1.0.jar;C:\Users\Admin\.katalon\packages\KS-9.7.2\plugins\com.kms.katalon.entity_1.0.0.202409190502.jar;C:\Users\Admin\.katalon\packages\KS-9.7.2\plugins\org.antlr.antlr4-runtime_4.9.2.jar;C:\Users\Admin\.katalon\packages\KS-9.7.2\plugins\jakarta.xml.ws-api_2.3.3.jar;C:\Users\Admin\.katalon\packages\KS-9.7.2\plugins\javax.xml.soap-api_1.4.0.jar;C:\Users\Admin\.katalon\packages\KS-9.7.2\plugins\com.atlassian.oai.swagger-request-validator-core_2.38.0.jar;C:\Users\Admin\.katalon\packages\KS-9.7.2\plugins\io.swagger.compat-spec-parser_1.0.67.jar;C:\Users\Admin\.katalon\packages\KS-9.7.2\plugins\io.swagger.core.v3.swagger-annotations_2.2.14.jar;C:\Users\Admin\.katalon\packages\KS-9.7.2\plugins\io.swagger.core.v3.swagger-core_2.2.14.jar;C:\Users\Admin\.katalon\packages\KS-9.7.2\plugins\io.swagger.core.v3.swagger-models_2.2.14.jar;C:\Users\Admin\.katalon\packages\KS-9.7.2\plugins\io.swagger.parser.v3.swagger-parser-core_2.1.16.jar;C:\Users\Admin\.katalon\packages\KS-9.7.2\plugins\io.swagger.parser.v3.swagger-parser-v2-converter_2.1.16.jar;C:\Users\Admin\.katalon\packages\KS-9.7.2\plugins\com.github.java-json-tools.btf_1.3.0.jar;C:\Users\Admin\.katalon\packages\KS-9.7.2\plugins\com.fasterxml.jackson.dataformat.jackson-dataformat-yaml_2.17.1.jar;C:\Users\Admin\.katalon\packages\KS-9.7.2\plugins\org.yaml.snakeyaml_2.2.0.jar;C:\Users\Admin\.katalon\packages\KS-9.7.2\plugins\com.github.java-json-tools.msg-simple_1.2.0.jar;C:\Users\Admin\.katalon\packages\KS-9.7.2\plugins\jackson-core-asl_1.9.13.jar;C:\Users\Admin\.katalon\packages\KS-9.7.2\plugins\joda-time_2.10.5.jar;C:\Users\Admin\.katalon\packages\KS-9.7.2\plugins\javax.mail-api_1.6.2.jar;C:\Users\Admin\.katalon\packages\KS-9.7.2\plugins\com.googlecode.libphonenumber_8.11.1.jar;C:\Users\Admin\.katalon\packages\KS-9.7.2\plugins\com.google.guava.failureaccess_1.0.1.jar;C:\Users\Admin\.katalon\packages\KS-9.7.2\plugins\io.swagger.parser.v3.swagger-parser_2.1.16.jar;C:\Users\Admin\.katalon\packages\KS-9.7.2\plugins\io.swagger.parser.v3.swagger-parser-v3_2.1.16.jar;C:\Users\Admin\.katalon\packages\KS-9.7.2\plugins\io.swagger.parser_1.0.67.jar;C:\Users\Admin\.katalon\packages\KS-9.7.2\plugins\com.kms.katalon.core.windows_1.0.0.202409190502.jar;C:\Users\Admin\.katalon\packages\KS-9.7.2\plugins\com.kms.katalon.core.testng_1.0.0.202409190502.jar;C:\Users\Admin\.katalon\packages\KS-9.7.2\configuration\org.eclipse.osgi\33\0\.cp\resources\basic-report\katalon-studio-report-plugin.jar;C:\Users\Admin\.katalon\packages\KS-9.7.2\plugins\org.codehaus.groovy_3.0.17.v202303311542-e2303\lib\groovy-3.0.17-indy.jar;C:\Users\Admin\.katalon\packages\KS-9.7.2\plugins\org.codehaus.groovy_3.0.17.v202303311542-e2303\lib\ivy-2.5.1.jar --main groovy.ui.GroovyMain --encoding UTF-8 --indy C:\Users\Admin\Katalon Studio\FisrtProject\Libs\TempTestCase1732698373086.groovy

Host: Intel(R) Core(TM) i7-7500U CPU @ 2.70GHz, 4 cores, 7G,  Windows 10 , 64 bit Build 17763 (10.0.17763.6292)
Time: Wed Nov 27 16:06:43 2024 SE Asia Standard Time elapsed time: 20.603315 seconds (0d 0h 0m 20s)

---------------  T H R E A D  ---------------

Current thread (0x000001f7ba2e9aa0):  JavaThread "C2 CompilerThread0" daemon [_thread_in_native, id=18092, stack(0x000000f0b2000000,0x000000f0b2100000)]


Current CompileTask:
C2:  20603 4652  s!   4       jdk.internal.loader.URLClassPath::getLoader (194 bytes)

Stack: [0x000000f0b2000000,0x000000f0b2100000]
Native frames: (J=compiled Java code, j=interpreted, Vv=VM code, C=native code)
V  [jvm.dll+0x67754a]
V  [jvm.dll+0x834304]
V  [jvm.dll+0x835aae]
V  [jvm.dll+0x836113]
V  [jvm.dll+0x24696f]
V  [jvm.dll+0xac0ac]
V  [jvm.dll+0xac67c]
V  [jvm.dll+0x364de2]
V  [jvm.dll+0x1bcc02]
V  [jvm.dll+0x219799]
V  [jvm.dll+0x218a61]
V  [jvm.dll+0x1a4d8d]
V  [jvm.dll+0x2284da]
V  [jvm.dll+0x226615]
V  [jvm.dll+0x7ea90b]
V  [jvm.dll+0x7e4e7a]
V  [jvm.dll+0x676395]
C  [ucrtbase.dll+0x2268a]
C  [KERNEL32.DLL+0x17ac4]
C  [ntdll.dll+0x5a8c1]


---------------  P R O C E S S  ---------------

Threads class SMR info:
_java_thread_list=0x000001f7c0308430, length=14, elements={
0x000001f7a0ae3e80, 0x000001f7ba2c3620, 0x000001f7ba2c51e0, 0x000001f7ba2e3f90,
0x000001f7ba2e4d10, 0x000001f7ba2e85f0, 0x000001f7ba2e8eb0, 0x000001f7ba2e9aa0,
0x000001f7ba352140, 0x000001f7ba357230, 0x000001f7ba46b0f0, 0x000001f7baf1e5b0,
0x000001f7c01b3050, 0x000001f7c11e67a0
}

Java Threads: ( => current thread )
  0x000001f7a0ae3e80 JavaThread "main" [_thread_blocked, id=12612, stack(0x000000f0b1300000,0x000000f0b1400000)]
  0x000001f7ba2c3620 JavaThread "Reference Handler" daemon [_thread_blocked, id=10920, stack(0x000000f0b1a00000,0x000000f0b1b00000)]
  0x000001f7ba2c51e0 JavaThread "Finalizer" daemon [_thread_blocked, id=14688, stack(0x000000f0b1b00000,0x000000f0b1c00000)]
  0x000001f7ba2e3f90 JavaThread "Signal Dispatcher" daemon [_thread_blocked, id=18248, stack(0x000000f0b1c00000,0x000000f0b1d00000)]
  0x000001f7ba2e4d10 JavaThread "Attach Listener" daemon [_thread_blocked, id=18124, stack(0x000000f0b1d00000,0x000000f0b1e00000)]
  0x000001f7ba2e85f0 JavaThread "Service Thread" daemon [_thread_blocked, id=16676, stack(0x000000f0b1e00000,0x000000f0b1f00000)]
  0x000001f7ba2e8eb0 JavaThread "Monitor Deflation Thread" daemon [_thread_blocked, id=9940, stack(0x000000f0b1f00000,0x000000f0b2000000)]
=>0x000001f7ba2e9aa0 JavaThread "C2 CompilerThread0" daemon [_thread_in_native, id=18092, stack(0x000000f0b2000000,0x000000f0b2100000)]
  0x000001f7ba352140 JavaThread "C1 CompilerThread0" daemon [_thread_blocked, id=18212, stack(0x000000f0b2100000,0x000000f0b2200000)]
  0x000001f7ba357230 JavaThread "Sweeper thread" daemon [_thread_blocked, id=14456, stack(0x000000f0b2200000,0x000000f0b2300000)]
  0x000001f7ba46b0f0 JavaThread "Common-Cleaner" daemon [_thread_blocked, id=17668, stack(0x000000f0b2300000,0x000000f0b2400000)]
  0x000001f7baf1e5b0 JavaThread "Notification Thread" daemon [_thread_blocked, id=16388, stack(0x000000f0b2700000,0x000000f0b2800000)]
  0x000001f7c01b3050 JavaThread "Thread-0" [_thread_blocked, id=252, stack(0x000000f0b2600000,0x000000f0b2700000)]
  0x000001f7c11e67a0 JavaThread "UrlChecker-2" daemon [_thread_blocked, id=15860, stack(0x000000f0b2a00000,0x000000f0b2b00000)]

Other Threads:
  0x000001f7ba2b0620 VMThread "VM Thread" [stack: 0x000000f0b1900000,0x000000f0b1a00000] [id=15292]
  0x000001f7baf1ea80 WatcherThread [stack: 0x000000f0b2800000,0x000000f0b2900000] [id=16440]
  0x000001f7a0b3d840 GCTaskThread "GC Thread#0" [stack: 0x000000f0b1400000,0x000000f0b1500000] [id=5772]
  0x000001f7ba9a4000 GCTaskThread "GC Thread#1" [stack: 0x000000f0b2400000,0x000000f0b2500000] [id=15904]
  0x000001f7ba68e0d0 GCTaskThread "GC Thread#2" [stack: 0x000000f0b2500000,0x000000f0b2600000] [id=11328]
  0x000001f7c0344d20 GCTaskThread "GC Thread#3" [stack: 0x000000f0b2900000,0x000000f0b2a00000] [id=15448]
  0x000001f7a0b4f6a0 ConcurrentGCThread "G1 Main Marker" [stack: 0x000000f0b1500000,0x000000f0b1600000] [id=14024]
  0x000001f7a0b50cc0 ConcurrentGCThread "G1 Conc#0" [stack: 0x000000f0b1600000,0x000000f0b1700000] [id=16372]
  0x000001f7a0b6db80 ConcurrentGCThread "G1 Refine#0" [stack: 0x000000f0b1700000,0x000000f0b1800000] [id=17600]
  0x000001f7a0b6ea10 ConcurrentGCThread "G1 Service" [stack: 0x000000f0b1800000,0x000000f0b1900000] [id=18224]

Threads with active compile tasks:
C2 CompilerThread0    20639 4652  s!   4       jdk.internal.loader.URLClassPath::getLoader (194 bytes)

VM state: not at safepoint (normal execution)

VM Mutex/Monitor currently owned by a thread: None

Heap address: 0x0000000080000000, size: 2048 MB, Compressed Oops mode: 32-bit

CDS archive(s) not mapped
Compressed class space mapped at: 0x0000000100000000-0x0000000140000000, reserved size: 1073741824
Narrow klass base: 0x0000000000000000, Narrow klass shift: 3, Narrow klass range: 0x140000000

GC Precious Log:
 CPUs: 4 total, 4 available
 Memory: 8090M
 Large Page Support: Disabled
 NUMA Support: Disabled
 Compressed Oops: Enabled (32-bit)
 Heap Region Size: 1M
 Heap Min Capacity: 8M
 Heap Initial Capacity: 128M
 Heap Max Capacity: 2G
 Pre-touch: Disabled
 Parallel Workers: 4
 Concurrent Workers: 1
 Concurrent Refinement Workers: 4
 Periodic GC: Disabled

Heap:
 garbage-first heap   total 95232K, used 32609K [0x0000000080000000, 0x0000000100000000)
  region size 1024K, 5 young (5120K), 4 survivors (4096K)
 Metaspace       used 35627K, committed 36224K, reserved 1114112K
  class space    used 3806K, committed 4096K, reserved 1048576K

Heap Regions: E=young(eden), S=young(survivor), O=old, HS=humongous(starts), HC=humongous(continues), CS=collection set, F=free, OA=open archive, CA=closed archive, TAMS=top-at-mark-start (previous, next)
|   0|0x0000000080000000, 0x0000000080100000, 0x0000000080100000|100%|HS|  |TAMS 0x0000000080100000, 0x0000000080000000| Complete 
|   1|0x0000000080100000, 0x0000000080200000, 0x0000000080200000|100%|HS|  |TAMS 0x0000000080200000, 0x0000000080100000| Complete 
|   2|0x0000000080200000, 0x0000000080300000, 0x0000000080300000|100%| O|  |TAMS 0x0000000080300000, 0x0000000080200000| Untracked 
|   3|0x0000000080300000, 0x0000000080400000, 0x0000000080400000|100%| O|  |TAMS 0x0000000080400000, 0x0000000080300000| Untracked 
|   4|0x0000000080400000, 0x0000000080500000, 0x0000000080500000|100%| O|  |TAMS 0x0000000080500000, 0x0000000080400000| Untracked 
|   5|0x0000000080500000, 0x0000000080600000, 0x0000000080600000|100%| O|  |TAMS 0x0000000080600000, 0x0000000080500000| Untracked 
|   6|0x0000000080600000, 0x0000000080700000, 0x0000000080700000|100%| O|  |TAMS 0x0000000080700000, 0x0000000080600000| Untracked 
|   7|0x0000000080700000, 0x0000000080800000, 0x0000000080800000|100%| O|  |TAMS 0x0000000080800000, 0x0000000080700000| Untracked 
|   8|0x0000000080800000, 0x0000000080900000, 0x0000000080900000|100%| O|  |TAMS 0x0000000080900000, 0x0000000080800000| Untracked 
|   9|0x0000000080900000, 0x0000000080a00000, 0x0000000080a00000|100%|HS|  |TAMS 0x0000000080a00000, 0x0000000080900000| Complete 
|  10|0x0000000080a00000, 0x0000000080b00000, 0x0000000080b00000|100%| O|  |TAMS 0x0000000080b00000, 0x0000000080a00000| Untracked 
|  11|0x0000000080b00000, 0x0000000080c00000, 0x0000000080c00000|100%| O|  |TAMS 0x0000000080c00000, 0x0000000080b00000| Untracked 
|  12|0x0000000080c00000, 0x0000000080d00000, 0x0000000080d00000|100%| O|  |TAMS 0x0000000080d00000, 0x0000000080c00000| Untracked 
|  13|0x0000000080d00000, 0x0000000080e00000, 0x0000000080e00000|100%| O|  |TAMS 0x0000000080e00000, 0x0000000080d00000| Untracked 
|  14|0x0000000080e00000, 0x0000000080f00000, 0x0000000080f00000|100%| O|  |TAMS 0x0000000080f00000, 0x0000000080e00000| Untracked 
|  15|0x0000000080f00000, 0x0000000081000000, 0x0000000081000000|100%| O|  |TAMS 0x0000000081000000, 0x0000000080f00000| Untracked 
|  16|0x0000000081000000, 0x0000000081100000, 0x0000000081100000|100%| O|  |TAMS 0x0000000081100000, 0x0000000081000000| Untracked 
|  17|0x0000000081100000, 0x0000000081200000, 0x0000000081200000|100%| O|  |TAMS 0x0000000081200000, 0x0000000081100000| Untracked 
|  18|0x0000000081200000, 0x0000000081300000, 0x0000000081300000|100%| O|  |TAMS 0x0000000081300000, 0x0000000081200000| Untracked 
|  19|0x0000000081300000, 0x0000000081400000, 0x0000000081400000|100%| O|  |TAMS 0x0000000081400000, 0x0000000081300000| Untracked 
|  20|0x0000000081400000, 0x00000000814aa600, 0x0000000081500000| 66%| O|  |TAMS 0x00000000814aa600, 0x0000000081400000| Untracked 
|  21|0x0000000081500000, 0x0000000081600000, 0x0000000081600000|100%| O|  |TAMS 0x000000008150e600, 0x0000000081500000| Untracked 
|  22|0x0000000081600000, 0x0000000081700000, 0x0000000081700000|100%| O|  |TAMS 0x0000000081600000, 0x0000000081600000| Untracked 
|  23|0x0000000081700000, 0x000000008173f600, 0x0000000081800000| 24%| O|  |TAMS 0x0000000081700000, 0x0000000081700000| Untracked 
|  24|0x0000000081800000, 0x0000000081900000, 0x0000000081900000|100%| O|  |TAMS 0x0000000081900000, 0x0000000081800000| Untracked 
|  25|0x0000000081900000, 0x0000000081a00000, 0x0000000081a00000|100%| O|  |TAMS 0x0000000081a00000, 0x0000000081900000| Untracked 
|  26|0x0000000081a00000, 0x0000000081a00000, 0x0000000081b00000|  0%| F|  |TAMS 0x0000000081a00000, 0x0000000081a00000| Untracked 
|  27|0x0000000081b00000, 0x0000000081b00000, 0x0000000081c00000|  0%| F|  |TAMS 0x0000000081b00000, 0x0000000081b00000| Untracked 
|  28|0x0000000081c00000, 0x0000000081c00000, 0x0000000081d00000|  0%| F|  |TAMS 0x0000000081c00000, 0x0000000081c00000| Untracked 
|  29|0x0000000081d00000, 0x0000000081d00000, 0x0000000081e00000|  0%| F|  |TAMS 0x0000000081d00000, 0x0000000081d00000| Untracked 
|  30|0x0000000081e00000, 0x0000000081e00000, 0x0000000081f00000|  0%| F|  |TAMS 0x0000000081e00000, 0x0000000081e00000| Untracked 
|  31|0x0000000081f00000, 0x0000000082000000, 0x0000000082000000|100%| O|  |TAMS 0x0000000082000000, 0x0000000081f00000| Untracked 
|  32|0x0000000082000000, 0x0000000082100000, 0x0000000082100000|100%| O|  |TAMS 0x0000000082100000, 0x0000000082000000| Untracked 
|  33|0x0000000082100000, 0x0000000082200000, 0x0000000082200000|100%| O|  |TAMS 0x0000000082200000, 0x0000000082100000| Untracked 
|  34|0x0000000082200000, 0x0000000082200000, 0x0000000082300000|  0%| F|  |TAMS 0x0000000082200000, 0x0000000082200000| Untracked 
|  35|0x0000000082300000, 0x0000000082300000, 0x0000000082400000|  0%| F|  |TAMS 0x0000000082300000, 0x0000000082300000| Untracked 
|  36|0x0000000082400000, 0x0000000082400000, 0x0000000082500000|  0%| F|  |TAMS 0x0000000082400000, 0x0000000082400000| Untracked 
|  37|0x0000000082500000, 0x0000000082500000, 0x0000000082600000|  0%| F|  |TAMS 0x0000000082500000, 0x0000000082500000| Untracked 
|  38|0x0000000082600000, 0x0000000082600000, 0x0000000082700000|  0%| F|  |TAMS 0x0000000082600000, 0x0000000082600000| Untracked 
|  39|0x0000000082700000, 0x0000000082700000, 0x0000000082800000|  0%| F|  |TAMS 0x0000000082700000, 0x0000000082700000| Untracked 
|  40|0x0000000082800000, 0x0000000082800000, 0x0000000082900000|  0%| F|  |TAMS 0x0000000082800000, 0x0000000082800000| Untracked 
|  41|0x0000000082900000, 0x0000000082900000, 0x0000000082a00000|  0%| F|  |TAMS 0x0000000082900000, 0x0000000082900000| Untracked 
|  42|0x0000000082a00000, 0x0000000082a00000, 0x0000000082b00000|  0%| F|  |TAMS 0x0000000082a00000, 0x0000000082a00000| Untracked 
|  43|0x0000000082b00000, 0x0000000082b00000, 0x0000000082c00000|  0%| F|  |TAMS 0x0000000082b00000, 0x0000000082b00000| Untracked 
|  44|0x0000000082c00000, 0x0000000082c00000, 0x0000000082d00000|  0%| F|  |TAMS 0x0000000082c00000, 0x0000000082c00000| Untracked 
|  45|0x0000000082d00000, 0x0000000082d00000, 0x0000000082e00000|  0%| F|  |TAMS 0x0000000082d00000, 0x0000000082d00000| Untracked 
|  46|0x0000000082e00000, 0x0000000082e00000, 0x0000000082f00000|  0%| F|  |TAMS 0x0000000082e00000, 0x0000000082e00000| Untracked 
|  47|0x0000000082f00000, 0x0000000082f00000, 0x0000000083000000|  0%| F|  |TAMS 0x0000000082f00000, 0x0000000082f00000| Untracked 
|  48|0x0000000083000000, 0x0000000083000000, 0x0000000083100000|  0%| F|  |TAMS 0x0000000083000000, 0x0000000083000000| Untracked 
|  49|0x0000000083100000, 0x0000000083100000, 0x0000000083200000|  0%| F|  |TAMS 0x0000000083100000, 0x0000000083100000| Untracked 
|  50|0x0000000083200000, 0x0000000083200000, 0x0000000083300000|  0%| F|  |TAMS 0x0000000083200000, 0x0000000083200000| Untracked 
|  51|0x0000000083300000, 0x0000000083300000, 0x0000000083400000|  0%| F|  |TAMS 0x0000000083300000, 0x0000000083300000| Untracked 
|  52|0x0000000083400000, 0x0000000083400000, 0x0000000083500000|  0%| F|  |TAMS 0x0000000083400000, 0x0000000083400000| Untracked 
|  53|0x0000000083500000, 0x0000000083500000, 0x0000000083600000|  0%| F|  |TAMS 0x0000000083500000, 0x0000000083500000| Untracked 
|  54|0x0000000083600000, 0x0000000083600000, 0x0000000083700000|  0%| F|  |TAMS 0x0000000083600000, 0x0000000083600000| Untracked 
|  55|0x0000000083700000, 0x0000000083700000, 0x0000000083800000|  0%| F|  |TAMS 0x0000000083700000, 0x0000000083700000| Untracked 
|  56|0x0000000083800000, 0x0000000083800000, 0x0000000083900000|  0%| F|  |TAMS 0x0000000083800000, 0x0000000083800000| Untracked 
|  57|0x0000000083900000, 0x0000000083900000, 0x0000000083a00000|  0%| F|  |TAMS 0x0000000083900000, 0x0000000083900000| Untracked 
|  58|0x0000000083a00000, 0x0000000083a00000, 0x0000000083b00000|  0%| F|  |TAMS 0x0000000083a00000, 0x0000000083a00000| Untracked 
|  59|0x0000000083b00000, 0x0000000083beea70, 0x0000000083c00000| 93%| S|CS|TAMS 0x0000000083b00000, 0x0000000083b00000| Complete 
|  60|0x0000000083c00000, 0x0000000083d00000, 0x0000000083d00000|100%| S|CS|TAMS 0x0000000083c00000, 0x0000000083c00000| Complete 
|  61|0x0000000083d00000, 0x0000000083e00000, 0x0000000083e00000|100%| S|CS|TAMS 0x0000000083d00000, 0x0000000083d00000| Complete 
|  62|0x0000000083e00000, 0x0000000083f00000, 0x0000000083f00000|100%| S|CS|TAMS 0x0000000083e00000, 0x0000000083e00000| Complete 
|  63|0x0000000083f00000, 0x0000000083f00000, 0x0000000084000000|  0%| F|  |TAMS 0x0000000083f00000, 0x0000000083f00000| Untracked 
|  64|0x0000000084000000, 0x0000000084000000, 0x0000000084100000|  0%| F|  |TAMS 0x0000000084000000, 0x0000000084000000| Untracked 
|  65|0x0000000084100000, 0x0000000084100000, 0x0000000084200000|  0%| F|  |TAMS 0x0000000084100000, 0x0000000084100000| Untracked 
|  66|0x0000000084200000, 0x0000000084200000, 0x0000000084300000|  0%| F|  |TAMS 0x0000000084200000, 0x0000000084200000| Untracked 
|  67|0x0000000084300000, 0x0000000084300000, 0x0000000084400000|  0%| F|  |TAMS 0x0000000084300000, 0x0000000084300000| Untracked 
|  68|0x0000000084400000, 0x0000000084400000, 0x0000000084500000|  0%| F|  |TAMS 0x0000000084400000, 0x0000000084400000| Untracked 
|  69|0x0000000084500000, 0x0000000084500000, 0x0000000084600000|  0%| F|  |TAMS 0x0000000084500000, 0x0000000084500000| Untracked 
|  70|0x0000000084600000, 0x0000000084600000, 0x0000000084700000|  0%| F|  |TAMS 0x0000000084600000, 0x0000000084600000| Untracked 
|  71|0x0000000084700000, 0x0000000084700000, 0x0000000084800000|  0%| F|  |TAMS 0x0000000084700000, 0x0000000084700000| Untracked 
|  72|0x0000000084800000, 0x0000000084800000, 0x0000000084900000|  0%| F|  |TAMS 0x0000000084800000, 0x0000000084800000| Untracked 
|  73|0x0000000084900000, 0x0000000084900000, 0x0000000084a00000|  0%| F|  |TAMS 0x0000000084900000, 0x0000000084900000| Untracked 
|  74|0x0000000084a00000, 0x0000000084a00000, 0x0000000084b00000|  0%| F|  |TAMS 0x0000000084a00000, 0x0000000084a00000| Untracked 
|  75|0x0000000084b00000, 0x0000000084b00000, 0x0000000084c00000|  0%| F|  |TAMS 0x0000000084b00000, 0x0000000084b00000| Untracked 
|  76|0x0000000084c00000, 0x0000000084c00000, 0x0000000084d00000|  0%| F|  |TAMS 0x0000000084c00000, 0x0000000084c00000| Untracked 
|  77|0x0000000084d00000, 0x0000000084d00000, 0x0000000084e00000|  0%| F|  |TAMS 0x0000000084d00000, 0x0000000084d00000| Untracked 
|  78|0x0000000084e00000, 0x0000000084e00000, 0x0000000084f00000|  0%| F|  |TAMS 0x0000000084e00000, 0x0000000084e00000| Untracked 
|  79|0x0000000084f00000, 0x0000000084f00000, 0x0000000085000000|  0%| F|  |TAMS 0x0000000084f00000, 0x0000000084f00000| Untracked 
|  80|0x0000000085000000, 0x0000000085000000, 0x0000000085100000|  0%| F|  |TAMS 0x0000000085000000, 0x0000000085000000| Untracked 
|  81|0x0000000085100000, 0x0000000085100000, 0x0000000085200000|  0%| F|  |TAMS 0x0000000085100000, 0x0000000085100000| Untracked 
|  82|0x0000000085200000, 0x0000000085200000, 0x0000000085300000|  0%| F|  |TAMS 0x0000000085200000, 0x0000000085200000| Untracked 
|  83|0x0000000085300000, 0x0000000085300000, 0x0000000085400000|  0%| F|  |TAMS 0x0000000085300000, 0x0000000085300000| Untracked 
|  84|0x0000000085400000, 0x0000000085400000, 0x0000000085500000|  0%| F|  |TAMS 0x0000000085400000, 0x0000000085400000| Untracked 
|  85|0x0000000085500000, 0x0000000085500000, 0x0000000085600000|  0%| F|  |TAMS 0x0000000085500000, 0x0000000085500000| Untracked 
|  86|0x0000000085600000, 0x0000000085600000, 0x0000000085700000|  0%| F|  |TAMS 0x0000000085600000, 0x0000000085600000| Untracked 
|  87|0x0000000085700000, 0x0000000085700000, 0x0000000085800000|  0%| F|  |TAMS 0x0000000085700000, 0x0000000085700000| Untracked 
|  88|0x0000000085800000, 0x0000000085800000, 0x0000000085900000|  0%| F|  |TAMS 0x0000000085800000, 0x0000000085800000| Untracked 
|  89|0x0000000085900000, 0x0000000085900000, 0x0000000085a00000|  0%| F|  |TAMS 0x0000000085900000, 0x0000000085900000| Untracked 
|  90|0x0000000085a00000, 0x0000000085a00000, 0x0000000085b00000|  0%| F|  |TAMS 0x0000000085a00000, 0x0000000085a00000| Untracked 
|  91|0x0000000085b00000, 0x0000000085b00000, 0x0000000085c00000|  0%| F|  |TAMS 0x0000000085b00000, 0x0000000085b00000| Untracked 
| 127|0x0000000087f00000, 0x0000000087f35d38, 0x0000000088000000| 21%| E|  |TAMS 0x0000000087f00000, 0x0000000087f00000| Complete 

Card table byte_map: [0x000001f7b3560000,0x000001f7b3960000] _byte_map_base: 0x000001f7b3160000

Marking Bits (Prev, Next): (CMBitMap*) 0x000001f7a0b3ed70, (CMBitMap*) 0x000001f7a0b3edb0
 Prev Bits: [0x000001f7b3d60000, 0x000001f7b5d60000)
 Next Bits: [0x000001f7b5d60000, 0x000001f7b7d60000)

Polling page: 0x000001f7a0270000

Metaspace:

Usage:
  Non-class:     31.08 MB used.
      Class:      3.72 MB used.
       Both:     34.79 MB used.

Virtual space:
  Non-class space:       64.00 MB reserved,      31.38 MB ( 49%) committed,  1 nodes.
      Class space:        1.00 GB reserved,       4.00 MB ( <1%) committed,  1 nodes.
             Both:        1.06 GB reserved,      35.38 MB (  3%) committed. 

Chunk freelists:
   Non-Class:  624.00 KB
       Class:  12.05 MB
        Both:  12.66 MB

MaxMetaspaceSize: unlimited
CompressedClassSpaceSize: 1.00 GB
Initial GC threshold: 21.00 MB
Current GC threshold: 59.00 MB
CDS: off
MetaspaceReclaimPolicy: balanced
 - commit_granule_bytes: 65536.
 - commit_granule_words: 8192.
 - virtual_space_node_default_size: 8388608.
 - enlarge_chunks_in_place: 1.
 - new_chunks_are_fully_committed: 0.
 - uncommit_free_chunks: 1.
 - use_allocation_guard: 0.
 - handle_deallocations: 1.


Internal statistics:

num_allocs_failed_limit: 6.
num_arena_births: 600.
num_arena_deaths: 0.
num_vsnodes_births: 2.
num_vsnodes_deaths: 0.
num_space_committed: 566.
num_space_uncommitted: 0.
num_chunks_returned_to_freelist: 6.
num_chunks_taken_from_freelist: 1436.
num_chunk_merges: 3.
num_chunk_splits: 956.
num_chunks_enlarged: 623.
num_inconsistent_stats: 0.

CodeHeap 'non-profiled nmethods': size=120000Kb used=2450Kb max_used=2732Kb free=117549Kb
 bounds [0x000001f7abc30000, 0x000001f7abef0000, 0x000001f7b3160000]
CodeHeap 'profiled nmethods': size=120000Kb used=7104Kb max_used=8300Kb free=112895Kb
 bounds [0x000001f7a4160000, 0x000001f7a4980000, 0x000001f7ab690000]
CodeHeap 'non-nmethods': size=5760Kb used=2286Kb max_used=2371Kb free=3473Kb
 bounds [0x000001f7ab690000, 0x000001f7ab900000, 0x000001f7abc30000]
 total_blobs=4695 nmethods=3898 adapters=709
 compilation: enabled
              stopped_count=0, restarted_count=0
 full_count=0

Compilation events (20 events):
Event: 20.318 Thread 0x000001f7ba352140 nmethod 4648 0x000001f7a456bf90 code [0x000001f7a456c180, 0x000001f7a456c888]
Event: 20.318 Thread 0x000001f7ba352140 4649       3       java.lang.ProcessEnvironment$EntryComparator::compare (25 bytes)
Event: 20.318 Thread 0x000001f7ba352140 nmethod 4649 0x000001f7a41ccb90 code [0x000001f7a41ccd60, 0x000001f7a41cd208]
Event: 20.318 Thread 0x000001f7ba352140 4650       3       java.lang.ProcessEnvironment$CheckedEntry::getValue (5 bytes)
Event: 20.319 Thread 0x000001f7ba352140 nmethod 4650 0x000001f7a456b990 code [0x000001f7a456bb40, 0x000001f7a456be68]
Event: 20.319 Thread 0x000001f7ba352140 4651       3       java.lang.ProcessEnvironment$CheckedEntry::getValue (13 bytes)
Event: 20.319 Thread 0x000001f7ba352140 nmethod 4651 0x000001f7a43c1990 code [0x000001f7a43c1b40, 0x000001f7a43c1de8]
Event: 20.340 Thread 0x000001f7ba2e9aa0 4652  s!   4       jdk.internal.loader.URLClassPath::getLoader (194 bytes)
Event: 20.345 Thread 0x000001f7ba352140 4653       3       java.lang.invoke.LambdaForm$MH/0x00000001000dd800::invoke (25 bytes)
Event: 20.345 Thread 0x000001f7ba352140 nmethod 4653 0x000001f7a43c1190 code [0x000001f7a43c1360, 0x000001f7a43c1858]
Event: 20.356 Thread 0x000001f7ba352140 4654       3       java.net.URLStreamHandler::parseURL (1201 bytes)
Event: 20.386 Thread 0x000001f7ba352140 nmethod 4654 0x000001f7a48e9690 code [0x000001f7a48ea7e0, 0x000001f7a48f5048]
Event: 20.386 Thread 0x000001f7ba352140 4655       3       java.net.URLStreamHandler::setURL (73 bytes)
Event: 20.388 Thread 0x000001f7ba352140 nmethod 4655 0x000001f7a45ad490 code [0x000001f7a45ad760, 0x000001f7a45ae5b8]
Event: 20.388 Thread 0x000001f7ba352140 4656       3       java.util.concurrent.locks.AbstractQueuedSynchronizer::<init> (5 bytes)
Event: 20.388 Thread 0x000001f7ba352140 nmethod 4656 0x000001f7a48e9210 code [0x000001f7a48e93c0, 0x000001f7a48e9578]
Event: 20.424 Thread 0x000001f7ba352140 4657       3       java.util.List::of (4 bytes)
Event: 20.424 Thread 0x000001f7ba352140 nmethod 4657 0x000001f7a4324390 code [0x000001f7a4324520, 0x000001f7a4324618]
Event: 20.469 Thread 0x000001f7ba352140 4658       1       java.util.concurrent.locks.AbstractOwnableSynchronizer::setExclusiveOwnerThread (6 bytes)
Event: 20.469 Thread 0x000001f7ba352140 nmethod 4658 0x000001f7abdbf290 code [0x000001f7abdbf420, 0x000001f7abdbf538]

GC Heap History (20 events):
Event: 2.950 GC heap before
{Heap before GC invocations=2 (full 0):
 garbage-first heap   total 131072K, used 30633K [0x0000000080000000, 0x0000000100000000)
  region size 1024K, 17 young (17408K), 2 survivors (2048K)
 Metaspace       used 10577K, committed 10752K, reserved 1114112K
  class space    used 901K, committed 960K, reserved 1048576K
}
Event: 2.955 GC heap after
{Heap after GC invocations=3 (full 0):
 garbage-first heap   total 131072K, used 16415K [0x0000000080000000, 0x0000000100000000)
  region size 1024K, 2 young (2048K), 2 survivors (2048K)
 Metaspace       used 10577K, committed 10752K, reserved 1114112K
  class space    used 901K, committed 960K, reserved 1048576K
}
Event: 6.258 GC heap before
{Heap before GC invocations=3 (full 0):
 garbage-first heap   total 131072K, used 91167K [0x0000000080000000, 0x0000000100000000)
  region size 1024K, 75 young (76800K), 2 survivors (2048K)
 Metaspace       used 20348K, committed 20608K, reserved 1114112K
  class space    used 2081K, committed 2240K, reserved 1048576K
}
Event: 6.273 GC heap after
{Heap after GC invocations=4 (full 0):
 garbage-first heap   total 131072K, used 21774K [0x0000000080000000, 0x0000000100000000)
  region size 1024K, 7 young (7168K), 7 survivors (7168K)
 Metaspace       used 20348K, committed 20608K, reserved 1114112K
  class space    used 2081K, committed 2240K, reserved 1048576K
}
Event: 6.936 GC heap before
{Heap before GC invocations=4 (full 0):
 garbage-first heap   total 131072K, used 59662K [0x0000000080000000, 0x0000000100000000)
  region size 1024K, 45 young (46080K), 7 survivors (7168K)
 Metaspace       used 21277K, committed 21504K, reserved 1114112K
  class space    used 2169K, committed 2304K, reserved 1048576K
}
Event: 6.950 GC heap after
{Heap after GC invocations=5 (full 0):
 garbage-first heap   total 131072K, used 22139K [0x0000000080000000, 0x0000000100000000)
  region size 1024K, 1 young (1024K), 1 survivors (1024K)
 Metaspace       used 21277K, committed 21504K, reserved 1114112K
  class space    used 2169K, committed 2304K, reserved 1048576K
}
Event: 9.537 GC heap before
{Heap before GC invocations=6 (full 0):
 garbage-first heap   total 78848K, used 68219K [0x0000000080000000, 0x0000000100000000)
  region size 1024K, 46 young (47104K), 1 survivors (1024K)
 Metaspace       used 28750K, committed 29120K, reserved 1114112K
  class space    used 3028K, committed 3200K, reserved 1048576K
}
Event: 9.554 GC heap after
{Heap after GC invocations=7 (full 0):
 garbage-first heap   total 78848K, used 25413K [0x0000000080000000, 0x0000000100000000)
  region size 1024K, 5 young (5120K), 5 survivors (5120K)
 Metaspace       used 28750K, committed 29120K, reserved 1114112K
  class space    used 3028K, committed 3200K, reserved 1048576K
}
Event: 10.065 GC heap before
{Heap before GC invocations=7 (full 0):
 garbage-first heap   total 78848K, used 59205K [0x0000000080000000, 0x0000000100000000)
  region size 1024K, 36 young (36864K), 5 survivors (5120K)
 Metaspace       used 29962K, committed 30336K, reserved 1114112K
  class space    used 3111K, committed 3264K, reserved 1048576K
}
Event: 10.077 GC heap after
{Heap after GC invocations=8 (full 0):
 garbage-first heap   total 78848K, used 26043K [0x0000000080000000, 0x0000000100000000)
  region size 1024K, 1 young (1024K), 1 survivors (1024K)
 Metaspace       used 29962K, committed 30336K, reserved 1114112K
  class space    used 3111K, committed 3264K, reserved 1048576K
}
Event: 10.824 GC heap before
{Heap before GC invocations=8 (full 0):
 garbage-first heap   total 78848K, used 58811K [0x0000000080000000, 0x0000000100000000)
  region size 1024K, 33 young (33792K), 1 survivors (1024K)
 Metaspace       used 31190K, committed 31616K, reserved 1114112K
  class space    used 3264K, committed 3456K, reserved 1048576K
}
Event: 10.829 GC heap after
{Heap after GC invocations=9 (full 0):
 garbage-first heap   total 78848K, used 26364K [0x0000000080000000, 0x0000000100000000)
  region size 1024K, 1 young (1024K), 1 survivors (1024K)
 Metaspace       used 31190K, committed 31616K, reserved 1114112K
  class space    used 3264K, committed 3456K, reserved 1048576K
}
Event: 11.708 GC heap before
{Heap before GC invocations=9 (full 0):
 garbage-first heap   total 78848K, used 60156K [0x0000000080000000, 0x0000000100000000)
  region size 1024K, 34 young (34816K), 1 survivors (1024K)
 Metaspace       used 32080K, committed 32512K, reserved 1114112K
  class space    used 3347K, committed 3584K, reserved 1048576K
}
Event: 11.717 GC heap after
{Heap after GC invocations=10 (full 0):
 garbage-first heap   total 78848K, used 27623K [0x0000000080000000, 0x0000000100000000)
  region size 1024K, 3 young (3072K), 3 survivors (3072K)
 Metaspace       used 32080K, committed 32512K, reserved 1114112K
  class space    used 3347K, committed 3584K, reserved 1048576K
}
Event: 12.797 GC heap before
{Heap before GC invocations=10 (full 0):
 garbage-first heap   total 78848K, used 60391K [0x0000000080000000, 0x0000000100000000)
  region size 1024K, 35 young (35840K), 3 survivors (3072K)
 Metaspace       used 32509K, committed 32960K, reserved 1114112K
  class space    used 3380K, committed 3584K, reserved 1048576K
}
Event: 12.808 GC heap after
{Heap after GC invocations=11 (full 0):
 garbage-first heap   total 78848K, used 28625K [0x0000000080000000, 0x0000000100000000)
  region size 1024K, 4 young (4096K), 4 survivors (4096K)
 Metaspace       used 32509K, committed 32960K, reserved 1114112K
  class space    used 3380K, committed 3584K, reserved 1048576K
}
Event: 13.472 GC heap before
{Heap before GC invocations=11 (full 0):
 garbage-first heap   total 78848K, used 61393K [0x0000000080000000, 0x0000000100000000)
  region size 1024K, 36 young (36864K), 4 survivors (4096K)
 Metaspace       used 32992K, committed 33472K, reserved 1114112K
  class space    used 3429K, committed 3648K, reserved 1048576K
}
Event: 13.488 GC heap after
{Heap after GC invocations=12 (full 0):
 garbage-first heap   total 95232K, used 30997K [0x0000000080000000, 0x0000000100000000)
  region size 1024K, 5 young (5120K), 5 survivors (5120K)
 Metaspace       used 32992K, committed 33472K, reserved 1114112K
  class space    used 3429K, committed 3648K, reserved 1048576K
}
Event: 20.408 GC heap before
{Heap before GC invocations=12 (full 0):
 garbage-first heap   total 95232K, used 60693K [0x0000000080000000, 0x0000000100000000)
  region size 1024K, 35 young (35840K), 5 survivors (5120K)
 Metaspace       used 35458K, committed 35968K, reserved 1114112K
  class space    used 3790K, committed 4032K, reserved 1048576K
}
Event: 20.418 GC heap after
{Heap after GC invocations=13 (full 0):
 garbage-first heap   total 95232K, used 32609K [0x0000000080000000, 0x0000000100000000)
  region size 1024K, 4 young (4096K), 4 survivors (4096K)
 Metaspace       used 35458K, committed 35968K, reserved 1114112K
  class space    used 3790K, committed 4032K, reserved 1048576K
}

Dll operation events (6 events):
Event: 0.015 Loaded shared library C:\Users\Admin\.katalon\packages\KS-9.7.2\jre\bin\java.dll
Event: 0.644 Loaded shared library C:\Users\Admin\.katalon\packages\KS-9.7.2\jre\bin\net.dll
Event: 0.648 Loaded shared library C:\Users\Admin\.katalon\packages\KS-9.7.2\jre\bin\nio.dll
Event: 0.690 Loaded shared library C:\Users\Admin\.katalon\packages\KS-9.7.2\jre\bin\zip.dll
Event: 1.975 Loaded shared library C:\Users\Admin\.katalon\packages\KS-9.7.2\jre\bin\verify.dll
Event: 2.663 Loaded shared library C:\Users\Admin\.katalon\packages\KS-9.7.2\jre\bin\jimage.dll

Deoptimization events (20 events):
Event: 14.399 Thread 0x000001f7a0ae3e80 Uncommon trap: trap_request=0xffffff76 fr.pc=0x000001f7abc38068 relative=0x00000000000001a8
Event: 14.399 Thread 0x000001f7a0ae3e80 Uncommon trap: reason=predicate action=maybe_recompile pc=0x000001f7abc38068 method=java.util.Arrays.binarySearch0([Ljava/lang/Object;IILjava/lang/Object;Ljava/util/Comparator;)I @ 25 c2
Event: 14.399 Thread 0x000001f7a0ae3e80 DEOPT PACKING pc=0x000001f7abc38068 sp=0x000000f0b13fbe40
Event: 14.399 Thread 0x000001f7a0ae3e80 DEOPT UNPACKING pc=0x000001f7ab6e69a3 sp=0x000000f0b13fbd50 mode 2
Event: 20.312 Thread 0x000001f7a0ae3e80 Uncommon trap: trap_request=0xffffff45 fr.pc=0x000001f7abe78ab0 relative=0x0000000000000290
Event: 20.312 Thread 0x000001f7a0ae3e80 Uncommon trap: reason=unstable_if action=reinterpret pc=0x000001f7abe78ab0 method=sun.nio.fs.WindowsPath.getParent()Lsun/nio/fs/WindowsPath; @ 37 c2
Event: 20.312 Thread 0x000001f7a0ae3e80 DEOPT PACKING pc=0x000001f7abe78ab0 sp=0x000000f0b13fae50
Event: 20.312 Thread 0x000001f7a0ae3e80 DEOPT UNPACKING pc=0x000001f7ab6e69a3 sp=0x000000f0b13fad80 mode 2
Event: 20.339 Thread 0x000001f7a0ae3e80 Uncommon trap: trap_request=0xffffffc6 fr.pc=0x000001f7abe29c8c relative=0x000000000000456c
Event: 20.339 Thread 0x000001f7a0ae3e80 Uncommon trap: reason=bimorphic_or_optimized_type_check action=maybe_recompile pc=0x000001f7abe29c8c method=java.net.URL.<init>(Ljava/net/URL;Ljava/lang/String;Ljava/net/URLStreamHandler;)V @ 504 c2
Event: 20.339 Thread 0x000001f7a0ae3e80 DEOPT PACKING pc=0x000001f7abe29c8c sp=0x000000f0b13fad50
Event: 20.339 Thread 0x000001f7a0ae3e80 DEOPT UNPACKING pc=0x000001f7ab6e69a3 sp=0x000000f0b13facf0 mode 2
Event: 20.339 Thread 0x000001f7a0ae3e80 Uncommon trap: trap_request=0xffffff45 fr.pc=0x000001f7abcc6ed0 relative=0x00000000000017f0
Event: 20.339 Thread 0x000001f7a0ae3e80 Uncommon trap: reason=unstable_if action=reinterpret pc=0x000001f7abcc6ed0 method=java.net.URLStreamHandler.parseURL(Ljava/net/URL;Ljava/lang/String;II)V @ 155 c2
Event: 20.339 Thread 0x000001f7a0ae3e80 DEOPT PACKING pc=0x000001f7abcc6ed0 sp=0x000000f0b13fac30
Event: 20.339 Thread 0x000001f7a0ae3e80 DEOPT UNPACKING pc=0x000001f7ab6e69a3 sp=0x000000f0b13fac08 mode 2
Event: 20.339 Thread 0x000001f7a0ae3e80 Uncommon trap: trap_request=0xffffff45 fr.pc=0x000001f7abcbb10c relative=0x0000000000000a4c
Event: 20.339 Thread 0x000001f7a0ae3e80 Uncommon trap: reason=unstable_if action=reinterpret pc=0x000001f7abcbb10c method=sun.net.util.IPAddressUtil.scan(Ljava/lang/String;JJ[C)I @ 14 c2
Event: 20.339 Thread 0x000001f7a0ae3e80 DEOPT PACKING pc=0x000001f7abcbb10c sp=0x000000f0b13fab60
Event: 20.339 Thread 0x000001f7a0ae3e80 DEOPT UNPACKING pc=0x000001f7ab6e69a3 sp=0x000000f0b13faa20 mode 2

Classes unloaded (0 events):
No events

Classes redefined (0 events):
No events

Internal exceptions (20 events):
Event: 14.991 Thread 0x000001f7a0ae3e80 Exception <a 'java/lang/NoSuchMethodError'{0x00000000841575c8}: 'void java.lang.invoke.DirectMethodHandle$Holder.invokeVirtual(java.lang.Object, java.lang.Object, java.lang.Object, java.lang.Object)'> (0x00000000841575c8) 
thrown [s\src\hotspot\share\interpreter\linkResolver.cpp, line 759]
Event: 15.036 Thread 0x000001f7a0ae3e80 Exception <a 'java/lang/NoSuchMethodError'{0x00000000841be8c8}: 'void java.lang.invoke.DirectMethodHandle$Holder.invokeStatic(java.lang.Object, long)'> (0x00000000841be8c8) 
thrown [s\src\hotspot\share\interpreter\linkResolver.cpp, line 759]
Event: 15.037 Thread 0x000001f7a0ae3e80 Exception <a 'java/lang/NoSuchMethodError'{0x00000000841c41c0}: 'java.lang.Object java.lang.invoke.DirectMethodHandle$Holder.newInvokeSpecial(java.lang.Object, long)'> (0x00000000841c41c0) 
thrown [s\src\hotspot\share\interpreter\linkResolver.cpp, line 759]
Event: 15.040 Thread 0x000001f7a0ae3e80 Exception <a 'java/lang/NoSuchMethodError'{0x00000000841cb118}: 'java.lang.Object java.lang.invoke.DirectMethodHandle$Holder.invokeStatic(java.lang.Object, java.lang.Object, long, java.lang.Object)'> (0x00000000841cb118) 
thrown [s\src\hotspot\share\interpreter\linkResolver.cpp, line 759]
Event: 15.040 Thread 0x000001f7a0ae3e80 Exception <a 'java/lang/NoSuchMethodError'{0x00000000841cee58}: 'java.lang.Object java.lang.invoke.DirectMethodHandle$Holder.invokeStaticInit(java.lang.Object, java.lang.Object, long, java.lang.Object)'> (0x00000000841cee58) 
thrown [s\src\hotspot\share\interpreter\linkResolver.cpp, line 759]
Event: 15.041 Thread 0x000001f7a0ae3e80 Exception <a 'java/lang/NoSuchMethodError'{0x00000000841d5710}: 'java.lang.Object java.lang.invoke.DirectMethodHandle$Holder.newInvokeSpecial(java.lang.Object, java.lang.Object, long)'> (0x00000000841d5710) 
thrown [s\src\hotspot\share\interpreter\linkResolver.cpp, line 759]
Event: 15.042 Thread 0x000001f7a0ae3e80 Exception <a 'java/lang/NoSuchMethodError'{0x00000000841d9528}: 'java.lang.Object java.lang.invoke.Invokers$Holder.linkToTargetMethod(java.lang.Object, long, java.lang.Object)'> (0x00000000841d9528) 
thrown [s\src\hotspot\share\interpreter\linkResolver.cpp, line 759]
Event: 15.763 Thread 0x000001f7a0ae3e80 Exception <a 'java/net/SocketException'{0x00000000841fea80}: Socket is not connected: shutdown> (0x00000000841fea80) 
thrown [s\src\hotspot\share\prims\jni.cpp, line 535]
Event: 18.044 Thread 0x000001f7a0ae3e80 Exception <a 'sun/nio/fs/WindowsException'{0x000000008400c0d0}> (0x000000008400c0d0) 
thrown [s\src\hotspot\share\prims\jni.cpp, line 516]
Event: 18.044 Thread 0x000001f7a0ae3e80 Exception <a 'sun/nio/fs/WindowsException'{0x000000008400c248}> (0x000000008400c248) 
thrown [s\src\hotspot\share\prims\jni.cpp, line 516]
Event: 20.301 Thread 0x000001f7a0ae3e80 Exception <a 'sun/nio/fs/WindowsException'{0x000000008400d740}> (0x000000008400d740) 
thrown [s\src\hotspot\share\prims\jni.cpp, line 516]
Event: 20.302 Thread 0x000001f7a0ae3e80 Exception <a 'sun/nio/fs/WindowsException'{0x000000008400d8b8}> (0x000000008400d8b8) 
thrown [s\src\hotspot\share\prims\jni.cpp, line 516]
Event: 20.435 Thread 0x000001f7c11e67a0 Exception <a 'java/net/ConnectException'{0x0000000087f11ad0}: Connection refused: no further information> (0x0000000087f11ad0) 
thrown [s\src\hotspot\share\prims\jni.cpp, line 535]
Event: 20.435 Thread 0x000001f7c11e67a0 Exception <a 'java/net/SocketException'{0x0000000087f11e08}: Socket is not connected: shutdown> (0x0000000087f11e08) 
thrown [s\src\hotspot\share\prims\jni.cpp, line 535]
Event: 20.447 Thread 0x000001f7c11e67a0 Exception <a 'java/net/ConnectException'{0x0000000087f12fd8}: Connection refused: no further information> (0x0000000087f12fd8) 
thrown [s\src\hotspot\share\prims\jni.cpp, line 535]
Event: 20.447 Thread 0x000001f7c11e67a0 Exception <a 'java/net/SocketException'{0x0000000087f13310}: Socket is not connected: shutdown> (0x0000000087f13310) 
thrown [s\src\hotspot\share\prims\jni.cpp, line 535]
Event: 20.469 Thread 0x000001f7c11e67a0 Exception <a 'java/net/ConnectException'{0x0000000087f14410}: Connection refused: no further information> (0x0000000087f14410) 
thrown [s\src\hotspot\share\prims\jni.cpp, line 535]
Event: 20.469 Thread 0x000001f7c11e67a0 Exception <a 'java/net/SocketException'{0x0000000087f14748}: Socket is not connected: shutdown> (0x0000000087f14748) 
thrown [s\src\hotspot\share\prims\jni.cpp, line 535]
Event: 20.530 Thread 0x000001f7c11e67a0 Exception <a 'java/net/ConnectException'{0x0000000087f15848}: Connection refused: no further information> (0x0000000087f15848) 
thrown [s\src\hotspot\share\prims\jni.cpp, line 535]
Event: 20.530 Thread 0x000001f7c11e67a0 Exception <a 'java/net/SocketException'{0x0000000087f15b80}: Socket is not connected: shutdown> (0x0000000087f15b80) 
thrown [s\src\hotspot\share\prims\jni.cpp, line 535]

VM Operations (20 events):
Event: 13.353 Executing VM operation: HandshakeAllThreads
Event: 13.353 Executing VM operation: HandshakeAllThreads done
Event: 13.472 Executing VM operation: G1CollectForAllocation
Event: 13.488 Executing VM operation: G1CollectForAllocation done
Event: 14.489 Executing VM operation: Cleanup
Event: 14.489 Executing VM operation: Cleanup done
Event: 14.993 Executing VM operation: HandshakeAllThreads
Event: 14.993 Executing VM operation: HandshakeAllThreads done
Event: 15.994 Executing VM operation: Cleanup
Event: 15.994 Executing VM operation: Cleanup done
Event: 20.338 Executing VM operation: HandshakeAllThreads
Event: 20.339 Executing VM operation: HandshakeAllThreads done
Event: 20.339 Executing VM operation: Cleanup
Event: 20.339 Executing VM operation: Cleanup done
Event: 20.408 Executing VM operation: CollectForMetadataAllocation
Event: 20.418 Executing VM operation: CollectForMetadataAllocation done
Event: 20.488 Executing VM operation: G1Concurrent
Event: 20.491 Executing VM operation: G1Concurrent done
Event: 20.528 Executing VM operation: G1Concurrent
Event: 20.528 Executing VM operation: G1Concurrent done

Events (20 events):
Event: 20.428 loading class sun/net/www/protocol/http/HttpURLConnection$7
Event: 20.428 loading class sun/net/www/protocol/http/HttpURLConnection$7 done
Event: 20.428 loading class sun/net/www/http/HttpClient
Event: 20.431 loading class sun/net/NetworkClient
Event: 20.431 loading class sun/net/NetworkClient done
Event: 20.431 loading class sun/net/www/http/HttpClient done
Event: 20.431 loading class sun/net/NetworkClient$1
Event: 20.431 loading class sun/net/NetworkClient$1 done
Event: 20.432 loading class sun/net/www/http/KeepAliveCache
Event: 20.432 loading class sun/net/www/http/KeepAliveCache done
Event: 20.433 loading class sun/net/www/http/KeepAliveKey
Event: 20.433 loading class sun/net/www/http/KeepAliveKey done
Event: 20.433 loading class sun/net/www/http/HttpCapture
Event: 20.433 loading class sun/net/www/http/HttpCapture done
Event: 20.433 loading class sun/net/www/http/HttpCapture$1
Event: 20.433 loading class sun/net/www/http/HttpCapture$1 done
Event: 20.434 loading class java/net/ConnectException
Event: 20.434 loading class java/net/ConnectException done
Event: 20.435 loading class sun/net/util/SocketExceptions
Event: 20.435 loading class sun/net/util/SocketExceptions done


Dynamic libraries:
0x00007ff7d8770000 - 0x00007ff7d877e000 	C:\Users\Admin\.katalon\packages\KS-9.7.2\jre\bin\javaw.exe
0x00007fff72c10000 - 0x00007fff72dfe000 	C:\Windows\SYSTEM32\ntdll.dll
0x00007fff72590000 - 0x00007fff72643000 	C:\Windows\System32\KERNEL32.DLL
0x00007fff6fa50000 - 0x00007fff6fced000 	C:\Windows\System32\KERNELBASE.dll
0x00007fff6f750000 - 0x00007fff6f84a000 	C:\Windows\System32\ucrtbase.dll
0x00007fff662a0000 - 0x00007fff662b7000 	C:\Users\Admin\.katalon\packages\KS-9.7.2\jre\bin\jli.dll
0x00007fff70290000 - 0x00007fff70427000 	C:\Windows\System32\USER32.dll
0x00007fff6f710000 - 0x00007fff6f730000 	C:\Windows\System32\win32u.dll
0x00007fff71a10000 - 0x00007fff71a39000 	C:\Windows\System32\GDI32.dll
0x00007fff6f8a0000 - 0x00007fff6fa47000 	C:\Windows\System32\gdi32full.dll
0x00007fff6f420000 - 0x00007fff6f4c0000 	C:\Windows\System32\msvcp_win.dll
0x00007fff5bd50000 - 0x00007fff5bd69000 	C:\Users\Admin\.katalon\packages\KS-9.7.2\jre\bin\VCRUNTIME140.dll
0x00007fff59610000 - 0x00007fff59889000 	C:\Windows\WinSxS\amd64_microsoft.windows.common-controls_6595b64144ccf1df_6.0.17763.6532_none_de70be92534bb012\COMCTL32.dll
0x00007fff71a40000 - 0x00007fff71ade000 	C:\Windows\System32\msvcrt.dll
0x00007fff72670000 - 0x00007fff7299a000 	C:\Windows\System32\combase.dll
0x00007fff722e0000 - 0x00007fff723f8000 	C:\Windows\System32\RPCRT4.dll
0x00007fff6fcf0000 - 0x00007fff6fd72000 	C:\Windows\System32\bcryptPrimitives.dll
0x00007fff701b0000 - 0x00007fff701de000 	C:\Windows\System32\IMM32.DLL
0x00007fff66b30000 - 0x00007fff66b3c000 	C:\Users\Admin\.katalon\packages\KS-9.7.2\jre\bin\vcruntime140_1.dll
0x00007fff592c0000 - 0x00007fff59351000 	C:\Users\Admin\.katalon\packages\KS-9.7.2\jre\bin\msvcp140.dll
0x00007fff5b060000 - 0x00007fff5bca8000 	C:\Users\Admin\.katalon\packages\KS-9.7.2\jre\bin\server\jvm.dll
0x00007fff72230000 - 0x00007fff722d8000 	C:\Windows\System32\ADVAPI32.dll
0x00007fff72100000 - 0x00007fff721a2000 	C:\Windows\System32\sechost.dll
0x00007fff6f4c0000 - 0x00007fff6f4e6000 	C:\Windows\System32\bcrypt.dll
0x00007fff556e0000 - 0x00007fff556e9000 	C:\Windows\SYSTEM32\WSOCK32.dll
0x00007fff71ae0000 - 0x00007fff71b4d000 	C:\Windows\System32\WS2_32.dll
0x00007fff6b740000 - 0x00007fff6b764000 	C:\Windows\SYSTEM32\WINMM.dll
0x00007fff66930000 - 0x00007fff6693a000 	C:\Windows\SYSTEM32\VERSION.dll
0x00007fff6b710000 - 0x00007fff6b73d000 	C:\Windows\SYSTEM32\WINMMBASE.dll
0x00007fff6f850000 - 0x00007fff6f89a000 	C:\Windows\System32\cfgmgr32.dll
0x00007fff6eba0000 - 0x00007fff6ebb1000 	C:\Windows\System32\kernel.appcore.dll
0x00007fff6b870000 - 0x00007fff6b87a000 	C:\Users\Admin\.katalon\packages\KS-9.7.2\jre\bin\jimage.dll
0x00007fff6d440000 - 0x00007fff6d62d000 	C:\Windows\SYSTEM32\DBGHELP.DLL
0x00007fff53c40000 - 0x00007fff53c6a000 	C:\Windows\SYSTEM32\dbgcore.DLL
0x00007fff65890000 - 0x00007fff658b5000 	C:\Users\Admin\.katalon\packages\KS-9.7.2\jre\bin\java.dll
0x00007fff65840000 - 0x00007fff65858000 	C:\Users\Admin\.katalon\packages\KS-9.7.2\jre\bin\zip.dll
0x00007fff704f0000 - 0x00007fff719e8000 	C:\Windows\System32\SHELL32.dll
0x00007fff72400000 - 0x00007fff724a7000 	C:\Windows\System32\shcore.dll
0x00007fff6ecd0000 - 0x00007fff6f418000 	C:\Windows\System32\windows.storage.dll
0x00007fff6ec40000 - 0x00007fff6ec63000 	C:\Windows\System32\profapi.dll
0x00007fff6ebe0000 - 0x00007fff6ec3d000 	C:\Windows\System32\powrprof.dll
0x00007fff70490000 - 0x00007fff704e2000 	C:\Windows\System32\shlwapi.dll
0x00007fff6f730000 - 0x00007fff6f74b000 	C:\Windows\System32\cryptsp.dll
0x00007fff5cda0000 - 0x00007fff5cdb9000 	C:\Users\Admin\.katalon\packages\KS-9.7.2\jre\bin\net.dll
0x00007fff60650000 - 0x00007fff6074d000 	C:\Windows\SYSTEM32\WINHTTP.dll
0x00007fff6e3a0000 - 0x00007fff6e407000 	C:\Windows\system32\mswsock.dll
0x00007fff5cd50000 - 0x00007fff5cd65000 	C:\Users\Admin\.katalon\packages\KS-9.7.2\jre\bin\nio.dll
0x00007fff6b860000 - 0x00007fff6b870000 	C:\Users\Admin\.katalon\packages\KS-9.7.2\jre\bin\verify.dll

dbghelp: loaded successfully - version: 4.0.5 - missing functions: none
symbol engine: initialized successfully - sym options: 0x614 - pdb path: .;C:\Users\Admin\.katalon\packages\KS-9.7.2\jre\bin;C:\Windows\SYSTEM32;C:\Windows\WinSxS\amd64_microsoft.windows.common-controls_6595b64144ccf1df_6.0.17763.6532_none_de70be92534bb012;C:\Users\Admin\.katalon\packages\KS-9.7.2\jre\bin\server

VM Arguments:
jvm_args: -Dgroovy.home=C:\Users\Admin/.groovy -Djava.system.class.loader=groovy.lang.GroovyClassLoader -Xmx2048m -Dfile.encoding=UTF-8 -XX:+ShowCodeDetailsInExceptionMessages 
java_command: org.codehaus.groovy.tools.GroovyStarter --classpath C:\Users\Admin\Katalon Studio\FisrtProject\bin\keyword;C:\Users\Admin\Katalon Studio\FisrtProject\Keywords;C:\Users\Admin\Katalon Studio\FisrtProject\bin\listener;C:\Users\Admin\Katalon Studio\FisrtProject\Test Listeners;C:\Users\Admin\Katalon Studio\FisrtProject\bin\lib;C:\Users\Admin\Katalon Studio\FisrtProject\Libs;C:\Users\Admin\Katalon Studio\FisrtProject\bin\groovy;C:\Users\Admin\Katalon Studio\FisrtProject\Include\scripts\groovy;C:\Users\Admin\.katalon\packages\KS-9.7.2\plugins\com.kms.katalon.core_1.0.0.202409190502.jar;C:\Users\Admin\.katalon\packages\KS-9.7.2\configuration\resources\lib\aalto-xml-1.0.0.jar;C:\Users\Admin\.katalon\packages\KS-9.7.2\configuration\resources\lib\aspectjweaver-1.9.1.jar;C:\Users\Admin\.katalon\packages\KS-9.7.2\configuration\resources\lib\aws-2.20.3-fat.jar;C:\Users\Admin\.katalon\packages\KS-9.7.2\configuration\resources\lib\bcpkix-jdk15on-1.64.jar;C:\Users\Admin\.katalon\packages\KS-9.7.2\configuration\resources\lib\bcprov-jdk15on-1.64.jar;C:\Users\Admin\.katalon\packages\KS-9.7.2\configuration\resources\lib\browsermob-core-2.1.5.jar;C:\Users\Admin\.katalon\packages\KS-9.7.2\configuration\resources\lib\byte-buddy-1.14.3.jar;C:\Users\Admin\.katalon\packages\KS-9.7.2\configuration\resources\lib\byte-buddy-agent-1.14.3.jar;C:\Users\Admin\.katalon\packages\KS-9.7.2\configuration\resources\lib\cglib-3.2.10.jar;C:\Users\Admin\.katalon\packages\KS-9.7.2\configuration\resources\lib\commons-codec-1.10.jar;C:\Users\Admin\.katalon\packages\KS-9.7.2\configuration\resources\lib\commons-collections4-4.1.jar;C:\Users\Admin\.katalon\packages\KS-9.7.2\configuration\resources\lib\commons-validator-1.6.jar;C:\Users\Admin\.katalon\packages\KS-9.7.2\configuration\resources\lib\curvesapi-1.04.jar;C:\Users\Admin\.katalon\packages\KS-9.7.2\configuration\resources\lib\dnsjava-2.1.8.jar;C:\Users\Admin\.katalon\packages\KS-9.7.2\configuration\resources\lib\groovy-3.0.17-fat.jar;C:\User
java_class_path (initial): C:\Users\Admin\Katalon Studio\FisrtProject\bin\keyword;C:\Users\Admin\Katalon Studio\FisrtProject\bin\listener;C:\Users\Admin\Katalon Studio\FisrtProject\bin\lib;C:\Users\Admin\Katalon Studio\FisrtProject\bin\groovy;C:\Users\Admin\Katalon Studio\FisrtProject\bin;C:\Users\Admin\.katalon\packages\KS-9.7.2\plugins\com.kms.katalon.core_1.0.0.202409190502.jar;C:\Users\Admin\.katalon\packages\KS-9.7.2\configuration\resources\lib\aalto-xml-1.0.0.jar;C:\Users\Admin\.katalon\packages\KS-9.7.2\configuration\resources\lib\aspectjweaver-1.9.1.jar;C:\Users\Admin\.katalon\packages\KS-9.7.2\configuration\resources\lib\aws-2.20.3-fat.jar;C:\Users\Admin\.katalon\packages\KS-9.7.2\configuration\resources\lib\bcpkix-jdk15on-1.64.jar;C:\Users\Admin\.katalon\packages\KS-9.7.2\configuration\resources\lib\bcprov-jdk15on-1.64.jar;C:\Users\Admin\.katalon\packages\KS-9.7.2\configuration\resources\lib\browsermob-core-2.1.5.jar;C:\Users\Admin\.katalon\packages\KS-9.7.2\configuration\resources\lib\byte-buddy-1.14.3.jar;C:\Users\Admin\.katalon\packages\KS-9.7.2\configuration\resources\lib\byte-buddy-agent-1.14.3.jar;C:\Users\Admin\.katalon\packages\KS-9.7.2\configuration\resources\lib\cglib-3.2.10.jar;C:\Users\Admin\.katalon\packages\KS-9.7.2\configuration\resources\lib\commons-codec-1.10.jar;C:\Users\Admin\.katalon\packages\KS-9.7.2\configuration\resources\lib\commons-collections4-4.1.jar;C:\Users\Admin\.katalon\packages\KS-9.7.2\configuration\resources\lib\commons-validator-1.6.jar;C:\Users\Admin\.katalon\packages\KS-9.7.2\configuration\resources\lib\curvesapi-1.04.jar;C:\Users\Admin\.katalon\packages\KS-9.7.2\configuration\resources\lib\dnsjava-2.1.8.jar;C:\Users\Admin\.katalon\packages\KS-9.7.2\configuration\resources\lib\groovy-3.0.17-fat.jar;C:\Users\Admin\.katalon\packages\KS-9.7.2\configuration\resources\lib\jackson-coreutils-2.0.jar;C:\Users\Admin\.katalon\packages\KS-9.7.2\configuration\resources\lib\jackson-coreutils-equivalence-1.0.jar;C:\Users\Admin\.kat
Launcher Type: SUN_STANDARD

[Global flags]
     intx CICompilerCount                          = 3                                         {product} {ergonomic}
     uint ConcGCThreads                            = 1                                         {product} {ergonomic}
     uint G1ConcRefinementThreads                  = 4                                         {product} {ergonomic}
   size_t G1HeapRegionSize                         = 1048576                                   {product} {ergonomic}
    uintx GCDrainStackTargetSize                   = 64                                        {product} {ergonomic}
   size_t InitialHeapSize                          = 134217728                                 {product} {ergonomic}
   size_t MarkStackSize                            = 4194304                                   {product} {ergonomic}
   size_t MaxHeapSize                              = 2147483648                                {product} {command line}
   size_t MaxNewSize                               = 1287651328                                {product} {ergonomic}
   size_t MinHeapDeltaBytes                        = 1048576                                   {product} {ergonomic}
   size_t MinHeapSize                              = 8388608                                   {product} {ergonomic}
    uintx NonNMethodCodeHeapSize                   = 5832780                                {pd product} {ergonomic}
    uintx NonProfiledCodeHeapSize                  = 122912730                              {pd product} {ergonomic}
    uintx ProfiledCodeHeapSize                     = 122912730                              {pd product} {ergonomic}
    uintx ReservedCodeCacheSize                    = 251658240                              {pd product} {ergonomic}
     bool SegmentedCodeCache                       = true                                      {product} {ergonomic}
     bool ShowCodeDetailsInExceptionMessages       = true                                   {manageable} {command line}
   size_t SoftMaxHeapSize                          = 2147483648                             {manageable} {ergonomic}
     bool UseCompressedClassPointers               = true                           {product lp64_product} {ergonomic}
     bool UseCompressedOops                        = true                           {product lp64_product} {ergonomic}
     bool UseG1GC                                  = true                                      {product} {ergonomic}
     bool UseLargePagesIndividualAllocation        = false                                  {pd product} {ergonomic}

Logging:
Log output configuration:
 #0: stdout all=warning uptime,level,tags
 #1: stderr all=off uptime,level,tags

Environment Variables:
JAVA_HOME=C:\Users\Admin\.katalon\packages\KS-9.7.2\jre
PATH=C:/Users/Admin/.katalon/packages/KS-9.7.2/jre/bin/server;C:/Users/Admin/.katalon/packages/KS-9.7.2/jre/bin;C:\Program Files\Common Files\Oracle\Java\javapath;C:\Windows\system32;C:\Windows;C:\Windows\System32\Wbem;C:\Windows\System32\WindowsPowerShell\v1.0\;C:\Windows\System32\OpenSSH\;C:\Program Files\Microsoft SQL Server\Client SDK\ODBC\170\Tools\Binn\;C:\Program Files (x86)\Microsoft SQL Server\150\Tools\Binn\;C:\Program Files\Microsoft SQL Server\150\Tools\Binn\;C:\Program Files\Microsoft SQL Server\150\DTS\Binn\;C:\Program Files (x86)\STMicroelectronics\STM32 ST-LINK Utility\ST-LINK Utility;C:\Program Files\nodejs\;C:\Users\Admin\AppData\Local\Microsoft\WindowsApps;C:\Program Files\JetBrains\IntelliJ IDEA Community Edition 2024.1.4\bin;;C:\Users\Admin\AppData\Roaming\npm;C:\Users\Admin\.katalon\packages\KS-9.7.2;:C:\Users\Admin\.katalon\packages\KS-9.7.2\jre\bin
USERNAME=Admin
OS=Windows_NT
PROCESSOR_IDENTIFIER=Intel64 Family 6 Model 142 Stepping 9, GenuineIntel
TMP=C:\Users\Admin\AppData\Local\Temp
TEMP=C:\Users\Admin\AppData\Local\Temp



---------------  S Y S T E M  ---------------

OS:
 Windows 10 , 64 bit Build 17763 (10.0.17763.6292)
OS uptime: 0 days 7:52 hours
Hyper-V role detected

CPU: total 4 (initial active 4) (2 cores per cpu, 2 threads per core) family 6 model 142 stepping 9 microcode 0xea, cx8, cmov, fxsr, ht, mmx, 3dnowpref, sse, sse2, sse3, ssse3, sse4.1, sse4.2, popcnt, lzcnt, tsc, tscinvbit, avx, avx2, aes, erms, clmul, bmi1, bmi2, adx, fma, vzeroupper, clflush, clflushopt, hv

Memory: 4k page, system-wide physical 8090M (869M free)
TotalPageFile size 17256M (AvailPageFile size 5M)
current process WorkingSet (physical memory assigned to process): 209M, peak: 225M
current process commit charge ("private bytes"): 241M, peak: 259M

vm_info: OpenJDK 64-Bit Server VM (17.0.7+7) for windows-amd64 JRE (17.0.7+7), built on Apr 18 2023 22:10:42 by "temurin" with MS VC++ 16.7 (VS2019)

END.
