#
# There is insufficient memory for the Java Runtime Environment to continue.
# Native memory allocation (malloc) failed to allocate 330416 bytes for Chunk::new
# Possible reasons:
#   The system is out of physical RAM or swap space
#   The process is running with CompressedOops enabled, and the Java Heap may be blocking the growth of the native heap
# Possible solutions:
#   Reduce memory load on the system
#   Increase physical memory or swap space
#   Check if swap backing store is full
#   Decrease Java heap size (-Xmx/-Xms)
#   Decrease number of Java threads
#   Decrease Java thread stack sizes (-Xss)
#   Set larger code cache with -XX:ReservedCodeCacheSize=
#   JVM is running with Unscaled Compressed Oops mode in which the Java heap is
#     placed in the first 4GB address space. The Java Heap base address is the
#     maximum limit for the native heap growth. Please use -XX:HeapBaseMinAddress
#     to set the Java Heap base and to place the Java Heap above 4GB virtual address.
# This output file may be truncated or incomplete.
#
#  Out of Memory Error (arena.cpp:189), pid=14440, tid=14272
#
# JRE version: OpenJDK Runtime Environment Temurin-17.0.7+7 (17.0.7+7) (build 17.0.7+7)
# Java VM: OpenJDK 64-Bit Server VM Temurin-17.0.7+7 (17.0.7+7, mixed mode, tiered, compressed oops, compressed class ptrs, g1 gc, windows-amd64)
# No core dump will be written. Minidumps are not enabled by default on client versions of Windows
#

---------------  S U M M A R Y ------------

Command Line: -Dgroovy.home=C:\Users\Admin/.groovy -Djava.system.class.loader=groovy.lang.GroovyClassLoader -Xmx2048m -Dfile.encoding=UTF-8 -XX:+ShowCodeDetailsInExceptionMessages org.codehaus.groovy.tools.GroovyStarter --classpath C:\Users\Admin\Katalon Studio\FisrtProject\bin\keyword;C:\Users\Admin\Katalon Studio\FisrtProject\Keywords;C:\Users\Admin\Katalon Studio\FisrtProject\bin\listener;C:\Users\Admin\Katalon Studio\FisrtProject\Test Listeners;C:\Users\Admin\Katalon Studio\FisrtProject\bin\lib;C:\Users\Admin\Katalon Studio\FisrtProject\Libs;C:\Users\Admin\Katalon Studio\FisrtProject\bin\groovy;C:\Users\Admin\Katalon Studio\FisrtProject\Include\scripts\groovy;C:\Users\Admin\.katalon\packages\KS-9.7.2\plugins\com.kms.katalon.core_1.0.0.202409190502.jar;C:\Users\Admin\.katalon\packages\KS-9.7.2\configuration\resources\lib\aalto-xml-1.0.0.jar;C:\Users\Admin\.katalon\packages\KS-9.7.2\configuration\resources\lib\aspectjweaver-1.9.1.jar;C:\Users\Admin\.katalon\packages\KS-9.7.2\configuration\resources\lib\aws-2.20.3-fat.jar;C:\Users\Admin\.katalon\packages\KS-9.7.2\configuration\resources\lib\bcpkix-jdk15on-1.64.jar;C:\Users\Admin\.katalon\packages\KS-9.7.2\configuration\resources\lib\bcprov-jdk15on-1.64.jar;C:\Users\Admin\.katalon\packages\KS-9.7.2\configuration\resources\lib\browsermob-core-2.1.5.jar;C:\Users\Admin\.katalon\packages\KS-9.7.2\configuration\resources\lib\byte-buddy-1.14.3.jar;C:\Users\Admin\.katalon\packages\KS-9.7.2\configuration\resources\lib\byte-buddy-agent-1.14.3.jar;C:\Users\Admin\.katalon\packages\KS-9.7.2\configuration\resources\lib\cglib-3.2.10.jar;C:\Users\Admin\.katalon\packages\KS-9.7.2\configuration\resources\lib\commons-codec-1.10.jar;C:\Users\Admin\.katalon\packages\KS-9.7.2\configuration\resources\lib\commons-collections4-4.1.jar;C:\Users\Admin\.katalon\packages\KS-9.7.2\configuration\resources\lib\commons-validator-1.6.jar;C:\Users\Admin\.katalon\packages\KS-9.7.2\configuration\resources\lib\curvesapi-1.04.jar;C:\Users\Admin\.katalon\packages\KS-9.7.2\configuration\resources\lib\dnsjava-2.1.8.jar;C:\Users\Admin\.katalon\packages\KS-9.7.2\configuration\resources\lib\groovy-3.0.17-fat.jar;C:\Users\Admin\.katalon\packages\KS-9.7.2\configuration\resources\lib\jackson-coreutils-2.0.jar;C:\Users\Admin\.katalon\packages\KS-9.7.2\configuration\resources\lib\jackson-coreutils-equivalence-1.0.jar;C:\Users\Admin\.katalon\packages\KS-9.7.2\configuration\resources\lib\java-client-7.0.0.jar;C:\Users\Admin\.katalon\packages\KS-9.7.2\configuration\resources\lib\javax.servlet-api_3.1.0.jar;C:\Users\Admin\.katalon\packages\KS-9.7.2\configuration\resources\lib\jna-5.12.1.jar;C:\Users\Admin\.katalon\packages\KS-9.7.2\configuration\resources\lib\jna-platform-5.12.1.jar;C:\Users\Admin\.katalon\packages\KS-9.7.2\configuration\resources\lib\json-schema-core-1.2.14.jar;C:\Users\Admin\.katalon\packages\KS-9.7.2\configuration\resources\lib\json-schema-validator-2.2.14.jar;C:\Users\Admin\.katalon\packages\KS-9.7.2\configuration\resources\lib\jzlib-1.1.3.jar;C:\Users\Admin\.katalon\packages\KS-9.7.2\configuration\resources\lib\kat-server.jar;C:\Users\Admin\.katalon\packages\KS-9.7.2\configuration\resources\lib\littleproxy-1.1.0-beta-bmp-17.jar;C:\Users\Admin\.katalon\packages\KS-9.7.2\configuration\resources\lib\log4j-1.2-api-2.17.1.jar;C:\Users\Admin\.katalon\packages\KS-9.7.2\configuration\resources\lib\log4j-api-2.17.1.jar;C:\Users\Admin\.katalon\packages\KS-9.7.2\configuration\resources\lib\log4j-core-2.17.1.jar;C:\Users\Admin\.katalon\packages\KS-9.7.2\configuration\resources\lib\mitm-2.1.5.jar;C:\Users\Admin\.katalon\packages\KS-9.7.2\configuration\resources\lib\mockito-core-5.2.0.jar;C:\Users\Admin\.katalon\packages\KS-9.7.2\configuration\resources\lib\mockito-inline-5.2.0.jar;C:\Users\Admin\.katalon\packages\KS-9.7.2\configuration\resources\lib\netty-all-4.1.109.Final.jar;C:\Users\Admin\.katalon\packages\KS-9.7.2\configuration\resources\lib\objenesis-3.3.jar;C:\Users\Admin\.katalon\packages\KS-9.7.2\configuration\resources\lib\poi-3.17.jar;C:\Users\Admin\.katalon\packages\KS-9.7.2\configuration\resources\lib\poi-ooxml-3.17.jar;C:\Users\Admin\.katalon\packages\KS-9.7.2\configuration\resources\lib\poi-ooxml-schemas-3.17.jar;C:\Users\Admin\.katalon\packages\KS-9.7.2\configuration\resources\lib\proxy-vole-1.0.4-SNAPSHOT-jar-with-dependencies.jar;C:\Users\Admin\.katalon\packages\KS-9.7.2\configuration\resources\lib\repackaged-sikuli-api-1.0.2-standalone.jar;C:\Users\Admin\.katalon\packages\KS-9.7.2\configuration\resources\lib\selenium-leg-rc-3.141.59.jar;C:\Users\Admin\.katalon\packages\KS-9.7.2\configuration\resources\lib\selenium-server-standalone-3.141.59.jar;C:\Users\Admin\.katalon\packages\KS-9.7.2\configuration\resources\lib\selenium-shutterbug-1.1.jar;C:\Users\Admin\.katalon\packages\KS-9.7.2\configuration\resources\lib\slf4j-api-1.7.25.jar;C:\Users\Admin\.katalon\packages\KS-9.7.2\configuration\resources\lib\soap-builder-1.0.0.jar;C:\Users\Admin\.katalon\packages\KS-9.7.2\configuration\resources\lib\soap-common-1.0.0.jar;C:\Users\Admin\.katalon\packages\KS-9.7.2\configuration\resources\lib\soap-legacy-1.0.0.jar;C:\Users\Admin\.katalon\packages\KS-9.7.2\configuration\resources\lib\spring-context-5.3.19.jar;C:\Users\Admin\.katalon\packages\KS-9.7.2\configuration\resources\lib\stax2-api-4.0.0.jar;C:\Users\Admin\.katalon\packages\KS-9.7.2\configuration\resources\lib\su.jar;C:\Users\Admin\.katalon\packages\KS-9.7.2\configuration\resources\lib\swagger-parser-1.0.67-fat.jar;C:\Users\Admin\.katalon\packages\KS-9.7.2\configuration\resources\lib\testng-7.8.0.jar;C:\Users\Admin\.katalon\packages\KS-9.7.2\configuration\resources\lib\uri-template-0.1.jar;C:\Users\Admin\.katalon\packages\KS-9.7.2\configuration\resources\lib\wadl.jar;C:\Users\Admin\.katalon\packages\KS-9.7.2\configuration\resources\lib\xmlbeans-3.1.0.jar;C:\Users\Admin\.katalon\packages\KS-9.7.2\plugins\net.sf.supercsv.super-csv_2.1.0.jar;C:\Users\Admin\.katalon\packages\KS-9.7.2\plugins\org.apache.commons.io_2.4.0.jar;C:\Users\Admin\.katalon\packages\KS-9.7.2\plugins\org.apache.commons.lang_2.6.0.jar;C:\Users\Admin\.katalon\packages\KS-9.7.2\plugins\com.google.gson_2.10.1.v20230109-0753.jar;C:\Users\Admin\.katalon\packages\KS-9.7.2\plugins\org.jsoup_1.14.3.jar;C:\Users\Admin\.katalon\packages\KS-9.7.2\plugins\org.apache.commons.dbutils_1.6.0.jar;C:\Users\Admin\.katalon\packages\KS-9.7.2\plugins\com.oracle.jdbc.ojdbc7_12.1.0.2.jar;C:\Users\Admin\.katalon\packages\KS-9.7.2\plugins\org.postgresql.jdbc_42.7.3.jar;c:\Users\Admin\.katalon\packages\KS-9.7.2\plugins\org.eclipse.osgi_3.18.300.v20230220-1352.jar;C:\Users\Admin\.katalon\packages\KS-9.7.2\plugins\com.kms.katalon.constant_1.0.0.202409190502.jar;C:\Users\Admin\.katalon\packages\KS-9.7.2\plugins\org.eclipse.persistence.eclipselink_2.7.11.jar;C:\Users\Admin\.katalon\packages\KS-9.7.2\plugins\com.kms.katalon.selenium-standalone_1.0.0.202409190502.jar;C:\Users\Admin\.katalon\packages\KS-9.7.2\plugins\atu.testrecorder.screen-recorder_2.1.0.jar;C:\Users\Admin\.katalon\packages\KS-9.7.2\plugins\com.google.guava_32.0.0.jre.jar;C:\Users\Admin\.katalon\packages\KS-9.7.2\plugins\com.kms.katalon.util_1.0.0.202409190502.jar;C:\Users\Admin\.katalon\packages\KS-9.7.2\plugins\org.apache.httpcomponents.httpclient_4.5.14.v20221207-1049.jar;C:\Users\Admin\.katalon\packages\KS-9.7.2\plugins\org.apache.httpcomponents.httpcore_4.4.16.v20221207-1049.jar;C:\Users\Admin\.katalon\packages\KS-9.7.2\plugins\org.apache.httpcomponents.httpmime_4.5.13.jar;C:\Users\Admin\.katalon\packages\KS-9.7.2\plugins\org.apache.commons.lang3_3.14.0.jar;C:\Users\Admin\.katalon\packages\KS-9.7.2\plugins\org.greenrobot.eventbus_3.1.1.jar;C:\Users\Admin\.katalon\packages\KS-9.7.2\plugins\net.bytebuddy.byte-buddy_1.14.15.jar;C:\Users\Admin\.katalon\packages\KS-9.7.2\plugins\org.junit_4.13.2.v20211018-1956.jar;C:\Users\Admin\.katalon\packages\KS-9.7.2\plugins\com.fasterxml.jackson.core.jackson-databind_2.17.1.jar;C:\Users\Admin\.katalon\packages\KS-9.7.2\plugins\com.fasterxml.jackson.core.jackson-core_2.17.1.jar;C:\Users\Admin\.katalon\packages\KS-9.7.2\plugins\com.fasterxml.jackson.core.jackson-annotations_2.17.1.jar;C:\Users\Admin\.katalon\packages\KS-9.7.2\plugins\ch.qos.logback.classic_1.2.13.jar;C:\Users\Admin\.katalon\packages\KS-9.7.2\plugins\ch.qos.logback.core_1.2.13.jar;C:\Users\Admin\.katalon\packages\KS-9.7.2\plugins\slf4j.api_1.7.36.jar;C:\Users\Admin\.katalon\packages\KS-9.7.2\plugins\org.fusesource.jansi_1.17.1.jar;C:\Users\Admin\.katalon\packages\KS-9.7.2\plugins\com.kms.katalon.netlightbody_1.0.0.202409190502.jar;C:\Users\Admin\.katalon\packages\KS-9.7.2\plugins\com.kms.katalon.poi_1.0.0.202409190502.jar;C:\Users\Admin\.katalon\packages\KS-9.7.2\plugins\org.apache.commons.commons-text_1.10.0.jar;C:\Users\Admin\.katalon\packages\KS-9.7.2\plugins\com.kms.katalon.proxyvole_1.0.0.202409190502.jar;C:\Users\Admin\.katalon\packages\KS-9.7.2\plugins\com.microsoft.sqlserver.mssql-jdbc_6.2.2.jre8.jar;C:\Users\Admin\.katalon\packages\KS-9.7.2\plugins\com.github.kklisura.cdt.java-client_2.1.0.jar;C:\Users\Admin\.katalon\packages\KS-9.7.2\plugins\javax.websocket-api_1.1.0.jar;C:\Users\Admin\.katalon\packages\KS-9.7.2\plugins\org.glassfish.tyrus.container-grizzly-client_1.13.1.jar;C:\Users\Admin\.katalon\packages\KS-9.7.2\plugins\org.glassfish.grizzly.http-server_2.3.25.jar;C:\Users\Admin\.katalon\packages\KS-9.7.2\plugins\org.glassfish.grizzly.framework_2.3.25.jar;C:\Users\Admin\.katalon\packages\KS-9.7.2\plugins\org.glassfish.grizzly.http_2.3.25.jar;C:\Users\Admin\.katalon\packages\KS-9.7.2\plugins\org.glassfish.tyrus.client_1.13.1.jar;C:\Users\Admin\.katalon\packages\KS-9.7.2\plugins\org.glassfish.tyrus.core_1.13.1.jar;C:\Users\Admin\.katalon\packages\KS-9.7.2\plugins\org.glassfish.tyrus.spi_1.13.1.jar;C:\Users\Admin\.katalon\packages\KS-9.7.2\plugins\javassist_3.28.0.GA.jar;C:\Users\Admin\.katalon\packages\KS-9.7.2\plugins\graphql-java_17.5.0.jar;C:\Users\Admin\.katalon\packages\KS-9.7.2\plugins\org.glassfish.jaxb.runtime_2.3.6.jar;C:\Users\Admin\.katalon\packages\KS-9.7.2\plugins\org.glassfish.jaxb.txw2_2.3.6.jar;C:\Users\Admin\.katalon\packages\KS-9.7.2\plugins\org.dom4j_2.1.4.jar;C:\Users\Admin\.katalon\packages\KS-9.7.2\plugins\com.kms.katalon.groovy-extended_1.0.0.202409190502.jar;C:\Users\Admin\.katalon\packages\KS-9.7.2\plugins\com.sun.activation.javax.activation_1.2.0.jar;C:\Users\Admin\.katalon\packages\KS-9.7.2\plugins\jakarta.xml.bind-api_2.3.3.jar;C:\Users\Admin\.katalon\packages\KS-9.7.2\plugins\com.sun.xml.bind.jaxb-impl_2.3.6.jar;C:\Users\Admin\.katalon\packages\KS-9.7.2\plugins\org.eclipse.jface_3.29.0.v20230214-1401.jar;C:\Users\Admin\.katalon\packages\KS-9.7.2\plugins\com.kms.katalon.logging_1.0.0.202409190502.jar;C:\Users\Admin\.katalon\packages\KS-9.7.2\plugins\json_20240303.0.0.jar;C:\Users\Admin\.katalon\packages\KS-9.7.2\plugins\assertj-core_3.25.3.jar;C:\Users\Admin\.katalon\packages\KS-9.7.2\plugins\com.networknt.json-schema-validator_1.0.66.jar;C:\Users\Admin\.katalon\packages\KS-9.7.2\plugins\com.kms.katalon.network.apache_1.0.0.202409190502.jar;C:\Users\Admin\.katalon\packages\KS-9.7.2\plugins\org.apache.commons.logging_1.2.0.v20180409-1502.jar;C:\Users\Admin\.katalon\packages\KS-9.7.2\plugins\org.hamcrest.core_1.3.0.v20180420-1519.jar;C:\Users\Admin\.katalon\packages\KS-9.7.2\plugins\org.beanshell.bsh_2.0.0.0b4.jar;C:\Users\Admin\.katalon\packages\KS-9.7.2\plugins\org.apache.ant.launcher_1.9.6.jar;C:\Users\Admin\.katalon\packages\KS-9.7.2\plugins\com.kms.katalon.core.appium_1.0.0.202409190502.jar;C:\Users\Admin\.katalon\packages\KS-9.7.2\plugins\com.kms.katalon.api_1.0.0.202409190502.jar;C:\Users\Admin\.katalon\packages\KS-9.7.2\plugins\org.eclipse.equinox.common_3.17.100.v20230202-1341.jar;C:\Users\Admin\.katalon\packages\KS-9.7.2\plugins\com.kms.katalon.platform.core_1.0.0.202409190502.jar;C:\Users\Admin\.katalon\packages\KS-9.7.2\plugins\com.kms.katalon.common_1.0.0.202409190502.jar;C:\Users\Admin\.katalon\packages\KS-9.7.2\plugins\com.kms.katalon.session.core_1.0.0.202409190502.jar;C:\Users\Admin\.katalon\packages\KS-9.7.2\plugins\org.eclipse.e4.core.contexts_1.11.0.v20220716-0839.jar;C:\Users\Admin\.katalon\packages\KS-9.7.2\plugins\javax.inject_1.0.0.v20220405-0441.jar;C:\Users\Admin\.katalon\packages\KS-9.7.2\plugins\org.eclipse.e4.core.di_1.8.300.v20220817-1539.jar;C:\Users\Admin\.katalon\packages\KS-9.7.2\plugins\com.kms.katalon.network.core_1.0.0.202409190502.jar;C:\Users\Admin\.katalon\packages\KS-9.7.2\plugins\com.kms.katalon.execution.core_1.0.0.202409190502.jar;C:\Users\Admin\.katalon\packages\KS-9.7.2\plugins\org.eclipse.equinox.registry_3.11.200.v20220817-1601.jar;C:\Users\Admin\.katalon\packages\KS-9.7.2\plugins\dev.failsafe_3.3.2.jar;C:\Users\Admin\.katalon\packages\KS-9.7.2\plugins\com.fasterxml.jackson.datatype.jackson-datatype-jsr310_2.17.1.jar;C:\Users\Admin\.katalon\packages\KS-9.7.2\plugins\org.eclipse.e4.core.di.annotations_1.7.200.v20220613-1008.jar;C:\Users\Admin\.katalon\packages\KS-9.7.2\plugins\com.kms.katalon.core.webui_1.0.0.202409190502.jar;C:\Users\Admin\.katalon\packages\KS-9.7.2\plugins\org.eclipse.e4.core.services_2.3.400.v20220915-1347.jar;C:\Users\Admin\.katalon\packages\KS-9.7.2\plugins\com.kms.katalon.core.mobile_1.0.0.202409190502.jar;C:\Users\Admin\.katalon\packages\KS-9.7.2\plugins\org.apache.commons.commons-validator_1.7.0.jar;C:\Users\Admin\.katalon\packages\KS-9.7.2\plugins\com.kms.katalon.core.cucumber_1.0.0.202409190502.jar;C:\Users\Admin\.katalon\packages\KS-9.7.2\plugins\io.cucumber.core_3.0.3.jar;C:\Users\Admin\.katalon\packages\KS-9.7.2\plugins\io.cucumber.datatable_1.1.15.jar;C:\Users\Admin\.katalon\packages\KS-9.7.2\plugins\io.cucumber.datatable-dependencies_1.1.15.jar;C:\Users\Admin\.katalon\packages\KS-9.7.2\plugins\io.cucumber.expressions_5.0.19.jar;C:\Users\Admin\.katalon\packages\KS-9.7.2\plugins\io.cucumber.gherkin_5.0.0.jar;C:\Users\Admin\.katalon\packages\KS-9.7.2\plugins\io.cucumber.html_0.2.7.jar;C:\Users\Admin\.katalon\packages\KS-9.7.2\plugins\io.cucumber.java_3.0.3.jar;C:\Users\Admin\.katalon\packages\KS-9.7.2\plugins\io.cucumber.tag-expressions_1.1.1.jar;C:\Users\Admin\.katalon\packages\KS-9.7.2\plugins\io.cucumber.junit_3.0.3.jar;C:\Users\Admin\.katalon\packages\KS-9.7.2\plugins\com.kms.katalon.core.webservice_1.0.0.202409190502.jar;C:\Users\Admin\.katalon\packages\KS-9.7.2\plugins\wsdl4j_1.6.2.jar;C:\Users\Admin\.katalon\packages\KS-9.7.2\plugins\com.google.oauth-client.google-oauth-client_1.22.0.jar;C:\Users\Admin\.katalon\packages\KS-9.7.2\plugins\com.google.http-client.google-http-client_1.22.0.jar;C:\Users\Admin\.katalon\packages\KS-9.7.2\plugins\ca.juliusdavies.not-yet-commons-ssl_0.3.11.jar;C:\Users\Admin\.katalon\packages\KS-9.7.2\plugins\com.kms.katalon.preferences_1.0.0.202409190502.jar;C:\Users\Admin\.katalon\packages\KS-9.7.2\plugins\org.apache.xmlbeans_3.1.0.jar;C:\Users\Admin\.katalon\packages\KS-9.7.2\plugins\com.kms.katalon.entity_1.0.0.202409190502.jar;C:\Users\Admin\.katalon\packages\KS-9.7.2\plugins\org.antlr.antlr4-runtime_4.9.2.jar;C:\Users\Admin\.katalon\packages\KS-9.7.2\plugins\jakarta.xml.ws-api_2.3.3.jar;C:\Users\Admin\.katalon\packages\KS-9.7.2\plugins\javax.xml.soap-api_1.4.0.jar;C:\Users\Admin\.katalon\packages\KS-9.7.2\plugins\com.atlassian.oai.swagger-request-validator-core_2.38.0.jar;C:\Users\Admin\.katalon\packages\KS-9.7.2\plugins\io.swagger.compat-spec-parser_1.0.67.jar;C:\Users\Admin\.katalon\packages\KS-9.7.2\plugins\io.swagger.core.v3.swagger-annotations_2.2.14.jar;C:\Users\Admin\.katalon\packages\KS-9.7.2\plugins\io.swagger.core.v3.swagger-core_2.2.14.jar;C:\Users\Admin\.katalon\packages\KS-9.7.2\plugins\io.swagger.core.v3.swagger-models_2.2.14.jar;C:\Users\Admin\.katalon\packages\KS-9.7.2\plugins\io.swagger.parser.v3.swagger-parser-core_2.1.16.jar;C:\Users\Admin\.katalon\packages\KS-9.7.2\plugins\io.swagger.parser.v3.swagger-parser-v2-converter_2.1.16.jar;C:\Users\Admin\.katalon\packages\KS-9.7.2\plugins\com.github.java-json-tools.btf_1.3.0.jar;C:\Users\Admin\.katalon\packages\KS-9.7.2\plugins\com.fasterxml.jackson.dataformat.jackson-dataformat-yaml_2.17.1.jar;C:\Users\Admin\.katalon\packages\KS-9.7.2\plugins\org.yaml.snakeyaml_2.2.0.jar;C:\Users\Admin\.katalon\packages\KS-9.7.2\plugins\com.github.java-json-tools.msg-simple_1.2.0.jar;C:\Users\Admin\.katalon\packages\KS-9.7.2\plugins\jackson-core-asl_1.9.13.jar;C:\Users\Admin\.katalon\packages\KS-9.7.2\plugins\joda-time_2.10.5.jar;C:\Users\Admin\.katalon\packages\KS-9.7.2\plugins\javax.mail-api_1.6.2.jar;C:\Users\Admin\.katalon\packages\KS-9.7.2\plugins\com.googlecode.libphonenumber_8.11.1.jar;C:\Users\Admin\.katalon\packages\KS-9.7.2\plugins\com.google.guava.failureaccess_1.0.1.jar;C:\Users\Admin\.katalon\packages\KS-9.7.2\plugins\io.swagger.parser.v3.swagger-parser_2.1.16.jar;C:\Users\Admin\.katalon\packages\KS-9.7.2\plugins\io.swagger.parser.v3.swagger-parser-v3_2.1.16.jar;C:\Users\Admin\.katalon\packages\KS-9.7.2\plugins\io.swagger.parser_1.0.67.jar;C:\Users\Admin\.katalon\packages\KS-9.7.2\plugins\com.kms.katalon.core.windows_1.0.0.202409190502.jar;C:\Users\Admin\.katalon\packages\KS-9.7.2\plugins\com.kms.katalon.core.testng_1.0.0.202409190502.jar;C:\Users\Admin\.katalon\packages\KS-9.7.2\configuration\org.eclipse.osgi\33\0\.cp\resources\basic-report\katalon-studio-report-plugin.jar;C:\Users\Admin\.katalon\packages\KS-9.7.2\plugins\org.codehaus.groovy_3.0.17.v202303311542-e2303\lib\groovy-3.0.17-indy.jar;C:\Users\Admin\.katalon\packages\KS-9.7.2\plugins\org.codehaus.groovy_3.0.17.v202303311542-e2303\lib\ivy-2.5.1.jar --main groovy.ui.GroovyMain --encoding UTF-8 --indy C:\Users\Admin\Katalon Studio\FisrtProject\Libs\TempTestCase1733476077563.groovy

Host: Intel(R) Core(TM) i7-7500U CPU @ 2.70GHz, 4 cores, 7G,  Windows 10 , 64 bit Build 17763 (10.0.17763.6292)
Time: Fri Dec  6 16:08:33 2024 SE Asia Standard Time elapsed time: 25.797121 seconds (0d 0h 0m 25s)

---------------  T H R E A D  ---------------

Current thread (0x0000020684057be0):  JavaThread "C2 CompilerThread0" daemon [_thread_in_native, id=14272, stack(0x0000007711100000,0x0000007711200000)]


Current CompileTask:
C2:  25797 5133       4       java.lang.invoke.MethodType::makeImpl (109 bytes)

Stack: [0x0000007711100000,0x0000007711200000]
Native frames: (J=compiled Java code, j=interpreted, Vv=VM code, C=native code)
V  [jvm.dll+0x67754a]
V  [jvm.dll+0x834304]
V  [jvm.dll+0x835aae]
V  [jvm.dll+0x836113]
V  [jvm.dll+0x24696f]
V  [jvm.dll+0xac0ac]
V  [jvm.dll+0xac67c]
V  [jvm.dll+0x364de2]
V  [jvm.dll+0x1bc895]
V  [jvm.dll+0x219799]
V  [jvm.dll+0x218a61]
V  [jvm.dll+0x1a4d8d]
V  [jvm.dll+0x2284da]
V  [jvm.dll+0x226615]
V  [jvm.dll+0x7ea90b]
V  [jvm.dll+0x7e4e7a]
V  [jvm.dll+0x676395]
C  [ucrtbase.dll+0x2268a]
C  [KERNEL32.DLL+0x17ac4]
C  [ntdll.dll+0x5a8c1]


---------------  P R O C E S S  ---------------

Threads class SMR info:
_java_thread_list=0x000002068599a580, length=16, elements={
0x00000206e2063540, 0x00000206fb7f1fa0, 0x00000206fb7f46b0, 0x0000020684052170,
0x0000020684054a40, 0x0000020684055720, 0x0000020684056ff0, 0x0000020684057be0,
0x0000020684072d10, 0x0000020684087610, 0x0000020684307000, 0x0000020684b79ef0,
0x0000020686ef1c60, 0x0000020686ef0450, 0x0000020686ef0920, 0x0000020686600eb0
}

Java Threads: ( => current thread )
  0x00000206e2063540 JavaThread "Forwarding newSession on session null to remote" [_thread_in_Java, id=12292, stack(0x0000007710400000,0x0000007710500000)]
  0x00000206fb7f1fa0 JavaThread "Reference Handler" daemon [_thread_blocked, id=15308, stack(0x0000007710b00000,0x0000007710c00000)]
  0x00000206fb7f46b0 JavaThread "Finalizer" daemon [_thread_blocked, id=3104, stack(0x0000007710c00000,0x0000007710d00000)]
  0x0000020684052170 JavaThread "Signal Dispatcher" daemon [_thread_blocked, id=15116, stack(0x0000007710d00000,0x0000007710e00000)]
  0x0000020684054a40 JavaThread "Attach Listener" daemon [_thread_blocked, id=14708, stack(0x0000007710e00000,0x0000007710f00000)]
  0x0000020684055720 JavaThread "Service Thread" daemon [_thread_blocked, id=400, stack(0x0000007710f00000,0x0000007711000000)]
  0x0000020684056ff0 JavaThread "Monitor Deflation Thread" daemon [_thread_blocked, id=5412, stack(0x0000007711000000,0x0000007711100000)]
=>0x0000020684057be0 JavaThread "C2 CompilerThread0" daemon [_thread_in_native, id=14272, stack(0x0000007711100000,0x0000007711200000)]
  0x0000020684072d10 JavaThread "C1 CompilerThread0" daemon [_thread_blocked, id=5824, stack(0x0000007711200000,0x0000007711300000)]
  0x0000020684087610 JavaThread "Sweeper thread" daemon [_thread_blocked, id=15288, stack(0x0000007711300000,0x0000007711400000)]
  0x0000020684307000 JavaThread "Common-Cleaner" daemon [_thread_blocked, id=13112, stack(0x0000007711400000,0x0000007711500000)]
  0x0000020684b79ef0 JavaThread "Notification Thread" daemon [_thread_blocked, id=3712, stack(0x0000007711800000,0x0000007711900000)]
  0x0000020686ef1c60 JavaThread "Thread-0" [_thread_blocked, id=3964, stack(0x0000007711500000,0x0000007711600000)]
  0x0000020686ef0450 JavaThread "UrlChecker-2" daemon [_thread_blocked, id=13600, stack(0x0000007711b00000,0x0000007711c00000)]
  0x0000020686ef0920 JavaThread "Keep-Alive-Timer" daemon [_thread_blocked, id=14368, stack(0x0000007711d00000,0x0000007711e00000)]
  0x0000020686600eb0 JavaThread "C2 CompilerThread1" daemon [_thread_in_native, id=13340, stack(0x0000007711e00000,0x0000007711f00000)]

Other Threads:
  0x00000206fb8063c0 VMThread "VM Thread" [stack: 0x0000007710a00000,0x0000007710b00000] [id=256]
  0x00000206e20641a0 WatcherThread [stack: 0x0000007711900000,0x0000007711a00000] [id=1524]
  0x00000206e20be8e0 GCTaskThread "GC Thread#0" [stack: 0x0000007710500000,0x0000007710600000] [id=2020]
  0x00000206846df4c0 GCTaskThread "GC Thread#1" [stack: 0x0000007711600000,0x0000007711700000] [id=13692]
  0x00000206846b6140 GCTaskThread "GC Thread#2" [stack: 0x0000007711700000,0x0000007711800000] [id=15320]
  0x000002068510ac10 GCTaskThread "GC Thread#3" [stack: 0x0000007711a00000,0x0000007711b00000] [id=11660]
  0x00000206e20d02f0 ConcurrentGCThread "G1 Main Marker" [stack: 0x0000007710600000,0x0000007710700000] [id=12768]
  0x00000206e20d0c10 ConcurrentGCThread "G1 Conc#0" [stack: 0x0000007710700000,0x0000007710800000] [id=8584]
  0x00000206e20ee7f0 ConcurrentGCThread "G1 Refine#0" [stack: 0x0000007710800000,0x0000007710900000] [id=13876]
  0x00000206fb6682b0 ConcurrentGCThread "G1 Service" [stack: 0x0000007710900000,0x0000007710a00000] [id=14280]

Threads with active compile tasks:
C2 CompilerThread0    25835 5133       4       java.lang.invoke.MethodType::makeImpl (109 bytes)
C2 CompilerThread1    25835 5136       4       java.net.URLStreamHandler::parseURL (1201 bytes)

VM state: not at safepoint (normal execution)

VM Mutex/Monitor currently owned by a thread: None

Heap address: 0x0000000080000000, size: 2048 MB, Compressed Oops mode: 32-bit

CDS archive(s) not mapped
Compressed class space mapped at: 0x0000000100000000-0x0000000140000000, reserved size: 1073741824
Narrow klass base: 0x0000000000000000, Narrow klass shift: 3, Narrow klass range: 0x140000000

GC Precious Log:
 CPUs: 4 total, 4 available
 Memory: 8090M
 Large Page Support: Disabled
 NUMA Support: Disabled
 Compressed Oops: Enabled (32-bit)
 Heap Region Size: 1M
 Heap Min Capacity: 8M
 Heap Initial Capacity: 128M
 Heap Max Capacity: 2G
 Pre-touch: Disabled
 Parallel Workers: 4
 Concurrent Workers: 1
 Concurrent Refinement Workers: 4
 Periodic GC: Disabled

Heap:
 garbage-first heap   total 98304K, used 50864K [0x0000000080000000, 0x0000000100000000)
  region size 1024K, 22 young (22528K), 5 survivors (5120K)
 Metaspace       used 38869K, committed 39424K, reserved 1114112K
  class space    used 4245K, committed 4480K, reserved 1048576K

Heap Regions: E=young(eden), S=young(survivor), O=old, HS=humongous(starts), HC=humongous(continues), CS=collection set, F=free, OA=open archive, CA=closed archive, TAMS=top-at-mark-start (previous, next)
|   0|0x0000000080000000, 0x0000000080100000, 0x0000000080100000|100%|HS|  |TAMS 0x0000000080100000, 0x0000000080000000| Complete 
|   1|0x0000000080100000, 0x0000000080200000, 0x0000000080200000|100%|HS|  |TAMS 0x0000000080200000, 0x0000000080100000| Complete 
|   2|0x0000000080200000, 0x0000000080300000, 0x0000000080300000|100%| O|  |TAMS 0x0000000080300000, 0x0000000080200000| Untracked 
|   3|0x0000000080300000, 0x0000000080400000, 0x0000000080400000|100%| O|  |TAMS 0x0000000080400000, 0x0000000080300000| Untracked 
|   4|0x0000000080400000, 0x0000000080500000, 0x0000000080500000|100%| O|  |TAMS 0x0000000080500000, 0x0000000080400000| Untracked 
|   5|0x0000000080500000, 0x0000000080600000, 0x0000000080600000|100%| O|  |TAMS 0x0000000080600000, 0x0000000080500000| Untracked 
|   6|0x0000000080600000, 0x0000000080700000, 0x0000000080700000|100%| O|  |TAMS 0x0000000080700000, 0x0000000080600000| Untracked 
|   7|0x0000000080700000, 0x0000000080800000, 0x0000000080800000|100%| O|  |TAMS 0x0000000080800000, 0x0000000080700000| Untracked 
|   8|0x0000000080800000, 0x0000000080900000, 0x0000000080900000|100%| O|  |TAMS 0x0000000080900000, 0x0000000080800000| Untracked 
|   9|0x0000000080900000, 0x0000000080a00000, 0x0000000080a00000|100%| O|  |TAMS 0x0000000080a00000, 0x0000000080900000| Untracked 
|  10|0x0000000080a00000, 0x0000000080b00000, 0x0000000080b00000|100%|HS|  |TAMS 0x0000000080b00000, 0x0000000080a00000| Complete 
|  11|0x0000000080b00000, 0x0000000080c00000, 0x0000000080c00000|100%| O|  |TAMS 0x0000000080c00000, 0x0000000080b00000| Untracked 
|  12|0x0000000080c00000, 0x0000000080d00000, 0x0000000080d00000|100%| O|  |TAMS 0x0000000080d00000, 0x0000000080c00000| Untracked 
|  13|0x0000000080d00000, 0x0000000080e00000, 0x0000000080e00000|100%| O|  |TAMS 0x0000000080e00000, 0x0000000080d00000| Untracked 
|  14|0x0000000080e00000, 0x0000000080f00000, 0x0000000080f00000|100%| O|  |TAMS 0x0000000080f00000, 0x0000000080e00000| Untracked 
|  15|0x0000000080f00000, 0x0000000081000000, 0x0000000081000000|100%| O|  |TAMS 0x0000000081000000, 0x0000000080f00000| Untracked 
|  16|0x0000000081000000, 0x0000000081100000, 0x0000000081100000|100%| O|  |TAMS 0x0000000081100000, 0x0000000081000000| Untracked 
|  17|0x0000000081100000, 0x0000000081200000, 0x0000000081200000|100%| O|  |TAMS 0x0000000081200000, 0x0000000081100000| Untracked 
|  18|0x0000000081200000, 0x0000000081300000, 0x0000000081300000|100%| O|  |TAMS 0x0000000081300000, 0x0000000081200000| Untracked 
|  19|0x0000000081300000, 0x0000000081400000, 0x0000000081400000|100%| O|  |TAMS 0x0000000081400000, 0x0000000081300000| Untracked 
|  20|0x0000000081400000, 0x0000000081500000, 0x0000000081500000|100%| O|  |TAMS 0x0000000081500000, 0x0000000081400000| Untracked 
|  21|0x0000000081500000, 0x000000008152e400, 0x0000000081600000| 18%| O|  |TAMS 0x000000008152e400, 0x0000000081500000| Untracked 
|  22|0x0000000081600000, 0x0000000081700000, 0x0000000081700000|100%| O|  |TAMS 0x0000000081700000, 0x0000000081600000| Untracked 
|  23|0x0000000081700000, 0x0000000081800000, 0x0000000081800000|100%| O|  |TAMS 0x000000008173d600, 0x0000000081700000| Untracked 
|  24|0x0000000081800000, 0x00000000818aa600, 0x0000000081900000| 66%| O|  |TAMS 0x0000000081800000, 0x0000000081800000| Untracked 
|  25|0x0000000081900000, 0x0000000081a00000, 0x0000000081a00000|100%| O|  |TAMS 0x0000000081a00000, 0x0000000081900000| Untracked 
|  26|0x0000000081a00000, 0x0000000081b00000, 0x0000000081b00000|100%| O|  |TAMS 0x0000000081b00000, 0x0000000081a00000| Untracked 
|  27|0x0000000081b00000, 0x0000000081b00000, 0x0000000081c00000|  0%| F|  |TAMS 0x0000000081b00000, 0x0000000081b00000| Untracked 
|  28|0x0000000081c00000, 0x0000000081c00000, 0x0000000081d00000|  0%| F|  |TAMS 0x0000000081c00000, 0x0000000081c00000| Untracked 
|  29|0x0000000081d00000, 0x0000000081d00000, 0x0000000081e00000|  0%| F|  |TAMS 0x0000000081d00000, 0x0000000081d00000| Untracked 
|  30|0x0000000081e00000, 0x0000000081e00000, 0x0000000081f00000|  0%| F|  |TAMS 0x0000000081e00000, 0x0000000081e00000| Untracked 
|  31|0x0000000081f00000, 0x0000000081f00000, 0x0000000082000000|  0%| F|  |TAMS 0x0000000081f00000, 0x0000000081f00000| Untracked 
|  32|0x0000000082000000, 0x0000000082100000, 0x0000000082100000|100%| O|  |TAMS 0x0000000082100000, 0x0000000082000000| Untracked 
|  33|0x0000000082100000, 0x0000000082200000, 0x0000000082200000|100%| O|  |TAMS 0x0000000082200000, 0x0000000082100000| Untracked 
|  34|0x0000000082200000, 0x0000000082300000, 0x0000000082300000|100%| O|  |TAMS 0x0000000082300000, 0x0000000082200000| Untracked 
|  35|0x0000000082300000, 0x0000000082300000, 0x0000000082400000|  0%| F|  |TAMS 0x0000000082300000, 0x0000000082300000| Untracked 
|  36|0x0000000082400000, 0x0000000082400000, 0x0000000082500000|  0%| F|  |TAMS 0x0000000082400000, 0x0000000082400000| Untracked 
|  37|0x0000000082500000, 0x0000000082500000, 0x0000000082600000|  0%| F|  |TAMS 0x0000000082500000, 0x0000000082500000| Untracked 
|  38|0x0000000082600000, 0x0000000082600000, 0x0000000082700000|  0%| F|  |TAMS 0x0000000082600000, 0x0000000082600000| Untracked 
|  39|0x0000000082700000, 0x0000000082700000, 0x0000000082800000|  0%| F|  |TAMS 0x0000000082700000, 0x0000000082700000| Untracked 
|  40|0x0000000082800000, 0x0000000082800000, 0x0000000082900000|  0%| F|  |TAMS 0x0000000082800000, 0x0000000082800000| Untracked 
|  41|0x0000000082900000, 0x0000000082900000, 0x0000000082a00000|  0%| F|  |TAMS 0x0000000082900000, 0x0000000082900000| Untracked 
|  42|0x0000000082a00000, 0x0000000082a00000, 0x0000000082b00000|  0%| F|  |TAMS 0x0000000082a00000, 0x0000000082a00000| Untracked 
|  43|0x0000000082b00000, 0x0000000082b00000, 0x0000000082c00000|  0%| F|  |TAMS 0x0000000082b00000, 0x0000000082b00000| Untracked 
|  44|0x0000000082c00000, 0x0000000082c00000, 0x0000000082d00000|  0%| F|  |TAMS 0x0000000082c00000, 0x0000000082c00000| Untracked 
|  45|0x0000000082d00000, 0x0000000082d00000, 0x0000000082e00000|  0%| F|  |TAMS 0x0000000082d00000, 0x0000000082d00000| Untracked 
|  46|0x0000000082e00000, 0x0000000082e00000, 0x0000000082f00000|  0%| F|  |TAMS 0x0000000082e00000, 0x0000000082e00000| Untracked 
|  47|0x0000000082f00000, 0x0000000082f00000, 0x0000000083000000|  0%| F|  |TAMS 0x0000000082f00000, 0x0000000082f00000| Untracked 
|  48|0x0000000083000000, 0x0000000083000000, 0x0000000083100000|  0%| F|  |TAMS 0x0000000083000000, 0x0000000083000000| Untracked 
|  49|0x0000000083100000, 0x0000000083100000, 0x0000000083200000|  0%| F|  |TAMS 0x0000000083100000, 0x0000000083100000| Untracked 
|  50|0x0000000083200000, 0x0000000083200000, 0x0000000083300000|  0%| F|  |TAMS 0x0000000083200000, 0x0000000083200000| Untracked 
|  51|0x0000000083300000, 0x0000000083300000, 0x0000000083400000|  0%| F|  |TAMS 0x0000000083300000, 0x0000000083300000| Untracked 
|  52|0x0000000083400000, 0x0000000083400000, 0x0000000083500000|  0%| F|  |TAMS 0x0000000083400000, 0x0000000083400000| Untracked 
|  53|0x0000000083500000, 0x0000000083500000, 0x0000000083600000|  0%| F|  |TAMS 0x0000000083500000, 0x0000000083500000| Untracked 
|  54|0x0000000083600000, 0x0000000083600000, 0x0000000083700000|  0%| F|  |TAMS 0x0000000083600000, 0x0000000083600000| Untracked 
|  55|0x0000000083700000, 0x0000000083700000, 0x0000000083800000|  0%| F|  |TAMS 0x0000000083700000, 0x0000000083700000| Untracked 
|  56|0x0000000083800000, 0x0000000083800000, 0x0000000083900000|  0%| F|  |TAMS 0x0000000083800000, 0x0000000083800000| Untracked 
|  57|0x0000000083900000, 0x0000000083900000, 0x0000000083a00000|  0%| F|  |TAMS 0x0000000083900000, 0x0000000083900000| Untracked 
|  58|0x0000000083a00000, 0x0000000083a00000, 0x0000000083b00000|  0%| F|  |TAMS 0x0000000083a00000, 0x0000000083a00000| Untracked 
|  59|0x0000000083b00000, 0x0000000083b00000, 0x0000000083c00000|  0%| F|  |TAMS 0x0000000083b00000, 0x0000000083b00000| Untracked 
|  60|0x0000000083c00000, 0x0000000083c00000, 0x0000000083d00000|  0%| F|  |TAMS 0x0000000083c00000, 0x0000000083c00000| Untracked 
|  61|0x0000000083d00000, 0x0000000083d00000, 0x0000000083e00000|  0%| F|  |TAMS 0x0000000083d00000, 0x0000000083d00000| Untracked 
|  62|0x0000000083e00000, 0x0000000083e00000, 0x0000000083f00000|  0%| F|  |TAMS 0x0000000083e00000, 0x0000000083e00000| Untracked 
|  63|0x0000000083f00000, 0x0000000083f00000, 0x0000000084000000|  0%| F|  |TAMS 0x0000000083f00000, 0x0000000083f00000| Untracked 
|  64|0x0000000084000000, 0x0000000084000000, 0x0000000084100000|  0%| F|  |TAMS 0x0000000084000000, 0x0000000084000000| Untracked 
|  65|0x0000000084100000, 0x0000000084100000, 0x0000000084200000|  0%| F|  |TAMS 0x0000000084100000, 0x0000000084100000| Untracked 
|  66|0x0000000084200000, 0x00000000842d37f0, 0x0000000084300000| 82%| S|CS|TAMS 0x0000000084200000, 0x0000000084200000| Complete 
|  67|0x0000000084300000, 0x0000000084400000, 0x0000000084400000|100%| S|CS|TAMS 0x0000000084300000, 0x0000000084300000| Complete 
|  68|0x0000000084400000, 0x0000000084500000, 0x0000000084500000|100%| S|CS|TAMS 0x0000000084400000, 0x0000000084400000| Complete 
|  69|0x0000000084500000, 0x0000000084600000, 0x0000000084600000|100%| S|CS|TAMS 0x0000000084500000, 0x0000000084500000| Complete 
|  70|0x0000000084600000, 0x0000000084700000, 0x0000000084700000|100%| S|CS|TAMS 0x0000000084600000, 0x0000000084600000| Complete 
|  71|0x0000000084700000, 0x0000000084700000, 0x0000000084800000|  0%| F|  |TAMS 0x0000000084700000, 0x0000000084700000| Untracked 
|  72|0x0000000084800000, 0x0000000084800000, 0x0000000084900000|  0%| F|  |TAMS 0x0000000084800000, 0x0000000084800000| Untracked 
|  73|0x0000000084900000, 0x0000000084900000, 0x0000000084a00000|  0%| F|  |TAMS 0x0000000084900000, 0x0000000084900000| Untracked 
|  74|0x0000000084a00000, 0x0000000084a00000, 0x0000000084b00000|  0%| F|  |TAMS 0x0000000084a00000, 0x0000000084a00000| Untracked 
|  75|0x0000000084b00000, 0x0000000084b00000, 0x0000000084c00000|  0%| F|  |TAMS 0x0000000084b00000, 0x0000000084b00000| Untracked 
|  76|0x0000000084c00000, 0x0000000084c00000, 0x0000000084d00000|  0%| F|  |TAMS 0x0000000084c00000, 0x0000000084c00000| Untracked 
|  77|0x0000000084d00000, 0x0000000084d00000, 0x0000000084e00000|  0%| F|  |TAMS 0x0000000084d00000, 0x0000000084d00000| Untracked 
|  78|0x0000000084e00000, 0x0000000084e00000, 0x0000000084f00000|  0%| F|  |TAMS 0x0000000084e00000, 0x0000000084e00000| Untracked 
|  79|0x0000000084f00000, 0x0000000084f88d50, 0x0000000085000000| 53%| E|  |TAMS 0x0000000084f00000, 0x0000000084f00000| Complete 
|  80|0x0000000085000000, 0x0000000085100000, 0x0000000085100000|100%| E|CS|TAMS 0x0000000085000000, 0x0000000085000000| Complete 
|  81|0x0000000085100000, 0x0000000085200000, 0x0000000085200000|100%| E|CS|TAMS 0x0000000085100000, 0x0000000085100000| Complete 
|  82|0x0000000085200000, 0x0000000085300000, 0x0000000085300000|100%| E|CS|TAMS 0x0000000085200000, 0x0000000085200000| Complete 
|  83|0x0000000085300000, 0x0000000085400000, 0x0000000085400000|100%| E|CS|TAMS 0x0000000085300000, 0x0000000085300000| Complete 
|  84|0x0000000085400000, 0x0000000085500000, 0x0000000085500000|100%| E|CS|TAMS 0x0000000085400000, 0x0000000085400000| Complete 
|  85|0x0000000085500000, 0x0000000085600000, 0x0000000085600000|100%| E|CS|TAMS 0x0000000085500000, 0x0000000085500000| Complete 
|  86|0x0000000085600000, 0x0000000085700000, 0x0000000085700000|100%| E|CS|TAMS 0x0000000085600000, 0x0000000085600000| Complete 
|  87|0x0000000085700000, 0x0000000085800000, 0x0000000085800000|100%| E|CS|TAMS 0x0000000085700000, 0x0000000085700000| Complete 
|  88|0x0000000085800000, 0x0000000085900000, 0x0000000085900000|100%| E|CS|TAMS 0x0000000085800000, 0x0000000085800000| Complete 
|  89|0x0000000085900000, 0x0000000085a00000, 0x0000000085a00000|100%| E|CS|TAMS 0x0000000085900000, 0x0000000085900000| Complete 
|  90|0x0000000085a00000, 0x0000000085b00000, 0x0000000085b00000|100%| E|CS|TAMS 0x0000000085a00000, 0x0000000085a00000| Complete 
|  91|0x0000000085b00000, 0x0000000085c00000, 0x0000000085c00000|100%| E|CS|TAMS 0x0000000085b00000, 0x0000000085b00000| Complete 
|  92|0x0000000085c00000, 0x0000000085d00000, 0x0000000085d00000|100%| E|CS|TAMS 0x0000000085c00000, 0x0000000085c00000| Complete 
|  93|0x0000000085d00000, 0x0000000085e00000, 0x0000000085e00000|100%| E|CS|TAMS 0x0000000085d00000, 0x0000000085d00000| Complete 
|  94|0x0000000085e00000, 0x0000000085f00000, 0x0000000085f00000|100%| E|CS|TAMS 0x0000000085e00000, 0x0000000085e00000| Complete 
| 127|0x0000000087f00000, 0x0000000088000000, 0x0000000088000000|100%| E|CS|TAMS 0x0000000087f00000, 0x0000000087f00000| Complete 

Card table byte_map: [0x00000206f4ae0000,0x00000206f4ee0000] _byte_map_base: 0x00000206f46e0000

Marking Bits (Prev, Next): (CMBitMap*) 0x00000206e20bee00, (CMBitMap*) 0x00000206e20bee40
 Prev Bits: [0x00000206f52e0000, 0x00000206f72e0000)
 Next Bits: [0x00000206f72e0000, 0x00000206f92e0000)

Polling page: 0x00000206dfff0000

Metaspace:

Usage:
  Non-class:     33.81 MB used.
      Class:      4.15 MB used.
       Both:     37.96 MB used.

Virtual space:
  Non-class space:       64.00 MB reserved,      34.13 MB ( 53%) committed,  1 nodes.
      Class space:        1.00 GB reserved,       4.38 MB ( <1%) committed,  1 nodes.
             Both:        1.06 GB reserved,      38.50 MB (  4%) committed. 

Chunk freelists:
   Non-Class:  13.67 MB
       Class:  11.50 MB
        Both:  25.17 MB

MaxMetaspaceSize: unlimited
CompressedClassSpaceSize: 1.00 GB
Initial GC threshold: 21.00 MB
Current GC threshold: 59.00 MB
CDS: off
MetaspaceReclaimPolicy: balanced
 - commit_granule_bytes: 65536.
 - commit_granule_words: 8192.
 - virtual_space_node_default_size: 8388608.
 - enlarge_chunks_in_place: 1.
 - new_chunks_are_fully_committed: 0.
 - uncommit_free_chunks: 1.
 - use_allocation_guard: 0.
 - handle_deallocations: 1.


Internal statistics:

num_allocs_failed_limit: 6.
num_arena_births: 624.
num_arena_deaths: 0.
num_vsnodes_births: 2.
num_vsnodes_deaths: 0.
num_space_committed: 616.
num_space_uncommitted: 0.
num_chunks_returned_to_freelist: 6.
num_chunks_taken_from_freelist: 1552.
num_chunk_merges: 6.
num_chunk_splits: 1039.
num_chunks_enlarged: 680.
num_inconsistent_stats: 0.

CodeHeap 'non-profiled nmethods': size=120000Kb used=2532Kb max_used=2610Kb free=117467Kb
 bounds [0x00000206ed1b0000, 0x00000206ed440000, 0x00000206f46e0000]
CodeHeap 'profiled nmethods': size=120000Kb used=7984Kb max_used=8470Kb free=112015Kb
 bounds [0x00000206e56e0000, 0x00000206e5f30000, 0x00000206ecc10000]
CodeHeap 'non-nmethods': size=5760Kb used=2295Kb max_used=2359Kb free=3464Kb
 bounds [0x00000206ecc10000, 0x00000206ece80000, 0x00000206ed1b0000]
 total_blobs=5197 nmethods=4388 adapters=719
 compilation: enabled
              stopped_count=0, restarted_count=0
 full_count=0

Compilation events (20 events):
Event: 25.787 Thread 0x0000020684072d10 5152   !   3       org.openqa.selenium.json.Input::init (71 bytes)
Event: 25.788 Thread 0x0000020684072d10 nmethod 5152 0x00000206e573b510 code [0x00000206e573b740, 0x00000206e573be58]
Event: 25.788 Thread 0x0000020684072d10 5154       3       org.openqa.selenium.json.Input::peek (9 bytes)
Event: 25.788 Thread 0x0000020684072d10 nmethod 5154 0x00000206e57ae190 code [0x00000206e57ae320, 0x00000206e57ae468]
Event: 25.788 Thread 0x0000020684072d10 5153       1       java.nio.HeapCharBuffer::isReadOnly (2 bytes)
Event: 25.788 Thread 0x0000020684072d10 nmethod 5153 0x00000206ed2e8710 code [0x00000206ed2e88a0, 0x00000206ed2e8978]
Event: 25.788 Thread 0x0000020684072d10 5155       3       java.nio.HeapCharBuffer::<init> (21 bytes)
Event: 25.789 Thread 0x0000020684072d10 nmethod 5155 0x00000206e57adc90 code [0x00000206e57ade40, 0x00000206e57ae068]
Event: 25.789 Thread 0x0000020684072d10 5156       3       java.io.BufferedReader::read1 (171 bytes)
Event: 25.789 Thread 0x0000020684072d10 nmethod 5156 0x00000206e573aa10 code [0x00000206e573ac20, 0x00000206e573b2f8]
Event: 25.789 Thread 0x0000020684072d10 5157       3       java.nio.CharBuffer::allocate (20 bytes)
Event: 25.790 Thread 0x0000020684072d10 nmethod 5157 0x00000206e573a510 code [0x00000206e573a6c0, 0x00000206e573a8d8]
Event: 25.790 Thread 0x0000020684072d10 5158   !   3       java.io.BufferedReader::read (112 bytes)
Event: 25.791 Thread 0x0000020684072d10 nmethod 5158 0x00000206e5739510 code [0x00000206e5739760, 0x00000206e573a0a8]
Event: 25.791 Thread 0x0000020684072d10 5159       3       java.io.Reader::read (115 bytes)
Event: 25.793 Thread 0x0000020684072d10 nmethod 5159 0x00000206e5737e10 code [0x00000206e57380c0, 0x00000206e5738ed8]
Event: 25.793 Thread 0x0000020684072d10 5160       3       org.openqa.selenium.json.Input::read (18 bytes)
Event: 25.793 Thread 0x0000020684072d10 nmethod 5160 0x00000206e5970f90 code [0x00000206e5971140, 0x00000206e59712d8]
Event: 25.793 Thread 0x0000020684072d10 5161       3       org.openqa.selenium.json.Input::append (57 bytes)
Event: 25.794 Thread 0x0000020684072d10 nmethod 5161 0x00000206e5970a90 code [0x00000206e5970c40, 0x00000206e5970e58]

GC Heap History (20 events):
Event: 5.494 GC heap before
{Heap before GC invocations=3 (full 0):
 garbage-first heap   total 131072K, used 90641K [0x0000000080000000, 0x0000000100000000)
  region size 1024K, 75 young (76800K), 2 survivors (2048K)
 Metaspace       used 20328K, committed 20608K, reserved 1114112K
  class space    used 2082K, committed 2240K, reserved 1048576K
}
Event: 5.508 GC heap after
{Heap after GC invocations=4 (full 0):
 garbage-first heap   total 131072K, used 22342K [0x0000000080000000, 0x0000000100000000)
  region size 1024K, 7 young (7168K), 7 survivors (7168K)
 Metaspace       used 20328K, committed 20608K, reserved 1114112K
  class space    used 2082K, committed 2240K, reserved 1048576K
}
Event: 6.131 GC heap before
{Heap before GC invocations=4 (full 0):
 garbage-first heap   total 131072K, used 61254K [0x0000000080000000, 0x0000000100000000)
  region size 1024K, 46 young (47104K), 7 survivors (7168K)
 Metaspace       used 21264K, committed 21504K, reserved 1114112K
  class space    used 2170K, committed 2304K, reserved 1048576K
}
Event: 6.143 GC heap after
{Heap after GC invocations=5 (full 0):
 garbage-first heap   total 131072K, used 22675K [0x0000000080000000, 0x0000000100000000)
  region size 1024K, 1 young (1024K), 1 survivors (1024K)
 Metaspace       used 21264K, committed 21504K, reserved 1114112K
  class space    used 2170K, committed 2304K, reserved 1048576K
}
Event: 8.346 GC heap before
{Heap before GC invocations=6 (full 0):
 garbage-first heap   total 81920K, used 69779K [0x0000000080000000, 0x0000000100000000)
  region size 1024K, 48 young (49152K), 1 survivors (1024K)
 Metaspace       used 28708K, committed 29056K, reserved 1114112K
  class space    used 3029K, committed 3200K, reserved 1048576K
}
Event: 8.361 GC heap after
{Heap after GC invocations=7 (full 0):
 garbage-first heap   total 81920K, used 25942K [0x0000000080000000, 0x0000000100000000)
  region size 1024K, 5 young (5120K), 5 survivors (5120K)
 Metaspace       used 28708K, committed 29056K, reserved 1114112K
  class space    used 3029K, committed 3200K, reserved 1048576K
}
Event: 8.772 GC heap before
{Heap before GC invocations=7 (full 0):
 garbage-first heap   total 81920K, used 61782K [0x0000000080000000, 0x0000000100000000)
  region size 1024K, 37 young (37888K), 5 survivors (5120K)
 Metaspace       used 29936K, committed 30272K, reserved 1114112K
  class space    used 3112K, committed 3264K, reserved 1048576K
}
Event: 8.783 GC heap after
{Heap after GC invocations=8 (full 0):
 garbage-first heap   total 81920K, used 27029K [0x0000000080000000, 0x0000000100000000)
  region size 1024K, 1 young (1024K), 1 survivors (1024K)
 Metaspace       used 29936K, committed 30272K, reserved 1114112K
  class space    used 3112K, committed 3264K, reserved 1048576K
}
Event: 9.396 GC heap before
{Heap before GC invocations=8 (full 0):
 garbage-first heap   total 81920K, used 60821K [0x0000000080000000, 0x0000000100000000)
  region size 1024K, 34 young (34816K), 1 survivors (1024K)
 Metaspace       used 31191K, committed 31552K, reserved 1114112K
  class space    used 3265K, committed 3456K, reserved 1048576K
}
Event: 9.401 GC heap after
{Heap after GC invocations=9 (full 0):
 garbage-first heap   total 81920K, used 27156K [0x0000000080000000, 0x0000000100000000)
  region size 1024K, 2 young (2048K), 2 survivors (2048K)
 Metaspace       used 31191K, committed 31552K, reserved 1114112K
  class space    used 3265K, committed 3456K, reserved 1048576K
}
Event: 9.787 GC heap before
{Heap before GC invocations=9 (full 0):
 garbage-first heap   total 81920K, used 61972K [0x0000000080000000, 0x0000000100000000)
  region size 1024K, 36 young (36864K), 2 survivors (2048K)
 Metaspace       used 31915K, committed 32320K, reserved 1114112K
  class space    used 3333K, committed 3520K, reserved 1048576K
}
Event: 9.791 GC heap after
{Heap after GC invocations=10 (full 0):
 garbage-first heap   total 81920K, used 28053K [0x0000000080000000, 0x0000000100000000)
  region size 1024K, 2 young (2048K), 2 survivors (2048K)
 Metaspace       used 31915K, committed 32320K, reserved 1114112K
  class space    used 3333K, committed 3520K, reserved 1048576K
}
Event: 11.024 GC heap before
{Heap before GC invocations=10 (full 0):
 garbage-first heap   total 81920K, used 63893K [0x0000000080000000, 0x0000000100000000)
  region size 1024K, 37 young (37888K), 2 survivors (2048K)
 Metaspace       used 32552K, committed 32960K, reserved 1114112K
  class space    used 3392K, committed 3584K, reserved 1048576K
}
Event: 11.034 GC heap after
{Heap after GC invocations=11 (full 0):
 garbage-first heap   total 81920K, used 29602K [0x0000000080000000, 0x0000000100000000)
  region size 1024K, 4 young (4096K), 4 survivors (4096K)
 Metaspace       used 32552K, committed 32960K, reserved 1114112K
  class space    used 3392K, committed 3584K, reserved 1048576K
}
Event: 11.634 GC heap before
{Heap before GC invocations=11 (full 0):
 garbage-first heap   total 81920K, used 64418K [0x0000000080000000, 0x0000000100000000)
  region size 1024K, 38 young (38912K), 4 survivors (4096K)
 Metaspace       used 32665K, committed 33088K, reserved 1114112K
  class space    used 3399K, committed 3584K, reserved 1048576K
}
Event: 11.645 GC heap after
{Heap after GC invocations=12 (full 0):
 garbage-first heap   total 81920K, used 30473K [0x0000000080000000, 0x0000000100000000)
  region size 1024K, 4 young (4096K), 4 survivors (4096K)
 Metaspace       used 32665K, committed 33088K, reserved 1114112K
  class space    used 3399K, committed 3584K, reserved 1048576K
}
Event: 12.655 GC heap before
{Heap before GC invocations=12 (full 0):
 garbage-first heap   total 81920K, used 65289K [0x0000000080000000, 0x0000000100000000)
  region size 1024K, 38 young (38912K), 4 survivors (4096K)
 Metaspace       used 33393K, committed 33856K, reserved 1114112K
  class space    used 3459K, committed 3712K, reserved 1048576K
}
Event: 12.672 GC heap after
{Heap after GC invocations=13 (full 0):
 garbage-first heap   total 98304K, used 33084K [0x0000000080000000, 0x0000000100000000)
  region size 1024K, 5 young (5120K), 5 survivors (5120K)
 Metaspace       used 33393K, committed 33856K, reserved 1114112K
  class space    used 3459K, committed 3712K, reserved 1048576K
}
Event: 18.833 GC heap before
{Heap before GC invocations=13 (full 0):
 garbage-first heap   total 98304K, used 57660K [0x0000000080000000, 0x0000000100000000)
  region size 1024K, 30 young (30720K), 5 survivors (5120K)
 Metaspace       used 35604K, committed 36096K, reserved 1114112K
  class space    used 3796K, committed 4032K, reserved 1048576K
}
Event: 18.850 GC heap after
{Heap after GC invocations=14 (full 0):
 garbage-first heap   total 98304K, used 34480K [0x0000000080000000, 0x0000000100000000)
  region size 1024K, 5 young (5120K), 5 survivors (5120K)
 Metaspace       used 35604K, committed 36096K, reserved 1114112K
  class space    used 3796K, committed 4032K, reserved 1048576K
}

Dll operation events (7 events):
Event: 0.010 Loaded shared library C:\Users\Admin\.katalon\packages\KS-9.7.2\jre\bin\java.dll
Event: 0.428 Loaded shared library C:\Users\Admin\.katalon\packages\KS-9.7.2\jre\bin\net.dll
Event: 0.431 Loaded shared library C:\Users\Admin\.katalon\packages\KS-9.7.2\jre\bin\nio.dll
Event: 0.446 Loaded shared library C:\Users\Admin\.katalon\packages\KS-9.7.2\jre\bin\zip.dll
Event: 1.204 Loaded shared library C:\Users\Admin\.katalon\packages\KS-9.7.2\jre\bin\verify.dll
Event: 1.725 Loaded shared library C:\Users\Admin\.katalon\packages\KS-9.7.2\jre\bin\jimage.dll
Event: 25.356 Loaded shared library C:\Users\Admin\.katalon\packages\KS-9.7.2\jre\bin\sunmscapi.dll

Deoptimization events (20 events):
Event: 25.377 Thread 0x00000206e2063540 DEOPT PACKING pc=0x00000206e5c3f800 sp=0x00000077104f9770
Event: 25.377 Thread 0x00000206e2063540 DEOPT UNPACKING pc=0x00000206ecc67143 sp=0x00000077104f8be0 mode 0
Event: 25.378 Thread 0x00000206e2063540 DEOPT PACKING pc=0x00000206e5c3f800 sp=0x00000077104f9770
Event: 25.378 Thread 0x00000206e2063540 DEOPT UNPACKING pc=0x00000206ecc67143 sp=0x00000077104f8be0 mode 0
Event: 25.379 Thread 0x00000206e2063540 Uncommon trap: trap_request=0xffffff45 fr.pc=0x00000206ed361598 relative=0x0000000000002bf8
Event: 25.379 Thread 0x00000206e2063540 Uncommon trap: reason=unstable_if action=reinterpret pc=0x00000206ed361598 method=java.util.jar.Manifest$FastInputStream.readLine([BII)I @ 130 c2
Event: 25.379 Thread 0x00000206e2063540 DEOPT PACKING pc=0x00000206ed361598 sp=0x00000077104f9520
Event: 25.379 Thread 0x00000206e2063540 DEOPT UNPACKING pc=0x00000206ecc669a3 sp=0x00000077104f93f0 mode 2
Event: 25.386 Thread 0x00000206e2063540 DEOPT PACKING pc=0x00000206e5c62ecd sp=0x00000077104f90d0
Event: 25.386 Thread 0x00000206e2063540 DEOPT UNPACKING pc=0x00000206ecc67143 sp=0x00000077104f8558 mode 0
Event: 25.386 Thread 0x00000206e2063540 DEOPT PACKING pc=0x00000206e5c62ecd sp=0x00000077104f90d0
Event: 25.386 Thread 0x00000206e2063540 DEOPT UNPACKING pc=0x00000206ecc67143 sp=0x00000077104f8558 mode 0
Event: 25.387 Thread 0x00000206e2063540 DEOPT PACKING pc=0x00000206e5c62ecd sp=0x00000077104f90d0
Event: 25.387 Thread 0x00000206e2063540 DEOPT UNPACKING pc=0x00000206ecc67143 sp=0x00000077104f8558 mode 0
Event: 25.387 Thread 0x00000206e2063540 DEOPT PACKING pc=0x00000206e5c62ecd sp=0x00000077104f90d0
Event: 25.387 Thread 0x00000206e2063540 DEOPT UNPACKING pc=0x00000206ecc67143 sp=0x00000077104f8558 mode 0
Event: 25.405 Thread 0x00000206e2063540 Uncommon trap: trap_request=0xffffff45 fr.pc=0x00000206ed2b3230 relative=0x0000000000000110
Event: 25.405 Thread 0x00000206e2063540 Uncommon trap: reason=unstable_if action=reinterpret pc=0x00000206ed2b3230 method=java.util.ArrayList.indexOfRange(Ljava/lang/Object;II)I @ 7 c2
Event: 25.405 Thread 0x00000206e2063540 DEOPT PACKING pc=0x00000206ed2b3230 sp=0x00000077104faa30
Event: 25.405 Thread 0x00000206e2063540 DEOPT UNPACKING pc=0x00000206ecc669a3 sp=0x00000077104fa9b0 mode 2

Classes unloaded (0 events):
No events

Classes redefined (0 events):
No events

Internal exceptions (20 events):
Event: 22.896 Thread 0x0000020686ef0450 Exception <a 'java/net/ConnectException'{0x0000000085ea5ea0}: Connection refused: no further information> (0x0000000085ea5ea0) 
thrown [s\src\hotspot\share\prims\jni.cpp, line 535]
Event: 22.896 Thread 0x0000020686ef0450 Exception <a 'java/net/SocketException'{0x0000000085ea61d8}: Socket is not connected: shutdown> (0x0000000085ea61d8) 
thrown [s\src\hotspot\share\prims\jni.cpp, line 535]
Event: 23.219 Thread 0x0000020686ef0450 Exception <a 'java/net/ConnectException'{0x0000000085ea7710}: Connection refused: no further information> (0x0000000085ea7710) 
thrown [s\src\hotspot\share\prims\jni.cpp, line 535]
Event: 23.219 Thread 0x0000020686ef0450 Exception <a 'java/net/SocketException'{0x0000000085ea7a48}: Socket is not connected: shutdown> (0x0000000085ea7a48) 
thrown [s\src\hotspot\share\prims\jni.cpp, line 535]
Event: 23.547 Thread 0x0000020686ef0450 Exception <a 'java/net/ConnectException'{0x0000000085ea8b48}: Connection refused: no further information> (0x0000000085ea8b48) 
thrown [s\src\hotspot\share\prims\jni.cpp, line 535]
Event: 23.547 Thread 0x0000020686ef0450 Exception <a 'java/net/SocketException'{0x0000000085ea8e80}: Socket is not connected: shutdown> (0x0000000085ea8e80) 
thrown [s\src\hotspot\share\prims\jni.cpp, line 535]
Event: 23.869 Thread 0x0000020686ef0450 Exception <a 'java/net/ConnectException'{0x0000000085ea9f80}: Connection refused: no further information> (0x0000000085ea9f80) 
thrown [s\src\hotspot\share\prims\jni.cpp, line 535]
Event: 23.869 Thread 0x0000020686ef0450 Exception <a 'java/net/SocketException'{0x0000000085eaa2b8}: Socket is not connected: shutdown> (0x0000000085eaa2b8) 
thrown [s\src\hotspot\share\prims\jni.cpp, line 535]
Event: 24.203 Thread 0x0000020686ef0450 Exception <a 'java/net/ConnectException'{0x0000000085eab3b8}: Connection refused: no further information> (0x0000000085eab3b8) 
thrown [s\src\hotspot\share\prims\jni.cpp, line 535]
Event: 24.203 Thread 0x0000020686ef0450 Exception <a 'java/net/SocketException'{0x0000000085eab6f0}: Socket is not connected: shutdown> (0x0000000085eab6f0) 
thrown [s\src\hotspot\share\prims\jni.cpp, line 535]
Event: 24.527 Thread 0x0000020686ef0450 Exception <a 'java/net/ConnectException'{0x0000000085eac7f0}: Connection refused: no further information> (0x0000000085eac7f0) 
thrown [s\src\hotspot\share\prims\jni.cpp, line 535]
Event: 24.527 Thread 0x0000020686ef0450 Exception <a 'java/net/SocketException'{0x0000000085eacb28}: Socket is not connected: shutdown> (0x0000000085eacb28) 
thrown [s\src\hotspot\share\prims\jni.cpp, line 535]
Event: 25.095 Thread 0x00000206e2063540 Exception <a 'sun/nio/fs/WindowsException'{0x0000000085b53750}> (0x0000000085b53750) 
thrown [s\src\hotspot\share\prims\jni.cpp, line 516]
Event: 25.172 Thread 0x00000206e2063540 Exception <a 'java/lang/NoSuchMethodError'{0x0000000085a279a8}: 'java.lang.Object java.lang.invoke.DirectMethodHandle$Holder.invokeStaticInit(java.lang.Object, int, int, int, int)'> (0x0000000085a279a8) 
thrown [s\src\hotspot\share\interpreter\linkResolver.cpp, line 759]
Event: 25.285 Thread 0x00000206e2063540 Exception <a 'java/lang/NoSuchMethodError'{0x0000000085ad26c0}: 'java.lang.Object java.lang.invoke.DirectMethodHandle$Holder.invokeStaticInit(java.lang.Object, java.lang.Object, int, int, int, int)'> (0x0000000085ad26c0) 
thrown [s\src\hotspot\share\interpreter\linkResolver.cpp, line 759]
Event: 25.575 Thread 0x00000206e2063540 Exception <a 'java/lang/IncompatibleClassChangeError'{0x00000000854c8a90}: Found class java.lang.Object, but interface was expected> (0x00000000854c8a90) 
thrown [s\src\hotspot\share\interpreter\linkResolver.cpp, line 826]
Event: 25.576 Thread 0x00000206e2063540 Exception <a 'java/lang/NoSuchMethodError'{0x00000000854cf670}: 'int java.lang.invoke.DirectMethodHandle$Holder.invokeSpecialIFC(java.lang.Object, java.lang.Object, java.lang.Object, java.lang.Object)'> (0x00000000854cf670) 
thrown [s\src\hotspot\share\interpreter\linkResolver.cpp, line 759]
Event: 25.601 Thread 0x00000206e2063540 Exception <a 'java/lang/NoSuchMethodError'{0x0000000085357358}: 'double java.lang.invoke.DirectMethodHandle$Holder.invokeVirtual(java.lang.Object, java.lang.Object)'> (0x0000000085357358) 
thrown [s\src\hotspot\share\interpreter\linkResolver.cpp, line 759]
Event: 25.602 Thread 0x00000206e2063540 Exception <a 'java/lang/NoSuchMethodError'{0x000000008535dd80}: 'float java.lang.invoke.DirectMethodHandle$Holder.invokeVirtual(java.lang.Object, java.lang.Object)'> (0x000000008535dd80) 
thrown [s\src\hotspot\share\interpreter\linkResolver.cpp, line 759]
Event: 25.603 Thread 0x00000206e2063540 Exception <a 'java/lang/NoSuchMethodError'{0x0000000085366fe8}: 'long java.lang.invoke.DirectMethodHandle$Holder.invokeVirtual(java.lang.Object, java.lang.Object)'> (0x0000000085366fe8) 
thrown [s\src\hotspot\share\interpreter\linkResolver.cpp, line 759]

VM Operations (20 events):
Event: 18.883 Executing VM operation: HandshakeAllThreads
Event: 18.890 Executing VM operation: HandshakeAllThreads done
Event: 18.920 Executing VM operation: G1Concurrent
Event: 18.928 Executing VM operation: G1Concurrent done
Event: 18.955 Executing VM operation: G1Concurrent
Event: 18.956 Executing VM operation: G1Concurrent done
Event: 24.907 Executing VM operation: HandshakeAllThreads
Event: 24.908 Executing VM operation: HandshakeAllThreads done
Event: 24.909 Executing VM operation: HandshakeAllThreads
Event: 24.909 Executing VM operation: HandshakeAllThreads done
Event: 24.911 Executing VM operation: HandshakeAllThreads
Event: 24.911 Executing VM operation: HandshakeAllThreads done
Event: 25.097 Executing VM operation: HandshakeAllThreads
Event: 25.097 Executing VM operation: HandshakeAllThreads done
Event: 25.097 Executing VM operation: Cleanup
Event: 25.097 Executing VM operation: Cleanup done
Event: 25.098 Executing VM operation: HandshakeAllThreads
Event: 25.098 Executing VM operation: HandshakeAllThreads done
Event: 25.099 Executing VM operation: HandshakeAllThreads
Event: 25.099 Executing VM operation: HandshakeAllThreads done

Events (20 events):
Event: 25.333 loading class javax/net/ssl/SSLPeerUnverifiedException
Event: 25.333 loading class javax/net/ssl/SSLPeerUnverifiedException done
Event: 25.363 loading class com/sun/security/sasl/Provider
Event: 25.363 loading class com/sun/security/sasl/Provider done
Event: 25.363 loading class com/sun/security/sasl/Provider$1
Event: 25.363 loading class com/sun/security/sasl/Provider$1 done
Event: 25.363 loading class com/sun/security/sasl/Provider$ProviderService
Event: 25.363 loading class com/sun/security/sasl/Provider$ProviderService done
Event: 25.364 loading class sun/security/provider/certpath/ldap/JdkLDAP
Event: 25.364 loading class sun/security/provider/certpath/ldap/JdkLDAP done
Event: 25.365 loading class sun/security/provider/certpath/ldap/JdkLDAP$ProviderService
Event: 25.365 loading class sun/security/provider/certpath/ldap/JdkLDAP$ProviderService done
Event: 25.367 loading class javax/net/ssl/SSLParameters
Event: 25.368 loading class javax/net/ssl/SSLParameters done
Event: 25.369 loading class javax/net/ssl/SSLSocket
Event: 25.369 loading class javax/net/ssl/SSLSocket done
Event: 25.369 loading class javax/net/ssl/SSLSession
Event: 25.369 loading class javax/net/ssl/SSLSession done
Event: 25.369 loading class javax/net/ssl/HandshakeCompletedListener
Event: 25.369 loading class javax/net/ssl/HandshakeCompletedListener done


Dynamic libraries:
0x00007ff6a5830000 - 0x00007ff6a583e000 	C:\Users\Admin\.katalon\packages\KS-9.7.2\jre\bin\javaw.exe
0x00007fffa0950000 - 0x00007fffa0b3e000 	C:\Windows\SYSTEM32\ntdll.dll
0x00007fff9db90000 - 0x00007fff9dc43000 	C:\Windows\System32\KERNEL32.DLL
0x00007fff9d820000 - 0x00007fff9dabd000 	C:\Windows\System32\KERNELBASE.dll
0x00007fff9ca50000 - 0x00007fff9cb4a000 	C:\Windows\System32\ucrtbase.dll
0x00007fff91560000 - 0x00007fff91577000 	C:\Users\Admin\.katalon\packages\KS-9.7.2\jre\bin\jli.dll
0x00007fff91540000 - 0x00007fff91559000 	C:\Users\Admin\.katalon\packages\KS-9.7.2\jre\bin\VCRUNTIME140.dll
0x00007fff9e1f0000 - 0x00007fff9e387000 	C:\Windows\System32\USER32.dll
0x00007fff9c9b0000 - 0x00007fff9c9d0000 	C:\Windows\System32\win32u.dll
0x00007fff9ee90000 - 0x00007fff9eeb9000 	C:\Windows\System32\GDI32.dll
0x00007fff9cc50000 - 0x00007fff9cdf7000 	C:\Windows\System32\gdi32full.dll
0x00007fff86380000 - 0x00007fff865f9000 	C:\Windows\WinSxS\amd64_microsoft.windows.common-controls_6595b64144ccf1df_6.0.17763.6532_none_de70be92534bb012\COMCTL32.dll
0x00007fff9cbb0000 - 0x00007fff9cc50000 	C:\Windows\System32\msvcp_win.dll
0x00007fff9edf0000 - 0x00007fff9ee8e000 	C:\Windows\System32\msvcrt.dll
0x00007fff9dc50000 - 0x00007fff9df7a000 	C:\Windows\System32\combase.dll
0x00007fff9ec40000 - 0x00007fff9ed58000 	C:\Windows\System32\RPCRT4.dll
0x00007fff9d040000 - 0x00007fff9d0c2000 	C:\Windows\System32\bcryptPrimitives.dll
0x00007fff9f1a0000 - 0x00007fff9f1ce000 	C:\Windows\System32\IMM32.DLL
0x00007fff995d0000 - 0x00007fff995dc000 	C:\Users\Admin\.katalon\packages\KS-9.7.2\jre\bin\vcruntime140_1.dll
0x00007fff3f6f0000 - 0x00007fff3f781000 	C:\Users\Admin\.katalon\packages\KS-9.7.2\jre\bin\msvcp140.dll
0x00007fff38260000 - 0x00007fff38ea8000 	C:\Users\Admin\.katalon\packages\KS-9.7.2\jre\bin\server\jvm.dll
0x00007fff9dfe0000 - 0x00007fff9e088000 	C:\Windows\System32\ADVAPI32.dll
0x00007fffa07f0000 - 0x00007fffa0892000 	C:\Windows\System32\sechost.dll
0x00007fff9c9d0000 - 0x00007fff9c9f6000 	C:\Windows\System32\bcrypt.dll
0x00007fff961d0000 - 0x00007fff961da000 	C:\Windows\SYSTEM32\VERSION.dll
0x00007fff83d70000 - 0x00007fff83d79000 	C:\Windows\SYSTEM32\WSOCK32.dll
0x00007fff98370000 - 0x00007fff98394000 	C:\Windows\SYSTEM32\WINMM.dll
0x00007fffa0780000 - 0x00007fffa07ed000 	C:\Windows\System32\WS2_32.dll
0x00007fff98340000 - 0x00007fff9836d000 	C:\Windows\SYSTEM32\WINMMBASE.dll
0x00007fff9ca00000 - 0x00007fff9ca4a000 	C:\Windows\System32\cfgmgr32.dll
0x00007fff9c900000 - 0x00007fff9c911000 	C:\Windows\System32\kernel.appcore.dll
0x00007fff96250000 - 0x00007fff9625a000 	C:\Users\Admin\.katalon\packages\KS-9.7.2\jre\bin\jimage.dll
0x00007fff9b190000 - 0x00007fff9b37d000 	C:\Windows\SYSTEM32\DBGHELP.DLL
0x00007fff82cd0000 - 0x00007fff82cfa000 	C:\Windows\SYSTEM32\dbgcore.DLL
0x00007fff960a0000 - 0x00007fff960c5000 	C:\Users\Admin\.katalon\packages\KS-9.7.2\jre\bin\java.dll
0x00007fff96230000 - 0x00007fff96248000 	C:\Users\Admin\.katalon\packages\KS-9.7.2\jre\bin\zip.dll
0x00007fff9f280000 - 0x00007fffa0778000 	C:\Windows\System32\SHELL32.dll
0x00007fff9e390000 - 0x00007fff9e437000 	C:\Windows\System32\shcore.dll
0x00007fff9d0d0000 - 0x00007fff9d818000 	C:\Windows\System32\windows.storage.dll
0x00007fff9c980000 - 0x00007fff9c9a3000 	C:\Windows\System32\profapi.dll
0x00007fff9c920000 - 0x00007fff9c97d000 	C:\Windows\System32\powrprof.dll
0x00007fff9df80000 - 0x00007fff9dfd2000 	C:\Windows\System32\shlwapi.dll
0x00007fff9d020000 - 0x00007fff9d03b000 	C:\Windows\System32\cryptsp.dll
0x00007fff96080000 - 0x00007fff96099000 	C:\Users\Admin\.katalon\packages\KS-9.7.2\jre\bin\net.dll
0x00007fff90240000 - 0x00007fff9033d000 	C:\Windows\SYSTEM32\WINHTTP.dll
0x00007fff9c0e0000 - 0x00007fff9c147000 	C:\Windows\system32\mswsock.dll
0x00007fff89a00000 - 0x00007fff89a15000 	C:\Users\Admin\.katalon\packages\KS-9.7.2\jre\bin\nio.dll
0x00007fff96070000 - 0x00007fff96080000 	C:\Users\Admin\.katalon\packages\KS-9.7.2\jre\bin\verify.dll
0x00007fff9bde0000 - 0x00007fff9be1d000 	C:\Windows\SYSTEM32\IPHLPAPI.DLL
0x00007fff9f190000 - 0x00007fff9f198000 	C:\Windows\System32\NSI.dll
0x00007fff95580000 - 0x00007fff95596000 	C:\Windows\SYSTEM32\dhcpcsvc6.DLL
0x00007fff95560000 - 0x00007fff9557c000 	C:\Windows\SYSTEM32\dhcpcsvc.DLL
0x00007fff9be20000 - 0x00007fff9bee6000 	C:\Windows\SYSTEM32\DNSAPI.dll
0x00007fff9bc10000 - 0x00007fff9bc43000 	C:\Windows\system32\rsaenh.dll
0x00007fff9c810000 - 0x00007fff9c839000 	C:\Windows\SYSTEM32\USERENV.dll
0x00007fff9c260000 - 0x00007fff9c26c000 	C:\Windows\SYSTEM32\CRYPTBASE.dll
0x00007fff95cf0000 - 0x00007fff95cfe000 	C:\Users\Admin\.katalon\packages\KS-9.7.2\jre\bin\sunmscapi.dll
0x00007fff9ce00000 - 0x00007fff9d011000 	C:\Windows\System32\CRYPT32.dll
0x00007fff9c8e0000 - 0x00007fff9c8f2000 	C:\Windows\System32\MSASN1.dll
0x00007fff9c400000 - 0x00007fff9c42c000 	C:\Windows\SYSTEM32\ncrypt.dll
0x00007fff9c3c0000 - 0x00007fff9c3fc000 	C:\Windows\SYSTEM32\NTASN1.dll

dbghelp: loaded successfully - version: 4.0.5 - missing functions: none
symbol engine: initialized successfully - sym options: 0x614 - pdb path: .;C:\Users\Admin\.katalon\packages\KS-9.7.2\jre\bin;C:\Windows\SYSTEM32;C:\Windows\WinSxS\amd64_microsoft.windows.common-controls_6595b64144ccf1df_6.0.17763.6532_none_de70be92534bb012;C:\Users\Admin\.katalon\packages\KS-9.7.2\jre\bin\server

VM Arguments:
jvm_args: -Dgroovy.home=C:\Users\Admin/.groovy -Djava.system.class.loader=groovy.lang.GroovyClassLoader -Xmx2048m -Dfile.encoding=UTF-8 -XX:+ShowCodeDetailsInExceptionMessages 
java_command: org.codehaus.groovy.tools.GroovyStarter --classpath C:\Users\Admin\Katalon Studio\FisrtProject\bin\keyword;C:\Users\Admin\Katalon Studio\FisrtProject\Keywords;C:\Users\Admin\Katalon Studio\FisrtProject\bin\listener;C:\Users\Admin\Katalon Studio\FisrtProject\Test Listeners;C:\Users\Admin\Katalon Studio\FisrtProject\bin\lib;C:\Users\Admin\Katalon Studio\FisrtProject\Libs;C:\Users\Admin\Katalon Studio\FisrtProject\bin\groovy;C:\Users\Admin\Katalon Studio\FisrtProject\Include\scripts\groovy;C:\Users\Admin\.katalon\packages\KS-9.7.2\plugins\com.kms.katalon.core_1.0.0.202409190502.jar;C:\Users\Admin\.katalon\packages\KS-9.7.2\configuration\resources\lib\aalto-xml-1.0.0.jar;C:\Users\Admin\.katalon\packages\KS-9.7.2\configuration\resources\lib\aspectjweaver-1.9.1.jar;C:\Users\Admin\.katalon\packages\KS-9.7.2\configuration\resources\lib\aws-2.20.3-fat.jar;C:\Users\Admin\.katalon\packages\KS-9.7.2\configuration\resources\lib\bcpkix-jdk15on-1.64.jar;C:\Users\Admin\.katalon\packages\KS-9.7.2\configuration\resources\lib\bcprov-jdk15on-1.64.jar;C:\Users\Admin\.katalon\packages\KS-9.7.2\configuration\resources\lib\browsermob-core-2.1.5.jar;C:\Users\Admin\.katalon\packages\KS-9.7.2\configuration\resources\lib\byte-buddy-1.14.3.jar;C:\Users\Admin\.katalon\packages\KS-9.7.2\configuration\resources\lib\byte-buddy-agent-1.14.3.jar;C:\Users\Admin\.katalon\packages\KS-9.7.2\configuration\resources\lib\cglib-3.2.10.jar;C:\Users\Admin\.katalon\packages\KS-9.7.2\configuration\resources\lib\commons-codec-1.10.jar;C:\Users\Admin\.katalon\packages\KS-9.7.2\configuration\resources\lib\commons-collections4-4.1.jar;C:\Users\Admin\.katalon\packages\KS-9.7.2\configuration\resources\lib\commons-validator-1.6.jar;C:\Users\Admin\.katalon\packages\KS-9.7.2\configuration\resources\lib\curvesapi-1.04.jar;C:\Users\Admin\.katalon\packages\KS-9.7.2\configuration\resources\lib\dnsjava-2.1.8.jar;C:\Users\Admin\.katalon\packages\KS-9.7.2\configuration\resources\lib\groovy-3.0.17-fat.jar;C:\User
java_class_path (initial): C:\Users\Admin\Katalon Studio\FisrtProject\bin\keyword;C:\Users\Admin\Katalon Studio\FisrtProject\bin\listener;C:\Users\Admin\Katalon Studio\FisrtProject\bin\lib;C:\Users\Admin\Katalon Studio\FisrtProject\bin\groovy;C:\Users\Admin\Katalon Studio\FisrtProject\bin;C:\Users\Admin\.katalon\packages\KS-9.7.2\plugins\com.kms.katalon.core_1.0.0.202409190502.jar;C:\Users\Admin\.katalon\packages\KS-9.7.2\configuration\resources\lib\aalto-xml-1.0.0.jar;C:\Users\Admin\.katalon\packages\KS-9.7.2\configuration\resources\lib\aspectjweaver-1.9.1.jar;C:\Users\Admin\.katalon\packages\KS-9.7.2\configuration\resources\lib\aws-2.20.3-fat.jar;C:\Users\Admin\.katalon\packages\KS-9.7.2\configuration\resources\lib\bcpkix-jdk15on-1.64.jar;C:\Users\Admin\.katalon\packages\KS-9.7.2\configuration\resources\lib\bcprov-jdk15on-1.64.jar;C:\Users\Admin\.katalon\packages\KS-9.7.2\configuration\resources\lib\browsermob-core-2.1.5.jar;C:\Users\Admin\.katalon\packages\KS-9.7.2\configuration\resources\lib\byte-buddy-1.14.3.jar;C:\Users\Admin\.katalon\packages\KS-9.7.2\configuration\resources\lib\byte-buddy-agent-1.14.3.jar;C:\Users\Admin\.katalon\packages\KS-9.7.2\configuration\resources\lib\cglib-3.2.10.jar;C:\Users\Admin\.katalon\packages\KS-9.7.2\configuration\resources\lib\commons-codec-1.10.jar;C:\Users\Admin\.katalon\packages\KS-9.7.2\configuration\resources\lib\commons-collections4-4.1.jar;C:\Users\Admin\.katalon\packages\KS-9.7.2\configuration\resources\lib\commons-validator-1.6.jar;C:\Users\Admin\.katalon\packages\KS-9.7.2\configuration\resources\lib\curvesapi-1.04.jar;C:\Users\Admin\.katalon\packages\KS-9.7.2\configuration\resources\lib\dnsjava-2.1.8.jar;C:\Users\Admin\.katalon\packages\KS-9.7.2\configuration\resources\lib\groovy-3.0.17-fat.jar;C:\Users\Admin\.katalon\packages\KS-9.7.2\configuration\resources\lib\jackson-coreutils-2.0.jar;C:\Users\Admin\.katalon\packages\KS-9.7.2\configuration\resources\lib\jackson-coreutils-equivalence-1.0.jar;C:\Users\Admin\.kat
Launcher Type: SUN_STANDARD

[Global flags]
     intx CICompilerCount                          = 3                                         {product} {ergonomic}
     uint ConcGCThreads                            = 1                                         {product} {ergonomic}
     uint G1ConcRefinementThreads                  = 4                                         {product} {ergonomic}
   size_t G1HeapRegionSize                         = 1048576                                   {product} {ergonomic}
    uintx GCDrainStackTargetSize                   = 64                                        {product} {ergonomic}
   size_t InitialHeapSize                          = 134217728                                 {product} {ergonomic}
   size_t MarkStackSize                            = 4194304                                   {product} {ergonomic}
   size_t MaxHeapSize                              = 2147483648                                {product} {command line}
   size_t MaxNewSize                               = 1287651328                                {product} {ergonomic}
   size_t MinHeapDeltaBytes                        = 1048576                                   {product} {ergonomic}
   size_t MinHeapSize                              = 8388608                                   {product} {ergonomic}
    uintx NonNMethodCodeHeapSize                   = 5832780                                {pd product} {ergonomic}
    uintx NonProfiledCodeHeapSize                  = 122912730                              {pd product} {ergonomic}
    uintx ProfiledCodeHeapSize                     = 122912730                              {pd product} {ergonomic}
    uintx ReservedCodeCacheSize                    = 251658240                              {pd product} {ergonomic}
     bool SegmentedCodeCache                       = true                                      {product} {ergonomic}
     bool ShowCodeDetailsInExceptionMessages       = true                                   {manageable} {command line}
   size_t SoftMaxHeapSize                          = 2147483648                             {manageable} {ergonomic}
     bool UseCompressedClassPointers               = true                           {product lp64_product} {ergonomic}
     bool UseCompressedOops                        = true                           {product lp64_product} {ergonomic}
     bool UseG1GC                                  = true                                      {product} {ergonomic}
     bool UseLargePagesIndividualAllocation        = false                                  {pd product} {ergonomic}

Logging:
Log output configuration:
 #0: stdout all=warning uptime,level,tags
 #1: stderr all=off uptime,level,tags

Environment Variables:
JAVA_HOME=C:\Users\Admin\.katalon\packages\KS-9.7.2\jre
PATH=C:/Users/Admin/.katalon/packages/KS-9.7.2/jre/bin/server;C:/Users/Admin/.katalon/packages/KS-9.7.2/jre/bin;C:\Program Files\Common Files\Oracle\Java\javapath;C:\Windows\system32;C:\Windows;C:\Windows\System32\Wbem;C:\Windows\System32\WindowsPowerShell\v1.0\;C:\Windows\System32\OpenSSH\;C:\Program Files\Microsoft SQL Server\Client SDK\ODBC\170\Tools\Binn\;C:\Program Files (x86)\Microsoft SQL Server\150\Tools\Binn\;C:\Program Files\Microsoft SQL Server\150\Tools\Binn\;C:\Program Files\Microsoft SQL Server\150\DTS\Binn\;C:\Program Files (x86)\STMicroelectronics\STM32 ST-LINK Utility\ST-LINK Utility;C:\Program Files\nodejs\;C:\Users\Admin\AppData\Local\Microsoft\WindowsApps;C:\Program Files\JetBrains\IntelliJ IDEA Community Edition 2024.1.4\bin;;C:\Users\Admin\AppData\Roaming\npm;C:\Users\Admin\.katalon\packages\KS-9.7.2;:C:\Users\Admin\.katalon\packages\KS-9.7.2\jre\bin
USERNAME=Admin
OS=Windows_NT
PROCESSOR_IDENTIFIER=Intel64 Family 6 Model 142 Stepping 9, GenuineIntel
TMP=C:\Users\Admin\AppData\Local\Temp
TEMP=C:\Users\Admin\AppData\Local\Temp



---------------  S Y S T E M  ---------------

OS:
 Windows 10 , 64 bit Build 17763 (10.0.17763.6292)
OS uptime: 0 days 7:53 hours
Hyper-V role detected

CPU: total 4 (initial active 4) (2 cores per cpu, 2 threads per core) family 6 model 142 stepping 9 microcode 0xea, cx8, cmov, fxsr, ht, mmx, 3dnowpref, sse, sse2, sse3, ssse3, sse4.1, sse4.2, popcnt, lzcnt, tsc, tscinvbit, avx, avx2, aes, erms, clmul, bmi1, bmi2, adx, fma, vzeroupper, clflush, clflushopt, hv

Memory: 4k page, system-wide physical 8090M (729M free)
TotalPageFile size 13061M (AvailPageFile size 6M)
current process WorkingSet (physical memory assigned to process): 225M, peak: 229M
current process commit charge ("private bytes"): 254M, peak: 262M

vm_info: OpenJDK 64-Bit Server VM (17.0.7+7) for windows-amd64 JRE (17.0.7+7), built on Apr 18 2023 22:10:42 by "temurin" with MS VC++ 16.7 (VS2019)

END.
