#
# There is insufficient memory for the Java Runtime Environment to continue.
# Native memory allocation (malloc) failed to allocate 32744 bytes for ChunkPool::allocate
# Possible reasons:
#   The system is out of physical RAM or swap space
#   The process is running with CompressedOops enabled, and the Java Heap may be blocking the growth of the native heap
# Possible solutions:
#   Reduce memory load on the system
#   Increase physical memory or swap space
#   Check if swap backing store is full
#   Decrease Java heap size (-Xmx/-Xms)
#   Decrease number of Java threads
#   Decrease Java thread stack sizes (-Xss)
#   Set larger code cache with -XX:ReservedCodeCacheSize=
#   JVM is running with Unscaled Compressed Oops mode in which the Java heap is
#     placed in the first 4GB address space. The Java Heap base address is the
#     maximum limit for the native heap growth. Please use -XX:HeapBaseMinAddress
#     to set the Java Heap base and to place the Java Heap above 4GB virtual address.
# This output file may be truncated or incomplete.
#
#  Out of Memory Error (arena.cpp:78), pid=7980, tid=10336
#
# JRE version: OpenJDK Runtime Environment Temurin-17.0.7+7 (17.0.7+7) (build 17.0.7+7)
# Java VM: OpenJDK 64-Bit Server VM Temurin-17.0.7+7 (17.0.7+7, mixed mode, tiered, compressed oops, compressed class ptrs, g1 gc, windows-amd64)
# No core dump will be written. Minidumps are not enabled by default on client versions of Windows
#

---------------  S U M M A R Y ------------

Command Line: -Dgroovy.home=C:\Users\Admin/.groovy -Djava.system.class.loader=groovy.lang.GroovyClassLoader -Xmx2048m -Dfile.encoding=UTF-8 -XX:+ShowCodeDetailsInExceptionMessages org.codehaus.groovy.tools.GroovyStarter --classpath C:\Users\Admin\Katalon Studio\FisrtProject\bin\keyword;C:\Users\Admin\Katalon Studio\FisrtProject\Keywords;C:\Users\Admin\Katalon Studio\FisrtProject\bin\listener;C:\Users\Admin\Katalon Studio\FisrtProject\Test Listeners;C:\Users\Admin\Katalon Studio\FisrtProject\bin\lib;C:\Users\Admin\Katalon Studio\FisrtProject\Libs;C:\Users\Admin\Katalon Studio\FisrtProject\bin\groovy;C:\Users\Admin\Katalon Studio\FisrtProject\Include\scripts\groovy;C:\Users\Admin\.katalon\packages\KS-9.7.2\plugins\com.kms.katalon.core_1.0.0.202409190502.jar;C:\Users\Admin\.katalon\packages\KS-9.7.2\configuration\resources\lib\aalto-xml-1.0.0.jar;C:\Users\Admin\.katalon\packages\KS-9.7.2\configuration\resources\lib\aspectjweaver-1.9.1.jar;C:\Users\Admin\.katalon\packages\KS-9.7.2\configuration\resources\lib\aws-2.20.3-fat.jar;C:\Users\Admin\.katalon\packages\KS-9.7.2\configuration\resources\lib\bcpkix-jdk15on-1.64.jar;C:\Users\Admin\.katalon\packages\KS-9.7.2\configuration\resources\lib\bcprov-jdk15on-1.64.jar;C:\Users\Admin\.katalon\packages\KS-9.7.2\configuration\resources\lib\browsermob-core-2.1.5.jar;C:\Users\Admin\.katalon\packages\KS-9.7.2\configuration\resources\lib\byte-buddy-1.14.3.jar;C:\Users\Admin\.katalon\packages\KS-9.7.2\configuration\resources\lib\byte-buddy-agent-1.14.3.jar;C:\Users\Admin\.katalon\packages\KS-9.7.2\configuration\resources\lib\cglib-3.2.10.jar;C:\Users\Admin\.katalon\packages\KS-9.7.2\configuration\resources\lib\commons-codec-1.10.jar;C:\Users\Admin\.katalon\packages\KS-9.7.2\configuration\resources\lib\commons-collections4-4.1.jar;C:\Users\Admin\.katalon\packages\KS-9.7.2\configuration\resources\lib\commons-validator-1.6.jar;C:\Users\Admin\.katalon\packages\KS-9.7.2\configuration\resources\lib\curvesapi-1.04.jar;C:\Users\Admin\.katalon\packages\KS-9.7.2\configuration\resources\lib\dnsjava-2.1.8.jar;C:\Users\Admin\.katalon\packages\KS-9.7.2\configuration\resources\lib\groovy-3.0.17-fat.jar;C:\Users\Admin\.katalon\packages\KS-9.7.2\configuration\resources\lib\jackson-coreutils-2.0.jar;C:\Users\Admin\.katalon\packages\KS-9.7.2\configuration\resources\lib\jackson-coreutils-equivalence-1.0.jar;C:\Users\Admin\.katalon\packages\KS-9.7.2\configuration\resources\lib\java-client-7.0.0.jar;C:\Users\Admin\.katalon\packages\KS-9.7.2\configuration\resources\lib\javax.servlet-api_3.1.0.jar;C:\Users\Admin\.katalon\packages\KS-9.7.2\configuration\resources\lib\jna-5.12.1.jar;C:\Users\Admin\.katalon\packages\KS-9.7.2\configuration\resources\lib\jna-platform-5.12.1.jar;C:\Users\Admin\.katalon\packages\KS-9.7.2\configuration\resources\lib\json-schema-core-1.2.14.jar;C:\Users\Admin\.katalon\packages\KS-9.7.2\configuration\resources\lib\json-schema-validator-2.2.14.jar;C:\Users\Admin\.katalon\packages\KS-9.7.2\configuration\resources\lib\jzlib-1.1.3.jar;C:\Users\Admin\.katalon\packages\KS-9.7.2\configuration\resources\lib\kat-server.jar;C:\Users\Admin\.katalon\packages\KS-9.7.2\configuration\resources\lib\littleproxy-1.1.0-beta-bmp-17.jar;C:\Users\Admin\.katalon\packages\KS-9.7.2\configuration\resources\lib\log4j-1.2-api-2.17.1.jar;C:\Users\Admin\.katalon\packages\KS-9.7.2\configuration\resources\lib\log4j-api-2.17.1.jar;C:\Users\Admin\.katalon\packages\KS-9.7.2\configuration\resources\lib\log4j-core-2.17.1.jar;C:\Users\Admin\.katalon\packages\KS-9.7.2\configuration\resources\lib\mitm-2.1.5.jar;C:\Users\Admin\.katalon\packages\KS-9.7.2\configuration\resources\lib\mockito-core-5.2.0.jar;C:\Users\Admin\.katalon\packages\KS-9.7.2\configuration\resources\lib\mockito-inline-5.2.0.jar;C:\Users\Admin\.katalon\packages\KS-9.7.2\configuration\resources\lib\netty-all-4.1.109.Final.jar;C:\Users\Admin\.katalon\packages\KS-9.7.2\configuration\resources\lib\objenesis-3.3.jar;C:\Users\Admin\.katalon\packages\KS-9.7.2\configuration\resources\lib\poi-3.17.jar;C:\Users\Admin\.katalon\packages\KS-9.7.2\configuration\resources\lib\poi-ooxml-3.17.jar;C:\Users\Admin\.katalon\packages\KS-9.7.2\configuration\resources\lib\poi-ooxml-schemas-3.17.jar;C:\Users\Admin\.katalon\packages\KS-9.7.2\configuration\resources\lib\proxy-vole-1.0.4-SNAPSHOT-jar-with-dependencies.jar;C:\Users\Admin\.katalon\packages\KS-9.7.2\configuration\resources\lib\repackaged-sikuli-api-1.0.2-standalone.jar;C:\Users\Admin\.katalon\packages\KS-9.7.2\configuration\resources\lib\selenium-leg-rc-3.141.59.jar;C:\Users\Admin\.katalon\packages\KS-9.7.2\configuration\resources\lib\selenium-server-standalone-3.141.59.jar;C:\Users\Admin\.katalon\packages\KS-9.7.2\configuration\resources\lib\selenium-shutterbug-1.1.jar;C:\Users\Admin\.katalon\packages\KS-9.7.2\configuration\resources\lib\slf4j-api-1.7.25.jar;C:\Users\Admin\.katalon\packages\KS-9.7.2\configuration\resources\lib\soap-builder-1.0.0.jar;C:\Users\Admin\.katalon\packages\KS-9.7.2\configuration\resources\lib\soap-common-1.0.0.jar;C:\Users\Admin\.katalon\packages\KS-9.7.2\configuration\resources\lib\soap-legacy-1.0.0.jar;C:\Users\Admin\.katalon\packages\KS-9.7.2\configuration\resources\lib\spring-context-5.3.19.jar;C:\Users\Admin\.katalon\packages\KS-9.7.2\configuration\resources\lib\stax2-api-4.0.0.jar;C:\Users\Admin\.katalon\packages\KS-9.7.2\configuration\resources\lib\su.jar;C:\Users\Admin\.katalon\packages\KS-9.7.2\configuration\resources\lib\swagger-parser-1.0.67-fat.jar;C:\Users\Admin\.katalon\packages\KS-9.7.2\configuration\resources\lib\testng-7.8.0.jar;C:\Users\Admin\.katalon\packages\KS-9.7.2\configuration\resources\lib\uri-template-0.1.jar;C:\Users\Admin\.katalon\packages\KS-9.7.2\configuration\resources\lib\wadl.jar;C:\Users\Admin\.katalon\packages\KS-9.7.2\configuration\resources\lib\xmlbeans-3.1.0.jar;C:\Users\Admin\.katalon\packages\KS-9.7.2\plugins\net.sf.supercsv.super-csv_2.1.0.jar;C:\Users\Admin\.katalon\packages\KS-9.7.2\plugins\org.apache.commons.io_2.4.0.jar;C:\Users\Admin\.katalon\packages\KS-9.7.2\plugins\org.apache.commons.lang_2.6.0.jar;C:\Users\Admin\.katalon\packages\KS-9.7.2\plugins\com.google.gson_2.10.1.v20230109-0753.jar;C:\Users\Admin\.katalon\packages\KS-9.7.2\plugins\org.jsoup_1.14.3.jar;C:\Users\Admin\.katalon\packages\KS-9.7.2\plugins\org.apache.commons.dbutils_1.6.0.jar;C:\Users\Admin\.katalon\packages\KS-9.7.2\plugins\com.oracle.jdbc.ojdbc7_12.1.0.2.jar;C:\Users\Admin\.katalon\packages\KS-9.7.2\plugins\org.postgresql.jdbc_42.7.3.jar;c:\Users\Admin\.katalon\packages\KS-9.7.2\plugins\org.eclipse.osgi_3.18.300.v20230220-1352.jar;C:\Users\Admin\.katalon\packages\KS-9.7.2\plugins\com.kms.katalon.constant_1.0.0.202409190502.jar;C:\Users\Admin\.katalon\packages\KS-9.7.2\plugins\org.eclipse.persistence.eclipselink_2.7.11.jar;C:\Users\Admin\.katalon\packages\KS-9.7.2\plugins\com.kms.katalon.selenium-standalone_1.0.0.202409190502.jar;C:\Users\Admin\.katalon\packages\KS-9.7.2\plugins\atu.testrecorder.screen-recorder_2.1.0.jar;C:\Users\Admin\.katalon\packages\KS-9.7.2\plugins\com.google.guava_32.0.0.jre.jar;C:\Users\Admin\.katalon\packages\KS-9.7.2\plugins\com.kms.katalon.util_1.0.0.202409190502.jar;C:\Users\Admin\.katalon\packages\KS-9.7.2\plugins\org.apache.httpcomponents.httpclient_4.5.14.v20221207-1049.jar;C:\Users\Admin\.katalon\packages\KS-9.7.2\plugins\org.apache.httpcomponents.httpcore_4.4.16.v20221207-1049.jar;C:\Users\Admin\.katalon\packages\KS-9.7.2\plugins\org.apache.httpcomponents.httpmime_4.5.13.jar;C:\Users\Admin\.katalon\packages\KS-9.7.2\plugins\org.apache.commons.lang3_3.14.0.jar;C:\Users\Admin\.katalon\packages\KS-9.7.2\plugins\org.greenrobot.eventbus_3.1.1.jar;C:\Users\Admin\.katalon\packages\KS-9.7.2\plugins\net.bytebuddy.byte-buddy_1.14.15.jar;C:\Users\Admin\.katalon\packages\KS-9.7.2\plugins\org.junit_4.13.2.v20211018-1956.jar;C:\Users\Admin\.katalon\packages\KS-9.7.2\plugins\com.fasterxml.jackson.core.jackson-databind_2.17.1.jar;C:\Users\Admin\.katalon\packages\KS-9.7.2\plugins\com.fasterxml.jackson.core.jackson-core_2.17.1.jar;C:\Users\Admin\.katalon\packages\KS-9.7.2\plugins\com.fasterxml.jackson.core.jackson-annotations_2.17.1.jar;C:\Users\Admin\.katalon\packages\KS-9.7.2\plugins\ch.qos.logback.classic_1.2.13.jar;C:\Users\Admin\.katalon\packages\KS-9.7.2\plugins\ch.qos.logback.core_1.2.13.jar;C:\Users\Admin\.katalon\packages\KS-9.7.2\plugins\slf4j.api_1.7.36.jar;C:\Users\Admin\.katalon\packages\KS-9.7.2\plugins\org.fusesource.jansi_1.17.1.jar;C:\Users\Admin\.katalon\packages\KS-9.7.2\plugins\com.kms.katalon.netlightbody_1.0.0.202409190502.jar;C:\Users\Admin\.katalon\packages\KS-9.7.2\plugins\com.kms.katalon.poi_1.0.0.202409190502.jar;C:\Users\Admin\.katalon\packages\KS-9.7.2\plugins\org.apache.commons.commons-text_1.10.0.jar;C:\Users\Admin\.katalon\packages\KS-9.7.2\plugins\com.kms.katalon.proxyvole_1.0.0.202409190502.jar;C:\Users\Admin\.katalon\packages\KS-9.7.2\plugins\com.microsoft.sqlserver.mssql-jdbc_6.2.2.jre8.jar;C:\Users\Admin\.katalon\packages\KS-9.7.2\plugins\com.github.kklisura.cdt.java-client_2.1.0.jar;C:\Users\Admin\.katalon\packages\KS-9.7.2\plugins\javax.websocket-api_1.1.0.jar;C:\Users\Admin\.katalon\packages\KS-9.7.2\plugins\org.glassfish.tyrus.container-grizzly-client_1.13.1.jar;C:\Users\Admin\.katalon\packages\KS-9.7.2\plugins\org.glassfish.grizzly.http-server_2.3.25.jar;C:\Users\Admin\.katalon\packages\KS-9.7.2\plugins\org.glassfish.grizzly.framework_2.3.25.jar;C:\Users\Admin\.katalon\packages\KS-9.7.2\plugins\org.glassfish.grizzly.http_2.3.25.jar;C:\Users\Admin\.katalon\packages\KS-9.7.2\plugins\org.glassfish.tyrus.client_1.13.1.jar;C:\Users\Admin\.katalon\packages\KS-9.7.2\plugins\org.glassfish.tyrus.core_1.13.1.jar;C:\Users\Admin\.katalon\packages\KS-9.7.2\plugins\org.glassfish.tyrus.spi_1.13.1.jar;C:\Users\Admin\.katalon\packages\KS-9.7.2\plugins\javassist_3.28.0.GA.jar;C:\Users\Admin\.katalon\packages\KS-9.7.2\plugins\graphql-java_17.5.0.jar;C:\Users\Admin\.katalon\packages\KS-9.7.2\plugins\org.glassfish.jaxb.runtime_2.3.6.jar;C:\Users\Admin\.katalon\packages\KS-9.7.2\plugins\org.glassfish.jaxb.txw2_2.3.6.jar;C:\Users\Admin\.katalon\packages\KS-9.7.2\plugins\org.dom4j_2.1.4.jar;C:\Users\Admin\.katalon\packages\KS-9.7.2\plugins\com.kms.katalon.groovy-extended_1.0.0.202409190502.jar;C:\Users\Admin\.katalon\packages\KS-9.7.2\plugins\com.sun.activation.javax.activation_1.2.0.jar;C:\Users\Admin\.katalon\packages\KS-9.7.2\plugins\jakarta.xml.bind-api_2.3.3.jar;C:\Users\Admin\.katalon\packages\KS-9.7.2\plugins\com.sun.xml.bind.jaxb-impl_2.3.6.jar;C:\Users\Admin\.katalon\packages\KS-9.7.2\plugins\org.eclipse.jface_3.29.0.v20230214-1401.jar;C:\Users\Admin\.katalon\packages\KS-9.7.2\plugins\com.kms.katalon.logging_1.0.0.202409190502.jar;C:\Users\Admin\.katalon\packages\KS-9.7.2\plugins\json_20240303.0.0.jar;C:\Users\Admin\.katalon\packages\KS-9.7.2\plugins\assertj-core_3.25.3.jar;C:\Users\Admin\.katalon\packages\KS-9.7.2\plugins\com.networknt.json-schema-validator_1.0.66.jar;C:\Users\Admin\.katalon\packages\KS-9.7.2\plugins\com.kms.katalon.network.apache_1.0.0.202409190502.jar;C:\Users\Admin\.katalon\packages\KS-9.7.2\plugins\org.apache.commons.logging_1.2.0.v20180409-1502.jar;C:\Users\Admin\.katalon\packages\KS-9.7.2\plugins\org.hamcrest.core_1.3.0.v20180420-1519.jar;C:\Users\Admin\.katalon\packages\KS-9.7.2\plugins\org.beanshell.bsh_2.0.0.0b4.jar;C:\Users\Admin\.katalon\packages\KS-9.7.2\plugins\org.apache.ant.launcher_1.9.6.jar;C:\Users\Admin\.katalon\packages\KS-9.7.2\plugins\com.kms.katalon.core.appium_1.0.0.202409190502.jar;C:\Users\Admin\.katalon\packages\KS-9.7.2\plugins\com.kms.katalon.api_1.0.0.202409190502.jar;C:\Users\Admin\.katalon\packages\KS-9.7.2\plugins\org.eclipse.equinox.common_3.17.100.v20230202-1341.jar;C:\Users\Admin\.katalon\packages\KS-9.7.2\plugins\com.kms.katalon.platform.core_1.0.0.202409190502.jar;C:\Users\Admin\.katalon\packages\KS-9.7.2\plugins\com.kms.katalon.common_1.0.0.202409190502.jar;C:\Users\Admin\.katalon\packages\KS-9.7.2\plugins\com.kms.katalon.session.core_1.0.0.202409190502.jar;C:\Users\Admin\.katalon\packages\KS-9.7.2\plugins\org.eclipse.e4.core.contexts_1.11.0.v20220716-0839.jar;C:\Users\Admin\.katalon\packages\KS-9.7.2\plugins\javax.inject_1.0.0.v20220405-0441.jar;C:\Users\Admin\.katalon\packages\KS-9.7.2\plugins\org.eclipse.e4.core.di_1.8.300.v20220817-1539.jar;C:\Users\Admin\.katalon\packages\KS-9.7.2\plugins\com.kms.katalon.network.core_1.0.0.202409190502.jar;C:\Users\Admin\.katalon\packages\KS-9.7.2\plugins\com.kms.katalon.execution.core_1.0.0.202409190502.jar;C:\Users\Admin\.katalon\packages\KS-9.7.2\plugins\org.eclipse.equinox.registry_3.11.200.v20220817-1601.jar;C:\Users\Admin\.katalon\packages\KS-9.7.2\plugins\dev.failsafe_3.3.2.jar;C:\Users\Admin\.katalon\packages\KS-9.7.2\plugins\com.fasterxml.jackson.datatype.jackson-datatype-jsr310_2.17.1.jar;C:\Users\Admin\.katalon\packages\KS-9.7.2\plugins\org.eclipse.e4.core.di.annotations_1.7.200.v20220613-1008.jar;C:\Users\Admin\.katalon\packages\KS-9.7.2\plugins\com.kms.katalon.core.webui_1.0.0.202409190502.jar;C:\Users\Admin\.katalon\packages\KS-9.7.2\plugins\org.eclipse.e4.core.services_2.3.400.v20220915-1347.jar;C:\Users\Admin\.katalon\packages\KS-9.7.2\plugins\com.kms.katalon.core.mobile_1.0.0.202409190502.jar;C:\Users\Admin\.katalon\packages\KS-9.7.2\plugins\org.apache.commons.commons-validator_1.7.0.jar;C:\Users\Admin\.katalon\packages\KS-9.7.2\plugins\com.kms.katalon.core.cucumber_1.0.0.202409190502.jar;C:\Users\Admin\.katalon\packages\KS-9.7.2\plugins\io.cucumber.core_3.0.3.jar;C:\Users\Admin\.katalon\packages\KS-9.7.2\plugins\io.cucumber.datatable_1.1.15.jar;C:\Users\Admin\.katalon\packages\KS-9.7.2\plugins\io.cucumber.datatable-dependencies_1.1.15.jar;C:\Users\Admin\.katalon\packages\KS-9.7.2\plugins\io.cucumber.expressions_5.0.19.jar;C:\Users\Admin\.katalon\packages\KS-9.7.2\plugins\io.cucumber.gherkin_5.0.0.jar;C:\Users\Admin\.katalon\packages\KS-9.7.2\plugins\io.cucumber.html_0.2.7.jar;C:\Users\Admin\.katalon\packages\KS-9.7.2\plugins\io.cucumber.java_3.0.3.jar;C:\Users\Admin\.katalon\packages\KS-9.7.2\plugins\io.cucumber.tag-expressions_1.1.1.jar;C:\Users\Admin\.katalon\packages\KS-9.7.2\plugins\io.cucumber.junit_3.0.3.jar;C:\Users\Admin\.katalon\packages\KS-9.7.2\plugins\com.kms.katalon.core.webservice_1.0.0.202409190502.jar;C:\Users\Admin\.katalon\packages\KS-9.7.2\plugins\wsdl4j_1.6.2.jar;C:\Users\Admin\.katalon\packages\KS-9.7.2\plugins\com.google.oauth-client.google-oauth-client_1.22.0.jar;C:\Users\Admin\.katalon\packages\KS-9.7.2\plugins\com.google.http-client.google-http-client_1.22.0.jar;C:\Users\Admin\.katalon\packages\KS-9.7.2\plugins\ca.juliusdavies.not-yet-commons-ssl_0.3.11.jar;C:\Users\Admin\.katalon\packages\KS-9.7.2\plugins\com.kms.katalon.preferences_1.0.0.202409190502.jar;C:\Users\Admin\.katalon\packages\KS-9.7.2\plugins\org.apache.xmlbeans_3.1.0.jar;C:\Users\Admin\.katalon\packages\KS-9.7.2\plugins\com.kms.katalon.entity_1.0.0.202409190502.jar;C:\Users\Admin\.katalon\packages\KS-9.7.2\plugins\org.antlr.antlr4-runtime_4.9.2.jar;C:\Users\Admin\.katalon\packages\KS-9.7.2\plugins\jakarta.xml.ws-api_2.3.3.jar;C:\Users\Admin\.katalon\packages\KS-9.7.2\plugins\javax.xml.soap-api_1.4.0.jar;C:\Users\Admin\.katalon\packages\KS-9.7.2\plugins\com.atlassian.oai.swagger-request-validator-core_2.38.0.jar;C:\Users\Admin\.katalon\packages\KS-9.7.2\plugins\io.swagger.compat-spec-parser_1.0.67.jar;C:\Users\Admin\.katalon\packages\KS-9.7.2\plugins\io.swagger.core.v3.swagger-annotations_2.2.14.jar;C:\Users\Admin\.katalon\packages\KS-9.7.2\plugins\io.swagger.core.v3.swagger-core_2.2.14.jar;C:\Users\Admin\.katalon\packages\KS-9.7.2\plugins\io.swagger.core.v3.swagger-models_2.2.14.jar;C:\Users\Admin\.katalon\packages\KS-9.7.2\plugins\io.swagger.parser.v3.swagger-parser-core_2.1.16.jar;C:\Users\Admin\.katalon\packages\KS-9.7.2\plugins\io.swagger.parser.v3.swagger-parser-v2-converter_2.1.16.jar;C:\Users\Admin\.katalon\packages\KS-9.7.2\plugins\com.github.java-json-tools.btf_1.3.0.jar;C:\Users\Admin\.katalon\packages\KS-9.7.2\plugins\com.fasterxml.jackson.dataformat.jackson-dataformat-yaml_2.17.1.jar;C:\Users\Admin\.katalon\packages\KS-9.7.2\plugins\org.yaml.snakeyaml_2.2.0.jar;C:\Users\Admin\.katalon\packages\KS-9.7.2\plugins\com.github.java-json-tools.msg-simple_1.2.0.jar;C:\Users\Admin\.katalon\packages\KS-9.7.2\plugins\jackson-core-asl_1.9.13.jar;C:\Users\Admin\.katalon\packages\KS-9.7.2\plugins\joda-time_2.10.5.jar;C:\Users\Admin\.katalon\packages\KS-9.7.2\plugins\javax.mail-api_1.6.2.jar;C:\Users\Admin\.katalon\packages\KS-9.7.2\plugins\com.googlecode.libphonenumber_8.11.1.jar;C:\Users\Admin\.katalon\packages\KS-9.7.2\plugins\com.google.guava.failureaccess_1.0.1.jar;C:\Users\Admin\.katalon\packages\KS-9.7.2\plugins\io.swagger.parser.v3.swagger-parser_2.1.16.jar;C:\Users\Admin\.katalon\packages\KS-9.7.2\plugins\io.swagger.parser.v3.swagger-parser-v3_2.1.16.jar;C:\Users\Admin\.katalon\packages\KS-9.7.2\plugins\io.swagger.parser_1.0.67.jar;C:\Users\Admin\.katalon\packages\KS-9.7.2\plugins\com.kms.katalon.core.windows_1.0.0.202409190502.jar;C:\Users\Admin\.katalon\packages\KS-9.7.2\plugins\com.kms.katalon.core.testng_1.0.0.202409190502.jar;C:\Users\Admin\.katalon\packages\KS-9.7.2\configuration\org.eclipse.osgi\33\0\.cp\resources\basic-report\katalon-studio-report-plugin.jar;C:\Users\Admin\.katalon\packages\KS-9.7.2\plugins\org.codehaus.groovy_3.0.17.v202303311542-e2303\lib\groovy-3.0.17-indy.jar;C:\Users\Admin\.katalon\packages\KS-9.7.2\plugins\org.codehaus.groovy_3.0.17.v202303311542-e2303\lib\ivy-2.5.1.jar --main groovy.ui.GroovyMain --encoding UTF-8 --indy C:\Users\Admin\Katalon Studio\FisrtProject\Libs\TempTestCase1734430510457.groovy

Host: Intel(R) Core(TM) i7-7500U CPU @ 2.70GHz, 4 cores, 7G,  Windows 10 , 64 bit Build 17763 (10.0.17763.6292)
Time: Tue Dec 17 17:15:30 2024 SE Asia Standard Time elapsed time: 18.991931 seconds (0d 0h 0m 18s)

---------------  T H R E A D  ---------------

Current thread (0x000001fc7eb0e980):  JavaThread "C2 CompilerThread0" daemon [_thread_in_native, id=10336, stack(0x00000015caf00000,0x00000015cb000000)]


Current CompileTask:
C2:  18992 4751       4       jdk.internal.org.objectweb.asm.SymbolTable::addConstantMemberReference (147 bytes)

Stack: [0x00000015caf00000,0x00000015cb000000]
Native frames: (J=compiled Java code, j=interpreted, Vv=VM code, C=native code)
V  [jvm.dll+0x67754a]
V  [jvm.dll+0x834304]
V  [jvm.dll+0x835aae]
V  [jvm.dll+0x836113]
V  [jvm.dll+0x24696f]
V  [jvm.dll+0xac2cc]
V  [jvm.dll+0xac67c]
V  [jvm.dll+0x344387]
V  [jvm.dll+0x687356]
V  [jvm.dll+0x684eb3]
V  [jvm.dll+0x1a7fdc]
V  [jvm.dll+0x2ace54]
V  [jvm.dll+0x68f857]
V  [jvm.dll+0x68794b]
V  [jvm.dll+0x686f87]
V  [jvm.dll+0x684e82]
V  [jvm.dll+0x1a7fdc]
V  [jvm.dll+0x2ace54]
V  [jvm.dll+0x68f857]
V  [jvm.dll+0x68794b]
V  [jvm.dll+0x686f87]
V  [jvm.dll+0x684e82]
V  [jvm.dll+0x1a7fdc]
V  [jvm.dll+0x1a8ba6]
V  [jvm.dll+0x2ace54]
V  [jvm.dll+0x68f857]
V  [jvm.dll+0x68794b]
V  [jvm.dll+0x686f87]
V  [jvm.dll+0x684e82]
V  [jvm.dll+0x1a7fdc]
V  [jvm.dll+0x218628]
V  [jvm.dll+0x1a4d8d]
V  [jvm.dll+0x2284da]
V  [jvm.dll+0x226615]
V  [jvm.dll+0x7ea90b]
V  [jvm.dll+0x7e4e7a]
V  [jvm.dll+0x676395]
C  [ucrtbase.dll+0x2268a]
C  [KERNEL32.DLL+0x17ac4]
C  [ntdll.dll+0x5a8c1]


---------------  P R O C E S S  ---------------

Threads class SMR info:
_java_thread_list=0x000001fc19d977d0, length=13, elements={
0x000001fc7a363080, 0x000001fc7eb43620, 0x000001fc7eb44cc0, 0x000001fc7eb088c0,
0x000001fc7eb09640, 0x000001fc7eb0d420, 0x000001fc7eb0dce0, 0x000001fc7eb0e980,
0x000001fc7ebd60d0, 0x000001fc7ebdaa20, 0x000001fc7ecf1010, 0x000001fc19270ae0,
0x000001fc7eeef1b0
}

Java Threads: ( => current thread )
  0x000001fc7a363080 JavaThread "main" [_thread_in_native, id=8904, stack(0x00000015ca200000,0x00000015ca300000)]
  0x000001fc7eb43620 JavaThread "Reference Handler" daemon [_thread_blocked, id=13876, stack(0x00000015ca900000,0x00000015caa00000)]
  0x000001fc7eb44cc0 JavaThread "Finalizer" daemon [_thread_blocked, id=16420, stack(0x00000015caa00000,0x00000015cab00000)]
  0x000001fc7eb088c0 JavaThread "Signal Dispatcher" daemon [_thread_blocked, id=18420, stack(0x00000015cab00000,0x00000015cac00000)]
  0x000001fc7eb09640 JavaThread "Attach Listener" daemon [_thread_blocked, id=11560, stack(0x00000015cac00000,0x00000015cad00000)]
  0x000001fc7eb0d420 JavaThread "Service Thread" daemon [_thread_blocked, id=17192, stack(0x00000015cad00000,0x00000015cae00000)]
  0x000001fc7eb0dce0 JavaThread "Monitor Deflation Thread" daemon [_thread_blocked, id=16216, stack(0x00000015cae00000,0x00000015caf00000)]
=>0x000001fc7eb0e980 JavaThread "C2 CompilerThread0" daemon [_thread_in_native, id=10336, stack(0x00000015caf00000,0x00000015cb000000)]
  0x000001fc7ebd60d0 JavaThread "C1 CompilerThread0" daemon [_thread_in_vm, id=15208, stack(0x00000015cb000000,0x00000015cb100000)]
  0x000001fc7ebdaa20 JavaThread "Sweeper thread" daemon [_thread_blocked, id=16676, stack(0x00000015cb100000,0x00000015cb200000)]
  0x000001fc7ecf1010 JavaThread "Common-Cleaner" daemon [_thread_blocked, id=17456, stack(0x00000015cb200000,0x00000015cb300000)]
  0x000001fc19270ae0 JavaThread "Notification Thread" daemon [_thread_blocked, id=7780, stack(0x00000015cb600000,0x00000015cb700000)]
  0x000001fc7eeef1b0 JavaThread "C2 CompilerThread1" daemon [_thread_in_native, id=14616, stack(0x00000015cb300000,0x00000015cb400000)]

Other Threads:
  0x000001fc7eb30880 VMThread "VM Thread" [stack: 0x00000015ca800000,0x00000015ca900000] [id=4228]
  0x000001fc19270fb0 WatcherThread [stack: 0x00000015cb700000,0x00000015cb800000] [id=16440]
  0x000001fc7a3bce00 GCTaskThread "GC Thread#0" [stack: 0x00000015ca300000,0x00000015ca400000] [id=4416]
  0x000001fc7f1b1430 GCTaskThread "GC Thread#1" [stack: 0x00000015cb400000,0x00000015cb500000] [id=18308]
  0x000001fc7edfd020 GCTaskThread "GC Thread#2" [stack: 0x00000015cb500000,0x00000015cb600000] [id=6800]
  0x000001fc19527320 GCTaskThread "GC Thread#3" [stack: 0x00000015cb800000,0x00000015cb900000] [id=16596]
  0x000001fc7a3cf820 ConcurrentGCThread "G1 Main Marker" [stack: 0x00000015ca400000,0x00000015ca500000] [id=16816]
  0x000001fc7a3d0140 ConcurrentGCThread "G1 Conc#0" [stack: 0x00000015ca500000,0x00000015ca600000] [id=13552]
  0x000001fc7a3edd00 ConcurrentGCThread "G1 Refine#0" [stack: 0x00000015ca600000,0x00000015ca700000] [id=9932]
  0x000001fc7a3ee630 ConcurrentGCThread "G1 Service" [stack: 0x00000015ca700000,0x00000015ca800000] [id=15876]

Threads with active compile tasks:
C2 CompilerThread0    19067 4751       4       jdk.internal.org.objectweb.asm.SymbolTable::addConstantMemberReference (147 bytes)
C1 CompilerThread0    19067 4769       3       org.codehaus.groovy.runtime.StackTraceUtils::isApplicationClass (84 bytes)
C2 CompilerThread1    19067 4762       4       org.apache.commons.lang3.text.translate.LookupTranslator::translate (118 bytes)

VM state: not at safepoint (normal execution)

VM Mutex/Monitor currently owned by a thread: None

Heap address: 0x0000000080000000, size: 2048 MB, Compressed Oops mode: 32-bit

CDS archive(s) not mapped
Compressed class space mapped at: 0x0000000100000000-0x0000000140000000, reserved size: 1073741824
Narrow klass base: 0x0000000000000000, Narrow klass shift: 3, Narrow klass range: 0x140000000

GC Precious Log:
 CPUs: 4 total, 4 available
 Memory: 8090M
 Large Page Support: Disabled
 NUMA Support: Disabled
 Compressed Oops: Enabled (32-bit)
 Heap Region Size: 1M
 Heap Min Capacity: 8M
 Heap Initial Capacity: 128M
 Heap Max Capacity: 2G
 Pre-touch: Disabled
 Parallel Workers: 4
 Concurrent Workers: 1
 Concurrent Refinement Workers: 4
 Periodic GC: Disabled

Heap:
 garbage-first heap   total 81920K, used 34428K [0x0000000080000000, 0x0000000100000000)
  region size 1024K, 4 young (4096K), 2 survivors (2048K)
 Metaspace       used 35705K, committed 36224K, reserved 1114112K
  class space    used 3805K, committed 4032K, reserved 1048576K

Heap Regions: E=young(eden), S=young(survivor), O=old, HS=humongous(starts), HC=humongous(continues), CS=collection set, F=free, OA=open archive, CA=closed archive, TAMS=top-at-mark-start (previous, next)
|   0|0x0000000080000000, 0x0000000080100000, 0x0000000080100000|100%|HS|  |TAMS 0x0000000080100000, 0x0000000080000000| Complete 
|   1|0x0000000080100000, 0x0000000080200000, 0x0000000080200000|100%|HS|  |TAMS 0x0000000080200000, 0x0000000080100000| Complete 
|   2|0x0000000080200000, 0x0000000080300000, 0x0000000080300000|100%| O|  |TAMS 0x0000000080300000, 0x0000000080200000| Untracked 
|   3|0x0000000080300000, 0x0000000080400000, 0x0000000080400000|100%| O|  |TAMS 0x0000000080400000, 0x0000000080300000| Updating 
|   4|0x0000000080400000, 0x0000000080500000, 0x0000000080500000|100%| O|  |TAMS 0x0000000080500000, 0x0000000080400000| Untracked 
|   5|0x0000000080500000, 0x0000000080600000, 0x0000000080600000|100%| O|  |TAMS 0x0000000080600000, 0x0000000080500000| Updating 
|   6|0x0000000080600000, 0x0000000080700000, 0x0000000080700000|100%| O|  |TAMS 0x0000000080700000, 0x0000000080600000| Untracked 
|   7|0x0000000080700000, 0x0000000080800000, 0x0000000080800000|100%| O|  |TAMS 0x0000000080800000, 0x0000000080700000| Untracked 
|   8|0x0000000080800000, 0x0000000080900000, 0x0000000080900000|100%| O|  |TAMS 0x0000000080900000, 0x0000000080800000| Untracked 
|   9|0x0000000080900000, 0x0000000080a00000, 0x0000000080a00000|100%|HS|  |TAMS 0x0000000080a00000, 0x0000000080900000| Complete 
|  10|0x0000000080a00000, 0x0000000080b00000, 0x0000000080b00000|100%| O|  |TAMS 0x0000000080b00000, 0x0000000080a00000| Updating 
|  11|0x0000000080b00000, 0x0000000080c00000, 0x0000000080c00000|100%| O|  |TAMS 0x0000000080c00000, 0x0000000080b00000| Untracked 
|  12|0x0000000080c00000, 0x0000000080d00000, 0x0000000080d00000|100%| O|  |TAMS 0x0000000080d00000, 0x0000000080c00000| Updating 
|  13|0x0000000080d00000, 0x0000000080e00000, 0x0000000080e00000|100%| O|  |TAMS 0x0000000080e00000, 0x0000000080d00000| Untracked 
|  14|0x0000000080e00000, 0x0000000080f00000, 0x0000000080f00000|100%| O|  |TAMS 0x0000000080f00000, 0x0000000080e00000| Untracked 
|  15|0x0000000080f00000, 0x0000000081000000, 0x0000000081000000|100%| O|  |TAMS 0x0000000081000000, 0x0000000080f00000| Untracked 
|  16|0x0000000081000000, 0x0000000081100000, 0x0000000081100000|100%| O|  |TAMS 0x0000000081100000, 0x0000000081000000| Untracked 
|  17|0x0000000081100000, 0x0000000081200000, 0x0000000081200000|100%| O|  |TAMS 0x0000000081200000, 0x0000000081100000| Untracked 
|  18|0x0000000081200000, 0x0000000081300000, 0x0000000081300000|100%| O|  |TAMS 0x0000000081300000, 0x0000000081200000| Untracked 
|  19|0x0000000081300000, 0x0000000081400000, 0x0000000081400000|100%| O|  |TAMS 0x0000000081400000, 0x0000000081300000| Untracked 
|  20|0x0000000081400000, 0x00000000814b4000, 0x0000000081500000| 70%| O|  |TAMS 0x00000000814b4000, 0x0000000081400000| Updating 
|  21|0x0000000081500000, 0x0000000081600000, 0x0000000081600000|100%| O|  |TAMS 0x0000000081566600, 0x0000000081500000| Untracked 
|  22|0x0000000081600000, 0x0000000081700000, 0x0000000081700000|100%| O|  |TAMS 0x0000000081600000, 0x0000000081600000| Untracked 
|  23|0x0000000081700000, 0x0000000081800000, 0x0000000081800000|100%| O|  |TAMS 0x0000000081700000, 0x0000000081700000| Untracked 
|  24|0x0000000081800000, 0x0000000081900000, 0x0000000081900000|100%| O|  |TAMS 0x0000000081900000, 0x0000000081800000| Untracked 
|  25|0x0000000081900000, 0x0000000081a00000, 0x0000000081a00000|100%| O|  |TAMS 0x0000000081a00000, 0x0000000081900000| Untracked 
|  26|0x0000000081a00000, 0x0000000081b00000, 0x0000000081b00000|100%| O|  |TAMS 0x0000000081b00000, 0x0000000081a00000| Untracked 
|  27|0x0000000081b00000, 0x0000000081c00000, 0x0000000081c00000|100%| O|  |TAMS 0x0000000081b00000, 0x0000000081b00000| Untracked 
|  28|0x0000000081c00000, 0x0000000081d00000, 0x0000000081d00000|100%| O|  |TAMS 0x0000000081c00000, 0x0000000081c00000| Untracked 
|  29|0x0000000081d00000, 0x0000000081d14c00, 0x0000000081e00000|  8%| O|  |TAMS 0x0000000081d00000, 0x0000000081d00000| Updating 
|  30|0x0000000081e00000, 0x0000000081e00000, 0x0000000081f00000|  0%| F|  |TAMS 0x0000000081e00000, 0x0000000081e00000| Untracked 
|  31|0x0000000081f00000, 0x0000000081f00000, 0x0000000082000000|  0%| F|  |TAMS 0x0000000081f00000, 0x0000000081f00000| Untracked 
|  32|0x0000000082000000, 0x0000000082100000, 0x0000000082100000|100%| O|  |TAMS 0x0000000082100000, 0x0000000082000000| Untracked 
|  33|0x0000000082100000, 0x0000000082200000, 0x0000000082200000|100%| O|  |TAMS 0x0000000082200000, 0x0000000082100000| Updating 
|  34|0x0000000082200000, 0x0000000082200000, 0x0000000082300000|  0%| F|  |TAMS 0x0000000082200000, 0x0000000082200000| Untracked 
|  35|0x0000000082300000, 0x0000000082300000, 0x0000000082400000|  0%| F|  |TAMS 0x0000000082300000, 0x0000000082300000| Untracked 
|  36|0x0000000082400000, 0x0000000082400000, 0x0000000082500000|  0%| F|  |TAMS 0x0000000082400000, 0x0000000082400000| Untracked 
|  37|0x0000000082500000, 0x0000000082500000, 0x0000000082600000|  0%| F|  |TAMS 0x0000000082500000, 0x0000000082500000| Untracked 
|  38|0x0000000082600000, 0x0000000082600000, 0x0000000082700000|  0%| F|  |TAMS 0x0000000082600000, 0x0000000082600000| Untracked 
|  39|0x0000000082700000, 0x0000000082700000, 0x0000000082800000|  0%| F|  |TAMS 0x0000000082700000, 0x0000000082700000| Untracked 
|  40|0x0000000082800000, 0x0000000082800000, 0x0000000082900000|  0%| F|  |TAMS 0x0000000082800000, 0x0000000082800000| Untracked 
|  41|0x0000000082900000, 0x0000000082900000, 0x0000000082a00000|  0%| F|  |TAMS 0x0000000082900000, 0x0000000082900000| Untracked 
|  42|0x0000000082a00000, 0x0000000082a00000, 0x0000000082b00000|  0%| F|  |TAMS 0x0000000082a00000, 0x0000000082a00000| Untracked 
|  43|0x0000000082b00000, 0x0000000082b00000, 0x0000000082c00000|  0%| F|  |TAMS 0x0000000082b00000, 0x0000000082b00000| Untracked 
|  44|0x0000000082c00000, 0x0000000082c00000, 0x0000000082d00000|  0%| F|  |TAMS 0x0000000082c00000, 0x0000000082c00000| Untracked 
|  45|0x0000000082d00000, 0x0000000082d00000, 0x0000000082e00000|  0%| F|  |TAMS 0x0000000082d00000, 0x0000000082d00000| Untracked 
|  46|0x0000000082e00000, 0x0000000082e00000, 0x0000000082f00000|  0%| F|  |TAMS 0x0000000082e00000, 0x0000000082e00000| Untracked 
|  47|0x0000000082f00000, 0x0000000082f00000, 0x0000000083000000|  0%| F|  |TAMS 0x0000000082f00000, 0x0000000082f00000| Untracked 
|  48|0x0000000083000000, 0x0000000083000000, 0x0000000083100000|  0%| F|  |TAMS 0x0000000083000000, 0x0000000083000000| Untracked 
|  49|0x0000000083100000, 0x0000000083100000, 0x0000000083200000|  0%| F|  |TAMS 0x0000000083100000, 0x0000000083100000| Untracked 
|  50|0x0000000083200000, 0x0000000083200000, 0x0000000083300000|  0%| F|  |TAMS 0x0000000083200000, 0x0000000083200000| Untracked 
|  51|0x0000000083300000, 0x0000000083300000, 0x0000000083400000|  0%| F|  |TAMS 0x0000000083300000, 0x0000000083300000| Untracked 
|  52|0x0000000083400000, 0x0000000083400000, 0x0000000083500000|  0%| F|  |TAMS 0x0000000083400000, 0x0000000083400000| Untracked 
|  53|0x0000000083500000, 0x0000000083500000, 0x0000000083600000|  0%| F|  |TAMS 0x0000000083500000, 0x0000000083500000| Untracked 
|  54|0x0000000083600000, 0x0000000083600000, 0x0000000083700000|  0%| F|  |TAMS 0x0000000083600000, 0x0000000083600000| Untracked 
|  55|0x0000000083700000, 0x0000000083700000, 0x0000000083800000|  0%| F|  |TAMS 0x0000000083700000, 0x0000000083700000| Untracked 
|  56|0x0000000083800000, 0x0000000083800000, 0x0000000083900000|  0%| F|  |TAMS 0x0000000083800000, 0x0000000083800000| Untracked 
|  57|0x0000000083900000, 0x00000000839d6540, 0x0000000083a00000| 83%| S|CS|TAMS 0x0000000083900000, 0x0000000083900000| Complete 
|  58|0x0000000083a00000, 0x0000000083b00000, 0x0000000083b00000|100%| S|CS|TAMS 0x0000000083a00000, 0x0000000083a00000| Complete 
|  59|0x0000000083b00000, 0x0000000083b00000, 0x0000000083c00000|  0%| F|  |TAMS 0x0000000083b00000, 0x0000000083b00000| Untracked 
|  60|0x0000000083c00000, 0x0000000083c00000, 0x0000000083d00000|  0%| F|  |TAMS 0x0000000083c00000, 0x0000000083c00000| Untracked 
|  61|0x0000000083d00000, 0x0000000083d00000, 0x0000000083e00000|  0%| F|  |TAMS 0x0000000083d00000, 0x0000000083d00000| Untracked 
|  62|0x0000000083e00000, 0x0000000083e00000, 0x0000000083f00000|  0%| F|  |TAMS 0x0000000083e00000, 0x0000000083e00000| Untracked 
|  63|0x0000000083f00000, 0x0000000083f00000, 0x0000000084000000|  0%| F|  |TAMS 0x0000000083f00000, 0x0000000083f00000| Untracked 
|  64|0x0000000084000000, 0x0000000084000000, 0x0000000084100000|  0%| F|  |TAMS 0x0000000084000000, 0x0000000084000000| Untracked 
|  65|0x0000000084100000, 0x0000000084100000, 0x0000000084200000|  0%| F|  |TAMS 0x0000000084100000, 0x0000000084100000| Untracked 
|  66|0x0000000084200000, 0x0000000084200000, 0x0000000084300000|  0%| F|  |TAMS 0x0000000084200000, 0x0000000084200000| Untracked 
|  67|0x0000000084300000, 0x0000000084300000, 0x0000000084400000|  0%| F|  |TAMS 0x0000000084300000, 0x0000000084300000| Untracked 
|  68|0x0000000084400000, 0x0000000084400000, 0x0000000084500000|  0%| F|  |TAMS 0x0000000084400000, 0x0000000084400000| Untracked 
|  69|0x0000000084500000, 0x0000000084500000, 0x0000000084600000|  0%| F|  |TAMS 0x0000000084500000, 0x0000000084500000| Untracked 
|  70|0x0000000084600000, 0x0000000084600000, 0x0000000084700000|  0%| F|  |TAMS 0x0000000084600000, 0x0000000084600000| Untracked 
|  71|0x0000000084700000, 0x0000000084700000, 0x0000000084800000|  0%| F|  |TAMS 0x0000000084700000, 0x0000000084700000| Untracked 
|  72|0x0000000084800000, 0x0000000084800000, 0x0000000084900000|  0%| F|  |TAMS 0x0000000084800000, 0x0000000084800000| Untracked 
|  73|0x0000000084900000, 0x0000000084900000, 0x0000000084a00000|  0%| F|  |TAMS 0x0000000084900000, 0x0000000084900000| Untracked 
|  74|0x0000000084a00000, 0x0000000084a00000, 0x0000000084b00000|  0%| F|  |TAMS 0x0000000084a00000, 0x0000000084a00000| Untracked 
|  75|0x0000000084b00000, 0x0000000084b00000, 0x0000000084c00000|  0%| F|  |TAMS 0x0000000084b00000, 0x0000000084b00000| Untracked 
|  76|0x0000000084c00000, 0x0000000084c00000, 0x0000000084d00000|  0%| F|  |TAMS 0x0000000084c00000, 0x0000000084c00000| Untracked 
|  80|0x0000000085000000, 0x0000000085000000, 0x0000000085100000|  0%| F|  |TAMS 0x0000000085000000, 0x0000000085000000| Untracked 
|  81|0x0000000085100000, 0x0000000085200000, 0x0000000085200000|100%| E|  |TAMS 0x0000000085100000, 0x0000000085100000| Complete 
| 127|0x0000000087f00000, 0x0000000088000000, 0x0000000088000000|100%| E|CS|TAMS 0x0000000087f00000, 0x0000000087f00000| Complete 

Card table byte_map: [0x000001fc7dde0000,0x000001fc7e1e0000] _byte_map_base: 0x000001fc7d9e0000

Marking Bits (Prev, Next): (CMBitMap*) 0x000001fc7a3be330, (CMBitMap*) 0x000001fc7a3be370
 Prev Bits: [0x000001fc0f000000, 0x000001fc11000000)
 Next Bits: [0x000001fc11000000, 0x000001fc13000000)

Polling page: 0x000001fc780e0000

Metaspace:

Usage:
  Non-class:     31.15 MB used.
      Class:      3.72 MB used.
       Both:     34.87 MB used.

Virtual space:
  Non-class space:       64.00 MB reserved,      31.44 MB ( 49%) committed,  1 nodes.
      Class space:        1.00 GB reserved,       3.94 MB ( <1%) committed,  1 nodes.
             Both:        1.06 GB reserved,      35.38 MB (  3%) committed. 

Chunk freelists:
   Non-Class:  480.00 KB
       Class:  12.10 MB
        Both:  12.57 MB

MaxMetaspaceSize: unlimited
CompressedClassSpaceSize: 1.00 GB
Initial GC threshold: 21.00 MB
Current GC threshold: 59.00 MB
CDS: off
MetaspaceReclaimPolicy: balanced
 - commit_granule_bytes: 65536.
 - commit_granule_words: 8192.
 - virtual_space_node_default_size: 8388608.
 - enlarge_chunks_in_place: 1.
 - new_chunks_are_fully_committed: 0.
 - uncommit_free_chunks: 1.
 - use_allocation_guard: 0.
 - handle_deallocations: 1.


Internal statistics:

num_allocs_failed_limit: 6.
num_arena_births: 636.
num_arena_deaths: 0.
num_vsnodes_births: 2.
num_vsnodes_deaths: 0.
num_space_committed: 566.
num_space_uncommitted: 0.
num_chunks_returned_to_freelist: 6.
num_chunks_taken_from_freelist: 1468.
num_chunk_merges: 6.
num_chunk_splits: 991.
num_chunks_enlarged: 643.
num_inconsistent_stats: 0.

CodeHeap 'non-profiled nmethods': size=120000Kb used=2386Kb max_used=2915Kb free=117613Kb
 bounds [0x000001fc07ad0000, 0x000001fc07dc0000, 0x000001fc0f000000]
CodeHeap 'profiled nmethods': size=120000Kb used=7238Kb max_used=9136Kb free=112761Kb
 bounds [0x000001fc00000000, 0x000001fc008f0000, 0x000001fc07530000]
CodeHeap 'non-nmethods': size=5760Kb used=2291Kb max_used=2375Kb free=3468Kb
 bounds [0x000001fc07530000, 0x000001fc077a0000, 0x000001fc07ad0000]
 total_blobs=4741 nmethods=3941 adapters=711
 compilation: enabled
              stopped_count=0, restarted_count=0
 full_count=0

Compilation events (20 events):
Event: 18.929 Thread 0x000001fc7ebd60d0 nmethod 4742 0x000001fc00246390 code [0x000001fc00246520, 0x000001fc002466f8]
Event: 18.930 Thread 0x000001fc7ebd60d0 4743       3       org.apache.commons.lang3.text.translate.CodePointTranslator::translate (27 bytes)
Event: 18.930 Thread 0x000001fc7eb0e980 4744       4       java.lang.Character::isHighSurrogate (18 bytes)
Event: 18.930 Thread 0x000001fc7ebd60d0 nmethod 4743 0x000001fc0021cb10 code [0x000001fc0021ccc0, 0x000001fc0021cf38]
Event: 18.930 Thread 0x000001fc7ebd60d0 4745       3       java.lang.StackWalker::hasOption (11 bytes)
Event: 18.930 Thread 0x000001fc7eb0e980 nmethod 4744 0x000001fc07c63910 code [0x000001fc07c63a80, 0x000001fc07c63af8]
Event: 18.930 Thread 0x000001fc7ebd60d0 nmethod 4745 0x000001fc0027c610 code [0x000001fc0027c7c0, 0x000001fc0027c988]
Event: 18.932 Thread 0x000001fc7ebd60d0 4746       3       java.lang.ProcessEnvironment$CheckedEntrySet$1::hasNext (10 bytes)
Event: 18.932 Thread 0x000001fc7ebd60d0 nmethod 4746 0x000001fc002e1f10 code [0x000001fc002e20c0, 0x000001fc002e2288]
Event: 18.932 Thread 0x000001fc7ebd60d0 4747       3       java.lang.ProcessEnvironment$CheckedEntrySet$1::next (5 bytes)
Event: 18.933 Thread 0x000001fc7ebd60d0 nmethod 4747 0x000001fc004caa10 code [0x000001fc004cabe0, 0x000001fc004cb088]
Event: 18.933 Thread 0x000001fc7ebd60d0 4748       3       java.lang.ProcessEnvironment$CheckedEntrySet$1::next (20 bytes)
Event: 18.933 Thread 0x000001fc7ebd60d0 nmethod 4748 0x000001fc00096790 code [0x000001fc00096960, 0x000001fc00096da8]
Event: 18.933 Thread 0x000001fc7ebd60d0 4749       3       java.lang.ProcessEnvironment$EntryComparator::compare (13 bytes)
Event: 18.933 Thread 0x000001fc7ebd60d0 nmethod 4749 0x000001fc00221390 code [0x000001fc00221580, 0x000001fc00221c88]
Event: 18.933 Thread 0x000001fc7ebd60d0 4750       3       java.lang.ProcessEnvironment$EntryComparator::compare (25 bytes)
Event: 18.934 Thread 0x000001fc7ebd60d0 nmethod 4750 0x000001fc0058cd10 code [0x000001fc0058cee0, 0x000001fc0058d388]
Event: 18.980 Thread 0x000001fc7eb0e980 4751       4       jdk.internal.org.objectweb.asm.SymbolTable::addConstantMemberReference (147 bytes)
Event: 18.981 Thread 0x000001fc7ebd60d0 4753       3       java.lang.invoke.MethodType::methodType (14 bytes)
Event: 18.982 Thread 0x000001fc7ebd60d0 nmethod 4753 0x000001fc0019ba10 code [0x000001fc0019bbc0, 0x000001fc0019bee8]

GC Heap History (20 events):
Event: 2.507 GC heap before
{Heap before GC invocations=2 (full 0):
 garbage-first heap   total 131072K, used 29373K [0x0000000080000000, 0x0000000100000000)
  region size 1024K, 17 young (17408K), 2 survivors (2048K)
 Metaspace       used 10583K, committed 10688K, reserved 1114112K
  class space    used 910K, committed 960K, reserved 1048576K
}
Event: 2.512 GC heap after
{Heap after GC invocations=3 (full 0):
 garbage-first heap   total 131072K, used 16625K [0x0000000080000000, 0x0000000100000000)
  region size 1024K, 2 young (2048K), 2 survivors (2048K)
 Metaspace       used 10583K, committed 10688K, reserved 1114112K
  class space    used 910K, committed 960K, reserved 1048576K
}
Event: 5.699 GC heap before
{Heap before GC invocations=3 (full 0):
 garbage-first heap   total 131072K, used 83185K [0x0000000080000000, 0x0000000100000000)
  region size 1024K, 67 young (68608K), 2 survivors (2048K)
 Metaspace       used 20059K, committed 20224K, reserved 1114112K
  class space    used 2051K, committed 2112K, reserved 1048576K
}
Event: 5.713 GC heap after
{Heap after GC invocations=4 (full 0):
 garbage-first heap   total 131072K, used 21912K [0x0000000080000000, 0x0000000100000000)
  region size 1024K, 7 young (7168K), 7 survivors (7168K)
 Metaspace       used 20059K, committed 20224K, reserved 1114112K
  class space    used 2051K, committed 2112K, reserved 1048576K
}
Event: 6.501 GC heap before
{Heap before GC invocations=4 (full 0):
 garbage-first heap   total 131072K, used 67992K [0x0000000080000000, 0x0000000100000000)
  region size 1024K, 53 young (54272K), 7 survivors (7168K)
 Metaspace       used 21281K, committed 21504K, reserved 1114112K
  class space    used 2169K, committed 2304K, reserved 1048576K
}
Event: 6.514 GC heap after
{Heap after GC invocations=5 (full 0):
 garbage-first heap   total 131072K, used 22545K [0x0000000080000000, 0x0000000100000000)
  region size 1024K, 2 young (2048K), 2 survivors (2048K)
 Metaspace       used 21281K, committed 21504K, reserved 1114112K
  class space    used 2169K, committed 2304K, reserved 1048576K
}
Event: 8.799 GC heap before
{Heap before GC invocations=6 (full 0):
 garbage-first heap   total 81920K, used 69649K [0x0000000080000000, 0x0000000100000000)
  region size 1024K, 48 young (49152K), 2 survivors (2048K)
 Metaspace       used 28739K, committed 29120K, reserved 1114112K
  class space    used 3029K, committed 3200K, reserved 1048576K
}
Event: 8.812 GC heap after
{Heap after GC invocations=7 (full 0):
 garbage-first heap   total 81920K, used 25626K [0x0000000080000000, 0x0000000100000000)
  region size 1024K, 5 young (5120K), 5 survivors (5120K)
 Metaspace       used 28739K, committed 29120K, reserved 1114112K
  class space    used 3029K, committed 3200K, reserved 1048576K
}
Event: 9.294 GC heap before
{Heap before GC invocations=7 (full 0):
 garbage-first heap   total 81920K, used 61466K [0x0000000080000000, 0x0000000100000000)
  region size 1024K, 38 young (38912K), 5 survivors (5120K)
 Metaspace       used 29966K, committed 30272K, reserved 1114112K
  class space    used 3112K, committed 3264K, reserved 1048576K
}
Event: 9.308 GC heap after
{Heap after GC invocations=8 (full 0):
 garbage-first heap   total 81920K, used 26331K [0x0000000080000000, 0x0000000100000000)
  region size 1024K, 1 young (1024K), 1 survivors (1024K)
 Metaspace       used 29966K, committed 30272K, reserved 1114112K
  class space    used 3112K, committed 3264K, reserved 1048576K
}
Event: 9.925 GC heap before
{Heap before GC invocations=8 (full 0):
 garbage-first heap   total 81920K, used 61147K [0x0000000080000000, 0x0000000100000000)
  region size 1024K, 35 young (35840K), 1 survivors (1024K)
 Metaspace       used 31198K, committed 31616K, reserved 1114112K
  class space    used 3265K, committed 3456K, reserved 1048576K
}
Event: 9.930 GC heap after
{Heap after GC invocations=9 (full 0):
 garbage-first heap   total 81920K, used 26901K [0x0000000080000000, 0x0000000100000000)
  region size 1024K, 2 young (2048K), 2 survivors (2048K)
 Metaspace       used 31198K, committed 31616K, reserved 1114112K
  class space    used 3265K, committed 3456K, reserved 1048576K
}
Event: 10.810 GC heap before
{Heap before GC invocations=9 (full 0):
 garbage-first heap   total 81920K, used 62741K [0x0000000080000000, 0x0000000100000000)
  region size 1024K, 37 young (37888K), 2 survivors (2048K)
 Metaspace       used 32360K, committed 32832K, reserved 1114112K
  class space    used 3378K, committed 3584K, reserved 1048576K
}
Event: 10.817 GC heap after
{Heap after GC invocations=10 (full 0):
 garbage-first heap   total 81920K, used 28012K [0x0000000080000000, 0x0000000100000000)
  region size 1024K, 3 young (3072K), 3 survivors (3072K)
 Metaspace       used 32360K, committed 32832K, reserved 1114112K
  class space    used 3378K, committed 3584K, reserved 1048576K
}
Event: 11.246 GC heap before
{Heap before GC invocations=10 (full 0):
 garbage-first heap   total 81920K, used 63852K [0x0000000080000000, 0x0000000100000000)
  region size 1024K, 38 young (38912K), 3 survivors (3072K)
 Metaspace       used 32435K, committed 32832K, reserved 1114112K
  class space    used 3378K, committed 3584K, reserved 1048576K
}
Event: 11.254 GC heap after
{Heap after GC invocations=11 (full 0):
 garbage-first heap   total 81920K, used 28894K [0x0000000080000000, 0x0000000100000000)
  region size 1024K, 4 young (4096K), 4 survivors (4096K)
 Metaspace       used 32435K, committed 32832K, reserved 1114112K
  class space    used 3378K, committed 3584K, reserved 1048576K
}
Event: 12.538 GC heap before
{Heap before GC invocations=11 (full 0):
 garbage-first heap   total 81920K, used 64734K [0x0000000080000000, 0x0000000100000000)
  region size 1024K, 39 young (39936K), 4 survivors (4096K)
 Metaspace       used 33289K, committed 33856K, reserved 1114112K
  class space    used 3452K, committed 3712K, reserved 1048576K
}
Event: 12.553 GC heap after
{Heap after GC invocations=12 (full 0):
 garbage-first heap   total 81920K, used 31700K [0x0000000080000000, 0x0000000100000000)
  region size 1024K, 5 young (5120K), 5 survivors (5120K)
 Metaspace       used 33289K, committed 33856K, reserved 1114112K
  class space    used 3452K, committed 3712K, reserved 1048576K
}
Event: 18.939 GC heap before
{Heap before GC invocations=12 (full 0):
 garbage-first heap   total 81920K, used 52180K [0x0000000080000000, 0x0000000100000000)
  region size 1024K, 26 young (26624K), 5 survivors (5120K)
 Metaspace       used 35446K, committed 35968K, reserved 1114112K
  class space    used 3785K, committed 4032K, reserved 1048576K
}
Event: 18.958 GC heap after
{Heap after GC invocations=13 (full 0):
 garbage-first heap   total 81920K, used 33404K [0x0000000080000000, 0x0000000100000000)
  region size 1024K, 2 young (2048K), 2 survivors (2048K)
 Metaspace       used 35446K, committed 35968K, reserved 1114112K
  class space    used 3785K, committed 4032K, reserved 1048576K
}

Dll operation events (7 events):
Event: 0.013 Loaded shared library C:\Users\Admin\.katalon\packages\KS-9.7.2\jre\bin\java.dll
Event: 0.609 Loaded shared library C:\Users\Admin\.katalon\packages\KS-9.7.2\jre\bin\net.dll
Event: 0.613 Loaded shared library C:\Users\Admin\.katalon\packages\KS-9.7.2\jre\bin\nio.dll
Event: 0.630 Loaded shared library C:\Users\Admin\.katalon\packages\KS-9.7.2\jre\bin\zip.dll
Event: 1.568 Loaded shared library C:\Users\Admin\.katalon\packages\KS-9.7.2\jre\bin\verify.dll
Event: 2.071 Loaded shared library C:\Users\Admin\.katalon\packages\KS-9.7.2\jre\bin\jimage.dll
Event: 18.975 Loaded shared library C:\Users\Admin\.katalon\packages\KS-9.7.2\jre\bin\awt.dll

Deoptimization events (20 events):
Event: 12.867 Thread 0x000001fc7a363080 Uncommon trap: trap_request=0xffffff45 fr.pc=0x000001fc07c19264 relative=0x0000000000000064
Event: 12.867 Thread 0x000001fc7a363080 Uncommon trap: reason=unstable_if action=reinterpret pc=0x000001fc07c19264 method=java.util.zip.ZipFile$ZipEntryIterator.hasNext()Z @ 8 c2
Event: 12.867 Thread 0x000001fc7a363080 DEOPT PACKING pc=0x000001fc07c19264 sp=0x00000015ca2fc710
Event: 12.867 Thread 0x000001fc7a363080 DEOPT UNPACKING pc=0x000001fc075869a3 sp=0x00000015ca2fc648 mode 2
Event: 12.923 Thread 0x000001fc7a363080 Uncommon trap: trap_request=0xffffffcc fr.pc=0x000001fc07da3864 relative=0x0000000000000344
Event: 12.923 Thread 0x000001fc7a363080 Uncommon trap: reason=intrinsic_or_type_checked_inlining action=make_not_entrant pc=0x000001fc07da3864 method=java.util.Arrays.copyOf([Ljava/lang/Object;ILjava/lang/Class;)[Ljava/lang/Object; @ 35 c2
Event: 12.923 Thread 0x000001fc7a363080 DEOPT PACKING pc=0x000001fc07da3864 sp=0x00000015ca2fc240
Event: 12.923 Thread 0x000001fc7a363080 DEOPT UNPACKING pc=0x000001fc075869a3 sp=0x00000015ca2fc1d0 mode 2
Event: 12.927 Thread 0x000001fc7a363080 Uncommon trap: trap_request=0xffffff45 fr.pc=0x000001fc07d927f4 relative=0x0000000000005eb4
Event: 12.927 Thread 0x000001fc7a363080 Uncommon trap: reason=unstable_if action=reinterpret pc=0x000001fc07d927f4 method=groovy.lang.MetaClassImpl$1MOPIter.methodNameAction(Ljava/lang/Class;Lorg/codehaus/groovy/runtime/metaclass/MetaMethodIndex$Entry;)V @ 277 c2
Event: 12.927 Thread 0x000001fc7a363080 DEOPT PACKING pc=0x000001fc07d927f4 sp=0x00000015ca2fc450
Event: 12.927 Thread 0x000001fc7a363080 DEOPT UNPACKING pc=0x000001fc075869a3 sp=0x00000015ca2fc430 mode 2
Event: 14.346 Thread 0x000001fc7a363080 Uncommon trap: trap_request=0xffffff45 fr.pc=0x000001fc07d3ab0c relative=0x000000000000046c
Event: 14.346 Thread 0x000001fc7a363080 Uncommon trap: reason=unstable_if action=reinterpret pc=0x000001fc07d3ab0c method=sun.nio.fs.WindowsFileSystem.getPath(Ljava/lang/String;[Ljava/lang/String;)Ljava/nio/file/Path; @ 7 c2
Event: 14.346 Thread 0x000001fc7a363080 DEOPT PACKING pc=0x000001fc07d3ab0c sp=0x00000015ca2fb2e0
Event: 14.346 Thread 0x000001fc7a363080 DEOPT UNPACKING pc=0x000001fc075869a3 sp=0x00000015ca2fb280 mode 2
Event: 18.927 Thread 0x000001fc7a363080 Uncommon trap: trap_request=0xffffff45 fr.pc=0x000001fc07d499b0 relative=0x0000000000000290
Event: 18.927 Thread 0x000001fc7a363080 Uncommon trap: reason=unstable_if action=reinterpret pc=0x000001fc07d499b0 method=sun.nio.fs.WindowsPath.getParent()Lsun/nio/fs/WindowsPath; @ 37 c2
Event: 18.927 Thread 0x000001fc7a363080 DEOPT PACKING pc=0x000001fc07d499b0 sp=0x00000015ca2fb3f0
Event: 18.927 Thread 0x000001fc7a363080 DEOPT UNPACKING pc=0x000001fc075869a3 sp=0x00000015ca2fb320 mode 2

Classes unloaded (0 events):
No events

Classes redefined (0 events):
No events

Internal exceptions (20 events):
Event: 13.484 Thread 0x000001fc7a363080 Exception <a 'java/net/BindException'{0x0000000083df7848}: Address already in use: bind> (0x0000000083df7848) 
thrown [s\src\hotspot\share\prims\jni.cpp, line 535]
Event: 13.498 Thread 0x000001fc7a363080 Exception <a 'java/net/SocketException'{0x0000000083df8df8}: Socket is not connected: shutdown> (0x0000000083df8df8) 
thrown [s\src\hotspot\share\prims\jni.cpp, line 535]
Event: 13.498 Thread 0x000001fc7a363080 Exception <a 'java/net/SocketException'{0x0000000083df9700}: Socket is not connected: shutdown> (0x0000000083df9700) 
thrown [s\src\hotspot\share\prims\jni.cpp, line 535]
Event: 13.504 Thread 0x000001fc7a363080 Exception <a 'java/lang/NoSuchMethodError'{0x0000000083c10068}: 'void java.lang.invoke.DirectMethodHandle$Holder.invokeVirtual(java.lang.Object, java.lang.Object, java.lang.Object, java.lang.Object)'> (0x0000000083c10068) 
thrown [s\src\hotspot\share\interpreter\linkResolver.cpp, line 759]
Event: 13.550 Thread 0x000001fc7a363080 Exception <a 'java/lang/NoSuchMethodError'{0x0000000083c756d0}: 'void java.lang.invoke.DirectMethodHandle$Holder.invokeStatic(java.lang.Object, long)'> (0x0000000083c756d0) 
thrown [s\src\hotspot\share\interpreter\linkResolver.cpp, line 759]
Event: 13.551 Thread 0x000001fc7a363080 Exception <a 'java/lang/NoSuchMethodError'{0x0000000083c7afc8}: 'java.lang.Object java.lang.invoke.DirectMethodHandle$Holder.newInvokeSpecial(java.lang.Object, long)'> (0x0000000083c7afc8) 
thrown [s\src\hotspot\share\interpreter\linkResolver.cpp, line 759]
Event: 13.553 Thread 0x000001fc7a363080 Exception <a 'java/lang/NoSuchMethodError'{0x0000000083c82160}: 'java.lang.Object java.lang.invoke.DirectMethodHandle$Holder.invokeStatic(java.lang.Object, java.lang.Object, long, java.lang.Object)'> (0x0000000083c82160) 
thrown [s\src\hotspot\share\interpreter\linkResolver.cpp, line 759]
Event: 13.554 Thread 0x000001fc7a363080 Exception <a 'java/lang/NoSuchMethodError'{0x0000000083c85ea0}: 'java.lang.Object java.lang.invoke.DirectMethodHandle$Holder.invokeStaticInit(java.lang.Object, java.lang.Object, long, java.lang.Object)'> (0x0000000083c85ea0) 
thrown [s\src\hotspot\share\interpreter\linkResolver.cpp, line 759]
Event: 13.555 Thread 0x000001fc7a363080 Exception <a 'java/lang/NoSuchMethodError'{0x0000000083c8c758}: 'java.lang.Object java.lang.invoke.DirectMethodHandle$Holder.newInvokeSpecial(java.lang.Object, java.lang.Object, long)'> (0x0000000083c8c758) 
thrown [s\src\hotspot\share\interpreter\linkResolver.cpp, line 759]
Event: 13.555 Thread 0x000001fc7a363080 Exception <a 'java/lang/NoSuchMethodError'{0x0000000083c90570}: 'java.lang.Object java.lang.invoke.Invokers$Holder.linkToTargetMethod(java.lang.Object, long, java.lang.Object)'> (0x0000000083c90570) 
thrown [s\src\hotspot\share\interpreter\linkResolver.cpp, line 759]
Event: 14.340 Thread 0x000001fc7a363080 Exception <a 'java/net/SocketException'{0x0000000083cb5b00}: Socket is not connected: shutdown> (0x0000000083cb5b00) 
thrown [s\src\hotspot\share\prims\jni.cpp, line 535]
Event: 16.659 Thread 0x000001fc7a363080 Exception <a 'sun/nio/fs/WindowsException'{0x0000000083cc2c48}> (0x0000000083cc2c48) 
thrown [s\src\hotspot\share\prims\jni.cpp, line 516]
Event: 16.660 Thread 0x000001fc7a363080 Exception <a 'sun/nio/fs/WindowsException'{0x0000000083cc2dc0}> (0x0000000083cc2dc0) 
thrown [s\src\hotspot\share\prims\jni.cpp, line 516]
Event: 18.916 Thread 0x000001fc7a363080 Exception <a 'sun/nio/fs/WindowsException'{0x0000000083cc42b8}> (0x0000000083cc42b8) 
thrown [s\src\hotspot\share\prims\jni.cpp, line 516]
Event: 18.917 Thread 0x000001fc7a363080 Exception <a 'sun/nio/fs/WindowsException'{0x0000000083cc4430}> (0x0000000083cc4430) 
thrown [s\src\hotspot\share\prims\jni.cpp, line 516]
Event: 18.936 Thread 0x000001fc7a363080 Exception <a 'java/io/IOException'{0x0000000083b0baf0}: CreateProcess error=1455, The paging file is too small for this operation to complete> (0x0000000083b0baf0) 
thrown [s\src\hotspot\share\prims\jni.cpp, line 535]
Event: 18.937 Thread 0x000001fc7a363080 Exception <a 'java/lang/reflect/InvocationTargetException'{0x0000000083b0ca00}> (0x0000000083b0ca00) 
thrown [s\src\hotspot\share\runtime\reflection.cpp, line 1121]
Event: 18.966 Thread 0x000001fc7a363080 Exception <a 'java/lang/ClassNotFoundException'{0x0000000087f10c60}: sun/awt/resources/spi/awtProvider> (0x0000000087f10c60) 
thrown [s\src\hotspot\share\classfile\systemDictionary.cpp, line 256]
Event: 18.983 Thread 0x000001fc7a363080 Exception <a 'java/io/FileNotFoundException'{0x0000000087f300a0}> (0x0000000087f300a0) 
thrown [s\src\hotspot\share\prims\jni.cpp, line 516]
Event: 18.984 Thread 0x000001fc7a363080 Exception <a 'java/io/FileNotFoundException'{0x0000000087f31878}> (0x0000000087f31878) 
thrown [s\src\hotspot\share\prims\jni.cpp, line 516]

VM Operations (20 events):
Event: 11.432 Executing VM operation: HandshakeAllThreads
Event: 11.432 Executing VM operation: HandshakeAllThreads done
Event: 11.683 Executing VM operation: HandshakeAllThreads
Event: 11.683 Executing VM operation: HandshakeAllThreads done
Event: 12.391 Executing VM operation: ICBufferFull
Event: 12.391 Executing VM operation: ICBufferFull done
Event: 12.538 Executing VM operation: G1CollectForAllocation
Event: 12.553 Executing VM operation: G1CollectForAllocation done
Event: 12.927 Executing VM operation: HandshakeAllThreads
Event: 12.927 Executing VM operation: HandshakeAllThreads done
Event: 12.947 Executing VM operation: HandshakeAllThreads
Event: 12.947 Executing VM operation: HandshakeAllThreads done
Event: 13.011 Executing VM operation: HandshakeAllThreads
Event: 13.011 Executing VM operation: HandshakeAllThreads done
Event: 13.507 Executing VM operation: HandshakeAllThreads
Event: 13.507 Executing VM operation: HandshakeAllThreads done
Event: 14.507 Executing VM operation: Cleanup
Event: 14.507 Executing VM operation: Cleanup done
Event: 18.939 Executing VM operation: CollectForMetadataAllocation
Event: 18.958 Executing VM operation: CollectForMetadataAllocation done

Events (20 events):
Event: 18.966 loading class sun/awt/resources/awt
Event: 18.967 loading class sun/awt/resources/awt done
Event: 18.967 loading class sun/awt/resources/awt_en
Event: 18.967 loading class sun/awt/resources/awt_en done
Event: 18.967 loading class sun/awt/resources/awt_en
Event: 18.967 loading class sun/awt/resources/awt_en done
Event: 18.967 loading class sun/awt/resources/awt_en_US
Event: 18.967 loading class sun/awt/resources/awt_en_US done
Event: 18.967 loading class sun/awt/resources/awt_en_US
Event: 18.967 loading class sun/awt/resources/awt_en_US done
Event: 18.967 loading class java/awt/Toolkit$2
Event: 18.967 loading class java/awt/Toolkit$2 done
Event: 18.977 loading class java/awt/Toolkit$1
Event: 18.977 loading class java/awt/Toolkit$1 done
Event: 18.984 loading class java/awt/Insets
Event: 18.985 loading class java/awt/Insets done
Event: 18.985 loading class java/awt/GraphicsEnvironment
Event: 18.985 loading class java/awt/GraphicsEnvironment done
Event: 18.985 loading class sun/awt/PlatformGraphicsInfo
Event: 18.985 loading class sun/awt/PlatformGraphicsInfo done


Dynamic libraries:
0x00007ff689b80000 - 0x00007ff689b8e000 	C:\Users\Admin\.katalon\packages\KS-9.7.2\jre\bin\javaw.exe
0x00007ffc6d200000 - 0x00007ffc6d3ee000 	C:\Windows\SYSTEM32\ntdll.dll
0x00007ffc6cf00000 - 0x00007ffc6cfb3000 	C:\Windows\System32\KERNEL32.DLL
0x00007ffc69540000 - 0x00007ffc697dd000 	C:\Windows\System32\KERNELBASE.dll
0x00007ffc698d0000 - 0x00007ffc699ca000 	C:\Windows\System32\ucrtbase.dll
0x00007ffc60fc0000 - 0x00007ffc60fd7000 	C:\Users\Admin\.katalon\packages\KS-9.7.2\jre\bin\jli.dll
0x00007ffc6aff0000 - 0x00007ffc6b187000 	C:\Windows\System32\USER32.dll
0x00007ffc69350000 - 0x00007ffc69370000 	C:\Windows\System32\win32u.dll
0x00007ffc6b9d0000 - 0x00007ffc6b9f9000 	C:\Windows\System32\GDI32.dll
0x00007ffc69390000 - 0x00007ffc69537000 	C:\Windows\System32\gdi32full.dll
0x00007ffc697e0000 - 0x00007ffc69880000 	C:\Windows\System32\msvcp_win.dll
0x00007ffc60fa0000 - 0x00007ffc60fb9000 	C:\Users\Admin\.katalon\packages\KS-9.7.2\jre\bin\VCRUNTIME140.dll
0x00007ffc52f70000 - 0x00007ffc531e9000 	C:\Windows\WinSxS\amd64_microsoft.windows.common-controls_6595b64144ccf1df_6.0.17763.6659_none_de721f8a534a9678\COMCTL32.dll
0x00007ffc6b570000 - 0x00007ffc6b60e000 	C:\Windows\System32\msvcrt.dll
0x00007ffc6abb0000 - 0x00007ffc6aeda000 	C:\Windows\System32\combase.dll
0x00007ffc6b830000 - 0x00007ffc6b948000 	C:\Windows\System32\RPCRT4.dll
0x00007ffc69260000 - 0x00007ffc692e2000 	C:\Windows\System32\bcryptPrimitives.dll
0x00007ffc6b360000 - 0x00007ffc6b38e000 	C:\Windows\System32\IMM32.DLL
0x00007ffc63500000 - 0x00007ffc6350c000 	C:\Users\Admin\.katalon\packages\KS-9.7.2\jre\bin\vcruntime140_1.dll
0x00007ffc0af80000 - 0x00007ffc0b011000 	C:\Users\Admin\.katalon\packages\KS-9.7.2\jre\bin\msvcp140.dll
0x00007ffbea450000 - 0x00007ffbeb098000 	C:\Users\Admin\.katalon\packages\KS-9.7.2\jre\bin\server\jvm.dll
0x00007ffc6cfc0000 - 0x00007ffc6d068000 	C:\Windows\System32\ADVAPI32.dll
0x00007ffc6af40000 - 0x00007ffc6afe2000 	C:\Windows\System32\sechost.dll
0x00007ffc6a3f0000 - 0x00007ffc6a416000 	C:\Windows\System32\bcrypt.dll
0x00007ffc50ac0000 - 0x00007ffc50ac9000 	C:\Windows\SYSTEM32\WSOCK32.dll
0x00007ffc6b950000 - 0x00007ffc6b9bd000 	C:\Windows\System32\WS2_32.dll
0x00007ffc64ff0000 - 0x00007ffc65014000 	C:\Windows\SYSTEM32\WINMM.dll
0x00007ffc62c80000 - 0x00007ffc62c8a000 	C:\Windows\SYSTEM32\VERSION.dll
0x00007ffc64f90000 - 0x00007ffc64fbd000 	C:\Windows\SYSTEM32\WINMMBASE.dll
0x00007ffc69880000 - 0x00007ffc698ca000 	C:\Windows\System32\cfgmgr32.dll
0x00007ffc69190000 - 0x00007ffc691a1000 	C:\Windows\System32\kernel.appcore.dll
0x00007ffc62b70000 - 0x00007ffc62b7a000 	C:\Users\Admin\.katalon\packages\KS-9.7.2\jre\bin\jimage.dll
0x00007ffc67a40000 - 0x00007ffc67c2d000 	C:\Windows\SYSTEM32\DBGHELP.DLL
0x00007ffc4c580000 - 0x00007ffc4c5aa000 	C:\Windows\SYSTEM32\dbgcore.DLL
0x00007ffc61a80000 - 0x00007ffc61aa5000 	C:\Users\Admin\.katalon\packages\KS-9.7.2\jre\bin\java.dll
0x00007ffc5ceb0000 - 0x00007ffc5cec8000 	C:\Users\Admin\.katalon\packages\KS-9.7.2\jre\bin\zip.dll
0x00007ffc6ba00000 - 0x00007ffc6cef8000 	C:\Windows\System32\SHELL32.dll
0x00007ffc6b390000 - 0x00007ffc6b437000 	C:\Windows\System32\shcore.dll
0x00007ffc69ca0000 - 0x00007ffc6a3e8000 	C:\Windows\System32\windows.storage.dll
0x00007ffc69230000 - 0x00007ffc69253000 	C:\Windows\System32\profapi.dll
0x00007ffc691b0000 - 0x00007ffc6920d000 	C:\Windows\System32\powrprof.dll
0x00007ffc6b190000 - 0x00007ffc6b1e2000 	C:\Windows\System32\shlwapi.dll
0x00007ffc69370000 - 0x00007ffc6938b000 	C:\Windows\System32\cryptsp.dll
0x00007ffc52b80000 - 0x00007ffc52b99000 	C:\Users\Admin\.katalon\packages\KS-9.7.2\jre\bin\net.dll
0x00007ffc5cd30000 - 0x00007ffc5ce2d000 	C:\Windows\SYSTEM32\WINHTTP.dll
0x00007ffc68990000 - 0x00007ffc689f7000 	C:\Windows\system32\mswsock.dll
0x00007ffc52b60000 - 0x00007ffc52b75000 	C:\Users\Admin\.katalon\packages\KS-9.7.2\jre\bin\nio.dll
0x00007ffc62b60000 - 0x00007ffc62b70000 	C:\Users\Admin\.katalon\packages\KS-9.7.2\jre\bin\verify.dll
0x00007ffc05ed0000 - 0x00007ffc0605e000 	C:\Users\Admin\.katalon\packages\KS-9.7.2\jre\bin\awt.dll
0x00007ffc6b4a0000 - 0x00007ffc6b564000 	C:\Windows\System32\OLEAUT32.dll
0x00007ffc65210000 - 0x00007ffc6529c000 	C:\Windows\SYSTEM32\apphelp.dll

dbghelp: loaded successfully - version: 4.0.5 - missing functions: none
symbol engine: initialized successfully - sym options: 0x614 - pdb path: .;C:\Users\Admin\.katalon\packages\KS-9.7.2\jre\bin;C:\Windows\SYSTEM32;C:\Windows\WinSxS\amd64_microsoft.windows.common-controls_6595b64144ccf1df_6.0.17763.6659_none_de721f8a534a9678;C:\Users\Admin\.katalon\packages\KS-9.7.2\jre\bin\server

VM Arguments:
jvm_args: -Dgroovy.home=C:\Users\Admin/.groovy -Djava.system.class.loader=groovy.lang.GroovyClassLoader -Xmx2048m -Dfile.encoding=UTF-8 -XX:+ShowCodeDetailsInExceptionMessages 
java_command: org.codehaus.groovy.tools.GroovyStarter --classpath C:\Users\Admin\Katalon Studio\FisrtProject\bin\keyword;C:\Users\Admin\Katalon Studio\FisrtProject\Keywords;C:\Users\Admin\Katalon Studio\FisrtProject\bin\listener;C:\Users\Admin\Katalon Studio\FisrtProject\Test Listeners;C:\Users\Admin\Katalon Studio\FisrtProject\bin\lib;C:\Users\Admin\Katalon Studio\FisrtProject\Libs;C:\Users\Admin\Katalon Studio\FisrtProject\bin\groovy;C:\Users\Admin\Katalon Studio\FisrtProject\Include\scripts\groovy;C:\Users\Admin\.katalon\packages\KS-9.7.2\plugins\com.kms.katalon.core_1.0.0.202409190502.jar;C:\Users\Admin\.katalon\packages\KS-9.7.2\configuration\resources\lib\aalto-xml-1.0.0.jar;C:\Users\Admin\.katalon\packages\KS-9.7.2\configuration\resources\lib\aspectjweaver-1.9.1.jar;C:\Users\Admin\.katalon\packages\KS-9.7.2\configuration\resources\lib\aws-2.20.3-fat.jar;C:\Users\Admin\.katalon\packages\KS-9.7.2\configuration\resources\lib\bcpkix-jdk15on-1.64.jar;C:\Users\Admin\.katalon\packages\KS-9.7.2\configuration\resources\lib\bcprov-jdk15on-1.64.jar;C:\Users\Admin\.katalon\packages\KS-9.7.2\configuration\resources\lib\browsermob-core-2.1.5.jar;C:\Users\Admin\.katalon\packages\KS-9.7.2\configuration\resources\lib\byte-buddy-1.14.3.jar;C:\Users\Admin\.katalon\packages\KS-9.7.2\configuration\resources\lib\byte-buddy-agent-1.14.3.jar;C:\Users\Admin\.katalon\packages\KS-9.7.2\configuration\resources\lib\cglib-3.2.10.jar;C:\Users\Admin\.katalon\packages\KS-9.7.2\configuration\resources\lib\commons-codec-1.10.jar;C:\Users\Admin\.katalon\packages\KS-9.7.2\configuration\resources\lib\commons-collections4-4.1.jar;C:\Users\Admin\.katalon\packages\KS-9.7.2\configuration\resources\lib\commons-validator-1.6.jar;C:\Users\Admin\.katalon\packages\KS-9.7.2\configuration\resources\lib\curvesapi-1.04.jar;C:\Users\Admin\.katalon\packages\KS-9.7.2\configuration\resources\lib\dnsjava-2.1.8.jar;C:\Users\Admin\.katalon\packages\KS-9.7.2\configuration\resources\lib\groovy-3.0.17-fat.jar;C:\User
java_class_path (initial): C:\Users\Admin\Katalon Studio\FisrtProject\bin\keyword;C:\Users\Admin\Katalon Studio\FisrtProject\bin\listener;C:\Users\Admin\Katalon Studio\FisrtProject\bin\lib;C:\Users\Admin\Katalon Studio\FisrtProject\bin\groovy;C:\Users\Admin\Katalon Studio\FisrtProject\bin;C:\Users\Admin\.katalon\packages\KS-9.7.2\plugins\com.kms.katalon.core_1.0.0.202409190502.jar;C:\Users\Admin\.katalon\packages\KS-9.7.2\configuration\resources\lib\aalto-xml-1.0.0.jar;C:\Users\Admin\.katalon\packages\KS-9.7.2\configuration\resources\lib\aspectjweaver-1.9.1.jar;C:\Users\Admin\.katalon\packages\KS-9.7.2\configuration\resources\lib\aws-2.20.3-fat.jar;C:\Users\Admin\.katalon\packages\KS-9.7.2\configuration\resources\lib\bcpkix-jdk15on-1.64.jar;C:\Users\Admin\.katalon\packages\KS-9.7.2\configuration\resources\lib\bcprov-jdk15on-1.64.jar;C:\Users\Admin\.katalon\packages\KS-9.7.2\configuration\resources\lib\browsermob-core-2.1.5.jar;C:\Users\Admin\.katalon\packages\KS-9.7.2\configuration\resources\lib\byte-buddy-1.14.3.jar;C:\Users\Admin\.katalon\packages\KS-9.7.2\configuration\resources\lib\byte-buddy-agent-1.14.3.jar;C:\Users\Admin\.katalon\packages\KS-9.7.2\configuration\resources\lib\cglib-3.2.10.jar;C:\Users\Admin\.katalon\packages\KS-9.7.2\configuration\resources\lib\commons-codec-1.10.jar;C:\Users\Admin\.katalon\packages\KS-9.7.2\configuration\resources\lib\commons-collections4-4.1.jar;C:\Users\Admin\.katalon\packages\KS-9.7.2\configuration\resources\lib\commons-validator-1.6.jar;C:\Users\Admin\.katalon\packages\KS-9.7.2\configuration\resources\lib\curvesapi-1.04.jar;C:\Users\Admin\.katalon\packages\KS-9.7.2\configuration\resources\lib\dnsjava-2.1.8.jar;C:\Users\Admin\.katalon\packages\KS-9.7.2\configuration\resources\lib\groovy-3.0.17-fat.jar;C:\Users\Admin\.katalon\packages\KS-9.7.2\configuration\resources\lib\jackson-coreutils-2.0.jar;C:\Users\Admin\.katalon\packages\KS-9.7.2\configuration\resources\lib\jackson-coreutils-equivalence-1.0.jar;C:\Users\Admin\.kat
Launcher Type: SUN_STANDARD

[Global flags]
     intx CICompilerCount                          = 3                                         {product} {ergonomic}
     uint ConcGCThreads                            = 1                                         {product} {ergonomic}
     uint G1ConcRefinementThreads                  = 4                                         {product} {ergonomic}
   size_t G1HeapRegionSize                         = 1048576                                   {product} {ergonomic}
    uintx GCDrainStackTargetSize                   = 64                                        {product} {ergonomic}
   size_t InitialHeapSize                          = 134217728                                 {product} {ergonomic}
   size_t MarkStackSize                            = 4194304                                   {product} {ergonomic}
   size_t MaxHeapSize                              = 2147483648                                {product} {command line}
   size_t MaxNewSize                               = 1287651328                                {product} {ergonomic}
   size_t MinHeapDeltaBytes                        = 1048576                                   {product} {ergonomic}
   size_t MinHeapSize                              = 8388608                                   {product} {ergonomic}
    uintx NonNMethodCodeHeapSize                   = 5832780                                {pd product} {ergonomic}
    uintx NonProfiledCodeHeapSize                  = 122912730                              {pd product} {ergonomic}
    uintx ProfiledCodeHeapSize                     = 122912730                              {pd product} {ergonomic}
    uintx ReservedCodeCacheSize                    = 251658240                              {pd product} {ergonomic}
     bool SegmentedCodeCache                       = true                                      {product} {ergonomic}
     bool ShowCodeDetailsInExceptionMessages       = true                                   {manageable} {command line}
   size_t SoftMaxHeapSize                          = 2147483648                             {manageable} {ergonomic}
     bool UseCompressedClassPointers               = true                           {product lp64_product} {ergonomic}
     bool UseCompressedOops                        = true                           {product lp64_product} {ergonomic}
     bool UseG1GC                                  = true                                      {product} {ergonomic}
     bool UseLargePagesIndividualAllocation        = false                                  {pd product} {ergonomic}

Logging:
Log output configuration:
 #0: stdout all=warning uptime,level,tags
 #1: stderr all=off uptime,level,tags

Environment Variables:
JAVA_HOME=C:\Users\Admin\.katalon\packages\KS-9.7.2\jre
PATH=C:/Users/Admin/.katalon/packages/KS-9.7.2/jre/bin/server;C:/Users/Admin/.katalon/packages/KS-9.7.2/jre/bin;C:\Program Files\Common Files\Oracle\Java\javapath;C:\Windows\system32;C:\Windows;C:\Windows\System32\Wbem;C:\Windows\System32\WindowsPowerShell\v1.0\;C:\Windows\System32\OpenSSH\;C:\Program Files\Microsoft SQL Server\Client SDK\ODBC\170\Tools\Binn\;C:\Program Files (x86)\Microsoft SQL Server\150\Tools\Binn\;C:\Program Files\Microsoft SQL Server\150\Tools\Binn\;C:\Program Files\Microsoft SQL Server\150\DTS\Binn\;C:\Program Files (x86)\STMicroelectronics\STM32 ST-LINK Utility\ST-LINK Utility;C:\Program Files\nodejs\;C:\Users\Admin\AppData\Local\Microsoft\WindowsApps;C:\Program Files\JetBrains\IntelliJ IDEA Community Edition 2024.1.4\bin;;C:\Users\Admin\AppData\Roaming\npm;C:\Users\Admin\.katalon\packages\KS-9.7.2;:C:\Users\Admin\.katalon\packages\KS-9.7.2\jre\bin
USERNAME=Admin
OS=Windows_NT
PROCESSOR_IDENTIFIER=Intel64 Family 6 Model 142 Stepping 9, GenuineIntel
TMP=C:\Users\Admin\AppData\Local\Temp
TEMP=C:\Users\Admin\AppData\Local\Temp



---------------  S Y S T E M  ---------------

OS:
 Windows 10 , 64 bit Build 17763 (10.0.17763.6292)
OS uptime: 0 days 9:00 hours
Hyper-V role detected

CPU: total 4 (initial active 4) (2 cores per cpu, 2 threads per core) family 6 model 142 stepping 9 microcode 0xea, cx8, cmov, fxsr, ht, mmx, 3dnowpref, sse, sse2, sse3, ssse3, sse4.1, sse4.2, popcnt, lzcnt, tsc, tscinvbit, avx, avx2, aes, erms, clmul, bmi1, bmi2, adx, fma, vzeroupper, clflush, clflushopt, hv

Memory: 4k page, system-wide physical 8090M (1085M free)
TotalPageFile size 18568M (AvailPageFile size 2M)
current process WorkingSet (physical memory assigned to process): 184M, peak: 215M
current process commit charge ("private bytes"): 216M, peak: 272M

vm_info: OpenJDK 64-Bit Server VM (17.0.7+7) for windows-amd64 JRE (17.0.7+7), built on Apr 18 2023 22:10:42 by "temurin" with MS VC++ 16.7 (VS2019)

END.
